12/01/2021 12:51:13 - INFO - root -   Input args: ModelArguments(model_name_or_path='bert-base-multilingual-cased', model_type='bert', config_name=None, tokenizer_name=None, cache_dir=None, labels='/home/abhijeet/rohan/cloud-emea/data//udpos/udpos_processed_maxlen128//labels.txt', data_dir='/home/abhijeet/rohan/cloud-emea/data//udpos/udpos_processed_maxlen128/', output_dir='/home/abhijeet/rohan/cloud-emea/outputs//udpos/my-bert-base-multilingual-cased-MaxLen128_udpos_myv_train_hi/', max_seq_length=128, do_train=False, do_eval=False, do_predict=True, do_adapter_predict=False, do_predict_dev=False, do_predict_train=False, init_checkpoint=None, evaluate_during_training=False, do_lower_case=False, few_shot=-1, per_gpu_train_batch_size=8, per_gpu_eval_batch_size=32, gradient_accumulation_steps=4, learning_rate=5e-05, weight_decay=0.0, adam_epsilon=1e-08, max_grad_norm=1.0, num_train_epochs=50.0, max_steps=-1, save_steps=1000, warmup_steps=0, logging_steps=50, save_only_best_checkpoint=True, eval_all_checkpoints=True, no_cuda=False, overwrite_output_dir=True, overwrite_cache=False, seed=1, fp16=False, fp16_opt_level='O1', local_rank=-1, server_ip='', server_port='', predict_langs='hi', train_langs='hi', log_file='/home/abhijeet/rohan/cloud-emea/outputs//udpos/my-bert-base-multilingual-cased-MaxLen128_udpos_myv_train_hi//train_en.log', eval_patience=-1, bpe_dropout=0, do_save_adapter_fusions=False, task_name='udpos', predict_task_adapter='output/udpos/my-bert-base-multilingual-cased-LR1e-4-epoch50-MaxLen128-TrainLanghi_hi_s1/checkpoint-best/udpos/', predict_lang_adapter=None, test_adapter=True, adapter_weight=None, lang_to_vec=None, calc_weight_step=0, predict_save_prefix='', en_weight=None, temperature=1.0, get_attr=False, topk=1, task='udpos')
12/01/2021 12:51:13 - WARNING - __main__ -   Process rank: -1, device: cuda, n_gpu: 1, distributed training: False, 16-bits training: False
12/01/2021 12:51:13 - INFO - __main__ -   Seed = 1
12/01/2021 12:51:13 - INFO - root -   save model
12/01/2021 12:51:13 - INFO - __main__ -   Training/evaluation parameters ModelArguments(model_name_or_path='bert-base-multilingual-cased', model_type='bert', config_name=None, tokenizer_name=None, cache_dir=None, labels='/home/abhijeet/rohan/cloud-emea/data//udpos/udpos_processed_maxlen128//labels.txt', data_dir='/home/abhijeet/rohan/cloud-emea/data//udpos/udpos_processed_maxlen128/', output_dir='/home/abhijeet/rohan/cloud-emea/outputs//udpos/my-bert-base-multilingual-cased-MaxLen128_udpos_myv_train_hi/', max_seq_length=128, do_train=False, do_eval=False, do_predict=True, do_adapter_predict=False, do_predict_dev=False, do_predict_train=False, init_checkpoint=None, evaluate_during_training=False, do_lower_case=False, few_shot=-1, per_gpu_train_batch_size=8, per_gpu_eval_batch_size=32, gradient_accumulation_steps=4, learning_rate=5e-05, weight_decay=0.0, adam_epsilon=1e-08, max_grad_norm=1.0, num_train_epochs=50.0, max_steps=-1, save_steps=1000, warmup_steps=0, logging_steps=50, save_only_best_checkpoint=True, eval_all_checkpoints=True, no_cuda=False, overwrite_output_dir=True, overwrite_cache=False, seed=1, fp16=False, fp16_opt_level='O1', local_rank=-1, server_ip='', server_port='', predict_langs='hi', train_langs='hi', log_file='/home/abhijeet/rohan/cloud-emea/outputs//udpos/my-bert-base-multilingual-cased-MaxLen128_udpos_myv_train_hi//train_en.log', eval_patience=-1, bpe_dropout=0, do_save_adapter_fusions=False, task_name='udpos', predict_task_adapter='output/udpos/my-bert-base-multilingual-cased-LR1e-4-epoch50-MaxLen128-TrainLanghi_hi_s1/checkpoint-best/udpos/', predict_lang_adapter=None, test_adapter=True, adapter_weight=None, lang_to_vec=None, calc_weight_step=0, predict_save_prefix='', en_weight=None, temperature=1.0, get_attr=False, topk=1, task='udpos')
12/01/2021 12:51:13 - INFO - __main__ -   Loading pretrained model and tokenizer
12/01/2021 12:51:16 - INFO - __main__ -   loading from existing model bert-base-multilingual-cased
12/01/2021 12:51:21 - INFO - __main__ -   Using lang2id = None
12/01/2021 12:51:21 - INFO - __main__ -   Evaluating the model on test set of all the languages specified
12/01/2021 12:51:21 - INFO - __main__ -   Task Adapter will be loaded from this path output/udpos/my-bert-base-multilingual-cased-LR1e-4-epoch50-MaxLen128-TrainLanghi_hi_s1/checkpoint-best/udpos/
12/01/2021 12:51:21 - INFO - root -   Trying to decide if add adapter
12/01/2021 12:51:21 - INFO - root -   loading task adapter
12/01/2021 12:51:21 - INFO - root -   loading lang adpater myv/wiki@ukp
12/01/2021 12:51:21 - INFO - __main__ -   Adapter Languages : ['myv'], Length : 1
12/01/2021 12:51:21 - INFO - __main__ -   Adapter Names ['myv/wiki@ukp'], Length : 1
12/01/2021 12:51:21 - INFO - __main__ -   Language = myv
12/01/2021 12:51:21 - INFO - __main__ -   Adapter Name = myv/wiki@ukp
12/01/2021 12:51:30 - INFO - __main__ -   Language adapter for hi not found, using myv instead
12/01/2021 12:51:30 - INFO - __main__ -   Set active language adapter to myv
12/01/2021 12:51:30 - INFO - __main__ -   Args Adapter Weight = None
12/01/2021 12:51:30 - INFO - __main__ -   Adapter Languages = ['myv']
12/01/2021 12:51:30 - INFO - __main__ -   Loading features from cached file /home/abhijeet/rohan/cloud-emea/data//udpos/udpos_processed_maxlen128/cached_test_hi_bert-base-multilingual-cased_128
12/01/2021 12:51:30 - INFO - __main__ -   ***** Running evaluation  in hi *****
12/01/2021 12:51:30 - INFO - __main__ -     Num examples = 2685
12/01/2021 12:51:30 - INFO - __main__ -     Batch size = 32
12/01/2021 12:51:30 - INFO - __main__ -   Batch number = 1
12/01/2021 12:51:31 - INFO - __main__ -   Batch number = 2
12/01/2021 12:51:31 - INFO - __main__ -   Batch number = 3
12/01/2021 12:51:31 - INFO - __main__ -   Batch number = 4
12/01/2021 12:51:31 - INFO - __main__ -   Batch number = 5
12/01/2021 12:51:31 - INFO - __main__ -   Batch number = 6
12/01/2021 12:51:31 - INFO - __main__ -   Batch number = 7
12/01/2021 12:51:31 - INFO - __main__ -   Batch number = 8
12/01/2021 12:51:32 - INFO - __main__ -   Batch number = 9
12/01/2021 12:51:32 - INFO - __main__ -   Batch number = 10
12/01/2021 12:51:32 - INFO - __main__ -   Batch number = 11
12/01/2021 12:51:32 - INFO - __main__ -   Batch number = 12
12/01/2021 12:51:32 - INFO - __main__ -   Batch number = 13
12/01/2021 12:51:32 - INFO - __main__ -   Batch number = 14
12/01/2021 12:51:32 - INFO - __main__ -   Batch number = 15
12/01/2021 12:51:33 - INFO - __main__ -   Batch number = 16
12/01/2021 12:51:33 - INFO - __main__ -   Batch number = 17
12/01/2021 12:51:33 - INFO - __main__ -   Batch number = 18
12/01/2021 12:51:33 - INFO - __main__ -   Batch number = 19
12/01/2021 12:51:33 - INFO - __main__ -   Batch number = 20
12/01/2021 12:51:33 - INFO - __main__ -   Batch number = 21
12/01/2021 12:51:33 - INFO - __main__ -   Batch number = 22
12/01/2021 12:51:34 - INFO - __main__ -   Batch number = 23
12/01/2021 12:51:34 - INFO - __main__ -   Batch number = 24
12/01/2021 12:51:34 - INFO - __main__ -   Batch number = 25
12/01/2021 12:51:34 - INFO - __main__ -   Batch number = 26
12/01/2021 12:51:34 - INFO - __main__ -   Batch number = 27
12/01/2021 12:51:34 - INFO - __main__ -   Batch number = 28
12/01/2021 12:51:34 - INFO - __main__ -   Batch number = 29
12/01/2021 12:51:35 - INFO - __main__ -   Batch number = 30
12/01/2021 12:51:35 - INFO - __main__ -   Batch number = 31
12/01/2021 12:51:35 - INFO - __main__ -   Batch number = 32
12/01/2021 12:51:35 - INFO - __main__ -   Batch number = 33
12/01/2021 12:51:35 - INFO - __main__ -   Batch number = 34
12/01/2021 12:51:35 - INFO - __main__ -   Batch number = 35
12/01/2021 12:51:35 - INFO - __main__ -   Batch number = 36
12/01/2021 12:51:36 - INFO - __main__ -   Batch number = 37
12/01/2021 12:51:36 - INFO - __main__ -   Batch number = 38
12/01/2021 12:51:36 - INFO - __main__ -   Batch number = 39
12/01/2021 12:51:36 - INFO - __main__ -   Batch number = 40
12/01/2021 12:51:36 - INFO - __main__ -   Batch number = 41
12/01/2021 12:51:36 - INFO - __main__ -   Batch number = 42
12/01/2021 12:51:37 - INFO - __main__ -   Batch number = 43
12/01/2021 12:51:37 - INFO - __main__ -   Batch number = 44
12/01/2021 12:51:37 - INFO - __main__ -   Batch number = 45
12/01/2021 12:51:37 - INFO - __main__ -   Batch number = 46
12/01/2021 12:51:37 - INFO - __main__ -   Batch number = 47
12/01/2021 12:51:37 - INFO - __main__ -   Batch number = 48
12/01/2021 12:51:37 - INFO - __main__ -   Batch number = 49
12/01/2021 12:51:38 - INFO - __main__ -   Batch number = 50
12/01/2021 12:51:38 - INFO - __main__ -   Batch number = 51
12/01/2021 12:51:38 - INFO - __main__ -   Batch number = 52
12/01/2021 12:51:38 - INFO - __main__ -   Batch number = 53
12/01/2021 12:51:38 - INFO - __main__ -   Batch number = 54
12/01/2021 12:51:38 - INFO - __main__ -   Batch number = 55
12/01/2021 12:51:38 - INFO - __main__ -   Batch number = 56
12/01/2021 12:51:39 - INFO - __main__ -   Batch number = 57
12/01/2021 12:51:39 - INFO - __main__ -   Batch number = 58
12/01/2021 12:51:39 - INFO - __main__ -   Batch number = 59
12/01/2021 12:51:39 - INFO - __main__ -   Batch number = 60
12/01/2021 12:51:39 - INFO - __main__ -   Batch number = 61
12/01/2021 12:51:39 - INFO - __main__ -   Batch number = 62
12/01/2021 12:51:40 - INFO - __main__ -   Batch number = 63
12/01/2021 12:51:40 - INFO - __main__ -   Batch number = 64
12/01/2021 12:51:40 - INFO - __main__ -   Batch number = 65
12/01/2021 12:51:40 - INFO - __main__ -   Batch number = 66
12/01/2021 12:51:40 - INFO - __main__ -   Batch number = 67
12/01/2021 12:51:40 - INFO - __main__ -   Batch number = 68
12/01/2021 12:51:40 - INFO - __main__ -   Batch number = 69
12/01/2021 12:51:41 - INFO - __main__ -   Batch number = 70
12/01/2021 12:51:41 - INFO - __main__ -   Batch number = 71
12/01/2021 12:51:41 - INFO - __main__ -   Batch number = 72
12/01/2021 12:51:41 - INFO - __main__ -   Batch number = 73
12/01/2021 12:51:41 - INFO - __main__ -   Batch number = 74
12/01/2021 12:51:41 - INFO - __main__ -   Batch number = 75
12/01/2021 12:51:41 - INFO - __main__ -   Batch number = 76
12/01/2021 12:51:42 - INFO - __main__ -   Batch number = 77
12/01/2021 12:51:42 - INFO - __main__ -   Batch number = 78
12/01/2021 12:51:42 - INFO - __main__ -   Batch number = 79
12/01/2021 12:51:42 - INFO - __main__ -   Batch number = 80
12/01/2021 12:51:42 - INFO - __main__ -   Batch number = 81
12/01/2021 12:51:42 - INFO - __main__ -   Batch number = 82
12/01/2021 12:51:42 - INFO - __main__ -   Batch number = 83
12/01/2021 12:51:43 - INFO - __main__ -   Batch number = 84
12/01/2021 12:51:44 - INFO - __main__ -   ***** Evaluation result  in hi *****
12/01/2021 12:51:44 - INFO - __main__ -     f1 = 0.7982408450157275
12/01/2021 12:51:44 - INFO - __main__ -     loss = 0.6938378605104628
12/01/2021 12:51:44 - INFO - __main__ -     precision = 0.809399117971334
12/01/2021 12:51:44 - INFO - __main__ -     recall = 0.7873860415230215
12/01/2021 12:51:46 - INFO - root -   Input args: ModelArguments(model_name_or_path='bert-base-multilingual-cased', model_type='bert', config_name=None, tokenizer_name=None, cache_dir=None, labels='/home/abhijeet/rohan/cloud-emea/data//udpos/udpos_processed_maxlen128//labels.txt', data_dir='/home/abhijeet/rohan/cloud-emea/data//udpos/udpos_processed_maxlen128/', output_dir='/home/abhijeet/rohan/cloud-emea/outputs//udpos/my-bert-base-multilingual-cased-MaxLen128_udpos_myv_train_hi/', max_seq_length=128, do_train=False, do_eval=False, do_predict=True, do_adapter_predict=False, do_predict_dev=False, do_predict_train=False, init_checkpoint=None, evaluate_during_training=False, do_lower_case=False, few_shot=-1, per_gpu_train_batch_size=8, per_gpu_eval_batch_size=32, gradient_accumulation_steps=4, learning_rate=5e-05, weight_decay=0.0, adam_epsilon=1e-08, max_grad_norm=1.0, num_train_epochs=50.0, max_steps=-1, save_steps=1000, warmup_steps=0, logging_steps=50, save_only_best_checkpoint=True, eval_all_checkpoints=True, no_cuda=False, overwrite_output_dir=True, overwrite_cache=False, seed=2, fp16=False, fp16_opt_level='O1', local_rank=-1, server_ip='', server_port='', predict_langs='hi', train_langs='hi', log_file='/home/abhijeet/rohan/cloud-emea/outputs//udpos/my-bert-base-multilingual-cased-MaxLen128_udpos_myv_train_hi//train_en.log', eval_patience=-1, bpe_dropout=0, do_save_adapter_fusions=False, task_name='udpos', predict_task_adapter='output/udpos/my-bert-base-multilingual-cased-LR1e-4-epoch50-MaxLen128-TrainLanghi_hi_s2/checkpoint-best/udpos/', predict_lang_adapter=None, test_adapter=True, adapter_weight=None, lang_to_vec=None, calc_weight_step=0, predict_save_prefix='', en_weight=None, temperature=1.0, get_attr=False, topk=1, task='udpos')
12/01/2021 12:51:46 - WARNING - __main__ -   Process rank: -1, device: cuda, n_gpu: 1, distributed training: False, 16-bits training: False
12/01/2021 12:51:46 - INFO - __main__ -   Seed = 2
12/01/2021 12:51:46 - INFO - root -   save model
12/01/2021 12:51:46 - INFO - __main__ -   Training/evaluation parameters ModelArguments(model_name_or_path='bert-base-multilingual-cased', model_type='bert', config_name=None, tokenizer_name=None, cache_dir=None, labels='/home/abhijeet/rohan/cloud-emea/data//udpos/udpos_processed_maxlen128//labels.txt', data_dir='/home/abhijeet/rohan/cloud-emea/data//udpos/udpos_processed_maxlen128/', output_dir='/home/abhijeet/rohan/cloud-emea/outputs//udpos/my-bert-base-multilingual-cased-MaxLen128_udpos_myv_train_hi/', max_seq_length=128, do_train=False, do_eval=False, do_predict=True, do_adapter_predict=False, do_predict_dev=False, do_predict_train=False, init_checkpoint=None, evaluate_during_training=False, do_lower_case=False, few_shot=-1, per_gpu_train_batch_size=8, per_gpu_eval_batch_size=32, gradient_accumulation_steps=4, learning_rate=5e-05, weight_decay=0.0, adam_epsilon=1e-08, max_grad_norm=1.0, num_train_epochs=50.0, max_steps=-1, save_steps=1000, warmup_steps=0, logging_steps=50, save_only_best_checkpoint=True, eval_all_checkpoints=True, no_cuda=False, overwrite_output_dir=True, overwrite_cache=False, seed=2, fp16=False, fp16_opt_level='O1', local_rank=-1, server_ip='', server_port='', predict_langs='hi', train_langs='hi', log_file='/home/abhijeet/rohan/cloud-emea/outputs//udpos/my-bert-base-multilingual-cased-MaxLen128_udpos_myv_train_hi//train_en.log', eval_patience=-1, bpe_dropout=0, do_save_adapter_fusions=False, task_name='udpos', predict_task_adapter='output/udpos/my-bert-base-multilingual-cased-LR1e-4-epoch50-MaxLen128-TrainLanghi_hi_s2/checkpoint-best/udpos/', predict_lang_adapter=None, test_adapter=True, adapter_weight=None, lang_to_vec=None, calc_weight_step=0, predict_save_prefix='', en_weight=None, temperature=1.0, get_attr=False, topk=1, task='udpos')
12/01/2021 12:51:46 - INFO - __main__ -   Loading pretrained model and tokenizer
12/01/2021 12:51:49 - INFO - __main__ -   loading from existing model bert-base-multilingual-cased
12/01/2021 12:51:55 - INFO - __main__ -   Using lang2id = None
12/01/2021 12:51:55 - INFO - __main__ -   Evaluating the model on test set of all the languages specified
12/01/2021 12:51:55 - INFO - __main__ -   Task Adapter will be loaded from this path output/udpos/my-bert-base-multilingual-cased-LR1e-4-epoch50-MaxLen128-TrainLanghi_hi_s2/checkpoint-best/udpos/
12/01/2021 12:51:55 - INFO - root -   Trying to decide if add adapter
12/01/2021 12:51:55 - INFO - root -   loading task adapter
12/01/2021 12:51:55 - INFO - root -   loading lang adpater myv/wiki@ukp
12/01/2021 12:51:55 - INFO - __main__ -   Adapter Languages : ['myv'], Length : 1
12/01/2021 12:51:55 - INFO - __main__ -   Adapter Names ['myv/wiki@ukp'], Length : 1
12/01/2021 12:51:55 - INFO - __main__ -   Language = myv
12/01/2021 12:51:55 - INFO - __main__ -   Adapter Name = myv/wiki@ukp
12/01/2021 12:52:00 - INFO - __main__ -   Language adapter for hi not found, using myv instead
12/01/2021 12:52:00 - INFO - __main__ -   Set active language adapter to myv
12/01/2021 12:52:00 - INFO - __main__ -   Args Adapter Weight = None
12/01/2021 12:52:00 - INFO - __main__ -   Adapter Languages = ['myv']
12/01/2021 12:52:00 - INFO - __main__ -   Loading features from cached file /home/abhijeet/rohan/cloud-emea/data//udpos/udpos_processed_maxlen128/cached_test_hi_bert-base-multilingual-cased_128
12/01/2021 12:52:01 - INFO - __main__ -   ***** Running evaluation  in hi *****
12/01/2021 12:52:01 - INFO - __main__ -     Num examples = 2685
12/01/2021 12:52:01 - INFO - __main__ -     Batch size = 32
12/01/2021 12:52:01 - INFO - __main__ -   Batch number = 1
12/01/2021 12:52:01 - INFO - __main__ -   Batch number = 2
12/01/2021 12:52:01 - INFO - __main__ -   Batch number = 3
12/01/2021 12:52:01 - INFO - __main__ -   Batch number = 4
12/01/2021 12:52:01 - INFO - __main__ -   Batch number = 5
12/01/2021 12:52:02 - INFO - __main__ -   Batch number = 6
12/01/2021 12:52:02 - INFO - __main__ -   Batch number = 7
12/01/2021 12:52:02 - INFO - __main__ -   Batch number = 8
12/01/2021 12:52:02 - INFO - __main__ -   Batch number = 9
12/01/2021 12:52:02 - INFO - __main__ -   Batch number = 10
12/01/2021 12:52:02 - INFO - __main__ -   Batch number = 11
12/01/2021 12:52:03 - INFO - __main__ -   Batch number = 12
12/01/2021 12:52:03 - INFO - __main__ -   Batch number = 13
12/01/2021 12:52:03 - INFO - __main__ -   Batch number = 14
12/01/2021 12:52:03 - INFO - __main__ -   Batch number = 15
12/01/2021 12:52:03 - INFO - __main__ -   Batch number = 16
12/01/2021 12:52:03 - INFO - __main__ -   Batch number = 17
12/01/2021 12:52:03 - INFO - __main__ -   Batch number = 18
12/01/2021 12:52:04 - INFO - __main__ -   Batch number = 19
12/01/2021 12:52:04 - INFO - __main__ -   Batch number = 20
12/01/2021 12:52:04 - INFO - __main__ -   Batch number = 21
12/01/2021 12:52:04 - INFO - __main__ -   Batch number = 22
12/01/2021 12:52:04 - INFO - __main__ -   Batch number = 23
12/01/2021 12:52:04 - INFO - __main__ -   Batch number = 24
12/01/2021 12:52:04 - INFO - __main__ -   Batch number = 25
12/01/2021 12:52:05 - INFO - __main__ -   Batch number = 26
12/01/2021 12:52:05 - INFO - __main__ -   Batch number = 27
12/01/2021 12:52:05 - INFO - __main__ -   Batch number = 28
12/01/2021 12:52:05 - INFO - __main__ -   Batch number = 29
12/01/2021 12:52:05 - INFO - __main__ -   Batch number = 30
12/01/2021 12:52:05 - INFO - __main__ -   Batch number = 31
12/01/2021 12:52:05 - INFO - __main__ -   Batch number = 32
12/01/2021 12:52:06 - INFO - __main__ -   Batch number = 33
12/01/2021 12:52:06 - INFO - __main__ -   Batch number = 34
12/01/2021 12:52:06 - INFO - __main__ -   Batch number = 35
12/01/2021 12:52:06 - INFO - __main__ -   Batch number = 36
12/01/2021 12:52:06 - INFO - __main__ -   Batch number = 37
12/01/2021 12:52:06 - INFO - __main__ -   Batch number = 38
12/01/2021 12:52:06 - INFO - __main__ -   Batch number = 39
12/01/2021 12:52:07 - INFO - __main__ -   Batch number = 40
12/01/2021 12:52:07 - INFO - __main__ -   Batch number = 41
12/01/2021 12:52:07 - INFO - __main__ -   Batch number = 42
12/01/2021 12:52:07 - INFO - __main__ -   Batch number = 43
12/01/2021 12:52:07 - INFO - __main__ -   Batch number = 44
12/01/2021 12:52:07 - INFO - __main__ -   Batch number = 45
12/01/2021 12:52:07 - INFO - __main__ -   Batch number = 46
12/01/2021 12:52:08 - INFO - __main__ -   Batch number = 47
12/01/2021 12:52:08 - INFO - __main__ -   Batch number = 48
12/01/2021 12:52:08 - INFO - __main__ -   Batch number = 49
12/01/2021 12:52:08 - INFO - __main__ -   Batch number = 50
12/01/2021 12:52:08 - INFO - __main__ -   Batch number = 51
12/01/2021 12:52:08 - INFO - __main__ -   Batch number = 52
12/01/2021 12:52:08 - INFO - __main__ -   Batch number = 53
12/01/2021 12:52:09 - INFO - __main__ -   Batch number = 54
12/01/2021 12:52:09 - INFO - __main__ -   Batch number = 55
12/01/2021 12:52:09 - INFO - __main__ -   Batch number = 56
12/01/2021 12:52:09 - INFO - __main__ -   Batch number = 57
12/01/2021 12:52:09 - INFO - __main__ -   Batch number = 58
12/01/2021 12:52:09 - INFO - __main__ -   Batch number = 59
12/01/2021 12:52:09 - INFO - __main__ -   Batch number = 60
12/01/2021 12:52:10 - INFO - __main__ -   Batch number = 61
12/01/2021 12:52:10 - INFO - __main__ -   Batch number = 62
12/01/2021 12:52:10 - INFO - __main__ -   Batch number = 63
12/01/2021 12:52:10 - INFO - __main__ -   Batch number = 64
12/01/2021 12:52:10 - INFO - __main__ -   Batch number = 65
12/01/2021 12:52:10 - INFO - __main__ -   Batch number = 66
12/01/2021 12:52:10 - INFO - __main__ -   Batch number = 67
12/01/2021 12:52:11 - INFO - __main__ -   Batch number = 68
12/01/2021 12:52:11 - INFO - __main__ -   Batch number = 69
12/01/2021 12:52:11 - INFO - __main__ -   Batch number = 70
12/01/2021 12:52:11 - INFO - __main__ -   Batch number = 71
12/01/2021 12:52:11 - INFO - __main__ -   Batch number = 72
12/01/2021 12:52:11 - INFO - __main__ -   Batch number = 73
12/01/2021 12:52:11 - INFO - __main__ -   Batch number = 74
12/01/2021 12:52:12 - INFO - __main__ -   Batch number = 75
12/01/2021 12:52:12 - INFO - __main__ -   Batch number = 76
12/01/2021 12:52:12 - INFO - __main__ -   Batch number = 77
12/01/2021 12:52:12 - INFO - __main__ -   Batch number = 78
12/01/2021 12:52:12 - INFO - __main__ -   Batch number = 79
12/01/2021 12:52:12 - INFO - __main__ -   Batch number = 80
12/01/2021 12:52:13 - INFO - __main__ -   Batch number = 81
12/01/2021 12:52:13 - INFO - __main__ -   Batch number = 82
12/01/2021 12:52:13 - INFO - __main__ -   Batch number = 83
12/01/2021 12:52:13 - INFO - __main__ -   Batch number = 84
12/01/2021 12:52:14 - INFO - __main__ -   ***** Evaluation result  in hi *****
12/01/2021 12:52:14 - INFO - __main__ -     f1 = 0.7995191328880142
12/01/2021 12:52:14 - INFO - __main__ -     loss = 0.6427699295537812
12/01/2021 12:52:14 - INFO - __main__ -     precision = 0.8095415725925199
12/01/2021 12:52:14 - INFO - __main__ -     recall = 0.7897418218034168
12/01/2021 12:52:17 - INFO - root -   Input args: ModelArguments(model_name_or_path='bert-base-multilingual-cased', model_type='bert', config_name=None, tokenizer_name=None, cache_dir=None, labels='/home/abhijeet/rohan/cloud-emea/data//udpos/udpos_processed_maxlen128//labels.txt', data_dir='/home/abhijeet/rohan/cloud-emea/data//udpos/udpos_processed_maxlen128/', output_dir='/home/abhijeet/rohan/cloud-emea/outputs//udpos/my-bert-base-multilingual-cased-MaxLen128_udpos_myv_train_hi/', max_seq_length=128, do_train=False, do_eval=False, do_predict=True, do_adapter_predict=False, do_predict_dev=False, do_predict_train=False, init_checkpoint=None, evaluate_during_training=False, do_lower_case=False, few_shot=-1, per_gpu_train_batch_size=8, per_gpu_eval_batch_size=32, gradient_accumulation_steps=4, learning_rate=5e-05, weight_decay=0.0, adam_epsilon=1e-08, max_grad_norm=1.0, num_train_epochs=50.0, max_steps=-1, save_steps=1000, warmup_steps=0, logging_steps=50, save_only_best_checkpoint=True, eval_all_checkpoints=True, no_cuda=False, overwrite_output_dir=True, overwrite_cache=False, seed=3, fp16=False, fp16_opt_level='O1', local_rank=-1, server_ip='', server_port='', predict_langs='hi', train_langs='hi', log_file='/home/abhijeet/rohan/cloud-emea/outputs//udpos/my-bert-base-multilingual-cased-MaxLen128_udpos_myv_train_hi//train_en.log', eval_patience=-1, bpe_dropout=0, do_save_adapter_fusions=False, task_name='udpos', predict_task_adapter='output/udpos/my-bert-base-multilingual-cased-LR1e-4-epoch50-MaxLen128-TrainLanghi_hi_s3/checkpoint-best/udpos/', predict_lang_adapter=None, test_adapter=True, adapter_weight=None, lang_to_vec=None, calc_weight_step=0, predict_save_prefix='', en_weight=None, temperature=1.0, get_attr=False, topk=1, task='udpos')
12/01/2021 12:52:17 - WARNING - __main__ -   Process rank: -1, device: cuda, n_gpu: 1, distributed training: False, 16-bits training: False
12/01/2021 12:52:17 - INFO - __main__ -   Seed = 3
12/01/2021 12:52:17 - INFO - root -   save model
12/01/2021 12:52:17 - INFO - __main__ -   Training/evaluation parameters ModelArguments(model_name_or_path='bert-base-multilingual-cased', model_type='bert', config_name=None, tokenizer_name=None, cache_dir=None, labels='/home/abhijeet/rohan/cloud-emea/data//udpos/udpos_processed_maxlen128//labels.txt', data_dir='/home/abhijeet/rohan/cloud-emea/data//udpos/udpos_processed_maxlen128/', output_dir='/home/abhijeet/rohan/cloud-emea/outputs//udpos/my-bert-base-multilingual-cased-MaxLen128_udpos_myv_train_hi/', max_seq_length=128, do_train=False, do_eval=False, do_predict=True, do_adapter_predict=False, do_predict_dev=False, do_predict_train=False, init_checkpoint=None, evaluate_during_training=False, do_lower_case=False, few_shot=-1, per_gpu_train_batch_size=8, per_gpu_eval_batch_size=32, gradient_accumulation_steps=4, learning_rate=5e-05, weight_decay=0.0, adam_epsilon=1e-08, max_grad_norm=1.0, num_train_epochs=50.0, max_steps=-1, save_steps=1000, warmup_steps=0, logging_steps=50, save_only_best_checkpoint=True, eval_all_checkpoints=True, no_cuda=False, overwrite_output_dir=True, overwrite_cache=False, seed=3, fp16=False, fp16_opt_level='O1', local_rank=-1, server_ip='', server_port='', predict_langs='hi', train_langs='hi', log_file='/home/abhijeet/rohan/cloud-emea/outputs//udpos/my-bert-base-multilingual-cased-MaxLen128_udpos_myv_train_hi//train_en.log', eval_patience=-1, bpe_dropout=0, do_save_adapter_fusions=False, task_name='udpos', predict_task_adapter='output/udpos/my-bert-base-multilingual-cased-LR1e-4-epoch50-MaxLen128-TrainLanghi_hi_s3/checkpoint-best/udpos/', predict_lang_adapter=None, test_adapter=True, adapter_weight=None, lang_to_vec=None, calc_weight_step=0, predict_save_prefix='', en_weight=None, temperature=1.0, get_attr=False, topk=1, task='udpos')
12/01/2021 12:52:17 - INFO - __main__ -   Loading pretrained model and tokenizer
12/01/2021 12:52:19 - INFO - __main__ -   loading from existing model bert-base-multilingual-cased
12/01/2021 12:52:25 - INFO - __main__ -   Using lang2id = None
12/01/2021 12:52:25 - INFO - __main__ -   Evaluating the model on test set of all the languages specified
12/01/2021 12:52:25 - INFO - __main__ -   Task Adapter will be loaded from this path output/udpos/my-bert-base-multilingual-cased-LR1e-4-epoch50-MaxLen128-TrainLanghi_hi_s3/checkpoint-best/udpos/
12/01/2021 12:52:25 - INFO - root -   Trying to decide if add adapter
12/01/2021 12:52:25 - INFO - root -   loading task adapter
12/01/2021 12:52:25 - INFO - root -   loading lang adpater myv/wiki@ukp
12/01/2021 12:52:25 - INFO - __main__ -   Adapter Languages : ['myv'], Length : 1
12/01/2021 12:52:25 - INFO - __main__ -   Adapter Names ['myv/wiki@ukp'], Length : 1
12/01/2021 12:52:25 - INFO - __main__ -   Language = myv
12/01/2021 12:52:25 - INFO - __main__ -   Adapter Name = myv/wiki@ukp
12/01/2021 12:52:30 - INFO - __main__ -   Language adapter for hi not found, using myv instead
12/01/2021 12:52:30 - INFO - __main__ -   Set active language adapter to myv
12/01/2021 12:52:30 - INFO - __main__ -   Args Adapter Weight = None
12/01/2021 12:52:30 - INFO - __main__ -   Adapter Languages = ['myv']
12/01/2021 12:52:30 - INFO - __main__ -   Loading features from cached file /home/abhijeet/rohan/cloud-emea/data//udpos/udpos_processed_maxlen128/cached_test_hi_bert-base-multilingual-cased_128
12/01/2021 12:52:30 - INFO - __main__ -   ***** Running evaluation  in hi *****
12/01/2021 12:52:30 - INFO - __main__ -     Num examples = 2685
12/01/2021 12:52:30 - INFO - __main__ -     Batch size = 32
12/01/2021 12:52:30 - INFO - __main__ -   Batch number = 1
12/01/2021 12:52:31 - INFO - __main__ -   Batch number = 2
12/01/2021 12:52:31 - INFO - __main__ -   Batch number = 3
12/01/2021 12:52:31 - INFO - __main__ -   Batch number = 4
12/01/2021 12:52:31 - INFO - __main__ -   Batch number = 5
12/01/2021 12:52:31 - INFO - __main__ -   Batch number = 6
12/01/2021 12:52:31 - INFO - __main__ -   Batch number = 7
12/01/2021 12:52:31 - INFO - __main__ -   Batch number = 8
12/01/2021 12:52:32 - INFO - __main__ -   Batch number = 9
12/01/2021 12:52:32 - INFO - __main__ -   Batch number = 10
12/01/2021 12:52:32 - INFO - __main__ -   Batch number = 11
12/01/2021 12:52:32 - INFO - __main__ -   Batch number = 12
12/01/2021 12:52:32 - INFO - __main__ -   Batch number = 13
12/01/2021 12:52:32 - INFO - __main__ -   Batch number = 14
12/01/2021 12:52:32 - INFO - __main__ -   Batch number = 15
12/01/2021 12:52:33 - INFO - __main__ -   Batch number = 16
12/01/2021 12:52:33 - INFO - __main__ -   Batch number = 17
12/01/2021 12:52:33 - INFO - __main__ -   Batch number = 18
12/01/2021 12:52:33 - INFO - __main__ -   Batch number = 19
12/01/2021 12:52:33 - INFO - __main__ -   Batch number = 20
12/01/2021 12:52:33 - INFO - __main__ -   Batch number = 21
12/01/2021 12:52:33 - INFO - __main__ -   Batch number = 22
12/01/2021 12:52:34 - INFO - __main__ -   Batch number = 23
12/01/2021 12:52:34 - INFO - __main__ -   Batch number = 24
12/01/2021 12:52:34 - INFO - __main__ -   Batch number = 25
12/01/2021 12:52:34 - INFO - __main__ -   Batch number = 26
12/01/2021 12:52:34 - INFO - __main__ -   Batch number = 27
12/01/2021 12:52:34 - INFO - __main__ -   Batch number = 28
12/01/2021 12:52:34 - INFO - __main__ -   Batch number = 29
12/01/2021 12:52:35 - INFO - __main__ -   Batch number = 30
12/01/2021 12:52:35 - INFO - __main__ -   Batch number = 31
12/01/2021 12:52:35 - INFO - __main__ -   Batch number = 32
12/01/2021 12:52:35 - INFO - __main__ -   Batch number = 33
12/01/2021 12:52:35 - INFO - __main__ -   Batch number = 34
12/01/2021 12:52:35 - INFO - __main__ -   Batch number = 35
12/01/2021 12:52:35 - INFO - __main__ -   Batch number = 36
12/01/2021 12:52:36 - INFO - __main__ -   Batch number = 37
12/01/2021 12:52:36 - INFO - __main__ -   Batch number = 38
12/01/2021 12:52:36 - INFO - __main__ -   Batch number = 39
12/01/2021 12:52:36 - INFO - __main__ -   Batch number = 40
12/01/2021 12:52:36 - INFO - __main__ -   Batch number = 41
12/01/2021 12:52:36 - INFO - __main__ -   Batch number = 42
12/01/2021 12:52:37 - INFO - __main__ -   Batch number = 43
12/01/2021 12:52:37 - INFO - __main__ -   Batch number = 44
12/01/2021 12:52:37 - INFO - __main__ -   Batch number = 45
12/01/2021 12:52:37 - INFO - __main__ -   Batch number = 46
12/01/2021 12:52:37 - INFO - __main__ -   Batch number = 47
12/01/2021 12:52:37 - INFO - __main__ -   Batch number = 48
12/01/2021 12:52:37 - INFO - __main__ -   Batch number = 49
12/01/2021 12:52:38 - INFO - __main__ -   Batch number = 50
12/01/2021 12:52:38 - INFO - __main__ -   Batch number = 51
12/01/2021 12:52:38 - INFO - __main__ -   Batch number = 52
12/01/2021 12:52:38 - INFO - __main__ -   Batch number = 53
12/01/2021 12:52:38 - INFO - __main__ -   Batch number = 54
12/01/2021 12:52:38 - INFO - __main__ -   Batch number = 55
12/01/2021 12:52:38 - INFO - __main__ -   Batch number = 56
12/01/2021 12:52:39 - INFO - __main__ -   Batch number = 57
12/01/2021 12:52:39 - INFO - __main__ -   Batch number = 58
12/01/2021 12:52:39 - INFO - __main__ -   Batch number = 59
12/01/2021 12:52:39 - INFO - __main__ -   Batch number = 60
12/01/2021 12:52:39 - INFO - __main__ -   Batch number = 61
12/01/2021 12:52:39 - INFO - __main__ -   Batch number = 62
12/01/2021 12:52:39 - INFO - __main__ -   Batch number = 63
12/01/2021 12:52:40 - INFO - __main__ -   Batch number = 64
12/01/2021 12:52:40 - INFO - __main__ -   Batch number = 65
12/01/2021 12:52:40 - INFO - __main__ -   Batch number = 66
12/01/2021 12:52:40 - INFO - __main__ -   Batch number = 67
12/01/2021 12:52:40 - INFO - __main__ -   Batch number = 68
12/01/2021 12:52:40 - INFO - __main__ -   Batch number = 69
12/01/2021 12:52:41 - INFO - __main__ -   Batch number = 70
12/01/2021 12:52:41 - INFO - __main__ -   Batch number = 71
12/01/2021 12:52:41 - INFO - __main__ -   Batch number = 72
12/01/2021 12:52:41 - INFO - __main__ -   Batch number = 73
12/01/2021 12:52:41 - INFO - __main__ -   Batch number = 74
12/01/2021 12:52:41 - INFO - __main__ -   Batch number = 75
12/01/2021 12:52:41 - INFO - __main__ -   Batch number = 76
12/01/2021 12:52:42 - INFO - __main__ -   Batch number = 77
12/01/2021 12:52:42 - INFO - __main__ -   Batch number = 78
12/01/2021 12:52:42 - INFO - __main__ -   Batch number = 79
12/01/2021 12:52:42 - INFO - __main__ -   Batch number = 80
12/01/2021 12:52:42 - INFO - __main__ -   Batch number = 81
12/01/2021 12:52:42 - INFO - __main__ -   Batch number = 82
12/01/2021 12:52:43 - INFO - __main__ -   Batch number = 83
12/01/2021 12:52:43 - INFO - __main__ -   Batch number = 84
12/01/2021 12:52:44 - INFO - __main__ -   ***** Evaluation result  in hi *****
12/01/2021 12:52:44 - INFO - __main__ -     f1 = 0.8023541897824304
12/01/2021 12:52:44 - INFO - __main__ -     loss = 0.6161838454150018
12/01/2021 12:52:44 - INFO - __main__ -     precision = 0.8084303851612777
12/01/2021 12:52:44 - INFO - __main__ -     recall = 0.7963686508848541
12/01/2021 15:59:52 - INFO - root -   Input args: ModelArguments(model_name_or_path='bert-base-multilingual-cased', model_type='bert', config_name=None, tokenizer_name=None, cache_dir=None, labels='/home/abhijeet/rohan/cloud-emea/data//udpos/udpos_processed_maxlen128//labels.txt', data_dir='/home/abhijeet/rohan/cloud-emea/data//udpos/udpos_processed_maxlen128/', output_dir='/home/abhijeet/rohan/cloud-emea/outputs//udpos/my-bert-base-multilingual-cased-MaxLen128_udpos_myv_train_hi/', max_seq_length=128, do_train=False, do_eval=False, do_predict=True, do_adapter_predict=False, do_predict_dev=False, do_predict_train=False, init_checkpoint=None, evaluate_during_training=False, do_lower_case=False, few_shot=-1, per_gpu_train_batch_size=8, per_gpu_eval_batch_size=32, gradient_accumulation_steps=4, learning_rate=5e-05, weight_decay=0.0, adam_epsilon=1e-08, max_grad_norm=1.0, num_train_epochs=50.0, max_steps=-1, save_steps=1000, warmup_steps=0, logging_steps=50, save_only_best_checkpoint=True, eval_all_checkpoints=True, no_cuda=False, overwrite_output_dir=True, overwrite_cache=False, seed=1, fp16=False, fp16_opt_level='O1', local_rank=-1, server_ip='', server_port='', predict_langs='hu', train_langs='hi', log_file='/home/abhijeet/rohan/cloud-emea/outputs//udpos/my-bert-base-multilingual-cased-MaxLen128_udpos_myv_train_hi//train_en.log', eval_patience=-1, bpe_dropout=0, do_save_adapter_fusions=False, task_name='udpos', predict_task_adapter='output/udpos/my-bert-base-multilingual-cased-LR1e-4-epoch50-MaxLen128-TrainLanghi_hi_s1/checkpoint-best/udpos/', predict_lang_adapter=None, test_adapter=True, adapter_weight=None, lang_to_vec=None, calc_weight_step=0, predict_save_prefix='', en_weight=None, temperature=1.0, get_attr=False, topk=1, task='udpos')
12/01/2021 15:59:52 - WARNING - __main__ -   Process rank: -1, device: cuda, n_gpu: 1, distributed training: False, 16-bits training: False
12/01/2021 15:59:52 - INFO - __main__ -   Seed = 1
12/01/2021 15:59:52 - INFO - root -   save model
12/01/2021 15:59:52 - INFO - __main__ -   Training/evaluation parameters ModelArguments(model_name_or_path='bert-base-multilingual-cased', model_type='bert', config_name=None, tokenizer_name=None, cache_dir=None, labels='/home/abhijeet/rohan/cloud-emea/data//udpos/udpos_processed_maxlen128//labels.txt', data_dir='/home/abhijeet/rohan/cloud-emea/data//udpos/udpos_processed_maxlen128/', output_dir='/home/abhijeet/rohan/cloud-emea/outputs//udpos/my-bert-base-multilingual-cased-MaxLen128_udpos_myv_train_hi/', max_seq_length=128, do_train=False, do_eval=False, do_predict=True, do_adapter_predict=False, do_predict_dev=False, do_predict_train=False, init_checkpoint=None, evaluate_during_training=False, do_lower_case=False, few_shot=-1, per_gpu_train_batch_size=8, per_gpu_eval_batch_size=32, gradient_accumulation_steps=4, learning_rate=5e-05, weight_decay=0.0, adam_epsilon=1e-08, max_grad_norm=1.0, num_train_epochs=50.0, max_steps=-1, save_steps=1000, warmup_steps=0, logging_steps=50, save_only_best_checkpoint=True, eval_all_checkpoints=True, no_cuda=False, overwrite_output_dir=True, overwrite_cache=False, seed=1, fp16=False, fp16_opt_level='O1', local_rank=-1, server_ip='', server_port='', predict_langs='hu', train_langs='hi', log_file='/home/abhijeet/rohan/cloud-emea/outputs//udpos/my-bert-base-multilingual-cased-MaxLen128_udpos_myv_train_hi//train_en.log', eval_patience=-1, bpe_dropout=0, do_save_adapter_fusions=False, task_name='udpos', predict_task_adapter='output/udpos/my-bert-base-multilingual-cased-LR1e-4-epoch50-MaxLen128-TrainLanghi_hi_s1/checkpoint-best/udpos/', predict_lang_adapter=None, test_adapter=True, adapter_weight=None, lang_to_vec=None, calc_weight_step=0, predict_save_prefix='', en_weight=None, temperature=1.0, get_attr=False, topk=1, task='udpos')
12/01/2021 15:59:52 - INFO - __main__ -   Loading pretrained model and tokenizer
12/01/2021 15:59:54 - INFO - __main__ -   loading from existing model bert-base-multilingual-cased
12/01/2021 16:00:00 - INFO - __main__ -   Using lang2id = None
12/01/2021 16:00:00 - INFO - __main__ -   Evaluating the model on test set of all the languages specified
12/01/2021 16:00:00 - INFO - __main__ -   Task Adapter will be loaded from this path output/udpos/my-bert-base-multilingual-cased-LR1e-4-epoch50-MaxLen128-TrainLanghi_hi_s1/checkpoint-best/udpos/
12/01/2021 16:00:00 - INFO - root -   Trying to decide if add adapter
12/01/2021 16:00:00 - INFO - root -   loading task adapter
12/01/2021 16:00:00 - INFO - root -   loading lang adpater myv/wiki@ukp
12/01/2021 16:00:00 - INFO - __main__ -   Adapter Languages : ['myv'], Length : 1
12/01/2021 16:00:00 - INFO - __main__ -   Adapter Names ['myv/wiki@ukp'], Length : 1
12/01/2021 16:00:00 - INFO - __main__ -   Language = myv
12/01/2021 16:00:00 - INFO - __main__ -   Adapter Name = myv/wiki@ukp
12/01/2021 16:00:05 - INFO - __main__ -   Language adapter for hu not found, using myv instead
12/01/2021 16:00:05 - INFO - __main__ -   Set active language adapter to myv
12/01/2021 16:00:05 - INFO - __main__ -   Args Adapter Weight = None
12/01/2021 16:00:05 - INFO - __main__ -   Adapter Languages = ['myv']
12/01/2021 16:00:05 - INFO - __main__ -   Loading features from cached file /home/abhijeet/rohan/cloud-emea/data//udpos/udpos_processed_maxlen128/cached_test_hu_bert-base-multilingual-cased_128
12/01/2021 16:00:05 - INFO - __main__ -   ***** Running evaluation  in hu *****
12/01/2021 16:00:05 - INFO - __main__ -     Num examples = 451
12/01/2021 16:00:05 - INFO - __main__ -     Batch size = 32
12/01/2021 16:00:05 - INFO - __main__ -   Batch number = 1
12/01/2021 16:00:05 - INFO - __main__ -   Batch number = 2
12/01/2021 16:00:05 - INFO - __main__ -   Batch number = 3
12/01/2021 16:00:05 - INFO - __main__ -   Batch number = 4
12/01/2021 16:00:05 - INFO - __main__ -   Batch number = 5
12/01/2021 16:00:06 - INFO - __main__ -   Batch number = 6
12/01/2021 16:00:06 - INFO - __main__ -   Batch number = 7
12/01/2021 16:00:06 - INFO - __main__ -   Batch number = 8
12/01/2021 16:00:06 - INFO - __main__ -   Batch number = 9
12/01/2021 16:00:06 - INFO - __main__ -   Batch number = 10
12/01/2021 16:00:06 - INFO - __main__ -   Batch number = 11
12/01/2021 16:00:06 - INFO - __main__ -   Batch number = 12
12/01/2021 16:00:07 - INFO - __main__ -   Batch number = 13
12/01/2021 16:00:07 - INFO - __main__ -   Batch number = 14
12/01/2021 16:00:07 - INFO - __main__ -   Batch number = 15
12/01/2021 16:00:07 - INFO - __main__ -   ***** Evaluation result  in hu *****
12/01/2021 16:00:07 - INFO - __main__ -     f1 = 0.6045978266805001
12/01/2021 16:00:07 - INFO - __main__ -     loss = 1.3963924964269003
12/01/2021 16:00:07 - INFO - __main__ -     precision = 0.6218827229835991
12/01/2021 16:00:07 - INFO - __main__ -     recall = 0.5882477951333546
12/01/2021 16:00:09 - INFO - root -   Input args: ModelArguments(model_name_or_path='bert-base-multilingual-cased', model_type='bert', config_name=None, tokenizer_name=None, cache_dir=None, labels='/home/abhijeet/rohan/cloud-emea/data//udpos/udpos_processed_maxlen128//labels.txt', data_dir='/home/abhijeet/rohan/cloud-emea/data//udpos/udpos_processed_maxlen128/', output_dir='/home/abhijeet/rohan/cloud-emea/outputs//udpos/my-bert-base-multilingual-cased-MaxLen128_udpos_myv_train_hi/', max_seq_length=128, do_train=False, do_eval=False, do_predict=True, do_adapter_predict=False, do_predict_dev=False, do_predict_train=False, init_checkpoint=None, evaluate_during_training=False, do_lower_case=False, few_shot=-1, per_gpu_train_batch_size=8, per_gpu_eval_batch_size=32, gradient_accumulation_steps=4, learning_rate=5e-05, weight_decay=0.0, adam_epsilon=1e-08, max_grad_norm=1.0, num_train_epochs=50.0, max_steps=-1, save_steps=1000, warmup_steps=0, logging_steps=50, save_only_best_checkpoint=True, eval_all_checkpoints=True, no_cuda=False, overwrite_output_dir=True, overwrite_cache=False, seed=2, fp16=False, fp16_opt_level='O1', local_rank=-1, server_ip='', server_port='', predict_langs='hu', train_langs='hi', log_file='/home/abhijeet/rohan/cloud-emea/outputs//udpos/my-bert-base-multilingual-cased-MaxLen128_udpos_myv_train_hi//train_en.log', eval_patience=-1, bpe_dropout=0, do_save_adapter_fusions=False, task_name='udpos', predict_task_adapter='output/udpos/my-bert-base-multilingual-cased-LR1e-4-epoch50-MaxLen128-TrainLanghi_hi_s2/checkpoint-best/udpos/', predict_lang_adapter=None, test_adapter=True, adapter_weight=None, lang_to_vec=None, calc_weight_step=0, predict_save_prefix='', en_weight=None, temperature=1.0, get_attr=False, topk=1, task='udpos')
12/01/2021 16:00:09 - WARNING - __main__ -   Process rank: -1, device: cuda, n_gpu: 1, distributed training: False, 16-bits training: False
12/01/2021 16:00:09 - INFO - __main__ -   Seed = 2
12/01/2021 16:00:09 - INFO - root -   save model
12/01/2021 16:00:09 - INFO - __main__ -   Training/evaluation parameters ModelArguments(model_name_or_path='bert-base-multilingual-cased', model_type='bert', config_name=None, tokenizer_name=None, cache_dir=None, labels='/home/abhijeet/rohan/cloud-emea/data//udpos/udpos_processed_maxlen128//labels.txt', data_dir='/home/abhijeet/rohan/cloud-emea/data//udpos/udpos_processed_maxlen128/', output_dir='/home/abhijeet/rohan/cloud-emea/outputs//udpos/my-bert-base-multilingual-cased-MaxLen128_udpos_myv_train_hi/', max_seq_length=128, do_train=False, do_eval=False, do_predict=True, do_adapter_predict=False, do_predict_dev=False, do_predict_train=False, init_checkpoint=None, evaluate_during_training=False, do_lower_case=False, few_shot=-1, per_gpu_train_batch_size=8, per_gpu_eval_batch_size=32, gradient_accumulation_steps=4, learning_rate=5e-05, weight_decay=0.0, adam_epsilon=1e-08, max_grad_norm=1.0, num_train_epochs=50.0, max_steps=-1, save_steps=1000, warmup_steps=0, logging_steps=50, save_only_best_checkpoint=True, eval_all_checkpoints=True, no_cuda=False, overwrite_output_dir=True, overwrite_cache=False, seed=2, fp16=False, fp16_opt_level='O1', local_rank=-1, server_ip='', server_port='', predict_langs='hu', train_langs='hi', log_file='/home/abhijeet/rohan/cloud-emea/outputs//udpos/my-bert-base-multilingual-cased-MaxLen128_udpos_myv_train_hi//train_en.log', eval_patience=-1, bpe_dropout=0, do_save_adapter_fusions=False, task_name='udpos', predict_task_adapter='output/udpos/my-bert-base-multilingual-cased-LR1e-4-epoch50-MaxLen128-TrainLanghi_hi_s2/checkpoint-best/udpos/', predict_lang_adapter=None, test_adapter=True, adapter_weight=None, lang_to_vec=None, calc_weight_step=0, predict_save_prefix='', en_weight=None, temperature=1.0, get_attr=False, topk=1, task='udpos')
12/01/2021 16:00:09 - INFO - __main__ -   Loading pretrained model and tokenizer
12/01/2021 16:00:12 - INFO - __main__ -   loading from existing model bert-base-multilingual-cased
12/01/2021 16:00:17 - INFO - __main__ -   Using lang2id = None
12/01/2021 16:00:17 - INFO - __main__ -   Evaluating the model on test set of all the languages specified
12/01/2021 16:00:17 - INFO - __main__ -   Task Adapter will be loaded from this path output/udpos/my-bert-base-multilingual-cased-LR1e-4-epoch50-MaxLen128-TrainLanghi_hi_s2/checkpoint-best/udpos/
12/01/2021 16:00:17 - INFO - root -   Trying to decide if add adapter
12/01/2021 16:00:17 - INFO - root -   loading task adapter
12/01/2021 16:00:17 - INFO - root -   loading lang adpater myv/wiki@ukp
12/01/2021 16:00:17 - INFO - __main__ -   Adapter Languages : ['myv'], Length : 1
12/01/2021 16:00:17 - INFO - __main__ -   Adapter Names ['myv/wiki@ukp'], Length : 1
12/01/2021 16:00:17 - INFO - __main__ -   Language = myv
12/01/2021 16:00:17 - INFO - __main__ -   Adapter Name = myv/wiki@ukp
12/01/2021 16:00:22 - INFO - __main__ -   Language adapter for hu not found, using myv instead
12/01/2021 16:00:22 - INFO - __main__ -   Set active language adapter to myv
12/01/2021 16:00:22 - INFO - __main__ -   Args Adapter Weight = None
12/01/2021 16:00:22 - INFO - __main__ -   Adapter Languages = ['myv']
12/01/2021 16:00:22 - INFO - __main__ -   Loading features from cached file /home/abhijeet/rohan/cloud-emea/data//udpos/udpos_processed_maxlen128/cached_test_hu_bert-base-multilingual-cased_128
12/01/2021 16:00:22 - INFO - __main__ -   ***** Running evaluation  in hu *****
12/01/2021 16:00:22 - INFO - __main__ -     Num examples = 451
12/01/2021 16:00:22 - INFO - __main__ -     Batch size = 32
12/01/2021 16:00:22 - INFO - __main__ -   Batch number = 1
12/01/2021 16:00:22 - INFO - __main__ -   Batch number = 2
12/01/2021 16:00:22 - INFO - __main__ -   Batch number = 3
12/01/2021 16:00:22 - INFO - __main__ -   Batch number = 4
12/01/2021 16:00:22 - INFO - __main__ -   Batch number = 5
12/01/2021 16:00:22 - INFO - __main__ -   Batch number = 6
12/01/2021 16:00:23 - INFO - __main__ -   Batch number = 7
12/01/2021 16:00:23 - INFO - __main__ -   Batch number = 8
12/01/2021 16:00:23 - INFO - __main__ -   Batch number = 9
12/01/2021 16:00:23 - INFO - __main__ -   Batch number = 10
12/01/2021 16:00:23 - INFO - __main__ -   Batch number = 11
12/01/2021 16:00:23 - INFO - __main__ -   Batch number = 12
12/01/2021 16:00:23 - INFO - __main__ -   Batch number = 13
12/01/2021 16:00:24 - INFO - __main__ -   Batch number = 14
12/01/2021 16:00:24 - INFO - __main__ -   Batch number = 15
12/01/2021 16:00:24 - INFO - __main__ -   ***** Evaluation result  in hu *****
12/01/2021 16:00:24 - INFO - __main__ -     f1 = 0.6222006367708165
12/01/2021 16:00:24 - INFO - __main__ -     loss = 1.398334010442098
12/01/2021 16:00:24 - INFO - __main__ -     precision = 0.6321271929824561
12/01/2021 16:00:24 - INFO - __main__ -     recall = 0.6125810222080544
12/01/2021 16:00:26 - INFO - root -   Input args: ModelArguments(model_name_or_path='bert-base-multilingual-cased', model_type='bert', config_name=None, tokenizer_name=None, cache_dir=None, labels='/home/abhijeet/rohan/cloud-emea/data//udpos/udpos_processed_maxlen128//labels.txt', data_dir='/home/abhijeet/rohan/cloud-emea/data//udpos/udpos_processed_maxlen128/', output_dir='/home/abhijeet/rohan/cloud-emea/outputs//udpos/my-bert-base-multilingual-cased-MaxLen128_udpos_myv_train_hi/', max_seq_length=128, do_train=False, do_eval=False, do_predict=True, do_adapter_predict=False, do_predict_dev=False, do_predict_train=False, init_checkpoint=None, evaluate_during_training=False, do_lower_case=False, few_shot=-1, per_gpu_train_batch_size=8, per_gpu_eval_batch_size=32, gradient_accumulation_steps=4, learning_rate=5e-05, weight_decay=0.0, adam_epsilon=1e-08, max_grad_norm=1.0, num_train_epochs=50.0, max_steps=-1, save_steps=1000, warmup_steps=0, logging_steps=50, save_only_best_checkpoint=True, eval_all_checkpoints=True, no_cuda=False, overwrite_output_dir=True, overwrite_cache=False, seed=3, fp16=False, fp16_opt_level='O1', local_rank=-1, server_ip='', server_port='', predict_langs='hu', train_langs='hi', log_file='/home/abhijeet/rohan/cloud-emea/outputs//udpos/my-bert-base-multilingual-cased-MaxLen128_udpos_myv_train_hi//train_en.log', eval_patience=-1, bpe_dropout=0, do_save_adapter_fusions=False, task_name='udpos', predict_task_adapter='output/udpos/my-bert-base-multilingual-cased-LR1e-4-epoch50-MaxLen128-TrainLanghi_hi_s3/checkpoint-best/udpos/', predict_lang_adapter=None, test_adapter=True, adapter_weight=None, lang_to_vec=None, calc_weight_step=0, predict_save_prefix='', en_weight=None, temperature=1.0, get_attr=False, topk=1, task='udpos')
12/01/2021 16:00:26 - WARNING - __main__ -   Process rank: -1, device: cuda, n_gpu: 1, distributed training: False, 16-bits training: False
12/01/2021 16:00:26 - INFO - __main__ -   Seed = 3
12/01/2021 16:00:26 - INFO - root -   save model
12/01/2021 16:00:26 - INFO - __main__ -   Training/evaluation parameters ModelArguments(model_name_or_path='bert-base-multilingual-cased', model_type='bert', config_name=None, tokenizer_name=None, cache_dir=None, labels='/home/abhijeet/rohan/cloud-emea/data//udpos/udpos_processed_maxlen128//labels.txt', data_dir='/home/abhijeet/rohan/cloud-emea/data//udpos/udpos_processed_maxlen128/', output_dir='/home/abhijeet/rohan/cloud-emea/outputs//udpos/my-bert-base-multilingual-cased-MaxLen128_udpos_myv_train_hi/', max_seq_length=128, do_train=False, do_eval=False, do_predict=True, do_adapter_predict=False, do_predict_dev=False, do_predict_train=False, init_checkpoint=None, evaluate_during_training=False, do_lower_case=False, few_shot=-1, per_gpu_train_batch_size=8, per_gpu_eval_batch_size=32, gradient_accumulation_steps=4, learning_rate=5e-05, weight_decay=0.0, adam_epsilon=1e-08, max_grad_norm=1.0, num_train_epochs=50.0, max_steps=-1, save_steps=1000, warmup_steps=0, logging_steps=50, save_only_best_checkpoint=True, eval_all_checkpoints=True, no_cuda=False, overwrite_output_dir=True, overwrite_cache=False, seed=3, fp16=False, fp16_opt_level='O1', local_rank=-1, server_ip='', server_port='', predict_langs='hu', train_langs='hi', log_file='/home/abhijeet/rohan/cloud-emea/outputs//udpos/my-bert-base-multilingual-cased-MaxLen128_udpos_myv_train_hi//train_en.log', eval_patience=-1, bpe_dropout=0, do_save_adapter_fusions=False, task_name='udpos', predict_task_adapter='output/udpos/my-bert-base-multilingual-cased-LR1e-4-epoch50-MaxLen128-TrainLanghi_hi_s3/checkpoint-best/udpos/', predict_lang_adapter=None, test_adapter=True, adapter_weight=None, lang_to_vec=None, calc_weight_step=0, predict_save_prefix='', en_weight=None, temperature=1.0, get_attr=False, topk=1, task='udpos')
12/01/2021 16:00:26 - INFO - __main__ -   Loading pretrained model and tokenizer
12/01/2021 16:00:29 - INFO - __main__ -   loading from existing model bert-base-multilingual-cased
12/01/2021 16:00:34 - INFO - __main__ -   Using lang2id = None
12/01/2021 16:00:34 - INFO - __main__ -   Evaluating the model on test set of all the languages specified
12/01/2021 16:00:34 - INFO - __main__ -   Task Adapter will be loaded from this path output/udpos/my-bert-base-multilingual-cased-LR1e-4-epoch50-MaxLen128-TrainLanghi_hi_s3/checkpoint-best/udpos/
12/01/2021 16:00:34 - INFO - root -   Trying to decide if add adapter
12/01/2021 16:00:34 - INFO - root -   loading task adapter
12/01/2021 16:00:34 - INFO - root -   loading lang adpater myv/wiki@ukp
12/01/2021 16:00:34 - INFO - __main__ -   Adapter Languages : ['myv'], Length : 1
12/01/2021 16:00:34 - INFO - __main__ -   Adapter Names ['myv/wiki@ukp'], Length : 1
12/01/2021 16:00:34 - INFO - __main__ -   Language = myv
12/01/2021 16:00:34 - INFO - __main__ -   Adapter Name = myv/wiki@ukp
12/01/2021 16:00:39 - INFO - __main__ -   Language adapter for hu not found, using myv instead
12/01/2021 16:00:39 - INFO - __main__ -   Set active language adapter to myv
12/01/2021 16:00:39 - INFO - __main__ -   Args Adapter Weight = None
12/01/2021 16:00:39 - INFO - __main__ -   Adapter Languages = ['myv']
12/01/2021 16:00:39 - INFO - __main__ -   Loading features from cached file /home/abhijeet/rohan/cloud-emea/data//udpos/udpos_processed_maxlen128/cached_test_hu_bert-base-multilingual-cased_128
12/01/2021 16:00:39 - INFO - __main__ -   ***** Running evaluation  in hu *****
12/01/2021 16:00:39 - INFO - __main__ -     Num examples = 451
12/01/2021 16:00:39 - INFO - __main__ -     Batch size = 32
12/01/2021 16:00:39 - INFO - __main__ -   Batch number = 1
12/01/2021 16:00:39 - INFO - __main__ -   Batch number = 2
12/01/2021 16:00:39 - INFO - __main__ -   Batch number = 3
12/01/2021 16:00:39 - INFO - __main__ -   Batch number = 4
12/01/2021 16:00:40 - INFO - __main__ -   Batch number = 5
12/01/2021 16:00:40 - INFO - __main__ -   Batch number = 6
12/01/2021 16:00:40 - INFO - __main__ -   Batch number = 7
12/01/2021 16:00:40 - INFO - __main__ -   Batch number = 8
12/01/2021 16:00:40 - INFO - __main__ -   Batch number = 9
12/01/2021 16:00:40 - INFO - __main__ -   Batch number = 10
12/01/2021 16:00:40 - INFO - __main__ -   Batch number = 11
12/01/2021 16:00:41 - INFO - __main__ -   Batch number = 12
12/01/2021 16:00:41 - INFO - __main__ -   Batch number = 13
12/01/2021 16:00:41 - INFO - __main__ -   Batch number = 14
12/01/2021 16:00:41 - INFO - __main__ -   Batch number = 15
12/01/2021 16:00:41 - INFO - __main__ -   ***** Evaluation result  in hu *****
12/01/2021 16:00:41 - INFO - __main__ -     f1 = 0.6049222797927462
12/01/2021 16:00:41 - INFO - __main__ -     loss = 1.3800193548202515
12/01/2021 16:00:41 - INFO - __main__ -     precision = 0.6146758802237579
12/01/2021 16:00:41 - INFO - __main__ -     recall = 0.5954733822123047
01/13/2022 00:56:51 - INFO - root -   Input args: ModelArguments(model_name_or_path='bert-base-multilingual-cased', model_type='bert', config_name=None, tokenizer_name=None, cache_dir=None, labels='/home/abhijeet/rohan/cloud-emea-copy/data//udpos/udpos_processed_maxlen128//labels.txt', data_dir='/home/abhijeet/rohan/cloud-emea-copy/data//udpos/udpos_processed_maxlen128/', output_dir='/home/abhijeet/rohan/cloud-emea-copy/outputs//udpos/my-bert-base-multilingual-cased-MaxLen128_udpos_myv_train_hi/', max_seq_length=128, do_train=False, do_eval=False, do_predict=True, do_adapter_predict=False, do_predict_dev=False, do_predict_train=False, init_checkpoint=None, evaluate_during_training=False, do_lower_case=False, few_shot=-1, per_gpu_train_batch_size=8, per_gpu_eval_batch_size=32, gradient_accumulation_steps=4, learning_rate=5e-05, weight_decay=0.0, adam_epsilon=1e-08, max_grad_norm=1.0, num_train_epochs=50.0, max_steps=-1, save_steps=1000, warmup_steps=0, logging_steps=50, save_only_best_checkpoint=True, eval_all_checkpoints=True, no_cuda=False, overwrite_output_dir=True, overwrite_cache=False, seed=1, fp16=False, fp16_opt_level='O1', local_rank=-1, server_ip='', server_port='', predict_langs='sw', train_langs='hi', log_file='/home/abhijeet/rohan/cloud-emea-copy/outputs//udpos/my-bert-base-multilingual-cased-MaxLen128_udpos_myv_train_hi//train_en.log', eval_patience=-1, bpe_dropout=0, do_save_adapter_fusions=False, task_name='udpos', predict_task_adapter='output/udpos/my-bert-base-multilingual-cased-LR1e-4-epoch50-MaxLen128-TrainLanghi_hi_s1/checkpoint-best/udpos/', predict_lang_adapter=None, test_adapter=True, adapter_weight=None, lang_to_vec=None, calc_weight_step=0, predict_save_prefix='', en_weight=None, temperature=1.0, get_attr=False, topk=1, task='udpos')
01/13/2022 00:56:51 - WARNING - __main__ -   Process rank: -1, device: cuda, n_gpu: 1, distributed training: False, 16-bits training: False
01/13/2022 00:56:51 - INFO - __main__ -   Seed = 1
01/13/2022 00:56:51 - INFO - root -   save model
01/13/2022 00:56:51 - INFO - __main__ -   Training/evaluation parameters ModelArguments(model_name_or_path='bert-base-multilingual-cased', model_type='bert', config_name=None, tokenizer_name=None, cache_dir=None, labels='/home/abhijeet/rohan/cloud-emea-copy/data//udpos/udpos_processed_maxlen128//labels.txt', data_dir='/home/abhijeet/rohan/cloud-emea-copy/data//udpos/udpos_processed_maxlen128/', output_dir='/home/abhijeet/rohan/cloud-emea-copy/outputs//udpos/my-bert-base-multilingual-cased-MaxLen128_udpos_myv_train_hi/', max_seq_length=128, do_train=False, do_eval=False, do_predict=True, do_adapter_predict=False, do_predict_dev=False, do_predict_train=False, init_checkpoint=None, evaluate_during_training=False, do_lower_case=False, few_shot=-1, per_gpu_train_batch_size=8, per_gpu_eval_batch_size=32, gradient_accumulation_steps=4, learning_rate=5e-05, weight_decay=0.0, adam_epsilon=1e-08, max_grad_norm=1.0, num_train_epochs=50.0, max_steps=-1, save_steps=1000, warmup_steps=0, logging_steps=50, save_only_best_checkpoint=True, eval_all_checkpoints=True, no_cuda=False, overwrite_output_dir=True, overwrite_cache=False, seed=1, fp16=False, fp16_opt_level='O1', local_rank=-1, server_ip='', server_port='', predict_langs='sw', train_langs='hi', log_file='/home/abhijeet/rohan/cloud-emea-copy/outputs//udpos/my-bert-base-multilingual-cased-MaxLen128_udpos_myv_train_hi//train_en.log', eval_patience=-1, bpe_dropout=0, do_save_adapter_fusions=False, task_name='udpos', predict_task_adapter='output/udpos/my-bert-base-multilingual-cased-LR1e-4-epoch50-MaxLen128-TrainLanghi_hi_s1/checkpoint-best/udpos/', predict_lang_adapter=None, test_adapter=True, adapter_weight=None, lang_to_vec=None, calc_weight_step=0, predict_save_prefix='', en_weight=None, temperature=1.0, get_attr=False, topk=1, task='udpos')
01/13/2022 00:56:51 - INFO - __main__ -   Loading pretrained model and tokenizer
01/13/2022 00:56:54 - INFO - __main__ -   loading from existing model bert-base-multilingual-cased
01/13/2022 00:57:00 - INFO - __main__ -   Using lang2id = None
01/13/2022 00:57:00 - INFO - __main__ -   Evaluating the model on test set of all the languages specified
01/13/2022 00:57:00 - INFO - __main__ -   Task Adapter will be loaded from this path output/udpos/my-bert-base-multilingual-cased-LR1e-4-epoch50-MaxLen128-TrainLanghi_hi_s1/checkpoint-best/udpos/
01/13/2022 00:57:00 - INFO - root -   Trying to decide if add adapter
01/13/2022 00:57:00 - INFO - root -   loading task adapter
01/13/2022 00:57:00 - INFO - root -   loading lang adpater myv/wiki@ukp
01/13/2022 00:57:00 - INFO - __main__ -   Adapter Languages : ['myv'], Length : 1
01/13/2022 00:57:00 - INFO - __main__ -   Adapter Names ['myv/wiki@ukp'], Length : 1
01/13/2022 00:57:00 - INFO - __main__ -   Language = myv
01/13/2022 00:57:00 - INFO - __main__ -   Adapter Name = myv/wiki@ukp
01/13/2022 00:57:07 - INFO - __main__ -   Language sw, split test does not exist
01/13/2022 00:57:09 - INFO - root -   Input args: ModelArguments(model_name_or_path='bert-base-multilingual-cased', model_type='bert', config_name=None, tokenizer_name=None, cache_dir=None, labels='/home/abhijeet/rohan/cloud-emea-copy/data//udpos/udpos_processed_maxlen128//labels.txt', data_dir='/home/abhijeet/rohan/cloud-emea-copy/data//udpos/udpos_processed_maxlen128/', output_dir='/home/abhijeet/rohan/cloud-emea-copy/outputs//udpos/my-bert-base-multilingual-cased-MaxLen128_udpos_myv_train_hi/', max_seq_length=128, do_train=False, do_eval=False, do_predict=True, do_adapter_predict=False, do_predict_dev=False, do_predict_train=False, init_checkpoint=None, evaluate_during_training=False, do_lower_case=False, few_shot=-1, per_gpu_train_batch_size=8, per_gpu_eval_batch_size=32, gradient_accumulation_steps=4, learning_rate=5e-05, weight_decay=0.0, adam_epsilon=1e-08, max_grad_norm=1.0, num_train_epochs=50.0, max_steps=-1, save_steps=1000, warmup_steps=0, logging_steps=50, save_only_best_checkpoint=True, eval_all_checkpoints=True, no_cuda=False, overwrite_output_dir=True, overwrite_cache=False, seed=2, fp16=False, fp16_opt_level='O1', local_rank=-1, server_ip='', server_port='', predict_langs='sw', train_langs='hi', log_file='/home/abhijeet/rohan/cloud-emea-copy/outputs//udpos/my-bert-base-multilingual-cased-MaxLen128_udpos_myv_train_hi//train_en.log', eval_patience=-1, bpe_dropout=0, do_save_adapter_fusions=False, task_name='udpos', predict_task_adapter='output/udpos/my-bert-base-multilingual-cased-LR1e-4-epoch50-MaxLen128-TrainLanghi_hi_s2/checkpoint-best/udpos/', predict_lang_adapter=None, test_adapter=True, adapter_weight=None, lang_to_vec=None, calc_weight_step=0, predict_save_prefix='', en_weight=None, temperature=1.0, get_attr=False, topk=1, task='udpos')
01/13/2022 00:57:09 - WARNING - __main__ -   Process rank: -1, device: cuda, n_gpu: 1, distributed training: False, 16-bits training: False
01/13/2022 00:57:09 - INFO - __main__ -   Seed = 2
01/13/2022 00:57:09 - INFO - root -   save model
01/13/2022 00:57:09 - INFO - __main__ -   Training/evaluation parameters ModelArguments(model_name_or_path='bert-base-multilingual-cased', model_type='bert', config_name=None, tokenizer_name=None, cache_dir=None, labels='/home/abhijeet/rohan/cloud-emea-copy/data//udpos/udpos_processed_maxlen128//labels.txt', data_dir='/home/abhijeet/rohan/cloud-emea-copy/data//udpos/udpos_processed_maxlen128/', output_dir='/home/abhijeet/rohan/cloud-emea-copy/outputs//udpos/my-bert-base-multilingual-cased-MaxLen128_udpos_myv_train_hi/', max_seq_length=128, do_train=False, do_eval=False, do_predict=True, do_adapter_predict=False, do_predict_dev=False, do_predict_train=False, init_checkpoint=None, evaluate_during_training=False, do_lower_case=False, few_shot=-1, per_gpu_train_batch_size=8, per_gpu_eval_batch_size=32, gradient_accumulation_steps=4, learning_rate=5e-05, weight_decay=0.0, adam_epsilon=1e-08, max_grad_norm=1.0, num_train_epochs=50.0, max_steps=-1, save_steps=1000, warmup_steps=0, logging_steps=50, save_only_best_checkpoint=True, eval_all_checkpoints=True, no_cuda=False, overwrite_output_dir=True, overwrite_cache=False, seed=2, fp16=False, fp16_opt_level='O1', local_rank=-1, server_ip='', server_port='', predict_langs='sw', train_langs='hi', log_file='/home/abhijeet/rohan/cloud-emea-copy/outputs//udpos/my-bert-base-multilingual-cased-MaxLen128_udpos_myv_train_hi//train_en.log', eval_patience=-1, bpe_dropout=0, do_save_adapter_fusions=False, task_name='udpos', predict_task_adapter='output/udpos/my-bert-base-multilingual-cased-LR1e-4-epoch50-MaxLen128-TrainLanghi_hi_s2/checkpoint-best/udpos/', predict_lang_adapter=None, test_adapter=True, adapter_weight=None, lang_to_vec=None, calc_weight_step=0, predict_save_prefix='', en_weight=None, temperature=1.0, get_attr=False, topk=1, task='udpos')
01/13/2022 00:57:09 - INFO - __main__ -   Loading pretrained model and tokenizer
01/13/2022 00:57:12 - INFO - __main__ -   loading from existing model bert-base-multilingual-cased
01/13/2022 00:57:17 - INFO - __main__ -   Using lang2id = None
01/13/2022 00:57:17 - INFO - __main__ -   Evaluating the model on test set of all the languages specified
01/13/2022 00:57:17 - INFO - __main__ -   Task Adapter will be loaded from this path output/udpos/my-bert-base-multilingual-cased-LR1e-4-epoch50-MaxLen128-TrainLanghi_hi_s2/checkpoint-best/udpos/
01/13/2022 00:57:17 - INFO - root -   Trying to decide if add adapter
01/13/2022 00:57:17 - INFO - root -   loading task adapter
01/13/2022 00:57:17 - INFO - root -   loading lang adpater myv/wiki@ukp
01/13/2022 00:57:17 - INFO - __main__ -   Adapter Languages : ['myv'], Length : 1
01/13/2022 00:57:17 - INFO - __main__ -   Adapter Names ['myv/wiki@ukp'], Length : 1
01/13/2022 00:57:17 - INFO - __main__ -   Language = myv
01/13/2022 00:57:17 - INFO - __main__ -   Adapter Name = myv/wiki@ukp
01/13/2022 00:57:24 - INFO - __main__ -   Language sw, split test does not exist
01/13/2022 00:57:27 - INFO - root -   Input args: ModelArguments(model_name_or_path='bert-base-multilingual-cased', model_type='bert', config_name=None, tokenizer_name=None, cache_dir=None, labels='/home/abhijeet/rohan/cloud-emea-copy/data//udpos/udpos_processed_maxlen128//labels.txt', data_dir='/home/abhijeet/rohan/cloud-emea-copy/data//udpos/udpos_processed_maxlen128/', output_dir='/home/abhijeet/rohan/cloud-emea-copy/outputs//udpos/my-bert-base-multilingual-cased-MaxLen128_udpos_myv_train_hi/', max_seq_length=128, do_train=False, do_eval=False, do_predict=True, do_adapter_predict=False, do_predict_dev=False, do_predict_train=False, init_checkpoint=None, evaluate_during_training=False, do_lower_case=False, few_shot=-1, per_gpu_train_batch_size=8, per_gpu_eval_batch_size=32, gradient_accumulation_steps=4, learning_rate=5e-05, weight_decay=0.0, adam_epsilon=1e-08, max_grad_norm=1.0, num_train_epochs=50.0, max_steps=-1, save_steps=1000, warmup_steps=0, logging_steps=50, save_only_best_checkpoint=True, eval_all_checkpoints=True, no_cuda=False, overwrite_output_dir=True, overwrite_cache=False, seed=3, fp16=False, fp16_opt_level='O1', local_rank=-1, server_ip='', server_port='', predict_langs='sw', train_langs='hi', log_file='/home/abhijeet/rohan/cloud-emea-copy/outputs//udpos/my-bert-base-multilingual-cased-MaxLen128_udpos_myv_train_hi//train_en.log', eval_patience=-1, bpe_dropout=0, do_save_adapter_fusions=False, task_name='udpos', predict_task_adapter='output/udpos/my-bert-base-multilingual-cased-LR1e-4-epoch50-MaxLen128-TrainLanghi_hi_s3/checkpoint-best/udpos/', predict_lang_adapter=None, test_adapter=True, adapter_weight=None, lang_to_vec=None, calc_weight_step=0, predict_save_prefix='', en_weight=None, temperature=1.0, get_attr=False, topk=1, task='udpos')
01/13/2022 00:57:27 - WARNING - __main__ -   Process rank: -1, device: cuda, n_gpu: 1, distributed training: False, 16-bits training: False
01/13/2022 00:57:27 - INFO - __main__ -   Seed = 3
01/13/2022 00:57:27 - INFO - root -   save model
01/13/2022 00:57:27 - INFO - __main__ -   Training/evaluation parameters ModelArguments(model_name_or_path='bert-base-multilingual-cased', model_type='bert', config_name=None, tokenizer_name=None, cache_dir=None, labels='/home/abhijeet/rohan/cloud-emea-copy/data//udpos/udpos_processed_maxlen128//labels.txt', data_dir='/home/abhijeet/rohan/cloud-emea-copy/data//udpos/udpos_processed_maxlen128/', output_dir='/home/abhijeet/rohan/cloud-emea-copy/outputs//udpos/my-bert-base-multilingual-cased-MaxLen128_udpos_myv_train_hi/', max_seq_length=128, do_train=False, do_eval=False, do_predict=True, do_adapter_predict=False, do_predict_dev=False, do_predict_train=False, init_checkpoint=None, evaluate_during_training=False, do_lower_case=False, few_shot=-1, per_gpu_train_batch_size=8, per_gpu_eval_batch_size=32, gradient_accumulation_steps=4, learning_rate=5e-05, weight_decay=0.0, adam_epsilon=1e-08, max_grad_norm=1.0, num_train_epochs=50.0, max_steps=-1, save_steps=1000, warmup_steps=0, logging_steps=50, save_only_best_checkpoint=True, eval_all_checkpoints=True, no_cuda=False, overwrite_output_dir=True, overwrite_cache=False, seed=3, fp16=False, fp16_opt_level='O1', local_rank=-1, server_ip='', server_port='', predict_langs='sw', train_langs='hi', log_file='/home/abhijeet/rohan/cloud-emea-copy/outputs//udpos/my-bert-base-multilingual-cased-MaxLen128_udpos_myv_train_hi//train_en.log', eval_patience=-1, bpe_dropout=0, do_save_adapter_fusions=False, task_name='udpos', predict_task_adapter='output/udpos/my-bert-base-multilingual-cased-LR1e-4-epoch50-MaxLen128-TrainLanghi_hi_s3/checkpoint-best/udpos/', predict_lang_adapter=None, test_adapter=True, adapter_weight=None, lang_to_vec=None, calc_weight_step=0, predict_save_prefix='', en_weight=None, temperature=1.0, get_attr=False, topk=1, task='udpos')
01/13/2022 00:57:27 - INFO - __main__ -   Loading pretrained model and tokenizer
01/13/2022 00:57:29 - INFO - __main__ -   loading from existing model bert-base-multilingual-cased
01/13/2022 00:57:35 - INFO - __main__ -   Using lang2id = None
01/13/2022 00:57:35 - INFO - __main__ -   Evaluating the model on test set of all the languages specified
01/13/2022 00:57:35 - INFO - __main__ -   Task Adapter will be loaded from this path output/udpos/my-bert-base-multilingual-cased-LR1e-4-epoch50-MaxLen128-TrainLanghi_hi_s3/checkpoint-best/udpos/
01/13/2022 00:57:35 - INFO - root -   Trying to decide if add adapter
01/13/2022 00:57:35 - INFO - root -   loading task adapter
01/13/2022 00:57:35 - INFO - root -   loading lang adpater myv/wiki@ukp
01/13/2022 00:57:35 - INFO - __main__ -   Adapter Languages : ['myv'], Length : 1
01/13/2022 00:57:35 - INFO - __main__ -   Adapter Names ['myv/wiki@ukp'], Length : 1
01/13/2022 00:57:35 - INFO - __main__ -   Language = myv
01/13/2022 00:57:35 - INFO - __main__ -   Adapter Name = myv/wiki@ukp
01/13/2022 00:57:41 - INFO - __main__ -   Language sw, split test does not exist
