12/26/2021 23:27:10 - INFO - root -   Input args: ModelArguments(model_name_or_path='bert-base-multilingual-cased', model_type='bert', config_name=None, tokenizer_name=None, cache_dir=None, labels='/home/abhijeet/rohan/cloud-emea/data//panx/panx_processed_maxlen128//labels.txt', data_dir='/home/abhijeet/rohan/cloud-emea/data//panx/panx_processed_maxlen128/', output_dir='/home/abhijeet/rohan/cloud-emea/outputs//panx/my-bert-base-multilingual-cased-MaxLen128_ner_qu/', max_seq_length=128, do_train=False, do_eval=False, do_predict=True, do_adapter_predict=False, do_predict_dev=False, do_predict_train=False, init_checkpoint=None, evaluate_during_training=False, do_lower_case=False, few_shot=-1, per_gpu_train_batch_size=8, per_gpu_eval_batch_size=32, gradient_accumulation_steps=4, learning_rate=5e-05, weight_decay=0.0, adam_epsilon=1e-08, max_grad_norm=1.0, num_train_epochs=100.0, max_steps=-1, save_steps=1000, warmup_steps=0, logging_steps=50, save_only_best_checkpoint=True, eval_all_checkpoints=True, no_cuda=False, overwrite_output_dir=True, overwrite_cache=False, seed=1, fp16=False, fp16_opt_level='O1', local_rank=-1, server_ip='', server_port='', predict_langs='qu', train_langs='en', log_file='/home/abhijeet/rohan/cloud-emea/outputs//panx/my-bert-base-multilingual-cased-MaxLen128_ner_qu//train.log', eval_patience=-1, bpe_dropout=0, do_save_adapter_fusions=False, task_name='ner', predict_task_adapter='output/panx/my-bert-base-multilingual-cased-LR1e-4-epoch100-MaxLen128-TrainLangen_en_s1/checkpoint-best/ner/', predict_lang_adapter=None, test_adapter=True, adapter_weight=None, lang_to_vec=None, calc_weight_step=0, predict_save_prefix='', en_weight=None, temperature=1.0, get_attr=False, topk=1, task='udpos')
12/26/2021 23:27:10 - WARNING - __main__ -   Process rank: -1, device: cuda, n_gpu: 1, distributed training: False, 16-bits training: False
12/26/2021 23:27:10 - INFO - __main__ -   Seed = 1
12/26/2021 23:27:10 - INFO - root -   save model
12/26/2021 23:27:10 - INFO - __main__ -   Training/evaluation parameters ModelArguments(model_name_or_path='bert-base-multilingual-cased', model_type='bert', config_name=None, tokenizer_name=None, cache_dir=None, labels='/home/abhijeet/rohan/cloud-emea/data//panx/panx_processed_maxlen128//labels.txt', data_dir='/home/abhijeet/rohan/cloud-emea/data//panx/panx_processed_maxlen128/', output_dir='/home/abhijeet/rohan/cloud-emea/outputs//panx/my-bert-base-multilingual-cased-MaxLen128_ner_qu/', max_seq_length=128, do_train=False, do_eval=False, do_predict=True, do_adapter_predict=False, do_predict_dev=False, do_predict_train=False, init_checkpoint=None, evaluate_during_training=False, do_lower_case=False, few_shot=-1, per_gpu_train_batch_size=8, per_gpu_eval_batch_size=32, gradient_accumulation_steps=4, learning_rate=5e-05, weight_decay=0.0, adam_epsilon=1e-08, max_grad_norm=1.0, num_train_epochs=100.0, max_steps=-1, save_steps=1000, warmup_steps=0, logging_steps=50, save_only_best_checkpoint=True, eval_all_checkpoints=True, no_cuda=False, overwrite_output_dir=True, overwrite_cache=False, seed=1, fp16=False, fp16_opt_level='O1', local_rank=-1, server_ip='', server_port='', predict_langs='qu', train_langs='en', log_file='/home/abhijeet/rohan/cloud-emea/outputs//panx/my-bert-base-multilingual-cased-MaxLen128_ner_qu//train.log', eval_patience=-1, bpe_dropout=0, do_save_adapter_fusions=False, task_name='ner', predict_task_adapter='output/panx/my-bert-base-multilingual-cased-LR1e-4-epoch100-MaxLen128-TrainLangen_en_s1/checkpoint-best/ner/', predict_lang_adapter=None, test_adapter=True, adapter_weight=None, lang_to_vec=None, calc_weight_step=0, predict_save_prefix='', en_weight=None, temperature=1.0, get_attr=False, topk=1, task='udpos')
12/26/2021 23:27:10 - INFO - __main__ -   Loading pretrained model and tokenizer
12/26/2021 23:27:15 - INFO - __main__ -   loading from existing model bert-base-multilingual-cased
12/26/2021 23:27:21 - INFO - __main__ -   Using lang2id = None
12/26/2021 23:27:21 - INFO - __main__ -   Evaluating the model on test set of all the languages specified
12/26/2021 23:27:21 - INFO - __main__ -   Task Adapter will be loaded from this path output/panx/my-bert-base-multilingual-cased-LR1e-4-epoch100-MaxLen128-TrainLangen_en_s1/checkpoint-best/ner/
12/26/2021 23:27:21 - INFO - root -   Trying to decide if add adapter
12/26/2021 23:27:21 - INFO - root -   loading task adapter
12/26/2021 23:27:21 - INFO - root -   loading lang adpater qu/wiki@ukp
12/26/2021 23:27:21 - INFO - __main__ -   Adapter Languages : ['qu'], Length : 1
12/26/2021 23:27:21 - INFO - __main__ -   Adapter Names ['qu/wiki@ukp'], Length : 1
12/26/2021 23:27:21 - INFO - __main__ -   Language = qu
12/26/2021 23:27:21 - INFO - __main__ -   Adapter Name = qu/wiki@ukp
12/26/2021 23:27:30 - INFO - __main__ -   Language adapter for qu found
12/26/2021 23:27:30 - INFO - __main__ -   Set active language adapter to qu
12/26/2021 23:27:30 - INFO - __main__ -   Args Adapter Weight = None
12/26/2021 23:27:30 - INFO - __main__ -   Adapter Languages = ['qu']
12/26/2021 23:27:30 - INFO - __main__ -   Loading features from cached file /home/abhijeet/rohan/cloud-emea/data//panx/panx_processed_maxlen128/cached_test_qu_bert-base-multilingual-cased_128
12/26/2021 23:27:30 - INFO - __main__ -   ***** Running evaluation  in qu *****
12/26/2021 23:27:30 - INFO - __main__ -     Num examples = 100
12/26/2021 23:27:30 - INFO - __main__ -     Batch size = 32
12/26/2021 23:27:30 - INFO - __main__ -   Batch number = 1
12/26/2021 23:27:30 - INFO - __main__ -   Batch number = 2
12/26/2021 23:27:30 - INFO - __main__ -   Batch number = 3
12/26/2021 23:27:31 - INFO - __main__ -   Batch number = 4
12/26/2021 23:27:31 - INFO - __main__ -   ***** Evaluation result  in qu *****
12/26/2021 23:27:31 - INFO - __main__ -     f1 = 0.5509433962264151
12/26/2021 23:27:31 - INFO - __main__ -     loss = 1.3447005152702332
12/26/2021 23:27:31 - INFO - __main__ -     precision = 0.48344370860927155
12/26/2021 23:27:31 - INFO - __main__ -     recall = 0.6403508771929824
12/26/2021 23:27:33 - INFO - root -   Input args: ModelArguments(model_name_or_path='bert-base-multilingual-cased', model_type='bert', config_name=None, tokenizer_name=None, cache_dir=None, labels='/home/abhijeet/rohan/cloud-emea/data//panx/panx_processed_maxlen128//labels.txt', data_dir='/home/abhijeet/rohan/cloud-emea/data//panx/panx_processed_maxlen128/', output_dir='/home/abhijeet/rohan/cloud-emea/outputs//panx/my-bert-base-multilingual-cased-MaxLen128_ner_qu/', max_seq_length=128, do_train=False, do_eval=False, do_predict=True, do_adapter_predict=False, do_predict_dev=False, do_predict_train=False, init_checkpoint=None, evaluate_during_training=False, do_lower_case=False, few_shot=-1, per_gpu_train_batch_size=8, per_gpu_eval_batch_size=32, gradient_accumulation_steps=4, learning_rate=5e-05, weight_decay=0.0, adam_epsilon=1e-08, max_grad_norm=1.0, num_train_epochs=100.0, max_steps=-1, save_steps=1000, warmup_steps=0, logging_steps=50, save_only_best_checkpoint=True, eval_all_checkpoints=True, no_cuda=False, overwrite_output_dir=True, overwrite_cache=False, seed=2, fp16=False, fp16_opt_level='O1', local_rank=-1, server_ip='', server_port='', predict_langs='qu', train_langs='en', log_file='/home/abhijeet/rohan/cloud-emea/outputs//panx/my-bert-base-multilingual-cased-MaxLen128_ner_qu//train.log', eval_patience=-1, bpe_dropout=0, do_save_adapter_fusions=False, task_name='ner', predict_task_adapter='output/panx/my-bert-base-multilingual-cased-LR1e-4-epoch100-MaxLen128-TrainLangen_en_s2/checkpoint-best/ner/', predict_lang_adapter=None, test_adapter=True, adapter_weight=None, lang_to_vec=None, calc_weight_step=0, predict_save_prefix='', en_weight=None, temperature=1.0, get_attr=False, topk=1, task='udpos')
12/26/2021 23:27:33 - WARNING - __main__ -   Process rank: -1, device: cuda, n_gpu: 1, distributed training: False, 16-bits training: False
12/26/2021 23:27:33 - INFO - __main__ -   Seed = 2
12/26/2021 23:27:33 - INFO - root -   save model
12/26/2021 23:27:33 - INFO - __main__ -   Training/evaluation parameters ModelArguments(model_name_or_path='bert-base-multilingual-cased', model_type='bert', config_name=None, tokenizer_name=None, cache_dir=None, labels='/home/abhijeet/rohan/cloud-emea/data//panx/panx_processed_maxlen128//labels.txt', data_dir='/home/abhijeet/rohan/cloud-emea/data//panx/panx_processed_maxlen128/', output_dir='/home/abhijeet/rohan/cloud-emea/outputs//panx/my-bert-base-multilingual-cased-MaxLen128_ner_qu/', max_seq_length=128, do_train=False, do_eval=False, do_predict=True, do_adapter_predict=False, do_predict_dev=False, do_predict_train=False, init_checkpoint=None, evaluate_during_training=False, do_lower_case=False, few_shot=-1, per_gpu_train_batch_size=8, per_gpu_eval_batch_size=32, gradient_accumulation_steps=4, learning_rate=5e-05, weight_decay=0.0, adam_epsilon=1e-08, max_grad_norm=1.0, num_train_epochs=100.0, max_steps=-1, save_steps=1000, warmup_steps=0, logging_steps=50, save_only_best_checkpoint=True, eval_all_checkpoints=True, no_cuda=False, overwrite_output_dir=True, overwrite_cache=False, seed=2, fp16=False, fp16_opt_level='O1', local_rank=-1, server_ip='', server_port='', predict_langs='qu', train_langs='en', log_file='/home/abhijeet/rohan/cloud-emea/outputs//panx/my-bert-base-multilingual-cased-MaxLen128_ner_qu//train.log', eval_patience=-1, bpe_dropout=0, do_save_adapter_fusions=False, task_name='ner', predict_task_adapter='output/panx/my-bert-base-multilingual-cased-LR1e-4-epoch100-MaxLen128-TrainLangen_en_s2/checkpoint-best/ner/', predict_lang_adapter=None, test_adapter=True, adapter_weight=None, lang_to_vec=None, calc_weight_step=0, predict_save_prefix='', en_weight=None, temperature=1.0, get_attr=False, topk=1, task='udpos')
12/26/2021 23:27:33 - INFO - __main__ -   Loading pretrained model and tokenizer
12/26/2021 23:27:37 - INFO - __main__ -   loading from existing model bert-base-multilingual-cased
12/26/2021 23:27:44 - INFO - __main__ -   Using lang2id = None
12/26/2021 23:27:44 - INFO - __main__ -   Evaluating the model on test set of all the languages specified
12/26/2021 23:27:44 - INFO - __main__ -   Task Adapter will be loaded from this path output/panx/my-bert-base-multilingual-cased-LR1e-4-epoch100-MaxLen128-TrainLangen_en_s2/checkpoint-best/ner/
12/26/2021 23:27:44 - INFO - root -   Trying to decide if add adapter
12/26/2021 23:27:44 - INFO - root -   loading task adapter
12/26/2021 23:27:44 - INFO - root -   loading lang adpater qu/wiki@ukp
12/26/2021 23:27:44 - INFO - __main__ -   Adapter Languages : ['qu'], Length : 1
12/26/2021 23:27:44 - INFO - __main__ -   Adapter Names ['qu/wiki@ukp'], Length : 1
12/26/2021 23:27:44 - INFO - __main__ -   Language = qu
12/26/2021 23:27:44 - INFO - __main__ -   Adapter Name = qu/wiki@ukp
12/26/2021 23:27:51 - INFO - __main__ -   Language adapter for qu found
12/26/2021 23:27:51 - INFO - __main__ -   Set active language adapter to qu
12/26/2021 23:27:51 - INFO - __main__ -   Args Adapter Weight = None
12/26/2021 23:27:51 - INFO - __main__ -   Adapter Languages = ['qu']
12/26/2021 23:27:51 - INFO - __main__ -   Loading features from cached file /home/abhijeet/rohan/cloud-emea/data//panx/panx_processed_maxlen128/cached_test_qu_bert-base-multilingual-cased_128
12/26/2021 23:27:51 - INFO - __main__ -   ***** Running evaluation  in qu *****
12/26/2021 23:27:51 - INFO - __main__ -     Num examples = 100
12/26/2021 23:27:51 - INFO - __main__ -     Batch size = 32
12/26/2021 23:27:51 - INFO - __main__ -   Batch number = 1
12/26/2021 23:27:51 - INFO - __main__ -   Batch number = 2
12/26/2021 23:27:51 - INFO - __main__ -   Batch number = 3
12/26/2021 23:27:52 - INFO - __main__ -   Batch number = 4
12/26/2021 23:27:52 - INFO - __main__ -   ***** Evaluation result  in qu *****
12/26/2021 23:27:52 - INFO - __main__ -     f1 = 0.5584905660377358
12/26/2021 23:27:52 - INFO - __main__ -     loss = 1.2009500563144684
12/26/2021 23:27:52 - INFO - __main__ -     precision = 0.4900662251655629
12/26/2021 23:27:52 - INFO - __main__ -     recall = 0.6491228070175439
12/26/2021 23:27:54 - INFO - root -   Input args: ModelArguments(model_name_or_path='bert-base-multilingual-cased', model_type='bert', config_name=None, tokenizer_name=None, cache_dir=None, labels='/home/abhijeet/rohan/cloud-emea/data//panx/panx_processed_maxlen128//labels.txt', data_dir='/home/abhijeet/rohan/cloud-emea/data//panx/panx_processed_maxlen128/', output_dir='/home/abhijeet/rohan/cloud-emea/outputs//panx/my-bert-base-multilingual-cased-MaxLen128_ner_qu/', max_seq_length=128, do_train=False, do_eval=False, do_predict=True, do_adapter_predict=False, do_predict_dev=False, do_predict_train=False, init_checkpoint=None, evaluate_during_training=False, do_lower_case=False, few_shot=-1, per_gpu_train_batch_size=8, per_gpu_eval_batch_size=32, gradient_accumulation_steps=4, learning_rate=5e-05, weight_decay=0.0, adam_epsilon=1e-08, max_grad_norm=1.0, num_train_epochs=100.0, max_steps=-1, save_steps=1000, warmup_steps=0, logging_steps=50, save_only_best_checkpoint=True, eval_all_checkpoints=True, no_cuda=False, overwrite_output_dir=True, overwrite_cache=False, seed=3, fp16=False, fp16_opt_level='O1', local_rank=-1, server_ip='', server_port='', predict_langs='qu', train_langs='en', log_file='/home/abhijeet/rohan/cloud-emea/outputs//panx/my-bert-base-multilingual-cased-MaxLen128_ner_qu//train.log', eval_patience=-1, bpe_dropout=0, do_save_adapter_fusions=False, task_name='ner', predict_task_adapter='output/panx/my-bert-base-multilingual-cased-LR1e-4-epoch100-MaxLen128-TrainLangen_en_s3/checkpoint-best/ner/', predict_lang_adapter=None, test_adapter=True, adapter_weight=None, lang_to_vec=None, calc_weight_step=0, predict_save_prefix='', en_weight=None, temperature=1.0, get_attr=False, topk=1, task='udpos')
12/26/2021 23:27:54 - WARNING - __main__ -   Process rank: -1, device: cuda, n_gpu: 1, distributed training: False, 16-bits training: False
12/26/2021 23:27:54 - INFO - __main__ -   Seed = 3
12/26/2021 23:27:54 - INFO - root -   save model
12/26/2021 23:27:54 - INFO - __main__ -   Training/evaluation parameters ModelArguments(model_name_or_path='bert-base-multilingual-cased', model_type='bert', config_name=None, tokenizer_name=None, cache_dir=None, labels='/home/abhijeet/rohan/cloud-emea/data//panx/panx_processed_maxlen128//labels.txt', data_dir='/home/abhijeet/rohan/cloud-emea/data//panx/panx_processed_maxlen128/', output_dir='/home/abhijeet/rohan/cloud-emea/outputs//panx/my-bert-base-multilingual-cased-MaxLen128_ner_qu/', max_seq_length=128, do_train=False, do_eval=False, do_predict=True, do_adapter_predict=False, do_predict_dev=False, do_predict_train=False, init_checkpoint=None, evaluate_during_training=False, do_lower_case=False, few_shot=-1, per_gpu_train_batch_size=8, per_gpu_eval_batch_size=32, gradient_accumulation_steps=4, learning_rate=5e-05, weight_decay=0.0, adam_epsilon=1e-08, max_grad_norm=1.0, num_train_epochs=100.0, max_steps=-1, save_steps=1000, warmup_steps=0, logging_steps=50, save_only_best_checkpoint=True, eval_all_checkpoints=True, no_cuda=False, overwrite_output_dir=True, overwrite_cache=False, seed=3, fp16=False, fp16_opt_level='O1', local_rank=-1, server_ip='', server_port='', predict_langs='qu', train_langs='en', log_file='/home/abhijeet/rohan/cloud-emea/outputs//panx/my-bert-base-multilingual-cased-MaxLen128_ner_qu//train.log', eval_patience=-1, bpe_dropout=0, do_save_adapter_fusions=False, task_name='ner', predict_task_adapter='output/panx/my-bert-base-multilingual-cased-LR1e-4-epoch100-MaxLen128-TrainLangen_en_s3/checkpoint-best/ner/', predict_lang_adapter=None, test_adapter=True, adapter_weight=None, lang_to_vec=None, calc_weight_step=0, predict_save_prefix='', en_weight=None, temperature=1.0, get_attr=False, topk=1, task='udpos')
12/26/2021 23:27:54 - INFO - __main__ -   Loading pretrained model and tokenizer
12/26/2021 23:27:59 - INFO - __main__ -   loading from existing model bert-base-multilingual-cased
12/26/2021 23:28:05 - INFO - __main__ -   Using lang2id = None
12/26/2021 23:28:05 - INFO - __main__ -   Evaluating the model on test set of all the languages specified
12/26/2021 23:28:05 - INFO - __main__ -   Task Adapter will be loaded from this path output/panx/my-bert-base-multilingual-cased-LR1e-4-epoch100-MaxLen128-TrainLangen_en_s3/checkpoint-best/ner/
12/26/2021 23:28:05 - INFO - root -   Trying to decide if add adapter
12/26/2021 23:28:05 - INFO - root -   loading task adapter
12/26/2021 23:28:05 - INFO - root -   loading lang adpater qu/wiki@ukp
12/26/2021 23:28:05 - INFO - __main__ -   Adapter Languages : ['qu'], Length : 1
12/26/2021 23:28:05 - INFO - __main__ -   Adapter Names ['qu/wiki@ukp'], Length : 1
12/26/2021 23:28:05 - INFO - __main__ -   Language = qu
12/26/2021 23:28:05 - INFO - __main__ -   Adapter Name = qu/wiki@ukp
12/26/2021 23:28:12 - INFO - __main__ -   Language adapter for qu found
12/26/2021 23:28:12 - INFO - __main__ -   Set active language adapter to qu
12/26/2021 23:28:12 - INFO - __main__ -   Args Adapter Weight = None
12/26/2021 23:28:12 - INFO - __main__ -   Adapter Languages = ['qu']
12/26/2021 23:28:12 - INFO - __main__ -   Loading features from cached file /home/abhijeet/rohan/cloud-emea/data//panx/panx_processed_maxlen128/cached_test_qu_bert-base-multilingual-cased_128
12/26/2021 23:28:12 - INFO - __main__ -   ***** Running evaluation  in qu *****
12/26/2021 23:28:12 - INFO - __main__ -     Num examples = 100
12/26/2021 23:28:12 - INFO - __main__ -     Batch size = 32
12/26/2021 23:28:12 - INFO - __main__ -   Batch number = 1
12/26/2021 23:28:13 - INFO - __main__ -   Batch number = 2
12/26/2021 23:28:13 - INFO - __main__ -   Batch number = 3
12/26/2021 23:28:13 - INFO - __main__ -   Batch number = 4
12/26/2021 23:28:13 - INFO - __main__ -   ***** Evaluation result  in qu *****
12/26/2021 23:28:13 - INFO - __main__ -     f1 = 0.5962264150943397
12/26/2021 23:28:13 - INFO - __main__ -     loss = 1.4744527637958527
12/26/2021 23:28:13 - INFO - __main__ -     precision = 0.5231788079470199
12/26/2021 23:28:13 - INFO - __main__ -     recall = 0.6929824561403509
