01/16/2022 11:30:31 - INFO - root -   Input args: ModelArguments(model_name_or_path='bert-base-multilingual-cased', model_type='bert', config_name=None, tokenizer_name=None, cache_dir=None, labels='/home/abhijeet/rohan/cloud-emea-copy/data//panx/panx_processed_maxlen128//labels.txt', data_dir='/home/abhijeet/rohan/cloud-emea-copy/data//panx/panx_processed_maxlen128/', output_dir='/home/abhijeet/rohan/cloud-emea-copy/outputs//panx/my-bert-base-multilingual-cased-MaxLen128_ner_emea_s10_is_top10/', max_seq_length=128, do_train=False, do_eval=False, do_predict=True, do_adapter_predict=False, do_predict_dev=False, do_predict_train=False, init_checkpoint=None, evaluate_during_training=False, do_lower_case=False, few_shot=-1, per_gpu_train_batch_size=8, per_gpu_eval_batch_size=1, gradient_accumulation_steps=4, learning_rate=5e-05, weight_decay=0.0, adam_epsilon=1e-08, max_grad_norm=1.0, num_train_epochs=100.0, max_steps=-1, save_steps=1000, warmup_steps=0, logging_steps=50, save_only_best_checkpoint=True, eval_all_checkpoints=True, no_cuda=False, overwrite_output_dir=True, overwrite_cache=False, seed=2, fp16=False, fp16_opt_level='O1', local_rank=-1, server_ip='', server_port='', predict_langs='da', train_langs='en', log_file='/home/abhijeet/rohan/cloud-emea-copy/outputs//panx/my-bert-base-multilingual-cased-MaxLen128_ner_emea_s10_is_top10//train_da.log', eval_patience=-1, bpe_dropout=0, do_save_adapter_fusions=False, task_name='ner', predict_task_adapter='output/panx/my-bert-base-multilingual-cased-LR1e-4-epoch100-MaxLen128-TrainLangen_en_s2/checkpoint-best/ner/', predict_lang_adapter=None, test_adapter=True, adapter_weight='equal', lang_to_vec=None, calc_weight_step=10, predict_save_prefix='', en_weight=None, temperature=1.0, get_attr=False, topk=1, task='udpos')
01/16/2022 11:30:31 - WARNING - __main__ -   Process rank: -1, device: cuda, n_gpu: 1, distributed training: False, 16-bits training: False
01/16/2022 11:30:31 - INFO - __main__ -   Seed = 2
01/16/2022 11:30:31 - INFO - root -   save model
01/16/2022 11:30:31 - INFO - __main__ -   Training/evaluation parameters ModelArguments(model_name_or_path='bert-base-multilingual-cased', model_type='bert', config_name=None, tokenizer_name=None, cache_dir=None, labels='/home/abhijeet/rohan/cloud-emea-copy/data//panx/panx_processed_maxlen128//labels.txt', data_dir='/home/abhijeet/rohan/cloud-emea-copy/data//panx/panx_processed_maxlen128/', output_dir='/home/abhijeet/rohan/cloud-emea-copy/outputs//panx/my-bert-base-multilingual-cased-MaxLen128_ner_emea_s10_is_top10/', max_seq_length=128, do_train=False, do_eval=False, do_predict=True, do_adapter_predict=False, do_predict_dev=False, do_predict_train=False, init_checkpoint=None, evaluate_during_training=False, do_lower_case=False, few_shot=-1, per_gpu_train_batch_size=8, per_gpu_eval_batch_size=1, gradient_accumulation_steps=4, learning_rate=5e-05, weight_decay=0.0, adam_epsilon=1e-08, max_grad_norm=1.0, num_train_epochs=100.0, max_steps=-1, save_steps=1000, warmup_steps=0, logging_steps=50, save_only_best_checkpoint=True, eval_all_checkpoints=True, no_cuda=False, overwrite_output_dir=True, overwrite_cache=False, seed=2, fp16=False, fp16_opt_level='O1', local_rank=-1, server_ip='', server_port='', predict_langs='da', train_langs='en', log_file='/home/abhijeet/rohan/cloud-emea-copy/outputs//panx/my-bert-base-multilingual-cased-MaxLen128_ner_emea_s10_is_top10//train_da.log', eval_patience=-1, bpe_dropout=0, do_save_adapter_fusions=False, task_name='ner', predict_task_adapter='output/panx/my-bert-base-multilingual-cased-LR1e-4-epoch100-MaxLen128-TrainLangen_en_s2/checkpoint-best/ner/', predict_lang_adapter=None, test_adapter=True, adapter_weight='equal', lang_to_vec=None, calc_weight_step=10, predict_save_prefix='', en_weight=None, temperature=1.0, get_attr=False, topk=1, task='udpos')
01/16/2022 11:30:31 - INFO - __main__ -   Loading pretrained model and tokenizer
01/16/2022 11:30:34 - INFO - __main__ -   loading from existing model bert-base-multilingual-cased
01/16/2022 11:30:40 - INFO - __main__ -   Using lang2id = None
01/16/2022 11:30:40 - INFO - __main__ -   Evaluating the model on test set of all the languages specified
01/16/2022 11:30:40 - INFO - __main__ -   Task Adapter will be loaded from this path output/panx/my-bert-base-multilingual-cased-LR1e-4-epoch100-MaxLen128-TrainLangen_en_s2/checkpoint-best/ner/
01/16/2022 11:30:40 - INFO - root -   Trying to decide if add adapter
01/16/2022 11:30:40 - INFO - root -   loading task adapter
01/16/2022 11:30:40 - INFO - root -   loading lang adpater is/wiki@ukp,ka/wiki@ukp,pt/wiki@ukp,hu/wiki@ukp,cs/wiki@ukp,de/wiki@ukp,en/wiki@ukp,hy/wiki@ukp,tr/wiki@ukp,zh_yue/wiki@ukp
01/16/2022 11:30:40 - INFO - __main__ -   Adapter Languages : ['is', 'ka', 'pt', 'hu', 'cs', 'de', 'en', 'hy', 'tr', 'zh_yue'], Length : 10
01/16/2022 11:30:40 - INFO - __main__ -   Adapter Names ['is/wiki@ukp', 'ka/wiki@ukp', 'pt/wiki@ukp', 'hu/wiki@ukp', 'cs/wiki@ukp', 'de/wiki@ukp', 'en/wiki@ukp', 'hy/wiki@ukp', 'tr/wiki@ukp', 'zh_yue/wiki@ukp'], Length : 10
01/16/2022 11:30:40 - INFO - __main__ -   Language = is
01/16/2022 11:30:40 - INFO - __main__ -   Adapter Name = is/wiki@ukp
01/16/2022 11:30:41 - INFO - __main__ -   Language = ka
01/16/2022 11:30:41 - INFO - __main__ -   Adapter Name = ka/wiki@ukp
01/16/2022 11:30:44 - INFO - __main__ -   Language = pt
01/16/2022 11:30:44 - INFO - __main__ -   Adapter Name = pt/wiki@ukp
01/16/2022 11:30:47 - INFO - __main__ -   Language = hu
01/16/2022 11:30:47 - INFO - __main__ -   Adapter Name = hu/wiki@ukp
01/16/2022 11:30:49 - INFO - __main__ -   Language = cs
01/16/2022 11:30:49 - INFO - __main__ -   Adapter Name = cs/wiki@ukp
01/16/2022 11:30:52 - INFO - __main__ -   Language = de
01/16/2022 11:30:52 - INFO - __main__ -   Adapter Name = de/wiki@ukp
01/16/2022 11:30:53 - INFO - __main__ -   Language = en
01/16/2022 11:30:53 - INFO - __main__ -   Adapter Name = en/wiki@ukp
01/16/2022 11:30:54 - INFO - __main__ -   Language = hy
01/16/2022 11:30:54 - INFO - __main__ -   Adapter Name = hy/wiki@ukp
01/16/2022 11:30:57 - INFO - __main__ -   Language = tr
01/16/2022 11:30:57 - INFO - __main__ -   Adapter Name = tr/wiki@ukp
01/16/2022 11:31:00 - INFO - __main__ -   Language = zh_yue
01/16/2022 11:31:00 - INFO - __main__ -   Adapter Name = zh_yue/wiki@ukp
01/16/2022 11:31:06 - INFO - __main__ -   Args Adapter Weight = equal
01/16/2022 11:31:06 - INFO - __main__ -   Adapter Languages = ['is', 'ka', 'pt', 'hu', 'cs', 'de', 'en', 'hy', 'tr', 'zh_yue']
01/16/2022 11:31:06 - INFO - __main__ -   Adapter Weights = [0.1, 0.1, 0.1, 0.1, 0.1, 0.1, 0.1, 0.1, 0.1, 0.1]
01/16/2022 11:31:06 - INFO - __main__ -   Sum of Adapter Weights = 0.9999999999999999
01/16/2022 11:31:06 - INFO - __main__ -   Length of Adapter Weights = 10
01/16/2022 11:31:06 - INFO - __main__ -   Loading features from cached file /home/abhijeet/rohan/cloud-emea-copy/data//panx/panx_processed_maxlen128/cached_test_da_bert-base-multilingual-cased_128
01/16/2022 11:31:07 - INFO - __main__ -   ***** Running evaluation  in da *****
01/16/2022 11:31:07 - INFO - __main__ -     Num examples = 10001
01/16/2022 11:31:07 - INFO - __main__ -     Batch size = 1
01/16/2022 11:31:07 - INFO - __main__ -   Batch number = 1
01/16/2022 11:31:08 - INFO - __main__ -   Batch number = 2
01/16/2022 11:31:09 - INFO - __main__ -   Batch number = 3
01/16/2022 11:31:10 - INFO - __main__ -   Batch number = 4
01/16/2022 11:31:11 - INFO - __main__ -   Batch number = 5
01/16/2022 11:31:13 - INFO - __main__ -   Batch number = 6
01/16/2022 11:31:14 - INFO - __main__ -   Batch number = 7
01/16/2022 11:31:15 - INFO - __main__ -   Batch number = 8
01/16/2022 11:31:16 - INFO - __main__ -   Batch number = 9
01/16/2022 11:31:18 - INFO - __main__ -   Batch number = 10
01/16/2022 11:31:19 - INFO - __main__ -   Batch number = 11
01/16/2022 11:31:20 - INFO - __main__ -   Batch number = 12
01/16/2022 11:31:21 - INFO - __main__ -   Batch number = 13
01/16/2022 11:31:22 - INFO - __main__ -   Batch number = 14
01/16/2022 11:31:23 - INFO - __main__ -   Batch number = 15
01/16/2022 11:31:25 - INFO - __main__ -   Batch number = 16
01/16/2022 11:31:26 - INFO - __main__ -   Batch number = 17
01/16/2022 11:31:27 - INFO - __main__ -   Batch number = 18
01/16/2022 11:31:28 - INFO - __main__ -   Batch number = 19
01/16/2022 11:31:29 - INFO - __main__ -   Batch number = 20
01/16/2022 11:31:30 - INFO - __main__ -   Batch number = 21
01/16/2022 11:31:31 - INFO - __main__ -   Batch number = 22
01/16/2022 11:31:33 - INFO - __main__ -   Batch number = 23
01/16/2022 11:31:34 - INFO - __main__ -   Batch number = 24
01/16/2022 11:31:35 - INFO - __main__ -   Batch number = 25
01/16/2022 11:31:36 - INFO - __main__ -   Batch number = 26
01/16/2022 11:31:38 - INFO - __main__ -   Batch number = 27
01/16/2022 11:31:39 - INFO - __main__ -   Batch number = 28
01/16/2022 11:31:40 - INFO - __main__ -   Batch number = 29
01/16/2022 11:31:41 - INFO - __main__ -   Batch number = 30
01/16/2022 11:31:42 - INFO - __main__ -   Batch number = 31
01/16/2022 11:31:43 - INFO - __main__ -   Batch number = 32
01/16/2022 11:31:44 - INFO - __main__ -   Batch number = 33
01/16/2022 11:31:45 - INFO - __main__ -   Batch number = 34
01/16/2022 11:31:46 - INFO - __main__ -   Batch number = 35
01/16/2022 11:31:47 - INFO - __main__ -   Batch number = 36
01/16/2022 11:31:49 - INFO - __main__ -   Batch number = 37
01/16/2022 11:31:50 - INFO - __main__ -   Batch number = 38
01/16/2022 11:31:51 - INFO - __main__ -   Batch number = 39
01/16/2022 11:31:52 - INFO - __main__ -   Batch number = 40
01/16/2022 11:31:54 - INFO - __main__ -   Batch number = 41
01/16/2022 11:31:55 - INFO - __main__ -   Batch number = 42
01/16/2022 11:31:56 - INFO - __main__ -   Batch number = 43
01/16/2022 11:31:57 - INFO - __main__ -   Batch number = 44
01/16/2022 11:31:58 - INFO - __main__ -   Batch number = 45
01/16/2022 11:32:00 - INFO - __main__ -   Batch number = 46
01/16/2022 11:32:01 - INFO - __main__ -   Batch number = 47
01/16/2022 11:32:02 - INFO - __main__ -   Batch number = 48
01/16/2022 11:32:03 - INFO - __main__ -   Batch number = 49
01/16/2022 11:32:05 - INFO - __main__ -   Batch number = 50
01/16/2022 11:32:06 - INFO - __main__ -   Batch number = 51
01/16/2022 11:32:07 - INFO - __main__ -   Batch number = 52
01/16/2022 11:32:08 - INFO - __main__ -   Batch number = 53
01/16/2022 11:32:09 - INFO - __main__ -   Batch number = 54
01/16/2022 11:32:10 - INFO - __main__ -   Batch number = 55
01/16/2022 11:32:12 - INFO - __main__ -   Batch number = 56
01/16/2022 11:32:13 - INFO - __main__ -   Batch number = 57
01/16/2022 11:32:14 - INFO - __main__ -   Batch number = 58
01/16/2022 11:32:15 - INFO - __main__ -   Batch number = 59
01/16/2022 11:32:16 - INFO - __main__ -   Batch number = 60
01/16/2022 11:32:17 - INFO - __main__ -   Batch number = 61
01/16/2022 11:32:19 - INFO - __main__ -   Batch number = 62
01/16/2022 11:32:20 - INFO - __main__ -   Batch number = 63
01/16/2022 11:32:21 - INFO - __main__ -   Batch number = 64
01/16/2022 11:32:22 - INFO - __main__ -   Batch number = 65
01/16/2022 11:32:23 - INFO - __main__ -   Batch number = 66
01/16/2022 11:32:24 - INFO - __main__ -   Batch number = 67
01/16/2022 11:32:25 - INFO - __main__ -   Batch number = 68
01/16/2022 11:32:26 - INFO - __main__ -   Batch number = 69
01/16/2022 11:32:27 - INFO - __main__ -   Batch number = 70
01/16/2022 11:32:29 - INFO - __main__ -   Batch number = 71
01/16/2022 11:32:30 - INFO - __main__ -   Batch number = 72
01/16/2022 11:32:31 - INFO - __main__ -   Batch number = 73
01/16/2022 11:32:32 - INFO - __main__ -   Batch number = 74
01/16/2022 11:32:33 - INFO - __main__ -   Batch number = 75
01/16/2022 11:32:34 - INFO - __main__ -   Batch number = 76
01/16/2022 11:32:35 - INFO - __main__ -   Batch number = 77
01/16/2022 11:32:36 - INFO - __main__ -   Batch number = 78
01/16/2022 11:32:38 - INFO - __main__ -   Batch number = 79
01/16/2022 11:32:39 - INFO - __main__ -   Batch number = 80
01/16/2022 11:32:40 - INFO - __main__ -   Batch number = 81
01/16/2022 11:32:41 - INFO - __main__ -   Batch number = 82
01/16/2022 11:32:42 - INFO - __main__ -   Batch number = 83
01/16/2022 11:32:43 - INFO - __main__ -   Batch number = 84
01/16/2022 11:32:45 - INFO - __main__ -   Batch number = 85
01/16/2022 11:32:46 - INFO - __main__ -   Batch number = 86
01/16/2022 11:32:47 - INFO - __main__ -   Batch number = 87
01/16/2022 11:32:48 - INFO - __main__ -   Batch number = 88
01/16/2022 11:32:49 - INFO - __main__ -   Batch number = 89
01/16/2022 11:32:50 - INFO - __main__ -   Batch number = 90
01/16/2022 11:32:51 - INFO - __main__ -   Batch number = 91
01/16/2022 11:32:52 - INFO - __main__ -   Batch number = 92
01/16/2022 11:32:54 - INFO - __main__ -   Batch number = 93
01/16/2022 11:32:55 - INFO - __main__ -   Batch number = 94
01/16/2022 11:32:56 - INFO - __main__ -   Batch number = 95
01/16/2022 11:32:57 - INFO - __main__ -   Batch number = 96
01/16/2022 11:32:58 - INFO - __main__ -   Batch number = 97
01/16/2022 11:32:59 - INFO - __main__ -   Batch number = 98
01/16/2022 11:33:00 - INFO - __main__ -   Batch number = 99
01/16/2022 11:33:02 - INFO - __main__ -   Batch number = 100
01/16/2022 11:33:03 - INFO - __main__ -   Batch number = 101
01/16/2022 11:33:04 - INFO - __main__ -   Batch number = 102
01/16/2022 11:33:05 - INFO - __main__ -   Batch number = 103
01/16/2022 11:33:06 - INFO - __main__ -   Batch number = 104
01/16/2022 11:33:07 - INFO - __main__ -   Batch number = 105
01/16/2022 11:33:08 - INFO - __main__ -   Batch number = 106
01/16/2022 11:33:09 - INFO - __main__ -   Batch number = 107
01/16/2022 11:33:11 - INFO - __main__ -   Batch number = 108
01/16/2022 11:33:12 - INFO - __main__ -   Batch number = 109
01/16/2022 11:33:13 - INFO - __main__ -   Batch number = 110
01/16/2022 11:33:14 - INFO - __main__ -   Batch number = 111
01/16/2022 11:33:15 - INFO - __main__ -   Batch number = 112
01/16/2022 11:33:16 - INFO - __main__ -   Batch number = 113
01/16/2022 11:33:18 - INFO - __main__ -   Batch number = 114
01/16/2022 11:33:19 - INFO - __main__ -   Batch number = 115
01/16/2022 11:33:20 - INFO - __main__ -   Batch number = 116
01/16/2022 11:33:21 - INFO - __main__ -   Batch number = 117
01/16/2022 11:33:22 - INFO - __main__ -   Batch number = 118
01/16/2022 11:33:23 - INFO - __main__ -   Batch number = 119
01/16/2022 11:33:24 - INFO - __main__ -   Batch number = 120
01/16/2022 11:33:26 - INFO - __main__ -   Batch number = 121
01/16/2022 11:33:27 - INFO - __main__ -   Batch number = 122
01/16/2022 11:33:28 - INFO - __main__ -   Batch number = 123
01/16/2022 11:33:29 - INFO - __main__ -   Batch number = 124
01/16/2022 11:33:30 - INFO - __main__ -   Batch number = 125
01/16/2022 11:33:31 - INFO - __main__ -   Batch number = 126
01/16/2022 11:33:33 - INFO - __main__ -   Batch number = 127
01/16/2022 11:33:34 - INFO - __main__ -   Batch number = 128
01/16/2022 11:33:35 - INFO - __main__ -   Batch number = 129
01/16/2022 11:33:36 - INFO - __main__ -   Batch number = 130
01/16/2022 11:33:38 - INFO - __main__ -   Batch number = 131
01/16/2022 11:33:39 - INFO - __main__ -   Batch number = 132
01/16/2022 11:33:40 - INFO - __main__ -   Batch number = 133
01/16/2022 11:33:41 - INFO - __main__ -   Batch number = 134
01/16/2022 11:33:42 - INFO - __main__ -   Batch number = 135
01/16/2022 11:33:43 - INFO - __main__ -   Batch number = 136
01/16/2022 11:33:44 - INFO - __main__ -   Batch number = 137
01/16/2022 11:33:46 - INFO - __main__ -   Batch number = 138
01/16/2022 11:33:47 - INFO - __main__ -   Batch number = 139
01/16/2022 11:33:48 - INFO - __main__ -   Batch number = 140
01/16/2022 11:33:49 - INFO - __main__ -   Batch number = 141
01/16/2022 11:33:50 - INFO - __main__ -   Batch number = 142
01/16/2022 11:33:51 - INFO - __main__ -   Batch number = 143
01/16/2022 11:33:53 - INFO - __main__ -   Batch number = 144
01/16/2022 11:33:54 - INFO - __main__ -   Batch number = 145
01/16/2022 11:33:55 - INFO - __main__ -   Batch number = 146
01/16/2022 11:33:56 - INFO - __main__ -   Batch number = 147
01/16/2022 11:33:57 - INFO - __main__ -   Batch number = 148
01/16/2022 11:33:58 - INFO - __main__ -   Batch number = 149
01/16/2022 11:33:59 - INFO - __main__ -   Batch number = 150
01/16/2022 11:34:01 - INFO - __main__ -   Batch number = 151
01/16/2022 11:34:02 - INFO - __main__ -   Batch number = 152
01/16/2022 11:34:03 - INFO - __main__ -   Batch number = 153
01/16/2022 11:34:04 - INFO - __main__ -   Batch number = 154
01/16/2022 11:34:05 - INFO - __main__ -   Batch number = 155
01/16/2022 11:34:06 - INFO - __main__ -   Batch number = 156
01/16/2022 11:34:07 - INFO - __main__ -   Batch number = 157
01/16/2022 11:34:08 - INFO - __main__ -   Batch number = 158
01/16/2022 11:34:09 - INFO - __main__ -   Batch number = 159
01/16/2022 11:34:11 - INFO - __main__ -   Batch number = 160
01/16/2022 11:34:12 - INFO - __main__ -   Batch number = 161
01/16/2022 11:34:13 - INFO - __main__ -   Batch number = 162
01/16/2022 11:34:14 - INFO - __main__ -   Batch number = 163
01/16/2022 11:34:15 - INFO - __main__ -   Batch number = 164
01/16/2022 11:34:16 - INFO - __main__ -   Batch number = 165
01/16/2022 11:34:17 - INFO - __main__ -   Batch number = 166
01/16/2022 11:34:19 - INFO - __main__ -   Batch number = 167
01/16/2022 11:34:20 - INFO - __main__ -   Batch number = 168
01/16/2022 11:34:21 - INFO - __main__ -   Batch number = 169
01/16/2022 11:34:22 - INFO - __main__ -   Batch number = 170
01/16/2022 11:34:23 - INFO - __main__ -   Batch number = 171
01/16/2022 11:34:24 - INFO - __main__ -   Batch number = 172
01/16/2022 11:34:25 - INFO - __main__ -   Batch number = 173
01/16/2022 11:34:26 - INFO - __main__ -   Batch number = 174
01/16/2022 11:34:27 - INFO - __main__ -   Batch number = 175
01/16/2022 11:34:29 - INFO - __main__ -   Batch number = 176
01/16/2022 11:34:30 - INFO - __main__ -   Batch number = 177
01/16/2022 11:34:31 - INFO - __main__ -   Batch number = 178
01/16/2022 11:34:32 - INFO - __main__ -   Batch number = 179
01/16/2022 11:34:33 - INFO - __main__ -   Batch number = 180
01/16/2022 11:34:34 - INFO - __main__ -   Batch number = 181
01/16/2022 11:34:35 - INFO - __main__ -   Batch number = 182
01/16/2022 11:34:36 - INFO - __main__ -   Batch number = 183
01/16/2022 11:34:38 - INFO - __main__ -   Batch number = 184
01/16/2022 11:34:39 - INFO - __main__ -   Batch number = 185
01/16/2022 11:34:40 - INFO - __main__ -   Batch number = 186
01/16/2022 11:34:41 - INFO - __main__ -   Batch number = 187
01/16/2022 11:34:42 - INFO - __main__ -   Batch number = 188
01/16/2022 11:34:43 - INFO - __main__ -   Batch number = 189
01/16/2022 11:34:44 - INFO - __main__ -   Batch number = 190
01/16/2022 11:34:45 - INFO - __main__ -   Batch number = 191
01/16/2022 11:34:47 - INFO - __main__ -   Batch number = 192
01/16/2022 11:34:47 - INFO - __main__ -   Batch number = 193
01/16/2022 11:34:48 - INFO - __main__ -   Batch number = 194
01/16/2022 11:34:49 - INFO - __main__ -   Batch number = 195
01/16/2022 11:34:50 - INFO - __main__ -   Batch number = 196
01/16/2022 11:34:51 - INFO - __main__ -   Batch number = 197
01/16/2022 11:34:52 - INFO - __main__ -   Batch number = 198
01/16/2022 11:34:53 - INFO - __main__ -   Batch number = 199
01/16/2022 11:34:54 - INFO - __main__ -   Batch number = 200
01/16/2022 11:34:55 - INFO - __main__ -   Batch number = 201
01/16/2022 11:34:56 - INFO - __main__ -   Batch number = 202
01/16/2022 11:34:57 - INFO - __main__ -   Batch number = 203
01/16/2022 11:34:58 - INFO - __main__ -   Batch number = 204
01/16/2022 11:34:59 - INFO - __main__ -   Batch number = 205
01/16/2022 11:35:00 - INFO - __main__ -   Batch number = 206
01/16/2022 11:35:01 - INFO - __main__ -   Batch number = 207
01/16/2022 11:35:02 - INFO - __main__ -   Batch number = 208
01/16/2022 11:35:03 - INFO - __main__ -   Batch number = 209
01/16/2022 11:35:04 - INFO - __main__ -   Batch number = 210
01/16/2022 11:35:06 - INFO - __main__ -   Batch number = 211
01/16/2022 11:35:07 - INFO - __main__ -   Batch number = 212
01/16/2022 11:35:08 - INFO - __main__ -   Batch number = 213
01/16/2022 11:35:09 - INFO - __main__ -   Batch number = 214
01/16/2022 11:35:10 - INFO - __main__ -   Batch number = 215
01/16/2022 11:35:11 - INFO - __main__ -   Batch number = 216
01/16/2022 11:35:13 - INFO - __main__ -   Batch number = 217
01/16/2022 11:35:14 - INFO - __main__ -   Batch number = 218
01/16/2022 11:35:15 - INFO - __main__ -   Batch number = 219
01/16/2022 11:35:16 - INFO - __main__ -   Batch number = 220
01/16/2022 11:35:17 - INFO - __main__ -   Batch number = 221
01/16/2022 11:35:18 - INFO - __main__ -   Batch number = 222
01/16/2022 11:35:19 - INFO - __main__ -   Batch number = 223
01/16/2022 11:35:20 - INFO - __main__ -   Batch number = 224
01/16/2022 11:35:22 - INFO - __main__ -   Batch number = 225
01/16/2022 11:35:23 - INFO - __main__ -   Batch number = 226
01/16/2022 11:35:24 - INFO - __main__ -   Batch number = 227
01/16/2022 11:35:25 - INFO - __main__ -   Batch number = 228
01/16/2022 11:35:26 - INFO - __main__ -   Batch number = 229
01/16/2022 11:35:27 - INFO - __main__ -   Batch number = 230
01/16/2022 11:35:29 - INFO - __main__ -   Batch number = 231
01/16/2022 11:35:30 - INFO - __main__ -   Batch number = 232
01/16/2022 11:35:31 - INFO - __main__ -   Batch number = 233
01/16/2022 11:35:32 - INFO - __main__ -   Batch number = 234
01/16/2022 11:35:33 - INFO - __main__ -   Batch number = 235
01/16/2022 11:35:34 - INFO - __main__ -   Batch number = 236
01/16/2022 11:35:35 - INFO - __main__ -   Batch number = 237
01/16/2022 11:35:36 - INFO - __main__ -   Batch number = 238
01/16/2022 11:35:38 - INFO - __main__ -   Batch number = 239
01/16/2022 11:35:39 - INFO - __main__ -   Batch number = 240
01/16/2022 11:35:40 - INFO - __main__ -   Batch number = 241
01/16/2022 11:35:41 - INFO - __main__ -   Batch number = 242
01/16/2022 11:35:42 - INFO - __main__ -   Batch number = 243
01/16/2022 11:35:44 - INFO - __main__ -   Batch number = 244
01/16/2022 11:35:45 - INFO - __main__ -   Batch number = 245
01/16/2022 11:35:46 - INFO - __main__ -   Batch number = 246
01/16/2022 11:35:47 - INFO - __main__ -   Batch number = 247
01/16/2022 11:35:48 - INFO - __main__ -   Batch number = 248
01/16/2022 11:35:49 - INFO - __main__ -   Batch number = 249
01/16/2022 11:35:50 - INFO - __main__ -   Batch number = 250
01/16/2022 11:35:52 - INFO - __main__ -   Batch number = 251
01/16/2022 11:35:53 - INFO - __main__ -   Batch number = 252
01/16/2022 11:35:54 - INFO - __main__ -   Batch number = 253
01/16/2022 11:35:55 - INFO - __main__ -   Batch number = 254
01/16/2022 11:35:56 - INFO - __main__ -   Batch number = 255
01/16/2022 11:35:57 - INFO - __main__ -   Batch number = 256
01/16/2022 11:35:59 - INFO - __main__ -   Batch number = 257
01/16/2022 11:36:00 - INFO - __main__ -   Batch number = 258
01/16/2022 11:36:01 - INFO - __main__ -   Batch number = 259
01/16/2022 11:36:02 - INFO - __main__ -   Batch number = 260
01/16/2022 11:36:03 - INFO - __main__ -   Batch number = 261
01/16/2022 11:36:04 - INFO - __main__ -   Batch number = 262
01/16/2022 11:36:06 - INFO - __main__ -   Batch number = 263
01/16/2022 11:36:07 - INFO - __main__ -   Batch number = 264
01/16/2022 11:36:08 - INFO - __main__ -   Batch number = 265
01/16/2022 11:36:10 - INFO - __main__ -   Batch number = 266
01/16/2022 11:36:11 - INFO - __main__ -   Batch number = 267
01/16/2022 11:36:12 - INFO - __main__ -   Batch number = 268
01/16/2022 11:36:13 - INFO - __main__ -   Batch number = 269
01/16/2022 11:36:14 - INFO - __main__ -   Batch number = 270
01/16/2022 11:36:15 - INFO - __main__ -   Batch number = 271
01/16/2022 11:36:16 - INFO - __main__ -   Batch number = 272
01/16/2022 11:36:17 - INFO - __main__ -   Batch number = 273
01/16/2022 11:36:19 - INFO - __main__ -   Batch number = 274
01/16/2022 11:36:20 - INFO - __main__ -   Batch number = 275
01/16/2022 11:36:21 - INFO - __main__ -   Batch number = 276
01/16/2022 11:36:22 - INFO - __main__ -   Batch number = 277
01/16/2022 11:36:23 - INFO - __main__ -   Batch number = 278
01/16/2022 11:36:24 - INFO - __main__ -   Batch number = 279
01/16/2022 11:36:25 - INFO - __main__ -   Batch number = 280
01/16/2022 11:36:27 - INFO - __main__ -   Batch number = 281
01/16/2022 11:36:28 - INFO - __main__ -   Batch number = 282
01/16/2022 11:36:29 - INFO - __main__ -   Batch number = 283
01/16/2022 11:36:30 - INFO - __main__ -   Batch number = 284
01/16/2022 11:36:31 - INFO - __main__ -   Batch number = 285
01/16/2022 11:36:32 - INFO - __main__ -   Batch number = 286
01/16/2022 11:36:33 - INFO - __main__ -   Batch number = 287
01/16/2022 11:36:34 - INFO - __main__ -   Batch number = 288
01/16/2022 11:36:35 - INFO - __main__ -   Batch number = 289
01/16/2022 11:36:37 - INFO - __main__ -   Batch number = 290
01/16/2022 11:36:38 - INFO - __main__ -   Batch number = 291
01/16/2022 11:36:39 - INFO - __main__ -   Batch number = 292
01/16/2022 11:36:40 - INFO - __main__ -   Batch number = 293
01/16/2022 11:36:41 - INFO - __main__ -   Batch number = 294
01/16/2022 11:36:42 - INFO - __main__ -   Batch number = 295
01/16/2022 11:36:43 - INFO - __main__ -   Batch number = 296
01/16/2022 11:36:45 - INFO - __main__ -   Batch number = 297
01/16/2022 11:36:46 - INFO - __main__ -   Batch number = 298
01/16/2022 11:36:47 - INFO - __main__ -   Batch number = 299
01/16/2022 11:36:48 - INFO - __main__ -   Batch number = 300
01/16/2022 11:36:49 - INFO - __main__ -   Batch number = 301
01/16/2022 11:36:50 - INFO - __main__ -   Batch number = 302
01/16/2022 11:36:51 - INFO - __main__ -   Batch number = 303
01/16/2022 11:36:52 - INFO - __main__ -   Batch number = 304
01/16/2022 11:36:54 - INFO - __main__ -   Batch number = 305
01/16/2022 11:36:55 - INFO - __main__ -   Batch number = 306
01/16/2022 11:36:56 - INFO - __main__ -   Batch number = 307
01/16/2022 11:36:57 - INFO - __main__ -   Batch number = 308
01/16/2022 11:36:58 - INFO - __main__ -   Batch number = 309
01/16/2022 11:36:59 - INFO - __main__ -   Batch number = 310
01/16/2022 11:37:00 - INFO - __main__ -   Batch number = 311
01/16/2022 11:37:02 - INFO - __main__ -   Batch number = 312
01/16/2022 11:37:03 - INFO - __main__ -   Batch number = 313
01/16/2022 11:37:04 - INFO - __main__ -   Batch number = 314
01/16/2022 11:37:05 - INFO - __main__ -   Batch number = 315
01/16/2022 11:37:06 - INFO - __main__ -   Batch number = 316
01/16/2022 11:37:07 - INFO - __main__ -   Batch number = 317
01/16/2022 11:37:08 - INFO - __main__ -   Batch number = 318
01/16/2022 11:37:09 - INFO - __main__ -   Batch number = 319
01/16/2022 11:37:10 - INFO - __main__ -   Batch number = 320
01/16/2022 11:37:12 - INFO - __main__ -   Batch number = 321
01/16/2022 11:37:13 - INFO - __main__ -   Batch number = 322
01/16/2022 11:37:14 - INFO - __main__ -   Batch number = 323
01/16/2022 11:37:15 - INFO - __main__ -   Batch number = 324
01/16/2022 11:37:16 - INFO - __main__ -   Batch number = 325
01/16/2022 11:37:17 - INFO - __main__ -   Batch number = 326
01/16/2022 11:37:18 - INFO - __main__ -   Batch number = 327
01/16/2022 11:37:19 - INFO - __main__ -   Batch number = 328
01/16/2022 11:37:20 - INFO - __main__ -   Batch number = 329
01/16/2022 11:37:21 - INFO - __main__ -   Batch number = 330
01/16/2022 11:37:22 - INFO - __main__ -   Batch number = 331
01/16/2022 11:37:24 - INFO - __main__ -   Batch number = 332
01/16/2022 11:37:25 - INFO - __main__ -   Batch number = 333
01/16/2022 11:37:26 - INFO - __main__ -   Batch number = 334
01/16/2022 11:37:27 - INFO - __main__ -   Batch number = 335
01/16/2022 11:37:28 - INFO - __main__ -   Batch number = 336
01/16/2022 11:37:29 - INFO - __main__ -   Batch number = 337
01/16/2022 11:37:30 - INFO - __main__ -   Batch number = 338
01/16/2022 11:37:31 - INFO - __main__ -   Batch number = 339
01/16/2022 11:37:32 - INFO - __main__ -   Batch number = 340
01/16/2022 11:37:33 - INFO - __main__ -   Batch number = 341
01/16/2022 11:37:34 - INFO - __main__ -   Batch number = 342
01/16/2022 11:37:35 - INFO - __main__ -   Batch number = 343
01/16/2022 11:37:36 - INFO - __main__ -   Batch number = 344
01/16/2022 11:37:37 - INFO - __main__ -   Batch number = 345
01/16/2022 11:37:38 - INFO - __main__ -   Batch number = 346
01/16/2022 11:37:39 - INFO - __main__ -   Batch number = 347
01/16/2022 11:37:40 - INFO - __main__ -   Batch number = 348
01/16/2022 11:37:41 - INFO - __main__ -   Batch number = 349
01/16/2022 11:37:43 - INFO - __main__ -   Batch number = 350
01/16/2022 11:37:44 - INFO - __main__ -   Batch number = 351
01/16/2022 11:37:45 - INFO - __main__ -   Batch number = 352
01/16/2022 11:37:46 - INFO - __main__ -   Batch number = 353
01/16/2022 11:37:47 - INFO - __main__ -   Batch number = 354
01/16/2022 11:37:48 - INFO - __main__ -   Batch number = 355
01/16/2022 11:37:49 - INFO - __main__ -   Batch number = 356
01/16/2022 11:37:51 - INFO - __main__ -   Batch number = 357
01/16/2022 11:37:52 - INFO - __main__ -   Batch number = 358
01/16/2022 11:37:53 - INFO - __main__ -   Batch number = 359
01/16/2022 11:37:54 - INFO - __main__ -   Batch number = 360
01/16/2022 11:37:55 - INFO - __main__ -   Batch number = 361
01/16/2022 11:37:56 - INFO - __main__ -   Batch number = 362
01/16/2022 11:37:57 - INFO - __main__ -   Batch number = 363
01/16/2022 11:37:59 - INFO - __main__ -   Batch number = 364
01/16/2022 11:38:00 - INFO - __main__ -   Batch number = 365
01/16/2022 11:38:01 - INFO - __main__ -   Batch number = 366
01/16/2022 11:38:02 - INFO - __main__ -   Batch number = 367
01/16/2022 11:38:03 - INFO - __main__ -   Batch number = 368
01/16/2022 11:38:04 - INFO - __main__ -   Batch number = 369
01/16/2022 11:38:06 - INFO - __main__ -   Batch number = 370
01/16/2022 11:38:07 - INFO - __main__ -   Batch number = 371
01/16/2022 11:38:08 - INFO - __main__ -   Batch number = 372
01/16/2022 11:38:09 - INFO - __main__ -   Batch number = 373
01/16/2022 11:38:10 - INFO - __main__ -   Batch number = 374
01/16/2022 11:38:11 - INFO - __main__ -   Batch number = 375
01/16/2022 11:38:12 - INFO - __main__ -   Batch number = 376
01/16/2022 11:38:13 - INFO - __main__ -   Batch number = 377
01/16/2022 11:38:14 - INFO - __main__ -   Batch number = 378
01/16/2022 11:38:15 - INFO - __main__ -   Batch number = 379
01/16/2022 11:38:17 - INFO - __main__ -   Batch number = 380
01/16/2022 11:38:18 - INFO - __main__ -   Batch number = 381
01/16/2022 11:38:19 - INFO - __main__ -   Batch number = 382
01/16/2022 11:38:20 - INFO - __main__ -   Batch number = 383
01/16/2022 11:38:21 - INFO - __main__ -   Batch number = 384
01/16/2022 11:38:23 - INFO - __main__ -   Batch number = 385
01/16/2022 11:38:24 - INFO - __main__ -   Batch number = 386
01/16/2022 11:38:25 - INFO - __main__ -   Batch number = 387
01/16/2022 11:38:26 - INFO - __main__ -   Batch number = 388
01/16/2022 11:38:27 - INFO - __main__ -   Batch number = 389
01/16/2022 11:38:28 - INFO - __main__ -   Batch number = 390
01/16/2022 11:38:29 - INFO - __main__ -   Batch number = 391
01/16/2022 11:38:30 - INFO - __main__ -   Batch number = 392
01/16/2022 11:38:32 - INFO - __main__ -   Batch number = 393
01/16/2022 11:38:33 - INFO - __main__ -   Batch number = 394
01/16/2022 11:38:34 - INFO - __main__ -   Batch number = 395
01/16/2022 11:38:35 - INFO - __main__ -   Batch number = 396
01/16/2022 11:38:36 - INFO - __main__ -   Batch number = 397
01/16/2022 11:38:37 - INFO - __main__ -   Batch number = 398
01/16/2022 11:38:38 - INFO - __main__ -   Batch number = 399
01/16/2022 11:38:39 - INFO - __main__ -   Batch number = 400
01/16/2022 11:38:41 - INFO - __main__ -   Batch number = 401
01/16/2022 11:38:42 - INFO - __main__ -   Batch number = 402
01/16/2022 11:38:43 - INFO - __main__ -   Batch number = 403
01/16/2022 11:38:44 - INFO - __main__ -   Batch number = 404
01/16/2022 11:38:45 - INFO - __main__ -   Batch number = 405
01/16/2022 11:38:46 - INFO - __main__ -   Batch number = 406
01/16/2022 11:38:48 - INFO - __main__ -   Batch number = 407
01/16/2022 11:38:49 - INFO - __main__ -   Batch number = 408
01/16/2022 11:38:50 - INFO - __main__ -   Batch number = 409
01/16/2022 11:38:51 - INFO - __main__ -   Batch number = 410
01/16/2022 11:38:53 - INFO - __main__ -   Batch number = 411
01/16/2022 11:38:54 - INFO - __main__ -   Batch number = 412
01/16/2022 11:38:55 - INFO - __main__ -   Batch number = 413
01/16/2022 11:38:56 - INFO - __main__ -   Batch number = 414
01/16/2022 11:38:57 - INFO - __main__ -   Batch number = 415
01/16/2022 11:38:58 - INFO - __main__ -   Batch number = 416
01/16/2022 11:38:59 - INFO - __main__ -   Batch number = 417
01/16/2022 11:39:00 - INFO - __main__ -   Batch number = 418
01/16/2022 11:39:02 - INFO - __main__ -   Batch number = 419
01/16/2022 11:39:03 - INFO - __main__ -   Batch number = 420
01/16/2022 11:39:04 - INFO - __main__ -   Batch number = 421
01/16/2022 11:39:05 - INFO - __main__ -   Batch number = 422
01/16/2022 11:39:07 - INFO - __main__ -   Batch number = 423
01/16/2022 11:39:08 - INFO - __main__ -   Batch number = 424
01/16/2022 11:39:09 - INFO - __main__ -   Batch number = 425
01/16/2022 11:39:10 - INFO - __main__ -   Batch number = 426
01/16/2022 11:39:11 - INFO - __main__ -   Batch number = 427
01/16/2022 11:39:12 - INFO - __main__ -   Batch number = 428
01/16/2022 11:39:14 - INFO - __main__ -   Batch number = 429
01/16/2022 11:39:15 - INFO - __main__ -   Batch number = 430
01/16/2022 11:39:16 - INFO - __main__ -   Batch number = 431
01/16/2022 11:39:17 - INFO - __main__ -   Batch number = 432
01/16/2022 11:39:18 - INFO - __main__ -   Batch number = 433
01/16/2022 11:39:19 - INFO - __main__ -   Batch number = 434
01/16/2022 11:39:21 - INFO - __main__ -   Batch number = 435
01/16/2022 11:39:22 - INFO - __main__ -   Batch number = 436
01/16/2022 11:39:23 - INFO - __main__ -   Batch number = 437
01/16/2022 11:39:24 - INFO - __main__ -   Batch number = 438
01/16/2022 11:39:25 - INFO - __main__ -   Batch number = 439
01/16/2022 11:39:26 - INFO - __main__ -   Batch number = 440
01/16/2022 11:39:27 - INFO - __main__ -   Batch number = 441
01/16/2022 11:39:28 - INFO - __main__ -   Batch number = 442
01/16/2022 11:39:30 - INFO - __main__ -   Batch number = 443
01/16/2022 11:39:31 - INFO - __main__ -   Batch number = 444
01/16/2022 11:39:32 - INFO - __main__ -   Batch number = 445
01/16/2022 11:39:33 - INFO - __main__ -   Batch number = 446
01/16/2022 11:39:34 - INFO - __main__ -   Batch number = 447
01/16/2022 11:39:36 - INFO - __main__ -   Batch number = 448
01/16/2022 11:39:37 - INFO - __main__ -   Batch number = 449
01/16/2022 11:39:38 - INFO - __main__ -   Batch number = 450
01/16/2022 11:39:39 - INFO - __main__ -   Batch number = 451
01/16/2022 11:39:40 - INFO - __main__ -   Batch number = 452
01/16/2022 11:39:41 - INFO - __main__ -   Batch number = 453
01/16/2022 11:39:43 - INFO - __main__ -   Batch number = 454
01/16/2022 11:39:44 - INFO - __main__ -   Batch number = 455
01/16/2022 11:39:45 - INFO - __main__ -   Batch number = 456
01/16/2022 11:39:46 - INFO - __main__ -   Batch number = 457
01/16/2022 11:39:48 - INFO - __main__ -   Batch number = 458
01/16/2022 11:39:49 - INFO - __main__ -   Batch number = 459
01/16/2022 11:39:50 - INFO - __main__ -   Batch number = 460
01/16/2022 11:39:51 - INFO - __main__ -   Batch number = 461
01/16/2022 11:39:52 - INFO - __main__ -   Batch number = 462
01/16/2022 11:39:53 - INFO - __main__ -   Batch number = 463
01/16/2022 11:39:54 - INFO - __main__ -   Batch number = 464
01/16/2022 11:39:56 - INFO - __main__ -   Batch number = 465
01/16/2022 11:39:57 - INFO - __main__ -   Batch number = 466
01/16/2022 11:39:58 - INFO - __main__ -   Batch number = 467
01/16/2022 11:39:59 - INFO - __main__ -   Batch number = 468
01/16/2022 11:40:00 - INFO - __main__ -   Batch number = 469
01/16/2022 11:40:01 - INFO - __main__ -   Batch number = 470
01/16/2022 11:40:02 - INFO - __main__ -   Batch number = 471
01/16/2022 11:40:04 - INFO - __main__ -   Batch number = 472
01/16/2022 11:40:05 - INFO - __main__ -   Batch number = 473
01/16/2022 11:40:06 - INFO - __main__ -   Batch number = 474
01/16/2022 11:40:07 - INFO - __main__ -   Batch number = 475
01/16/2022 11:40:08 - INFO - __main__ -   Batch number = 476
01/16/2022 11:40:09 - INFO - __main__ -   Batch number = 477
01/16/2022 11:40:10 - INFO - __main__ -   Batch number = 478
01/16/2022 11:40:11 - INFO - __main__ -   Batch number = 479
01/16/2022 11:40:12 - INFO - __main__ -   Batch number = 480
01/16/2022 11:40:14 - INFO - __main__ -   Batch number = 481
01/16/2022 11:40:15 - INFO - __main__ -   Batch number = 482
01/16/2022 11:40:16 - INFO - __main__ -   Batch number = 483
01/16/2022 11:40:17 - INFO - __main__ -   Batch number = 484
01/16/2022 11:40:18 - INFO - __main__ -   Batch number = 485
01/16/2022 11:40:19 - INFO - __main__ -   Batch number = 486
01/16/2022 11:40:21 - INFO - __main__ -   Batch number = 487
01/16/2022 11:40:22 - INFO - __main__ -   Batch number = 488
01/16/2022 11:40:23 - INFO - __main__ -   Batch number = 489
01/16/2022 11:40:24 - INFO - __main__ -   Batch number = 490
01/16/2022 11:40:25 - INFO - __main__ -   Batch number = 491
01/16/2022 11:40:27 - INFO - __main__ -   Batch number = 492
01/16/2022 11:40:28 - INFO - __main__ -   Batch number = 493
01/16/2022 11:40:29 - INFO - __main__ -   Batch number = 494
01/16/2022 11:40:30 - INFO - __main__ -   Batch number = 495
01/16/2022 11:40:31 - INFO - __main__ -   Batch number = 496
01/16/2022 11:40:32 - INFO - __main__ -   Batch number = 497
01/16/2022 11:40:33 - INFO - __main__ -   Batch number = 498
01/16/2022 11:40:34 - INFO - __main__ -   Batch number = 499
01/16/2022 11:40:35 - INFO - __main__ -   Batch number = 500
01/16/2022 11:40:36 - INFO - __main__ -   Batch number = 501
01/16/2022 11:40:37 - INFO - __main__ -   Batch number = 502
01/16/2022 11:40:39 - INFO - __main__ -   Batch number = 503
01/16/2022 11:40:40 - INFO - __main__ -   Batch number = 504
01/16/2022 11:40:41 - INFO - __main__ -   Batch number = 505
01/16/2022 11:40:42 - INFO - __main__ -   Batch number = 506
01/16/2022 11:40:43 - INFO - __main__ -   Batch number = 507
01/16/2022 11:40:45 - INFO - __main__ -   Batch number = 508
01/16/2022 11:40:46 - INFO - __main__ -   Batch number = 509
01/16/2022 11:40:47 - INFO - __main__ -   Batch number = 510
01/16/2022 11:40:48 - INFO - __main__ -   Batch number = 511
01/16/2022 11:40:49 - INFO - __main__ -   Batch number = 512
01/16/2022 11:40:50 - INFO - __main__ -   Batch number = 513
01/16/2022 11:40:52 - INFO - __main__ -   Batch number = 514
01/16/2022 11:40:53 - INFO - __main__ -   Batch number = 515
01/16/2022 11:40:54 - INFO - __main__ -   Batch number = 516
01/16/2022 11:40:56 - INFO - __main__ -   Batch number = 517
01/16/2022 11:40:57 - INFO - __main__ -   Batch number = 518
01/16/2022 11:40:58 - INFO - __main__ -   Batch number = 519
01/16/2022 11:40:59 - INFO - __main__ -   Batch number = 520
01/16/2022 11:41:01 - INFO - __main__ -   Batch number = 521
01/16/2022 11:41:02 - INFO - __main__ -   Batch number = 522
01/16/2022 11:41:03 - INFO - __main__ -   Batch number = 523
01/16/2022 11:41:04 - INFO - __main__ -   Batch number = 524
01/16/2022 11:41:05 - INFO - __main__ -   Batch number = 525
01/16/2022 11:41:06 - INFO - __main__ -   Batch number = 526
01/16/2022 11:41:07 - INFO - __main__ -   Batch number = 527
01/16/2022 11:41:08 - INFO - __main__ -   Batch number = 528
01/16/2022 11:41:09 - INFO - __main__ -   Batch number = 529
01/16/2022 11:41:11 - INFO - __main__ -   Batch number = 530
01/16/2022 11:41:12 - INFO - __main__ -   Batch number = 531
01/16/2022 11:41:13 - INFO - __main__ -   Batch number = 532
01/16/2022 11:41:14 - INFO - __main__ -   Batch number = 533
01/16/2022 11:41:15 - INFO - __main__ -   Batch number = 534
01/16/2022 11:41:16 - INFO - __main__ -   Batch number = 535
01/16/2022 11:41:17 - INFO - __main__ -   Batch number = 536
01/16/2022 11:41:18 - INFO - __main__ -   Batch number = 537
01/16/2022 11:41:20 - INFO - __main__ -   Batch number = 538
01/16/2022 11:41:21 - INFO - __main__ -   Batch number = 539
01/16/2022 11:41:22 - INFO - __main__ -   Batch number = 540
01/16/2022 11:41:23 - INFO - __main__ -   Batch number = 541
01/16/2022 11:41:24 - INFO - __main__ -   Batch number = 542
01/16/2022 11:41:25 - INFO - __main__ -   Batch number = 543
01/16/2022 11:41:26 - INFO - __main__ -   Batch number = 544
01/16/2022 11:41:27 - INFO - __main__ -   Batch number = 545
01/16/2022 11:41:29 - INFO - __main__ -   Batch number = 546
01/16/2022 11:41:30 - INFO - __main__ -   Batch number = 547
01/16/2022 11:41:31 - INFO - __main__ -   Batch number = 548
01/16/2022 11:41:32 - INFO - __main__ -   Batch number = 549
01/16/2022 11:41:33 - INFO - __main__ -   Batch number = 550
01/16/2022 11:41:34 - INFO - __main__ -   Batch number = 551
01/16/2022 11:41:35 - INFO - __main__ -   Batch number = 552
01/16/2022 11:41:37 - INFO - __main__ -   Batch number = 553
01/16/2022 11:41:38 - INFO - __main__ -   Batch number = 554
01/16/2022 11:41:39 - INFO - __main__ -   Batch number = 555
01/16/2022 11:41:40 - INFO - __main__ -   Batch number = 556
01/16/2022 11:41:41 - INFO - __main__ -   Batch number = 557
01/16/2022 11:41:42 - INFO - __main__ -   Batch number = 558
01/16/2022 11:41:43 - INFO - __main__ -   Batch number = 559
01/16/2022 11:41:45 - INFO - __main__ -   Batch number = 560
01/16/2022 11:41:46 - INFO - __main__ -   Batch number = 561
01/16/2022 11:41:47 - INFO - __main__ -   Batch number = 562
01/16/2022 11:41:48 - INFO - __main__ -   Batch number = 563
01/16/2022 11:41:49 - INFO - __main__ -   Batch number = 564
01/16/2022 11:41:50 - INFO - __main__ -   Batch number = 565
01/16/2022 11:41:52 - INFO - __main__ -   Batch number = 566
01/16/2022 11:41:53 - INFO - __main__ -   Batch number = 567
01/16/2022 11:41:54 - INFO - __main__ -   Batch number = 568
01/16/2022 11:41:55 - INFO - __main__ -   Batch number = 569
01/16/2022 11:41:56 - INFO - __main__ -   Batch number = 570
01/16/2022 11:41:58 - INFO - __main__ -   Batch number = 571
01/16/2022 11:41:59 - INFO - __main__ -   Batch number = 572
01/16/2022 11:42:00 - INFO - __main__ -   Batch number = 573
01/16/2022 11:42:01 - INFO - __main__ -   Batch number = 574
01/16/2022 11:42:02 - INFO - __main__ -   Batch number = 575
01/16/2022 11:42:03 - INFO - __main__ -   Batch number = 576
01/16/2022 11:42:04 - INFO - __main__ -   Batch number = 577
01/16/2022 11:42:05 - INFO - __main__ -   Batch number = 578
01/16/2022 11:42:06 - INFO - __main__ -   Batch number = 579
01/16/2022 11:42:07 - INFO - __main__ -   Batch number = 580
01/16/2022 11:42:09 - INFO - __main__ -   Batch number = 581
01/16/2022 11:42:10 - INFO - __main__ -   Batch number = 582
01/16/2022 11:42:11 - INFO - __main__ -   Batch number = 583
01/16/2022 11:42:12 - INFO - __main__ -   Batch number = 584
01/16/2022 11:42:13 - INFO - __main__ -   Batch number = 585
01/16/2022 11:42:14 - INFO - __main__ -   Batch number = 586
01/16/2022 11:42:15 - INFO - __main__ -   Batch number = 587
01/16/2022 11:42:16 - INFO - __main__ -   Batch number = 588
01/16/2022 11:42:17 - INFO - __main__ -   Batch number = 589
01/16/2022 11:42:18 - INFO - __main__ -   Batch number = 590
01/16/2022 11:42:19 - INFO - __main__ -   Batch number = 591
01/16/2022 11:42:20 - INFO - __main__ -   Batch number = 592
01/16/2022 11:42:22 - INFO - __main__ -   Batch number = 593
01/16/2022 11:42:23 - INFO - __main__ -   Batch number = 594
01/16/2022 11:42:24 - INFO - __main__ -   Batch number = 595
01/16/2022 11:42:25 - INFO - __main__ -   Batch number = 596
01/16/2022 11:42:27 - INFO - __main__ -   Batch number = 597
01/16/2022 11:42:28 - INFO - __main__ -   Batch number = 598
01/16/2022 11:42:29 - INFO - __main__ -   Batch number = 599
01/16/2022 11:42:30 - INFO - __main__ -   Batch number = 600
01/16/2022 11:42:31 - INFO - __main__ -   Batch number = 601
01/16/2022 11:42:32 - INFO - __main__ -   Batch number = 602
01/16/2022 11:42:33 - INFO - __main__ -   Batch number = 603
01/16/2022 11:42:35 - INFO - __main__ -   Batch number = 604
01/16/2022 11:42:36 - INFO - __main__ -   Batch number = 605
01/16/2022 11:42:37 - INFO - __main__ -   Batch number = 606
01/16/2022 11:42:38 - INFO - __main__ -   Batch number = 607
01/16/2022 11:42:39 - INFO - __main__ -   Batch number = 608
01/16/2022 11:42:40 - INFO - __main__ -   Batch number = 609
01/16/2022 11:42:41 - INFO - __main__ -   Batch number = 610
01/16/2022 11:42:42 - INFO - __main__ -   Batch number = 611
01/16/2022 11:42:44 - INFO - __main__ -   Batch number = 612
01/16/2022 11:42:45 - INFO - __main__ -   Batch number = 613
01/16/2022 11:42:46 - INFO - __main__ -   Batch number = 614
01/16/2022 11:42:47 - INFO - __main__ -   Batch number = 615
01/16/2022 11:42:48 - INFO - __main__ -   Batch number = 616
01/16/2022 11:42:49 - INFO - __main__ -   Batch number = 617
01/16/2022 11:42:50 - INFO - __main__ -   Batch number = 618
01/16/2022 11:42:51 - INFO - __main__ -   Batch number = 619
01/16/2022 11:42:53 - INFO - __main__ -   Batch number = 620
01/16/2022 11:42:54 - INFO - __main__ -   Batch number = 621
01/16/2022 11:42:55 - INFO - __main__ -   Batch number = 622
01/16/2022 11:42:56 - INFO - __main__ -   Batch number = 623
01/16/2022 11:42:57 - INFO - __main__ -   Batch number = 624
01/16/2022 11:42:58 - INFO - __main__ -   Batch number = 625
01/16/2022 11:42:59 - INFO - __main__ -   Batch number = 626
01/16/2022 11:43:00 - INFO - __main__ -   Batch number = 627
01/16/2022 11:43:01 - INFO - __main__ -   Batch number = 628
01/16/2022 11:43:02 - INFO - __main__ -   Batch number = 629
01/16/2022 11:43:03 - INFO - __main__ -   Batch number = 630
01/16/2022 11:43:04 - INFO - __main__ -   Batch number = 631
01/16/2022 11:43:06 - INFO - __main__ -   Batch number = 632
01/16/2022 11:43:07 - INFO - __main__ -   Batch number = 633
01/16/2022 11:43:08 - INFO - __main__ -   Batch number = 634
01/16/2022 11:43:09 - INFO - __main__ -   Batch number = 635
01/16/2022 11:43:10 - INFO - __main__ -   Batch number = 636
01/16/2022 11:43:11 - INFO - __main__ -   Batch number = 637
01/16/2022 11:43:13 - INFO - __main__ -   Batch number = 638
01/16/2022 11:43:14 - INFO - __main__ -   Batch number = 639
01/16/2022 11:43:15 - INFO - __main__ -   Batch number = 640
01/16/2022 11:43:16 - INFO - __main__ -   Batch number = 641
01/16/2022 11:43:17 - INFO - __main__ -   Batch number = 642
01/16/2022 11:43:18 - INFO - __main__ -   Batch number = 643
01/16/2022 11:43:19 - INFO - __main__ -   Batch number = 644
01/16/2022 11:43:20 - INFO - __main__ -   Batch number = 645
01/16/2022 11:43:22 - INFO - __main__ -   Batch number = 646
01/16/2022 11:43:23 - INFO - __main__ -   Batch number = 647
01/16/2022 11:43:24 - INFO - __main__ -   Batch number = 648
01/16/2022 11:43:25 - INFO - __main__ -   Batch number = 649
01/16/2022 11:43:26 - INFO - __main__ -   Batch number = 650
01/16/2022 11:43:27 - INFO - __main__ -   Batch number = 651
01/16/2022 11:43:28 - INFO - __main__ -   Batch number = 652
01/16/2022 11:43:30 - INFO - __main__ -   Batch number = 653
01/16/2022 11:43:31 - INFO - __main__ -   Batch number = 654
01/16/2022 11:43:32 - INFO - __main__ -   Batch number = 655
01/16/2022 11:43:33 - INFO - __main__ -   Batch number = 656
01/16/2022 11:43:34 - INFO - __main__ -   Batch number = 657
01/16/2022 11:43:35 - INFO - __main__ -   Batch number = 658
01/16/2022 11:43:36 - INFO - __main__ -   Batch number = 659
01/16/2022 11:43:37 - INFO - __main__ -   Batch number = 660
01/16/2022 11:43:39 - INFO - __main__ -   Batch number = 661
01/16/2022 11:43:40 - INFO - __main__ -   Batch number = 662
01/16/2022 11:43:41 - INFO - __main__ -   Batch number = 663
01/16/2022 11:43:42 - INFO - __main__ -   Batch number = 664
01/16/2022 11:43:43 - INFO - __main__ -   Batch number = 665
01/16/2022 11:43:44 - INFO - __main__ -   Batch number = 666
01/16/2022 11:43:45 - INFO - __main__ -   Batch number = 667
01/16/2022 11:43:46 - INFO - __main__ -   Batch number = 668
01/16/2022 11:43:47 - INFO - __main__ -   Batch number = 669
01/16/2022 11:43:48 - INFO - __main__ -   Batch number = 670
01/16/2022 11:43:49 - INFO - __main__ -   Batch number = 671
01/16/2022 11:43:51 - INFO - __main__ -   Batch number = 672
01/16/2022 11:43:52 - INFO - __main__ -   Batch number = 673
01/16/2022 11:43:53 - INFO - __main__ -   Batch number = 674
01/16/2022 11:43:54 - INFO - __main__ -   Batch number = 675
01/16/2022 11:43:56 - INFO - __main__ -   Batch number = 676
01/16/2022 11:43:57 - INFO - __main__ -   Batch number = 677
01/16/2022 11:43:58 - INFO - __main__ -   Batch number = 678
01/16/2022 11:44:00 - INFO - __main__ -   Batch number = 679
01/16/2022 11:44:01 - INFO - __main__ -   Batch number = 680
01/16/2022 11:44:02 - INFO - __main__ -   Batch number = 681
01/16/2022 11:44:03 - INFO - __main__ -   Batch number = 682
01/16/2022 11:44:04 - INFO - __main__ -   Batch number = 683
01/16/2022 11:44:05 - INFO - __main__ -   Batch number = 684
01/16/2022 11:44:06 - INFO - __main__ -   Batch number = 685
01/16/2022 11:44:08 - INFO - __main__ -   Batch number = 686
01/16/2022 11:44:09 - INFO - __main__ -   Batch number = 687
01/16/2022 11:44:10 - INFO - __main__ -   Batch number = 688
01/16/2022 11:44:11 - INFO - __main__ -   Batch number = 689
01/16/2022 11:44:12 - INFO - __main__ -   Batch number = 690
01/16/2022 11:44:13 - INFO - __main__ -   Batch number = 691
01/16/2022 11:44:14 - INFO - __main__ -   Batch number = 692
01/16/2022 11:44:15 - INFO - __main__ -   Batch number = 693
01/16/2022 11:44:16 - INFO - __main__ -   Batch number = 694
01/16/2022 11:44:18 - INFO - __main__ -   Batch number = 695
01/16/2022 11:44:19 - INFO - __main__ -   Batch number = 696
01/16/2022 11:44:20 - INFO - __main__ -   Batch number = 697
01/16/2022 11:44:21 - INFO - __main__ -   Batch number = 698
01/16/2022 11:44:22 - INFO - __main__ -   Batch number = 699
01/16/2022 11:44:24 - INFO - __main__ -   Batch number = 700
01/16/2022 11:44:25 - INFO - __main__ -   Batch number = 701
01/16/2022 11:44:26 - INFO - __main__ -   Batch number = 702
01/16/2022 11:44:27 - INFO - __main__ -   Batch number = 703
01/16/2022 11:44:28 - INFO - __main__ -   Batch number = 704
01/16/2022 11:44:29 - INFO - __main__ -   Batch number = 705
01/16/2022 11:44:30 - INFO - __main__ -   Batch number = 706
01/16/2022 11:44:32 - INFO - __main__ -   Batch number = 707
01/16/2022 11:44:33 - INFO - __main__ -   Batch number = 708
01/16/2022 11:44:34 - INFO - __main__ -   Batch number = 709
01/16/2022 11:44:35 - INFO - __main__ -   Batch number = 710
01/16/2022 11:44:36 - INFO - __main__ -   Batch number = 711
01/16/2022 11:44:37 - INFO - __main__ -   Batch number = 712
01/16/2022 11:44:38 - INFO - __main__ -   Batch number = 713
01/16/2022 11:44:39 - INFO - __main__ -   Batch number = 714
01/16/2022 11:44:41 - INFO - __main__ -   Batch number = 715
01/16/2022 11:44:42 - INFO - __main__ -   Batch number = 716
01/16/2022 11:44:43 - INFO - __main__ -   Batch number = 717
01/16/2022 11:44:44 - INFO - __main__ -   Batch number = 718
01/16/2022 11:44:45 - INFO - __main__ -   Batch number = 719
01/16/2022 11:44:47 - INFO - __main__ -   Batch number = 720
01/16/2022 11:44:48 - INFO - __main__ -   Batch number = 721
01/16/2022 11:44:49 - INFO - __main__ -   Batch number = 722
01/16/2022 11:44:50 - INFO - __main__ -   Batch number = 723
01/16/2022 11:44:51 - INFO - __main__ -   Batch number = 724
01/16/2022 11:44:52 - INFO - __main__ -   Batch number = 725
01/16/2022 11:44:54 - INFO - __main__ -   Batch number = 726
01/16/2022 11:44:55 - INFO - __main__ -   Batch number = 727
01/16/2022 11:44:56 - INFO - __main__ -   Batch number = 728
01/16/2022 11:44:57 - INFO - __main__ -   Batch number = 729
01/16/2022 11:44:58 - INFO - __main__ -   Batch number = 730
01/16/2022 11:45:00 - INFO - __main__ -   Batch number = 731
01/16/2022 11:45:01 - INFO - __main__ -   Batch number = 732
01/16/2022 11:45:02 - INFO - __main__ -   Batch number = 733
01/16/2022 11:45:03 - INFO - __main__ -   Batch number = 734
01/16/2022 11:45:04 - INFO - __main__ -   Batch number = 735
01/16/2022 11:45:05 - INFO - __main__ -   Batch number = 736
01/16/2022 11:45:06 - INFO - __main__ -   Batch number = 737
01/16/2022 11:45:07 - INFO - __main__ -   Batch number = 738
01/16/2022 11:45:08 - INFO - __main__ -   Batch number = 739
01/16/2022 11:45:10 - INFO - __main__ -   Batch number = 740
01/16/2022 11:45:11 - INFO - __main__ -   Batch number = 741
01/16/2022 11:45:12 - INFO - __main__ -   Batch number = 742
01/16/2022 11:45:13 - INFO - __main__ -   Batch number = 743
01/16/2022 11:45:14 - INFO - __main__ -   Batch number = 744
01/16/2022 11:45:15 - INFO - __main__ -   Batch number = 745
01/16/2022 11:45:16 - INFO - __main__ -   Batch number = 746
01/16/2022 11:45:17 - INFO - __main__ -   Batch number = 747
01/16/2022 11:45:19 - INFO - __main__ -   Batch number = 748
01/16/2022 11:45:20 - INFO - __main__ -   Batch number = 749
01/16/2022 11:45:21 - INFO - __main__ -   Batch number = 750
01/16/2022 11:45:22 - INFO - __main__ -   Batch number = 751
01/16/2022 11:45:23 - INFO - __main__ -   Batch number = 752
01/16/2022 11:45:24 - INFO - __main__ -   Batch number = 753
01/16/2022 11:45:25 - INFO - __main__ -   Batch number = 754
01/16/2022 11:45:26 - INFO - __main__ -   Batch number = 755
01/16/2022 11:45:28 - INFO - __main__ -   Batch number = 756
01/16/2022 11:45:29 - INFO - __main__ -   Batch number = 757
01/16/2022 11:45:30 - INFO - __main__ -   Batch number = 758
01/16/2022 11:45:32 - INFO - __main__ -   Batch number = 759
01/16/2022 11:45:33 - INFO - __main__ -   Batch number = 760
01/16/2022 11:45:34 - INFO - __main__ -   Batch number = 761
01/16/2022 11:45:35 - INFO - __main__ -   Batch number = 762
01/16/2022 11:45:37 - INFO - __main__ -   Batch number = 763
01/16/2022 11:45:38 - INFO - __main__ -   Batch number = 764
01/16/2022 11:45:39 - INFO - __main__ -   Batch number = 765
01/16/2022 11:45:40 - INFO - __main__ -   Batch number = 766
01/16/2022 11:45:41 - INFO - __main__ -   Batch number = 767
01/16/2022 11:45:42 - INFO - __main__ -   Batch number = 768
01/16/2022 11:45:44 - INFO - __main__ -   Batch number = 769
01/16/2022 11:45:45 - INFO - __main__ -   Batch number = 770
01/16/2022 11:45:46 - INFO - __main__ -   Batch number = 771
01/16/2022 11:45:47 - INFO - __main__ -   Batch number = 772
01/16/2022 11:45:48 - INFO - __main__ -   Batch number = 773
01/16/2022 11:45:49 - INFO - __main__ -   Batch number = 774
01/16/2022 11:45:50 - INFO - __main__ -   Batch number = 775
01/16/2022 11:45:51 - INFO - __main__ -   Batch number = 776
01/16/2022 11:45:52 - INFO - __main__ -   Batch number = 777
01/16/2022 11:45:53 - INFO - __main__ -   Batch number = 778
01/16/2022 11:45:54 - INFO - __main__ -   Batch number = 779
01/16/2022 11:45:56 - INFO - __main__ -   Batch number = 780
01/16/2022 11:45:57 - INFO - __main__ -   Batch number = 781
01/16/2022 11:45:58 - INFO - __main__ -   Batch number = 782
01/16/2022 11:45:59 - INFO - __main__ -   Batch number = 783
01/16/2022 11:46:00 - INFO - __main__ -   Batch number = 784
01/16/2022 11:46:01 - INFO - __main__ -   Batch number = 785
01/16/2022 11:46:02 - INFO - __main__ -   Batch number = 786
01/16/2022 11:46:03 - INFO - __main__ -   Batch number = 787
01/16/2022 11:46:04 - INFO - __main__ -   Batch number = 788
01/16/2022 11:46:05 - INFO - __main__ -   Batch number = 789
01/16/2022 11:46:07 - INFO - __main__ -   Batch number = 790
01/16/2022 11:46:08 - INFO - __main__ -   Batch number = 791
01/16/2022 11:46:09 - INFO - __main__ -   Batch number = 792
01/16/2022 11:46:10 - INFO - __main__ -   Batch number = 793
01/16/2022 11:46:11 - INFO - __main__ -   Batch number = 794
01/16/2022 11:46:12 - INFO - __main__ -   Batch number = 795
01/16/2022 11:46:13 - INFO - __main__ -   Batch number = 796
01/16/2022 11:46:15 - INFO - __main__ -   Batch number = 797
01/16/2022 11:46:16 - INFO - __main__ -   Batch number = 798
01/16/2022 11:46:17 - INFO - __main__ -   Batch number = 799
01/16/2022 11:46:18 - INFO - __main__ -   Batch number = 800
01/16/2022 11:46:19 - INFO - __main__ -   Batch number = 801
01/16/2022 11:46:20 - INFO - __main__ -   Batch number = 802
01/16/2022 11:46:22 - INFO - __main__ -   Batch number = 803
01/16/2022 11:46:23 - INFO - __main__ -   Batch number = 804
01/16/2022 11:46:24 - INFO - __main__ -   Batch number = 805
01/16/2022 11:46:25 - INFO - __main__ -   Batch number = 806
01/16/2022 11:46:26 - INFO - __main__ -   Batch number = 807
01/16/2022 11:46:28 - INFO - __main__ -   Batch number = 808
01/16/2022 11:46:29 - INFO - __main__ -   Batch number = 809
01/16/2022 11:46:30 - INFO - __main__ -   Batch number = 810
01/16/2022 11:46:31 - INFO - __main__ -   Batch number = 811
01/16/2022 11:46:33 - INFO - __main__ -   Batch number = 812
01/16/2022 11:46:34 - INFO - __main__ -   Batch number = 813
01/16/2022 11:46:35 - INFO - __main__ -   Batch number = 814
01/16/2022 11:46:36 - INFO - __main__ -   Batch number = 815
01/16/2022 11:46:37 - INFO - __main__ -   Batch number = 816
01/16/2022 11:46:38 - INFO - __main__ -   Batch number = 817
01/16/2022 11:46:40 - INFO - __main__ -   Batch number = 818
01/16/2022 11:46:41 - INFO - __main__ -   Batch number = 819
01/16/2022 11:46:42 - INFO - __main__ -   Batch number = 820
01/16/2022 11:46:43 - INFO - __main__ -   Batch number = 821
01/16/2022 11:46:44 - INFO - __main__ -   Batch number = 822
01/16/2022 11:46:45 - INFO - __main__ -   Batch number = 823
01/16/2022 11:46:46 - INFO - __main__ -   Batch number = 824
01/16/2022 11:46:47 - INFO - __main__ -   Batch number = 825
01/16/2022 11:46:49 - INFO - __main__ -   Batch number = 826
01/16/2022 11:46:50 - INFO - __main__ -   Batch number = 827
01/16/2022 11:46:51 - INFO - __main__ -   Batch number = 828
01/16/2022 11:46:52 - INFO - __main__ -   Batch number = 829
01/16/2022 11:46:53 - INFO - __main__ -   Batch number = 830
01/16/2022 11:46:55 - INFO - __main__ -   Batch number = 831
01/16/2022 11:46:56 - INFO - __main__ -   Batch number = 832
01/16/2022 11:46:57 - INFO - __main__ -   Batch number = 833
01/16/2022 11:46:58 - INFO - __main__ -   Batch number = 834
01/16/2022 11:46:59 - INFO - __main__ -   Batch number = 835
01/16/2022 11:47:01 - INFO - __main__ -   Batch number = 836
01/16/2022 11:47:02 - INFO - __main__ -   Batch number = 837
01/16/2022 11:47:03 - INFO - __main__ -   Batch number = 838
01/16/2022 11:47:04 - INFO - __main__ -   Batch number = 839
01/16/2022 11:47:05 - INFO - __main__ -   Batch number = 840
01/16/2022 11:47:07 - INFO - __main__ -   Batch number = 841
01/16/2022 11:47:08 - INFO - __main__ -   Batch number = 842
01/16/2022 11:47:09 - INFO - __main__ -   Batch number = 843
01/16/2022 11:47:10 - INFO - __main__ -   Batch number = 844
01/16/2022 11:47:11 - INFO - __main__ -   Batch number = 845
01/16/2022 11:47:12 - INFO - __main__ -   Batch number = 846
01/16/2022 11:47:14 - INFO - __main__ -   Batch number = 847
01/16/2022 11:47:15 - INFO - __main__ -   Batch number = 848
01/16/2022 11:47:16 - INFO - __main__ -   Batch number = 849
01/16/2022 11:47:17 - INFO - __main__ -   Batch number = 850
01/16/2022 11:47:18 - INFO - __main__ -   Batch number = 851
01/16/2022 11:47:19 - INFO - __main__ -   Batch number = 852
01/16/2022 11:47:20 - INFO - __main__ -   Batch number = 853
01/16/2022 11:47:21 - INFO - __main__ -   Batch number = 854
01/16/2022 11:47:23 - INFO - __main__ -   Batch number = 855
01/16/2022 11:47:24 - INFO - __main__ -   Batch number = 856
01/16/2022 11:47:25 - INFO - __main__ -   Batch number = 857
01/16/2022 11:47:26 - INFO - __main__ -   Batch number = 858
01/16/2022 11:47:27 - INFO - __main__ -   Batch number = 859
01/16/2022 11:47:29 - INFO - __main__ -   Batch number = 860
01/16/2022 11:47:30 - INFO - __main__ -   Batch number = 861
01/16/2022 11:47:31 - INFO - __main__ -   Batch number = 862
01/16/2022 11:47:32 - INFO - __main__ -   Batch number = 863
01/16/2022 11:47:33 - INFO - __main__ -   Batch number = 864
01/16/2022 11:47:34 - INFO - __main__ -   Batch number = 865
01/16/2022 11:47:35 - INFO - __main__ -   Batch number = 866
01/16/2022 11:47:37 - INFO - __main__ -   Batch number = 867
01/16/2022 11:47:38 - INFO - __main__ -   Batch number = 868
01/16/2022 11:47:39 - INFO - __main__ -   Batch number = 869
01/16/2022 11:47:40 - INFO - __main__ -   Batch number = 870
01/16/2022 11:47:41 - INFO - __main__ -   Batch number = 871
01/16/2022 11:47:42 - INFO - __main__ -   Batch number = 872
01/16/2022 11:47:43 - INFO - __main__ -   Batch number = 873
01/16/2022 11:47:44 - INFO - __main__ -   Batch number = 874
01/16/2022 11:47:46 - INFO - __main__ -   Batch number = 875
01/16/2022 11:47:47 - INFO - __main__ -   Batch number = 876
01/16/2022 11:47:48 - INFO - __main__ -   Batch number = 877
01/16/2022 11:47:49 - INFO - __main__ -   Batch number = 878
01/16/2022 11:47:50 - INFO - __main__ -   Batch number = 879
01/16/2022 11:47:51 - INFO - __main__ -   Batch number = 880
01/16/2022 11:47:52 - INFO - __main__ -   Batch number = 881
01/16/2022 11:47:54 - INFO - __main__ -   Batch number = 882
01/16/2022 11:47:55 - INFO - __main__ -   Batch number = 883
01/16/2022 11:47:56 - INFO - __main__ -   Batch number = 884
01/16/2022 11:47:57 - INFO - __main__ -   Batch number = 885
01/16/2022 11:47:58 - INFO - __main__ -   Batch number = 886
01/16/2022 11:47:59 - INFO - __main__ -   Batch number = 887
01/16/2022 11:48:01 - INFO - __main__ -   Batch number = 888
01/16/2022 11:48:02 - INFO - __main__ -   Batch number = 889
01/16/2022 11:48:03 - INFO - __main__ -   Batch number = 890
01/16/2022 11:48:04 - INFO - __main__ -   Batch number = 891
01/16/2022 11:48:05 - INFO - __main__ -   Batch number = 892
01/16/2022 11:48:06 - INFO - __main__ -   Batch number = 893
01/16/2022 11:48:07 - INFO - __main__ -   Batch number = 894
01/16/2022 11:48:08 - INFO - __main__ -   Batch number = 895
01/16/2022 11:48:09 - INFO - __main__ -   Batch number = 896
01/16/2022 11:48:11 - INFO - __main__ -   Batch number = 897
01/16/2022 11:48:12 - INFO - __main__ -   Batch number = 898
01/16/2022 11:48:13 - INFO - __main__ -   Batch number = 899
01/16/2022 11:48:14 - INFO - __main__ -   Batch number = 900
01/16/2022 11:48:15 - INFO - __main__ -   Batch number = 901
01/16/2022 11:48:16 - INFO - __main__ -   Batch number = 902
01/16/2022 11:48:18 - INFO - __main__ -   Batch number = 903
01/16/2022 11:48:19 - INFO - __main__ -   Batch number = 904
01/16/2022 11:48:20 - INFO - __main__ -   Batch number = 905
01/16/2022 11:48:21 - INFO - __main__ -   Batch number = 906
01/16/2022 11:48:22 - INFO - __main__ -   Batch number = 907
01/16/2022 11:48:23 - INFO - __main__ -   Batch number = 908
01/16/2022 11:48:24 - INFO - __main__ -   Batch number = 909
01/16/2022 11:48:26 - INFO - __main__ -   Batch number = 910
01/16/2022 11:48:27 - INFO - __main__ -   Batch number = 911
01/16/2022 11:48:28 - INFO - __main__ -   Batch number = 912
01/16/2022 11:48:29 - INFO - __main__ -   Batch number = 913
