01/13/2022 20:31:20 - INFO - root -   Input args: ModelArguments(model_name_or_path='bert-base-multilingual-cased', model_type='bert', config_name=None, tokenizer_name=None, cache_dir=None, labels='/home/abhijeet/rohan/cloud-emea-copy/data//udpos/udpos_processed_maxlen128//labels.txt', data_dir='/home/abhijeet/rohan/cloud-emea-copy/data//udpos/udpos_processed_maxlen128/', output_dir='/home/abhijeet/rohan/cloud-emea-copy/outputs//udpos/my-bert-base-multilingual-cased-MaxLen128_udpos_fr/', max_seq_length=128, do_train=False, do_eval=False, do_predict=True, do_adapter_predict=False, do_predict_dev=False, do_predict_train=False, init_checkpoint=None, evaluate_during_training=False, do_lower_case=False, few_shot=-1, per_gpu_train_batch_size=8, per_gpu_eval_batch_size=32, gradient_accumulation_steps=4, learning_rate=5e-05, weight_decay=0.0, adam_epsilon=1e-08, max_grad_norm=1.0, num_train_epochs=50.0, max_steps=-1, save_steps=1000, warmup_steps=0, logging_steps=50, save_only_best_checkpoint=True, eval_all_checkpoints=True, no_cuda=False, overwrite_output_dir=True, overwrite_cache=False, seed=1, fp16=False, fp16_opt_level='O1', local_rank=-1, server_ip='', server_port='', predict_langs='am', train_langs='en', log_file='/home/abhijeet/rohan/cloud-emea-copy/outputs//udpos/my-bert-base-multilingual-cased-MaxLen128_udpos_fr//train_am.log', eval_patience=-1, bpe_dropout=0, do_save_adapter_fusions=False, task_name='udpos', predict_task_adapter='output/udpos/my-bert-base-multilingual-cased-LR1e-4-epoch50-MaxLen128-TrainLangen_en_s1/checkpoint-best/udpos/', predict_lang_adapter=None, test_adapter=True, adapter_weight=None, lang_to_vec=None, calc_weight_step=0, predict_save_prefix='', en_weight=None, temperature=1.0, get_attr=False, topk=1, task='udpos')
01/13/2022 20:31:20 - WARNING - __main__ -   Process rank: -1, device: cuda, n_gpu: 1, distributed training: False, 16-bits training: False
01/13/2022 20:31:20 - INFO - __main__ -   Seed = 1
01/13/2022 20:31:20 - INFO - root -   save model
01/13/2022 20:31:20 - INFO - __main__ -   Training/evaluation parameters ModelArguments(model_name_or_path='bert-base-multilingual-cased', model_type='bert', config_name=None, tokenizer_name=None, cache_dir=None, labels='/home/abhijeet/rohan/cloud-emea-copy/data//udpos/udpos_processed_maxlen128//labels.txt', data_dir='/home/abhijeet/rohan/cloud-emea-copy/data//udpos/udpos_processed_maxlen128/', output_dir='/home/abhijeet/rohan/cloud-emea-copy/outputs//udpos/my-bert-base-multilingual-cased-MaxLen128_udpos_fr/', max_seq_length=128, do_train=False, do_eval=False, do_predict=True, do_adapter_predict=False, do_predict_dev=False, do_predict_train=False, init_checkpoint=None, evaluate_during_training=False, do_lower_case=False, few_shot=-1, per_gpu_train_batch_size=8, per_gpu_eval_batch_size=32, gradient_accumulation_steps=4, learning_rate=5e-05, weight_decay=0.0, adam_epsilon=1e-08, max_grad_norm=1.0, num_train_epochs=50.0, max_steps=-1, save_steps=1000, warmup_steps=0, logging_steps=50, save_only_best_checkpoint=True, eval_all_checkpoints=True, no_cuda=False, overwrite_output_dir=True, overwrite_cache=False, seed=1, fp16=False, fp16_opt_level='O1', local_rank=-1, server_ip='', server_port='', predict_langs='am', train_langs='en', log_file='/home/abhijeet/rohan/cloud-emea-copy/outputs//udpos/my-bert-base-multilingual-cased-MaxLen128_udpos_fr//train_am.log', eval_patience=-1, bpe_dropout=0, do_save_adapter_fusions=False, task_name='udpos', predict_task_adapter='output/udpos/my-bert-base-multilingual-cased-LR1e-4-epoch50-MaxLen128-TrainLangen_en_s1/checkpoint-best/udpos/', predict_lang_adapter=None, test_adapter=True, adapter_weight=None, lang_to_vec=None, calc_weight_step=0, predict_save_prefix='', en_weight=None, temperature=1.0, get_attr=False, topk=1, task='udpos')
01/13/2022 20:31:20 - INFO - __main__ -   Loading pretrained model and tokenizer
01/13/2022 20:31:22 - INFO - __main__ -   loading from existing model bert-base-multilingual-cased
01/13/2022 20:31:28 - INFO - __main__ -   Using lang2id = None
01/13/2022 20:31:28 - INFO - __main__ -   Evaluating the model on test set of all the languages specified
01/13/2022 20:31:28 - INFO - __main__ -   Task Adapter will be loaded from this path output/udpos/my-bert-base-multilingual-cased-LR1e-4-epoch50-MaxLen128-TrainLangen_en_s1/checkpoint-best/udpos/
01/13/2022 20:31:28 - INFO - root -   Trying to decide if add adapter
01/13/2022 20:31:28 - INFO - root -   loading task adapter
01/13/2022 20:31:28 - INFO - root -   loading lang adpater fr/wiki@ukp
01/13/2022 20:31:28 - INFO - __main__ -   Adapter Languages : ['fr'], Length : 1
01/13/2022 20:31:28 - INFO - __main__ -   Adapter Names ['fr/wiki@ukp'], Length : 1
01/13/2022 20:31:28 - INFO - __main__ -   Language = fr
01/13/2022 20:31:28 - INFO - __main__ -   Adapter Name = fr/wiki@ukp
01/13/2022 20:31:32 - INFO - __main__ -   Language am, split test does not exist
01/13/2022 20:31:35 - INFO - root -   Input args: ModelArguments(model_name_or_path='bert-base-multilingual-cased', model_type='bert', config_name=None, tokenizer_name=None, cache_dir=None, labels='/home/abhijeet/rohan/cloud-emea-copy/data//udpos/udpos_processed_maxlen128//labels.txt', data_dir='/home/abhijeet/rohan/cloud-emea-copy/data//udpos/udpos_processed_maxlen128/', output_dir='/home/abhijeet/rohan/cloud-emea-copy/outputs//udpos/my-bert-base-multilingual-cased-MaxLen128_udpos_fr/', max_seq_length=128, do_train=False, do_eval=False, do_predict=True, do_adapter_predict=False, do_predict_dev=False, do_predict_train=False, init_checkpoint=None, evaluate_during_training=False, do_lower_case=False, few_shot=-1, per_gpu_train_batch_size=8, per_gpu_eval_batch_size=32, gradient_accumulation_steps=4, learning_rate=5e-05, weight_decay=0.0, adam_epsilon=1e-08, max_grad_norm=1.0, num_train_epochs=50.0, max_steps=-1, save_steps=1000, warmup_steps=0, logging_steps=50, save_only_best_checkpoint=True, eval_all_checkpoints=True, no_cuda=False, overwrite_output_dir=True, overwrite_cache=False, seed=2, fp16=False, fp16_opt_level='O1', local_rank=-1, server_ip='', server_port='', predict_langs='am', train_langs='en', log_file='/home/abhijeet/rohan/cloud-emea-copy/outputs//udpos/my-bert-base-multilingual-cased-MaxLen128_udpos_fr//train_am.log', eval_patience=-1, bpe_dropout=0, do_save_adapter_fusions=False, task_name='udpos', predict_task_adapter='output/udpos/my-bert-base-multilingual-cased-LR1e-4-epoch50-MaxLen128-TrainLangen_en_s2/checkpoint-best/udpos/', predict_lang_adapter=None, test_adapter=True, adapter_weight=None, lang_to_vec=None, calc_weight_step=0, predict_save_prefix='', en_weight=None, temperature=1.0, get_attr=False, topk=1, task='udpos')
01/13/2022 20:31:35 - WARNING - __main__ -   Process rank: -1, device: cuda, n_gpu: 1, distributed training: False, 16-bits training: False
01/13/2022 20:31:35 - INFO - __main__ -   Seed = 2
01/13/2022 20:31:35 - INFO - root -   save model
01/13/2022 20:31:35 - INFO - __main__ -   Training/evaluation parameters ModelArguments(model_name_or_path='bert-base-multilingual-cased', model_type='bert', config_name=None, tokenizer_name=None, cache_dir=None, labels='/home/abhijeet/rohan/cloud-emea-copy/data//udpos/udpos_processed_maxlen128//labels.txt', data_dir='/home/abhijeet/rohan/cloud-emea-copy/data//udpos/udpos_processed_maxlen128/', output_dir='/home/abhijeet/rohan/cloud-emea-copy/outputs//udpos/my-bert-base-multilingual-cased-MaxLen128_udpos_fr/', max_seq_length=128, do_train=False, do_eval=False, do_predict=True, do_adapter_predict=False, do_predict_dev=False, do_predict_train=False, init_checkpoint=None, evaluate_during_training=False, do_lower_case=False, few_shot=-1, per_gpu_train_batch_size=8, per_gpu_eval_batch_size=32, gradient_accumulation_steps=4, learning_rate=5e-05, weight_decay=0.0, adam_epsilon=1e-08, max_grad_norm=1.0, num_train_epochs=50.0, max_steps=-1, save_steps=1000, warmup_steps=0, logging_steps=50, save_only_best_checkpoint=True, eval_all_checkpoints=True, no_cuda=False, overwrite_output_dir=True, overwrite_cache=False, seed=2, fp16=False, fp16_opt_level='O1', local_rank=-1, server_ip='', server_port='', predict_langs='am', train_langs='en', log_file='/home/abhijeet/rohan/cloud-emea-copy/outputs//udpos/my-bert-base-multilingual-cased-MaxLen128_udpos_fr//train_am.log', eval_patience=-1, bpe_dropout=0, do_save_adapter_fusions=False, task_name='udpos', predict_task_adapter='output/udpos/my-bert-base-multilingual-cased-LR1e-4-epoch50-MaxLen128-TrainLangen_en_s2/checkpoint-best/udpos/', predict_lang_adapter=None, test_adapter=True, adapter_weight=None, lang_to_vec=None, calc_weight_step=0, predict_save_prefix='', en_weight=None, temperature=1.0, get_attr=False, topk=1, task='udpos')
01/13/2022 20:31:35 - INFO - __main__ -   Loading pretrained model and tokenizer
01/13/2022 20:31:37 - INFO - __main__ -   loading from existing model bert-base-multilingual-cased
01/13/2022 20:31:43 - INFO - __main__ -   Using lang2id = None
01/13/2022 20:31:43 - INFO - __main__ -   Evaluating the model on test set of all the languages specified
01/13/2022 20:31:43 - INFO - __main__ -   Task Adapter will be loaded from this path output/udpos/my-bert-base-multilingual-cased-LR1e-4-epoch50-MaxLen128-TrainLangen_en_s2/checkpoint-best/udpos/
01/13/2022 20:31:43 - INFO - root -   Trying to decide if add adapter
01/13/2022 20:31:43 - INFO - root -   loading task adapter
01/13/2022 20:31:43 - INFO - root -   loading lang adpater fr/wiki@ukp
01/13/2022 20:31:43 - INFO - __main__ -   Adapter Languages : ['fr'], Length : 1
01/13/2022 20:31:43 - INFO - __main__ -   Adapter Names ['fr/wiki@ukp'], Length : 1
01/13/2022 20:31:43 - INFO - __main__ -   Language = fr
01/13/2022 20:31:43 - INFO - __main__ -   Adapter Name = fr/wiki@ukp
01/13/2022 20:31:47 - INFO - __main__ -   Language am, split test does not exist
01/13/2022 20:31:49 - INFO - root -   Input args: ModelArguments(model_name_or_path='bert-base-multilingual-cased', model_type='bert', config_name=None, tokenizer_name=None, cache_dir=None, labels='/home/abhijeet/rohan/cloud-emea-copy/data//udpos/udpos_processed_maxlen128//labels.txt', data_dir='/home/abhijeet/rohan/cloud-emea-copy/data//udpos/udpos_processed_maxlen128/', output_dir='/home/abhijeet/rohan/cloud-emea-copy/outputs//udpos/my-bert-base-multilingual-cased-MaxLen128_udpos_fr/', max_seq_length=128, do_train=False, do_eval=False, do_predict=True, do_adapter_predict=False, do_predict_dev=False, do_predict_train=False, init_checkpoint=None, evaluate_during_training=False, do_lower_case=False, few_shot=-1, per_gpu_train_batch_size=8, per_gpu_eval_batch_size=32, gradient_accumulation_steps=4, learning_rate=5e-05, weight_decay=0.0, adam_epsilon=1e-08, max_grad_norm=1.0, num_train_epochs=50.0, max_steps=-1, save_steps=1000, warmup_steps=0, logging_steps=50, save_only_best_checkpoint=True, eval_all_checkpoints=True, no_cuda=False, overwrite_output_dir=True, overwrite_cache=False, seed=3, fp16=False, fp16_opt_level='O1', local_rank=-1, server_ip='', server_port='', predict_langs='am', train_langs='en', log_file='/home/abhijeet/rohan/cloud-emea-copy/outputs//udpos/my-bert-base-multilingual-cased-MaxLen128_udpos_fr//train_am.log', eval_patience=-1, bpe_dropout=0, do_save_adapter_fusions=False, task_name='udpos', predict_task_adapter='output/udpos/my-bert-base-multilingual-cased-LR1e-4-epoch50-MaxLen128-TrainLangen_en_s3/checkpoint-best/udpos/', predict_lang_adapter=None, test_adapter=True, adapter_weight=None, lang_to_vec=None, calc_weight_step=0, predict_save_prefix='', en_weight=None, temperature=1.0, get_attr=False, topk=1, task='udpos')
01/13/2022 20:31:49 - WARNING - __main__ -   Process rank: -1, device: cuda, n_gpu: 1, distributed training: False, 16-bits training: False
01/13/2022 20:31:49 - INFO - __main__ -   Seed = 3
01/13/2022 20:31:49 - INFO - root -   save model
01/13/2022 20:31:49 - INFO - __main__ -   Training/evaluation parameters ModelArguments(model_name_or_path='bert-base-multilingual-cased', model_type='bert', config_name=None, tokenizer_name=None, cache_dir=None, labels='/home/abhijeet/rohan/cloud-emea-copy/data//udpos/udpos_processed_maxlen128//labels.txt', data_dir='/home/abhijeet/rohan/cloud-emea-copy/data//udpos/udpos_processed_maxlen128/', output_dir='/home/abhijeet/rohan/cloud-emea-copy/outputs//udpos/my-bert-base-multilingual-cased-MaxLen128_udpos_fr/', max_seq_length=128, do_train=False, do_eval=False, do_predict=True, do_adapter_predict=False, do_predict_dev=False, do_predict_train=False, init_checkpoint=None, evaluate_during_training=False, do_lower_case=False, few_shot=-1, per_gpu_train_batch_size=8, per_gpu_eval_batch_size=32, gradient_accumulation_steps=4, learning_rate=5e-05, weight_decay=0.0, adam_epsilon=1e-08, max_grad_norm=1.0, num_train_epochs=50.0, max_steps=-1, save_steps=1000, warmup_steps=0, logging_steps=50, save_only_best_checkpoint=True, eval_all_checkpoints=True, no_cuda=False, overwrite_output_dir=True, overwrite_cache=False, seed=3, fp16=False, fp16_opt_level='O1', local_rank=-1, server_ip='', server_port='', predict_langs='am', train_langs='en', log_file='/home/abhijeet/rohan/cloud-emea-copy/outputs//udpos/my-bert-base-multilingual-cased-MaxLen128_udpos_fr//train_am.log', eval_patience=-1, bpe_dropout=0, do_save_adapter_fusions=False, task_name='udpos', predict_task_adapter='output/udpos/my-bert-base-multilingual-cased-LR1e-4-epoch50-MaxLen128-TrainLangen_en_s3/checkpoint-best/udpos/', predict_lang_adapter=None, test_adapter=True, adapter_weight=None, lang_to_vec=None, calc_weight_step=0, predict_save_prefix='', en_weight=None, temperature=1.0, get_attr=False, topk=1, task='udpos')
01/13/2022 20:31:49 - INFO - __main__ -   Loading pretrained model and tokenizer
01/13/2022 20:31:52 - INFO - __main__ -   loading from existing model bert-base-multilingual-cased
01/13/2022 20:31:57 - INFO - __main__ -   Using lang2id = None
01/13/2022 20:31:57 - INFO - __main__ -   Evaluating the model on test set of all the languages specified
01/13/2022 20:31:57 - INFO - __main__ -   Task Adapter will be loaded from this path output/udpos/my-bert-base-multilingual-cased-LR1e-4-epoch50-MaxLen128-TrainLangen_en_s3/checkpoint-best/udpos/
01/13/2022 20:31:57 - INFO - root -   Trying to decide if add adapter
01/13/2022 20:31:57 - INFO - root -   loading task adapter
01/13/2022 20:31:57 - INFO - root -   loading lang adpater fr/wiki@ukp
01/13/2022 20:31:57 - INFO - __main__ -   Adapter Languages : ['fr'], Length : 1
01/13/2022 20:31:57 - INFO - __main__ -   Adapter Names ['fr/wiki@ukp'], Length : 1
01/13/2022 20:31:57 - INFO - __main__ -   Language = fr
01/13/2022 20:31:57 - INFO - __main__ -   Adapter Name = fr/wiki@ukp
01/13/2022 20:32:01 - INFO - __main__ -   Language am, split test does not exist
01/13/2022 21:34:39 - INFO - root -   Input args: ModelArguments(model_name_or_path='bert-base-multilingual-cased', model_type='bert', config_name=None, tokenizer_name=None, cache_dir=None, labels='/home/abhijeet/rohan/cloud-emea-copy/data//udpos/udpos_processed_maxlen128//labels.txt', data_dir='/home/abhijeet/rohan/cloud-emea-copy/data//udpos/udpos_processed_maxlen128/', output_dir='/home/abhijeet/rohan/cloud-emea-copy/outputs//udpos/my-bert-base-multilingual-cased-MaxLen128_udpos_fr/', max_seq_length=128, do_train=False, do_eval=False, do_predict=True, do_adapter_predict=False, do_predict_dev=False, do_predict_train=False, init_checkpoint=None, evaluate_during_training=False, do_lower_case=False, few_shot=-1, per_gpu_train_batch_size=8, per_gpu_eval_batch_size=32, gradient_accumulation_steps=4, learning_rate=5e-05, weight_decay=0.0, adam_epsilon=1e-08, max_grad_norm=1.0, num_train_epochs=50.0, max_steps=-1, save_steps=1000, warmup_steps=0, logging_steps=50, save_only_best_checkpoint=True, eval_all_checkpoints=True, no_cuda=False, overwrite_output_dir=True, overwrite_cache=False, seed=1, fp16=False, fp16_opt_level='O1', local_rank=-1, server_ip='', server_port='', predict_langs='am', train_langs='en', log_file='/home/abhijeet/rohan/cloud-emea-copy/outputs//udpos/my-bert-base-multilingual-cased-MaxLen128_udpos_fr//train_am.log', eval_patience=-1, bpe_dropout=0, do_save_adapter_fusions=False, task_name='udpos', predict_task_adapter='output/udpos/my-bert-base-multilingual-cased-LR1e-4-epoch50-MaxLen128-TrainLangen_en_s1/checkpoint-best/udpos/', predict_lang_adapter=None, test_adapter=True, adapter_weight=None, lang_to_vec=None, calc_weight_step=0, predict_save_prefix='', en_weight=None, temperature=1.0, get_attr=False, topk=1, task='udpos')
01/13/2022 21:34:39 - WARNING - __main__ -   Process rank: -1, device: cuda, n_gpu: 1, distributed training: False, 16-bits training: False
01/13/2022 21:34:39 - INFO - __main__ -   Seed = 1
01/13/2022 21:34:39 - INFO - root -   save model
01/13/2022 21:34:39 - INFO - __main__ -   Training/evaluation parameters ModelArguments(model_name_or_path='bert-base-multilingual-cased', model_type='bert', config_name=None, tokenizer_name=None, cache_dir=None, labels='/home/abhijeet/rohan/cloud-emea-copy/data//udpos/udpos_processed_maxlen128//labels.txt', data_dir='/home/abhijeet/rohan/cloud-emea-copy/data//udpos/udpos_processed_maxlen128/', output_dir='/home/abhijeet/rohan/cloud-emea-copy/outputs//udpos/my-bert-base-multilingual-cased-MaxLen128_udpos_fr/', max_seq_length=128, do_train=False, do_eval=False, do_predict=True, do_adapter_predict=False, do_predict_dev=False, do_predict_train=False, init_checkpoint=None, evaluate_during_training=False, do_lower_case=False, few_shot=-1, per_gpu_train_batch_size=8, per_gpu_eval_batch_size=32, gradient_accumulation_steps=4, learning_rate=5e-05, weight_decay=0.0, adam_epsilon=1e-08, max_grad_norm=1.0, num_train_epochs=50.0, max_steps=-1, save_steps=1000, warmup_steps=0, logging_steps=50, save_only_best_checkpoint=True, eval_all_checkpoints=True, no_cuda=False, overwrite_output_dir=True, overwrite_cache=False, seed=1, fp16=False, fp16_opt_level='O1', local_rank=-1, server_ip='', server_port='', predict_langs='am', train_langs='en', log_file='/home/abhijeet/rohan/cloud-emea-copy/outputs//udpos/my-bert-base-multilingual-cased-MaxLen128_udpos_fr//train_am.log', eval_patience=-1, bpe_dropout=0, do_save_adapter_fusions=False, task_name='udpos', predict_task_adapter='output/udpos/my-bert-base-multilingual-cased-LR1e-4-epoch50-MaxLen128-TrainLangen_en_s1/checkpoint-best/udpos/', predict_lang_adapter=None, test_adapter=True, adapter_weight=None, lang_to_vec=None, calc_weight_step=0, predict_save_prefix='', en_weight=None, temperature=1.0, get_attr=False, topk=1, task='udpos')
01/13/2022 21:34:39 - INFO - __main__ -   Loading pretrained model and tokenizer
01/13/2022 21:34:42 - INFO - __main__ -   loading from existing model bert-base-multilingual-cased
01/13/2022 21:34:47 - INFO - __main__ -   Using lang2id = None
01/13/2022 21:34:47 - INFO - __main__ -   Evaluating the model on test set of all the languages specified
01/13/2022 21:34:47 - INFO - __main__ -   Task Adapter will be loaded from this path output/udpos/my-bert-base-multilingual-cased-LR1e-4-epoch50-MaxLen128-TrainLangen_en_s1/checkpoint-best/udpos/
01/13/2022 21:34:47 - INFO - root -   Trying to decide if add adapter
01/13/2022 21:34:47 - INFO - root -   loading task adapter
01/13/2022 21:34:48 - INFO - root -   loading lang adpater fr/wiki@ukp
01/13/2022 21:34:48 - INFO - __main__ -   Adapter Languages : ['fr'], Length : 1
01/13/2022 21:34:48 - INFO - __main__ -   Adapter Names ['fr/wiki@ukp'], Length : 1
01/13/2022 21:34:48 - INFO - __main__ -   Language = fr
01/13/2022 21:34:48 - INFO - __main__ -   Adapter Name = fr/wiki@ukp
01/13/2022 21:34:52 - INFO - __main__ -   Language adapter for am not found, using fr instead
01/13/2022 21:34:52 - INFO - __main__ -   Set active language adapter to fr
01/13/2022 21:34:52 - INFO - __main__ -   Args Adapter Weight = None
01/13/2022 21:34:52 - INFO - __main__ -   Adapter Languages = ['fr']
01/13/2022 21:34:52 - INFO - __main__ -   Loading features from cached file /home/abhijeet/rohan/cloud-emea-copy/data//udpos/udpos_processed_maxlen128/cached_test_am_bert-base-multilingual-cased_128
01/13/2022 21:34:52 - INFO - __main__ -   ***** Running evaluation  in am *****
01/13/2022 21:34:52 - INFO - __main__ -     Num examples = 1074
01/13/2022 21:34:52 - INFO - __main__ -     Batch size = 32
01/13/2022 21:34:52 - INFO - __main__ -   Batch number = 1
01/13/2022 21:34:52 - INFO - __main__ -   Batch number = 2
01/13/2022 21:34:53 - INFO - __main__ -   Batch number = 3
01/13/2022 21:34:53 - INFO - __main__ -   Batch number = 4
01/13/2022 21:34:53 - INFO - __main__ -   Batch number = 5
01/13/2022 21:34:53 - INFO - __main__ -   Batch number = 6
01/13/2022 21:34:53 - INFO - __main__ -   Batch number = 7
01/13/2022 21:34:53 - INFO - __main__ -   Batch number = 8
01/13/2022 21:34:54 - INFO - __main__ -   Batch number = 9
01/13/2022 21:34:54 - INFO - __main__ -   Batch number = 10
01/13/2022 21:34:54 - INFO - __main__ -   Batch number = 11
01/13/2022 21:34:54 - INFO - __main__ -   Batch number = 12
01/13/2022 21:34:54 - INFO - __main__ -   Batch number = 13
01/13/2022 21:34:54 - INFO - __main__ -   Batch number = 14
01/13/2022 21:34:54 - INFO - __main__ -   Batch number = 15
01/13/2022 21:34:54 - INFO - __main__ -   Batch number = 16
01/13/2022 21:34:55 - INFO - __main__ -   Batch number = 17
01/13/2022 21:34:55 - INFO - __main__ -   Batch number = 18
01/13/2022 21:34:55 - INFO - __main__ -   Batch number = 19
01/13/2022 21:34:55 - INFO - __main__ -   Batch number = 20
01/13/2022 21:34:55 - INFO - __main__ -   Batch number = 21
01/13/2022 21:34:55 - INFO - __main__ -   Batch number = 22
01/13/2022 21:34:55 - INFO - __main__ -   Batch number = 23
01/13/2022 21:34:56 - INFO - __main__ -   Batch number = 24
01/13/2022 21:34:56 - INFO - __main__ -   Batch number = 25
01/13/2022 21:34:56 - INFO - __main__ -   Batch number = 26
01/13/2022 21:34:56 - INFO - __main__ -   Batch number = 27
01/13/2022 21:34:56 - INFO - __main__ -   Batch number = 28
01/13/2022 21:34:56 - INFO - __main__ -   Batch number = 29
01/13/2022 21:34:56 - INFO - __main__ -   Batch number = 30
01/13/2022 21:34:57 - INFO - __main__ -   Batch number = 31
01/13/2022 21:34:57 - INFO - __main__ -   Batch number = 32
01/13/2022 21:34:57 - INFO - __main__ -   Batch number = 33
01/13/2022 21:34:57 - INFO - __main__ -   Batch number = 34
01/13/2022 21:34:57 - INFO - __main__ -   ***** Evaluation result  in am *****
01/13/2022 21:34:57 - INFO - __main__ -     f1 = 0.00970873786407767
01/13/2022 21:34:57 - INFO - __main__ -     loss = 4.787944162593169
01/13/2022 21:34:57 - INFO - __main__ -     precision = 0.0224
01/13/2022 21:34:57 - INFO - __main__ -     recall = 0.00619743249225321
01/13/2022 21:34:59 - INFO - root -   Input args: ModelArguments(model_name_or_path='bert-base-multilingual-cased', model_type='bert', config_name=None, tokenizer_name=None, cache_dir=None, labels='/home/abhijeet/rohan/cloud-emea-copy/data//udpos/udpos_processed_maxlen128//labels.txt', data_dir='/home/abhijeet/rohan/cloud-emea-copy/data//udpos/udpos_processed_maxlen128/', output_dir='/home/abhijeet/rohan/cloud-emea-copy/outputs//udpos/my-bert-base-multilingual-cased-MaxLen128_udpos_fr/', max_seq_length=128, do_train=False, do_eval=False, do_predict=True, do_adapter_predict=False, do_predict_dev=False, do_predict_train=False, init_checkpoint=None, evaluate_during_training=False, do_lower_case=False, few_shot=-1, per_gpu_train_batch_size=8, per_gpu_eval_batch_size=32, gradient_accumulation_steps=4, learning_rate=5e-05, weight_decay=0.0, adam_epsilon=1e-08, max_grad_norm=1.0, num_train_epochs=50.0, max_steps=-1, save_steps=1000, warmup_steps=0, logging_steps=50, save_only_best_checkpoint=True, eval_all_checkpoints=True, no_cuda=False, overwrite_output_dir=True, overwrite_cache=False, seed=2, fp16=False, fp16_opt_level='O1', local_rank=-1, server_ip='', server_port='', predict_langs='am', train_langs='en', log_file='/home/abhijeet/rohan/cloud-emea-copy/outputs//udpos/my-bert-base-multilingual-cased-MaxLen128_udpos_fr//train_am.log', eval_patience=-1, bpe_dropout=0, do_save_adapter_fusions=False, task_name='udpos', predict_task_adapter='output/udpos/my-bert-base-multilingual-cased-LR1e-4-epoch50-MaxLen128-TrainLangen_en_s2/checkpoint-best/udpos/', predict_lang_adapter=None, test_adapter=True, adapter_weight=None, lang_to_vec=None, calc_weight_step=0, predict_save_prefix='', en_weight=None, temperature=1.0, get_attr=False, topk=1, task='udpos')
01/13/2022 21:34:59 - WARNING - __main__ -   Process rank: -1, device: cuda, n_gpu: 1, distributed training: False, 16-bits training: False
01/13/2022 21:34:59 - INFO - __main__ -   Seed = 2
01/13/2022 21:34:59 - INFO - root -   save model
01/13/2022 21:34:59 - INFO - __main__ -   Training/evaluation parameters ModelArguments(model_name_or_path='bert-base-multilingual-cased', model_type='bert', config_name=None, tokenizer_name=None, cache_dir=None, labels='/home/abhijeet/rohan/cloud-emea-copy/data//udpos/udpos_processed_maxlen128//labels.txt', data_dir='/home/abhijeet/rohan/cloud-emea-copy/data//udpos/udpos_processed_maxlen128/', output_dir='/home/abhijeet/rohan/cloud-emea-copy/outputs//udpos/my-bert-base-multilingual-cased-MaxLen128_udpos_fr/', max_seq_length=128, do_train=False, do_eval=False, do_predict=True, do_adapter_predict=False, do_predict_dev=False, do_predict_train=False, init_checkpoint=None, evaluate_during_training=False, do_lower_case=False, few_shot=-1, per_gpu_train_batch_size=8, per_gpu_eval_batch_size=32, gradient_accumulation_steps=4, learning_rate=5e-05, weight_decay=0.0, adam_epsilon=1e-08, max_grad_norm=1.0, num_train_epochs=50.0, max_steps=-1, save_steps=1000, warmup_steps=0, logging_steps=50, save_only_best_checkpoint=True, eval_all_checkpoints=True, no_cuda=False, overwrite_output_dir=True, overwrite_cache=False, seed=2, fp16=False, fp16_opt_level='O1', local_rank=-1, server_ip='', server_port='', predict_langs='am', train_langs='en', log_file='/home/abhijeet/rohan/cloud-emea-copy/outputs//udpos/my-bert-base-multilingual-cased-MaxLen128_udpos_fr//train_am.log', eval_patience=-1, bpe_dropout=0, do_save_adapter_fusions=False, task_name='udpos', predict_task_adapter='output/udpos/my-bert-base-multilingual-cased-LR1e-4-epoch50-MaxLen128-TrainLangen_en_s2/checkpoint-best/udpos/', predict_lang_adapter=None, test_adapter=True, adapter_weight=None, lang_to_vec=None, calc_weight_step=0, predict_save_prefix='', en_weight=None, temperature=1.0, get_attr=False, topk=1, task='udpos')
01/13/2022 21:34:59 - INFO - __main__ -   Loading pretrained model and tokenizer
01/13/2022 21:35:02 - INFO - __main__ -   loading from existing model bert-base-multilingual-cased
01/13/2022 21:35:08 - INFO - __main__ -   Using lang2id = None
01/13/2022 21:35:08 - INFO - __main__ -   Evaluating the model on test set of all the languages specified
01/13/2022 21:35:08 - INFO - __main__ -   Task Adapter will be loaded from this path output/udpos/my-bert-base-multilingual-cased-LR1e-4-epoch50-MaxLen128-TrainLangen_en_s2/checkpoint-best/udpos/
01/13/2022 21:35:08 - INFO - root -   Trying to decide if add adapter
01/13/2022 21:35:08 - INFO - root -   loading task adapter
01/13/2022 21:35:08 - INFO - root -   loading lang adpater fr/wiki@ukp
01/13/2022 21:35:08 - INFO - __main__ -   Adapter Languages : ['fr'], Length : 1
01/13/2022 21:35:08 - INFO - __main__ -   Adapter Names ['fr/wiki@ukp'], Length : 1
01/13/2022 21:35:08 - INFO - __main__ -   Language = fr
01/13/2022 21:35:08 - INFO - __main__ -   Adapter Name = fr/wiki@ukp
01/13/2022 21:35:12 - INFO - __main__ -   Language adapter for am not found, using fr instead
01/13/2022 21:35:12 - INFO - __main__ -   Set active language adapter to fr
01/13/2022 21:35:12 - INFO - __main__ -   Args Adapter Weight = None
01/13/2022 21:35:12 - INFO - __main__ -   Adapter Languages = ['fr']
01/13/2022 21:35:12 - INFO - __main__ -   Loading features from cached file /home/abhijeet/rohan/cloud-emea-copy/data//udpos/udpos_processed_maxlen128/cached_test_am_bert-base-multilingual-cased_128
01/13/2022 21:35:12 - INFO - __main__ -   ***** Running evaluation  in am *****
01/13/2022 21:35:12 - INFO - __main__ -     Num examples = 1074
01/13/2022 21:35:12 - INFO - __main__ -     Batch size = 32
01/13/2022 21:35:12 - INFO - __main__ -   Batch number = 1
01/13/2022 21:35:13 - INFO - __main__ -   Batch number = 2
01/13/2022 21:35:13 - INFO - __main__ -   Batch number = 3
01/13/2022 21:35:13 - INFO - __main__ -   Batch number = 4
01/13/2022 21:35:13 - INFO - __main__ -   Batch number = 5
01/13/2022 21:35:13 - INFO - __main__ -   Batch number = 6
01/13/2022 21:35:13 - INFO - __main__ -   Batch number = 7
01/13/2022 21:35:13 - INFO - __main__ -   Batch number = 8
01/13/2022 21:35:14 - INFO - __main__ -   Batch number = 9
01/13/2022 21:35:14 - INFO - __main__ -   Batch number = 10
01/13/2022 21:35:14 - INFO - __main__ -   Batch number = 11
01/13/2022 21:35:14 - INFO - __main__ -   Batch number = 12
01/13/2022 21:35:14 - INFO - __main__ -   Batch number = 13
01/13/2022 21:35:14 - INFO - __main__ -   Batch number = 14
01/13/2022 21:35:14 - INFO - __main__ -   Batch number = 15
01/13/2022 21:35:15 - INFO - __main__ -   Batch number = 16
01/13/2022 21:35:15 - INFO - __main__ -   Batch number = 17
01/13/2022 21:35:15 - INFO - __main__ -   Batch number = 18
01/13/2022 21:35:15 - INFO - __main__ -   Batch number = 19
01/13/2022 21:35:15 - INFO - __main__ -   Batch number = 20
01/13/2022 21:35:15 - INFO - __main__ -   Batch number = 21
01/13/2022 21:35:15 - INFO - __main__ -   Batch number = 22
01/13/2022 21:35:16 - INFO - __main__ -   Batch number = 23
01/13/2022 21:35:16 - INFO - __main__ -   Batch number = 24
01/13/2022 21:35:16 - INFO - __main__ -   Batch number = 25
01/13/2022 21:35:16 - INFO - __main__ -   Batch number = 26
01/13/2022 21:35:16 - INFO - __main__ -   Batch number = 27
01/13/2022 21:35:16 - INFO - __main__ -   Batch number = 28
01/13/2022 21:35:16 - INFO - __main__ -   Batch number = 29
01/13/2022 21:35:17 - INFO - __main__ -   Batch number = 30
01/13/2022 21:35:17 - INFO - __main__ -   Batch number = 31
01/13/2022 21:35:17 - INFO - __main__ -   Batch number = 32
01/13/2022 21:35:17 - INFO - __main__ -   Batch number = 33
01/13/2022 21:35:17 - INFO - __main__ -   Batch number = 34
01/13/2022 21:35:17 - INFO - __main__ -   ***** Evaluation result  in am *****
01/13/2022 21:35:17 - INFO - __main__ -     f1 = 0.07775100401606426
01/13/2022 21:35:17 - INFO - __main__ -     loss = 4.570725202560425
01/13/2022 21:35:17 - INFO - __main__ -     precision = 0.14176918570591682
01/13/2022 21:35:17 - INFO - __main__ -     recall = 0.053563523683045594
01/13/2022 21:35:19 - INFO - root -   Input args: ModelArguments(model_name_or_path='bert-base-multilingual-cased', model_type='bert', config_name=None, tokenizer_name=None, cache_dir=None, labels='/home/abhijeet/rohan/cloud-emea-copy/data//udpos/udpos_processed_maxlen128//labels.txt', data_dir='/home/abhijeet/rohan/cloud-emea-copy/data//udpos/udpos_processed_maxlen128/', output_dir='/home/abhijeet/rohan/cloud-emea-copy/outputs//udpos/my-bert-base-multilingual-cased-MaxLen128_udpos_fr/', max_seq_length=128, do_train=False, do_eval=False, do_predict=True, do_adapter_predict=False, do_predict_dev=False, do_predict_train=False, init_checkpoint=None, evaluate_during_training=False, do_lower_case=False, few_shot=-1, per_gpu_train_batch_size=8, per_gpu_eval_batch_size=32, gradient_accumulation_steps=4, learning_rate=5e-05, weight_decay=0.0, adam_epsilon=1e-08, max_grad_norm=1.0, num_train_epochs=50.0, max_steps=-1, save_steps=1000, warmup_steps=0, logging_steps=50, save_only_best_checkpoint=True, eval_all_checkpoints=True, no_cuda=False, overwrite_output_dir=True, overwrite_cache=False, seed=3, fp16=False, fp16_opt_level='O1', local_rank=-1, server_ip='', server_port='', predict_langs='am', train_langs='en', log_file='/home/abhijeet/rohan/cloud-emea-copy/outputs//udpos/my-bert-base-multilingual-cased-MaxLen128_udpos_fr//train_am.log', eval_patience=-1, bpe_dropout=0, do_save_adapter_fusions=False, task_name='udpos', predict_task_adapter='output/udpos/my-bert-base-multilingual-cased-LR1e-4-epoch50-MaxLen128-TrainLangen_en_s3/checkpoint-best/udpos/', predict_lang_adapter=None, test_adapter=True, adapter_weight=None, lang_to_vec=None, calc_weight_step=0, predict_save_prefix='', en_weight=None, temperature=1.0, get_attr=False, topk=1, task='udpos')
01/13/2022 21:35:19 - WARNING - __main__ -   Process rank: -1, device: cuda, n_gpu: 1, distributed training: False, 16-bits training: False
01/13/2022 21:35:19 - INFO - __main__ -   Seed = 3
01/13/2022 21:35:19 - INFO - root -   save model
01/13/2022 21:35:19 - INFO - __main__ -   Training/evaluation parameters ModelArguments(model_name_or_path='bert-base-multilingual-cased', model_type='bert', config_name=None, tokenizer_name=None, cache_dir=None, labels='/home/abhijeet/rohan/cloud-emea-copy/data//udpos/udpos_processed_maxlen128//labels.txt', data_dir='/home/abhijeet/rohan/cloud-emea-copy/data//udpos/udpos_processed_maxlen128/', output_dir='/home/abhijeet/rohan/cloud-emea-copy/outputs//udpos/my-bert-base-multilingual-cased-MaxLen128_udpos_fr/', max_seq_length=128, do_train=False, do_eval=False, do_predict=True, do_adapter_predict=False, do_predict_dev=False, do_predict_train=False, init_checkpoint=None, evaluate_during_training=False, do_lower_case=False, few_shot=-1, per_gpu_train_batch_size=8, per_gpu_eval_batch_size=32, gradient_accumulation_steps=4, learning_rate=5e-05, weight_decay=0.0, adam_epsilon=1e-08, max_grad_norm=1.0, num_train_epochs=50.0, max_steps=-1, save_steps=1000, warmup_steps=0, logging_steps=50, save_only_best_checkpoint=True, eval_all_checkpoints=True, no_cuda=False, overwrite_output_dir=True, overwrite_cache=False, seed=3, fp16=False, fp16_opt_level='O1', local_rank=-1, server_ip='', server_port='', predict_langs='am', train_langs='en', log_file='/home/abhijeet/rohan/cloud-emea-copy/outputs//udpos/my-bert-base-multilingual-cased-MaxLen128_udpos_fr//train_am.log', eval_patience=-1, bpe_dropout=0, do_save_adapter_fusions=False, task_name='udpos', predict_task_adapter='output/udpos/my-bert-base-multilingual-cased-LR1e-4-epoch50-MaxLen128-TrainLangen_en_s3/checkpoint-best/udpos/', predict_lang_adapter=None, test_adapter=True, adapter_weight=None, lang_to_vec=None, calc_weight_step=0, predict_save_prefix='', en_weight=None, temperature=1.0, get_attr=False, topk=1, task='udpos')
01/13/2022 21:35:19 - INFO - __main__ -   Loading pretrained model and tokenizer
01/13/2022 21:35:22 - INFO - __main__ -   loading from existing model bert-base-multilingual-cased
01/13/2022 21:35:28 - INFO - __main__ -   Using lang2id = None
01/13/2022 21:35:28 - INFO - __main__ -   Evaluating the model on test set of all the languages specified
01/13/2022 21:35:28 - INFO - __main__ -   Task Adapter will be loaded from this path output/udpos/my-bert-base-multilingual-cased-LR1e-4-epoch50-MaxLen128-TrainLangen_en_s3/checkpoint-best/udpos/
01/13/2022 21:35:28 - INFO - root -   Trying to decide if add adapter
01/13/2022 21:35:28 - INFO - root -   loading task adapter
01/13/2022 21:35:28 - INFO - root -   loading lang adpater fr/wiki@ukp
01/13/2022 21:35:28 - INFO - __main__ -   Adapter Languages : ['fr'], Length : 1
01/13/2022 21:35:28 - INFO - __main__ -   Adapter Names ['fr/wiki@ukp'], Length : 1
01/13/2022 21:35:28 - INFO - __main__ -   Language = fr
01/13/2022 21:35:28 - INFO - __main__ -   Adapter Name = fr/wiki@ukp
01/13/2022 21:35:32 - INFO - __main__ -   Language adapter for am not found, using fr instead
01/13/2022 21:35:32 - INFO - __main__ -   Set active language adapter to fr
01/13/2022 21:35:32 - INFO - __main__ -   Args Adapter Weight = None
01/13/2022 21:35:32 - INFO - __main__ -   Adapter Languages = ['fr']
01/13/2022 21:35:32 - INFO - __main__ -   Loading features from cached file /home/abhijeet/rohan/cloud-emea-copy/data//udpos/udpos_processed_maxlen128/cached_test_am_bert-base-multilingual-cased_128
01/13/2022 21:35:32 - INFO - __main__ -   ***** Running evaluation  in am *****
01/13/2022 21:35:32 - INFO - __main__ -     Num examples = 1074
01/13/2022 21:35:32 - INFO - __main__ -     Batch size = 32
01/13/2022 21:35:32 - INFO - __main__ -   Batch number = 1
01/13/2022 21:35:32 - INFO - __main__ -   Batch number = 2
01/13/2022 21:35:32 - INFO - __main__ -   Batch number = 3
01/13/2022 21:35:32 - INFO - __main__ -   Batch number = 4
01/13/2022 21:35:33 - INFO - __main__ -   Batch number = 5
01/13/2022 21:35:33 - INFO - __main__ -   Batch number = 6
01/13/2022 21:35:33 - INFO - __main__ -   Batch number = 7
01/13/2022 21:35:33 - INFO - __main__ -   Batch number = 8
01/13/2022 21:35:33 - INFO - __main__ -   Batch number = 9
01/13/2022 21:35:33 - INFO - __main__ -   Batch number = 10
01/13/2022 21:35:34 - INFO - __main__ -   Batch number = 11
01/13/2022 21:35:34 - INFO - __main__ -   Batch number = 12
01/13/2022 21:35:34 - INFO - __main__ -   Batch number = 13
01/13/2022 21:35:34 - INFO - __main__ -   Batch number = 14
01/13/2022 21:35:34 - INFO - __main__ -   Batch number = 15
01/13/2022 21:35:34 - INFO - __main__ -   Batch number = 16
01/13/2022 21:35:34 - INFO - __main__ -   Batch number = 17
01/13/2022 21:35:35 - INFO - __main__ -   Batch number = 18
01/13/2022 21:35:35 - INFO - __main__ -   Batch number = 19
01/13/2022 21:35:35 - INFO - __main__ -   Batch number = 20
01/13/2022 21:35:35 - INFO - __main__ -   Batch number = 21
01/13/2022 21:35:35 - INFO - __main__ -   Batch number = 22
01/13/2022 21:35:35 - INFO - __main__ -   Batch number = 23
01/13/2022 21:35:35 - INFO - __main__ -   Batch number = 24
01/13/2022 21:35:36 - INFO - __main__ -   Batch number = 25
01/13/2022 21:35:36 - INFO - __main__ -   Batch number = 26
01/13/2022 21:35:36 - INFO - __main__ -   Batch number = 27
01/13/2022 21:35:36 - INFO - __main__ -   Batch number = 28
01/13/2022 21:35:36 - INFO - __main__ -   Batch number = 29
01/13/2022 21:35:36 - INFO - __main__ -   Batch number = 30
01/13/2022 21:35:36 - INFO - __main__ -   Batch number = 31
01/13/2022 21:35:37 - INFO - __main__ -   Batch number = 32
01/13/2022 21:35:37 - INFO - __main__ -   Batch number = 33
01/13/2022 21:35:37 - INFO - __main__ -   Batch number = 34
01/13/2022 21:35:37 - INFO - __main__ -   ***** Evaluation result  in am *****
01/13/2022 21:35:37 - INFO - __main__ -     f1 = 0.0007149240393208221
01/13/2022 21:35:37 - INFO - __main__ -     loss = 5.462733843747308
01/13/2022 21:35:37 - INFO - __main__ -     precision = 0.0018570102135561746
01/13/2022 21:35:37 - INFO - __main__ -     recall = 0.0004426737494466578
