12/01/2021 12:24:24 - INFO - root -   Input args: ModelArguments(model_name_or_path='bert-base-multilingual-cased', model_type='bert', config_name=None, tokenizer_name=None, cache_dir=None, labels='/home/abhijeet/rohan/cloud-emea/data//udpos/udpos_processed_maxlen128//labels.txt', data_dir='/home/abhijeet/rohan/cloud-emea/data//udpos/udpos_processed_maxlen128/', output_dir='/home/abhijeet/rohan/cloud-emea/outputs//udpos/my-bert-base-multilingual-cased-MaxLen128_udpos_gn_train_hi/', max_seq_length=128, do_train=False, do_eval=False, do_predict=True, do_adapter_predict=False, do_predict_dev=False, do_predict_train=False, init_checkpoint=None, evaluate_during_training=False, do_lower_case=False, few_shot=-1, per_gpu_train_batch_size=8, per_gpu_eval_batch_size=32, gradient_accumulation_steps=4, learning_rate=5e-05, weight_decay=0.0, adam_epsilon=1e-08, max_grad_norm=1.0, num_train_epochs=50.0, max_steps=-1, save_steps=1000, warmup_steps=0, logging_steps=50, save_only_best_checkpoint=True, eval_all_checkpoints=True, no_cuda=False, overwrite_output_dir=True, overwrite_cache=False, seed=1, fp16=False, fp16_opt_level='O1', local_rank=-1, server_ip='', server_port='', predict_langs='hi', train_langs='hi', log_file='/home/abhijeet/rohan/cloud-emea/outputs//udpos/my-bert-base-multilingual-cased-MaxLen128_udpos_gn_train_hi//train_en.log', eval_patience=-1, bpe_dropout=0, do_save_adapter_fusions=False, task_name='udpos', predict_task_adapter='output/udpos/my-bert-base-multilingual-cased-LR1e-4-epoch50-MaxLen128-TrainLanghi_hi_s1/checkpoint-best/udpos/', predict_lang_adapter=None, test_adapter=True, adapter_weight=None, lang_to_vec=None, calc_weight_step=0, predict_save_prefix='', en_weight=None, temperature=1.0, get_attr=False, topk=1, task='udpos')
12/01/2021 12:24:24 - WARNING - __main__ -   Process rank: -1, device: cuda, n_gpu: 1, distributed training: False, 16-bits training: False
12/01/2021 12:24:24 - INFO - __main__ -   Seed = 1
12/01/2021 12:24:24 - INFO - root -   save model
12/01/2021 12:24:24 - INFO - __main__ -   Training/evaluation parameters ModelArguments(model_name_or_path='bert-base-multilingual-cased', model_type='bert', config_name=None, tokenizer_name=None, cache_dir=None, labels='/home/abhijeet/rohan/cloud-emea/data//udpos/udpos_processed_maxlen128//labels.txt', data_dir='/home/abhijeet/rohan/cloud-emea/data//udpos/udpos_processed_maxlen128/', output_dir='/home/abhijeet/rohan/cloud-emea/outputs//udpos/my-bert-base-multilingual-cased-MaxLen128_udpos_gn_train_hi/', max_seq_length=128, do_train=False, do_eval=False, do_predict=True, do_adapter_predict=False, do_predict_dev=False, do_predict_train=False, init_checkpoint=None, evaluate_during_training=False, do_lower_case=False, few_shot=-1, per_gpu_train_batch_size=8, per_gpu_eval_batch_size=32, gradient_accumulation_steps=4, learning_rate=5e-05, weight_decay=0.0, adam_epsilon=1e-08, max_grad_norm=1.0, num_train_epochs=50.0, max_steps=-1, save_steps=1000, warmup_steps=0, logging_steps=50, save_only_best_checkpoint=True, eval_all_checkpoints=True, no_cuda=False, overwrite_output_dir=True, overwrite_cache=False, seed=1, fp16=False, fp16_opt_level='O1', local_rank=-1, server_ip='', server_port='', predict_langs='hi', train_langs='hi', log_file='/home/abhijeet/rohan/cloud-emea/outputs//udpos/my-bert-base-multilingual-cased-MaxLen128_udpos_gn_train_hi//train_en.log', eval_patience=-1, bpe_dropout=0, do_save_adapter_fusions=False, task_name='udpos', predict_task_adapter='output/udpos/my-bert-base-multilingual-cased-LR1e-4-epoch50-MaxLen128-TrainLanghi_hi_s1/checkpoint-best/udpos/', predict_lang_adapter=None, test_adapter=True, adapter_weight=None, lang_to_vec=None, calc_weight_step=0, predict_save_prefix='', en_weight=None, temperature=1.0, get_attr=False, topk=1, task='udpos')
12/01/2021 12:24:24 - INFO - __main__ -   Loading pretrained model and tokenizer
12/01/2021 12:24:27 - INFO - __main__ -   loading from existing model bert-base-multilingual-cased
12/01/2021 12:24:32 - INFO - __main__ -   Using lang2id = None
12/01/2021 12:24:32 - INFO - __main__ -   Evaluating the model on test set of all the languages specified
12/01/2021 12:24:32 - INFO - __main__ -   Task Adapter will be loaded from this path output/udpos/my-bert-base-multilingual-cased-LR1e-4-epoch50-MaxLen128-TrainLanghi_hi_s1/checkpoint-best/udpos/
12/01/2021 12:24:32 - INFO - root -   Trying to decide if add adapter
12/01/2021 12:24:32 - INFO - root -   loading task adapter
12/01/2021 12:24:32 - INFO - root -   loading lang adpater gn/wiki@ukp
12/01/2021 12:24:32 - INFO - __main__ -   Adapter Languages : ['gn'], Length : 1
12/01/2021 12:24:32 - INFO - __main__ -   Adapter Names ['gn/wiki@ukp'], Length : 1
12/01/2021 12:24:32 - INFO - __main__ -   Language = gn
12/01/2021 12:24:32 - INFO - __main__ -   Adapter Name = gn/wiki@ukp
12/01/2021 12:24:37 - INFO - __main__ -   Language adapter for hi not found, using gn instead
12/01/2021 12:24:37 - INFO - __main__ -   Set active language adapter to gn
12/01/2021 12:24:37 - INFO - __main__ -   Args Adapter Weight = None
12/01/2021 12:24:37 - INFO - __main__ -   Adapter Languages = ['gn']
12/01/2021 12:24:37 - INFO - __main__ -   Loading features from cached file /home/abhijeet/rohan/cloud-emea/data//udpos/udpos_processed_maxlen128/cached_test_hi_bert-base-multilingual-cased_128
12/01/2021 12:24:38 - INFO - __main__ -   ***** Running evaluation  in hi *****
12/01/2021 12:24:38 - INFO - __main__ -     Num examples = 2685
12/01/2021 12:24:38 - INFO - __main__ -     Batch size = 32
12/01/2021 12:24:38 - INFO - __main__ -   Batch number = 1
12/01/2021 12:24:38 - INFO - __main__ -   Batch number = 2
12/01/2021 12:24:38 - INFO - __main__ -   Batch number = 3
12/01/2021 12:24:38 - INFO - __main__ -   Batch number = 4
12/01/2021 12:24:38 - INFO - __main__ -   Batch number = 5
12/01/2021 12:24:38 - INFO - __main__ -   Batch number = 6
12/01/2021 12:24:38 - INFO - __main__ -   Batch number = 7
12/01/2021 12:24:39 - INFO - __main__ -   Batch number = 8
12/01/2021 12:24:39 - INFO - __main__ -   Batch number = 9
12/01/2021 12:24:39 - INFO - __main__ -   Batch number = 10
12/01/2021 12:24:39 - INFO - __main__ -   Batch number = 11
12/01/2021 12:24:39 - INFO - __main__ -   Batch number = 12
12/01/2021 12:24:39 - INFO - __main__ -   Batch number = 13
12/01/2021 12:24:39 - INFO - __main__ -   Batch number = 14
12/01/2021 12:24:40 - INFO - __main__ -   Batch number = 15
12/01/2021 12:24:40 - INFO - __main__ -   Batch number = 16
12/01/2021 12:24:40 - INFO - __main__ -   Batch number = 17
12/01/2021 12:24:40 - INFO - __main__ -   Batch number = 18
12/01/2021 12:24:40 - INFO - __main__ -   Batch number = 19
12/01/2021 12:24:40 - INFO - __main__ -   Batch number = 20
12/01/2021 12:24:40 - INFO - __main__ -   Batch number = 21
12/01/2021 12:24:41 - INFO - __main__ -   Batch number = 22
12/01/2021 12:24:41 - INFO - __main__ -   Batch number = 23
12/01/2021 12:24:41 - INFO - __main__ -   Batch number = 24
12/01/2021 12:24:41 - INFO - __main__ -   Batch number = 25
12/01/2021 12:24:41 - INFO - __main__ -   Batch number = 26
12/01/2021 12:24:41 - INFO - __main__ -   Batch number = 27
12/01/2021 12:24:41 - INFO - __main__ -   Batch number = 28
12/01/2021 12:24:42 - INFO - __main__ -   Batch number = 29
12/01/2021 12:24:42 - INFO - __main__ -   Batch number = 30
12/01/2021 12:24:42 - INFO - __main__ -   Batch number = 31
12/01/2021 12:24:42 - INFO - __main__ -   Batch number = 32
12/01/2021 12:24:42 - INFO - __main__ -   Batch number = 33
12/01/2021 12:24:42 - INFO - __main__ -   Batch number = 34
12/01/2021 12:24:43 - INFO - __main__ -   Batch number = 35
12/01/2021 12:24:43 - INFO - __main__ -   Batch number = 36
12/01/2021 12:24:43 - INFO - __main__ -   Batch number = 37
12/01/2021 12:24:43 - INFO - __main__ -   Batch number = 38
12/01/2021 12:24:43 - INFO - __main__ -   Batch number = 39
12/01/2021 12:24:43 - INFO - __main__ -   Batch number = 40
12/01/2021 12:24:43 - INFO - __main__ -   Batch number = 41
12/01/2021 12:24:44 - INFO - __main__ -   Batch number = 42
12/01/2021 12:24:44 - INFO - __main__ -   Batch number = 43
12/01/2021 12:24:44 - INFO - __main__ -   Batch number = 44
12/01/2021 12:24:44 - INFO - __main__ -   Batch number = 45
12/01/2021 12:24:44 - INFO - __main__ -   Batch number = 46
12/01/2021 12:24:44 - INFO - __main__ -   Batch number = 47
12/01/2021 12:24:44 - INFO - __main__ -   Batch number = 48
12/01/2021 12:24:45 - INFO - __main__ -   Batch number = 49
12/01/2021 12:24:45 - INFO - __main__ -   Batch number = 50
12/01/2021 12:24:45 - INFO - __main__ -   Batch number = 51
12/01/2021 12:24:45 - INFO - __main__ -   Batch number = 52
12/01/2021 12:24:45 - INFO - __main__ -   Batch number = 53
12/01/2021 12:24:45 - INFO - __main__ -   Batch number = 54
12/01/2021 12:24:45 - INFO - __main__ -   Batch number = 55
12/01/2021 12:24:46 - INFO - __main__ -   Batch number = 56
12/01/2021 12:24:46 - INFO - __main__ -   Batch number = 57
12/01/2021 12:24:46 - INFO - __main__ -   Batch number = 58
12/01/2021 12:24:46 - INFO - __main__ -   Batch number = 59
12/01/2021 12:24:46 - INFO - __main__ -   Batch number = 60
12/01/2021 12:24:46 - INFO - __main__ -   Batch number = 61
12/01/2021 12:24:47 - INFO - __main__ -   Batch number = 62
12/01/2021 12:24:47 - INFO - __main__ -   Batch number = 63
12/01/2021 12:24:47 - INFO - __main__ -   Batch number = 64
12/01/2021 12:24:47 - INFO - __main__ -   Batch number = 65
12/01/2021 12:24:47 - INFO - __main__ -   Batch number = 66
12/01/2021 12:24:47 - INFO - __main__ -   Batch number = 67
12/01/2021 12:24:47 - INFO - __main__ -   Batch number = 68
12/01/2021 12:24:48 - INFO - __main__ -   Batch number = 69
12/01/2021 12:24:48 - INFO - __main__ -   Batch number = 70
12/01/2021 12:24:48 - INFO - __main__ -   Batch number = 71
12/01/2021 12:24:48 - INFO - __main__ -   Batch number = 72
12/01/2021 12:24:48 - INFO - __main__ -   Batch number = 73
12/01/2021 12:24:48 - INFO - __main__ -   Batch number = 74
12/01/2021 12:24:48 - INFO - __main__ -   Batch number = 75
12/01/2021 12:24:49 - INFO - __main__ -   Batch number = 76
12/01/2021 12:24:49 - INFO - __main__ -   Batch number = 77
12/01/2021 12:24:49 - INFO - __main__ -   Batch number = 78
12/01/2021 12:24:49 - INFO - __main__ -   Batch number = 79
12/01/2021 12:24:49 - INFO - __main__ -   Batch number = 80
12/01/2021 12:24:49 - INFO - __main__ -   Batch number = 81
12/01/2021 12:24:49 - INFO - __main__ -   Batch number = 82
12/01/2021 12:24:50 - INFO - __main__ -   Batch number = 83
12/01/2021 12:24:50 - INFO - __main__ -   Batch number = 84
12/01/2021 12:24:51 - INFO - __main__ -   ***** Evaluation result  in hi *****
12/01/2021 12:24:51 - INFO - __main__ -     f1 = 0.7192153942624234
12/01/2021 12:24:51 - INFO - __main__ -     loss = 0.7915445622943696
12/01/2021 12:24:51 - INFO - __main__ -     precision = 0.7362392682339726
12/01/2021 12:24:51 - INFO - __main__ -     recall = 0.7029610051329196
12/01/2021 12:24:54 - INFO - root -   Input args: ModelArguments(model_name_or_path='bert-base-multilingual-cased', model_type='bert', config_name=None, tokenizer_name=None, cache_dir=None, labels='/home/abhijeet/rohan/cloud-emea/data//udpos/udpos_processed_maxlen128//labels.txt', data_dir='/home/abhijeet/rohan/cloud-emea/data//udpos/udpos_processed_maxlen128/', output_dir='/home/abhijeet/rohan/cloud-emea/outputs//udpos/my-bert-base-multilingual-cased-MaxLen128_udpos_gn_train_hi/', max_seq_length=128, do_train=False, do_eval=False, do_predict=True, do_adapter_predict=False, do_predict_dev=False, do_predict_train=False, init_checkpoint=None, evaluate_during_training=False, do_lower_case=False, few_shot=-1, per_gpu_train_batch_size=8, per_gpu_eval_batch_size=32, gradient_accumulation_steps=4, learning_rate=5e-05, weight_decay=0.0, adam_epsilon=1e-08, max_grad_norm=1.0, num_train_epochs=50.0, max_steps=-1, save_steps=1000, warmup_steps=0, logging_steps=50, save_only_best_checkpoint=True, eval_all_checkpoints=True, no_cuda=False, overwrite_output_dir=True, overwrite_cache=False, seed=2, fp16=False, fp16_opt_level='O1', local_rank=-1, server_ip='', server_port='', predict_langs='hi', train_langs='hi', log_file='/home/abhijeet/rohan/cloud-emea/outputs//udpos/my-bert-base-multilingual-cased-MaxLen128_udpos_gn_train_hi//train_en.log', eval_patience=-1, bpe_dropout=0, do_save_adapter_fusions=False, task_name='udpos', predict_task_adapter='output/udpos/my-bert-base-multilingual-cased-LR1e-4-epoch50-MaxLen128-TrainLanghi_hi_s2/checkpoint-best/udpos/', predict_lang_adapter=None, test_adapter=True, adapter_weight=None, lang_to_vec=None, calc_weight_step=0, predict_save_prefix='', en_weight=None, temperature=1.0, get_attr=False, topk=1, task='udpos')
12/01/2021 12:24:54 - WARNING - __main__ -   Process rank: -1, device: cuda, n_gpu: 1, distributed training: False, 16-bits training: False
12/01/2021 12:24:54 - INFO - __main__ -   Seed = 2
12/01/2021 12:24:54 - INFO - root -   save model
12/01/2021 12:24:54 - INFO - __main__ -   Training/evaluation parameters ModelArguments(model_name_or_path='bert-base-multilingual-cased', model_type='bert', config_name=None, tokenizer_name=None, cache_dir=None, labels='/home/abhijeet/rohan/cloud-emea/data//udpos/udpos_processed_maxlen128//labels.txt', data_dir='/home/abhijeet/rohan/cloud-emea/data//udpos/udpos_processed_maxlen128/', output_dir='/home/abhijeet/rohan/cloud-emea/outputs//udpos/my-bert-base-multilingual-cased-MaxLen128_udpos_gn_train_hi/', max_seq_length=128, do_train=False, do_eval=False, do_predict=True, do_adapter_predict=False, do_predict_dev=False, do_predict_train=False, init_checkpoint=None, evaluate_during_training=False, do_lower_case=False, few_shot=-1, per_gpu_train_batch_size=8, per_gpu_eval_batch_size=32, gradient_accumulation_steps=4, learning_rate=5e-05, weight_decay=0.0, adam_epsilon=1e-08, max_grad_norm=1.0, num_train_epochs=50.0, max_steps=-1, save_steps=1000, warmup_steps=0, logging_steps=50, save_only_best_checkpoint=True, eval_all_checkpoints=True, no_cuda=False, overwrite_output_dir=True, overwrite_cache=False, seed=2, fp16=False, fp16_opt_level='O1', local_rank=-1, server_ip='', server_port='', predict_langs='hi', train_langs='hi', log_file='/home/abhijeet/rohan/cloud-emea/outputs//udpos/my-bert-base-multilingual-cased-MaxLen128_udpos_gn_train_hi//train_en.log', eval_patience=-1, bpe_dropout=0, do_save_adapter_fusions=False, task_name='udpos', predict_task_adapter='output/udpos/my-bert-base-multilingual-cased-LR1e-4-epoch50-MaxLen128-TrainLanghi_hi_s2/checkpoint-best/udpos/', predict_lang_adapter=None, test_adapter=True, adapter_weight=None, lang_to_vec=None, calc_weight_step=0, predict_save_prefix='', en_weight=None, temperature=1.0, get_attr=False, topk=1, task='udpos')
12/01/2021 12:24:54 - INFO - __main__ -   Loading pretrained model and tokenizer
12/01/2021 12:24:56 - INFO - __main__ -   loading from existing model bert-base-multilingual-cased
12/01/2021 12:25:02 - INFO - __main__ -   Using lang2id = None
12/01/2021 12:25:02 - INFO - __main__ -   Evaluating the model on test set of all the languages specified
12/01/2021 12:25:02 - INFO - __main__ -   Task Adapter will be loaded from this path output/udpos/my-bert-base-multilingual-cased-LR1e-4-epoch50-MaxLen128-TrainLanghi_hi_s2/checkpoint-best/udpos/
12/01/2021 12:25:02 - INFO - root -   Trying to decide if add adapter
12/01/2021 12:25:02 - INFO - root -   loading task adapter
12/01/2021 12:25:02 - INFO - root -   loading lang adpater gn/wiki@ukp
12/01/2021 12:25:02 - INFO - __main__ -   Adapter Languages : ['gn'], Length : 1
12/01/2021 12:25:02 - INFO - __main__ -   Adapter Names ['gn/wiki@ukp'], Length : 1
12/01/2021 12:25:02 - INFO - __main__ -   Language = gn
12/01/2021 12:25:02 - INFO - __main__ -   Adapter Name = gn/wiki@ukp
12/01/2021 12:25:06 - INFO - __main__ -   Language adapter for hi not found, using gn instead
12/01/2021 12:25:06 - INFO - __main__ -   Set active language adapter to gn
12/01/2021 12:25:06 - INFO - __main__ -   Args Adapter Weight = None
12/01/2021 12:25:06 - INFO - __main__ -   Adapter Languages = ['gn']
12/01/2021 12:25:06 - INFO - __main__ -   Loading features from cached file /home/abhijeet/rohan/cloud-emea/data//udpos/udpos_processed_maxlen128/cached_test_hi_bert-base-multilingual-cased_128
12/01/2021 12:25:07 - INFO - __main__ -   ***** Running evaluation  in hi *****
12/01/2021 12:25:07 - INFO - __main__ -     Num examples = 2685
12/01/2021 12:25:07 - INFO - __main__ -     Batch size = 32
12/01/2021 12:25:07 - INFO - __main__ -   Batch number = 1
12/01/2021 12:25:07 - INFO - __main__ -   Batch number = 2
12/01/2021 12:25:07 - INFO - __main__ -   Batch number = 3
12/01/2021 12:25:07 - INFO - __main__ -   Batch number = 4
12/01/2021 12:25:07 - INFO - __main__ -   Batch number = 5
12/01/2021 12:25:07 - INFO - __main__ -   Batch number = 6
12/01/2021 12:25:07 - INFO - __main__ -   Batch number = 7
12/01/2021 12:25:08 - INFO - __main__ -   Batch number = 8
12/01/2021 12:25:08 - INFO - __main__ -   Batch number = 9
12/01/2021 12:25:08 - INFO - __main__ -   Batch number = 10
12/01/2021 12:25:08 - INFO - __main__ -   Batch number = 11
12/01/2021 12:25:08 - INFO - __main__ -   Batch number = 12
12/01/2021 12:25:08 - INFO - __main__ -   Batch number = 13
12/01/2021 12:25:08 - INFO - __main__ -   Batch number = 14
12/01/2021 12:25:09 - INFO - __main__ -   Batch number = 15
12/01/2021 12:25:09 - INFO - __main__ -   Batch number = 16
12/01/2021 12:25:09 - INFO - __main__ -   Batch number = 17
12/01/2021 12:25:09 - INFO - __main__ -   Batch number = 18
12/01/2021 12:25:09 - INFO - __main__ -   Batch number = 19
12/01/2021 12:25:09 - INFO - __main__ -   Batch number = 20
12/01/2021 12:25:09 - INFO - __main__ -   Batch number = 21
12/01/2021 12:25:10 - INFO - __main__ -   Batch number = 22
12/01/2021 12:25:10 - INFO - __main__ -   Batch number = 23
12/01/2021 12:25:10 - INFO - __main__ -   Batch number = 24
12/01/2021 12:25:10 - INFO - __main__ -   Batch number = 25
12/01/2021 12:25:10 - INFO - __main__ -   Batch number = 26
12/01/2021 12:25:10 - INFO - __main__ -   Batch number = 27
12/01/2021 12:25:10 - INFO - __main__ -   Batch number = 28
12/01/2021 12:25:11 - INFO - __main__ -   Batch number = 29
12/01/2021 12:25:11 - INFO - __main__ -   Batch number = 30
12/01/2021 12:25:11 - INFO - __main__ -   Batch number = 31
12/01/2021 12:25:11 - INFO - __main__ -   Batch number = 32
12/01/2021 12:25:11 - INFO - __main__ -   Batch number = 33
12/01/2021 12:25:11 - INFO - __main__ -   Batch number = 34
12/01/2021 12:25:11 - INFO - __main__ -   Batch number = 35
12/01/2021 12:25:12 - INFO - __main__ -   Batch number = 36
12/01/2021 12:25:12 - INFO - __main__ -   Batch number = 37
12/01/2021 12:25:12 - INFO - __main__ -   Batch number = 38
12/01/2021 12:25:12 - INFO - __main__ -   Batch number = 39
12/01/2021 12:25:12 - INFO - __main__ -   Batch number = 40
12/01/2021 12:25:12 - INFO - __main__ -   Batch number = 41
12/01/2021 12:25:12 - INFO - __main__ -   Batch number = 42
12/01/2021 12:25:13 - INFO - __main__ -   Batch number = 43
12/01/2021 12:25:13 - INFO - __main__ -   Batch number = 44
12/01/2021 12:25:13 - INFO - __main__ -   Batch number = 45
12/01/2021 12:25:13 - INFO - __main__ -   Batch number = 46
12/01/2021 12:25:13 - INFO - __main__ -   Batch number = 47
12/01/2021 12:25:13 - INFO - __main__ -   Batch number = 48
12/01/2021 12:25:14 - INFO - __main__ -   Batch number = 49
12/01/2021 12:25:14 - INFO - __main__ -   Batch number = 50
12/01/2021 12:25:14 - INFO - __main__ -   Batch number = 51
12/01/2021 12:25:14 - INFO - __main__ -   Batch number = 52
12/01/2021 12:25:14 - INFO - __main__ -   Batch number = 53
12/01/2021 12:25:14 - INFO - __main__ -   Batch number = 54
12/01/2021 12:25:14 - INFO - __main__ -   Batch number = 55
12/01/2021 12:25:15 - INFO - __main__ -   Batch number = 56
12/01/2021 12:25:15 - INFO - __main__ -   Batch number = 57
12/01/2021 12:25:15 - INFO - __main__ -   Batch number = 58
12/01/2021 12:25:15 - INFO - __main__ -   Batch number = 59
12/01/2021 12:25:15 - INFO - __main__ -   Batch number = 60
12/01/2021 12:25:15 - INFO - __main__ -   Batch number = 61
12/01/2021 12:25:15 - INFO - __main__ -   Batch number = 62
12/01/2021 12:25:16 - INFO - __main__ -   Batch number = 63
12/01/2021 12:25:16 - INFO - __main__ -   Batch number = 64
12/01/2021 12:25:16 - INFO - __main__ -   Batch number = 65
12/01/2021 12:25:16 - INFO - __main__ -   Batch number = 66
12/01/2021 12:25:16 - INFO - __main__ -   Batch number = 67
12/01/2021 12:25:16 - INFO - __main__ -   Batch number = 68
12/01/2021 12:25:16 - INFO - __main__ -   Batch number = 69
12/01/2021 12:25:17 - INFO - __main__ -   Batch number = 70
12/01/2021 12:25:17 - INFO - __main__ -   Batch number = 71
12/01/2021 12:25:17 - INFO - __main__ -   Batch number = 72
12/01/2021 12:25:17 - INFO - __main__ -   Batch number = 73
12/01/2021 12:25:17 - INFO - __main__ -   Batch number = 74
12/01/2021 12:25:17 - INFO - __main__ -   Batch number = 75
12/01/2021 12:25:17 - INFO - __main__ -   Batch number = 76
12/01/2021 12:25:18 - INFO - __main__ -   Batch number = 77
12/01/2021 12:25:18 - INFO - __main__ -   Batch number = 78
12/01/2021 12:25:18 - INFO - __main__ -   Batch number = 79
12/01/2021 12:25:18 - INFO - __main__ -   Batch number = 80
12/01/2021 12:25:18 - INFO - __main__ -   Batch number = 81
12/01/2021 12:25:18 - INFO - __main__ -   Batch number = 82
12/01/2021 12:25:19 - INFO - __main__ -   Batch number = 83
12/01/2021 12:25:19 - INFO - __main__ -   Batch number = 84
12/01/2021 12:25:20 - INFO - __main__ -   ***** Evaluation result  in hi *****
12/01/2021 12:25:20 - INFO - __main__ -     f1 = 0.7717857592454511
12/01/2021 12:25:20 - INFO - __main__ -     loss = 0.6411798128059932
12/01/2021 12:25:20 - INFO - __main__ -     precision = 0.7805308001175203
12/01/2021 12:25:20 - INFO - __main__ -     recall = 0.763234505477668
12/01/2021 12:25:22 - INFO - root -   Input args: ModelArguments(model_name_or_path='bert-base-multilingual-cased', model_type='bert', config_name=None, tokenizer_name=None, cache_dir=None, labels='/home/abhijeet/rohan/cloud-emea/data//udpos/udpos_processed_maxlen128//labels.txt', data_dir='/home/abhijeet/rohan/cloud-emea/data//udpos/udpos_processed_maxlen128/', output_dir='/home/abhijeet/rohan/cloud-emea/outputs//udpos/my-bert-base-multilingual-cased-MaxLen128_udpos_gn_train_hi/', max_seq_length=128, do_train=False, do_eval=False, do_predict=True, do_adapter_predict=False, do_predict_dev=False, do_predict_train=False, init_checkpoint=None, evaluate_during_training=False, do_lower_case=False, few_shot=-1, per_gpu_train_batch_size=8, per_gpu_eval_batch_size=32, gradient_accumulation_steps=4, learning_rate=5e-05, weight_decay=0.0, adam_epsilon=1e-08, max_grad_norm=1.0, num_train_epochs=50.0, max_steps=-1, save_steps=1000, warmup_steps=0, logging_steps=50, save_only_best_checkpoint=True, eval_all_checkpoints=True, no_cuda=False, overwrite_output_dir=True, overwrite_cache=False, seed=3, fp16=False, fp16_opt_level='O1', local_rank=-1, server_ip='', server_port='', predict_langs='hi', train_langs='hi', log_file='/home/abhijeet/rohan/cloud-emea/outputs//udpos/my-bert-base-multilingual-cased-MaxLen128_udpos_gn_train_hi//train_en.log', eval_patience=-1, bpe_dropout=0, do_save_adapter_fusions=False, task_name='udpos', predict_task_adapter='output/udpos/my-bert-base-multilingual-cased-LR1e-4-epoch50-MaxLen128-TrainLanghi_hi_s3/checkpoint-best/udpos/', predict_lang_adapter=None, test_adapter=True, adapter_weight=None, lang_to_vec=None, calc_weight_step=0, predict_save_prefix='', en_weight=None, temperature=1.0, get_attr=False, topk=1, task='udpos')
12/01/2021 12:25:22 - WARNING - __main__ -   Process rank: -1, device: cuda, n_gpu: 1, distributed training: False, 16-bits training: False
12/01/2021 12:25:22 - INFO - __main__ -   Seed = 3
12/01/2021 12:25:22 - INFO - root -   save model
12/01/2021 12:25:22 - INFO - __main__ -   Training/evaluation parameters ModelArguments(model_name_or_path='bert-base-multilingual-cased', model_type='bert', config_name=None, tokenizer_name=None, cache_dir=None, labels='/home/abhijeet/rohan/cloud-emea/data//udpos/udpos_processed_maxlen128//labels.txt', data_dir='/home/abhijeet/rohan/cloud-emea/data//udpos/udpos_processed_maxlen128/', output_dir='/home/abhijeet/rohan/cloud-emea/outputs//udpos/my-bert-base-multilingual-cased-MaxLen128_udpos_gn_train_hi/', max_seq_length=128, do_train=False, do_eval=False, do_predict=True, do_adapter_predict=False, do_predict_dev=False, do_predict_train=False, init_checkpoint=None, evaluate_during_training=False, do_lower_case=False, few_shot=-1, per_gpu_train_batch_size=8, per_gpu_eval_batch_size=32, gradient_accumulation_steps=4, learning_rate=5e-05, weight_decay=0.0, adam_epsilon=1e-08, max_grad_norm=1.0, num_train_epochs=50.0, max_steps=-1, save_steps=1000, warmup_steps=0, logging_steps=50, save_only_best_checkpoint=True, eval_all_checkpoints=True, no_cuda=False, overwrite_output_dir=True, overwrite_cache=False, seed=3, fp16=False, fp16_opt_level='O1', local_rank=-1, server_ip='', server_port='', predict_langs='hi', train_langs='hi', log_file='/home/abhijeet/rohan/cloud-emea/outputs//udpos/my-bert-base-multilingual-cased-MaxLen128_udpos_gn_train_hi//train_en.log', eval_patience=-1, bpe_dropout=0, do_save_adapter_fusions=False, task_name='udpos', predict_task_adapter='output/udpos/my-bert-base-multilingual-cased-LR1e-4-epoch50-MaxLen128-TrainLanghi_hi_s3/checkpoint-best/udpos/', predict_lang_adapter=None, test_adapter=True, adapter_weight=None, lang_to_vec=None, calc_weight_step=0, predict_save_prefix='', en_weight=None, temperature=1.0, get_attr=False, topk=1, task='udpos')
12/01/2021 12:25:22 - INFO - __main__ -   Loading pretrained model and tokenizer
12/01/2021 12:25:25 - INFO - __main__ -   loading from existing model bert-base-multilingual-cased
12/01/2021 12:25:31 - INFO - __main__ -   Using lang2id = None
12/01/2021 12:25:31 - INFO - __main__ -   Evaluating the model on test set of all the languages specified
12/01/2021 12:25:31 - INFO - __main__ -   Task Adapter will be loaded from this path output/udpos/my-bert-base-multilingual-cased-LR1e-4-epoch50-MaxLen128-TrainLanghi_hi_s3/checkpoint-best/udpos/
12/01/2021 12:25:31 - INFO - root -   Trying to decide if add adapter
12/01/2021 12:25:31 - INFO - root -   loading task adapter
12/01/2021 12:25:31 - INFO - root -   loading lang adpater gn/wiki@ukp
12/01/2021 12:25:31 - INFO - __main__ -   Adapter Languages : ['gn'], Length : 1
12/01/2021 12:25:31 - INFO - __main__ -   Adapter Names ['gn/wiki@ukp'], Length : 1
12/01/2021 12:25:31 - INFO - __main__ -   Language = gn
12/01/2021 12:25:31 - INFO - __main__ -   Adapter Name = gn/wiki@ukp
12/01/2021 12:25:35 - INFO - __main__ -   Language adapter for hi not found, using gn instead
12/01/2021 12:25:35 - INFO - __main__ -   Set active language adapter to gn
12/01/2021 12:25:35 - INFO - __main__ -   Args Adapter Weight = None
12/01/2021 12:25:35 - INFO - __main__ -   Adapter Languages = ['gn']
12/01/2021 12:25:35 - INFO - __main__ -   Loading features from cached file /home/abhijeet/rohan/cloud-emea/data//udpos/udpos_processed_maxlen128/cached_test_hi_bert-base-multilingual-cased_128
12/01/2021 12:25:35 - INFO - __main__ -   ***** Running evaluation  in hi *****
12/01/2021 12:25:35 - INFO - __main__ -     Num examples = 2685
12/01/2021 12:25:35 - INFO - __main__ -     Batch size = 32
12/01/2021 12:25:35 - INFO - __main__ -   Batch number = 1
12/01/2021 12:25:35 - INFO - __main__ -   Batch number = 2
12/01/2021 12:25:36 - INFO - __main__ -   Batch number = 3
12/01/2021 12:25:36 - INFO - __main__ -   Batch number = 4
12/01/2021 12:25:36 - INFO - __main__ -   Batch number = 5
12/01/2021 12:25:36 - INFO - __main__ -   Batch number = 6
12/01/2021 12:25:36 - INFO - __main__ -   Batch number = 7
12/01/2021 12:25:36 - INFO - __main__ -   Batch number = 8
12/01/2021 12:25:36 - INFO - __main__ -   Batch number = 9
12/01/2021 12:25:37 - INFO - __main__ -   Batch number = 10
12/01/2021 12:25:37 - INFO - __main__ -   Batch number = 11
12/01/2021 12:25:37 - INFO - __main__ -   Batch number = 12
12/01/2021 12:25:37 - INFO - __main__ -   Batch number = 13
12/01/2021 12:25:37 - INFO - __main__ -   Batch number = 14
12/01/2021 12:25:37 - INFO - __main__ -   Batch number = 15
12/01/2021 12:25:37 - INFO - __main__ -   Batch number = 16
12/01/2021 12:25:38 - INFO - __main__ -   Batch number = 17
12/01/2021 12:25:38 - INFO - __main__ -   Batch number = 18
12/01/2021 12:25:38 - INFO - __main__ -   Batch number = 19
12/01/2021 12:25:38 - INFO - __main__ -   Batch number = 20
12/01/2021 12:25:38 - INFO - __main__ -   Batch number = 21
12/01/2021 12:25:38 - INFO - __main__ -   Batch number = 22
12/01/2021 12:25:38 - INFO - __main__ -   Batch number = 23
12/01/2021 12:25:39 - INFO - __main__ -   Batch number = 24
12/01/2021 12:25:39 - INFO - __main__ -   Batch number = 25
12/01/2021 12:25:39 - INFO - __main__ -   Batch number = 26
12/01/2021 12:25:39 - INFO - __main__ -   Batch number = 27
12/01/2021 12:25:39 - INFO - __main__ -   Batch number = 28
12/01/2021 12:25:39 - INFO - __main__ -   Batch number = 29
12/01/2021 12:25:39 - INFO - __main__ -   Batch number = 30
12/01/2021 12:25:40 - INFO - __main__ -   Batch number = 31
12/01/2021 12:25:40 - INFO - __main__ -   Batch number = 32
12/01/2021 12:25:40 - INFO - __main__ -   Batch number = 33
12/01/2021 12:25:40 - INFO - __main__ -   Batch number = 34
12/01/2021 12:25:40 - INFO - __main__ -   Batch number = 35
12/01/2021 12:25:40 - INFO - __main__ -   Batch number = 36
12/01/2021 12:25:41 - INFO - __main__ -   Batch number = 37
12/01/2021 12:25:41 - INFO - __main__ -   Batch number = 38
12/01/2021 12:25:41 - INFO - __main__ -   Batch number = 39
12/01/2021 12:25:41 - INFO - __main__ -   Batch number = 40
12/01/2021 12:25:41 - INFO - __main__ -   Batch number = 41
12/01/2021 12:25:41 - INFO - __main__ -   Batch number = 42
12/01/2021 12:25:41 - INFO - __main__ -   Batch number = 43
12/01/2021 12:25:42 - INFO - __main__ -   Batch number = 44
12/01/2021 12:25:42 - INFO - __main__ -   Batch number = 45
12/01/2021 12:25:42 - INFO - __main__ -   Batch number = 46
12/01/2021 12:25:42 - INFO - __main__ -   Batch number = 47
12/01/2021 12:25:42 - INFO - __main__ -   Batch number = 48
12/01/2021 12:25:42 - INFO - __main__ -   Batch number = 49
12/01/2021 12:25:42 - INFO - __main__ -   Batch number = 50
12/01/2021 12:25:43 - INFO - __main__ -   Batch number = 51
12/01/2021 12:25:43 - INFO - __main__ -   Batch number = 52
12/01/2021 12:25:43 - INFO - __main__ -   Batch number = 53
12/01/2021 12:25:43 - INFO - __main__ -   Batch number = 54
12/01/2021 12:25:43 - INFO - __main__ -   Batch number = 55
12/01/2021 12:25:43 - INFO - __main__ -   Batch number = 56
12/01/2021 12:25:43 - INFO - __main__ -   Batch number = 57
12/01/2021 12:25:44 - INFO - __main__ -   Batch number = 58
12/01/2021 12:25:44 - INFO - __main__ -   Batch number = 59
12/01/2021 12:25:44 - INFO - __main__ -   Batch number = 60
12/01/2021 12:25:44 - INFO - __main__ -   Batch number = 61
12/01/2021 12:25:44 - INFO - __main__ -   Batch number = 62
12/01/2021 12:25:44 - INFO - __main__ -   Batch number = 63
12/01/2021 12:25:44 - INFO - __main__ -   Batch number = 64
12/01/2021 12:25:45 - INFO - __main__ -   Batch number = 65
12/01/2021 12:25:45 - INFO - __main__ -   Batch number = 66
12/01/2021 12:25:45 - INFO - __main__ -   Batch number = 67
12/01/2021 12:25:45 - INFO - __main__ -   Batch number = 68
12/01/2021 12:25:45 - INFO - __main__ -   Batch number = 69
12/01/2021 12:25:46 - INFO - __main__ -   Batch number = 70
12/01/2021 12:25:46 - INFO - __main__ -   Batch number = 71
12/01/2021 12:25:46 - INFO - __main__ -   Batch number = 72
12/01/2021 12:25:46 - INFO - __main__ -   Batch number = 73
12/01/2021 12:25:46 - INFO - __main__ -   Batch number = 74
12/01/2021 12:25:46 - INFO - __main__ -   Batch number = 75
12/01/2021 12:25:46 - INFO - __main__ -   Batch number = 76
12/01/2021 12:25:47 - INFO - __main__ -   Batch number = 77
12/01/2021 12:25:47 - INFO - __main__ -   Batch number = 78
12/01/2021 12:25:47 - INFO - __main__ -   Batch number = 79
12/01/2021 12:25:47 - INFO - __main__ -   Batch number = 80
12/01/2021 12:25:47 - INFO - __main__ -   Batch number = 81
12/01/2021 12:25:47 - INFO - __main__ -   Batch number = 82
12/01/2021 12:25:48 - INFO - __main__ -   Batch number = 83
12/01/2021 12:25:48 - INFO - __main__ -   Batch number = 84
12/01/2021 12:25:49 - INFO - __main__ -   ***** Evaluation result  in hi *****
12/01/2021 12:25:49 - INFO - __main__ -     f1 = 0.7124004884004884
12/01/2021 12:25:49 - INFO - __main__ -     loss = 0.8446642600354695
12/01/2021 12:25:49 - INFO - __main__ -     precision = 0.7269501425353349
12/01/2021 12:25:49 - INFO - __main__ -     recall = 0.6984218187389872
12/01/2021 15:44:38 - INFO - root -   Input args: ModelArguments(model_name_or_path='bert-base-multilingual-cased', model_type='bert', config_name=None, tokenizer_name=None, cache_dir=None, labels='/home/abhijeet/rohan/cloud-emea/data//udpos/udpos_processed_maxlen128//labels.txt', data_dir='/home/abhijeet/rohan/cloud-emea/data//udpos/udpos_processed_maxlen128/', output_dir='/home/abhijeet/rohan/cloud-emea/outputs//udpos/my-bert-base-multilingual-cased-MaxLen128_udpos_gn_train_hi/', max_seq_length=128, do_train=False, do_eval=False, do_predict=True, do_adapter_predict=False, do_predict_dev=False, do_predict_train=False, init_checkpoint=None, evaluate_during_training=False, do_lower_case=False, few_shot=-1, per_gpu_train_batch_size=8, per_gpu_eval_batch_size=32, gradient_accumulation_steps=4, learning_rate=5e-05, weight_decay=0.0, adam_epsilon=1e-08, max_grad_norm=1.0, num_train_epochs=50.0, max_steps=-1, save_steps=1000, warmup_steps=0, logging_steps=50, save_only_best_checkpoint=True, eval_all_checkpoints=True, no_cuda=False, overwrite_output_dir=True, overwrite_cache=False, seed=1, fp16=False, fp16_opt_level='O1', local_rank=-1, server_ip='', server_port='', predict_langs='hu', train_langs='hi', log_file='/home/abhijeet/rohan/cloud-emea/outputs//udpos/my-bert-base-multilingual-cased-MaxLen128_udpos_gn_train_hi//train_en.log', eval_patience=-1, bpe_dropout=0, do_save_adapter_fusions=False, task_name='udpos', predict_task_adapter='output/udpos/my-bert-base-multilingual-cased-LR1e-4-epoch50-MaxLen128-TrainLanghi_hi_s1/checkpoint-best/udpos/', predict_lang_adapter=None, test_adapter=True, adapter_weight=None, lang_to_vec=None, calc_weight_step=0, predict_save_prefix='', en_weight=None, temperature=1.0, get_attr=False, topk=1, task='udpos')
12/01/2021 15:44:38 - WARNING - __main__ -   Process rank: -1, device: cuda, n_gpu: 1, distributed training: False, 16-bits training: False
12/01/2021 15:44:38 - INFO - __main__ -   Seed = 1
12/01/2021 15:44:38 - INFO - root -   save model
12/01/2021 15:44:38 - INFO - __main__ -   Training/evaluation parameters ModelArguments(model_name_or_path='bert-base-multilingual-cased', model_type='bert', config_name=None, tokenizer_name=None, cache_dir=None, labels='/home/abhijeet/rohan/cloud-emea/data//udpos/udpos_processed_maxlen128//labels.txt', data_dir='/home/abhijeet/rohan/cloud-emea/data//udpos/udpos_processed_maxlen128/', output_dir='/home/abhijeet/rohan/cloud-emea/outputs//udpos/my-bert-base-multilingual-cased-MaxLen128_udpos_gn_train_hi/', max_seq_length=128, do_train=False, do_eval=False, do_predict=True, do_adapter_predict=False, do_predict_dev=False, do_predict_train=False, init_checkpoint=None, evaluate_during_training=False, do_lower_case=False, few_shot=-1, per_gpu_train_batch_size=8, per_gpu_eval_batch_size=32, gradient_accumulation_steps=4, learning_rate=5e-05, weight_decay=0.0, adam_epsilon=1e-08, max_grad_norm=1.0, num_train_epochs=50.0, max_steps=-1, save_steps=1000, warmup_steps=0, logging_steps=50, save_only_best_checkpoint=True, eval_all_checkpoints=True, no_cuda=False, overwrite_output_dir=True, overwrite_cache=False, seed=1, fp16=False, fp16_opt_level='O1', local_rank=-1, server_ip='', server_port='', predict_langs='hu', train_langs='hi', log_file='/home/abhijeet/rohan/cloud-emea/outputs//udpos/my-bert-base-multilingual-cased-MaxLen128_udpos_gn_train_hi//train_en.log', eval_patience=-1, bpe_dropout=0, do_save_adapter_fusions=False, task_name='udpos', predict_task_adapter='output/udpos/my-bert-base-multilingual-cased-LR1e-4-epoch50-MaxLen128-TrainLanghi_hi_s1/checkpoint-best/udpos/', predict_lang_adapter=None, test_adapter=True, adapter_weight=None, lang_to_vec=None, calc_weight_step=0, predict_save_prefix='', en_weight=None, temperature=1.0, get_attr=False, topk=1, task='udpos')
12/01/2021 15:44:38 - INFO - __main__ -   Loading pretrained model and tokenizer
12/01/2021 15:44:41 - INFO - __main__ -   loading from existing model bert-base-multilingual-cased
12/01/2021 15:44:46 - INFO - __main__ -   Using lang2id = None
12/01/2021 15:44:46 - INFO - __main__ -   Evaluating the model on test set of all the languages specified
12/01/2021 15:44:46 - INFO - __main__ -   Task Adapter will be loaded from this path output/udpos/my-bert-base-multilingual-cased-LR1e-4-epoch50-MaxLen128-TrainLanghi_hi_s1/checkpoint-best/udpos/
12/01/2021 15:44:46 - INFO - root -   Trying to decide if add adapter
12/01/2021 15:44:46 - INFO - root -   loading task adapter
12/01/2021 15:44:46 - INFO - root -   loading lang adpater gn/wiki@ukp
12/01/2021 15:44:46 - INFO - __main__ -   Adapter Languages : ['gn'], Length : 1
12/01/2021 15:44:46 - INFO - __main__ -   Adapter Names ['gn/wiki@ukp'], Length : 1
12/01/2021 15:44:46 - INFO - __main__ -   Language = gn
12/01/2021 15:44:46 - INFO - __main__ -   Adapter Name = gn/wiki@ukp
12/01/2021 15:44:50 - INFO - __main__ -   Language adapter for hu not found, using gn instead
12/01/2021 15:44:50 - INFO - __main__ -   Set active language adapter to gn
12/01/2021 15:44:50 - INFO - __main__ -   Args Adapter Weight = None
12/01/2021 15:44:50 - INFO - __main__ -   Adapter Languages = ['gn']
12/01/2021 15:44:50 - INFO - __main__ -   Loading features from cached file /home/abhijeet/rohan/cloud-emea/data//udpos/udpos_processed_maxlen128/cached_test_hu_bert-base-multilingual-cased_128
12/01/2021 15:44:50 - INFO - __main__ -   ***** Running evaluation  in hu *****
12/01/2021 15:44:50 - INFO - __main__ -     Num examples = 451
12/01/2021 15:44:50 - INFO - __main__ -     Batch size = 32
12/01/2021 15:44:50 - INFO - __main__ -   Batch number = 1
12/01/2021 15:44:51 - INFO - __main__ -   Batch number = 2
12/01/2021 15:44:51 - INFO - __main__ -   Batch number = 3
12/01/2021 15:44:51 - INFO - __main__ -   Batch number = 4
12/01/2021 15:44:51 - INFO - __main__ -   Batch number = 5
12/01/2021 15:44:51 - INFO - __main__ -   Batch number = 6
12/01/2021 15:44:51 - INFO - __main__ -   Batch number = 7
12/01/2021 15:44:51 - INFO - __main__ -   Batch number = 8
12/01/2021 15:44:52 - INFO - __main__ -   Batch number = 9
12/01/2021 15:44:52 - INFO - __main__ -   Batch number = 10
12/01/2021 15:44:52 - INFO - __main__ -   Batch number = 11
12/01/2021 15:44:52 - INFO - __main__ -   Batch number = 12
12/01/2021 15:44:52 - INFO - __main__ -   Batch number = 13
12/01/2021 15:44:52 - INFO - __main__ -   Batch number = 14
12/01/2021 15:44:52 - INFO - __main__ -   Batch number = 15
12/01/2021 15:44:53 - INFO - __main__ -   ***** Evaluation result  in hu *****
12/01/2021 15:44:53 - INFO - __main__ -     f1 = 0.5277348066298342
12/01/2021 15:44:53 - INFO - __main__ -     loss = 1.4564622322718301
12/01/2021 15:44:53 - INFO - __main__ -     precision = 0.5496604902750605
12/01/2021 15:44:53 - INFO - __main__ -     recall = 0.5074912336627351
12/01/2021 15:44:55 - INFO - root -   Input args: ModelArguments(model_name_or_path='bert-base-multilingual-cased', model_type='bert', config_name=None, tokenizer_name=None, cache_dir=None, labels='/home/abhijeet/rohan/cloud-emea/data//udpos/udpos_processed_maxlen128//labels.txt', data_dir='/home/abhijeet/rohan/cloud-emea/data//udpos/udpos_processed_maxlen128/', output_dir='/home/abhijeet/rohan/cloud-emea/outputs//udpos/my-bert-base-multilingual-cased-MaxLen128_udpos_gn_train_hi/', max_seq_length=128, do_train=False, do_eval=False, do_predict=True, do_adapter_predict=False, do_predict_dev=False, do_predict_train=False, init_checkpoint=None, evaluate_during_training=False, do_lower_case=False, few_shot=-1, per_gpu_train_batch_size=8, per_gpu_eval_batch_size=32, gradient_accumulation_steps=4, learning_rate=5e-05, weight_decay=0.0, adam_epsilon=1e-08, max_grad_norm=1.0, num_train_epochs=50.0, max_steps=-1, save_steps=1000, warmup_steps=0, logging_steps=50, save_only_best_checkpoint=True, eval_all_checkpoints=True, no_cuda=False, overwrite_output_dir=True, overwrite_cache=False, seed=2, fp16=False, fp16_opt_level='O1', local_rank=-1, server_ip='', server_port='', predict_langs='hu', train_langs='hi', log_file='/home/abhijeet/rohan/cloud-emea/outputs//udpos/my-bert-base-multilingual-cased-MaxLen128_udpos_gn_train_hi//train_en.log', eval_patience=-1, bpe_dropout=0, do_save_adapter_fusions=False, task_name='udpos', predict_task_adapter='output/udpos/my-bert-base-multilingual-cased-LR1e-4-epoch50-MaxLen128-TrainLanghi_hi_s2/checkpoint-best/udpos/', predict_lang_adapter=None, test_adapter=True, adapter_weight=None, lang_to_vec=None, calc_weight_step=0, predict_save_prefix='', en_weight=None, temperature=1.0, get_attr=False, topk=1, task='udpos')
12/01/2021 15:44:55 - WARNING - __main__ -   Process rank: -1, device: cuda, n_gpu: 1, distributed training: False, 16-bits training: False
12/01/2021 15:44:55 - INFO - __main__ -   Seed = 2
12/01/2021 15:44:55 - INFO - root -   save model
12/01/2021 15:44:55 - INFO - __main__ -   Training/evaluation parameters ModelArguments(model_name_or_path='bert-base-multilingual-cased', model_type='bert', config_name=None, tokenizer_name=None, cache_dir=None, labels='/home/abhijeet/rohan/cloud-emea/data//udpos/udpos_processed_maxlen128//labels.txt', data_dir='/home/abhijeet/rohan/cloud-emea/data//udpos/udpos_processed_maxlen128/', output_dir='/home/abhijeet/rohan/cloud-emea/outputs//udpos/my-bert-base-multilingual-cased-MaxLen128_udpos_gn_train_hi/', max_seq_length=128, do_train=False, do_eval=False, do_predict=True, do_adapter_predict=False, do_predict_dev=False, do_predict_train=False, init_checkpoint=None, evaluate_during_training=False, do_lower_case=False, few_shot=-1, per_gpu_train_batch_size=8, per_gpu_eval_batch_size=32, gradient_accumulation_steps=4, learning_rate=5e-05, weight_decay=0.0, adam_epsilon=1e-08, max_grad_norm=1.0, num_train_epochs=50.0, max_steps=-1, save_steps=1000, warmup_steps=0, logging_steps=50, save_only_best_checkpoint=True, eval_all_checkpoints=True, no_cuda=False, overwrite_output_dir=True, overwrite_cache=False, seed=2, fp16=False, fp16_opt_level='O1', local_rank=-1, server_ip='', server_port='', predict_langs='hu', train_langs='hi', log_file='/home/abhijeet/rohan/cloud-emea/outputs//udpos/my-bert-base-multilingual-cased-MaxLen128_udpos_gn_train_hi//train_en.log', eval_patience=-1, bpe_dropout=0, do_save_adapter_fusions=False, task_name='udpos', predict_task_adapter='output/udpos/my-bert-base-multilingual-cased-LR1e-4-epoch50-MaxLen128-TrainLanghi_hi_s2/checkpoint-best/udpos/', predict_lang_adapter=None, test_adapter=True, adapter_weight=None, lang_to_vec=None, calc_weight_step=0, predict_save_prefix='', en_weight=None, temperature=1.0, get_attr=False, topk=1, task='udpos')
12/01/2021 15:44:55 - INFO - __main__ -   Loading pretrained model and tokenizer
12/01/2021 15:44:57 - INFO - __main__ -   loading from existing model bert-base-multilingual-cased
12/01/2021 15:45:03 - INFO - __main__ -   Using lang2id = None
12/01/2021 15:45:03 - INFO - __main__ -   Evaluating the model on test set of all the languages specified
12/01/2021 15:45:03 - INFO - __main__ -   Task Adapter will be loaded from this path output/udpos/my-bert-base-multilingual-cased-LR1e-4-epoch50-MaxLen128-TrainLanghi_hi_s2/checkpoint-best/udpos/
12/01/2021 15:45:03 - INFO - root -   Trying to decide if add adapter
12/01/2021 15:45:03 - INFO - root -   loading task adapter
12/01/2021 15:45:03 - INFO - root -   loading lang adpater gn/wiki@ukp
12/01/2021 15:45:03 - INFO - __main__ -   Adapter Languages : ['gn'], Length : 1
12/01/2021 15:45:03 - INFO - __main__ -   Adapter Names ['gn/wiki@ukp'], Length : 1
12/01/2021 15:45:03 - INFO - __main__ -   Language = gn
12/01/2021 15:45:03 - INFO - __main__ -   Adapter Name = gn/wiki@ukp
12/01/2021 15:45:07 - INFO - __main__ -   Language adapter for hu not found, using gn instead
12/01/2021 15:45:07 - INFO - __main__ -   Set active language adapter to gn
12/01/2021 15:45:07 - INFO - __main__ -   Args Adapter Weight = None
12/01/2021 15:45:07 - INFO - __main__ -   Adapter Languages = ['gn']
12/01/2021 15:45:07 - INFO - __main__ -   Loading features from cached file /home/abhijeet/rohan/cloud-emea/data//udpos/udpos_processed_maxlen128/cached_test_hu_bert-base-multilingual-cased_128
12/01/2021 15:45:07 - INFO - __main__ -   ***** Running evaluation  in hu *****
12/01/2021 15:45:07 - INFO - __main__ -     Num examples = 451
12/01/2021 15:45:07 - INFO - __main__ -     Batch size = 32
12/01/2021 15:45:07 - INFO - __main__ -   Batch number = 1
12/01/2021 15:45:07 - INFO - __main__ -   Batch number = 2
12/01/2021 15:45:07 - INFO - __main__ -   Batch number = 3
12/01/2021 15:45:07 - INFO - __main__ -   Batch number = 4
12/01/2021 15:45:07 - INFO - __main__ -   Batch number = 5
12/01/2021 15:45:07 - INFO - __main__ -   Batch number = 6
12/01/2021 15:45:08 - INFO - __main__ -   Batch number = 7
12/01/2021 15:45:08 - INFO - __main__ -   Batch number = 8
12/01/2021 15:45:08 - INFO - __main__ -   Batch number = 9
12/01/2021 15:45:08 - INFO - __main__ -   Batch number = 10
12/01/2021 15:45:08 - INFO - __main__ -   Batch number = 11
12/01/2021 15:45:08 - INFO - __main__ -   Batch number = 12
12/01/2021 15:45:08 - INFO - __main__ -   Batch number = 13
12/01/2021 15:45:09 - INFO - __main__ -   Batch number = 14
12/01/2021 15:45:09 - INFO - __main__ -   Batch number = 15
12/01/2021 15:45:09 - INFO - __main__ -   ***** Evaluation result  in hu *****
12/01/2021 15:45:09 - INFO - __main__ -     f1 = 0.5494925242824403
12/01/2021 15:45:09 - INFO - __main__ -     loss = 1.3423647324244181
12/01/2021 15:45:09 - INFO - __main__ -     precision = 0.5647784632641615
12/01/2021 15:45:09 - INFO - __main__ -     recall = 0.5350122197428541
12/01/2021 15:45:11 - INFO - root -   Input args: ModelArguments(model_name_or_path='bert-base-multilingual-cased', model_type='bert', config_name=None, tokenizer_name=None, cache_dir=None, labels='/home/abhijeet/rohan/cloud-emea/data//udpos/udpos_processed_maxlen128//labels.txt', data_dir='/home/abhijeet/rohan/cloud-emea/data//udpos/udpos_processed_maxlen128/', output_dir='/home/abhijeet/rohan/cloud-emea/outputs//udpos/my-bert-base-multilingual-cased-MaxLen128_udpos_gn_train_hi/', max_seq_length=128, do_train=False, do_eval=False, do_predict=True, do_adapter_predict=False, do_predict_dev=False, do_predict_train=False, init_checkpoint=None, evaluate_during_training=False, do_lower_case=False, few_shot=-1, per_gpu_train_batch_size=8, per_gpu_eval_batch_size=32, gradient_accumulation_steps=4, learning_rate=5e-05, weight_decay=0.0, adam_epsilon=1e-08, max_grad_norm=1.0, num_train_epochs=50.0, max_steps=-1, save_steps=1000, warmup_steps=0, logging_steps=50, save_only_best_checkpoint=True, eval_all_checkpoints=True, no_cuda=False, overwrite_output_dir=True, overwrite_cache=False, seed=3, fp16=False, fp16_opt_level='O1', local_rank=-1, server_ip='', server_port='', predict_langs='hu', train_langs='hi', log_file='/home/abhijeet/rohan/cloud-emea/outputs//udpos/my-bert-base-multilingual-cased-MaxLen128_udpos_gn_train_hi//train_en.log', eval_patience=-1, bpe_dropout=0, do_save_adapter_fusions=False, task_name='udpos', predict_task_adapter='output/udpos/my-bert-base-multilingual-cased-LR1e-4-epoch50-MaxLen128-TrainLanghi_hi_s3/checkpoint-best/udpos/', predict_lang_adapter=None, test_adapter=True, adapter_weight=None, lang_to_vec=None, calc_weight_step=0, predict_save_prefix='', en_weight=None, temperature=1.0, get_attr=False, topk=1, task='udpos')
12/01/2021 15:45:11 - WARNING - __main__ -   Process rank: -1, device: cuda, n_gpu: 1, distributed training: False, 16-bits training: False
12/01/2021 15:45:11 - INFO - __main__ -   Seed = 3
12/01/2021 15:45:11 - INFO - root -   save model
12/01/2021 15:45:11 - INFO - __main__ -   Training/evaluation parameters ModelArguments(model_name_or_path='bert-base-multilingual-cased', model_type='bert', config_name=None, tokenizer_name=None, cache_dir=None, labels='/home/abhijeet/rohan/cloud-emea/data//udpos/udpos_processed_maxlen128//labels.txt', data_dir='/home/abhijeet/rohan/cloud-emea/data//udpos/udpos_processed_maxlen128/', output_dir='/home/abhijeet/rohan/cloud-emea/outputs//udpos/my-bert-base-multilingual-cased-MaxLen128_udpos_gn_train_hi/', max_seq_length=128, do_train=False, do_eval=False, do_predict=True, do_adapter_predict=False, do_predict_dev=False, do_predict_train=False, init_checkpoint=None, evaluate_during_training=False, do_lower_case=False, few_shot=-1, per_gpu_train_batch_size=8, per_gpu_eval_batch_size=32, gradient_accumulation_steps=4, learning_rate=5e-05, weight_decay=0.0, adam_epsilon=1e-08, max_grad_norm=1.0, num_train_epochs=50.0, max_steps=-1, save_steps=1000, warmup_steps=0, logging_steps=50, save_only_best_checkpoint=True, eval_all_checkpoints=True, no_cuda=False, overwrite_output_dir=True, overwrite_cache=False, seed=3, fp16=False, fp16_opt_level='O1', local_rank=-1, server_ip='', server_port='', predict_langs='hu', train_langs='hi', log_file='/home/abhijeet/rohan/cloud-emea/outputs//udpos/my-bert-base-multilingual-cased-MaxLen128_udpos_gn_train_hi//train_en.log', eval_patience=-1, bpe_dropout=0, do_save_adapter_fusions=False, task_name='udpos', predict_task_adapter='output/udpos/my-bert-base-multilingual-cased-LR1e-4-epoch50-MaxLen128-TrainLanghi_hi_s3/checkpoint-best/udpos/', predict_lang_adapter=None, test_adapter=True, adapter_weight=None, lang_to_vec=None, calc_weight_step=0, predict_save_prefix='', en_weight=None, temperature=1.0, get_attr=False, topk=1, task='udpos')
12/01/2021 15:45:11 - INFO - __main__ -   Loading pretrained model and tokenizer
12/01/2021 15:45:14 - INFO - __main__ -   loading from existing model bert-base-multilingual-cased
12/01/2021 15:45:19 - INFO - __main__ -   Using lang2id = None
12/01/2021 15:45:19 - INFO - __main__ -   Evaluating the model on test set of all the languages specified
12/01/2021 15:45:19 - INFO - __main__ -   Task Adapter will be loaded from this path output/udpos/my-bert-base-multilingual-cased-LR1e-4-epoch50-MaxLen128-TrainLanghi_hi_s3/checkpoint-best/udpos/
12/01/2021 15:45:19 - INFO - root -   Trying to decide if add adapter
12/01/2021 15:45:19 - INFO - root -   loading task adapter
12/01/2021 15:45:19 - INFO - root -   loading lang adpater gn/wiki@ukp
12/01/2021 15:45:19 - INFO - __main__ -   Adapter Languages : ['gn'], Length : 1
12/01/2021 15:45:19 - INFO - __main__ -   Adapter Names ['gn/wiki@ukp'], Length : 1
12/01/2021 15:45:19 - INFO - __main__ -   Language = gn
12/01/2021 15:45:19 - INFO - __main__ -   Adapter Name = gn/wiki@ukp
12/01/2021 15:45:23 - INFO - __main__ -   Language adapter for hu not found, using gn instead
12/01/2021 15:45:23 - INFO - __main__ -   Set active language adapter to gn
12/01/2021 15:45:23 - INFO - __main__ -   Args Adapter Weight = None
12/01/2021 15:45:23 - INFO - __main__ -   Adapter Languages = ['gn']
12/01/2021 15:45:23 - INFO - __main__ -   Loading features from cached file /home/abhijeet/rohan/cloud-emea/data//udpos/udpos_processed_maxlen128/cached_test_hu_bert-base-multilingual-cased_128
12/01/2021 15:45:23 - INFO - __main__ -   ***** Running evaluation  in hu *****
12/01/2021 15:45:23 - INFO - __main__ -     Num examples = 451
12/01/2021 15:45:23 - INFO - __main__ -     Batch size = 32
12/01/2021 15:45:23 - INFO - __main__ -   Batch number = 1
12/01/2021 15:45:23 - INFO - __main__ -   Batch number = 2
12/01/2021 15:45:23 - INFO - __main__ -   Batch number = 3
12/01/2021 15:45:23 - INFO - __main__ -   Batch number = 4
12/01/2021 15:45:23 - INFO - __main__ -   Batch number = 5
12/01/2021 15:45:23 - INFO - __main__ -   Batch number = 6
12/01/2021 15:45:24 - INFO - __main__ -   Batch number = 7
12/01/2021 15:45:24 - INFO - __main__ -   Batch number = 8
12/01/2021 15:45:24 - INFO - __main__ -   Batch number = 9
12/01/2021 15:45:24 - INFO - __main__ -   Batch number = 10
12/01/2021 15:45:24 - INFO - __main__ -   Batch number = 11
12/01/2021 15:45:24 - INFO - __main__ -   Batch number = 12
12/01/2021 15:45:24 - INFO - __main__ -   Batch number = 13
12/01/2021 15:45:25 - INFO - __main__ -   Batch number = 14
12/01/2021 15:45:25 - INFO - __main__ -   Batch number = 15
12/01/2021 15:45:25 - INFO - __main__ -   ***** Evaluation result  in hu *****
12/01/2021 15:45:25 - INFO - __main__ -     f1 = 0.504177816612965
12/01/2021 15:45:25 - INFO - __main__ -     loss = 1.5936168432235718
12/01/2021 15:45:25 - INFO - __main__ -     precision = 0.5186516853932585
12/01/2021 15:45:25 - INFO - __main__ -     recall = 0.4904898523004994
01/13/2022 00:40:54 - INFO - root -   Input args: ModelArguments(model_name_or_path='bert-base-multilingual-cased', model_type='bert', config_name=None, tokenizer_name=None, cache_dir=None, labels='/home/abhijeet/rohan/cloud-emea-copy/data//udpos/udpos_processed_maxlen128//labels.txt', data_dir='/home/abhijeet/rohan/cloud-emea-copy/data//udpos/udpos_processed_maxlen128/', output_dir='/home/abhijeet/rohan/cloud-emea-copy/outputs//udpos/my-bert-base-multilingual-cased-MaxLen128_udpos_gn_train_hi/', max_seq_length=128, do_train=False, do_eval=False, do_predict=True, do_adapter_predict=False, do_predict_dev=False, do_predict_train=False, init_checkpoint=None, evaluate_during_training=False, do_lower_case=False, few_shot=-1, per_gpu_train_batch_size=8, per_gpu_eval_batch_size=32, gradient_accumulation_steps=4, learning_rate=5e-05, weight_decay=0.0, adam_epsilon=1e-08, max_grad_norm=1.0, num_train_epochs=50.0, max_steps=-1, save_steps=1000, warmup_steps=0, logging_steps=50, save_only_best_checkpoint=True, eval_all_checkpoints=True, no_cuda=False, overwrite_output_dir=True, overwrite_cache=False, seed=1, fp16=False, fp16_opt_level='O1', local_rank=-1, server_ip='', server_port='', predict_langs='sw', train_langs='hi', log_file='/home/abhijeet/rohan/cloud-emea-copy/outputs//udpos/my-bert-base-multilingual-cased-MaxLen128_udpos_gn_train_hi//train_en.log', eval_patience=-1, bpe_dropout=0, do_save_adapter_fusions=False, task_name='udpos', predict_task_adapter='output/udpos/my-bert-base-multilingual-cased-LR1e-4-epoch50-MaxLen128-TrainLanghi_hi_s1/checkpoint-best/udpos/', predict_lang_adapter=None, test_adapter=True, adapter_weight=None, lang_to_vec=None, calc_weight_step=0, predict_save_prefix='', en_weight=None, temperature=1.0, get_attr=False, topk=1, task='udpos')
01/13/2022 00:40:54 - WARNING - __main__ -   Process rank: -1, device: cuda, n_gpu: 1, distributed training: False, 16-bits training: False
01/13/2022 00:40:54 - INFO - __main__ -   Seed = 1
01/13/2022 00:40:54 - INFO - root -   save model
01/13/2022 00:40:54 - INFO - __main__ -   Training/evaluation parameters ModelArguments(model_name_or_path='bert-base-multilingual-cased', model_type='bert', config_name=None, tokenizer_name=None, cache_dir=None, labels='/home/abhijeet/rohan/cloud-emea-copy/data//udpos/udpos_processed_maxlen128//labels.txt', data_dir='/home/abhijeet/rohan/cloud-emea-copy/data//udpos/udpos_processed_maxlen128/', output_dir='/home/abhijeet/rohan/cloud-emea-copy/outputs//udpos/my-bert-base-multilingual-cased-MaxLen128_udpos_gn_train_hi/', max_seq_length=128, do_train=False, do_eval=False, do_predict=True, do_adapter_predict=False, do_predict_dev=False, do_predict_train=False, init_checkpoint=None, evaluate_during_training=False, do_lower_case=False, few_shot=-1, per_gpu_train_batch_size=8, per_gpu_eval_batch_size=32, gradient_accumulation_steps=4, learning_rate=5e-05, weight_decay=0.0, adam_epsilon=1e-08, max_grad_norm=1.0, num_train_epochs=50.0, max_steps=-1, save_steps=1000, warmup_steps=0, logging_steps=50, save_only_best_checkpoint=True, eval_all_checkpoints=True, no_cuda=False, overwrite_output_dir=True, overwrite_cache=False, seed=1, fp16=False, fp16_opt_level='O1', local_rank=-1, server_ip='', server_port='', predict_langs='sw', train_langs='hi', log_file='/home/abhijeet/rohan/cloud-emea-copy/outputs//udpos/my-bert-base-multilingual-cased-MaxLen128_udpos_gn_train_hi//train_en.log', eval_patience=-1, bpe_dropout=0, do_save_adapter_fusions=False, task_name='udpos', predict_task_adapter='output/udpos/my-bert-base-multilingual-cased-LR1e-4-epoch50-MaxLen128-TrainLanghi_hi_s1/checkpoint-best/udpos/', predict_lang_adapter=None, test_adapter=True, adapter_weight=None, lang_to_vec=None, calc_weight_step=0, predict_save_prefix='', en_weight=None, temperature=1.0, get_attr=False, topk=1, task='udpos')
01/13/2022 00:40:54 - INFO - __main__ -   Loading pretrained model and tokenizer
01/13/2022 00:40:56 - INFO - __main__ -   loading from existing model bert-base-multilingual-cased
01/13/2022 00:41:02 - INFO - __main__ -   Using lang2id = None
01/13/2022 00:41:02 - INFO - __main__ -   Evaluating the model on test set of all the languages specified
01/13/2022 00:41:02 - INFO - __main__ -   Task Adapter will be loaded from this path output/udpos/my-bert-base-multilingual-cased-LR1e-4-epoch50-MaxLen128-TrainLanghi_hi_s1/checkpoint-best/udpos/
01/13/2022 00:41:02 - INFO - root -   Trying to decide if add adapter
01/13/2022 00:41:02 - INFO - root -   loading task adapter
01/13/2022 00:41:02 - INFO - root -   loading lang adpater gn/wiki@ukp
01/13/2022 00:41:02 - INFO - __main__ -   Adapter Languages : ['gn'], Length : 1
01/13/2022 00:41:02 - INFO - __main__ -   Adapter Names ['gn/wiki@ukp'], Length : 1
01/13/2022 00:41:02 - INFO - __main__ -   Language = gn
01/13/2022 00:41:02 - INFO - __main__ -   Adapter Name = gn/wiki@ukp
01/13/2022 00:41:08 - INFO - __main__ -   Language sw, split test does not exist
01/13/2022 00:41:10 - INFO - root -   Input args: ModelArguments(model_name_or_path='bert-base-multilingual-cased', model_type='bert', config_name=None, tokenizer_name=None, cache_dir=None, labels='/home/abhijeet/rohan/cloud-emea-copy/data//udpos/udpos_processed_maxlen128//labels.txt', data_dir='/home/abhijeet/rohan/cloud-emea-copy/data//udpos/udpos_processed_maxlen128/', output_dir='/home/abhijeet/rohan/cloud-emea-copy/outputs//udpos/my-bert-base-multilingual-cased-MaxLen128_udpos_gn_train_hi/', max_seq_length=128, do_train=False, do_eval=False, do_predict=True, do_adapter_predict=False, do_predict_dev=False, do_predict_train=False, init_checkpoint=None, evaluate_during_training=False, do_lower_case=False, few_shot=-1, per_gpu_train_batch_size=8, per_gpu_eval_batch_size=32, gradient_accumulation_steps=4, learning_rate=5e-05, weight_decay=0.0, adam_epsilon=1e-08, max_grad_norm=1.0, num_train_epochs=50.0, max_steps=-1, save_steps=1000, warmup_steps=0, logging_steps=50, save_only_best_checkpoint=True, eval_all_checkpoints=True, no_cuda=False, overwrite_output_dir=True, overwrite_cache=False, seed=2, fp16=False, fp16_opt_level='O1', local_rank=-1, server_ip='', server_port='', predict_langs='sw', train_langs='hi', log_file='/home/abhijeet/rohan/cloud-emea-copy/outputs//udpos/my-bert-base-multilingual-cased-MaxLen128_udpos_gn_train_hi//train_en.log', eval_patience=-1, bpe_dropout=0, do_save_adapter_fusions=False, task_name='udpos', predict_task_adapter='output/udpos/my-bert-base-multilingual-cased-LR1e-4-epoch50-MaxLen128-TrainLanghi_hi_s2/checkpoint-best/udpos/', predict_lang_adapter=None, test_adapter=True, adapter_weight=None, lang_to_vec=None, calc_weight_step=0, predict_save_prefix='', en_weight=None, temperature=1.0, get_attr=False, topk=1, task='udpos')
01/13/2022 00:41:10 - WARNING - __main__ -   Process rank: -1, device: cuda, n_gpu: 1, distributed training: False, 16-bits training: False
01/13/2022 00:41:10 - INFO - __main__ -   Seed = 2
01/13/2022 00:41:10 - INFO - root -   save model
01/13/2022 00:41:10 - INFO - __main__ -   Training/evaluation parameters ModelArguments(model_name_or_path='bert-base-multilingual-cased', model_type='bert', config_name=None, tokenizer_name=None, cache_dir=None, labels='/home/abhijeet/rohan/cloud-emea-copy/data//udpos/udpos_processed_maxlen128//labels.txt', data_dir='/home/abhijeet/rohan/cloud-emea-copy/data//udpos/udpos_processed_maxlen128/', output_dir='/home/abhijeet/rohan/cloud-emea-copy/outputs//udpos/my-bert-base-multilingual-cased-MaxLen128_udpos_gn_train_hi/', max_seq_length=128, do_train=False, do_eval=False, do_predict=True, do_adapter_predict=False, do_predict_dev=False, do_predict_train=False, init_checkpoint=None, evaluate_during_training=False, do_lower_case=False, few_shot=-1, per_gpu_train_batch_size=8, per_gpu_eval_batch_size=32, gradient_accumulation_steps=4, learning_rate=5e-05, weight_decay=0.0, adam_epsilon=1e-08, max_grad_norm=1.0, num_train_epochs=50.0, max_steps=-1, save_steps=1000, warmup_steps=0, logging_steps=50, save_only_best_checkpoint=True, eval_all_checkpoints=True, no_cuda=False, overwrite_output_dir=True, overwrite_cache=False, seed=2, fp16=False, fp16_opt_level='O1', local_rank=-1, server_ip='', server_port='', predict_langs='sw', train_langs='hi', log_file='/home/abhijeet/rohan/cloud-emea-copy/outputs//udpos/my-bert-base-multilingual-cased-MaxLen128_udpos_gn_train_hi//train_en.log', eval_patience=-1, bpe_dropout=0, do_save_adapter_fusions=False, task_name='udpos', predict_task_adapter='output/udpos/my-bert-base-multilingual-cased-LR1e-4-epoch50-MaxLen128-TrainLanghi_hi_s2/checkpoint-best/udpos/', predict_lang_adapter=None, test_adapter=True, adapter_weight=None, lang_to_vec=None, calc_weight_step=0, predict_save_prefix='', en_weight=None, temperature=1.0, get_attr=False, topk=1, task='udpos')
01/13/2022 00:41:10 - INFO - __main__ -   Loading pretrained model and tokenizer
01/13/2022 00:41:13 - INFO - __main__ -   loading from existing model bert-base-multilingual-cased
01/13/2022 00:41:19 - INFO - __main__ -   Using lang2id = None
01/13/2022 00:41:19 - INFO - __main__ -   Evaluating the model on test set of all the languages specified
01/13/2022 00:41:19 - INFO - __main__ -   Task Adapter will be loaded from this path output/udpos/my-bert-base-multilingual-cased-LR1e-4-epoch50-MaxLen128-TrainLanghi_hi_s2/checkpoint-best/udpos/
01/13/2022 00:41:19 - INFO - root -   Trying to decide if add adapter
01/13/2022 00:41:19 - INFO - root -   loading task adapter
01/13/2022 00:41:19 - INFO - root -   loading lang adpater gn/wiki@ukp
01/13/2022 00:41:19 - INFO - __main__ -   Adapter Languages : ['gn'], Length : 1
01/13/2022 00:41:19 - INFO - __main__ -   Adapter Names ['gn/wiki@ukp'], Length : 1
01/13/2022 00:41:19 - INFO - __main__ -   Language = gn
01/13/2022 00:41:19 - INFO - __main__ -   Adapter Name = gn/wiki@ukp
01/13/2022 00:41:25 - INFO - __main__ -   Language sw, split test does not exist
01/13/2022 00:41:28 - INFO - root -   Input args: ModelArguments(model_name_or_path='bert-base-multilingual-cased', model_type='bert', config_name=None, tokenizer_name=None, cache_dir=None, labels='/home/abhijeet/rohan/cloud-emea-copy/data//udpos/udpos_processed_maxlen128//labels.txt', data_dir='/home/abhijeet/rohan/cloud-emea-copy/data//udpos/udpos_processed_maxlen128/', output_dir='/home/abhijeet/rohan/cloud-emea-copy/outputs//udpos/my-bert-base-multilingual-cased-MaxLen128_udpos_gn_train_hi/', max_seq_length=128, do_train=False, do_eval=False, do_predict=True, do_adapter_predict=False, do_predict_dev=False, do_predict_train=False, init_checkpoint=None, evaluate_during_training=False, do_lower_case=False, few_shot=-1, per_gpu_train_batch_size=8, per_gpu_eval_batch_size=32, gradient_accumulation_steps=4, learning_rate=5e-05, weight_decay=0.0, adam_epsilon=1e-08, max_grad_norm=1.0, num_train_epochs=50.0, max_steps=-1, save_steps=1000, warmup_steps=0, logging_steps=50, save_only_best_checkpoint=True, eval_all_checkpoints=True, no_cuda=False, overwrite_output_dir=True, overwrite_cache=False, seed=3, fp16=False, fp16_opt_level='O1', local_rank=-1, server_ip='', server_port='', predict_langs='sw', train_langs='hi', log_file='/home/abhijeet/rohan/cloud-emea-copy/outputs//udpos/my-bert-base-multilingual-cased-MaxLen128_udpos_gn_train_hi//train_en.log', eval_patience=-1, bpe_dropout=0, do_save_adapter_fusions=False, task_name='udpos', predict_task_adapter='output/udpos/my-bert-base-multilingual-cased-LR1e-4-epoch50-MaxLen128-TrainLanghi_hi_s3/checkpoint-best/udpos/', predict_lang_adapter=None, test_adapter=True, adapter_weight=None, lang_to_vec=None, calc_weight_step=0, predict_save_prefix='', en_weight=None, temperature=1.0, get_attr=False, topk=1, task='udpos')
01/13/2022 00:41:28 - WARNING - __main__ -   Process rank: -1, device: cuda, n_gpu: 1, distributed training: False, 16-bits training: False
01/13/2022 00:41:28 - INFO - __main__ -   Seed = 3
01/13/2022 00:41:28 - INFO - root -   save model
01/13/2022 00:41:28 - INFO - __main__ -   Training/evaluation parameters ModelArguments(model_name_or_path='bert-base-multilingual-cased', model_type='bert', config_name=None, tokenizer_name=None, cache_dir=None, labels='/home/abhijeet/rohan/cloud-emea-copy/data//udpos/udpos_processed_maxlen128//labels.txt', data_dir='/home/abhijeet/rohan/cloud-emea-copy/data//udpos/udpos_processed_maxlen128/', output_dir='/home/abhijeet/rohan/cloud-emea-copy/outputs//udpos/my-bert-base-multilingual-cased-MaxLen128_udpos_gn_train_hi/', max_seq_length=128, do_train=False, do_eval=False, do_predict=True, do_adapter_predict=False, do_predict_dev=False, do_predict_train=False, init_checkpoint=None, evaluate_during_training=False, do_lower_case=False, few_shot=-1, per_gpu_train_batch_size=8, per_gpu_eval_batch_size=32, gradient_accumulation_steps=4, learning_rate=5e-05, weight_decay=0.0, adam_epsilon=1e-08, max_grad_norm=1.0, num_train_epochs=50.0, max_steps=-1, save_steps=1000, warmup_steps=0, logging_steps=50, save_only_best_checkpoint=True, eval_all_checkpoints=True, no_cuda=False, overwrite_output_dir=True, overwrite_cache=False, seed=3, fp16=False, fp16_opt_level='O1', local_rank=-1, server_ip='', server_port='', predict_langs='sw', train_langs='hi', log_file='/home/abhijeet/rohan/cloud-emea-copy/outputs//udpos/my-bert-base-multilingual-cased-MaxLen128_udpos_gn_train_hi//train_en.log', eval_patience=-1, bpe_dropout=0, do_save_adapter_fusions=False, task_name='udpos', predict_task_adapter='output/udpos/my-bert-base-multilingual-cased-LR1e-4-epoch50-MaxLen128-TrainLanghi_hi_s3/checkpoint-best/udpos/', predict_lang_adapter=None, test_adapter=True, adapter_weight=None, lang_to_vec=None, calc_weight_step=0, predict_save_prefix='', en_weight=None, temperature=1.0, get_attr=False, topk=1, task='udpos')
01/13/2022 00:41:28 - INFO - __main__ -   Loading pretrained model and tokenizer
01/13/2022 00:41:30 - INFO - __main__ -   loading from existing model bert-base-multilingual-cased
01/13/2022 00:41:36 - INFO - __main__ -   Using lang2id = None
01/13/2022 00:41:36 - INFO - __main__ -   Evaluating the model on test set of all the languages specified
01/13/2022 00:41:36 - INFO - __main__ -   Task Adapter will be loaded from this path output/udpos/my-bert-base-multilingual-cased-LR1e-4-epoch50-MaxLen128-TrainLanghi_hi_s3/checkpoint-best/udpos/
01/13/2022 00:41:36 - INFO - root -   Trying to decide if add adapter
01/13/2022 00:41:36 - INFO - root -   loading task adapter
01/13/2022 00:41:36 - INFO - root -   loading lang adpater gn/wiki@ukp
01/13/2022 00:41:36 - INFO - __main__ -   Adapter Languages : ['gn'], Length : 1
01/13/2022 00:41:36 - INFO - __main__ -   Adapter Names ['gn/wiki@ukp'], Length : 1
01/13/2022 00:41:36 - INFO - __main__ -   Language = gn
01/13/2022 00:41:36 - INFO - __main__ -   Adapter Name = gn/wiki@ukp
01/13/2022 00:41:49 - INFO - __main__ -   Language sw, split test does not exist
