11/21/2021 11:11:13 - INFO - root -   Input args: ModelArguments(model_name_or_path='bert-base-multilingual-cased', model_type='bert', config_name=None, tokenizer_name=None, cache_dir=None, labels='/home/abhijeet/rohan/cloud-emea/data//udpos/udpos_processed_maxlen128//labels.txt', data_dir='/home/abhijeet/rohan/cloud-emea/data//udpos/udpos_processed_maxlen128/', output_dir='/home/abhijeet/rohan/cloud-emea/outputs//udpos/my-bert-base-multilingual-cased-MaxLen128_udpos_bxr/', max_seq_length=128, do_train=False, do_eval=False, do_predict=True, do_adapter_predict=False, do_predict_dev=False, do_predict_train=False, init_checkpoint=None, evaluate_during_training=False, do_lower_case=False, few_shot=-1, per_gpu_train_batch_size=8, per_gpu_eval_batch_size=32, gradient_accumulation_steps=4, learning_rate=5e-05, weight_decay=0.0, adam_epsilon=1e-08, max_grad_norm=1.0, num_train_epochs=50.0, max_steps=-1, save_steps=1000, warmup_steps=0, logging_steps=50, save_only_best_checkpoint=True, eval_all_checkpoints=True, no_cuda=False, overwrite_output_dir=True, overwrite_cache=False, seed=1, fp16=False, fp16_opt_level='O1', local_rank=-1, server_ip='', server_port='', predict_langs='hu', train_langs='en', log_file='/home/abhijeet/rohan/cloud-emea/outputs//udpos/my-bert-base-multilingual-cased-MaxLen128_udpos_bxr//train_hu.log', eval_patience=-1, bpe_dropout=0, do_save_adapter_fusions=False, task_name='udpos', predict_task_adapter='output/udpos/my-bert-base-multilingual-cased-LR1e-4-epoch50-MaxLen128-TrainLangen_en_s1/checkpoint-best/udpos/', predict_lang_adapter=None, test_adapter=True, adapter_weight=None, lang_to_vec=None, calc_weight_step=0, predict_save_prefix='', en_weight=None, temperature=1.0, get_attr=False, topk=1, task='udpos')
11/21/2021 11:11:13 - WARNING - __main__ -   Process rank: -1, device: cuda, n_gpu: 1, distributed training: False, 16-bits training: False
11/21/2021 11:11:13 - INFO - __main__ -   Seed = 1
11/21/2021 11:11:13 - INFO - root -   save model
11/21/2021 11:11:13 - INFO - __main__ -   Training/evaluation parameters ModelArguments(model_name_or_path='bert-base-multilingual-cased', model_type='bert', config_name=None, tokenizer_name=None, cache_dir=None, labels='/home/abhijeet/rohan/cloud-emea/data//udpos/udpos_processed_maxlen128//labels.txt', data_dir='/home/abhijeet/rohan/cloud-emea/data//udpos/udpos_processed_maxlen128/', output_dir='/home/abhijeet/rohan/cloud-emea/outputs//udpos/my-bert-base-multilingual-cased-MaxLen128_udpos_bxr/', max_seq_length=128, do_train=False, do_eval=False, do_predict=True, do_adapter_predict=False, do_predict_dev=False, do_predict_train=False, init_checkpoint=None, evaluate_during_training=False, do_lower_case=False, few_shot=-1, per_gpu_train_batch_size=8, per_gpu_eval_batch_size=32, gradient_accumulation_steps=4, learning_rate=5e-05, weight_decay=0.0, adam_epsilon=1e-08, max_grad_norm=1.0, num_train_epochs=50.0, max_steps=-1, save_steps=1000, warmup_steps=0, logging_steps=50, save_only_best_checkpoint=True, eval_all_checkpoints=True, no_cuda=False, overwrite_output_dir=True, overwrite_cache=False, seed=1, fp16=False, fp16_opt_level='O1', local_rank=-1, server_ip='', server_port='', predict_langs='hu', train_langs='en', log_file='/home/abhijeet/rohan/cloud-emea/outputs//udpos/my-bert-base-multilingual-cased-MaxLen128_udpos_bxr//train_hu.log', eval_patience=-1, bpe_dropout=0, do_save_adapter_fusions=False, task_name='udpos', predict_task_adapter='output/udpos/my-bert-base-multilingual-cased-LR1e-4-epoch50-MaxLen128-TrainLangen_en_s1/checkpoint-best/udpos/', predict_lang_adapter=None, test_adapter=True, adapter_weight=None, lang_to_vec=None, calc_weight_step=0, predict_save_prefix='', en_weight=None, temperature=1.0, get_attr=False, topk=1, task='udpos')
11/21/2021 11:11:13 - INFO - __main__ -   Loading pretrained model and tokenizer
11/21/2021 11:11:16 - INFO - __main__ -   loading from existing model bert-base-multilingual-cased
11/21/2021 11:11:21 - INFO - __main__ -   Using lang2id = None
11/21/2021 11:11:21 - INFO - __main__ -   Evaluating the model on test set of all the languages specified
11/21/2021 11:11:21 - INFO - __main__ -   Task Adapter will be loaded from this path output/udpos/my-bert-base-multilingual-cased-LR1e-4-epoch50-MaxLen128-TrainLangen_en_s1/checkpoint-best/udpos/
11/21/2021 11:11:21 - INFO - root -   Trying to decide if add adapter
11/21/2021 11:11:21 - INFO - root -   loading task adapter
11/21/2021 11:11:21 - INFO - root -   loading lang adpater bxr/wiki@ukp
11/21/2021 11:11:21 - INFO - __main__ -   Adapter Languages : ['bxr'], Length : 1
11/21/2021 11:11:21 - INFO - __main__ -   Adapter Names ['bxr/wiki@ukp'], Length : 1
11/21/2021 11:11:21 - INFO - __main__ -   Language = bxr
11/21/2021 11:11:21 - INFO - __main__ -   Adapter Name = bxr/wiki@ukp
11/21/2021 11:11:27 - INFO - __main__ -   Language adapter for hu not found, using bxr instead
11/21/2021 11:11:27 - INFO - __main__ -   Set active language adapter to bxr
11/21/2021 11:11:27 - INFO - __main__ -   Args Adapter Weight = None
11/21/2021 11:11:27 - INFO - __main__ -   Adapter Languages = ['bxr']
11/21/2021 11:11:27 - INFO - __main__ -   Loading features from cached file /home/abhijeet/rohan/cloud-emea/data//udpos/udpos_processed_maxlen128/cached_test_hu_bert-base-multilingual-cased_128
11/21/2021 11:11:27 - INFO - __main__ -   ***** Running evaluation  in hu *****
11/21/2021 11:11:27 - INFO - __main__ -     Num examples = 451
11/21/2021 11:11:27 - INFO - __main__ -     Batch size = 32
11/21/2021 11:11:27 - INFO - __main__ -   Batch number = 1
11/21/2021 11:11:27 - INFO - __main__ -   Batch number = 2
11/21/2021 11:11:27 - INFO - __main__ -   Batch number = 3
11/21/2021 11:11:27 - INFO - __main__ -   Batch number = 4
11/21/2021 11:11:27 - INFO - __main__ -   Batch number = 5
11/21/2021 11:11:27 - INFO - __main__ -   Batch number = 6
11/21/2021 11:11:28 - INFO - __main__ -   Batch number = 7
11/21/2021 11:11:28 - INFO - __main__ -   Batch number = 8
11/21/2021 11:11:28 - INFO - __main__ -   Batch number = 9
11/21/2021 11:11:28 - INFO - __main__ -   Batch number = 10
11/21/2021 11:11:28 - INFO - __main__ -   Batch number = 11
11/21/2021 11:11:28 - INFO - __main__ -   Batch number = 12
11/21/2021 11:11:29 - INFO - __main__ -   Batch number = 13
11/21/2021 11:11:29 - INFO - __main__ -   Batch number = 14
11/21/2021 11:11:29 - INFO - __main__ -   Batch number = 15
11/21/2021 11:11:29 - INFO - __main__ -   ***** Evaluation result  in hu *****
11/21/2021 11:11:29 - INFO - __main__ -     f1 = 0.7551568543188655
11/21/2021 11:11:29 - INFO - __main__ -     loss = 0.7899249871571858
11/21/2021 11:11:29 - INFO - __main__ -     precision = 0.7636067354698534
11/21/2021 11:11:29 - INFO - __main__ -     recall = 0.7468919349697163
11/21/2021 11:11:31 - INFO - root -   Input args: ModelArguments(model_name_or_path='bert-base-multilingual-cased', model_type='bert', config_name=None, tokenizer_name=None, cache_dir=None, labels='/home/abhijeet/rohan/cloud-emea/data//udpos/udpos_processed_maxlen128//labels.txt', data_dir='/home/abhijeet/rohan/cloud-emea/data//udpos/udpos_processed_maxlen128/', output_dir='/home/abhijeet/rohan/cloud-emea/outputs//udpos/my-bert-base-multilingual-cased-MaxLen128_udpos_bxr/', max_seq_length=128, do_train=False, do_eval=False, do_predict=True, do_adapter_predict=False, do_predict_dev=False, do_predict_train=False, init_checkpoint=None, evaluate_during_training=False, do_lower_case=False, few_shot=-1, per_gpu_train_batch_size=8, per_gpu_eval_batch_size=32, gradient_accumulation_steps=4, learning_rate=5e-05, weight_decay=0.0, adam_epsilon=1e-08, max_grad_norm=1.0, num_train_epochs=50.0, max_steps=-1, save_steps=1000, warmup_steps=0, logging_steps=50, save_only_best_checkpoint=True, eval_all_checkpoints=True, no_cuda=False, overwrite_output_dir=True, overwrite_cache=False, seed=2, fp16=False, fp16_opt_level='O1', local_rank=-1, server_ip='', server_port='', predict_langs='hu', train_langs='en', log_file='/home/abhijeet/rohan/cloud-emea/outputs//udpos/my-bert-base-multilingual-cased-MaxLen128_udpos_bxr//train_hu.log', eval_patience=-1, bpe_dropout=0, do_save_adapter_fusions=False, task_name='udpos', predict_task_adapter='output/udpos/my-bert-base-multilingual-cased-LR1e-4-epoch50-MaxLen128-TrainLangen_en_s2/checkpoint-best/udpos/', predict_lang_adapter=None, test_adapter=True, adapter_weight=None, lang_to_vec=None, calc_weight_step=0, predict_save_prefix='', en_weight=None, temperature=1.0, get_attr=False, topk=1, task='udpos')
11/21/2021 11:11:31 - WARNING - __main__ -   Process rank: -1, device: cuda, n_gpu: 1, distributed training: False, 16-bits training: False
11/21/2021 11:11:31 - INFO - __main__ -   Seed = 2
11/21/2021 11:11:31 - INFO - root -   save model
11/21/2021 11:11:31 - INFO - __main__ -   Training/evaluation parameters ModelArguments(model_name_or_path='bert-base-multilingual-cased', model_type='bert', config_name=None, tokenizer_name=None, cache_dir=None, labels='/home/abhijeet/rohan/cloud-emea/data//udpos/udpos_processed_maxlen128//labels.txt', data_dir='/home/abhijeet/rohan/cloud-emea/data//udpos/udpos_processed_maxlen128/', output_dir='/home/abhijeet/rohan/cloud-emea/outputs//udpos/my-bert-base-multilingual-cased-MaxLen128_udpos_bxr/', max_seq_length=128, do_train=False, do_eval=False, do_predict=True, do_adapter_predict=False, do_predict_dev=False, do_predict_train=False, init_checkpoint=None, evaluate_during_training=False, do_lower_case=False, few_shot=-1, per_gpu_train_batch_size=8, per_gpu_eval_batch_size=32, gradient_accumulation_steps=4, learning_rate=5e-05, weight_decay=0.0, adam_epsilon=1e-08, max_grad_norm=1.0, num_train_epochs=50.0, max_steps=-1, save_steps=1000, warmup_steps=0, logging_steps=50, save_only_best_checkpoint=True, eval_all_checkpoints=True, no_cuda=False, overwrite_output_dir=True, overwrite_cache=False, seed=2, fp16=False, fp16_opt_level='O1', local_rank=-1, server_ip='', server_port='', predict_langs='hu', train_langs='en', log_file='/home/abhijeet/rohan/cloud-emea/outputs//udpos/my-bert-base-multilingual-cased-MaxLen128_udpos_bxr//train_hu.log', eval_patience=-1, bpe_dropout=0, do_save_adapter_fusions=False, task_name='udpos', predict_task_adapter='output/udpos/my-bert-base-multilingual-cased-LR1e-4-epoch50-MaxLen128-TrainLangen_en_s2/checkpoint-best/udpos/', predict_lang_adapter=None, test_adapter=True, adapter_weight=None, lang_to_vec=None, calc_weight_step=0, predict_save_prefix='', en_weight=None, temperature=1.0, get_attr=False, topk=1, task='udpos')
11/21/2021 11:11:31 - INFO - __main__ -   Loading pretrained model and tokenizer
11/21/2021 11:11:34 - INFO - __main__ -   loading from existing model bert-base-multilingual-cased
11/21/2021 11:11:39 - INFO - __main__ -   Using lang2id = None
11/21/2021 11:11:39 - INFO - __main__ -   Evaluating the model on test set of all the languages specified
11/21/2021 11:11:39 - INFO - __main__ -   Task Adapter will be loaded from this path output/udpos/my-bert-base-multilingual-cased-LR1e-4-epoch50-MaxLen128-TrainLangen_en_s2/checkpoint-best/udpos/
11/21/2021 11:11:39 - INFO - root -   Trying to decide if add adapter
11/21/2021 11:11:39 - INFO - root -   loading task adapter
11/21/2021 11:11:39 - INFO - root -   loading lang adpater bxr/wiki@ukp
11/21/2021 11:11:39 - INFO - __main__ -   Adapter Languages : ['bxr'], Length : 1
11/21/2021 11:11:39 - INFO - __main__ -   Adapter Names ['bxr/wiki@ukp'], Length : 1
11/21/2021 11:11:39 - INFO - __main__ -   Language = bxr
11/21/2021 11:11:39 - INFO - __main__ -   Adapter Name = bxr/wiki@ukp
11/21/2021 11:11:44 - INFO - __main__ -   Language adapter for hu not found, using bxr instead
11/21/2021 11:11:44 - INFO - __main__ -   Set active language adapter to bxr
11/21/2021 11:11:44 - INFO - __main__ -   Args Adapter Weight = None
11/21/2021 11:11:44 - INFO - __main__ -   Adapter Languages = ['bxr']
11/21/2021 11:11:44 - INFO - __main__ -   Loading features from cached file /home/abhijeet/rohan/cloud-emea/data//udpos/udpos_processed_maxlen128/cached_test_hu_bert-base-multilingual-cased_128
11/21/2021 11:11:44 - INFO - __main__ -   ***** Running evaluation  in hu *****
11/21/2021 11:11:44 - INFO - __main__ -     Num examples = 451
11/21/2021 11:11:44 - INFO - __main__ -     Batch size = 32
11/21/2021 11:11:44 - INFO - __main__ -   Batch number = 1
11/21/2021 11:11:44 - INFO - __main__ -   Batch number = 2
11/21/2021 11:11:45 - INFO - __main__ -   Batch number = 3
11/21/2021 11:11:45 - INFO - __main__ -   Batch number = 4
11/21/2021 11:11:45 - INFO - __main__ -   Batch number = 5
11/21/2021 11:11:45 - INFO - __main__ -   Batch number = 6
11/21/2021 11:11:45 - INFO - __main__ -   Batch number = 7
11/21/2021 11:11:45 - INFO - __main__ -   Batch number = 8
11/21/2021 11:11:45 - INFO - __main__ -   Batch number = 9
11/21/2021 11:11:46 - INFO - __main__ -   Batch number = 10
11/21/2021 11:11:46 - INFO - __main__ -   Batch number = 11
11/21/2021 11:11:46 - INFO - __main__ -   Batch number = 12
11/21/2021 11:11:46 - INFO - __main__ -   Batch number = 13
11/21/2021 11:11:46 - INFO - __main__ -   Batch number = 14
11/21/2021 11:11:46 - INFO - __main__ -   Batch number = 15
11/21/2021 11:11:47 - INFO - __main__ -   ***** Evaluation result  in hu *****
11/21/2021 11:11:47 - INFO - __main__ -     f1 = 0.7402325955303072
11/21/2021 11:11:47 - INFO - __main__ -     loss = 0.836318560441335
11/21/2021 11:11:47 - INFO - __main__ -     precision = 0.7467560553633218
11/21/2021 11:11:47 - INFO - __main__ -     recall = 0.7338221230474976
11/21/2021 11:11:48 - INFO - root -   Input args: ModelArguments(model_name_or_path='bert-base-multilingual-cased', model_type='bert', config_name=None, tokenizer_name=None, cache_dir=None, labels='/home/abhijeet/rohan/cloud-emea/data//udpos/udpos_processed_maxlen128//labels.txt', data_dir='/home/abhijeet/rohan/cloud-emea/data//udpos/udpos_processed_maxlen128/', output_dir='/home/abhijeet/rohan/cloud-emea/outputs//udpos/my-bert-base-multilingual-cased-MaxLen128_udpos_bxr/', max_seq_length=128, do_train=False, do_eval=False, do_predict=True, do_adapter_predict=False, do_predict_dev=False, do_predict_train=False, init_checkpoint=None, evaluate_during_training=False, do_lower_case=False, few_shot=-1, per_gpu_train_batch_size=8, per_gpu_eval_batch_size=32, gradient_accumulation_steps=4, learning_rate=5e-05, weight_decay=0.0, adam_epsilon=1e-08, max_grad_norm=1.0, num_train_epochs=50.0, max_steps=-1, save_steps=1000, warmup_steps=0, logging_steps=50, save_only_best_checkpoint=True, eval_all_checkpoints=True, no_cuda=False, overwrite_output_dir=True, overwrite_cache=False, seed=3, fp16=False, fp16_opt_level='O1', local_rank=-1, server_ip='', server_port='', predict_langs='hu', train_langs='en', log_file='/home/abhijeet/rohan/cloud-emea/outputs//udpos/my-bert-base-multilingual-cased-MaxLen128_udpos_bxr//train_hu.log', eval_patience=-1, bpe_dropout=0, do_save_adapter_fusions=False, task_name='udpos', predict_task_adapter='output/udpos/my-bert-base-multilingual-cased-LR1e-4-epoch50-MaxLen128-TrainLangen_en_s3/checkpoint-best/udpos/', predict_lang_adapter=None, test_adapter=True, adapter_weight=None, lang_to_vec=None, calc_weight_step=0, predict_save_prefix='', en_weight=None, temperature=1.0, get_attr=False, topk=1, task='udpos')
11/21/2021 11:11:48 - WARNING - __main__ -   Process rank: -1, device: cuda, n_gpu: 1, distributed training: False, 16-bits training: False
11/21/2021 11:11:48 - INFO - __main__ -   Seed = 3
11/21/2021 11:11:48 - INFO - root -   save model
11/21/2021 11:11:48 - INFO - __main__ -   Training/evaluation parameters ModelArguments(model_name_or_path='bert-base-multilingual-cased', model_type='bert', config_name=None, tokenizer_name=None, cache_dir=None, labels='/home/abhijeet/rohan/cloud-emea/data//udpos/udpos_processed_maxlen128//labels.txt', data_dir='/home/abhijeet/rohan/cloud-emea/data//udpos/udpos_processed_maxlen128/', output_dir='/home/abhijeet/rohan/cloud-emea/outputs//udpos/my-bert-base-multilingual-cased-MaxLen128_udpos_bxr/', max_seq_length=128, do_train=False, do_eval=False, do_predict=True, do_adapter_predict=False, do_predict_dev=False, do_predict_train=False, init_checkpoint=None, evaluate_during_training=False, do_lower_case=False, few_shot=-1, per_gpu_train_batch_size=8, per_gpu_eval_batch_size=32, gradient_accumulation_steps=4, learning_rate=5e-05, weight_decay=0.0, adam_epsilon=1e-08, max_grad_norm=1.0, num_train_epochs=50.0, max_steps=-1, save_steps=1000, warmup_steps=0, logging_steps=50, save_only_best_checkpoint=True, eval_all_checkpoints=True, no_cuda=False, overwrite_output_dir=True, overwrite_cache=False, seed=3, fp16=False, fp16_opt_level='O1', local_rank=-1, server_ip='', server_port='', predict_langs='hu', train_langs='en', log_file='/home/abhijeet/rohan/cloud-emea/outputs//udpos/my-bert-base-multilingual-cased-MaxLen128_udpos_bxr//train_hu.log', eval_patience=-1, bpe_dropout=0, do_save_adapter_fusions=False, task_name='udpos', predict_task_adapter='output/udpos/my-bert-base-multilingual-cased-LR1e-4-epoch50-MaxLen128-TrainLangen_en_s3/checkpoint-best/udpos/', predict_lang_adapter=None, test_adapter=True, adapter_weight=None, lang_to_vec=None, calc_weight_step=0, predict_save_prefix='', en_weight=None, temperature=1.0, get_attr=False, topk=1, task='udpos')
11/21/2021 11:11:48 - INFO - __main__ -   Loading pretrained model and tokenizer
11/21/2021 11:11:51 - INFO - __main__ -   loading from existing model bert-base-multilingual-cased
11/21/2021 11:11:56 - INFO - __main__ -   Using lang2id = None
11/21/2021 11:11:56 - INFO - __main__ -   Evaluating the model on test set of all the languages specified
11/21/2021 11:11:56 - INFO - __main__ -   Task Adapter will be loaded from this path output/udpos/my-bert-base-multilingual-cased-LR1e-4-epoch50-MaxLen128-TrainLangen_en_s3/checkpoint-best/udpos/
11/21/2021 11:11:56 - INFO - root -   Trying to decide if add adapter
11/21/2021 11:11:56 - INFO - root -   loading task adapter
11/21/2021 11:11:56 - INFO - root -   loading lang adpater bxr/wiki@ukp
11/21/2021 11:11:56 - INFO - __main__ -   Adapter Languages : ['bxr'], Length : 1
11/21/2021 11:11:56 - INFO - __main__ -   Adapter Names ['bxr/wiki@ukp'], Length : 1
11/21/2021 11:11:56 - INFO - __main__ -   Language = bxr
11/21/2021 11:11:56 - INFO - __main__ -   Adapter Name = bxr/wiki@ukp
11/21/2021 11:12:01 - INFO - __main__ -   Language adapter for hu not found, using bxr instead
11/21/2021 11:12:01 - INFO - __main__ -   Set active language adapter to bxr
11/21/2021 11:12:01 - INFO - __main__ -   Args Adapter Weight = None
11/21/2021 11:12:01 - INFO - __main__ -   Adapter Languages = ['bxr']
11/21/2021 11:12:01 - INFO - __main__ -   Loading features from cached file /home/abhijeet/rohan/cloud-emea/data//udpos/udpos_processed_maxlen128/cached_test_hu_bert-base-multilingual-cased_128
11/21/2021 11:12:01 - INFO - __main__ -   ***** Running evaluation  in hu *****
11/21/2021 11:12:01 - INFO - __main__ -     Num examples = 451
11/21/2021 11:12:01 - INFO - __main__ -     Batch size = 32
11/21/2021 11:12:01 - INFO - __main__ -   Batch number = 1
11/21/2021 11:12:01 - INFO - __main__ -   Batch number = 2
11/21/2021 11:12:01 - INFO - __main__ -   Batch number = 3
11/21/2021 11:12:01 - INFO - __main__ -   Batch number = 4
11/21/2021 11:12:01 - INFO - __main__ -   Batch number = 5
11/21/2021 11:12:02 - INFO - __main__ -   Batch number = 6
11/21/2021 11:12:02 - INFO - __main__ -   Batch number = 7
11/21/2021 11:12:02 - INFO - __main__ -   Batch number = 8
11/21/2021 11:12:02 - INFO - __main__ -   Batch number = 9
11/21/2021 11:12:02 - INFO - __main__ -   Batch number = 10
11/21/2021 11:12:02 - INFO - __main__ -   Batch number = 11
11/21/2021 11:12:02 - INFO - __main__ -   Batch number = 12
11/21/2021 11:12:02 - INFO - __main__ -   Batch number = 13
11/21/2021 11:12:03 - INFO - __main__ -   Batch number = 14
11/21/2021 11:12:03 - INFO - __main__ -   Batch number = 15
11/21/2021 11:12:03 - INFO - __main__ -   ***** Evaluation result  in hu *****
11/21/2021 11:12:03 - INFO - __main__ -     f1 = 0.7463088694902468
11/21/2021 11:12:03 - INFO - __main__ -     loss = 0.7722988843917846
11/21/2021 11:12:03 - INFO - __main__ -     precision = 0.7570788236580299
11/21/2021 11:12:03 - INFO - __main__ -     recall = 0.7358410370842631
