01/13/2022 16:57:47 - INFO - root -   Input args: ModelArguments(model_name_or_path='bert-base-multilingual-cased', model_type='bert', config_name=None, tokenizer_name=None, cache_dir=None, labels='/home/abhijeet/rohan/cloud-emea-copy/data//udpos/udpos_processed_maxlen128//labels.txt', data_dir='/home/abhijeet/rohan/cloud-emea-copy/data//udpos/udpos_processed_maxlen128/', output_dir='/home/abhijeet/rohan/cloud-emea-copy/outputs//udpos/my-bert-base-multilingual-cased-MaxLen128_udpos_bxr/', max_seq_length=128, do_train=False, do_eval=False, do_predict=True, do_adapter_predict=False, do_predict_dev=False, do_predict_train=False, init_checkpoint=None, evaluate_during_training=False, do_lower_case=False, few_shot=-1, per_gpu_train_batch_size=8, per_gpu_eval_batch_size=32, gradient_accumulation_steps=4, learning_rate=5e-05, weight_decay=0.0, adam_epsilon=1e-08, max_grad_norm=1.0, num_train_epochs=50.0, max_steps=-1, save_steps=1000, warmup_steps=0, logging_steps=50, save_only_best_checkpoint=True, eval_all_checkpoints=True, no_cuda=False, overwrite_output_dir=True, overwrite_cache=False, seed=1, fp16=False, fp16_opt_level='O1', local_rank=-1, server_ip='', server_port='', predict_langs='wo', train_langs='en', log_file='/home/abhijeet/rohan/cloud-emea-copy/outputs//udpos/my-bert-base-multilingual-cased-MaxLen128_udpos_bxr//train_wo.log', eval_patience=-1, bpe_dropout=0, do_save_adapter_fusions=False, task_name='udpos', predict_task_adapter='output/udpos/my-bert-base-multilingual-cased-LR1e-4-epoch50-MaxLen128-TrainLangen_en_s1/checkpoint-best/udpos/', predict_lang_adapter=None, test_adapter=True, adapter_weight=None, lang_to_vec=None, calc_weight_step=0, predict_save_prefix='', en_weight=None, temperature=1.0, get_attr=False, topk=1, task='udpos')
01/13/2022 16:57:47 - WARNING - __main__ -   Process rank: -1, device: cuda, n_gpu: 1, distributed training: False, 16-bits training: False
01/13/2022 16:57:47 - INFO - __main__ -   Seed = 1
01/13/2022 16:57:47 - INFO - root -   save model
01/13/2022 16:57:47 - INFO - __main__ -   Training/evaluation parameters ModelArguments(model_name_or_path='bert-base-multilingual-cased', model_type='bert', config_name=None, tokenizer_name=None, cache_dir=None, labels='/home/abhijeet/rohan/cloud-emea-copy/data//udpos/udpos_processed_maxlen128//labels.txt', data_dir='/home/abhijeet/rohan/cloud-emea-copy/data//udpos/udpos_processed_maxlen128/', output_dir='/home/abhijeet/rohan/cloud-emea-copy/outputs//udpos/my-bert-base-multilingual-cased-MaxLen128_udpos_bxr/', max_seq_length=128, do_train=False, do_eval=False, do_predict=True, do_adapter_predict=False, do_predict_dev=False, do_predict_train=False, init_checkpoint=None, evaluate_during_training=False, do_lower_case=False, few_shot=-1, per_gpu_train_batch_size=8, per_gpu_eval_batch_size=32, gradient_accumulation_steps=4, learning_rate=5e-05, weight_decay=0.0, adam_epsilon=1e-08, max_grad_norm=1.0, num_train_epochs=50.0, max_steps=-1, save_steps=1000, warmup_steps=0, logging_steps=50, save_only_best_checkpoint=True, eval_all_checkpoints=True, no_cuda=False, overwrite_output_dir=True, overwrite_cache=False, seed=1, fp16=False, fp16_opt_level='O1', local_rank=-1, server_ip='', server_port='', predict_langs='wo', train_langs='en', log_file='/home/abhijeet/rohan/cloud-emea-copy/outputs//udpos/my-bert-base-multilingual-cased-MaxLen128_udpos_bxr//train_wo.log', eval_patience=-1, bpe_dropout=0, do_save_adapter_fusions=False, task_name='udpos', predict_task_adapter='output/udpos/my-bert-base-multilingual-cased-LR1e-4-epoch50-MaxLen128-TrainLangen_en_s1/checkpoint-best/udpos/', predict_lang_adapter=None, test_adapter=True, adapter_weight=None, lang_to_vec=None, calc_weight_step=0, predict_save_prefix='', en_weight=None, temperature=1.0, get_attr=False, topk=1, task='udpos')
01/13/2022 16:57:47 - INFO - __main__ -   Loading pretrained model and tokenizer
01/13/2022 16:57:50 - INFO - __main__ -   loading from existing model bert-base-multilingual-cased
01/13/2022 16:57:55 - INFO - __main__ -   Using lang2id = None
01/13/2022 16:57:55 - INFO - __main__ -   Evaluating the model on test set of all the languages specified
01/13/2022 16:57:55 - INFO - __main__ -   Task Adapter will be loaded from this path output/udpos/my-bert-base-multilingual-cased-LR1e-4-epoch50-MaxLen128-TrainLangen_en_s1/checkpoint-best/udpos/
01/13/2022 16:57:55 - INFO - root -   Trying to decide if add adapter
01/13/2022 16:57:55 - INFO - root -   loading task adapter
01/13/2022 16:57:55 - INFO - root -   loading lang adpater bxr/wiki@ukp
01/13/2022 16:57:55 - INFO - __main__ -   Adapter Languages : ['bxr'], Length : 1
01/13/2022 16:57:55 - INFO - __main__ -   Adapter Names ['bxr/wiki@ukp'], Length : 1
01/13/2022 16:57:55 - INFO - __main__ -   Language = bxr
01/13/2022 16:57:55 - INFO - __main__ -   Adapter Name = bxr/wiki@ukp
01/13/2022 16:58:00 - INFO - __main__ -   Language adapter for wo not found, using bxr instead
01/13/2022 16:58:00 - INFO - __main__ -   Set active language adapter to bxr
01/13/2022 16:58:01 - INFO - __main__ -   Args Adapter Weight = None
01/13/2022 16:58:01 - INFO - __main__ -   Adapter Languages = ['bxr']
01/13/2022 16:58:01 - INFO - __main__ -   Loading features from cached file /home/abhijeet/rohan/cloud-emea-copy/data//udpos/udpos_processed_maxlen128/cached_test_wo_bert-base-multilingual-cased_128
01/13/2022 16:58:01 - INFO - __main__ -   ***** Running evaluation  in wo *****
01/13/2022 16:58:01 - INFO - __main__ -     Num examples = 470
01/13/2022 16:58:01 - INFO - __main__ -     Batch size = 32
01/13/2022 16:58:01 - INFO - __main__ -   Batch number = 1
01/13/2022 16:58:01 - INFO - __main__ -   Batch number = 2
01/13/2022 16:58:01 - INFO - __main__ -   Batch number = 3
01/13/2022 16:58:01 - INFO - __main__ -   Batch number = 4
01/13/2022 16:58:01 - INFO - __main__ -   Batch number = 5
01/13/2022 16:58:01 - INFO - __main__ -   Batch number = 6
01/13/2022 16:58:01 - INFO - __main__ -   Batch number = 7
01/13/2022 16:58:02 - INFO - __main__ -   Batch number = 8
01/13/2022 16:58:02 - INFO - __main__ -   Batch number = 9
01/13/2022 16:58:02 - INFO - __main__ -   Batch number = 10
01/13/2022 16:58:02 - INFO - __main__ -   Batch number = 11
01/13/2022 16:58:02 - INFO - __main__ -   Batch number = 12
01/13/2022 16:58:02 - INFO - __main__ -   Batch number = 13
01/13/2022 16:58:02 - INFO - __main__ -   Batch number = 14
01/13/2022 16:58:02 - INFO - __main__ -   Batch number = 15
01/13/2022 16:58:03 - INFO - __main__ -   ***** Evaluation result  in wo *****
01/13/2022 16:58:03 - INFO - __main__ -     f1 = 0.25720300751879693
01/13/2022 16:58:03 - INFO - __main__ -     loss = 2.774856106440226
01/13/2022 16:58:03 - INFO - __main__ -     precision = 0.2857142857142857
01/13/2022 16:58:03 - INFO - __main__ -     recall = 0.23386567490702254
01/13/2022 16:58:05 - INFO - root -   Input args: ModelArguments(model_name_or_path='bert-base-multilingual-cased', model_type='bert', config_name=None, tokenizer_name=None, cache_dir=None, labels='/home/abhijeet/rohan/cloud-emea-copy/data//udpos/udpos_processed_maxlen128//labels.txt', data_dir='/home/abhijeet/rohan/cloud-emea-copy/data//udpos/udpos_processed_maxlen128/', output_dir='/home/abhijeet/rohan/cloud-emea-copy/outputs//udpos/my-bert-base-multilingual-cased-MaxLen128_udpos_bxr/', max_seq_length=128, do_train=False, do_eval=False, do_predict=True, do_adapter_predict=False, do_predict_dev=False, do_predict_train=False, init_checkpoint=None, evaluate_during_training=False, do_lower_case=False, few_shot=-1, per_gpu_train_batch_size=8, per_gpu_eval_batch_size=32, gradient_accumulation_steps=4, learning_rate=5e-05, weight_decay=0.0, adam_epsilon=1e-08, max_grad_norm=1.0, num_train_epochs=50.0, max_steps=-1, save_steps=1000, warmup_steps=0, logging_steps=50, save_only_best_checkpoint=True, eval_all_checkpoints=True, no_cuda=False, overwrite_output_dir=True, overwrite_cache=False, seed=2, fp16=False, fp16_opt_level='O1', local_rank=-1, server_ip='', server_port='', predict_langs='wo', train_langs='en', log_file='/home/abhijeet/rohan/cloud-emea-copy/outputs//udpos/my-bert-base-multilingual-cased-MaxLen128_udpos_bxr//train_wo.log', eval_patience=-1, bpe_dropout=0, do_save_adapter_fusions=False, task_name='udpos', predict_task_adapter='output/udpos/my-bert-base-multilingual-cased-LR1e-4-epoch50-MaxLen128-TrainLangen_en_s2/checkpoint-best/udpos/', predict_lang_adapter=None, test_adapter=True, adapter_weight=None, lang_to_vec=None, calc_weight_step=0, predict_save_prefix='', en_weight=None, temperature=1.0, get_attr=False, topk=1, task='udpos')
01/13/2022 16:58:05 - WARNING - __main__ -   Process rank: -1, device: cuda, n_gpu: 1, distributed training: False, 16-bits training: False
01/13/2022 16:58:05 - INFO - __main__ -   Seed = 2
01/13/2022 16:58:05 - INFO - root -   save model
01/13/2022 16:58:05 - INFO - __main__ -   Training/evaluation parameters ModelArguments(model_name_or_path='bert-base-multilingual-cased', model_type='bert', config_name=None, tokenizer_name=None, cache_dir=None, labels='/home/abhijeet/rohan/cloud-emea-copy/data//udpos/udpos_processed_maxlen128//labels.txt', data_dir='/home/abhijeet/rohan/cloud-emea-copy/data//udpos/udpos_processed_maxlen128/', output_dir='/home/abhijeet/rohan/cloud-emea-copy/outputs//udpos/my-bert-base-multilingual-cased-MaxLen128_udpos_bxr/', max_seq_length=128, do_train=False, do_eval=False, do_predict=True, do_adapter_predict=False, do_predict_dev=False, do_predict_train=False, init_checkpoint=None, evaluate_during_training=False, do_lower_case=False, few_shot=-1, per_gpu_train_batch_size=8, per_gpu_eval_batch_size=32, gradient_accumulation_steps=4, learning_rate=5e-05, weight_decay=0.0, adam_epsilon=1e-08, max_grad_norm=1.0, num_train_epochs=50.0, max_steps=-1, save_steps=1000, warmup_steps=0, logging_steps=50, save_only_best_checkpoint=True, eval_all_checkpoints=True, no_cuda=False, overwrite_output_dir=True, overwrite_cache=False, seed=2, fp16=False, fp16_opt_level='O1', local_rank=-1, server_ip='', server_port='', predict_langs='wo', train_langs='en', log_file='/home/abhijeet/rohan/cloud-emea-copy/outputs//udpos/my-bert-base-multilingual-cased-MaxLen128_udpos_bxr//train_wo.log', eval_patience=-1, bpe_dropout=0, do_save_adapter_fusions=False, task_name='udpos', predict_task_adapter='output/udpos/my-bert-base-multilingual-cased-LR1e-4-epoch50-MaxLen128-TrainLangen_en_s2/checkpoint-best/udpos/', predict_lang_adapter=None, test_adapter=True, adapter_weight=None, lang_to_vec=None, calc_weight_step=0, predict_save_prefix='', en_weight=None, temperature=1.0, get_attr=False, topk=1, task='udpos')
01/13/2022 16:58:05 - INFO - __main__ -   Loading pretrained model and tokenizer
01/13/2022 16:58:08 - INFO - __main__ -   loading from existing model bert-base-multilingual-cased
01/13/2022 16:58:13 - INFO - __main__ -   Using lang2id = None
01/13/2022 16:58:13 - INFO - __main__ -   Evaluating the model on test set of all the languages specified
01/13/2022 16:58:13 - INFO - __main__ -   Task Adapter will be loaded from this path output/udpos/my-bert-base-multilingual-cased-LR1e-4-epoch50-MaxLen128-TrainLangen_en_s2/checkpoint-best/udpos/
01/13/2022 16:58:13 - INFO - root -   Trying to decide if add adapter
01/13/2022 16:58:13 - INFO - root -   loading task adapter
01/13/2022 16:58:13 - INFO - root -   loading lang adpater bxr/wiki@ukp
01/13/2022 16:58:13 - INFO - __main__ -   Adapter Languages : ['bxr'], Length : 1
01/13/2022 16:58:13 - INFO - __main__ -   Adapter Names ['bxr/wiki@ukp'], Length : 1
01/13/2022 16:58:13 - INFO - __main__ -   Language = bxr
01/13/2022 16:58:13 - INFO - __main__ -   Adapter Name = bxr/wiki@ukp
01/13/2022 16:58:18 - INFO - __main__ -   Language adapter for wo not found, using bxr instead
01/13/2022 16:58:18 - INFO - __main__ -   Set active language adapter to bxr
01/13/2022 16:58:18 - INFO - __main__ -   Args Adapter Weight = None
01/13/2022 16:58:18 - INFO - __main__ -   Adapter Languages = ['bxr']
01/13/2022 16:58:18 - INFO - __main__ -   Loading features from cached file /home/abhijeet/rohan/cloud-emea-copy/data//udpos/udpos_processed_maxlen128/cached_test_wo_bert-base-multilingual-cased_128
01/13/2022 16:58:18 - INFO - __main__ -   ***** Running evaluation  in wo *****
01/13/2022 16:58:18 - INFO - __main__ -     Num examples = 470
01/13/2022 16:58:18 - INFO - __main__ -     Batch size = 32
01/13/2022 16:58:18 - INFO - __main__ -   Batch number = 1
01/13/2022 16:58:18 - INFO - __main__ -   Batch number = 2
01/13/2022 16:58:19 - INFO - __main__ -   Batch number = 3
01/13/2022 16:58:19 - INFO - __main__ -   Batch number = 4
01/13/2022 16:58:19 - INFO - __main__ -   Batch number = 5
01/13/2022 16:58:19 - INFO - __main__ -   Batch number = 6
01/13/2022 16:58:19 - INFO - __main__ -   Batch number = 7
01/13/2022 16:58:19 - INFO - __main__ -   Batch number = 8
01/13/2022 16:58:19 - INFO - __main__ -   Batch number = 9
01/13/2022 16:58:20 - INFO - __main__ -   Batch number = 10
01/13/2022 16:58:20 - INFO - __main__ -   Batch number = 11
01/13/2022 16:58:20 - INFO - __main__ -   Batch number = 12
01/13/2022 16:58:20 - INFO - __main__ -   Batch number = 13
01/13/2022 16:58:20 - INFO - __main__ -   Batch number = 14
01/13/2022 16:58:20 - INFO - __main__ -   Batch number = 15
01/13/2022 16:58:21 - INFO - __main__ -   ***** Evaluation result  in wo *****
01/13/2022 16:58:21 - INFO - __main__ -     f1 = 0.2230349780555925
01/13/2022 16:58:21 - INFO - __main__ -     loss = 3.663827594121297
01/13/2022 16:58:21 - INFO - __main__ -     precision = 0.2844301221166893
01/13/2022 16:58:21 - INFO - __main__ -     recall = 0.18343907241303872
01/13/2022 16:58:23 - INFO - root -   Input args: ModelArguments(model_name_or_path='bert-base-multilingual-cased', model_type='bert', config_name=None, tokenizer_name=None, cache_dir=None, labels='/home/abhijeet/rohan/cloud-emea-copy/data//udpos/udpos_processed_maxlen128//labels.txt', data_dir='/home/abhijeet/rohan/cloud-emea-copy/data//udpos/udpos_processed_maxlen128/', output_dir='/home/abhijeet/rohan/cloud-emea-copy/outputs//udpos/my-bert-base-multilingual-cased-MaxLen128_udpos_bxr/', max_seq_length=128, do_train=False, do_eval=False, do_predict=True, do_adapter_predict=False, do_predict_dev=False, do_predict_train=False, init_checkpoint=None, evaluate_during_training=False, do_lower_case=False, few_shot=-1, per_gpu_train_batch_size=8, per_gpu_eval_batch_size=32, gradient_accumulation_steps=4, learning_rate=5e-05, weight_decay=0.0, adam_epsilon=1e-08, max_grad_norm=1.0, num_train_epochs=50.0, max_steps=-1, save_steps=1000, warmup_steps=0, logging_steps=50, save_only_best_checkpoint=True, eval_all_checkpoints=True, no_cuda=False, overwrite_output_dir=True, overwrite_cache=False, seed=3, fp16=False, fp16_opt_level='O1', local_rank=-1, server_ip='', server_port='', predict_langs='wo', train_langs='en', log_file='/home/abhijeet/rohan/cloud-emea-copy/outputs//udpos/my-bert-base-multilingual-cased-MaxLen128_udpos_bxr//train_wo.log', eval_patience=-1, bpe_dropout=0, do_save_adapter_fusions=False, task_name='udpos', predict_task_adapter='output/udpos/my-bert-base-multilingual-cased-LR1e-4-epoch50-MaxLen128-TrainLangen_en_s3/checkpoint-best/udpos/', predict_lang_adapter=None, test_adapter=True, adapter_weight=None, lang_to_vec=None, calc_weight_step=0, predict_save_prefix='', en_weight=None, temperature=1.0, get_attr=False, topk=1, task='udpos')
01/13/2022 16:58:23 - WARNING - __main__ -   Process rank: -1, device: cuda, n_gpu: 1, distributed training: False, 16-bits training: False
01/13/2022 16:58:23 - INFO - __main__ -   Seed = 3
01/13/2022 16:58:23 - INFO - root -   save model
01/13/2022 16:58:23 - INFO - __main__ -   Training/evaluation parameters ModelArguments(model_name_or_path='bert-base-multilingual-cased', model_type='bert', config_name=None, tokenizer_name=None, cache_dir=None, labels='/home/abhijeet/rohan/cloud-emea-copy/data//udpos/udpos_processed_maxlen128//labels.txt', data_dir='/home/abhijeet/rohan/cloud-emea-copy/data//udpos/udpos_processed_maxlen128/', output_dir='/home/abhijeet/rohan/cloud-emea-copy/outputs//udpos/my-bert-base-multilingual-cased-MaxLen128_udpos_bxr/', max_seq_length=128, do_train=False, do_eval=False, do_predict=True, do_adapter_predict=False, do_predict_dev=False, do_predict_train=False, init_checkpoint=None, evaluate_during_training=False, do_lower_case=False, few_shot=-1, per_gpu_train_batch_size=8, per_gpu_eval_batch_size=32, gradient_accumulation_steps=4, learning_rate=5e-05, weight_decay=0.0, adam_epsilon=1e-08, max_grad_norm=1.0, num_train_epochs=50.0, max_steps=-1, save_steps=1000, warmup_steps=0, logging_steps=50, save_only_best_checkpoint=True, eval_all_checkpoints=True, no_cuda=False, overwrite_output_dir=True, overwrite_cache=False, seed=3, fp16=False, fp16_opt_level='O1', local_rank=-1, server_ip='', server_port='', predict_langs='wo', train_langs='en', log_file='/home/abhijeet/rohan/cloud-emea-copy/outputs//udpos/my-bert-base-multilingual-cased-MaxLen128_udpos_bxr//train_wo.log', eval_patience=-1, bpe_dropout=0, do_save_adapter_fusions=False, task_name='udpos', predict_task_adapter='output/udpos/my-bert-base-multilingual-cased-LR1e-4-epoch50-MaxLen128-TrainLangen_en_s3/checkpoint-best/udpos/', predict_lang_adapter=None, test_adapter=True, adapter_weight=None, lang_to_vec=None, calc_weight_step=0, predict_save_prefix='', en_weight=None, temperature=1.0, get_attr=False, topk=1, task='udpos')
01/13/2022 16:58:23 - INFO - __main__ -   Loading pretrained model and tokenizer
01/13/2022 16:58:25 - INFO - __main__ -   loading from existing model bert-base-multilingual-cased
01/13/2022 16:58:31 - INFO - __main__ -   Using lang2id = None
01/13/2022 16:58:31 - INFO - __main__ -   Evaluating the model on test set of all the languages specified
01/13/2022 16:58:31 - INFO - __main__ -   Task Adapter will be loaded from this path output/udpos/my-bert-base-multilingual-cased-LR1e-4-epoch50-MaxLen128-TrainLangen_en_s3/checkpoint-best/udpos/
01/13/2022 16:58:31 - INFO - root -   Trying to decide if add adapter
01/13/2022 16:58:31 - INFO - root -   loading task adapter
01/13/2022 16:58:31 - INFO - root -   loading lang adpater bxr/wiki@ukp
01/13/2022 16:58:31 - INFO - __main__ -   Adapter Languages : ['bxr'], Length : 1
01/13/2022 16:58:31 - INFO - __main__ -   Adapter Names ['bxr/wiki@ukp'], Length : 1
01/13/2022 16:58:31 - INFO - __main__ -   Language = bxr
01/13/2022 16:58:31 - INFO - __main__ -   Adapter Name = bxr/wiki@ukp
01/13/2022 16:58:36 - INFO - __main__ -   Language adapter for wo not found, using bxr instead
01/13/2022 16:58:36 - INFO - __main__ -   Set active language adapter to bxr
01/13/2022 16:58:36 - INFO - __main__ -   Args Adapter Weight = None
01/13/2022 16:58:36 - INFO - __main__ -   Adapter Languages = ['bxr']
01/13/2022 16:58:36 - INFO - __main__ -   Loading features from cached file /home/abhijeet/rohan/cloud-emea-copy/data//udpos/udpos_processed_maxlen128/cached_test_wo_bert-base-multilingual-cased_128
01/13/2022 16:58:36 - INFO - __main__ -   ***** Running evaluation  in wo *****
01/13/2022 16:58:36 - INFO - __main__ -     Num examples = 470
01/13/2022 16:58:36 - INFO - __main__ -     Batch size = 32
01/13/2022 16:58:36 - INFO - __main__ -   Batch number = 1
01/13/2022 16:58:36 - INFO - __main__ -   Batch number = 2
01/13/2022 16:58:36 - INFO - __main__ -   Batch number = 3
01/13/2022 16:58:37 - INFO - __main__ -   Batch number = 4
01/13/2022 16:58:37 - INFO - __main__ -   Batch number = 5
01/13/2022 16:58:37 - INFO - __main__ -   Batch number = 6
01/13/2022 16:58:37 - INFO - __main__ -   Batch number = 7
01/13/2022 16:58:37 - INFO - __main__ -   Batch number = 8
01/13/2022 16:58:37 - INFO - __main__ -   Batch number = 9
01/13/2022 16:58:37 - INFO - __main__ -   Batch number = 10
01/13/2022 16:58:38 - INFO - __main__ -   Batch number = 11
01/13/2022 16:58:38 - INFO - __main__ -   Batch number = 12
01/13/2022 16:58:38 - INFO - __main__ -   Batch number = 13
01/13/2022 16:58:38 - INFO - __main__ -   Batch number = 14
01/13/2022 16:58:38 - INFO - __main__ -   Batch number = 15
01/13/2022 16:58:38 - INFO - __main__ -   ***** Evaluation result  in wo *****
01/13/2022 16:58:38 - INFO - __main__ -     f1 = 0.2457606291472106
01/13/2022 16:58:38 - INFO - __main__ -     loss = 3.094372526804606
01/13/2022 16:58:38 - INFO - __main__ -     precision = 0.28034763106251753
01/13/2022 16:58:38 - INFO - __main__ -     recall = 0.2187705097352877
