01/13/2022 17:02:58 - INFO - root -   Input args: ModelArguments(model_name_or_path='bert-base-multilingual-cased', model_type='bert', config_name=None, tokenizer_name=None, cache_dir=None, labels='/home/abhijeet/rohan/cloud-emea-copy/data//udpos/udpos_processed_maxlen128//labels.txt', data_dir='/home/abhijeet/rohan/cloud-emea-copy/data//udpos/udpos_processed_maxlen128/', output_dir='/home/abhijeet/rohan/cloud-emea-copy/outputs//udpos/my-bert-base-multilingual-cased-MaxLen128_udpos_es/', max_seq_length=128, do_train=False, do_eval=False, do_predict=True, do_adapter_predict=False, do_predict_dev=False, do_predict_train=False, init_checkpoint=None, evaluate_during_training=False, do_lower_case=False, few_shot=-1, per_gpu_train_batch_size=8, per_gpu_eval_batch_size=32, gradient_accumulation_steps=4, learning_rate=5e-05, weight_decay=0.0, adam_epsilon=1e-08, max_grad_norm=1.0, num_train_epochs=50.0, max_steps=-1, save_steps=1000, warmup_steps=0, logging_steps=50, save_only_best_checkpoint=True, eval_all_checkpoints=True, no_cuda=False, overwrite_output_dir=True, overwrite_cache=False, seed=1, fp16=False, fp16_opt_level='O1', local_rank=-1, server_ip='', server_port='', predict_langs='wo', train_langs='en', log_file='/home/abhijeet/rohan/cloud-emea-copy/outputs//udpos/my-bert-base-multilingual-cased-MaxLen128_udpos_es//train_wo.log', eval_patience=-1, bpe_dropout=0, do_save_adapter_fusions=False, task_name='udpos', predict_task_adapter='output/udpos/my-bert-base-multilingual-cased-LR1e-4-epoch50-MaxLen128-TrainLangen_en_s1/checkpoint-best/udpos/', predict_lang_adapter=None, test_adapter=True, adapter_weight=None, lang_to_vec=None, calc_weight_step=0, predict_save_prefix='', en_weight=None, temperature=1.0, get_attr=False, topk=1, task='udpos')
01/13/2022 17:02:58 - WARNING - __main__ -   Process rank: -1, device: cuda, n_gpu: 1, distributed training: False, 16-bits training: False
01/13/2022 17:02:58 - INFO - __main__ -   Seed = 1
01/13/2022 17:02:58 - INFO - root -   save model
01/13/2022 17:02:58 - INFO - __main__ -   Training/evaluation parameters ModelArguments(model_name_or_path='bert-base-multilingual-cased', model_type='bert', config_name=None, tokenizer_name=None, cache_dir=None, labels='/home/abhijeet/rohan/cloud-emea-copy/data//udpos/udpos_processed_maxlen128//labels.txt', data_dir='/home/abhijeet/rohan/cloud-emea-copy/data//udpos/udpos_processed_maxlen128/', output_dir='/home/abhijeet/rohan/cloud-emea-copy/outputs//udpos/my-bert-base-multilingual-cased-MaxLen128_udpos_es/', max_seq_length=128, do_train=False, do_eval=False, do_predict=True, do_adapter_predict=False, do_predict_dev=False, do_predict_train=False, init_checkpoint=None, evaluate_during_training=False, do_lower_case=False, few_shot=-1, per_gpu_train_batch_size=8, per_gpu_eval_batch_size=32, gradient_accumulation_steps=4, learning_rate=5e-05, weight_decay=0.0, adam_epsilon=1e-08, max_grad_norm=1.0, num_train_epochs=50.0, max_steps=-1, save_steps=1000, warmup_steps=0, logging_steps=50, save_only_best_checkpoint=True, eval_all_checkpoints=True, no_cuda=False, overwrite_output_dir=True, overwrite_cache=False, seed=1, fp16=False, fp16_opt_level='O1', local_rank=-1, server_ip='', server_port='', predict_langs='wo', train_langs='en', log_file='/home/abhijeet/rohan/cloud-emea-copy/outputs//udpos/my-bert-base-multilingual-cased-MaxLen128_udpos_es//train_wo.log', eval_patience=-1, bpe_dropout=0, do_save_adapter_fusions=False, task_name='udpos', predict_task_adapter='output/udpos/my-bert-base-multilingual-cased-LR1e-4-epoch50-MaxLen128-TrainLangen_en_s1/checkpoint-best/udpos/', predict_lang_adapter=None, test_adapter=True, adapter_weight=None, lang_to_vec=None, calc_weight_step=0, predict_save_prefix='', en_weight=None, temperature=1.0, get_attr=False, topk=1, task='udpos')
01/13/2022 17:02:58 - INFO - __main__ -   Loading pretrained model and tokenizer
01/13/2022 17:03:01 - INFO - __main__ -   loading from existing model bert-base-multilingual-cased
01/13/2022 17:03:08 - INFO - __main__ -   Using lang2id = None
01/13/2022 17:03:08 - INFO - __main__ -   Evaluating the model on test set of all the languages specified
01/13/2022 17:03:08 - INFO - __main__ -   Task Adapter will be loaded from this path output/udpos/my-bert-base-multilingual-cased-LR1e-4-epoch50-MaxLen128-TrainLangen_en_s1/checkpoint-best/udpos/
01/13/2022 17:03:08 - INFO - root -   Trying to decide if add adapter
01/13/2022 17:03:08 - INFO - root -   loading task adapter
01/13/2022 17:03:08 - INFO - root -   loading lang adpater es/wiki@ukp
01/13/2022 17:03:08 - INFO - __main__ -   Adapter Languages : ['es'], Length : 1
01/13/2022 17:03:08 - INFO - __main__ -   Adapter Names ['es/wiki@ukp'], Length : 1
01/13/2022 17:03:08 - INFO - __main__ -   Language = es
01/13/2022 17:03:08 - INFO - __main__ -   Adapter Name = es/wiki@ukp
01/13/2022 17:03:12 - INFO - __main__ -   Language adapter for wo not found, using es instead
01/13/2022 17:03:12 - INFO - __main__ -   Set active language adapter to es
01/13/2022 17:03:12 - INFO - __main__ -   Args Adapter Weight = None
01/13/2022 17:03:12 - INFO - __main__ -   Adapter Languages = ['es']
01/13/2022 17:03:12 - INFO - __main__ -   Loading features from cached file /home/abhijeet/rohan/cloud-emea-copy/data//udpos/udpos_processed_maxlen128/cached_test_wo_bert-base-multilingual-cased_128
01/13/2022 17:03:12 - INFO - __main__ -   ***** Running evaluation  in wo *****
01/13/2022 17:03:12 - INFO - __main__ -     Num examples = 470
01/13/2022 17:03:12 - INFO - __main__ -     Batch size = 32
01/13/2022 17:03:12 - INFO - __main__ -   Batch number = 1
01/13/2022 17:03:12 - INFO - __main__ -   Batch number = 2
01/13/2022 17:03:12 - INFO - __main__ -   Batch number = 3
01/13/2022 17:03:12 - INFO - __main__ -   Batch number = 4
01/13/2022 17:03:13 - INFO - __main__ -   Batch number = 5
01/13/2022 17:03:13 - INFO - __main__ -   Batch number = 6
01/13/2022 17:03:13 - INFO - __main__ -   Batch number = 7
01/13/2022 17:03:13 - INFO - __main__ -   Batch number = 8
01/13/2022 17:03:13 - INFO - __main__ -   Batch number = 9
01/13/2022 17:03:13 - INFO - __main__ -   Batch number = 10
01/13/2022 17:03:13 - INFO - __main__ -   Batch number = 11
01/13/2022 17:03:14 - INFO - __main__ -   Batch number = 12
01/13/2022 17:03:14 - INFO - __main__ -   Batch number = 13
01/13/2022 17:03:14 - INFO - __main__ -   Batch number = 14
01/13/2022 17:03:14 - INFO - __main__ -   Batch number = 15
01/13/2022 17:03:15 - INFO - __main__ -   ***** Evaluation result  in wo *****
01/13/2022 17:03:15 - INFO - __main__ -     f1 = 0.27267990505413076
01/13/2022 17:03:15 - INFO - __main__ -     loss = 2.544773157437642
01/13/2022 17:03:15 - INFO - __main__ -     precision = 0.2896322715533145
01/13/2022 17:03:15 - INFO - __main__ -     recall = 0.25760227521330126
01/13/2022 17:03:17 - INFO - root -   Input args: ModelArguments(model_name_or_path='bert-base-multilingual-cased', model_type='bert', config_name=None, tokenizer_name=None, cache_dir=None, labels='/home/abhijeet/rohan/cloud-emea-copy/data//udpos/udpos_processed_maxlen128//labels.txt', data_dir='/home/abhijeet/rohan/cloud-emea-copy/data//udpos/udpos_processed_maxlen128/', output_dir='/home/abhijeet/rohan/cloud-emea-copy/outputs//udpos/my-bert-base-multilingual-cased-MaxLen128_udpos_es/', max_seq_length=128, do_train=False, do_eval=False, do_predict=True, do_adapter_predict=False, do_predict_dev=False, do_predict_train=False, init_checkpoint=None, evaluate_during_training=False, do_lower_case=False, few_shot=-1, per_gpu_train_batch_size=8, per_gpu_eval_batch_size=32, gradient_accumulation_steps=4, learning_rate=5e-05, weight_decay=0.0, adam_epsilon=1e-08, max_grad_norm=1.0, num_train_epochs=50.0, max_steps=-1, save_steps=1000, warmup_steps=0, logging_steps=50, save_only_best_checkpoint=True, eval_all_checkpoints=True, no_cuda=False, overwrite_output_dir=True, overwrite_cache=False, seed=2, fp16=False, fp16_opt_level='O1', local_rank=-1, server_ip='', server_port='', predict_langs='wo', train_langs='en', log_file='/home/abhijeet/rohan/cloud-emea-copy/outputs//udpos/my-bert-base-multilingual-cased-MaxLen128_udpos_es//train_wo.log', eval_patience=-1, bpe_dropout=0, do_save_adapter_fusions=False, task_name='udpos', predict_task_adapter='output/udpos/my-bert-base-multilingual-cased-LR1e-4-epoch50-MaxLen128-TrainLangen_en_s2/checkpoint-best/udpos/', predict_lang_adapter=None, test_adapter=True, adapter_weight=None, lang_to_vec=None, calc_weight_step=0, predict_save_prefix='', en_weight=None, temperature=1.0, get_attr=False, topk=1, task='udpos')
01/13/2022 17:03:17 - WARNING - __main__ -   Process rank: -1, device: cuda, n_gpu: 1, distributed training: False, 16-bits training: False
01/13/2022 17:03:17 - INFO - __main__ -   Seed = 2
01/13/2022 17:03:17 - INFO - root -   save model
01/13/2022 17:03:17 - INFO - __main__ -   Training/evaluation parameters ModelArguments(model_name_or_path='bert-base-multilingual-cased', model_type='bert', config_name=None, tokenizer_name=None, cache_dir=None, labels='/home/abhijeet/rohan/cloud-emea-copy/data//udpos/udpos_processed_maxlen128//labels.txt', data_dir='/home/abhijeet/rohan/cloud-emea-copy/data//udpos/udpos_processed_maxlen128/', output_dir='/home/abhijeet/rohan/cloud-emea-copy/outputs//udpos/my-bert-base-multilingual-cased-MaxLen128_udpos_es/', max_seq_length=128, do_train=False, do_eval=False, do_predict=True, do_adapter_predict=False, do_predict_dev=False, do_predict_train=False, init_checkpoint=None, evaluate_during_training=False, do_lower_case=False, few_shot=-1, per_gpu_train_batch_size=8, per_gpu_eval_batch_size=32, gradient_accumulation_steps=4, learning_rate=5e-05, weight_decay=0.0, adam_epsilon=1e-08, max_grad_norm=1.0, num_train_epochs=50.0, max_steps=-1, save_steps=1000, warmup_steps=0, logging_steps=50, save_only_best_checkpoint=True, eval_all_checkpoints=True, no_cuda=False, overwrite_output_dir=True, overwrite_cache=False, seed=2, fp16=False, fp16_opt_level='O1', local_rank=-1, server_ip='', server_port='', predict_langs='wo', train_langs='en', log_file='/home/abhijeet/rohan/cloud-emea-copy/outputs//udpos/my-bert-base-multilingual-cased-MaxLen128_udpos_es//train_wo.log', eval_patience=-1, bpe_dropout=0, do_save_adapter_fusions=False, task_name='udpos', predict_task_adapter='output/udpos/my-bert-base-multilingual-cased-LR1e-4-epoch50-MaxLen128-TrainLangen_en_s2/checkpoint-best/udpos/', predict_lang_adapter=None, test_adapter=True, adapter_weight=None, lang_to_vec=None, calc_weight_step=0, predict_save_prefix='', en_weight=None, temperature=1.0, get_attr=False, topk=1, task='udpos')
01/13/2022 17:03:17 - INFO - __main__ -   Loading pretrained model and tokenizer
01/13/2022 17:03:19 - INFO - __main__ -   loading from existing model bert-base-multilingual-cased
01/13/2022 17:03:25 - INFO - __main__ -   Using lang2id = None
01/13/2022 17:03:25 - INFO - __main__ -   Evaluating the model on test set of all the languages specified
01/13/2022 17:03:25 - INFO - __main__ -   Task Adapter will be loaded from this path output/udpos/my-bert-base-multilingual-cased-LR1e-4-epoch50-MaxLen128-TrainLangen_en_s2/checkpoint-best/udpos/
01/13/2022 17:03:25 - INFO - root -   Trying to decide if add adapter
01/13/2022 17:03:25 - INFO - root -   loading task adapter
01/13/2022 17:03:25 - INFO - root -   loading lang adpater es/wiki@ukp
01/13/2022 17:03:25 - INFO - __main__ -   Adapter Languages : ['es'], Length : 1
01/13/2022 17:03:25 - INFO - __main__ -   Adapter Names ['es/wiki@ukp'], Length : 1
01/13/2022 17:03:25 - INFO - __main__ -   Language = es
01/13/2022 17:03:25 - INFO - __main__ -   Adapter Name = es/wiki@ukp
01/13/2022 17:03:29 - INFO - __main__ -   Language adapter for wo not found, using es instead
01/13/2022 17:03:29 - INFO - __main__ -   Set active language adapter to es
01/13/2022 17:03:29 - INFO - __main__ -   Args Adapter Weight = None
01/13/2022 17:03:29 - INFO - __main__ -   Adapter Languages = ['es']
01/13/2022 17:03:29 - INFO - __main__ -   Loading features from cached file /home/abhijeet/rohan/cloud-emea-copy/data//udpos/udpos_processed_maxlen128/cached_test_wo_bert-base-multilingual-cased_128
01/13/2022 17:03:29 - INFO - __main__ -   ***** Running evaluation  in wo *****
01/13/2022 17:03:29 - INFO - __main__ -     Num examples = 470
01/13/2022 17:03:29 - INFO - __main__ -     Batch size = 32
01/13/2022 17:03:29 - INFO - __main__ -   Batch number = 1
01/13/2022 17:03:29 - INFO - __main__ -   Batch number = 2
01/13/2022 17:03:30 - INFO - __main__ -   Batch number = 3
01/13/2022 17:03:30 - INFO - __main__ -   Batch number = 4
01/13/2022 17:03:30 - INFO - __main__ -   Batch number = 5
01/13/2022 17:03:30 - INFO - __main__ -   Batch number = 6
01/13/2022 17:03:30 - INFO - __main__ -   Batch number = 7
01/13/2022 17:03:30 - INFO - __main__ -   Batch number = 8
01/13/2022 17:03:30 - INFO - __main__ -   Batch number = 9
01/13/2022 17:03:30 - INFO - __main__ -   Batch number = 10
01/13/2022 17:03:31 - INFO - __main__ -   Batch number = 11
01/13/2022 17:03:31 - INFO - __main__ -   Batch number = 12
01/13/2022 17:03:31 - INFO - __main__ -   Batch number = 13
01/13/2022 17:03:31 - INFO - __main__ -   Batch number = 14
01/13/2022 17:03:31 - INFO - __main__ -   Batch number = 15
01/13/2022 17:03:31 - INFO - __main__ -   ***** Evaluation result  in wo *****
01/13/2022 17:03:31 - INFO - __main__ -     f1 = 0.2335568447223687
01/13/2022 17:03:31 - INFO - __main__ -     loss = 3.0286738713582357
01/13/2022 17:03:31 - INFO - __main__ -     precision = 0.3752118131203099
01/13/2022 17:03:31 - INFO - __main__ -     recall = 0.16954714504484794
01/13/2022 17:03:34 - INFO - root -   Input args: ModelArguments(model_name_or_path='bert-base-multilingual-cased', model_type='bert', config_name=None, tokenizer_name=None, cache_dir=None, labels='/home/abhijeet/rohan/cloud-emea-copy/data//udpos/udpos_processed_maxlen128//labels.txt', data_dir='/home/abhijeet/rohan/cloud-emea-copy/data//udpos/udpos_processed_maxlen128/', output_dir='/home/abhijeet/rohan/cloud-emea-copy/outputs//udpos/my-bert-base-multilingual-cased-MaxLen128_udpos_es/', max_seq_length=128, do_train=False, do_eval=False, do_predict=True, do_adapter_predict=False, do_predict_dev=False, do_predict_train=False, init_checkpoint=None, evaluate_during_training=False, do_lower_case=False, few_shot=-1, per_gpu_train_batch_size=8, per_gpu_eval_batch_size=32, gradient_accumulation_steps=4, learning_rate=5e-05, weight_decay=0.0, adam_epsilon=1e-08, max_grad_norm=1.0, num_train_epochs=50.0, max_steps=-1, save_steps=1000, warmup_steps=0, logging_steps=50, save_only_best_checkpoint=True, eval_all_checkpoints=True, no_cuda=False, overwrite_output_dir=True, overwrite_cache=False, seed=3, fp16=False, fp16_opt_level='O1', local_rank=-1, server_ip='', server_port='', predict_langs='wo', train_langs='en', log_file='/home/abhijeet/rohan/cloud-emea-copy/outputs//udpos/my-bert-base-multilingual-cased-MaxLen128_udpos_es//train_wo.log', eval_patience=-1, bpe_dropout=0, do_save_adapter_fusions=False, task_name='udpos', predict_task_adapter='output/udpos/my-bert-base-multilingual-cased-LR1e-4-epoch50-MaxLen128-TrainLangen_en_s3/checkpoint-best/udpos/', predict_lang_adapter=None, test_adapter=True, adapter_weight=None, lang_to_vec=None, calc_weight_step=0, predict_save_prefix='', en_weight=None, temperature=1.0, get_attr=False, topk=1, task='udpos')
01/13/2022 17:03:34 - WARNING - __main__ -   Process rank: -1, device: cuda, n_gpu: 1, distributed training: False, 16-bits training: False
01/13/2022 17:03:34 - INFO - __main__ -   Seed = 3
01/13/2022 17:03:34 - INFO - root -   save model
01/13/2022 17:03:34 - INFO - __main__ -   Training/evaluation parameters ModelArguments(model_name_or_path='bert-base-multilingual-cased', model_type='bert', config_name=None, tokenizer_name=None, cache_dir=None, labels='/home/abhijeet/rohan/cloud-emea-copy/data//udpos/udpos_processed_maxlen128//labels.txt', data_dir='/home/abhijeet/rohan/cloud-emea-copy/data//udpos/udpos_processed_maxlen128/', output_dir='/home/abhijeet/rohan/cloud-emea-copy/outputs//udpos/my-bert-base-multilingual-cased-MaxLen128_udpos_es/', max_seq_length=128, do_train=False, do_eval=False, do_predict=True, do_adapter_predict=False, do_predict_dev=False, do_predict_train=False, init_checkpoint=None, evaluate_during_training=False, do_lower_case=False, few_shot=-1, per_gpu_train_batch_size=8, per_gpu_eval_batch_size=32, gradient_accumulation_steps=4, learning_rate=5e-05, weight_decay=0.0, adam_epsilon=1e-08, max_grad_norm=1.0, num_train_epochs=50.0, max_steps=-1, save_steps=1000, warmup_steps=0, logging_steps=50, save_only_best_checkpoint=True, eval_all_checkpoints=True, no_cuda=False, overwrite_output_dir=True, overwrite_cache=False, seed=3, fp16=False, fp16_opt_level='O1', local_rank=-1, server_ip='', server_port='', predict_langs='wo', train_langs='en', log_file='/home/abhijeet/rohan/cloud-emea-copy/outputs//udpos/my-bert-base-multilingual-cased-MaxLen128_udpos_es//train_wo.log', eval_patience=-1, bpe_dropout=0, do_save_adapter_fusions=False, task_name='udpos', predict_task_adapter='output/udpos/my-bert-base-multilingual-cased-LR1e-4-epoch50-MaxLen128-TrainLangen_en_s3/checkpoint-best/udpos/', predict_lang_adapter=None, test_adapter=True, adapter_weight=None, lang_to_vec=None, calc_weight_step=0, predict_save_prefix='', en_weight=None, temperature=1.0, get_attr=False, topk=1, task='udpos')
01/13/2022 17:03:34 - INFO - __main__ -   Loading pretrained model and tokenizer
01/13/2022 17:03:36 - INFO - __main__ -   loading from existing model bert-base-multilingual-cased
01/13/2022 17:03:42 - INFO - __main__ -   Using lang2id = None
01/13/2022 17:03:42 - INFO - __main__ -   Evaluating the model on test set of all the languages specified
01/13/2022 17:03:42 - INFO - __main__ -   Task Adapter will be loaded from this path output/udpos/my-bert-base-multilingual-cased-LR1e-4-epoch50-MaxLen128-TrainLangen_en_s3/checkpoint-best/udpos/
01/13/2022 17:03:42 - INFO - root -   Trying to decide if add adapter
01/13/2022 17:03:42 - INFO - root -   loading task adapter
01/13/2022 17:03:42 - INFO - root -   loading lang adpater es/wiki@ukp
01/13/2022 17:03:42 - INFO - __main__ -   Adapter Languages : ['es'], Length : 1
01/13/2022 17:03:42 - INFO - __main__ -   Adapter Names ['es/wiki@ukp'], Length : 1
01/13/2022 17:03:42 - INFO - __main__ -   Language = es
01/13/2022 17:03:42 - INFO - __main__ -   Adapter Name = es/wiki@ukp
01/13/2022 17:03:46 - INFO - __main__ -   Language adapter for wo not found, using es instead
01/13/2022 17:03:46 - INFO - __main__ -   Set active language adapter to es
01/13/2022 17:03:46 - INFO - __main__ -   Args Adapter Weight = None
01/13/2022 17:03:46 - INFO - __main__ -   Adapter Languages = ['es']
01/13/2022 17:03:46 - INFO - __main__ -   Loading features from cached file /home/abhijeet/rohan/cloud-emea-copy/data//udpos/udpos_processed_maxlen128/cached_test_wo_bert-base-multilingual-cased_128
01/13/2022 17:03:46 - INFO - __main__ -   ***** Running evaluation  in wo *****
01/13/2022 17:03:46 - INFO - __main__ -     Num examples = 470
01/13/2022 17:03:46 - INFO - __main__ -     Batch size = 32
01/13/2022 17:03:46 - INFO - __main__ -   Batch number = 1
01/13/2022 17:03:46 - INFO - __main__ -   Batch number = 2
01/13/2022 17:03:46 - INFO - __main__ -   Batch number = 3
01/13/2022 17:03:46 - INFO - __main__ -   Batch number = 4
01/13/2022 17:03:47 - INFO - __main__ -   Batch number = 5
01/13/2022 17:03:47 - INFO - __main__ -   Batch number = 6
01/13/2022 17:03:47 - INFO - __main__ -   Batch number = 7
01/13/2022 17:03:47 - INFO - __main__ -   Batch number = 8
01/13/2022 17:03:47 - INFO - __main__ -   Batch number = 9
01/13/2022 17:03:47 - INFO - __main__ -   Batch number = 10
01/13/2022 17:03:47 - INFO - __main__ -   Batch number = 11
01/13/2022 17:03:47 - INFO - __main__ -   Batch number = 12
01/13/2022 17:03:48 - INFO - __main__ -   Batch number = 13
01/13/2022 17:03:48 - INFO - __main__ -   Batch number = 14
01/13/2022 17:03:48 - INFO - __main__ -   Batch number = 15
01/13/2022 17:03:48 - INFO - __main__ -   ***** Evaluation result  in wo *****
01/13/2022 17:03:48 - INFO - __main__ -     f1 = 0.29231855075873425
01/13/2022 17:03:48 - INFO - __main__ -     loss = 2.480272054672241
01/13/2022 17:03:48 - INFO - __main__ -     precision = 0.31615776081424934
01/13/2022 17:03:48 - INFO - __main__ -     recall = 0.27182235834609497
