11/21/2021 11:16:21 - INFO - root -   Input args: ModelArguments(model_name_or_path='bert-base-multilingual-cased', model_type='bert', config_name=None, tokenizer_name=None, cache_dir=None, labels='/home/abhijeet/rohan/cloud-emea/data//udpos/udpos_processed_maxlen128//labels.txt', data_dir='/home/abhijeet/rohan/cloud-emea/data//udpos/udpos_processed_maxlen128/', output_dir='/home/abhijeet/rohan/cloud-emea/outputs//udpos/my-bert-base-multilingual-cased-MaxLen128_udpos_es/', max_seq_length=128, do_train=False, do_eval=False, do_predict=True, do_adapter_predict=False, do_predict_dev=False, do_predict_train=False, init_checkpoint=None, evaluate_during_training=False, do_lower_case=False, few_shot=-1, per_gpu_train_batch_size=8, per_gpu_eval_batch_size=32, gradient_accumulation_steps=4, learning_rate=5e-05, weight_decay=0.0, adam_epsilon=1e-08, max_grad_norm=1.0, num_train_epochs=50.0, max_steps=-1, save_steps=1000, warmup_steps=0, logging_steps=50, save_only_best_checkpoint=True, eval_all_checkpoints=True, no_cuda=False, overwrite_output_dir=True, overwrite_cache=False, seed=1, fp16=False, fp16_opt_level='O1', local_rank=-1, server_ip='', server_port='', predict_langs='hu', train_langs='en', log_file='/home/abhijeet/rohan/cloud-emea/outputs//udpos/my-bert-base-multilingual-cased-MaxLen128_udpos_es//train_hu.log', eval_patience=-1, bpe_dropout=0, do_save_adapter_fusions=False, task_name='udpos', predict_task_adapter='output/udpos/my-bert-base-multilingual-cased-LR1e-4-epoch50-MaxLen128-TrainLangen_en_s1/checkpoint-best/udpos/', predict_lang_adapter=None, test_adapter=True, adapter_weight=None, lang_to_vec=None, calc_weight_step=0, predict_save_prefix='', en_weight=None, temperature=1.0, get_attr=False, topk=1, task='udpos')
11/21/2021 11:16:21 - WARNING - __main__ -   Process rank: -1, device: cuda, n_gpu: 1, distributed training: False, 16-bits training: False
11/21/2021 11:16:21 - INFO - __main__ -   Seed = 1
11/21/2021 11:16:21 - INFO - root -   save model
11/21/2021 11:16:21 - INFO - __main__ -   Training/evaluation parameters ModelArguments(model_name_or_path='bert-base-multilingual-cased', model_type='bert', config_name=None, tokenizer_name=None, cache_dir=None, labels='/home/abhijeet/rohan/cloud-emea/data//udpos/udpos_processed_maxlen128//labels.txt', data_dir='/home/abhijeet/rohan/cloud-emea/data//udpos/udpos_processed_maxlen128/', output_dir='/home/abhijeet/rohan/cloud-emea/outputs//udpos/my-bert-base-multilingual-cased-MaxLen128_udpos_es/', max_seq_length=128, do_train=False, do_eval=False, do_predict=True, do_adapter_predict=False, do_predict_dev=False, do_predict_train=False, init_checkpoint=None, evaluate_during_training=False, do_lower_case=False, few_shot=-1, per_gpu_train_batch_size=8, per_gpu_eval_batch_size=32, gradient_accumulation_steps=4, learning_rate=5e-05, weight_decay=0.0, adam_epsilon=1e-08, max_grad_norm=1.0, num_train_epochs=50.0, max_steps=-1, save_steps=1000, warmup_steps=0, logging_steps=50, save_only_best_checkpoint=True, eval_all_checkpoints=True, no_cuda=False, overwrite_output_dir=True, overwrite_cache=False, seed=1, fp16=False, fp16_opt_level='O1', local_rank=-1, server_ip='', server_port='', predict_langs='hu', train_langs='en', log_file='/home/abhijeet/rohan/cloud-emea/outputs//udpos/my-bert-base-multilingual-cased-MaxLen128_udpos_es//train_hu.log', eval_patience=-1, bpe_dropout=0, do_save_adapter_fusions=False, task_name='udpos', predict_task_adapter='output/udpos/my-bert-base-multilingual-cased-LR1e-4-epoch50-MaxLen128-TrainLangen_en_s1/checkpoint-best/udpos/', predict_lang_adapter=None, test_adapter=True, adapter_weight=None, lang_to_vec=None, calc_weight_step=0, predict_save_prefix='', en_weight=None, temperature=1.0, get_attr=False, topk=1, task='udpos')
11/21/2021 11:16:21 - INFO - __main__ -   Loading pretrained model and tokenizer
11/21/2021 11:16:24 - INFO - __main__ -   loading from existing model bert-base-multilingual-cased
11/21/2021 11:16:29 - INFO - __main__ -   Using lang2id = None
11/21/2021 11:16:29 - INFO - __main__ -   Evaluating the model on test set of all the languages specified
11/21/2021 11:16:29 - INFO - __main__ -   Task Adapter will be loaded from this path output/udpos/my-bert-base-multilingual-cased-LR1e-4-epoch50-MaxLen128-TrainLangen_en_s1/checkpoint-best/udpos/
11/21/2021 11:16:29 - INFO - root -   Trying to decide if add adapter
11/21/2021 11:16:29 - INFO - root -   loading task adapter
11/21/2021 11:16:30 - INFO - root -   loading lang adpater es/wiki@ukp
11/21/2021 11:16:30 - INFO - __main__ -   Adapter Languages : ['es'], Length : 1
11/21/2021 11:16:30 - INFO - __main__ -   Adapter Names ['es/wiki@ukp'], Length : 1
11/21/2021 11:16:30 - INFO - __main__ -   Language = es
11/21/2021 11:16:30 - INFO - __main__ -   Adapter Name = es/wiki@ukp
11/21/2021 11:16:35 - INFO - __main__ -   Language adapter for hu not found, using es instead
11/21/2021 11:16:35 - INFO - __main__ -   Set active language adapter to es
11/21/2021 11:16:35 - INFO - __main__ -   Args Adapter Weight = None
11/21/2021 11:16:35 - INFO - __main__ -   Adapter Languages = ['es']
11/21/2021 11:16:35 - INFO - __main__ -   Loading features from cached file /home/abhijeet/rohan/cloud-emea/data//udpos/udpos_processed_maxlen128/cached_test_hu_bert-base-multilingual-cased_128
11/21/2021 11:16:35 - INFO - __main__ -   ***** Running evaluation  in hu *****
11/21/2021 11:16:35 - INFO - __main__ -     Num examples = 451
11/21/2021 11:16:35 - INFO - __main__ -     Batch size = 32
11/21/2021 11:16:35 - INFO - __main__ -   Batch number = 1
11/21/2021 11:16:35 - INFO - __main__ -   Batch number = 2
11/21/2021 11:16:35 - INFO - __main__ -   Batch number = 3
11/21/2021 11:16:35 - INFO - __main__ -   Batch number = 4
11/21/2021 11:16:36 - INFO - __main__ -   Batch number = 5
11/21/2021 11:16:36 - INFO - __main__ -   Batch number = 6
11/21/2021 11:16:36 - INFO - __main__ -   Batch number = 7
11/21/2021 11:16:36 - INFO - __main__ -   Batch number = 8
11/21/2021 11:16:36 - INFO - __main__ -   Batch number = 9
11/21/2021 11:16:36 - INFO - __main__ -   Batch number = 10
11/21/2021 11:16:36 - INFO - __main__ -   Batch number = 11
11/21/2021 11:16:36 - INFO - __main__ -   Batch number = 12
11/21/2021 11:16:37 - INFO - __main__ -   Batch number = 13
11/21/2021 11:16:37 - INFO - __main__ -   Batch number = 14
11/21/2021 11:16:37 - INFO - __main__ -   Batch number = 15
11/21/2021 11:16:37 - INFO - __main__ -   ***** Evaluation result  in hu *****
11/21/2021 11:16:37 - INFO - __main__ -     f1 = 0.7826782571596181
11/21/2021 11:16:37 - INFO - __main__ -     loss = 0.6501455942789713
11/21/2021 11:16:37 - INFO - __main__ -     precision = 0.7856531049250536
11/21/2021 11:16:37 - INFO - __main__ -     recall = 0.779725852725534
11/21/2021 11:16:39 - INFO - root -   Input args: ModelArguments(model_name_or_path='bert-base-multilingual-cased', model_type='bert', config_name=None, tokenizer_name=None, cache_dir=None, labels='/home/abhijeet/rohan/cloud-emea/data//udpos/udpos_processed_maxlen128//labels.txt', data_dir='/home/abhijeet/rohan/cloud-emea/data//udpos/udpos_processed_maxlen128/', output_dir='/home/abhijeet/rohan/cloud-emea/outputs//udpos/my-bert-base-multilingual-cased-MaxLen128_udpos_es/', max_seq_length=128, do_train=False, do_eval=False, do_predict=True, do_adapter_predict=False, do_predict_dev=False, do_predict_train=False, init_checkpoint=None, evaluate_during_training=False, do_lower_case=False, few_shot=-1, per_gpu_train_batch_size=8, per_gpu_eval_batch_size=32, gradient_accumulation_steps=4, learning_rate=5e-05, weight_decay=0.0, adam_epsilon=1e-08, max_grad_norm=1.0, num_train_epochs=50.0, max_steps=-1, save_steps=1000, warmup_steps=0, logging_steps=50, save_only_best_checkpoint=True, eval_all_checkpoints=True, no_cuda=False, overwrite_output_dir=True, overwrite_cache=False, seed=2, fp16=False, fp16_opt_level='O1', local_rank=-1, server_ip='', server_port='', predict_langs='hu', train_langs='en', log_file='/home/abhijeet/rohan/cloud-emea/outputs//udpos/my-bert-base-multilingual-cased-MaxLen128_udpos_es//train_hu.log', eval_patience=-1, bpe_dropout=0, do_save_adapter_fusions=False, task_name='udpos', predict_task_adapter='output/udpos/my-bert-base-multilingual-cased-LR1e-4-epoch50-MaxLen128-TrainLangen_en_s2/checkpoint-best/udpos/', predict_lang_adapter=None, test_adapter=True, adapter_weight=None, lang_to_vec=None, calc_weight_step=0, predict_save_prefix='', en_weight=None, temperature=1.0, get_attr=False, topk=1, task='udpos')
11/21/2021 11:16:39 - WARNING - __main__ -   Process rank: -1, device: cuda, n_gpu: 1, distributed training: False, 16-bits training: False
11/21/2021 11:16:39 - INFO - __main__ -   Seed = 2
11/21/2021 11:16:39 - INFO - root -   save model
11/21/2021 11:16:39 - INFO - __main__ -   Training/evaluation parameters ModelArguments(model_name_or_path='bert-base-multilingual-cased', model_type='bert', config_name=None, tokenizer_name=None, cache_dir=None, labels='/home/abhijeet/rohan/cloud-emea/data//udpos/udpos_processed_maxlen128//labels.txt', data_dir='/home/abhijeet/rohan/cloud-emea/data//udpos/udpos_processed_maxlen128/', output_dir='/home/abhijeet/rohan/cloud-emea/outputs//udpos/my-bert-base-multilingual-cased-MaxLen128_udpos_es/', max_seq_length=128, do_train=False, do_eval=False, do_predict=True, do_adapter_predict=False, do_predict_dev=False, do_predict_train=False, init_checkpoint=None, evaluate_during_training=False, do_lower_case=False, few_shot=-1, per_gpu_train_batch_size=8, per_gpu_eval_batch_size=32, gradient_accumulation_steps=4, learning_rate=5e-05, weight_decay=0.0, adam_epsilon=1e-08, max_grad_norm=1.0, num_train_epochs=50.0, max_steps=-1, save_steps=1000, warmup_steps=0, logging_steps=50, save_only_best_checkpoint=True, eval_all_checkpoints=True, no_cuda=False, overwrite_output_dir=True, overwrite_cache=False, seed=2, fp16=False, fp16_opt_level='O1', local_rank=-1, server_ip='', server_port='', predict_langs='hu', train_langs='en', log_file='/home/abhijeet/rohan/cloud-emea/outputs//udpos/my-bert-base-multilingual-cased-MaxLen128_udpos_es//train_hu.log', eval_patience=-1, bpe_dropout=0, do_save_adapter_fusions=False, task_name='udpos', predict_task_adapter='output/udpos/my-bert-base-multilingual-cased-LR1e-4-epoch50-MaxLen128-TrainLangen_en_s2/checkpoint-best/udpos/', predict_lang_adapter=None, test_adapter=True, adapter_weight=None, lang_to_vec=None, calc_weight_step=0, predict_save_prefix='', en_weight=None, temperature=1.0, get_attr=False, topk=1, task='udpos')
11/21/2021 11:16:39 - INFO - __main__ -   Loading pretrained model and tokenizer
11/21/2021 11:16:42 - INFO - __main__ -   loading from existing model bert-base-multilingual-cased
11/21/2021 11:16:47 - INFO - __main__ -   Using lang2id = None
11/21/2021 11:16:47 - INFO - __main__ -   Evaluating the model on test set of all the languages specified
11/21/2021 11:16:47 - INFO - __main__ -   Task Adapter will be loaded from this path output/udpos/my-bert-base-multilingual-cased-LR1e-4-epoch50-MaxLen128-TrainLangen_en_s2/checkpoint-best/udpos/
11/21/2021 11:16:47 - INFO - root -   Trying to decide if add adapter
11/21/2021 11:16:47 - INFO - root -   loading task adapter
11/21/2021 11:16:47 - INFO - root -   loading lang adpater es/wiki@ukp
11/21/2021 11:16:47 - INFO - __main__ -   Adapter Languages : ['es'], Length : 1
11/21/2021 11:16:47 - INFO - __main__ -   Adapter Names ['es/wiki@ukp'], Length : 1
11/21/2021 11:16:47 - INFO - __main__ -   Language = es
11/21/2021 11:16:47 - INFO - __main__ -   Adapter Name = es/wiki@ukp
11/21/2021 11:16:52 - INFO - __main__ -   Language adapter for hu not found, using es instead
11/21/2021 11:16:52 - INFO - __main__ -   Set active language adapter to es
11/21/2021 11:16:52 - INFO - __main__ -   Args Adapter Weight = None
11/21/2021 11:16:52 - INFO - __main__ -   Adapter Languages = ['es']
11/21/2021 11:16:52 - INFO - __main__ -   Loading features from cached file /home/abhijeet/rohan/cloud-emea/data//udpos/udpos_processed_maxlen128/cached_test_hu_bert-base-multilingual-cased_128
11/21/2021 11:16:52 - INFO - __main__ -   ***** Running evaluation  in hu *****
11/21/2021 11:16:52 - INFO - __main__ -     Num examples = 451
11/21/2021 11:16:52 - INFO - __main__ -     Batch size = 32
11/21/2021 11:16:52 - INFO - __main__ -   Batch number = 1
11/21/2021 11:16:52 - INFO - __main__ -   Batch number = 2
11/21/2021 11:16:52 - INFO - __main__ -   Batch number = 3
11/21/2021 11:16:52 - INFO - __main__ -   Batch number = 4
11/21/2021 11:16:52 - INFO - __main__ -   Batch number = 5
11/21/2021 11:16:53 - INFO - __main__ -   Batch number = 6
11/21/2021 11:16:53 - INFO - __main__ -   Batch number = 7
11/21/2021 11:16:53 - INFO - __main__ -   Batch number = 8
11/21/2021 11:16:53 - INFO - __main__ -   Batch number = 9
11/21/2021 11:16:53 - INFO - __main__ -   Batch number = 10
11/21/2021 11:16:53 - INFO - __main__ -   Batch number = 11
11/21/2021 11:16:53 - INFO - __main__ -   Batch number = 12
11/21/2021 11:16:54 - INFO - __main__ -   Batch number = 13
11/21/2021 11:16:54 - INFO - __main__ -   Batch number = 14
11/21/2021 11:16:54 - INFO - __main__ -   Batch number = 15
11/21/2021 11:16:54 - INFO - __main__ -   ***** Evaluation result  in hu *****
11/21/2021 11:16:54 - INFO - __main__ -     f1 = 0.7425136960799957
11/21/2021 11:16:54 - INFO - __main__ -     loss = 0.7673884868621826
11/21/2021 11:16:54 - INFO - __main__ -     precision = 0.7433439829605963
11/21/2021 11:16:54 - INFO - __main__ -     recall = 0.7416852619275316
11/21/2021 11:16:56 - INFO - root -   Input args: ModelArguments(model_name_or_path='bert-base-multilingual-cased', model_type='bert', config_name=None, tokenizer_name=None, cache_dir=None, labels='/home/abhijeet/rohan/cloud-emea/data//udpos/udpos_processed_maxlen128//labels.txt', data_dir='/home/abhijeet/rohan/cloud-emea/data//udpos/udpos_processed_maxlen128/', output_dir='/home/abhijeet/rohan/cloud-emea/outputs//udpos/my-bert-base-multilingual-cased-MaxLen128_udpos_es/', max_seq_length=128, do_train=False, do_eval=False, do_predict=True, do_adapter_predict=False, do_predict_dev=False, do_predict_train=False, init_checkpoint=None, evaluate_during_training=False, do_lower_case=False, few_shot=-1, per_gpu_train_batch_size=8, per_gpu_eval_batch_size=32, gradient_accumulation_steps=4, learning_rate=5e-05, weight_decay=0.0, adam_epsilon=1e-08, max_grad_norm=1.0, num_train_epochs=50.0, max_steps=-1, save_steps=1000, warmup_steps=0, logging_steps=50, save_only_best_checkpoint=True, eval_all_checkpoints=True, no_cuda=False, overwrite_output_dir=True, overwrite_cache=False, seed=3, fp16=False, fp16_opt_level='O1', local_rank=-1, server_ip='', server_port='', predict_langs='hu', train_langs='en', log_file='/home/abhijeet/rohan/cloud-emea/outputs//udpos/my-bert-base-multilingual-cased-MaxLen128_udpos_es//train_hu.log', eval_patience=-1, bpe_dropout=0, do_save_adapter_fusions=False, task_name='udpos', predict_task_adapter='output/udpos/my-bert-base-multilingual-cased-LR1e-4-epoch50-MaxLen128-TrainLangen_en_s3/checkpoint-best/udpos/', predict_lang_adapter=None, test_adapter=True, adapter_weight=None, lang_to_vec=None, calc_weight_step=0, predict_save_prefix='', en_weight=None, temperature=1.0, get_attr=False, topk=1, task='udpos')
11/21/2021 11:16:56 - WARNING - __main__ -   Process rank: -1, device: cuda, n_gpu: 1, distributed training: False, 16-bits training: False
11/21/2021 11:16:56 - INFO - __main__ -   Seed = 3
11/21/2021 11:16:56 - INFO - root -   save model
11/21/2021 11:16:56 - INFO - __main__ -   Training/evaluation parameters ModelArguments(model_name_or_path='bert-base-multilingual-cased', model_type='bert', config_name=None, tokenizer_name=None, cache_dir=None, labels='/home/abhijeet/rohan/cloud-emea/data//udpos/udpos_processed_maxlen128//labels.txt', data_dir='/home/abhijeet/rohan/cloud-emea/data//udpos/udpos_processed_maxlen128/', output_dir='/home/abhijeet/rohan/cloud-emea/outputs//udpos/my-bert-base-multilingual-cased-MaxLen128_udpos_es/', max_seq_length=128, do_train=False, do_eval=False, do_predict=True, do_adapter_predict=False, do_predict_dev=False, do_predict_train=False, init_checkpoint=None, evaluate_during_training=False, do_lower_case=False, few_shot=-1, per_gpu_train_batch_size=8, per_gpu_eval_batch_size=32, gradient_accumulation_steps=4, learning_rate=5e-05, weight_decay=0.0, adam_epsilon=1e-08, max_grad_norm=1.0, num_train_epochs=50.0, max_steps=-1, save_steps=1000, warmup_steps=0, logging_steps=50, save_only_best_checkpoint=True, eval_all_checkpoints=True, no_cuda=False, overwrite_output_dir=True, overwrite_cache=False, seed=3, fp16=False, fp16_opt_level='O1', local_rank=-1, server_ip='', server_port='', predict_langs='hu', train_langs='en', log_file='/home/abhijeet/rohan/cloud-emea/outputs//udpos/my-bert-base-multilingual-cased-MaxLen128_udpos_es//train_hu.log', eval_patience=-1, bpe_dropout=0, do_save_adapter_fusions=False, task_name='udpos', predict_task_adapter='output/udpos/my-bert-base-multilingual-cased-LR1e-4-epoch50-MaxLen128-TrainLangen_en_s3/checkpoint-best/udpos/', predict_lang_adapter=None, test_adapter=True, adapter_weight=None, lang_to_vec=None, calc_weight_step=0, predict_save_prefix='', en_weight=None, temperature=1.0, get_attr=False, topk=1, task='udpos')
11/21/2021 11:16:56 - INFO - __main__ -   Loading pretrained model and tokenizer
11/21/2021 11:16:59 - INFO - __main__ -   loading from existing model bert-base-multilingual-cased
11/21/2021 11:17:04 - INFO - __main__ -   Using lang2id = None
11/21/2021 11:17:04 - INFO - __main__ -   Evaluating the model on test set of all the languages specified
11/21/2021 11:17:04 - INFO - __main__ -   Task Adapter will be loaded from this path output/udpos/my-bert-base-multilingual-cased-LR1e-4-epoch50-MaxLen128-TrainLangen_en_s3/checkpoint-best/udpos/
11/21/2021 11:17:04 - INFO - root -   Trying to decide if add adapter
11/21/2021 11:17:04 - INFO - root -   loading task adapter
11/21/2021 11:17:04 - INFO - root -   loading lang adpater es/wiki@ukp
11/21/2021 11:17:04 - INFO - __main__ -   Adapter Languages : ['es'], Length : 1
11/21/2021 11:17:04 - INFO - __main__ -   Adapter Names ['es/wiki@ukp'], Length : 1
11/21/2021 11:17:04 - INFO - __main__ -   Language = es
11/21/2021 11:17:04 - INFO - __main__ -   Adapter Name = es/wiki@ukp
11/21/2021 11:17:08 - INFO - __main__ -   Language adapter for hu not found, using es instead
11/21/2021 11:17:08 - INFO - __main__ -   Set active language adapter to es
11/21/2021 11:17:08 - INFO - __main__ -   Args Adapter Weight = None
11/21/2021 11:17:08 - INFO - __main__ -   Adapter Languages = ['es']
11/21/2021 11:17:08 - INFO - __main__ -   Loading features from cached file /home/abhijeet/rohan/cloud-emea/data//udpos/udpos_processed_maxlen128/cached_test_hu_bert-base-multilingual-cased_128
11/21/2021 11:17:08 - INFO - __main__ -   ***** Running evaluation  in hu *****
11/21/2021 11:17:08 - INFO - __main__ -     Num examples = 451
11/21/2021 11:17:08 - INFO - __main__ -     Batch size = 32
11/21/2021 11:17:08 - INFO - __main__ -   Batch number = 1
11/21/2021 11:17:08 - INFO - __main__ -   Batch number = 2
11/21/2021 11:17:08 - INFO - __main__ -   Batch number = 3
11/21/2021 11:17:09 - INFO - __main__ -   Batch number = 4
11/21/2021 11:17:09 - INFO - __main__ -   Batch number = 5
11/21/2021 11:17:09 - INFO - __main__ -   Batch number = 6
11/21/2021 11:17:09 - INFO - __main__ -   Batch number = 7
11/21/2021 11:17:09 - INFO - __main__ -   Batch number = 8
11/21/2021 11:17:09 - INFO - __main__ -   Batch number = 9
11/21/2021 11:17:09 - INFO - __main__ -   Batch number = 10
11/21/2021 11:17:10 - INFO - __main__ -   Batch number = 11
11/21/2021 11:17:10 - INFO - __main__ -   Batch number = 12
11/21/2021 11:17:10 - INFO - __main__ -   Batch number = 13
11/21/2021 11:17:10 - INFO - __main__ -   Batch number = 14
11/21/2021 11:17:10 - INFO - __main__ -   Batch number = 15
11/21/2021 11:17:10 - INFO - __main__ -   ***** Evaluation result  in hu *****
11/21/2021 11:17:10 - INFO - __main__ -     f1 = 0.7688613808558319
11/21/2021 11:17:10 - INFO - __main__ -     loss = 0.6918720642725626
11/21/2021 11:17:10 - INFO - __main__ -     precision = 0.7721573250455471
11/21/2021 11:17:10 - INFO - __main__ -     recall = 0.7655934544681755
