PyTorch version 1.10.1+cu102 available.
01/13/2022 20:53:59 - INFO - root -   Input args: ModelArguments(model_name_or_path='bert-base-multilingual-cased', model_type='bert', config_name=None, tokenizer_name=None, cache_dir=None, labels='/home/abhijeet/rohan/cloud-emea-copy/data//udpos/udpos_processed_maxlen128//labels.txt', data_dir='/home/abhijeet/rohan/cloud-emea-copy/data//udpos/udpos_processed_maxlen128/', output_dir='/home/abhijeet/rohan/cloud-emea-copy/outputs//udpos/my-bert-base-multilingual-cased-MaxLen128_udpos_xmf/', max_seq_length=128, do_train=False, do_eval=False, do_predict=True, do_adapter_predict=False, do_predict_dev=False, do_predict_train=False, init_checkpoint=None, evaluate_during_training=False, do_lower_case=False, few_shot=-1, per_gpu_train_batch_size=8, per_gpu_eval_batch_size=32, gradient_accumulation_steps=4, learning_rate=5e-05, weight_decay=0.0, adam_epsilon=1e-08, max_grad_norm=1.0, num_train_epochs=50.0, max_steps=-1, save_steps=1000, warmup_steps=0, logging_steps=50, save_only_best_checkpoint=True, eval_all_checkpoints=True, no_cuda=False, overwrite_output_dir=True, overwrite_cache=False, seed=1, fp16=False, fp16_opt_level='O1', local_rank=-1, server_ip='', server_port='', predict_langs='am', train_langs='en', log_file='/home/abhijeet/rohan/cloud-emea-copy/outputs//udpos/my-bert-base-multilingual-cased-MaxLen128_udpos_xmf//train_am.log', eval_patience=-1, bpe_dropout=0, do_save_adapter_fusions=False, task_name='udpos', predict_task_adapter='output/udpos/my-bert-base-multilingual-cased-LR1e-4-epoch50-MaxLen128-TrainLangen_en_s1/checkpoint-best/udpos/', predict_lang_adapter=None, test_adapter=True, adapter_weight=None, lang_to_vec=None, calc_weight_step=0, predict_save_prefix='', en_weight=None, temperature=1.0, get_attr=False, topk=1, task='udpos')
01/13/2022 20:53:59 - WARNING - __main__ -   Process rank: -1, device: cuda, n_gpu: 1, distributed training: False, 16-bits training: False
01/13/2022 20:53:59 - INFO - __main__ -   Seed = 1
01/13/2022 20:53:59 - INFO - root -   save model
01/13/2022 20:53:59 - INFO - __main__ -   Training/evaluation parameters ModelArguments(model_name_or_path='bert-base-multilingual-cased', model_type='bert', config_name=None, tokenizer_name=None, cache_dir=None, labels='/home/abhijeet/rohan/cloud-emea-copy/data//udpos/udpos_processed_maxlen128//labels.txt', data_dir='/home/abhijeet/rohan/cloud-emea-copy/data//udpos/udpos_processed_maxlen128/', output_dir='/home/abhijeet/rohan/cloud-emea-copy/outputs//udpos/my-bert-base-multilingual-cased-MaxLen128_udpos_xmf/', max_seq_length=128, do_train=False, do_eval=False, do_predict=True, do_adapter_predict=False, do_predict_dev=False, do_predict_train=False, init_checkpoint=None, evaluate_during_training=False, do_lower_case=False, few_shot=-1, per_gpu_train_batch_size=8, per_gpu_eval_batch_size=32, gradient_accumulation_steps=4, learning_rate=5e-05, weight_decay=0.0, adam_epsilon=1e-08, max_grad_norm=1.0, num_train_epochs=50.0, max_steps=-1, save_steps=1000, warmup_steps=0, logging_steps=50, save_only_best_checkpoint=True, eval_all_checkpoints=True, no_cuda=False, overwrite_output_dir=True, overwrite_cache=False, seed=1, fp16=False, fp16_opt_level='O1', local_rank=-1, server_ip='', server_port='', predict_langs='am', train_langs='en', log_file='/home/abhijeet/rohan/cloud-emea-copy/outputs//udpos/my-bert-base-multilingual-cased-MaxLen128_udpos_xmf//train_am.log', eval_patience=-1, bpe_dropout=0, do_save_adapter_fusions=False, task_name='udpos', predict_task_adapter='output/udpos/my-bert-base-multilingual-cased-LR1e-4-epoch50-MaxLen128-TrainLangen_en_s1/checkpoint-best/udpos/', predict_lang_adapter=None, test_adapter=True, adapter_weight=None, lang_to_vec=None, calc_weight_step=0, predict_save_prefix='', en_weight=None, temperature=1.0, get_attr=False, topk=1, task='udpos')
01/13/2022 20:53:59 - INFO - __main__ -   Loading pretrained model and tokenizer
loading configuration file https://huggingface.co/bert-base-multilingual-cased/resolve/main/config.json from cache at /home/abhijeet/.cache/torch/transformers/6c4a5d81a58c9791cdf76a09bce1b5abfb9cf958aebada51200f4515403e5d08.0fe59f3f4f1335dadeb4bce8b8146199d9083512b50d07323c1c319f96df450c
Model config BertConfig {
  "adapters": {
    "adapters": {},
    "config_map": {}
  },
  "architectures": [
    "BertForMaskedLM"
  ],
  "attention_probs_dropout_prob": 0.1,
  "directionality": "bidi",
  "gradient_checkpointing": false,
  "hidden_act": "gelu",
  "hidden_dropout_prob": 0.1,
  "hidden_size": 768,
  "id2label": {
    "0": "LABEL_0",
    "1": "LABEL_1",
    "2": "LABEL_2",
    "3": "LABEL_3",
    "4": "LABEL_4",
    "5": "LABEL_5",
    "6": "LABEL_6",
    "7": "LABEL_7",
    "8": "LABEL_8",
    "9": "LABEL_9",
    "10": "LABEL_10",
    "11": "LABEL_11",
    "12": "LABEL_12",
    "13": "LABEL_13",
    "14": "LABEL_14",
    "15": "LABEL_15",
    "16": "LABEL_16",
    "17": "LABEL_17"
  },
  "initializer_range": 0.02,
  "intermediate_size": 3072,
  "label2id": {
    "LABEL_0": 0,
    "LABEL_1": 1,
    "LABEL_10": 10,
    "LABEL_11": 11,
    "LABEL_12": 12,
    "LABEL_13": 13,
    "LABEL_14": 14,
    "LABEL_15": 15,
    "LABEL_16": 16,
    "LABEL_17": 17,
    "LABEL_2": 2,
    "LABEL_3": 3,
    "LABEL_4": 4,
    "LABEL_5": 5,
    "LABEL_6": 6,
    "LABEL_7": 7,
    "LABEL_8": 8,
    "LABEL_9": 9
  },
  "layer_norm_eps": 1e-12,
  "max_position_embeddings": 512,
  "model_type": "bert",
  "num_attention_heads": 12,
  "num_hidden_layers": 12,
  "pad_token_id": 0,
  "pooler_fc_size": 768,
  "pooler_num_attention_heads": 12,
  "pooler_num_fc_layers": 3,
  "pooler_size_per_head": 128,
  "pooler_type": "first_token_transform",
  "type_vocab_size": 2,
  "vocab_size": 119547
}

loading configuration file https://huggingface.co/bert-base-multilingual-cased/resolve/main/config.json from cache at /home/abhijeet/.cache/torch/transformers/6c4a5d81a58c9791cdf76a09bce1b5abfb9cf958aebada51200f4515403e5d08.0fe59f3f4f1335dadeb4bce8b8146199d9083512b50d07323c1c319f96df450c
Model config BertConfig {
  "adapters": {
    "adapters": {},
    "config_map": {}
  },
  "architectures": [
    "BertForMaskedLM"
  ],
  "attention_probs_dropout_prob": 0.1,
  "directionality": "bidi",
  "gradient_checkpointing": false,
  "hidden_act": "gelu",
  "hidden_dropout_prob": 0.1,
  "hidden_size": 768,
  "initializer_range": 0.02,
  "intermediate_size": 3072,
  "layer_norm_eps": 1e-12,
  "max_position_embeddings": 512,
  "model_type": "bert",
  "num_attention_heads": 12,
  "num_hidden_layers": 12,
  "pad_token_id": 0,
  "pooler_fc_size": 768,
  "pooler_num_attention_heads": 12,
  "pooler_num_fc_layers": 3,
  "pooler_size_per_head": 128,
  "pooler_type": "first_token_transform",
  "type_vocab_size": 2,
  "vocab_size": 119547
}

loading file https://huggingface.co/bert-base-multilingual-cased/resolve/main/vocab.txt from cache at /home/abhijeet/.cache/torch/transformers/eff018e45de5364a8368df1f2df3461d506e2a111e9dd50af1fae061cd460ead.6c5b6600e968f4b5e08c86d8891ea99e51537fc2bf251435fb46922e8f7a7b29
01/13/2022 20:54:02 - INFO - __main__ -   loading from existing model bert-base-multilingual-cased
loading weights file https://huggingface.co/bert-base-multilingual-cased/resolve/main/pytorch_model.bin from cache at /home/abhijeet/.cache/torch/transformers/0a3fd51713dcbb4def175c7f85bddc995d5976ce1dde327f99104e4d33069f17.aa7be4c79d76f4066d9b354496ea477c9ee39c5d889156dd1efb680643c2b052
Some weights of the model checkpoint at bert-base-multilingual-cased were not used when initializing BertForTokenClassification: ['cls.predictions.bias', 'cls.predictions.transform.dense.weight', 'cls.predictions.transform.dense.bias', 'cls.predictions.decoder.weight', 'cls.seq_relationship.weight', 'cls.seq_relationship.bias', 'cls.predictions.transform.LayerNorm.weight', 'cls.predictions.transform.LayerNorm.bias']
- This IS expected if you are initializing BertForTokenClassification from the checkpoint of a model trained on another task or with another architecture (e.g. initializing a BertForSequenceClassification model from a BertForPreTraining model).
- This IS NOT expected if you are initializing BertForTokenClassification from the checkpoint of a model that you expect to be exactly identical (initializing a BertForSequenceClassification model from a BertForSequenceClassification model).
Some weights of BertForTokenClassification were not initialized from the model checkpoint at bert-base-multilingual-cased and are newly initialized: ['classifier.weight', 'classifier.bias']
You should probably TRAIN this model on a down-stream task to be able to use it for predictions and inference.
01/13/2022 20:54:07 - INFO - __main__ -   Using lang2id = None
01/13/2022 20:54:07 - INFO - __main__ -   Evaluating the model on test set of all the languages specified
01/13/2022 20:54:07 - INFO - __main__ -   Task Adapter will be loaded from this path output/udpos/my-bert-base-multilingual-cased-LR1e-4-epoch50-MaxLen128-TrainLangen_en_s1/checkpoint-best/udpos/
01/13/2022 20:54:07 - INFO - root -   Trying to decide if add adapter
01/13/2022 20:54:07 - INFO - root -   loading task adapter
Loading module configuration from output/udpos/my-bert-base-multilingual-cased-LR1e-4-epoch50-MaxLen128-TrainLangen_en_s1/checkpoint-best/udpos/adapter_config.json
Adding adapter 'udpos' of type 'text_task'.
Loading module weights from output/udpos/my-bert-base-multilingual-cased-LR1e-4-epoch50-MaxLen128-TrainLangen_en_s1/checkpoint-best/udpos/pytorch_adapter.bin
Loading module configuration from output/udpos/my-bert-base-multilingual-cased-LR1e-4-epoch50-MaxLen128-TrainLangen_en_s1/checkpoint-best/udpos/head_config.json
Loading module weights from output/udpos/my-bert-base-multilingual-cased-LR1e-4-epoch50-MaxLen128-TrainLangen_en_s1/checkpoint-best/udpos/pytorch_model_head.bin
01/13/2022 20:54:07 - INFO - root -   loading lang adpater xmf/wiki@ukp
01/13/2022 20:54:07 - INFO - __main__ -   Adapter Languages : ['xmf'], Length : 1
01/13/2022 20:54:07 - INFO - __main__ -   Adapter Names ['xmf/wiki@ukp'], Length : 1
01/13/2022 20:54:07 - INFO - __main__ -   Language = xmf
01/13/2022 20:54:07 - INFO - __main__ -   Adapter Name = xmf/wiki@ukp
No exactly matching adapter config found for this specifier, falling back to default.
Resolved adapter files at https://public.ukp.informatik.tu-darmstadt.de/AdapterHub/text_lang/xmf/bert-base-multilingual-cased/pfeiffer/xmf_pfeiffer_gelu_nd.zip.
Loading module configuration from /home/abhijeet/.cache/torch/adapters/de4cf7ebb957cc647355066066df3562022bd36d5e1fb267b268c73c885ba1b8-059cec88a14bf5e4aa255942ab8a6b7e4e2aefebfbf02361c648b5817e3184df-extracted/adapter_config.json
Adding adapter 'xmf' of type 'text_lang'.
Loading module weights from /home/abhijeet/.cache/torch/adapters/de4cf7ebb957cc647355066066df3562022bd36d5e1fb267b268c73c885ba1b8-059cec88a14bf5e4aa255942ab8a6b7e4e2aefebfbf02361c648b5817e3184df-extracted/pytorch_adapter.bin
No matching prediction head found in '/home/abhijeet/.cache/torch/adapters/de4cf7ebb957cc647355066066df3562022bd36d5e1fb267b268c73c885ba1b8-059cec88a14bf5e4aa255942ab8a6b7e4e2aefebfbf02361c648b5817e3184df-extracted'
01/13/2022 20:54:12 - INFO - __main__ -   Language am, split test does not exist
**********
16.55user 10.76system 0:15.20elapsed 179%CPU (0avgtext+0avgdata 3966556maxresident)k
0inputs+56outputs (0major+1249031minor)pagefaults 0swaps
PyTorch version 1.10.1+cu102 available.
01/13/2022 20:54:14 - INFO - root -   Input args: ModelArguments(model_name_or_path='bert-base-multilingual-cased', model_type='bert', config_name=None, tokenizer_name=None, cache_dir=None, labels='/home/abhijeet/rohan/cloud-emea-copy/data//udpos/udpos_processed_maxlen128//labels.txt', data_dir='/home/abhijeet/rohan/cloud-emea-copy/data//udpos/udpos_processed_maxlen128/', output_dir='/home/abhijeet/rohan/cloud-emea-copy/outputs//udpos/my-bert-base-multilingual-cased-MaxLen128_udpos_xmf/', max_seq_length=128, do_train=False, do_eval=False, do_predict=True, do_adapter_predict=False, do_predict_dev=False, do_predict_train=False, init_checkpoint=None, evaluate_during_training=False, do_lower_case=False, few_shot=-1, per_gpu_train_batch_size=8, per_gpu_eval_batch_size=32, gradient_accumulation_steps=4, learning_rate=5e-05, weight_decay=0.0, adam_epsilon=1e-08, max_grad_norm=1.0, num_train_epochs=50.0, max_steps=-1, save_steps=1000, warmup_steps=0, logging_steps=50, save_only_best_checkpoint=True, eval_all_checkpoints=True, no_cuda=False, overwrite_output_dir=True, overwrite_cache=False, seed=2, fp16=False, fp16_opt_level='O1', local_rank=-1, server_ip='', server_port='', predict_langs='am', train_langs='en', log_file='/home/abhijeet/rohan/cloud-emea-copy/outputs//udpos/my-bert-base-multilingual-cased-MaxLen128_udpos_xmf//train_am.log', eval_patience=-1, bpe_dropout=0, do_save_adapter_fusions=False, task_name='udpos', predict_task_adapter='output/udpos/my-bert-base-multilingual-cased-LR1e-4-epoch50-MaxLen128-TrainLangen_en_s2/checkpoint-best/udpos/', predict_lang_adapter=None, test_adapter=True, adapter_weight=None, lang_to_vec=None, calc_weight_step=0, predict_save_prefix='', en_weight=None, temperature=1.0, get_attr=False, topk=1, task='udpos')
01/13/2022 20:54:15 - WARNING - __main__ -   Process rank: -1, device: cuda, n_gpu: 1, distributed training: False, 16-bits training: False
01/13/2022 20:54:15 - INFO - __main__ -   Seed = 2
01/13/2022 20:54:15 - INFO - root -   save model
01/13/2022 20:54:15 - INFO - __main__ -   Training/evaluation parameters ModelArguments(model_name_or_path='bert-base-multilingual-cased', model_type='bert', config_name=None, tokenizer_name=None, cache_dir=None, labels='/home/abhijeet/rohan/cloud-emea-copy/data//udpos/udpos_processed_maxlen128//labels.txt', data_dir='/home/abhijeet/rohan/cloud-emea-copy/data//udpos/udpos_processed_maxlen128/', output_dir='/home/abhijeet/rohan/cloud-emea-copy/outputs//udpos/my-bert-base-multilingual-cased-MaxLen128_udpos_xmf/', max_seq_length=128, do_train=False, do_eval=False, do_predict=True, do_adapter_predict=False, do_predict_dev=False, do_predict_train=False, init_checkpoint=None, evaluate_during_training=False, do_lower_case=False, few_shot=-1, per_gpu_train_batch_size=8, per_gpu_eval_batch_size=32, gradient_accumulation_steps=4, learning_rate=5e-05, weight_decay=0.0, adam_epsilon=1e-08, max_grad_norm=1.0, num_train_epochs=50.0, max_steps=-1, save_steps=1000, warmup_steps=0, logging_steps=50, save_only_best_checkpoint=True, eval_all_checkpoints=True, no_cuda=False, overwrite_output_dir=True, overwrite_cache=False, seed=2, fp16=False, fp16_opt_level='O1', local_rank=-1, server_ip='', server_port='', predict_langs='am', train_langs='en', log_file='/home/abhijeet/rohan/cloud-emea-copy/outputs//udpos/my-bert-base-multilingual-cased-MaxLen128_udpos_xmf//train_am.log', eval_patience=-1, bpe_dropout=0, do_save_adapter_fusions=False, task_name='udpos', predict_task_adapter='output/udpos/my-bert-base-multilingual-cased-LR1e-4-epoch50-MaxLen128-TrainLangen_en_s2/checkpoint-best/udpos/', predict_lang_adapter=None, test_adapter=True, adapter_weight=None, lang_to_vec=None, calc_weight_step=0, predict_save_prefix='', en_weight=None, temperature=1.0, get_attr=False, topk=1, task='udpos')
01/13/2022 20:54:15 - INFO - __main__ -   Loading pretrained model and tokenizer
loading configuration file https://huggingface.co/bert-base-multilingual-cased/resolve/main/config.json from cache at /home/abhijeet/.cache/torch/transformers/6c4a5d81a58c9791cdf76a09bce1b5abfb9cf958aebada51200f4515403e5d08.0fe59f3f4f1335dadeb4bce8b8146199d9083512b50d07323c1c319f96df450c
Model config BertConfig {
  "adapters": {
    "adapters": {},
    "config_map": {}
  },
  "architectures": [
    "BertForMaskedLM"
  ],
  "attention_probs_dropout_prob": 0.1,
  "directionality": "bidi",
  "gradient_checkpointing": false,
  "hidden_act": "gelu",
  "hidden_dropout_prob": 0.1,
  "hidden_size": 768,
  "id2label": {
    "0": "LABEL_0",
    "1": "LABEL_1",
    "2": "LABEL_2",
    "3": "LABEL_3",
    "4": "LABEL_4",
    "5": "LABEL_5",
    "6": "LABEL_6",
    "7": "LABEL_7",
    "8": "LABEL_8",
    "9": "LABEL_9",
    "10": "LABEL_10",
    "11": "LABEL_11",
    "12": "LABEL_12",
    "13": "LABEL_13",
    "14": "LABEL_14",
    "15": "LABEL_15",
    "16": "LABEL_16",
    "17": "LABEL_17"
  },
  "initializer_range": 0.02,
  "intermediate_size": 3072,
  "label2id": {
    "LABEL_0": 0,
    "LABEL_1": 1,
    "LABEL_10": 10,
    "LABEL_11": 11,
    "LABEL_12": 12,
    "LABEL_13": 13,
    "LABEL_14": 14,
    "LABEL_15": 15,
    "LABEL_16": 16,
    "LABEL_17": 17,
    "LABEL_2": 2,
    "LABEL_3": 3,
    "LABEL_4": 4,
    "LABEL_5": 5,
    "LABEL_6": 6,
    "LABEL_7": 7,
    "LABEL_8": 8,
    "LABEL_9": 9
  },
  "layer_norm_eps": 1e-12,
  "max_position_embeddings": 512,
  "model_type": "bert",
  "num_attention_heads": 12,
  "num_hidden_layers": 12,
  "pad_token_id": 0,
  "pooler_fc_size": 768,
  "pooler_num_attention_heads": 12,
  "pooler_num_fc_layers": 3,
  "pooler_size_per_head": 128,
  "pooler_type": "first_token_transform",
  "type_vocab_size": 2,
  "vocab_size": 119547
}

loading configuration file https://huggingface.co/bert-base-multilingual-cased/resolve/main/config.json from cache at /home/abhijeet/.cache/torch/transformers/6c4a5d81a58c9791cdf76a09bce1b5abfb9cf958aebada51200f4515403e5d08.0fe59f3f4f1335dadeb4bce8b8146199d9083512b50d07323c1c319f96df450c
Model config BertConfig {
  "adapters": {
    "adapters": {},
    "config_map": {}
  },
  "architectures": [
    "BertForMaskedLM"
  ],
  "attention_probs_dropout_prob": 0.1,
  "directionality": "bidi",
  "gradient_checkpointing": false,
  "hidden_act": "gelu",
  "hidden_dropout_prob": 0.1,
  "hidden_size": 768,
  "initializer_range": 0.02,
  "intermediate_size": 3072,
  "layer_norm_eps": 1e-12,
  "max_position_embeddings": 512,
  "model_type": "bert",
  "num_attention_heads": 12,
  "num_hidden_layers": 12,
  "pad_token_id": 0,
  "pooler_fc_size": 768,
  "pooler_num_attention_heads": 12,
  "pooler_num_fc_layers": 3,
  "pooler_size_per_head": 128,
  "pooler_type": "first_token_transform",
  "type_vocab_size": 2,
  "vocab_size": 119547
}

loading file https://huggingface.co/bert-base-multilingual-cased/resolve/main/vocab.txt from cache at /home/abhijeet/.cache/torch/transformers/eff018e45de5364a8368df1f2df3461d506e2a111e9dd50af1fae061cd460ead.6c5b6600e968f4b5e08c86d8891ea99e51537fc2bf251435fb46922e8f7a7b29
01/13/2022 20:54:17 - INFO - __main__ -   loading from existing model bert-base-multilingual-cased
loading weights file https://huggingface.co/bert-base-multilingual-cased/resolve/main/pytorch_model.bin from cache at /home/abhijeet/.cache/torch/transformers/0a3fd51713dcbb4def175c7f85bddc995d5976ce1dde327f99104e4d33069f17.aa7be4c79d76f4066d9b354496ea477c9ee39c5d889156dd1efb680643c2b052
Some weights of the model checkpoint at bert-base-multilingual-cased were not used when initializing BertForTokenClassification: ['cls.predictions.bias', 'cls.predictions.transform.dense.weight', 'cls.predictions.transform.dense.bias', 'cls.predictions.decoder.weight', 'cls.seq_relationship.weight', 'cls.seq_relationship.bias', 'cls.predictions.transform.LayerNorm.weight', 'cls.predictions.transform.LayerNorm.bias']
- This IS expected if you are initializing BertForTokenClassification from the checkpoint of a model trained on another task or with another architecture (e.g. initializing a BertForSequenceClassification model from a BertForPreTraining model).
- This IS NOT expected if you are initializing BertForTokenClassification from the checkpoint of a model that you expect to be exactly identical (initializing a BertForSequenceClassification model from a BertForSequenceClassification model).
Some weights of BertForTokenClassification were not initialized from the model checkpoint at bert-base-multilingual-cased and are newly initialized: ['classifier.weight', 'classifier.bias']
You should probably TRAIN this model on a down-stream task to be able to use it for predictions and inference.
01/13/2022 20:54:23 - INFO - __main__ -   Using lang2id = None
01/13/2022 20:54:23 - INFO - __main__ -   Evaluating the model on test set of all the languages specified
01/13/2022 20:54:23 - INFO - __main__ -   Task Adapter will be loaded from this path output/udpos/my-bert-base-multilingual-cased-LR1e-4-epoch50-MaxLen128-TrainLangen_en_s2/checkpoint-best/udpos/
01/13/2022 20:54:23 - INFO - root -   Trying to decide if add adapter
01/13/2022 20:54:23 - INFO - root -   loading task adapter
Loading module configuration from output/udpos/my-bert-base-multilingual-cased-LR1e-4-epoch50-MaxLen128-TrainLangen_en_s2/checkpoint-best/udpos/adapter_config.json
Adding adapter 'udpos' of type 'text_task'.
Loading module weights from output/udpos/my-bert-base-multilingual-cased-LR1e-4-epoch50-MaxLen128-TrainLangen_en_s2/checkpoint-best/udpos/pytorch_adapter.bin
Loading module configuration from output/udpos/my-bert-base-multilingual-cased-LR1e-4-epoch50-MaxLen128-TrainLangen_en_s2/checkpoint-best/udpos/head_config.json
Loading module weights from output/udpos/my-bert-base-multilingual-cased-LR1e-4-epoch50-MaxLen128-TrainLangen_en_s2/checkpoint-best/udpos/pytorch_model_head.bin
01/13/2022 20:54:23 - INFO - root -   loading lang adpater xmf/wiki@ukp
01/13/2022 20:54:23 - INFO - __main__ -   Adapter Languages : ['xmf'], Length : 1
01/13/2022 20:54:23 - INFO - __main__ -   Adapter Names ['xmf/wiki@ukp'], Length : 1
01/13/2022 20:54:23 - INFO - __main__ -   Language = xmf
01/13/2022 20:54:23 - INFO - __main__ -   Adapter Name = xmf/wiki@ukp
No exactly matching adapter config found for this specifier, falling back to default.
Resolved adapter files at https://public.ukp.informatik.tu-darmstadt.de/AdapterHub/text_lang/xmf/bert-base-multilingual-cased/pfeiffer/xmf_pfeiffer_gelu_nd.zip.
Loading module configuration from /home/abhijeet/.cache/torch/adapters/de4cf7ebb957cc647355066066df3562022bd36d5e1fb267b268c73c885ba1b8-059cec88a14bf5e4aa255942ab8a6b7e4e2aefebfbf02361c648b5817e3184df-extracted/adapter_config.json
Adding adapter 'xmf' of type 'text_lang'.
Loading module weights from /home/abhijeet/.cache/torch/adapters/de4cf7ebb957cc647355066066df3562022bd36d5e1fb267b268c73c885ba1b8-059cec88a14bf5e4aa255942ab8a6b7e4e2aefebfbf02361c648b5817e3184df-extracted/pytorch_adapter.bin
No matching prediction head found in '/home/abhijeet/.cache/torch/adapters/de4cf7ebb957cc647355066066df3562022bd36d5e1fb267b268c73c885ba1b8-059cec88a14bf5e4aa255942ab8a6b7e4e2aefebfbf02361c648b5817e3184df-extracted'
01/13/2022 20:54:27 - INFO - __main__ -   Language am, split test does not exist
**********
16.45user 10.00system 0:14.77elapsed 179%CPU (0avgtext+0avgdata 3965224maxresident)k
0inputs+48outputs (0major+1047733minor)pagefaults 0swaps
PyTorch version 1.10.1+cu102 available.
01/13/2022 20:54:29 - INFO - root -   Input args: ModelArguments(model_name_or_path='bert-base-multilingual-cased', model_type='bert', config_name=None, tokenizer_name=None, cache_dir=None, labels='/home/abhijeet/rohan/cloud-emea-copy/data//udpos/udpos_processed_maxlen128//labels.txt', data_dir='/home/abhijeet/rohan/cloud-emea-copy/data//udpos/udpos_processed_maxlen128/', output_dir='/home/abhijeet/rohan/cloud-emea-copy/outputs//udpos/my-bert-base-multilingual-cased-MaxLen128_udpos_xmf/', max_seq_length=128, do_train=False, do_eval=False, do_predict=True, do_adapter_predict=False, do_predict_dev=False, do_predict_train=False, init_checkpoint=None, evaluate_during_training=False, do_lower_case=False, few_shot=-1, per_gpu_train_batch_size=8, per_gpu_eval_batch_size=32, gradient_accumulation_steps=4, learning_rate=5e-05, weight_decay=0.0, adam_epsilon=1e-08, max_grad_norm=1.0, num_train_epochs=50.0, max_steps=-1, save_steps=1000, warmup_steps=0, logging_steps=50, save_only_best_checkpoint=True, eval_all_checkpoints=True, no_cuda=False, overwrite_output_dir=True, overwrite_cache=False, seed=3, fp16=False, fp16_opt_level='O1', local_rank=-1, server_ip='', server_port='', predict_langs='am', train_langs='en', log_file='/home/abhijeet/rohan/cloud-emea-copy/outputs//udpos/my-bert-base-multilingual-cased-MaxLen128_udpos_xmf//train_am.log', eval_patience=-1, bpe_dropout=0, do_save_adapter_fusions=False, task_name='udpos', predict_task_adapter='output/udpos/my-bert-base-multilingual-cased-LR1e-4-epoch50-MaxLen128-TrainLangen_en_s3/checkpoint-best/udpos/', predict_lang_adapter=None, test_adapter=True, adapter_weight=None, lang_to_vec=None, calc_weight_step=0, predict_save_prefix='', en_weight=None, temperature=1.0, get_attr=False, topk=1, task='udpos')
01/13/2022 20:54:29 - WARNING - __main__ -   Process rank: -1, device: cuda, n_gpu: 1, distributed training: False, 16-bits training: False
01/13/2022 20:54:29 - INFO - __main__ -   Seed = 3
01/13/2022 20:54:29 - INFO - root -   save model
01/13/2022 20:54:29 - INFO - __main__ -   Training/evaluation parameters ModelArguments(model_name_or_path='bert-base-multilingual-cased', model_type='bert', config_name=None, tokenizer_name=None, cache_dir=None, labels='/home/abhijeet/rohan/cloud-emea-copy/data//udpos/udpos_processed_maxlen128//labels.txt', data_dir='/home/abhijeet/rohan/cloud-emea-copy/data//udpos/udpos_processed_maxlen128/', output_dir='/home/abhijeet/rohan/cloud-emea-copy/outputs//udpos/my-bert-base-multilingual-cased-MaxLen128_udpos_xmf/', max_seq_length=128, do_train=False, do_eval=False, do_predict=True, do_adapter_predict=False, do_predict_dev=False, do_predict_train=False, init_checkpoint=None, evaluate_during_training=False, do_lower_case=False, few_shot=-1, per_gpu_train_batch_size=8, per_gpu_eval_batch_size=32, gradient_accumulation_steps=4, learning_rate=5e-05, weight_decay=0.0, adam_epsilon=1e-08, max_grad_norm=1.0, num_train_epochs=50.0, max_steps=-1, save_steps=1000, warmup_steps=0, logging_steps=50, save_only_best_checkpoint=True, eval_all_checkpoints=True, no_cuda=False, overwrite_output_dir=True, overwrite_cache=False, seed=3, fp16=False, fp16_opt_level='O1', local_rank=-1, server_ip='', server_port='', predict_langs='am', train_langs='en', log_file='/home/abhijeet/rohan/cloud-emea-copy/outputs//udpos/my-bert-base-multilingual-cased-MaxLen128_udpos_xmf//train_am.log', eval_patience=-1, bpe_dropout=0, do_save_adapter_fusions=False, task_name='udpos', predict_task_adapter='output/udpos/my-bert-base-multilingual-cased-LR1e-4-epoch50-MaxLen128-TrainLangen_en_s3/checkpoint-best/udpos/', predict_lang_adapter=None, test_adapter=True, adapter_weight=None, lang_to_vec=None, calc_weight_step=0, predict_save_prefix='', en_weight=None, temperature=1.0, get_attr=False, topk=1, task='udpos')
01/13/2022 20:54:29 - INFO - __main__ -   Loading pretrained model and tokenizer
loading configuration file https://huggingface.co/bert-base-multilingual-cased/resolve/main/config.json from cache at /home/abhijeet/.cache/torch/transformers/6c4a5d81a58c9791cdf76a09bce1b5abfb9cf958aebada51200f4515403e5d08.0fe59f3f4f1335dadeb4bce8b8146199d9083512b50d07323c1c319f96df450c
Model config BertConfig {
  "adapters": {
    "adapters": {},
    "config_map": {}
  },
  "architectures": [
    "BertForMaskedLM"
  ],
  "attention_probs_dropout_prob": 0.1,
  "directionality": "bidi",
  "gradient_checkpointing": false,
  "hidden_act": "gelu",
  "hidden_dropout_prob": 0.1,
  "hidden_size": 768,
  "id2label": {
    "0": "LABEL_0",
    "1": "LABEL_1",
    "2": "LABEL_2",
    "3": "LABEL_3",
    "4": "LABEL_4",
    "5": "LABEL_5",
    "6": "LABEL_6",
    "7": "LABEL_7",
    "8": "LABEL_8",
    "9": "LABEL_9",
    "10": "LABEL_10",
    "11": "LABEL_11",
    "12": "LABEL_12",
    "13": "LABEL_13",
    "14": "LABEL_14",
    "15": "LABEL_15",
    "16": "LABEL_16",
    "17": "LABEL_17"
  },
  "initializer_range": 0.02,
  "intermediate_size": 3072,
  "label2id": {
    "LABEL_0": 0,
    "LABEL_1": 1,
    "LABEL_10": 10,
    "LABEL_11": 11,
    "LABEL_12": 12,
    "LABEL_13": 13,
    "LABEL_14": 14,
    "LABEL_15": 15,
    "LABEL_16": 16,
    "LABEL_17": 17,
    "LABEL_2": 2,
    "LABEL_3": 3,
    "LABEL_4": 4,
    "LABEL_5": 5,
    "LABEL_6": 6,
    "LABEL_7": 7,
    "LABEL_8": 8,
    "LABEL_9": 9
  },
  "layer_norm_eps": 1e-12,
  "max_position_embeddings": 512,
  "model_type": "bert",
  "num_attention_heads": 12,
  "num_hidden_layers": 12,
  "pad_token_id": 0,
  "pooler_fc_size": 768,
  "pooler_num_attention_heads": 12,
  "pooler_num_fc_layers": 3,
  "pooler_size_per_head": 128,
  "pooler_type": "first_token_transform",
  "type_vocab_size": 2,
  "vocab_size": 119547
}

loading configuration file https://huggingface.co/bert-base-multilingual-cased/resolve/main/config.json from cache at /home/abhijeet/.cache/torch/transformers/6c4a5d81a58c9791cdf76a09bce1b5abfb9cf958aebada51200f4515403e5d08.0fe59f3f4f1335dadeb4bce8b8146199d9083512b50d07323c1c319f96df450c
Model config BertConfig {
  "adapters": {
    "adapters": {},
    "config_map": {}
  },
  "architectures": [
    "BertForMaskedLM"
  ],
  "attention_probs_dropout_prob": 0.1,
  "directionality": "bidi",
  "gradient_checkpointing": false,
  "hidden_act": "gelu",
  "hidden_dropout_prob": 0.1,
  "hidden_size": 768,
  "initializer_range": 0.02,
  "intermediate_size": 3072,
  "layer_norm_eps": 1e-12,
  "max_position_embeddings": 512,
  "model_type": "bert",
  "num_attention_heads": 12,
  "num_hidden_layers": 12,
  "pad_token_id": 0,
  "pooler_fc_size": 768,
  "pooler_num_attention_heads": 12,
  "pooler_num_fc_layers": 3,
  "pooler_size_per_head": 128,
  "pooler_type": "first_token_transform",
  "type_vocab_size": 2,
  "vocab_size": 119547
}

loading file https://huggingface.co/bert-base-multilingual-cased/resolve/main/vocab.txt from cache at /home/abhijeet/.cache/torch/transformers/eff018e45de5364a8368df1f2df3461d506e2a111e9dd50af1fae061cd460ead.6c5b6600e968f4b5e08c86d8891ea99e51537fc2bf251435fb46922e8f7a7b29
01/13/2022 20:54:32 - INFO - __main__ -   loading from existing model bert-base-multilingual-cased
loading weights file https://huggingface.co/bert-base-multilingual-cased/resolve/main/pytorch_model.bin from cache at /home/abhijeet/.cache/torch/transformers/0a3fd51713dcbb4def175c7f85bddc995d5976ce1dde327f99104e4d33069f17.aa7be4c79d76f4066d9b354496ea477c9ee39c5d889156dd1efb680643c2b052
Some weights of the model checkpoint at bert-base-multilingual-cased were not used when initializing BertForTokenClassification: ['cls.predictions.bias', 'cls.predictions.transform.dense.weight', 'cls.predictions.transform.dense.bias', 'cls.predictions.decoder.weight', 'cls.seq_relationship.weight', 'cls.seq_relationship.bias', 'cls.predictions.transform.LayerNorm.weight', 'cls.predictions.transform.LayerNorm.bias']
- This IS expected if you are initializing BertForTokenClassification from the checkpoint of a model trained on another task or with another architecture (e.g. initializing a BertForSequenceClassification model from a BertForPreTraining model).
- This IS NOT expected if you are initializing BertForTokenClassification from the checkpoint of a model that you expect to be exactly identical (initializing a BertForSequenceClassification model from a BertForSequenceClassification model).
Some weights of BertForTokenClassification were not initialized from the model checkpoint at bert-base-multilingual-cased and are newly initialized: ['classifier.weight', 'classifier.bias']
You should probably TRAIN this model on a down-stream task to be able to use it for predictions and inference.
01/13/2022 20:54:38 - INFO - __main__ -   Using lang2id = None
01/13/2022 20:54:38 - INFO - __main__ -   Evaluating the model on test set of all the languages specified
01/13/2022 20:54:38 - INFO - __main__ -   Task Adapter will be loaded from this path output/udpos/my-bert-base-multilingual-cased-LR1e-4-epoch50-MaxLen128-TrainLangen_en_s3/checkpoint-best/udpos/
01/13/2022 20:54:38 - INFO - root -   Trying to decide if add adapter
01/13/2022 20:54:38 - INFO - root -   loading task adapter
Loading module configuration from output/udpos/my-bert-base-multilingual-cased-LR1e-4-epoch50-MaxLen128-TrainLangen_en_s3/checkpoint-best/udpos/adapter_config.json
Adding adapter 'udpos' of type 'text_task'.
Loading module weights from output/udpos/my-bert-base-multilingual-cased-LR1e-4-epoch50-MaxLen128-TrainLangen_en_s3/checkpoint-best/udpos/pytorch_adapter.bin
Loading module configuration from output/udpos/my-bert-base-multilingual-cased-LR1e-4-epoch50-MaxLen128-TrainLangen_en_s3/checkpoint-best/udpos/head_config.json
Loading module weights from output/udpos/my-bert-base-multilingual-cased-LR1e-4-epoch50-MaxLen128-TrainLangen_en_s3/checkpoint-best/udpos/pytorch_model_head.bin
01/13/2022 20:54:38 - INFO - root -   loading lang adpater xmf/wiki@ukp
01/13/2022 20:54:38 - INFO - __main__ -   Adapter Languages : ['xmf'], Length : 1
01/13/2022 20:54:38 - INFO - __main__ -   Adapter Names ['xmf/wiki@ukp'], Length : 1
01/13/2022 20:54:38 - INFO - __main__ -   Language = xmf
01/13/2022 20:54:38 - INFO - __main__ -   Adapter Name = xmf/wiki@ukp
No exactly matching adapter config found for this specifier, falling back to default.
Resolved adapter files at https://public.ukp.informatik.tu-darmstadt.de/AdapterHub/text_lang/xmf/bert-base-multilingual-cased/pfeiffer/xmf_pfeiffer_gelu_nd.zip.
Loading module configuration from /home/abhijeet/.cache/torch/adapters/de4cf7ebb957cc647355066066df3562022bd36d5e1fb267b268c73c885ba1b8-059cec88a14bf5e4aa255942ab8a6b7e4e2aefebfbf02361c648b5817e3184df-extracted/adapter_config.json
Adding adapter 'xmf' of type 'text_lang'.
Loading module weights from /home/abhijeet/.cache/torch/adapters/de4cf7ebb957cc647355066066df3562022bd36d5e1fb267b268c73c885ba1b8-059cec88a14bf5e4aa255942ab8a6b7e4e2aefebfbf02361c648b5817e3184df-extracted/pytorch_adapter.bin
No matching prediction head found in '/home/abhijeet/.cache/torch/adapters/de4cf7ebb957cc647355066066df3562022bd36d5e1fb267b268c73c885ba1b8-059cec88a14bf5e4aa255942ab8a6b7e4e2aefebfbf02361c648b5817e3184df-extracted'
01/13/2022 20:54:42 - INFO - __main__ -   Language am, split test does not exist
**********
16.37user 10.14system 0:15.24elapsed 173%CPU (0avgtext+0avgdata 3964764maxresident)k
0inputs+32outputs (0major+1254557minor)pagefaults 0swaps
PyTorch version 1.10.1+cu102 available.
01/13/2022 22:04:50 - INFO - root -   Input args: ModelArguments(model_name_or_path='bert-base-multilingual-cased', model_type='bert', config_name=None, tokenizer_name=None, cache_dir=None, labels='/home/abhijeet/rohan/cloud-emea-copy/data//udpos/udpos_processed_maxlen128//labels.txt', data_dir='/home/abhijeet/rohan/cloud-emea-copy/data//udpos/udpos_processed_maxlen128/', output_dir='/home/abhijeet/rohan/cloud-emea-copy/outputs//udpos/my-bert-base-multilingual-cased-MaxLen128_udpos_xmf/', max_seq_length=128, do_train=False, do_eval=False, do_predict=True, do_adapter_predict=False, do_predict_dev=False, do_predict_train=False, init_checkpoint=None, evaluate_during_training=False, do_lower_case=False, few_shot=-1, per_gpu_train_batch_size=8, per_gpu_eval_batch_size=32, gradient_accumulation_steps=4, learning_rate=5e-05, weight_decay=0.0, adam_epsilon=1e-08, max_grad_norm=1.0, num_train_epochs=50.0, max_steps=-1, save_steps=1000, warmup_steps=0, logging_steps=50, save_only_best_checkpoint=True, eval_all_checkpoints=True, no_cuda=False, overwrite_output_dir=True, overwrite_cache=False, seed=1, fp16=False, fp16_opt_level='O1', local_rank=-1, server_ip='', server_port='', predict_langs='am', train_langs='en', log_file='/home/abhijeet/rohan/cloud-emea-copy/outputs//udpos/my-bert-base-multilingual-cased-MaxLen128_udpos_xmf//train_am.log', eval_patience=-1, bpe_dropout=0, do_save_adapter_fusions=False, task_name='udpos', predict_task_adapter='output/udpos/my-bert-base-multilingual-cased-LR1e-4-epoch50-MaxLen128-TrainLangen_en_s1/checkpoint-best/udpos/', predict_lang_adapter=None, test_adapter=True, adapter_weight=None, lang_to_vec=None, calc_weight_step=0, predict_save_prefix='', en_weight=None, temperature=1.0, get_attr=False, topk=1, task='udpos')
01/13/2022 22:04:50 - WARNING - __main__ -   Process rank: -1, device: cuda, n_gpu: 1, distributed training: False, 16-bits training: False
01/13/2022 22:04:50 - INFO - __main__ -   Seed = 1
01/13/2022 22:04:50 - INFO - root -   save model
01/13/2022 22:04:50 - INFO - __main__ -   Training/evaluation parameters ModelArguments(model_name_or_path='bert-base-multilingual-cased', model_type='bert', config_name=None, tokenizer_name=None, cache_dir=None, labels='/home/abhijeet/rohan/cloud-emea-copy/data//udpos/udpos_processed_maxlen128//labels.txt', data_dir='/home/abhijeet/rohan/cloud-emea-copy/data//udpos/udpos_processed_maxlen128/', output_dir='/home/abhijeet/rohan/cloud-emea-copy/outputs//udpos/my-bert-base-multilingual-cased-MaxLen128_udpos_xmf/', max_seq_length=128, do_train=False, do_eval=False, do_predict=True, do_adapter_predict=False, do_predict_dev=False, do_predict_train=False, init_checkpoint=None, evaluate_during_training=False, do_lower_case=False, few_shot=-1, per_gpu_train_batch_size=8, per_gpu_eval_batch_size=32, gradient_accumulation_steps=4, learning_rate=5e-05, weight_decay=0.0, adam_epsilon=1e-08, max_grad_norm=1.0, num_train_epochs=50.0, max_steps=-1, save_steps=1000, warmup_steps=0, logging_steps=50, save_only_best_checkpoint=True, eval_all_checkpoints=True, no_cuda=False, overwrite_output_dir=True, overwrite_cache=False, seed=1, fp16=False, fp16_opt_level='O1', local_rank=-1, server_ip='', server_port='', predict_langs='am', train_langs='en', log_file='/home/abhijeet/rohan/cloud-emea-copy/outputs//udpos/my-bert-base-multilingual-cased-MaxLen128_udpos_xmf//train_am.log', eval_patience=-1, bpe_dropout=0, do_save_adapter_fusions=False, task_name='udpos', predict_task_adapter='output/udpos/my-bert-base-multilingual-cased-LR1e-4-epoch50-MaxLen128-TrainLangen_en_s1/checkpoint-best/udpos/', predict_lang_adapter=None, test_adapter=True, adapter_weight=None, lang_to_vec=None, calc_weight_step=0, predict_save_prefix='', en_weight=None, temperature=1.0, get_attr=False, topk=1, task='udpos')
01/13/2022 22:04:50 - INFO - __main__ -   Loading pretrained model and tokenizer
loading configuration file https://huggingface.co/bert-base-multilingual-cased/resolve/main/config.json from cache at /home/abhijeet/.cache/torch/transformers/6c4a5d81a58c9791cdf76a09bce1b5abfb9cf958aebada51200f4515403e5d08.0fe59f3f4f1335dadeb4bce8b8146199d9083512b50d07323c1c319f96df450c
Model config BertConfig {
  "adapters": {
    "adapters": {},
    "config_map": {}
  },
  "architectures": [
    "BertForMaskedLM"
  ],
  "attention_probs_dropout_prob": 0.1,
  "directionality": "bidi",
  "gradient_checkpointing": false,
  "hidden_act": "gelu",
  "hidden_dropout_prob": 0.1,
  "hidden_size": 768,
  "id2label": {
    "0": "LABEL_0",
    "1": "LABEL_1",
    "2": "LABEL_2",
    "3": "LABEL_3",
    "4": "LABEL_4",
    "5": "LABEL_5",
    "6": "LABEL_6",
    "7": "LABEL_7",
    "8": "LABEL_8",
    "9": "LABEL_9",
    "10": "LABEL_10",
    "11": "LABEL_11",
    "12": "LABEL_12",
    "13": "LABEL_13",
    "14": "LABEL_14",
    "15": "LABEL_15",
    "16": "LABEL_16",
    "17": "LABEL_17"
  },
  "initializer_range": 0.02,
  "intermediate_size": 3072,
  "label2id": {
    "LABEL_0": 0,
    "LABEL_1": 1,
    "LABEL_10": 10,
    "LABEL_11": 11,
    "LABEL_12": 12,
    "LABEL_13": 13,
    "LABEL_14": 14,
    "LABEL_15": 15,
    "LABEL_16": 16,
    "LABEL_17": 17,
    "LABEL_2": 2,
    "LABEL_3": 3,
    "LABEL_4": 4,
    "LABEL_5": 5,
    "LABEL_6": 6,
    "LABEL_7": 7,
    "LABEL_8": 8,
    "LABEL_9": 9
  },
  "layer_norm_eps": 1e-12,
  "max_position_embeddings": 512,
  "model_type": "bert",
  "num_attention_heads": 12,
  "num_hidden_layers": 12,
  "pad_token_id": 0,
  "pooler_fc_size": 768,
  "pooler_num_attention_heads": 12,
  "pooler_num_fc_layers": 3,
  "pooler_size_per_head": 128,
  "pooler_type": "first_token_transform",
  "type_vocab_size": 2,
  "vocab_size": 119547
}

loading configuration file https://huggingface.co/bert-base-multilingual-cased/resolve/main/config.json from cache at /home/abhijeet/.cache/torch/transformers/6c4a5d81a58c9791cdf76a09bce1b5abfb9cf958aebada51200f4515403e5d08.0fe59f3f4f1335dadeb4bce8b8146199d9083512b50d07323c1c319f96df450c
Model config BertConfig {
  "adapters": {
    "adapters": {},
    "config_map": {}
  },
  "architectures": [
    "BertForMaskedLM"
  ],
  "attention_probs_dropout_prob": 0.1,
  "directionality": "bidi",
  "gradient_checkpointing": false,
  "hidden_act": "gelu",
  "hidden_dropout_prob": 0.1,
  "hidden_size": 768,
  "initializer_range": 0.02,
  "intermediate_size": 3072,
  "layer_norm_eps": 1e-12,
  "max_position_embeddings": 512,
  "model_type": "bert",
  "num_attention_heads": 12,
  "num_hidden_layers": 12,
  "pad_token_id": 0,
  "pooler_fc_size": 768,
  "pooler_num_attention_heads": 12,
  "pooler_num_fc_layers": 3,
  "pooler_size_per_head": 128,
  "pooler_type": "first_token_transform",
  "type_vocab_size": 2,
  "vocab_size": 119547
}

loading file https://huggingface.co/bert-base-multilingual-cased/resolve/main/vocab.txt from cache at /home/abhijeet/.cache/torch/transformers/eff018e45de5364a8368df1f2df3461d506e2a111e9dd50af1fae061cd460ead.6c5b6600e968f4b5e08c86d8891ea99e51537fc2bf251435fb46922e8f7a7b29
01/13/2022 22:04:53 - INFO - __main__ -   loading from existing model bert-base-multilingual-cased
loading weights file https://huggingface.co/bert-base-multilingual-cased/resolve/main/pytorch_model.bin from cache at /home/abhijeet/.cache/torch/transformers/0a3fd51713dcbb4def175c7f85bddc995d5976ce1dde327f99104e4d33069f17.aa7be4c79d76f4066d9b354496ea477c9ee39c5d889156dd1efb680643c2b052
Some weights of the model checkpoint at bert-base-multilingual-cased were not used when initializing BertForTokenClassification: ['cls.predictions.bias', 'cls.predictions.transform.dense.weight', 'cls.predictions.transform.dense.bias', 'cls.predictions.decoder.weight', 'cls.seq_relationship.weight', 'cls.seq_relationship.bias', 'cls.predictions.transform.LayerNorm.weight', 'cls.predictions.transform.LayerNorm.bias']
- This IS expected if you are initializing BertForTokenClassification from the checkpoint of a model trained on another task or with another architecture (e.g. initializing a BertForSequenceClassification model from a BertForPreTraining model).
- This IS NOT expected if you are initializing BertForTokenClassification from the checkpoint of a model that you expect to be exactly identical (initializing a BertForSequenceClassification model from a BertForSequenceClassification model).
Some weights of BertForTokenClassification were not initialized from the model checkpoint at bert-base-multilingual-cased and are newly initialized: ['classifier.weight', 'classifier.bias']
You should probably TRAIN this model on a down-stream task to be able to use it for predictions and inference.
01/13/2022 22:04:59 - INFO - __main__ -   Using lang2id = None
01/13/2022 22:04:59 - INFO - __main__ -   Evaluating the model on test set of all the languages specified
01/13/2022 22:04:59 - INFO - __main__ -   Task Adapter will be loaded from this path output/udpos/my-bert-base-multilingual-cased-LR1e-4-epoch50-MaxLen128-TrainLangen_en_s1/checkpoint-best/udpos/
01/13/2022 22:04:59 - INFO - root -   Trying to decide if add adapter
01/13/2022 22:04:59 - INFO - root -   loading task adapter
Loading module configuration from output/udpos/my-bert-base-multilingual-cased-LR1e-4-epoch50-MaxLen128-TrainLangen_en_s1/checkpoint-best/udpos/adapter_config.json
Adding adapter 'udpos' of type 'text_task'.
Loading module weights from output/udpos/my-bert-base-multilingual-cased-LR1e-4-epoch50-MaxLen128-TrainLangen_en_s1/checkpoint-best/udpos/pytorch_adapter.bin
Loading module configuration from output/udpos/my-bert-base-multilingual-cased-LR1e-4-epoch50-MaxLen128-TrainLangen_en_s1/checkpoint-best/udpos/head_config.json
Loading module weights from output/udpos/my-bert-base-multilingual-cased-LR1e-4-epoch50-MaxLen128-TrainLangen_en_s1/checkpoint-best/udpos/pytorch_model_head.bin
01/13/2022 22:04:59 - INFO - root -   loading lang adpater xmf/wiki@ukp
01/13/2022 22:04:59 - INFO - __main__ -   Adapter Languages : ['xmf'], Length : 1
01/13/2022 22:04:59 - INFO - __main__ -   Adapter Names ['xmf/wiki@ukp'], Length : 1
01/13/2022 22:04:59 - INFO - __main__ -   Language = xmf
01/13/2022 22:04:59 - INFO - __main__ -   Adapter Name = xmf/wiki@ukp
No exactly matching adapter config found for this specifier, falling back to default.
Resolved adapter files at https://public.ukp.informatik.tu-darmstadt.de/AdapterHub/text_lang/xmf/bert-base-multilingual-cased/pfeiffer/xmf_pfeiffer_gelu_nd.zip.
Loading module configuration from /home/abhijeet/.cache/torch/adapters/de4cf7ebb957cc647355066066df3562022bd36d5e1fb267b268c73c885ba1b8-059cec88a14bf5e4aa255942ab8a6b7e4e2aefebfbf02361c648b5817e3184df-extracted/adapter_config.json
Adding adapter 'xmf' of type 'text_lang'.
Loading module weights from /home/abhijeet/.cache/torch/adapters/de4cf7ebb957cc647355066066df3562022bd36d5e1fb267b268c73c885ba1b8-059cec88a14bf5e4aa255942ab8a6b7e4e2aefebfbf02361c648b5817e3184df-extracted/pytorch_adapter.bin
No matching prediction head found in '/home/abhijeet/.cache/torch/adapters/de4cf7ebb957cc647355066066df3562022bd36d5e1fb267b268c73c885ba1b8-059cec88a14bf5e4aa255942ab8a6b7e4e2aefebfbf02361c648b5817e3184df-extracted'
01/13/2022 22:05:04 - INFO - __main__ -   Language adapter for am not found, using xmf instead
01/13/2022 22:05:04 - INFO - __main__ -   Set active language adapter to xmf
01/13/2022 22:05:04 - INFO - __main__ -   Args Adapter Weight = None
01/13/2022 22:05:04 - INFO - __main__ -   Adapter Languages = ['xmf']
01/13/2022 22:05:04 - INFO - __main__ -   Loading features from cached file /home/abhijeet/rohan/cloud-emea-copy/data//udpos/udpos_processed_maxlen128/cached_test_am_bert-base-multilingual-cased_128
01/13/2022 22:05:04 - INFO - __main__ -   ***** Running evaluation  in am *****
01/13/2022 22:05:04 - INFO - __main__ -     Num examples = 1074
01/13/2022 22:05:04 - INFO - __main__ -     Batch size = 32
**********
Evaluating:   0%|          | 0/34 [00:00<?, ?it/s]01/13/2022 22:05:04 - INFO - __main__ -   Batch number = 1
Evaluating:   3%|▎         | 1/34 [00:00<00:04,  7.10it/s]01/13/2022 22:05:04 - INFO - __main__ -   Batch number = 2
Evaluating:   6%|▌         | 2/34 [00:00<00:04,  7.15it/s]01/13/2022 22:05:04 - INFO - __main__ -   Batch number = 3
Evaluating:   9%|▉         | 3/34 [00:00<00:04,  7.17it/s]01/13/2022 22:05:04 - INFO - __main__ -   Batch number = 4
Evaluating:  12%|█▏        | 4/34 [00:00<00:04,  7.18it/s]01/13/2022 22:05:04 - INFO - __main__ -   Batch number = 5
Evaluating:  15%|█▍        | 5/34 [00:00<00:04,  7.15it/s]01/13/2022 22:05:04 - INFO - __main__ -   Batch number = 6
Evaluating:  18%|█▊        | 6/34 [00:00<00:03,  7.16it/s]01/13/2022 22:05:05 - INFO - __main__ -   Batch number = 7
Evaluating:  21%|██        | 7/34 [00:00<00:03,  7.16it/s]01/13/2022 22:05:05 - INFO - __main__ -   Batch number = 8
Evaluating:  24%|██▎       | 8/34 [00:01<00:03,  7.16it/s]01/13/2022 22:05:05 - INFO - __main__ -   Batch number = 9
Evaluating:  26%|██▋       | 9/34 [00:01<00:03,  7.13it/s]01/13/2022 22:05:05 - INFO - __main__ -   Batch number = 10
Evaluating:  29%|██▉       | 10/34 [00:01<00:03,  7.12it/s]01/13/2022 22:05:05 - INFO - __main__ -   Batch number = 11
Evaluating:  32%|███▏      | 11/34 [00:01<00:03,  7.08it/s]01/13/2022 22:05:05 - INFO - __main__ -   Batch number = 12
Evaluating:  35%|███▌      | 12/34 [00:01<00:03,  7.11it/s]01/13/2022 22:05:05 - INFO - __main__ -   Batch number = 13
Evaluating:  38%|███▊      | 13/34 [00:01<00:02,  7.12it/s]01/13/2022 22:05:06 - INFO - __main__ -   Batch number = 14
Evaluating:  41%|████      | 14/34 [00:01<00:02,  7.10it/s]01/13/2022 22:05:06 - INFO - __main__ -   Batch number = 15
Evaluating:  44%|████▍     | 15/34 [00:02<00:02,  7.11it/s]01/13/2022 22:05:06 - INFO - __main__ -   Batch number = 16
Evaluating:  47%|████▋     | 16/34 [00:02<00:02,  7.12it/s]01/13/2022 22:05:06 - INFO - __main__ -   Batch number = 17
Evaluating:  50%|█████     | 17/34 [00:02<00:02,  7.10it/s]01/13/2022 22:05:06 - INFO - __main__ -   Batch number = 18
Evaluating:  53%|█████▎    | 18/34 [00:02<00:02,  7.11it/s]01/13/2022 22:05:06 - INFO - __main__ -   Batch number = 19
Evaluating:  56%|█████▌    | 19/34 [00:02<00:02,  7.12it/s]01/13/2022 22:05:06 - INFO - __main__ -   Batch number = 20
Evaluating:  59%|█████▉    | 20/34 [00:02<00:01,  7.11it/s]01/13/2022 22:05:07 - INFO - __main__ -   Batch number = 21
Evaluating:  62%|██████▏   | 21/34 [00:02<00:01,  7.11it/s]01/13/2022 22:05:07 - INFO - __main__ -   Batch number = 22
Evaluating:  65%|██████▍   | 22/34 [00:03<00:01,  7.10it/s]01/13/2022 22:05:07 - INFO - __main__ -   Batch number = 23
Evaluating:  68%|██████▊   | 23/34 [00:03<00:01,  7.08it/s]01/13/2022 22:05:07 - INFO - __main__ -   Batch number = 24
Evaluating:  71%|███████   | 24/34 [00:03<00:01,  7.07it/s]01/13/2022 22:05:07 - INFO - __main__ -   Batch number = 25
Evaluating:  74%|███████▎  | 25/34 [00:03<00:01,  5.63it/s]01/13/2022 22:05:07 - INFO - __main__ -   Batch number = 26
Evaluating:  76%|███████▋  | 26/34 [00:03<00:01,  5.99it/s]01/13/2022 22:05:08 - INFO - __main__ -   Batch number = 27
Evaluating:  79%|███████▉  | 27/34 [00:03<00:01,  6.28it/s]01/13/2022 22:05:08 - INFO - __main__ -   Batch number = 28
Evaluating:  82%|████████▏ | 28/34 [00:04<00:00,  6.49it/s]01/13/2022 22:05:08 - INFO - __main__ -   Batch number = 29
Evaluating:  85%|████████▌ | 29/34 [00:04<00:00,  6.67it/s]01/13/2022 22:05:08 - INFO - __main__ -   Batch number = 30
Evaluating:  88%|████████▊ | 30/34 [00:04<00:00,  6.79it/s]01/13/2022 22:05:08 - INFO - __main__ -   Batch number = 31
Evaluating:  91%|█████████ | 31/34 [00:04<00:00,  6.87it/s]01/13/2022 22:05:08 - INFO - __main__ -   Batch number = 32
Evaluating:  94%|█████████▍| 32/34 [00:04<00:00,  6.93it/s]01/13/2022 22:05:08 - INFO - __main__ -   Batch number = 33
Evaluating:  97%|█████████▋| 33/34 [00:04<00:00,  6.96it/s]01/13/2022 22:05:08 - INFO - __main__ -   Batch number = 34
Evaluating: 100%|██████████| 34/34 [00:04<00:00,  7.01it/s]
/home/abhijeet/rohan/venvs/cloud-emea-copy/lib/python3.6/site-packages/seqeval/metrics/sequence_labeling.py:171: UserWarning: NOUN seems not to be NE tag.
  warnings.warn('{} seems not to be NE tag.'.format(chunk))
/home/abhijeet/rohan/venvs/cloud-emea-copy/lib/python3.6/site-packages/seqeval/metrics/sequence_labeling.py:171: UserWarning: VERB seems not to be NE tag.
  warnings.warn('{} seems not to be NE tag.'.format(chunk))
/home/abhijeet/rohan/venvs/cloud-emea-copy/lib/python3.6/site-packages/seqeval/metrics/sequence_labeling.py:171: UserWarning: PUNCT seems not to be NE tag.
  warnings.warn('{} seems not to be NE tag.'.format(chunk))
/home/abhijeet/rohan/venvs/cloud-emea-copy/lib/python3.6/site-packages/seqeval/metrics/sequence_labeling.py:171: UserWarning: PROPN seems not to be NE tag.
  warnings.warn('{} seems not to be NE tag.'.format(chunk))
/home/abhijeet/rohan/venvs/cloud-emea-copy/lib/python3.6/site-packages/seqeval/metrics/sequence_labeling.py:171: UserWarning: DET seems not to be NE tag.
  warnings.warn('{} seems not to be NE tag.'.format(chunk))
/home/abhijeet/rohan/venvs/cloud-emea-copy/lib/python3.6/site-packages/seqeval/metrics/sequence_labeling.py:171: UserWarning: ADP seems not to be NE tag.
  warnings.warn('{} seems not to be NE tag.'.format(chunk))
/home/abhijeet/rohan/venvs/cloud-emea-copy/lib/python3.6/site-packages/seqeval/metrics/sequence_labeling.py:171: UserWarning: ADV seems not to be NE tag.
  warnings.warn('{} seems not to be NE tag.'.format(chunk))
/home/abhijeet/rohan/venvs/cloud-emea-copy/lib/python3.6/site-packages/seqeval/metrics/sequence_labeling.py:171: UserWarning: PRON seems not to be NE tag.
  warnings.warn('{} seems not to be NE tag.'.format(chunk))
/home/abhijeet/rohan/venvs/cloud-emea-copy/lib/python3.6/site-packages/seqeval/metrics/sequence_labeling.py:171: UserWarning: AUX seems not to be NE tag.
  warnings.warn('{} seems not to be NE tag.'.format(chunk))
/home/abhijeet/rohan/venvs/cloud-emea-copy/lib/python3.6/site-packages/seqeval/metrics/sequence_labeling.py:171: UserWarning: SCONJ seems not to be NE tag.
  warnings.warn('{} seems not to be NE tag.'.format(chunk))
/home/abhijeet/rohan/venvs/cloud-emea-copy/lib/python3.6/site-packages/seqeval/metrics/sequence_labeling.py:171: UserWarning: CCONJ seems not to be NE tag.
  warnings.warn('{} seems not to be NE tag.'.format(chunk))
/home/abhijeet/rohan/venvs/cloud-emea-copy/lib/python3.6/site-packages/seqeval/metrics/sequence_labeling.py:171: UserWarning: ADJ seems not to be NE tag.
  warnings.warn('{} seems not to be NE tag.'.format(chunk))
/home/abhijeet/rohan/venvs/cloud-emea-copy/lib/python3.6/site-packages/seqeval/metrics/sequence_labeling.py:171: UserWarning: NUM seems not to be NE tag.
  warnings.warn('{} seems not to be NE tag.'.format(chunk))
/home/abhijeet/rohan/venvs/cloud-emea-copy/lib/python3.6/site-packages/seqeval/metrics/sequence_labeling.py:171: UserWarning: INTJ seems not to be NE tag.
  warnings.warn('{} seems not to be NE tag.'.format(chunk))
/home/abhijeet/rohan/venvs/cloud-emea-copy/lib/python3.6/site-packages/seqeval/metrics/sequence_labeling.py:171: UserWarning: PART seems not to be NE tag.
  warnings.warn('{} seems not to be NE tag.'.format(chunk))
/home/abhijeet/rohan/venvs/cloud-emea-copy/lib/python3.6/site-packages/seqeval/metrics/sequence_labeling.py:171: UserWarning: SYM seems not to be NE tag.
  warnings.warn('{} seems not to be NE tag.'.format(chunk))
01/13/2022 22:05:09 - INFO - __main__ -   ***** Evaluation result  in am *****
01/13/2022 22:05:09 - INFO - __main__ -     f1 = 0.08257142857142856
01/13/2022 22:05:09 - INFO - __main__ -     loss = 2.217058465761297
01/13/2022 22:05:09 - INFO - __main__ -     precision = 0.11643835616438356
01/13/2022 22:05:09 - INFO - __main__ -     recall = 0.06396635679504205
20.09user 10.88system 0:20.90elapsed 148%CPU (0avgtext+0avgdata 3967356maxresident)k
0inputs+152outputs (0major+1257530minor)pagefaults 0swaps
PyTorch version 1.10.1+cu102 available.
01/13/2022 22:05:11 - INFO - root -   Input args: ModelArguments(model_name_or_path='bert-base-multilingual-cased', model_type='bert', config_name=None, tokenizer_name=None, cache_dir=None, labels='/home/abhijeet/rohan/cloud-emea-copy/data//udpos/udpos_processed_maxlen128//labels.txt', data_dir='/home/abhijeet/rohan/cloud-emea-copy/data//udpos/udpos_processed_maxlen128/', output_dir='/home/abhijeet/rohan/cloud-emea-copy/outputs//udpos/my-bert-base-multilingual-cased-MaxLen128_udpos_xmf/', max_seq_length=128, do_train=False, do_eval=False, do_predict=True, do_adapter_predict=False, do_predict_dev=False, do_predict_train=False, init_checkpoint=None, evaluate_during_training=False, do_lower_case=False, few_shot=-1, per_gpu_train_batch_size=8, per_gpu_eval_batch_size=32, gradient_accumulation_steps=4, learning_rate=5e-05, weight_decay=0.0, adam_epsilon=1e-08, max_grad_norm=1.0, num_train_epochs=50.0, max_steps=-1, save_steps=1000, warmup_steps=0, logging_steps=50, save_only_best_checkpoint=True, eval_all_checkpoints=True, no_cuda=False, overwrite_output_dir=True, overwrite_cache=False, seed=2, fp16=False, fp16_opt_level='O1', local_rank=-1, server_ip='', server_port='', predict_langs='am', train_langs='en', log_file='/home/abhijeet/rohan/cloud-emea-copy/outputs//udpos/my-bert-base-multilingual-cased-MaxLen128_udpos_xmf//train_am.log', eval_patience=-1, bpe_dropout=0, do_save_adapter_fusions=False, task_name='udpos', predict_task_adapter='output/udpos/my-bert-base-multilingual-cased-LR1e-4-epoch50-MaxLen128-TrainLangen_en_s2/checkpoint-best/udpos/', predict_lang_adapter=None, test_adapter=True, adapter_weight=None, lang_to_vec=None, calc_weight_step=0, predict_save_prefix='', en_weight=None, temperature=1.0, get_attr=False, topk=1, task='udpos')
01/13/2022 22:05:11 - WARNING - __main__ -   Process rank: -1, device: cuda, n_gpu: 1, distributed training: False, 16-bits training: False
01/13/2022 22:05:11 - INFO - __main__ -   Seed = 2
01/13/2022 22:05:11 - INFO - root -   save model
01/13/2022 22:05:11 - INFO - __main__ -   Training/evaluation parameters ModelArguments(model_name_or_path='bert-base-multilingual-cased', model_type='bert', config_name=None, tokenizer_name=None, cache_dir=None, labels='/home/abhijeet/rohan/cloud-emea-copy/data//udpos/udpos_processed_maxlen128//labels.txt', data_dir='/home/abhijeet/rohan/cloud-emea-copy/data//udpos/udpos_processed_maxlen128/', output_dir='/home/abhijeet/rohan/cloud-emea-copy/outputs//udpos/my-bert-base-multilingual-cased-MaxLen128_udpos_xmf/', max_seq_length=128, do_train=False, do_eval=False, do_predict=True, do_adapter_predict=False, do_predict_dev=False, do_predict_train=False, init_checkpoint=None, evaluate_during_training=False, do_lower_case=False, few_shot=-1, per_gpu_train_batch_size=8, per_gpu_eval_batch_size=32, gradient_accumulation_steps=4, learning_rate=5e-05, weight_decay=0.0, adam_epsilon=1e-08, max_grad_norm=1.0, num_train_epochs=50.0, max_steps=-1, save_steps=1000, warmup_steps=0, logging_steps=50, save_only_best_checkpoint=True, eval_all_checkpoints=True, no_cuda=False, overwrite_output_dir=True, overwrite_cache=False, seed=2, fp16=False, fp16_opt_level='O1', local_rank=-1, server_ip='', server_port='', predict_langs='am', train_langs='en', log_file='/home/abhijeet/rohan/cloud-emea-copy/outputs//udpos/my-bert-base-multilingual-cased-MaxLen128_udpos_xmf//train_am.log', eval_patience=-1, bpe_dropout=0, do_save_adapter_fusions=False, task_name='udpos', predict_task_adapter='output/udpos/my-bert-base-multilingual-cased-LR1e-4-epoch50-MaxLen128-TrainLangen_en_s2/checkpoint-best/udpos/', predict_lang_adapter=None, test_adapter=True, adapter_weight=None, lang_to_vec=None, calc_weight_step=0, predict_save_prefix='', en_weight=None, temperature=1.0, get_attr=False, topk=1, task='udpos')
01/13/2022 22:05:11 - INFO - __main__ -   Loading pretrained model and tokenizer
loading configuration file https://huggingface.co/bert-base-multilingual-cased/resolve/main/config.json from cache at /home/abhijeet/.cache/torch/transformers/6c4a5d81a58c9791cdf76a09bce1b5abfb9cf958aebada51200f4515403e5d08.0fe59f3f4f1335dadeb4bce8b8146199d9083512b50d07323c1c319f96df450c
Model config BertConfig {
  "adapters": {
    "adapters": {},
    "config_map": {}
  },
  "architectures": [
    "BertForMaskedLM"
  ],
  "attention_probs_dropout_prob": 0.1,
  "directionality": "bidi",
  "gradient_checkpointing": false,
  "hidden_act": "gelu",
  "hidden_dropout_prob": 0.1,
  "hidden_size": 768,
  "id2label": {
    "0": "LABEL_0",
    "1": "LABEL_1",
    "2": "LABEL_2",
    "3": "LABEL_3",
    "4": "LABEL_4",
    "5": "LABEL_5",
    "6": "LABEL_6",
    "7": "LABEL_7",
    "8": "LABEL_8",
    "9": "LABEL_9",
    "10": "LABEL_10",
    "11": "LABEL_11",
    "12": "LABEL_12",
    "13": "LABEL_13",
    "14": "LABEL_14",
    "15": "LABEL_15",
    "16": "LABEL_16",
    "17": "LABEL_17"
  },
  "initializer_range": 0.02,
  "intermediate_size": 3072,
  "label2id": {
    "LABEL_0": 0,
    "LABEL_1": 1,
    "LABEL_10": 10,
    "LABEL_11": 11,
    "LABEL_12": 12,
    "LABEL_13": 13,
    "LABEL_14": 14,
    "LABEL_15": 15,
    "LABEL_16": 16,
    "LABEL_17": 17,
    "LABEL_2": 2,
    "LABEL_3": 3,
    "LABEL_4": 4,
    "LABEL_5": 5,
    "LABEL_6": 6,
    "LABEL_7": 7,
    "LABEL_8": 8,
    "LABEL_9": 9
  },
  "layer_norm_eps": 1e-12,
  "max_position_embeddings": 512,
  "model_type": "bert",
  "num_attention_heads": 12,
  "num_hidden_layers": 12,
  "pad_token_id": 0,
  "pooler_fc_size": 768,
  "pooler_num_attention_heads": 12,
  "pooler_num_fc_layers": 3,
  "pooler_size_per_head": 128,
  "pooler_type": "first_token_transform",
  "type_vocab_size": 2,
  "vocab_size": 119547
}

loading configuration file https://huggingface.co/bert-base-multilingual-cased/resolve/main/config.json from cache at /home/abhijeet/.cache/torch/transformers/6c4a5d81a58c9791cdf76a09bce1b5abfb9cf958aebada51200f4515403e5d08.0fe59f3f4f1335dadeb4bce8b8146199d9083512b50d07323c1c319f96df450c
Model config BertConfig {
  "adapters": {
    "adapters": {},
    "config_map": {}
  },
  "architectures": [
    "BertForMaskedLM"
  ],
  "attention_probs_dropout_prob": 0.1,
  "directionality": "bidi",
  "gradient_checkpointing": false,
  "hidden_act": "gelu",
  "hidden_dropout_prob": 0.1,
  "hidden_size": 768,
  "initializer_range": 0.02,
  "intermediate_size": 3072,
  "layer_norm_eps": 1e-12,
  "max_position_embeddings": 512,
  "model_type": "bert",
  "num_attention_heads": 12,
  "num_hidden_layers": 12,
  "pad_token_id": 0,
  "pooler_fc_size": 768,
  "pooler_num_attention_heads": 12,
  "pooler_num_fc_layers": 3,
  "pooler_size_per_head": 128,
  "pooler_type": "first_token_transform",
  "type_vocab_size": 2,
  "vocab_size": 119547
}

loading file https://huggingface.co/bert-base-multilingual-cased/resolve/main/vocab.txt from cache at /home/abhijeet/.cache/torch/transformers/eff018e45de5364a8368df1f2df3461d506e2a111e9dd50af1fae061cd460ead.6c5b6600e968f4b5e08c86d8891ea99e51537fc2bf251435fb46922e8f7a7b29
01/13/2022 22:05:14 - INFO - __main__ -   loading from existing model bert-base-multilingual-cased
loading weights file https://huggingface.co/bert-base-multilingual-cased/resolve/main/pytorch_model.bin from cache at /home/abhijeet/.cache/torch/transformers/0a3fd51713dcbb4def175c7f85bddc995d5976ce1dde327f99104e4d33069f17.aa7be4c79d76f4066d9b354496ea477c9ee39c5d889156dd1efb680643c2b052
Some weights of the model checkpoint at bert-base-multilingual-cased were not used when initializing BertForTokenClassification: ['cls.predictions.bias', 'cls.predictions.transform.dense.weight', 'cls.predictions.transform.dense.bias', 'cls.predictions.decoder.weight', 'cls.seq_relationship.weight', 'cls.seq_relationship.bias', 'cls.predictions.transform.LayerNorm.weight', 'cls.predictions.transform.LayerNorm.bias']
- This IS expected if you are initializing BertForTokenClassification from the checkpoint of a model trained on another task or with another architecture (e.g. initializing a BertForSequenceClassification model from a BertForPreTraining model).
- This IS NOT expected if you are initializing BertForTokenClassification from the checkpoint of a model that you expect to be exactly identical (initializing a BertForSequenceClassification model from a BertForSequenceClassification model).
Some weights of BertForTokenClassification were not initialized from the model checkpoint at bert-base-multilingual-cased and are newly initialized: ['classifier.weight', 'classifier.bias']
You should probably TRAIN this model on a down-stream task to be able to use it for predictions and inference.
01/13/2022 22:05:20 - INFO - __main__ -   Using lang2id = None
01/13/2022 22:05:20 - INFO - __main__ -   Evaluating the model on test set of all the languages specified
01/13/2022 22:05:20 - INFO - __main__ -   Task Adapter will be loaded from this path output/udpos/my-bert-base-multilingual-cased-LR1e-4-epoch50-MaxLen128-TrainLangen_en_s2/checkpoint-best/udpos/
01/13/2022 22:05:20 - INFO - root -   Trying to decide if add adapter
01/13/2022 22:05:20 - INFO - root -   loading task adapter
Loading module configuration from output/udpos/my-bert-base-multilingual-cased-LR1e-4-epoch50-MaxLen128-TrainLangen_en_s2/checkpoint-best/udpos/adapter_config.json
Adding adapter 'udpos' of type 'text_task'.
Loading module weights from output/udpos/my-bert-base-multilingual-cased-LR1e-4-epoch50-MaxLen128-TrainLangen_en_s2/checkpoint-best/udpos/pytorch_adapter.bin
Loading module configuration from output/udpos/my-bert-base-multilingual-cased-LR1e-4-epoch50-MaxLen128-TrainLangen_en_s2/checkpoint-best/udpos/head_config.json
Loading module weights from output/udpos/my-bert-base-multilingual-cased-LR1e-4-epoch50-MaxLen128-TrainLangen_en_s2/checkpoint-best/udpos/pytorch_model_head.bin
01/13/2022 22:05:20 - INFO - root -   loading lang adpater xmf/wiki@ukp
01/13/2022 22:05:20 - INFO - __main__ -   Adapter Languages : ['xmf'], Length : 1
01/13/2022 22:05:20 - INFO - __main__ -   Adapter Names ['xmf/wiki@ukp'], Length : 1
01/13/2022 22:05:20 - INFO - __main__ -   Language = xmf
01/13/2022 22:05:20 - INFO - __main__ -   Adapter Name = xmf/wiki@ukp
No exactly matching adapter config found for this specifier, falling back to default.
Resolved adapter files at https://public.ukp.informatik.tu-darmstadt.de/AdapterHub/text_lang/xmf/bert-base-multilingual-cased/pfeiffer/xmf_pfeiffer_gelu_nd.zip.
Loading module configuration from /home/abhijeet/.cache/torch/adapters/de4cf7ebb957cc647355066066df3562022bd36d5e1fb267b268c73c885ba1b8-059cec88a14bf5e4aa255942ab8a6b7e4e2aefebfbf02361c648b5817e3184df-extracted/adapter_config.json
Adding adapter 'xmf' of type 'text_lang'.
Loading module weights from /home/abhijeet/.cache/torch/adapters/de4cf7ebb957cc647355066066df3562022bd36d5e1fb267b268c73c885ba1b8-059cec88a14bf5e4aa255942ab8a6b7e4e2aefebfbf02361c648b5817e3184df-extracted/pytorch_adapter.bin
No matching prediction head found in '/home/abhijeet/.cache/torch/adapters/de4cf7ebb957cc647355066066df3562022bd36d5e1fb267b268c73c885ba1b8-059cec88a14bf5e4aa255942ab8a6b7e4e2aefebfbf02361c648b5817e3184df-extracted'
01/13/2022 22:05:24 - INFO - __main__ -   Language adapter for am not found, using xmf instead
01/13/2022 22:05:24 - INFO - __main__ -   Set active language adapter to xmf
01/13/2022 22:05:24 - INFO - __main__ -   Args Adapter Weight = None
01/13/2022 22:05:24 - INFO - __main__ -   Adapter Languages = ['xmf']
01/13/2022 22:05:24 - INFO - __main__ -   Loading features from cached file /home/abhijeet/rohan/cloud-emea-copy/data//udpos/udpos_processed_maxlen128/cached_test_am_bert-base-multilingual-cased_128
01/13/2022 22:05:24 - INFO - __main__ -   ***** Running evaluation  in am *****
01/13/2022 22:05:24 - INFO - __main__ -     Num examples = 1074
01/13/2022 22:05:24 - INFO - __main__ -     Batch size = 32
**********
Evaluating:   0%|          | 0/34 [00:00<?, ?it/s]01/13/2022 22:05:24 - INFO - __main__ -   Batch number = 1
Evaluating:   3%|▎         | 1/34 [00:00<00:04,  7.09it/s]01/13/2022 22:05:24 - INFO - __main__ -   Batch number = 2
Evaluating:   6%|▌         | 2/34 [00:00<00:04,  7.15it/s]01/13/2022 22:05:24 - INFO - __main__ -   Batch number = 3
Evaluating:   9%|▉         | 3/34 [00:00<00:04,  7.17it/s]01/13/2022 22:05:24 - INFO - __main__ -   Batch number = 4
Evaluating:  12%|█▏        | 4/34 [00:00<00:04,  7.19it/s]01/13/2022 22:05:24 - INFO - __main__ -   Batch number = 5
Evaluating:  15%|█▍        | 5/34 [00:00<00:04,  7.18it/s]01/13/2022 22:05:25 - INFO - __main__ -   Batch number = 6
Evaluating:  18%|█▊        | 6/34 [00:00<00:03,  7.19it/s]01/13/2022 22:05:25 - INFO - __main__ -   Batch number = 7
Evaluating:  21%|██        | 7/34 [00:00<00:03,  7.17it/s]01/13/2022 22:05:25 - INFO - __main__ -   Batch number = 8
Evaluating:  24%|██▎       | 8/34 [00:01<00:03,  7.17it/s]01/13/2022 22:05:25 - INFO - __main__ -   Batch number = 9
Evaluating:  26%|██▋       | 9/34 [00:01<00:03,  7.15it/s]01/13/2022 22:05:25 - INFO - __main__ -   Batch number = 10
Evaluating:  29%|██▉       | 10/34 [00:01<00:03,  7.15it/s]01/13/2022 22:05:25 - INFO - __main__ -   Batch number = 11
Evaluating:  32%|███▏      | 11/34 [00:01<00:03,  7.14it/s]01/13/2022 22:05:25 - INFO - __main__ -   Batch number = 12
Evaluating:  35%|███▌      | 12/34 [00:01<00:03,  7.10it/s]01/13/2022 22:05:26 - INFO - __main__ -   Batch number = 13
Evaluating:  38%|███▊      | 13/34 [00:01<00:02,  7.12it/s]01/13/2022 22:05:26 - INFO - __main__ -   Batch number = 14
Evaluating:  41%|████      | 14/34 [00:01<00:02,  7.11it/s]01/13/2022 22:05:26 - INFO - __main__ -   Batch number = 15
Evaluating:  44%|████▍     | 15/34 [00:02<00:02,  7.10it/s]01/13/2022 22:05:26 - INFO - __main__ -   Batch number = 16
Evaluating:  47%|████▋     | 16/34 [00:02<00:02,  7.11it/s]01/13/2022 22:05:26 - INFO - __main__ -   Batch number = 17
Evaluating:  50%|█████     | 17/34 [00:02<00:02,  7.11it/s]01/13/2022 22:05:26 - INFO - __main__ -   Batch number = 18
Evaluating:  53%|█████▎    | 18/34 [00:02<00:02,  7.12it/s]01/13/2022 22:05:26 - INFO - __main__ -   Batch number = 19
Evaluating:  56%|█████▌    | 19/34 [00:02<00:02,  7.12it/s]01/13/2022 22:05:27 - INFO - __main__ -   Batch number = 20
Evaluating:  59%|█████▉    | 20/34 [00:02<00:01,  7.09it/s]01/13/2022 22:05:27 - INFO - __main__ -   Batch number = 21
Evaluating:  62%|██████▏   | 21/34 [00:02<00:01,  7.10it/s]01/13/2022 22:05:27 - INFO - __main__ -   Batch number = 22
Evaluating:  65%|██████▍   | 22/34 [00:03<00:01,  7.10it/s]01/13/2022 22:05:27 - INFO - __main__ -   Batch number = 23
Evaluating:  68%|██████▊   | 23/34 [00:03<00:01,  7.04it/s]01/13/2022 22:05:27 - INFO - __main__ -   Batch number = 24
Evaluating:  71%|███████   | 24/34 [00:03<00:01,  6.99it/s]01/13/2022 22:05:27 - INFO - __main__ -   Batch number = 25
Evaluating:  74%|███████▎  | 25/34 [00:03<00:01,  6.99it/s]01/13/2022 22:05:27 - INFO - __main__ -   Batch number = 26
Evaluating:  76%|███████▋  | 26/34 [00:03<00:01,  7.01it/s]01/13/2022 22:05:28 - INFO - __main__ -   Batch number = 27
Evaluating:  79%|███████▉  | 27/34 [00:03<00:00,  7.03it/s]01/13/2022 22:05:28 - INFO - __main__ -   Batch number = 28
Evaluating:  82%|████████▏ | 28/34 [00:03<00:00,  7.04it/s]01/13/2022 22:05:28 - INFO - __main__ -   Batch number = 29
Evaluating:  85%|████████▌ | 29/34 [00:04<00:00,  7.06it/s]01/13/2022 22:05:28 - INFO - __main__ -   Batch number = 30
Evaluating:  88%|████████▊ | 30/34 [00:04<00:00,  7.06it/s]01/13/2022 22:05:28 - INFO - __main__ -   Batch number = 31
Evaluating:  91%|█████████ | 31/34 [00:04<00:00,  7.06it/s]01/13/2022 22:05:28 - INFO - __main__ -   Batch number = 32
Evaluating:  94%|█████████▍| 32/34 [00:04<00:00,  7.06it/s]01/13/2022 22:05:28 - INFO - __main__ -   Batch number = 33
Evaluating:  97%|█████████▋| 33/34 [00:04<00:00,  7.05it/s]01/13/2022 22:05:29 - INFO - __main__ -   Batch number = 34
Evaluating: 100%|██████████| 34/34 [00:04<00:00,  7.18it/s]
/home/abhijeet/rohan/venvs/cloud-emea-copy/lib/python3.6/site-packages/seqeval/metrics/sequence_labeling.py:171: UserWarning: NOUN seems not to be NE tag.
  warnings.warn('{} seems not to be NE tag.'.format(chunk))
/home/abhijeet/rohan/venvs/cloud-emea-copy/lib/python3.6/site-packages/seqeval/metrics/sequence_labeling.py:171: UserWarning: VERB seems not to be NE tag.
  warnings.warn('{} seems not to be NE tag.'.format(chunk))
/home/abhijeet/rohan/venvs/cloud-emea-copy/lib/python3.6/site-packages/seqeval/metrics/sequence_labeling.py:171: UserWarning: PUNCT seems not to be NE tag.
  warnings.warn('{} seems not to be NE tag.'.format(chunk))
/home/abhijeet/rohan/venvs/cloud-emea-copy/lib/python3.6/site-packages/seqeval/metrics/sequence_labeling.py:171: UserWarning: PROPN seems not to be NE tag.
  warnings.warn('{} seems not to be NE tag.'.format(chunk))
/home/abhijeet/rohan/venvs/cloud-emea-copy/lib/python3.6/site-packages/seqeval/metrics/sequence_labeling.py:171: UserWarning: DET seems not to be NE tag.
  warnings.warn('{} seems not to be NE tag.'.format(chunk))
/home/abhijeet/rohan/venvs/cloud-emea-copy/lib/python3.6/site-packages/seqeval/metrics/sequence_labeling.py:171: UserWarning: ADP seems not to be NE tag.
  warnings.warn('{} seems not to be NE tag.'.format(chunk))
/home/abhijeet/rohan/venvs/cloud-emea-copy/lib/python3.6/site-packages/seqeval/metrics/sequence_labeling.py:171: UserWarning: ADV seems not to be NE tag.
  warnings.warn('{} seems not to be NE tag.'.format(chunk))
/home/abhijeet/rohan/venvs/cloud-emea-copy/lib/python3.6/site-packages/seqeval/metrics/sequence_labeling.py:171: UserWarning: PRON seems not to be NE tag.
  warnings.warn('{} seems not to be NE tag.'.format(chunk))
/home/abhijeet/rohan/venvs/cloud-emea-copy/lib/python3.6/site-packages/seqeval/metrics/sequence_labeling.py:171: UserWarning: AUX seems not to be NE tag.
  warnings.warn('{} seems not to be NE tag.'.format(chunk))
/home/abhijeet/rohan/venvs/cloud-emea-copy/lib/python3.6/site-packages/seqeval/metrics/sequence_labeling.py:171: UserWarning: SCONJ seems not to be NE tag.
  warnings.warn('{} seems not to be NE tag.'.format(chunk))
/home/abhijeet/rohan/venvs/cloud-emea-copy/lib/python3.6/site-packages/seqeval/metrics/sequence_labeling.py:171: UserWarning: CCONJ seems not to be NE tag.
  warnings.warn('{} seems not to be NE tag.'.format(chunk))
/home/abhijeet/rohan/venvs/cloud-emea-copy/lib/python3.6/site-packages/seqeval/metrics/sequence_labeling.py:171: UserWarning: ADJ seems not to be NE tag.
  warnings.warn('{} seems not to be NE tag.'.format(chunk))
/home/abhijeet/rohan/venvs/cloud-emea-copy/lib/python3.6/site-packages/seqeval/metrics/sequence_labeling.py:171: UserWarning: NUM seems not to be NE tag.
  warnings.warn('{} seems not to be NE tag.'.format(chunk))
/home/abhijeet/rohan/venvs/cloud-emea-copy/lib/python3.6/site-packages/seqeval/metrics/sequence_labeling.py:171: UserWarning: INTJ seems not to be NE tag.
  warnings.warn('{} seems not to be NE tag.'.format(chunk))
/home/abhijeet/rohan/venvs/cloud-emea-copy/lib/python3.6/site-packages/seqeval/metrics/sequence_labeling.py:171: UserWarning: PART seems not to be NE tag.
  warnings.warn('{} seems not to be NE tag.'.format(chunk))
/home/abhijeet/rohan/venvs/cloud-emea-copy/lib/python3.6/site-packages/seqeval/metrics/sequence_labeling.py:171: UserWarning: SYM seems not to be NE tag.
  warnings.warn('{} seems not to be NE tag.'.format(chunk))
01/13/2022 22:05:29 - INFO - __main__ -   ***** Evaluation result  in am *****
01/13/2022 22:05:29 - INFO - __main__ -     f1 = 0.051413881748071974
01/13/2022 22:05:29 - INFO - __main__ -     loss = 3.327549941399518
01/13/2022 22:05:29 - INFO - __main__ -     precision = 0.11389521640091116
01/13/2022 22:05:29 - INFO - __main__ -     recall = 0.033200531208499334
20.02user 10.91system 0:20.09elapsed 153%CPU (0avgtext+0avgdata 3964692maxresident)k
0inputs+144outputs (0major+1243703minor)pagefaults 0swaps
PyTorch version 1.10.1+cu102 available.
01/13/2022 22:05:31 - INFO - root -   Input args: ModelArguments(model_name_or_path='bert-base-multilingual-cased', model_type='bert', config_name=None, tokenizer_name=None, cache_dir=None, labels='/home/abhijeet/rohan/cloud-emea-copy/data//udpos/udpos_processed_maxlen128//labels.txt', data_dir='/home/abhijeet/rohan/cloud-emea-copy/data//udpos/udpos_processed_maxlen128/', output_dir='/home/abhijeet/rohan/cloud-emea-copy/outputs//udpos/my-bert-base-multilingual-cased-MaxLen128_udpos_xmf/', max_seq_length=128, do_train=False, do_eval=False, do_predict=True, do_adapter_predict=False, do_predict_dev=False, do_predict_train=False, init_checkpoint=None, evaluate_during_training=False, do_lower_case=False, few_shot=-1, per_gpu_train_batch_size=8, per_gpu_eval_batch_size=32, gradient_accumulation_steps=4, learning_rate=5e-05, weight_decay=0.0, adam_epsilon=1e-08, max_grad_norm=1.0, num_train_epochs=50.0, max_steps=-1, save_steps=1000, warmup_steps=0, logging_steps=50, save_only_best_checkpoint=True, eval_all_checkpoints=True, no_cuda=False, overwrite_output_dir=True, overwrite_cache=False, seed=3, fp16=False, fp16_opt_level='O1', local_rank=-1, server_ip='', server_port='', predict_langs='am', train_langs='en', log_file='/home/abhijeet/rohan/cloud-emea-copy/outputs//udpos/my-bert-base-multilingual-cased-MaxLen128_udpos_xmf//train_am.log', eval_patience=-1, bpe_dropout=0, do_save_adapter_fusions=False, task_name='udpos', predict_task_adapter='output/udpos/my-bert-base-multilingual-cased-LR1e-4-epoch50-MaxLen128-TrainLangen_en_s3/checkpoint-best/udpos/', predict_lang_adapter=None, test_adapter=True, adapter_weight=None, lang_to_vec=None, calc_weight_step=0, predict_save_prefix='', en_weight=None, temperature=1.0, get_attr=False, topk=1, task='udpos')
01/13/2022 22:05:31 - WARNING - __main__ -   Process rank: -1, device: cuda, n_gpu: 1, distributed training: False, 16-bits training: False
01/13/2022 22:05:31 - INFO - __main__ -   Seed = 3
01/13/2022 22:05:31 - INFO - root -   save model
01/13/2022 22:05:31 - INFO - __main__ -   Training/evaluation parameters ModelArguments(model_name_or_path='bert-base-multilingual-cased', model_type='bert', config_name=None, tokenizer_name=None, cache_dir=None, labels='/home/abhijeet/rohan/cloud-emea-copy/data//udpos/udpos_processed_maxlen128//labels.txt', data_dir='/home/abhijeet/rohan/cloud-emea-copy/data//udpos/udpos_processed_maxlen128/', output_dir='/home/abhijeet/rohan/cloud-emea-copy/outputs//udpos/my-bert-base-multilingual-cased-MaxLen128_udpos_xmf/', max_seq_length=128, do_train=False, do_eval=False, do_predict=True, do_adapter_predict=False, do_predict_dev=False, do_predict_train=False, init_checkpoint=None, evaluate_during_training=False, do_lower_case=False, few_shot=-1, per_gpu_train_batch_size=8, per_gpu_eval_batch_size=32, gradient_accumulation_steps=4, learning_rate=5e-05, weight_decay=0.0, adam_epsilon=1e-08, max_grad_norm=1.0, num_train_epochs=50.0, max_steps=-1, save_steps=1000, warmup_steps=0, logging_steps=50, save_only_best_checkpoint=True, eval_all_checkpoints=True, no_cuda=False, overwrite_output_dir=True, overwrite_cache=False, seed=3, fp16=False, fp16_opt_level='O1', local_rank=-1, server_ip='', server_port='', predict_langs='am', train_langs='en', log_file='/home/abhijeet/rohan/cloud-emea-copy/outputs//udpos/my-bert-base-multilingual-cased-MaxLen128_udpos_xmf//train_am.log', eval_patience=-1, bpe_dropout=0, do_save_adapter_fusions=False, task_name='udpos', predict_task_adapter='output/udpos/my-bert-base-multilingual-cased-LR1e-4-epoch50-MaxLen128-TrainLangen_en_s3/checkpoint-best/udpos/', predict_lang_adapter=None, test_adapter=True, adapter_weight=None, lang_to_vec=None, calc_weight_step=0, predict_save_prefix='', en_weight=None, temperature=1.0, get_attr=False, topk=1, task='udpos')
01/13/2022 22:05:31 - INFO - __main__ -   Loading pretrained model and tokenizer
loading configuration file https://huggingface.co/bert-base-multilingual-cased/resolve/main/config.json from cache at /home/abhijeet/.cache/torch/transformers/6c4a5d81a58c9791cdf76a09bce1b5abfb9cf958aebada51200f4515403e5d08.0fe59f3f4f1335dadeb4bce8b8146199d9083512b50d07323c1c319f96df450c
Model config BertConfig {
  "adapters": {
    "adapters": {},
    "config_map": {}
  },
  "architectures": [
    "BertForMaskedLM"
  ],
  "attention_probs_dropout_prob": 0.1,
  "directionality": "bidi",
  "gradient_checkpointing": false,
  "hidden_act": "gelu",
  "hidden_dropout_prob": 0.1,
  "hidden_size": 768,
  "id2label": {
    "0": "LABEL_0",
    "1": "LABEL_1",
    "2": "LABEL_2",
    "3": "LABEL_3",
    "4": "LABEL_4",
    "5": "LABEL_5",
    "6": "LABEL_6",
    "7": "LABEL_7",
    "8": "LABEL_8",
    "9": "LABEL_9",
    "10": "LABEL_10",
    "11": "LABEL_11",
    "12": "LABEL_12",
    "13": "LABEL_13",
    "14": "LABEL_14",
    "15": "LABEL_15",
    "16": "LABEL_16",
    "17": "LABEL_17"
  },
  "initializer_range": 0.02,
  "intermediate_size": 3072,
  "label2id": {
    "LABEL_0": 0,
    "LABEL_1": 1,
    "LABEL_10": 10,
    "LABEL_11": 11,
    "LABEL_12": 12,
    "LABEL_13": 13,
    "LABEL_14": 14,
    "LABEL_15": 15,
    "LABEL_16": 16,
    "LABEL_17": 17,
    "LABEL_2": 2,
    "LABEL_3": 3,
    "LABEL_4": 4,
    "LABEL_5": 5,
    "LABEL_6": 6,
    "LABEL_7": 7,
    "LABEL_8": 8,
    "LABEL_9": 9
  },
  "layer_norm_eps": 1e-12,
  "max_position_embeddings": 512,
  "model_type": "bert",
  "num_attention_heads": 12,
  "num_hidden_layers": 12,
  "pad_token_id": 0,
  "pooler_fc_size": 768,
  "pooler_num_attention_heads": 12,
  "pooler_num_fc_layers": 3,
  "pooler_size_per_head": 128,
  "pooler_type": "first_token_transform",
  "type_vocab_size": 2,
  "vocab_size": 119547
}

loading configuration file https://huggingface.co/bert-base-multilingual-cased/resolve/main/config.json from cache at /home/abhijeet/.cache/torch/transformers/6c4a5d81a58c9791cdf76a09bce1b5abfb9cf958aebada51200f4515403e5d08.0fe59f3f4f1335dadeb4bce8b8146199d9083512b50d07323c1c319f96df450c
Model config BertConfig {
  "adapters": {
    "adapters": {},
    "config_map": {}
  },
  "architectures": [
    "BertForMaskedLM"
  ],
  "attention_probs_dropout_prob": 0.1,
  "directionality": "bidi",
  "gradient_checkpointing": false,
  "hidden_act": "gelu",
  "hidden_dropout_prob": 0.1,
  "hidden_size": 768,
  "initializer_range": 0.02,
  "intermediate_size": 3072,
  "layer_norm_eps": 1e-12,
  "max_position_embeddings": 512,
  "model_type": "bert",
  "num_attention_heads": 12,
  "num_hidden_layers": 12,
  "pad_token_id": 0,
  "pooler_fc_size": 768,
  "pooler_num_attention_heads": 12,
  "pooler_num_fc_layers": 3,
  "pooler_size_per_head": 128,
  "pooler_type": "first_token_transform",
  "type_vocab_size": 2,
  "vocab_size": 119547
}

loading file https://huggingface.co/bert-base-multilingual-cased/resolve/main/vocab.txt from cache at /home/abhijeet/.cache/torch/transformers/eff018e45de5364a8368df1f2df3461d506e2a111e9dd50af1fae061cd460ead.6c5b6600e968f4b5e08c86d8891ea99e51537fc2bf251435fb46922e8f7a7b29
01/13/2022 22:05:34 - INFO - __main__ -   loading from existing model bert-base-multilingual-cased
loading weights file https://huggingface.co/bert-base-multilingual-cased/resolve/main/pytorch_model.bin from cache at /home/abhijeet/.cache/torch/transformers/0a3fd51713dcbb4def175c7f85bddc995d5976ce1dde327f99104e4d33069f17.aa7be4c79d76f4066d9b354496ea477c9ee39c5d889156dd1efb680643c2b052
Some weights of the model checkpoint at bert-base-multilingual-cased were not used when initializing BertForTokenClassification: ['cls.predictions.bias', 'cls.predictions.transform.dense.weight', 'cls.predictions.transform.dense.bias', 'cls.predictions.decoder.weight', 'cls.seq_relationship.weight', 'cls.seq_relationship.bias', 'cls.predictions.transform.LayerNorm.weight', 'cls.predictions.transform.LayerNorm.bias']
- This IS expected if you are initializing BertForTokenClassification from the checkpoint of a model trained on another task or with another architecture (e.g. initializing a BertForSequenceClassification model from a BertForPreTraining model).
- This IS NOT expected if you are initializing BertForTokenClassification from the checkpoint of a model that you expect to be exactly identical (initializing a BertForSequenceClassification model from a BertForSequenceClassification model).
Some weights of BertForTokenClassification were not initialized from the model checkpoint at bert-base-multilingual-cased and are newly initialized: ['classifier.weight', 'classifier.bias']
You should probably TRAIN this model on a down-stream task to be able to use it for predictions and inference.
01/13/2022 22:05:39 - INFO - __main__ -   Using lang2id = None
01/13/2022 22:05:39 - INFO - __main__ -   Evaluating the model on test set of all the languages specified
01/13/2022 22:05:39 - INFO - __main__ -   Task Adapter will be loaded from this path output/udpos/my-bert-base-multilingual-cased-LR1e-4-epoch50-MaxLen128-TrainLangen_en_s3/checkpoint-best/udpos/
01/13/2022 22:05:39 - INFO - root -   Trying to decide if add adapter
01/13/2022 22:05:39 - INFO - root -   loading task adapter
Loading module configuration from output/udpos/my-bert-base-multilingual-cased-LR1e-4-epoch50-MaxLen128-TrainLangen_en_s3/checkpoint-best/udpos/adapter_config.json
Adding adapter 'udpos' of type 'text_task'.
Loading module weights from output/udpos/my-bert-base-multilingual-cased-LR1e-4-epoch50-MaxLen128-TrainLangen_en_s3/checkpoint-best/udpos/pytorch_adapter.bin
Loading module configuration from output/udpos/my-bert-base-multilingual-cased-LR1e-4-epoch50-MaxLen128-TrainLangen_en_s3/checkpoint-best/udpos/head_config.json
Loading module weights from output/udpos/my-bert-base-multilingual-cased-LR1e-4-epoch50-MaxLen128-TrainLangen_en_s3/checkpoint-best/udpos/pytorch_model_head.bin
01/13/2022 22:05:39 - INFO - root -   loading lang adpater xmf/wiki@ukp
01/13/2022 22:05:39 - INFO - __main__ -   Adapter Languages : ['xmf'], Length : 1
01/13/2022 22:05:39 - INFO - __main__ -   Adapter Names ['xmf/wiki@ukp'], Length : 1
01/13/2022 22:05:39 - INFO - __main__ -   Language = xmf
01/13/2022 22:05:39 - INFO - __main__ -   Adapter Name = xmf/wiki@ukp
No exactly matching adapter config found for this specifier, falling back to default.
Resolved adapter files at https://public.ukp.informatik.tu-darmstadt.de/AdapterHub/text_lang/xmf/bert-base-multilingual-cased/pfeiffer/xmf_pfeiffer_gelu_nd.zip.
Loading module configuration from /home/abhijeet/.cache/torch/adapters/de4cf7ebb957cc647355066066df3562022bd36d5e1fb267b268c73c885ba1b8-059cec88a14bf5e4aa255942ab8a6b7e4e2aefebfbf02361c648b5817e3184df-extracted/adapter_config.json
Adding adapter 'xmf' of type 'text_lang'.
Loading module weights from /home/abhijeet/.cache/torch/adapters/de4cf7ebb957cc647355066066df3562022bd36d5e1fb267b268c73c885ba1b8-059cec88a14bf5e4aa255942ab8a6b7e4e2aefebfbf02361c648b5817e3184df-extracted/pytorch_adapter.bin
No matching prediction head found in '/home/abhijeet/.cache/torch/adapters/de4cf7ebb957cc647355066066df3562022bd36d5e1fb267b268c73c885ba1b8-059cec88a14bf5e4aa255942ab8a6b7e4e2aefebfbf02361c648b5817e3184df-extracted'
01/13/2022 22:05:44 - INFO - __main__ -   Language adapter for am not found, using xmf instead
01/13/2022 22:05:44 - INFO - __main__ -   Set active language adapter to xmf
01/13/2022 22:05:44 - INFO - __main__ -   Args Adapter Weight = None
01/13/2022 22:05:44 - INFO - __main__ -   Adapter Languages = ['xmf']
01/13/2022 22:05:44 - INFO - __main__ -   Loading features from cached file /home/abhijeet/rohan/cloud-emea-copy/data//udpos/udpos_processed_maxlen128/cached_test_am_bert-base-multilingual-cased_128
01/13/2022 22:05:44 - INFO - __main__ -   ***** Running evaluation  in am *****
01/13/2022 22:05:44 - INFO - __main__ -     Num examples = 1074
01/13/2022 22:05:44 - INFO - __main__ -     Batch size = 32
**********
Evaluating:   0%|          | 0/34 [00:00<?, ?it/s]01/13/2022 22:05:44 - INFO - __main__ -   Batch number = 1
Evaluating:   3%|▎         | 1/34 [00:00<00:05,  6.34it/s]01/13/2022 22:05:44 - INFO - __main__ -   Batch number = 2
Evaluating:   6%|▌         | 2/34 [00:00<00:04,  6.57it/s]01/13/2022 22:05:44 - INFO - __main__ -   Batch number = 3
Evaluating:   9%|▉         | 3/34 [00:00<00:04,  6.79it/s]01/13/2022 22:05:44 - INFO - __main__ -   Batch number = 4
Evaluating:  12%|█▏        | 4/34 [00:00<00:04,  6.96it/s]01/13/2022 22:05:44 - INFO - __main__ -   Batch number = 5
Evaluating:  15%|█▍        | 5/34 [00:00<00:04,  7.04it/s]01/13/2022 22:05:45 - INFO - __main__ -   Batch number = 6
Evaluating:  18%|█▊        | 6/34 [00:00<00:03,  7.09it/s]01/13/2022 22:05:45 - INFO - __main__ -   Batch number = 7
Evaluating:  21%|██        | 7/34 [00:01<00:03,  7.13it/s]01/13/2022 22:05:45 - INFO - __main__ -   Batch number = 8
Evaluating:  24%|██▎       | 8/34 [00:01<00:03,  7.15it/s]01/13/2022 22:05:45 - INFO - __main__ -   Batch number = 9
Evaluating:  26%|██▋       | 9/34 [00:01<00:03,  7.13it/s]01/13/2022 22:05:45 - INFO - __main__ -   Batch number = 10
Evaluating:  29%|██▉       | 10/34 [00:01<00:03,  7.13it/s]01/13/2022 22:05:45 - INFO - __main__ -   Batch number = 11
Evaluating:  32%|███▏      | 11/34 [00:01<00:03,  7.12it/s]01/13/2022 22:05:45 - INFO - __main__ -   Batch number = 12
Evaluating:  35%|███▌      | 12/34 [00:01<00:03,  7.13it/s]01/13/2022 22:05:46 - INFO - __main__ -   Batch number = 13
Evaluating:  38%|███▊      | 13/34 [00:01<00:02,  7.14it/s]01/13/2022 22:05:46 - INFO - __main__ -   Batch number = 14
Evaluating:  41%|████      | 14/34 [00:01<00:02,  7.13it/s]01/13/2022 22:05:46 - INFO - __main__ -   Batch number = 15
Evaluating:  44%|████▍     | 15/34 [00:02<00:02,  7.14it/s]01/13/2022 22:05:46 - INFO - __main__ -   Batch number = 16
Evaluating:  47%|████▋     | 16/34 [00:02<00:02,  7.15it/s]01/13/2022 22:05:46 - INFO - __main__ -   Batch number = 17
Evaluating:  50%|█████     | 17/34 [00:02<00:02,  7.14it/s]01/13/2022 22:05:46 - INFO - __main__ -   Batch number = 18
Evaluating:  53%|█████▎    | 18/34 [00:02<00:02,  7.15it/s]01/13/2022 22:05:46 - INFO - __main__ -   Batch number = 19
Evaluating:  56%|█████▌    | 19/34 [00:02<00:02,  7.15it/s]01/13/2022 22:05:47 - INFO - __main__ -   Batch number = 20
Evaluating:  59%|█████▉    | 20/34 [00:02<00:01,  7.13it/s]01/13/2022 22:05:47 - INFO - __main__ -   Batch number = 21
Evaluating:  62%|██████▏   | 21/34 [00:02<00:01,  7.13it/s]01/13/2022 22:05:47 - INFO - __main__ -   Batch number = 22
Evaluating:  65%|██████▍   | 22/34 [00:03<00:01,  7.12it/s]01/13/2022 22:05:47 - INFO - __main__ -   Batch number = 23
Evaluating:  68%|██████▊   | 23/34 [00:03<00:01,  7.10it/s]01/13/2022 22:05:47 - INFO - __main__ -   Batch number = 24
Evaluating:  71%|███████   | 24/34 [00:03<00:01,  6.89it/s]01/13/2022 22:05:47 - INFO - __main__ -   Batch number = 25
Evaluating:  74%|███████▎  | 25/34 [00:03<00:01,  6.90it/s]01/13/2022 22:05:47 - INFO - __main__ -   Batch number = 26
Evaluating:  76%|███████▋  | 26/34 [00:03<00:01,  6.92it/s]01/13/2022 22:05:48 - INFO - __main__ -   Batch number = 27
Evaluating:  79%|███████▉  | 27/34 [00:03<00:01,  6.95it/s]01/13/2022 22:05:48 - INFO - __main__ -   Batch number = 28
Evaluating:  82%|████████▏ | 28/34 [00:03<00:00,  6.96it/s]01/13/2022 22:05:48 - INFO - __main__ -   Batch number = 29
Evaluating:  85%|████████▌ | 29/34 [00:04<00:00,  6.97it/s]01/13/2022 22:05:48 - INFO - __main__ -   Batch number = 30
Evaluating:  88%|████████▊ | 30/34 [00:04<00:00,  6.98it/s]01/13/2022 22:05:48 - INFO - __main__ -   Batch number = 31
Evaluating:  91%|█████████ | 31/34 [00:04<00:00,  6.98it/s]01/13/2022 22:05:48 - INFO - __main__ -   Batch number = 32
Evaluating:  94%|█████████▍| 32/34 [00:04<00:00,  7.00it/s]01/13/2022 22:05:48 - INFO - __main__ -   Batch number = 33
Evaluating:  97%|█████████▋| 33/34 [00:04<00:00,  6.99it/s]01/13/2022 22:05:49 - INFO - __main__ -   Batch number = 34
Evaluating: 100%|██████████| 34/34 [00:04<00:00,  7.12it/s]
/home/abhijeet/rohan/venvs/cloud-emea-copy/lib/python3.6/site-packages/seqeval/metrics/sequence_labeling.py:171: UserWarning: NOUN seems not to be NE tag.
  warnings.warn('{} seems not to be NE tag.'.format(chunk))
/home/abhijeet/rohan/venvs/cloud-emea-copy/lib/python3.6/site-packages/seqeval/metrics/sequence_labeling.py:171: UserWarning: VERB seems not to be NE tag.
  warnings.warn('{} seems not to be NE tag.'.format(chunk))
/home/abhijeet/rohan/venvs/cloud-emea-copy/lib/python3.6/site-packages/seqeval/metrics/sequence_labeling.py:171: UserWarning: PUNCT seems not to be NE tag.
  warnings.warn('{} seems not to be NE tag.'.format(chunk))
/home/abhijeet/rohan/venvs/cloud-emea-copy/lib/python3.6/site-packages/seqeval/metrics/sequence_labeling.py:171: UserWarning: PROPN seems not to be NE tag.
  warnings.warn('{} seems not to be NE tag.'.format(chunk))
/home/abhijeet/rohan/venvs/cloud-emea-copy/lib/python3.6/site-packages/seqeval/metrics/sequence_labeling.py:171: UserWarning: DET seems not to be NE tag.
  warnings.warn('{} seems not to be NE tag.'.format(chunk))
/home/abhijeet/rohan/venvs/cloud-emea-copy/lib/python3.6/site-packages/seqeval/metrics/sequence_labeling.py:171: UserWarning: ADP seems not to be NE tag.
  warnings.warn('{} seems not to be NE tag.'.format(chunk))
/home/abhijeet/rohan/venvs/cloud-emea-copy/lib/python3.6/site-packages/seqeval/metrics/sequence_labeling.py:171: UserWarning: ADV seems not to be NE tag.
  warnings.warn('{} seems not to be NE tag.'.format(chunk))
/home/abhijeet/rohan/venvs/cloud-emea-copy/lib/python3.6/site-packages/seqeval/metrics/sequence_labeling.py:171: UserWarning: PRON seems not to be NE tag.
  warnings.warn('{} seems not to be NE tag.'.format(chunk))
/home/abhijeet/rohan/venvs/cloud-emea-copy/lib/python3.6/site-packages/seqeval/metrics/sequence_labeling.py:171: UserWarning: AUX seems not to be NE tag.
  warnings.warn('{} seems not to be NE tag.'.format(chunk))
/home/abhijeet/rohan/venvs/cloud-emea-copy/lib/python3.6/site-packages/seqeval/metrics/sequence_labeling.py:171: UserWarning: SCONJ seems not to be NE tag.
  warnings.warn('{} seems not to be NE tag.'.format(chunk))
/home/abhijeet/rohan/venvs/cloud-emea-copy/lib/python3.6/site-packages/seqeval/metrics/sequence_labeling.py:171: UserWarning: CCONJ seems not to be NE tag.
  warnings.warn('{} seems not to be NE tag.'.format(chunk))
/home/abhijeet/rohan/venvs/cloud-emea-copy/lib/python3.6/site-packages/seqeval/metrics/sequence_labeling.py:171: UserWarning: ADJ seems not to be NE tag.
  warnings.warn('{} seems not to be NE tag.'.format(chunk))
/home/abhijeet/rohan/venvs/cloud-emea-copy/lib/python3.6/site-packages/seqeval/metrics/sequence_labeling.py:171: UserWarning: NUM seems not to be NE tag.
  warnings.warn('{} seems not to be NE tag.'.format(chunk))
/home/abhijeet/rohan/venvs/cloud-emea-copy/lib/python3.6/site-packages/seqeval/metrics/sequence_labeling.py:171: UserWarning: INTJ seems not to be NE tag.
  warnings.warn('{} seems not to be NE tag.'.format(chunk))
/home/abhijeet/rohan/venvs/cloud-emea-copy/lib/python3.6/site-packages/seqeval/metrics/sequence_labeling.py:171: UserWarning: PART seems not to be NE tag.
  warnings.warn('{} seems not to be NE tag.'.format(chunk))
01/13/2022 22:05:49 - INFO - __main__ -   ***** Evaluation result  in am *****
01/13/2022 22:05:49 - INFO - __main__ -     f1 = 0.06793434097188362
01/13/2022 22:05:49 - INFO - __main__ -     loss = 1.8850184363477371
01/13/2022 22:05:49 - INFO - __main__ -     precision = 0.12782874617737003
01/13/2022 22:05:49 - INFO - __main__ -     recall = 0.04625940681717574
19.74user 11.49system 0:20.02elapsed 156%CPU (0avgtext+0avgdata 3965060maxresident)k
0inputs+136outputs (0major+1260263minor)pagefaults 0swaps
