11/21/2021 15:35:08 - INFO - root -   Input args: ModelArguments(model_name_or_path='bert-base-multilingual-cased', model_type='bert', config_name=None, tokenizer_name=None, cache_dir=None, labels='/home/abhijeet/rohan/cloud-emea/data//panx/panx_processed_maxlen128//labels.txt', data_dir='/home/abhijeet/rohan/cloud-emea/data//panx/panx_processed_maxlen128/', output_dir='/home/abhijeet/rohan/cloud-emea/outputs//panx/my-bert-base-multilingual-cased-MaxLen128_ner_ilo/', max_seq_length=128, do_train=False, do_eval=False, do_predict=True, do_adapter_predict=False, do_predict_dev=False, do_predict_train=False, init_checkpoint=None, evaluate_during_training=False, do_lower_case=False, few_shot=-1, per_gpu_train_batch_size=8, per_gpu_eval_batch_size=32, gradient_accumulation_steps=4, learning_rate=5e-05, weight_decay=0.0, adam_epsilon=1e-08, max_grad_norm=1.0, num_train_epochs=100.0, max_steps=-1, save_steps=1000, warmup_steps=0, logging_steps=50, save_only_best_checkpoint=True, eval_all_checkpoints=True, no_cuda=False, overwrite_output_dir=True, overwrite_cache=False, seed=1, fp16=False, fp16_opt_level='O1', local_rank=-1, server_ip='', server_port='', predict_langs='mr', train_langs='en', log_file='/home/abhijeet/rohan/cloud-emea/outputs//panx/my-bert-base-multilingual-cased-MaxLen128_ner_ilo//train_ar.log', eval_patience=-1, bpe_dropout=0, do_save_adapter_fusions=False, task_name='ner', predict_task_adapter='output/panx/my-bert-base-multilingual-cased-LR1e-4-epoch100-MaxLen128-TrainLangen_en_s1/checkpoint-best/ner/', predict_lang_adapter=None, test_adapter=True, adapter_weight=None, lang_to_vec=None, calc_weight_step=0, predict_save_prefix='', en_weight=None, temperature=1.0, get_attr=False, topk=1, task='udpos')
11/21/2021 15:35:08 - WARNING - __main__ -   Process rank: -1, device: cuda, n_gpu: 1, distributed training: False, 16-bits training: False
11/21/2021 15:35:08 - INFO - __main__ -   Seed = 1
11/21/2021 15:35:08 - INFO - root -   save model
11/21/2021 15:35:08 - INFO - __main__ -   Training/evaluation parameters ModelArguments(model_name_or_path='bert-base-multilingual-cased', model_type='bert', config_name=None, tokenizer_name=None, cache_dir=None, labels='/home/abhijeet/rohan/cloud-emea/data//panx/panx_processed_maxlen128//labels.txt', data_dir='/home/abhijeet/rohan/cloud-emea/data//panx/panx_processed_maxlen128/', output_dir='/home/abhijeet/rohan/cloud-emea/outputs//panx/my-bert-base-multilingual-cased-MaxLen128_ner_ilo/', max_seq_length=128, do_train=False, do_eval=False, do_predict=True, do_adapter_predict=False, do_predict_dev=False, do_predict_train=False, init_checkpoint=None, evaluate_during_training=False, do_lower_case=False, few_shot=-1, per_gpu_train_batch_size=8, per_gpu_eval_batch_size=32, gradient_accumulation_steps=4, learning_rate=5e-05, weight_decay=0.0, adam_epsilon=1e-08, max_grad_norm=1.0, num_train_epochs=100.0, max_steps=-1, save_steps=1000, warmup_steps=0, logging_steps=50, save_only_best_checkpoint=True, eval_all_checkpoints=True, no_cuda=False, overwrite_output_dir=True, overwrite_cache=False, seed=1, fp16=False, fp16_opt_level='O1', local_rank=-1, server_ip='', server_port='', predict_langs='mr', train_langs='en', log_file='/home/abhijeet/rohan/cloud-emea/outputs//panx/my-bert-base-multilingual-cased-MaxLen128_ner_ilo//train_ar.log', eval_patience=-1, bpe_dropout=0, do_save_adapter_fusions=False, task_name='ner', predict_task_adapter='output/panx/my-bert-base-multilingual-cased-LR1e-4-epoch100-MaxLen128-TrainLangen_en_s1/checkpoint-best/ner/', predict_lang_adapter=None, test_adapter=True, adapter_weight=None, lang_to_vec=None, calc_weight_step=0, predict_save_prefix='', en_weight=None, temperature=1.0, get_attr=False, topk=1, task='udpos')
11/21/2021 15:35:08 - INFO - __main__ -   Loading pretrained model and tokenizer
11/21/2021 15:35:11 - INFO - __main__ -   loading from existing model bert-base-multilingual-cased
11/21/2021 15:35:16 - INFO - __main__ -   Using lang2id = None
11/21/2021 15:35:16 - INFO - __main__ -   Evaluating the model on test set of all the languages specified
11/21/2021 15:35:16 - INFO - __main__ -   Task Adapter will be loaded from this path output/panx/my-bert-base-multilingual-cased-LR1e-4-epoch100-MaxLen128-TrainLangen_en_s1/checkpoint-best/ner/
11/21/2021 15:35:16 - INFO - root -   Trying to decide if add adapter
11/21/2021 15:35:16 - INFO - root -   loading task adapter
11/21/2021 15:35:17 - INFO - root -   loading lang adpater ilo/wiki@ukp
11/21/2021 15:35:17 - INFO - __main__ -   Adapter Languages : ['ilo'], Length : 1
11/21/2021 15:35:17 - INFO - __main__ -   Adapter Names ['ilo/wiki@ukp'], Length : 1
11/21/2021 15:35:17 - INFO - __main__ -   Language = ilo
11/21/2021 15:35:17 - INFO - __main__ -   Adapter Name = ilo/wiki@ukp
11/21/2021 15:35:21 - INFO - __main__ -   Language adapter for mr not found, using ilo instead
11/21/2021 15:35:21 - INFO - __main__ -   Set active language adapter to ilo
11/21/2021 15:35:21 - INFO - __main__ -   Args Adapter Weight = None
11/21/2021 15:35:21 - INFO - __main__ -   Adapter Languages = ['ilo']
11/21/2021 15:35:21 - INFO - __main__ -   Loading features from cached file /home/abhijeet/rohan/cloud-emea/data//panx/panx_processed_maxlen128/cached_test_mr_bert-base-multilingual-cased_128
11/21/2021 15:35:21 - INFO - __main__ -   ***** Running evaluation  in mr *****
11/21/2021 15:35:21 - INFO - __main__ -     Num examples = 1000
11/21/2021 15:35:21 - INFO - __main__ -     Batch size = 32
11/21/2021 15:35:21 - INFO - __main__ -   Batch number = 1
11/21/2021 15:35:21 - INFO - __main__ -   Batch number = 2
11/21/2021 15:35:21 - INFO - __main__ -   Batch number = 3
11/21/2021 15:35:21 - INFO - __main__ -   Batch number = 4
11/21/2021 15:35:21 - INFO - __main__ -   Batch number = 5
11/21/2021 15:35:21 - INFO - __main__ -   Batch number = 6
11/21/2021 15:35:22 - INFO - __main__ -   Batch number = 7
11/21/2021 15:35:22 - INFO - __main__ -   Batch number = 8
11/21/2021 15:35:22 - INFO - __main__ -   Batch number = 9
11/21/2021 15:35:22 - INFO - __main__ -   Batch number = 10
11/21/2021 15:35:22 - INFO - __main__ -   Batch number = 11
11/21/2021 15:35:22 - INFO - __main__ -   Batch number = 12
11/21/2021 15:35:22 - INFO - __main__ -   Batch number = 13
11/21/2021 15:35:22 - INFO - __main__ -   Batch number = 14
11/21/2021 15:35:23 - INFO - __main__ -   Batch number = 15
11/21/2021 15:35:23 - INFO - __main__ -   Batch number = 16
11/21/2021 15:35:23 - INFO - __main__ -   Batch number = 17
11/21/2021 15:35:23 - INFO - __main__ -   Batch number = 18
11/21/2021 15:35:23 - INFO - __main__ -   Batch number = 19
11/21/2021 15:35:23 - INFO - __main__ -   Batch number = 20
11/21/2021 15:35:23 - INFO - __main__ -   Batch number = 21
11/21/2021 15:35:24 - INFO - __main__ -   Batch number = 22
11/21/2021 15:35:24 - INFO - __main__ -   Batch number = 23
11/21/2021 15:35:24 - INFO - __main__ -   Batch number = 24
11/21/2021 15:35:24 - INFO - __main__ -   Batch number = 25
11/21/2021 15:35:24 - INFO - __main__ -   Batch number = 26
11/21/2021 15:35:24 - INFO - __main__ -   Batch number = 27
11/21/2021 15:35:24 - INFO - __main__ -   Batch number = 28
11/21/2021 15:35:25 - INFO - __main__ -   Batch number = 29
11/21/2021 15:35:25 - INFO - __main__ -   Batch number = 30
11/21/2021 15:35:25 - INFO - __main__ -   Batch number = 31
11/21/2021 15:35:25 - INFO - __main__ -   Batch number = 32
11/21/2021 15:35:25 - INFO - __main__ -   ***** Evaluation result  in mr *****
11/21/2021 15:35:25 - INFO - __main__ -     f1 = 0.3115942028985507
11/21/2021 15:35:25 - INFO - __main__ -     loss = 3.193346932530403
11/21/2021 15:35:25 - INFO - __main__ -     precision = 0.31721311475409836
11/21/2021 15:35:25 - INFO - __main__ -     recall = 0.3061708860759494
11/21/2021 15:35:27 - INFO - root -   Input args: ModelArguments(model_name_or_path='bert-base-multilingual-cased', model_type='bert', config_name=None, tokenizer_name=None, cache_dir=None, labels='/home/abhijeet/rohan/cloud-emea/data//panx/panx_processed_maxlen128//labels.txt', data_dir='/home/abhijeet/rohan/cloud-emea/data//panx/panx_processed_maxlen128/', output_dir='/home/abhijeet/rohan/cloud-emea/outputs//panx/my-bert-base-multilingual-cased-MaxLen128_ner_ilo/', max_seq_length=128, do_train=False, do_eval=False, do_predict=True, do_adapter_predict=False, do_predict_dev=False, do_predict_train=False, init_checkpoint=None, evaluate_during_training=False, do_lower_case=False, few_shot=-1, per_gpu_train_batch_size=8, per_gpu_eval_batch_size=32, gradient_accumulation_steps=4, learning_rate=5e-05, weight_decay=0.0, adam_epsilon=1e-08, max_grad_norm=1.0, num_train_epochs=100.0, max_steps=-1, save_steps=1000, warmup_steps=0, logging_steps=50, save_only_best_checkpoint=True, eval_all_checkpoints=True, no_cuda=False, overwrite_output_dir=True, overwrite_cache=False, seed=2, fp16=False, fp16_opt_level='O1', local_rank=-1, server_ip='', server_port='', predict_langs='mr', train_langs='en', log_file='/home/abhijeet/rohan/cloud-emea/outputs//panx/my-bert-base-multilingual-cased-MaxLen128_ner_ilo//train_ar.log', eval_patience=-1, bpe_dropout=0, do_save_adapter_fusions=False, task_name='ner', predict_task_adapter='output/panx/my-bert-base-multilingual-cased-LR1e-4-epoch100-MaxLen128-TrainLangen_en_s2/checkpoint-best/ner/', predict_lang_adapter=None, test_adapter=True, adapter_weight=None, lang_to_vec=None, calc_weight_step=0, predict_save_prefix='', en_weight=None, temperature=1.0, get_attr=False, topk=1, task='udpos')
11/21/2021 15:35:27 - WARNING - __main__ -   Process rank: -1, device: cuda, n_gpu: 1, distributed training: False, 16-bits training: False
11/21/2021 15:35:27 - INFO - __main__ -   Seed = 2
11/21/2021 15:35:27 - INFO - root -   save model
11/21/2021 15:35:27 - INFO - __main__ -   Training/evaluation parameters ModelArguments(model_name_or_path='bert-base-multilingual-cased', model_type='bert', config_name=None, tokenizer_name=None, cache_dir=None, labels='/home/abhijeet/rohan/cloud-emea/data//panx/panx_processed_maxlen128//labels.txt', data_dir='/home/abhijeet/rohan/cloud-emea/data//panx/panx_processed_maxlen128/', output_dir='/home/abhijeet/rohan/cloud-emea/outputs//panx/my-bert-base-multilingual-cased-MaxLen128_ner_ilo/', max_seq_length=128, do_train=False, do_eval=False, do_predict=True, do_adapter_predict=False, do_predict_dev=False, do_predict_train=False, init_checkpoint=None, evaluate_during_training=False, do_lower_case=False, few_shot=-1, per_gpu_train_batch_size=8, per_gpu_eval_batch_size=32, gradient_accumulation_steps=4, learning_rate=5e-05, weight_decay=0.0, adam_epsilon=1e-08, max_grad_norm=1.0, num_train_epochs=100.0, max_steps=-1, save_steps=1000, warmup_steps=0, logging_steps=50, save_only_best_checkpoint=True, eval_all_checkpoints=True, no_cuda=False, overwrite_output_dir=True, overwrite_cache=False, seed=2, fp16=False, fp16_opt_level='O1', local_rank=-1, server_ip='', server_port='', predict_langs='mr', train_langs='en', log_file='/home/abhijeet/rohan/cloud-emea/outputs//panx/my-bert-base-multilingual-cased-MaxLen128_ner_ilo//train_ar.log', eval_patience=-1, bpe_dropout=0, do_save_adapter_fusions=False, task_name='ner', predict_task_adapter='output/panx/my-bert-base-multilingual-cased-LR1e-4-epoch100-MaxLen128-TrainLangen_en_s2/checkpoint-best/ner/', predict_lang_adapter=None, test_adapter=True, adapter_weight=None, lang_to_vec=None, calc_weight_step=0, predict_save_prefix='', en_weight=None, temperature=1.0, get_attr=False, topk=1, task='udpos')
11/21/2021 15:35:27 - INFO - __main__ -   Loading pretrained model and tokenizer
11/21/2021 15:35:30 - INFO - __main__ -   loading from existing model bert-base-multilingual-cased
11/21/2021 15:35:35 - INFO - __main__ -   Using lang2id = None
11/21/2021 15:35:35 - INFO - __main__ -   Evaluating the model on test set of all the languages specified
11/21/2021 15:35:35 - INFO - __main__ -   Task Adapter will be loaded from this path output/panx/my-bert-base-multilingual-cased-LR1e-4-epoch100-MaxLen128-TrainLangen_en_s2/checkpoint-best/ner/
11/21/2021 15:35:35 - INFO - root -   Trying to decide if add adapter
11/21/2021 15:35:35 - INFO - root -   loading task adapter
11/21/2021 15:35:35 - INFO - root -   loading lang adpater ilo/wiki@ukp
11/21/2021 15:35:35 - INFO - __main__ -   Adapter Languages : ['ilo'], Length : 1
11/21/2021 15:35:35 - INFO - __main__ -   Adapter Names ['ilo/wiki@ukp'], Length : 1
11/21/2021 15:35:35 - INFO - __main__ -   Language = ilo
11/21/2021 15:35:35 - INFO - __main__ -   Adapter Name = ilo/wiki@ukp
11/21/2021 15:35:38 - INFO - __main__ -   Language adapter for mr not found, using ilo instead
11/21/2021 15:35:38 - INFO - __main__ -   Set active language adapter to ilo
11/21/2021 15:35:38 - INFO - __main__ -   Args Adapter Weight = None
11/21/2021 15:35:38 - INFO - __main__ -   Adapter Languages = ['ilo']
11/21/2021 15:35:38 - INFO - __main__ -   Loading features from cached file /home/abhijeet/rohan/cloud-emea/data//panx/panx_processed_maxlen128/cached_test_mr_bert-base-multilingual-cased_128
11/21/2021 15:35:39 - INFO - __main__ -   ***** Running evaluation  in mr *****
11/21/2021 15:35:39 - INFO - __main__ -     Num examples = 1000
11/21/2021 15:35:39 - INFO - __main__ -     Batch size = 32
11/21/2021 15:35:39 - INFO - __main__ -   Batch number = 1
11/21/2021 15:35:39 - INFO - __main__ -   Batch number = 2
11/21/2021 15:35:39 - INFO - __main__ -   Batch number = 3
11/21/2021 15:35:39 - INFO - __main__ -   Batch number = 4
11/21/2021 15:35:39 - INFO - __main__ -   Batch number = 5
11/21/2021 15:35:39 - INFO - __main__ -   Batch number = 6
11/21/2021 15:35:39 - INFO - __main__ -   Batch number = 7
11/21/2021 15:35:40 - INFO - __main__ -   Batch number = 8
11/21/2021 15:35:40 - INFO - __main__ -   Batch number = 9
11/21/2021 15:35:40 - INFO - __main__ -   Batch number = 10
11/21/2021 15:35:40 - INFO - __main__ -   Batch number = 11
11/21/2021 15:35:40 - INFO - __main__ -   Batch number = 12
11/21/2021 15:35:40 - INFO - __main__ -   Batch number = 13
11/21/2021 15:35:40 - INFO - __main__ -   Batch number = 14
11/21/2021 15:35:41 - INFO - __main__ -   Batch number = 15
11/21/2021 15:35:41 - INFO - __main__ -   Batch number = 16
11/21/2021 15:35:41 - INFO - __main__ -   Batch number = 17
11/21/2021 15:35:41 - INFO - __main__ -   Batch number = 18
11/21/2021 15:35:41 - INFO - __main__ -   Batch number = 19
11/21/2021 15:35:41 - INFO - __main__ -   Batch number = 20
11/21/2021 15:35:41 - INFO - __main__ -   Batch number = 21
11/21/2021 15:35:41 - INFO - __main__ -   Batch number = 22
11/21/2021 15:35:42 - INFO - __main__ -   Batch number = 23
11/21/2021 15:35:42 - INFO - __main__ -   Batch number = 24
11/21/2021 15:35:42 - INFO - __main__ -   Batch number = 25
11/21/2021 15:35:42 - INFO - __main__ -   Batch number = 26
11/21/2021 15:35:42 - INFO - __main__ -   Batch number = 27
11/21/2021 15:35:42 - INFO - __main__ -   Batch number = 28
11/21/2021 15:35:42 - INFO - __main__ -   Batch number = 29
11/21/2021 15:35:43 - INFO - __main__ -   Batch number = 30
11/21/2021 15:35:43 - INFO - __main__ -   Batch number = 31
11/21/2021 15:35:43 - INFO - __main__ -   Batch number = 32
11/21/2021 15:35:43 - INFO - __main__ -   ***** Evaluation result  in mr *****
11/21/2021 15:35:43 - INFO - __main__ -     f1 = 0.3724191663420336
11/21/2021 15:35:43 - INFO - __main__ -     loss = 3.069173637777567
11/21/2021 15:35:43 - INFO - __main__ -     precision = 0.3668457405986186
11/21/2021 15:35:43 - INFO - __main__ -     recall = 0.37816455696202533
11/21/2021 15:35:45 - INFO - root -   Input args: ModelArguments(model_name_or_path='bert-base-multilingual-cased', model_type='bert', config_name=None, tokenizer_name=None, cache_dir=None, labels='/home/abhijeet/rohan/cloud-emea/data//panx/panx_processed_maxlen128//labels.txt', data_dir='/home/abhijeet/rohan/cloud-emea/data//panx/panx_processed_maxlen128/', output_dir='/home/abhijeet/rohan/cloud-emea/outputs//panx/my-bert-base-multilingual-cased-MaxLen128_ner_ilo/', max_seq_length=128, do_train=False, do_eval=False, do_predict=True, do_adapter_predict=False, do_predict_dev=False, do_predict_train=False, init_checkpoint=None, evaluate_during_training=False, do_lower_case=False, few_shot=-1, per_gpu_train_batch_size=8, per_gpu_eval_batch_size=32, gradient_accumulation_steps=4, learning_rate=5e-05, weight_decay=0.0, adam_epsilon=1e-08, max_grad_norm=1.0, num_train_epochs=100.0, max_steps=-1, save_steps=1000, warmup_steps=0, logging_steps=50, save_only_best_checkpoint=True, eval_all_checkpoints=True, no_cuda=False, overwrite_output_dir=True, overwrite_cache=False, seed=3, fp16=False, fp16_opt_level='O1', local_rank=-1, server_ip='', server_port='', predict_langs='mr', train_langs='en', log_file='/home/abhijeet/rohan/cloud-emea/outputs//panx/my-bert-base-multilingual-cased-MaxLen128_ner_ilo//train_ar.log', eval_patience=-1, bpe_dropout=0, do_save_adapter_fusions=False, task_name='ner', predict_task_adapter='output/panx/my-bert-base-multilingual-cased-LR1e-4-epoch100-MaxLen128-TrainLangen_en_s3/checkpoint-best/ner/', predict_lang_adapter=None, test_adapter=True, adapter_weight=None, lang_to_vec=None, calc_weight_step=0, predict_save_prefix='', en_weight=None, temperature=1.0, get_attr=False, topk=1, task='udpos')
11/21/2021 15:35:45 - WARNING - __main__ -   Process rank: -1, device: cuda, n_gpu: 1, distributed training: False, 16-bits training: False
11/21/2021 15:35:45 - INFO - __main__ -   Seed = 3
11/21/2021 15:35:45 - INFO - root -   save model
11/21/2021 15:35:45 - INFO - __main__ -   Training/evaluation parameters ModelArguments(model_name_or_path='bert-base-multilingual-cased', model_type='bert', config_name=None, tokenizer_name=None, cache_dir=None, labels='/home/abhijeet/rohan/cloud-emea/data//panx/panx_processed_maxlen128//labels.txt', data_dir='/home/abhijeet/rohan/cloud-emea/data//panx/panx_processed_maxlen128/', output_dir='/home/abhijeet/rohan/cloud-emea/outputs//panx/my-bert-base-multilingual-cased-MaxLen128_ner_ilo/', max_seq_length=128, do_train=False, do_eval=False, do_predict=True, do_adapter_predict=False, do_predict_dev=False, do_predict_train=False, init_checkpoint=None, evaluate_during_training=False, do_lower_case=False, few_shot=-1, per_gpu_train_batch_size=8, per_gpu_eval_batch_size=32, gradient_accumulation_steps=4, learning_rate=5e-05, weight_decay=0.0, adam_epsilon=1e-08, max_grad_norm=1.0, num_train_epochs=100.0, max_steps=-1, save_steps=1000, warmup_steps=0, logging_steps=50, save_only_best_checkpoint=True, eval_all_checkpoints=True, no_cuda=False, overwrite_output_dir=True, overwrite_cache=False, seed=3, fp16=False, fp16_opt_level='O1', local_rank=-1, server_ip='', server_port='', predict_langs='mr', train_langs='en', log_file='/home/abhijeet/rohan/cloud-emea/outputs//panx/my-bert-base-multilingual-cased-MaxLen128_ner_ilo//train_ar.log', eval_patience=-1, bpe_dropout=0, do_save_adapter_fusions=False, task_name='ner', predict_task_adapter='output/panx/my-bert-base-multilingual-cased-LR1e-4-epoch100-MaxLen128-TrainLangen_en_s3/checkpoint-best/ner/', predict_lang_adapter=None, test_adapter=True, adapter_weight=None, lang_to_vec=None, calc_weight_step=0, predict_save_prefix='', en_weight=None, temperature=1.0, get_attr=False, topk=1, task='udpos')
11/21/2021 15:35:45 - INFO - __main__ -   Loading pretrained model and tokenizer
11/21/2021 15:35:47 - INFO - __main__ -   loading from existing model bert-base-multilingual-cased
11/21/2021 15:35:53 - INFO - __main__ -   Using lang2id = None
11/21/2021 15:35:53 - INFO - __main__ -   Evaluating the model on test set of all the languages specified
11/21/2021 15:35:53 - INFO - __main__ -   Task Adapter will be loaded from this path output/panx/my-bert-base-multilingual-cased-LR1e-4-epoch100-MaxLen128-TrainLangen_en_s3/checkpoint-best/ner/
11/21/2021 15:35:53 - INFO - root -   Trying to decide if add adapter
11/21/2021 15:35:53 - INFO - root -   loading task adapter
11/21/2021 15:35:53 - INFO - root -   loading lang adpater ilo/wiki@ukp
11/21/2021 15:35:53 - INFO - __main__ -   Adapter Languages : ['ilo'], Length : 1
11/21/2021 15:35:53 - INFO - __main__ -   Adapter Names ['ilo/wiki@ukp'], Length : 1
11/21/2021 15:35:53 - INFO - __main__ -   Language = ilo
11/21/2021 15:35:53 - INFO - __main__ -   Adapter Name = ilo/wiki@ukp
11/21/2021 15:35:57 - INFO - __main__ -   Language adapter for mr not found, using ilo instead
11/21/2021 15:35:57 - INFO - __main__ -   Set active language adapter to ilo
11/21/2021 15:35:57 - INFO - __main__ -   Args Adapter Weight = None
11/21/2021 15:35:57 - INFO - __main__ -   Adapter Languages = ['ilo']
11/21/2021 15:35:57 - INFO - __main__ -   Loading features from cached file /home/abhijeet/rohan/cloud-emea/data//panx/panx_processed_maxlen128/cached_test_mr_bert-base-multilingual-cased_128
11/21/2021 15:35:57 - INFO - __main__ -   ***** Running evaluation  in mr *****
11/21/2021 15:35:57 - INFO - __main__ -     Num examples = 1000
11/21/2021 15:35:57 - INFO - __main__ -     Batch size = 32
11/21/2021 15:35:57 - INFO - __main__ -   Batch number = 1
11/21/2021 15:35:57 - INFO - __main__ -   Batch number = 2
11/21/2021 15:35:57 - INFO - __main__ -   Batch number = 3
11/21/2021 15:35:57 - INFO - __main__ -   Batch number = 4
11/21/2021 15:35:57 - INFO - __main__ -   Batch number = 5
11/21/2021 15:35:58 - INFO - __main__ -   Batch number = 6
11/21/2021 15:35:58 - INFO - __main__ -   Batch number = 7
11/21/2021 15:35:58 - INFO - __main__ -   Batch number = 8
11/21/2021 15:35:58 - INFO - __main__ -   Batch number = 9
11/21/2021 15:35:58 - INFO - __main__ -   Batch number = 10
11/21/2021 15:35:58 - INFO - __main__ -   Batch number = 11
11/21/2021 15:35:58 - INFO - __main__ -   Batch number = 12
11/21/2021 15:35:58 - INFO - __main__ -   Batch number = 13
11/21/2021 15:35:59 - INFO - __main__ -   Batch number = 14
11/21/2021 15:35:59 - INFO - __main__ -   Batch number = 15
11/21/2021 15:35:59 - INFO - __main__ -   Batch number = 16
11/21/2021 15:35:59 - INFO - __main__ -   Batch number = 17
11/21/2021 15:35:59 - INFO - __main__ -   Batch number = 18
11/21/2021 15:35:59 - INFO - __main__ -   Batch number = 19
11/21/2021 15:35:59 - INFO - __main__ -   Batch number = 20
11/21/2021 15:36:00 - INFO - __main__ -   Batch number = 21
11/21/2021 15:36:00 - INFO - __main__ -   Batch number = 22
11/21/2021 15:36:00 - INFO - __main__ -   Batch number = 23
11/21/2021 15:36:00 - INFO - __main__ -   Batch number = 24
11/21/2021 15:36:00 - INFO - __main__ -   Batch number = 25
11/21/2021 15:36:00 - INFO - __main__ -   Batch number = 26
11/21/2021 15:36:00 - INFO - __main__ -   Batch number = 27
11/21/2021 15:36:01 - INFO - __main__ -   Batch number = 28
11/21/2021 15:36:01 - INFO - __main__ -   Batch number = 29
11/21/2021 15:36:01 - INFO - __main__ -   Batch number = 30
11/21/2021 15:36:01 - INFO - __main__ -   Batch number = 31
11/21/2021 15:36:01 - INFO - __main__ -   Batch number = 32
11/21/2021 15:36:01 - INFO - __main__ -   ***** Evaluation result  in mr *****
11/21/2021 15:36:01 - INFO - __main__ -     f1 = 0.3674884437596302
11/21/2021 15:36:01 - INFO - __main__ -     loss = 2.845971018075943
11/21/2021 15:36:01 - INFO - __main__ -     precision = 0.3581081081081081
11/21/2021 15:36:01 - INFO - __main__ -     recall = 0.377373417721519
11/21/2021 17:58:45 - INFO - root -   Input args: ModelArguments(model_name_or_path='bert-base-multilingual-cased', model_type='bert', config_name=None, tokenizer_name=None, cache_dir=None, labels='/home/abhijeet/rohan/cloud-emea/data//panx/panx_processed_maxlen128//labels.txt', data_dir='/home/abhijeet/rohan/cloud-emea/data//panx/panx_processed_maxlen128/', output_dir='/home/abhijeet/rohan/cloud-emea/outputs//panx/my-bert-base-multilingual-cased-MaxLen128_ner_ilo/', max_seq_length=128, do_train=False, do_eval=False, do_predict=True, do_adapter_predict=False, do_predict_dev=False, do_predict_train=False, init_checkpoint=None, evaluate_during_training=False, do_lower_case=False, few_shot=-1, per_gpu_train_batch_size=8, per_gpu_eval_batch_size=32, gradient_accumulation_steps=4, learning_rate=5e-05, weight_decay=0.0, adam_epsilon=1e-08, max_grad_norm=1.0, num_train_epochs=100.0, max_steps=-1, save_steps=1000, warmup_steps=0, logging_steps=50, save_only_best_checkpoint=True, eval_all_checkpoints=True, no_cuda=False, overwrite_output_dir=True, overwrite_cache=False, seed=1, fp16=False, fp16_opt_level='O1', local_rank=-1, server_ip='', server_port='', predict_langs='en', train_langs='en', log_file='/home/abhijeet/rohan/cloud-emea/outputs//panx/my-bert-base-multilingual-cased-MaxLen128_ner_ilo//train_ar.log', eval_patience=-1, bpe_dropout=0, do_save_adapter_fusions=False, task_name='ner', predict_task_adapter='output/panx/my-bert-base-multilingual-cased-LR1e-4-epoch100-MaxLen128-TrainLangen_en_s1/checkpoint-best/ner/', predict_lang_adapter=None, test_adapter=True, adapter_weight=None, lang_to_vec=None, calc_weight_step=0, predict_save_prefix='', en_weight=None, temperature=1.0, get_attr=False, topk=1, task='udpos')
11/21/2021 17:58:45 - WARNING - __main__ -   Process rank: -1, device: cuda, n_gpu: 1, distributed training: False, 16-bits training: False
11/21/2021 17:58:45 - INFO - __main__ -   Seed = 1
11/21/2021 17:58:45 - INFO - root -   save model
11/21/2021 17:58:45 - INFO - __main__ -   Training/evaluation parameters ModelArguments(model_name_or_path='bert-base-multilingual-cased', model_type='bert', config_name=None, tokenizer_name=None, cache_dir=None, labels='/home/abhijeet/rohan/cloud-emea/data//panx/panx_processed_maxlen128//labels.txt', data_dir='/home/abhijeet/rohan/cloud-emea/data//panx/panx_processed_maxlen128/', output_dir='/home/abhijeet/rohan/cloud-emea/outputs//panx/my-bert-base-multilingual-cased-MaxLen128_ner_ilo/', max_seq_length=128, do_train=False, do_eval=False, do_predict=True, do_adapter_predict=False, do_predict_dev=False, do_predict_train=False, init_checkpoint=None, evaluate_during_training=False, do_lower_case=False, few_shot=-1, per_gpu_train_batch_size=8, per_gpu_eval_batch_size=32, gradient_accumulation_steps=4, learning_rate=5e-05, weight_decay=0.0, adam_epsilon=1e-08, max_grad_norm=1.0, num_train_epochs=100.0, max_steps=-1, save_steps=1000, warmup_steps=0, logging_steps=50, save_only_best_checkpoint=True, eval_all_checkpoints=True, no_cuda=False, overwrite_output_dir=True, overwrite_cache=False, seed=1, fp16=False, fp16_opt_level='O1', local_rank=-1, server_ip='', server_port='', predict_langs='en', train_langs='en', log_file='/home/abhijeet/rohan/cloud-emea/outputs//panx/my-bert-base-multilingual-cased-MaxLen128_ner_ilo//train_ar.log', eval_patience=-1, bpe_dropout=0, do_save_adapter_fusions=False, task_name='ner', predict_task_adapter='output/panx/my-bert-base-multilingual-cased-LR1e-4-epoch100-MaxLen128-TrainLangen_en_s1/checkpoint-best/ner/', predict_lang_adapter=None, test_adapter=True, adapter_weight=None, lang_to_vec=None, calc_weight_step=0, predict_save_prefix='', en_weight=None, temperature=1.0, get_attr=False, topk=1, task='udpos')
11/21/2021 17:58:45 - INFO - __main__ -   Loading pretrained model and tokenizer
11/21/2021 17:58:48 - INFO - __main__ -   loading from existing model bert-base-multilingual-cased
11/21/2021 17:58:53 - INFO - __main__ -   Using lang2id = None
11/21/2021 17:58:53 - INFO - __main__ -   Evaluating the model on test set of all the languages specified
11/21/2021 17:58:53 - INFO - __main__ -   Task Adapter will be loaded from this path output/panx/my-bert-base-multilingual-cased-LR1e-4-epoch100-MaxLen128-TrainLangen_en_s1/checkpoint-best/ner/
11/21/2021 17:58:53 - INFO - root -   Trying to decide if add adapter
11/21/2021 17:58:53 - INFO - root -   loading task adapter
11/21/2021 17:58:53 - INFO - root -   loading lang adpater ilo/wiki@ukp
11/21/2021 17:58:53 - INFO - __main__ -   Adapter Languages : ['ilo'], Length : 1
11/21/2021 17:58:53 - INFO - __main__ -   Adapter Names ['ilo/wiki@ukp'], Length : 1
11/21/2021 17:58:53 - INFO - __main__ -   Language = ilo
11/21/2021 17:58:53 - INFO - __main__ -   Adapter Name = ilo/wiki@ukp
11/21/2021 17:58:58 - INFO - __main__ -   Language adapter for en not found, using ilo instead
11/21/2021 17:58:58 - INFO - __main__ -   Set active language adapter to ilo
11/21/2021 17:58:58 - INFO - __main__ -   Args Adapter Weight = None
11/21/2021 17:58:58 - INFO - __main__ -   Adapter Languages = ['ilo']
11/21/2021 17:58:58 - INFO - __main__ -   Loading features from cached file /home/abhijeet/rohan/cloud-emea/data//panx/panx_processed_maxlen128/cached_test_en_bert-base-multilingual-cased_128
11/21/2021 17:58:59 - INFO - __main__ -   ***** Running evaluation  in en *****
11/21/2021 17:58:59 - INFO - __main__ -     Num examples = 10004
11/21/2021 17:58:59 - INFO - __main__ -     Batch size = 32
11/21/2021 17:58:59 - INFO - __main__ -   Batch number = 1
11/21/2021 17:58:59 - INFO - __main__ -   Batch number = 2
11/21/2021 17:58:59 - INFO - __main__ -   Batch number = 3
11/21/2021 17:59:00 - INFO - __main__ -   Batch number = 4
11/21/2021 17:59:00 - INFO - __main__ -   Batch number = 5
11/21/2021 17:59:00 - INFO - __main__ -   Batch number = 6
11/21/2021 17:59:00 - INFO - __main__ -   Batch number = 7
11/21/2021 17:59:00 - INFO - __main__ -   Batch number = 8
11/21/2021 17:59:00 - INFO - __main__ -   Batch number = 9
11/21/2021 17:59:00 - INFO - __main__ -   Batch number = 10
11/21/2021 17:59:01 - INFO - __main__ -   Batch number = 11
11/21/2021 17:59:01 - INFO - __main__ -   Batch number = 12
11/21/2021 17:59:01 - INFO - __main__ -   Batch number = 13
11/21/2021 17:59:01 - INFO - __main__ -   Batch number = 14
11/21/2021 17:59:01 - INFO - __main__ -   Batch number = 15
11/21/2021 17:59:01 - INFO - __main__ -   Batch number = 16
11/21/2021 17:59:01 - INFO - __main__ -   Batch number = 17
11/21/2021 17:59:01 - INFO - __main__ -   Batch number = 18
11/21/2021 17:59:02 - INFO - __main__ -   Batch number = 19
11/21/2021 17:59:02 - INFO - __main__ -   Batch number = 20
11/21/2021 17:59:02 - INFO - __main__ -   Batch number = 21
11/21/2021 17:59:02 - INFO - __main__ -   Batch number = 22
11/21/2021 17:59:02 - INFO - __main__ -   Batch number = 23
11/21/2021 17:59:02 - INFO - __main__ -   Batch number = 24
11/21/2021 17:59:02 - INFO - __main__ -   Batch number = 25
11/21/2021 17:59:03 - INFO - __main__ -   Batch number = 26
11/21/2021 17:59:03 - INFO - __main__ -   Batch number = 27
11/21/2021 17:59:03 - INFO - __main__ -   Batch number = 28
11/21/2021 17:59:03 - INFO - __main__ -   Batch number = 29
11/21/2021 17:59:03 - INFO - __main__ -   Batch number = 30
11/21/2021 17:59:03 - INFO - __main__ -   Batch number = 31
11/21/2021 17:59:03 - INFO - __main__ -   Batch number = 32
11/21/2021 17:59:03 - INFO - __main__ -   Batch number = 33
11/21/2021 17:59:04 - INFO - __main__ -   Batch number = 34
11/21/2021 17:59:04 - INFO - __main__ -   Batch number = 35
11/21/2021 17:59:04 - INFO - __main__ -   Batch number = 36
11/21/2021 17:59:04 - INFO - __main__ -   Batch number = 37
11/21/2021 17:59:04 - INFO - __main__ -   Batch number = 38
11/21/2021 17:59:04 - INFO - __main__ -   Batch number = 39
11/21/2021 17:59:04 - INFO - __main__ -   Batch number = 40
11/21/2021 17:59:05 - INFO - __main__ -   Batch number = 41
11/21/2021 17:59:05 - INFO - __main__ -   Batch number = 42
11/21/2021 17:59:05 - INFO - __main__ -   Batch number = 43
11/21/2021 17:59:05 - INFO - __main__ -   Batch number = 44
11/21/2021 17:59:05 - INFO - __main__ -   Batch number = 45
11/21/2021 17:59:05 - INFO - __main__ -   Batch number = 46
11/21/2021 17:59:05 - INFO - __main__ -   Batch number = 47
11/21/2021 17:59:06 - INFO - __main__ -   Batch number = 48
11/21/2021 17:59:06 - INFO - __main__ -   Batch number = 49
11/21/2021 17:59:06 - INFO - __main__ -   Batch number = 50
11/21/2021 17:59:06 - INFO - __main__ -   Batch number = 51
11/21/2021 17:59:06 - INFO - __main__ -   Batch number = 52
11/21/2021 17:59:06 - INFO - __main__ -   Batch number = 53
11/21/2021 17:59:06 - INFO - __main__ -   Batch number = 54
11/21/2021 17:59:06 - INFO - __main__ -   Batch number = 55
11/21/2021 17:59:07 - INFO - __main__ -   Batch number = 56
11/21/2021 17:59:07 - INFO - __main__ -   Batch number = 57
11/21/2021 17:59:07 - INFO - __main__ -   Batch number = 58
11/21/2021 17:59:07 - INFO - __main__ -   Batch number = 59
11/21/2021 17:59:07 - INFO - __main__ -   Batch number = 60
11/21/2021 17:59:07 - INFO - __main__ -   Batch number = 61
11/21/2021 17:59:07 - INFO - __main__ -   Batch number = 62
11/21/2021 17:59:08 - INFO - __main__ -   Batch number = 63
11/21/2021 17:59:08 - INFO - __main__ -   Batch number = 64
11/21/2021 17:59:08 - INFO - __main__ -   Batch number = 65
11/21/2021 17:59:08 - INFO - __main__ -   Batch number = 66
11/21/2021 17:59:08 - INFO - __main__ -   Batch number = 67
11/21/2021 17:59:08 - INFO - __main__ -   Batch number = 68
11/21/2021 17:59:08 - INFO - __main__ -   Batch number = 69
11/21/2021 17:59:08 - INFO - __main__ -   Batch number = 70
11/21/2021 17:59:09 - INFO - __main__ -   Batch number = 71
11/21/2021 17:59:09 - INFO - __main__ -   Batch number = 72
11/21/2021 17:59:09 - INFO - __main__ -   Batch number = 73
11/21/2021 17:59:09 - INFO - __main__ -   Batch number = 74
11/21/2021 17:59:09 - INFO - __main__ -   Batch number = 75
11/21/2021 17:59:09 - INFO - __main__ -   Batch number = 76
11/21/2021 17:59:09 - INFO - __main__ -   Batch number = 77
11/21/2021 17:59:10 - INFO - __main__ -   Batch number = 78
11/21/2021 17:59:10 - INFO - __main__ -   Batch number = 79
11/21/2021 17:59:10 - INFO - __main__ -   Batch number = 80
11/21/2021 17:59:10 - INFO - __main__ -   Batch number = 81
11/21/2021 17:59:10 - INFO - __main__ -   Batch number = 82
11/21/2021 17:59:10 - INFO - __main__ -   Batch number = 83
11/21/2021 17:59:10 - INFO - __main__ -   Batch number = 84
11/21/2021 17:59:11 - INFO - __main__ -   Batch number = 85
11/21/2021 17:59:11 - INFO - __main__ -   Batch number = 86
11/21/2021 17:59:11 - INFO - __main__ -   Batch number = 87
11/21/2021 17:59:11 - INFO - __main__ -   Batch number = 88
11/21/2021 17:59:11 - INFO - __main__ -   Batch number = 89
11/21/2021 17:59:11 - INFO - __main__ -   Batch number = 90
11/21/2021 17:59:11 - INFO - __main__ -   Batch number = 91
11/21/2021 17:59:12 - INFO - __main__ -   Batch number = 92
11/21/2021 17:59:12 - INFO - __main__ -   Batch number = 93
11/21/2021 17:59:12 - INFO - __main__ -   Batch number = 94
11/21/2021 17:59:12 - INFO - __main__ -   Batch number = 95
11/21/2021 17:59:12 - INFO - __main__ -   Batch number = 96
11/21/2021 17:59:12 - INFO - __main__ -   Batch number = 97
11/21/2021 17:59:12 - INFO - __main__ -   Batch number = 98
11/21/2021 17:59:12 - INFO - __main__ -   Batch number = 99
11/21/2021 17:59:13 - INFO - __main__ -   Batch number = 100
11/21/2021 17:59:13 - INFO - __main__ -   Batch number = 101
11/21/2021 17:59:13 - INFO - __main__ -   Batch number = 102
11/21/2021 17:59:13 - INFO - __main__ -   Batch number = 103
11/21/2021 17:59:13 - INFO - __main__ -   Batch number = 104
11/21/2021 17:59:13 - INFO - __main__ -   Batch number = 105
11/21/2021 17:59:13 - INFO - __main__ -   Batch number = 106
11/21/2021 17:59:14 - INFO - __main__ -   Batch number = 107
11/21/2021 17:59:14 - INFO - __main__ -   Batch number = 108
11/21/2021 17:59:14 - INFO - __main__ -   Batch number = 109
11/21/2021 17:59:14 - INFO - __main__ -   Batch number = 110
11/21/2021 17:59:14 - INFO - __main__ -   Batch number = 111
11/21/2021 17:59:14 - INFO - __main__ -   Batch number = 112
11/21/2021 17:59:14 - INFO - __main__ -   Batch number = 113
11/21/2021 17:59:15 - INFO - __main__ -   Batch number = 114
11/21/2021 17:59:15 - INFO - __main__ -   Batch number = 115
11/21/2021 17:59:15 - INFO - __main__ -   Batch number = 116
11/21/2021 17:59:15 - INFO - __main__ -   Batch number = 117
11/21/2021 17:59:15 - INFO - __main__ -   Batch number = 118
11/21/2021 17:59:15 - INFO - __main__ -   Batch number = 119
11/21/2021 17:59:15 - INFO - __main__ -   Batch number = 120
11/21/2021 17:59:16 - INFO - __main__ -   Batch number = 121
11/21/2021 17:59:16 - INFO - __main__ -   Batch number = 122
11/21/2021 17:59:16 - INFO - __main__ -   Batch number = 123
11/21/2021 17:59:16 - INFO - __main__ -   Batch number = 124
11/21/2021 17:59:16 - INFO - __main__ -   Batch number = 125
11/21/2021 17:59:16 - INFO - __main__ -   Batch number = 126
11/21/2021 17:59:16 - INFO - __main__ -   Batch number = 127
11/21/2021 17:59:16 - INFO - __main__ -   Batch number = 128
11/21/2021 17:59:17 - INFO - __main__ -   Batch number = 129
11/21/2021 17:59:17 - INFO - __main__ -   Batch number = 130
11/21/2021 17:59:17 - INFO - __main__ -   Batch number = 131
11/21/2021 17:59:17 - INFO - __main__ -   Batch number = 132
11/21/2021 17:59:17 - INFO - __main__ -   Batch number = 133
11/21/2021 17:59:17 - INFO - __main__ -   Batch number = 134
11/21/2021 17:59:17 - INFO - __main__ -   Batch number = 135
11/21/2021 17:59:18 - INFO - __main__ -   Batch number = 136
11/21/2021 17:59:18 - INFO - __main__ -   Batch number = 137
11/21/2021 17:59:18 - INFO - __main__ -   Batch number = 138
11/21/2021 17:59:18 - INFO - __main__ -   Batch number = 139
11/21/2021 17:59:18 - INFO - __main__ -   Batch number = 140
11/21/2021 17:59:18 - INFO - __main__ -   Batch number = 141
11/21/2021 17:59:18 - INFO - __main__ -   Batch number = 142
11/21/2021 17:59:19 - INFO - __main__ -   Batch number = 143
11/21/2021 17:59:19 - INFO - __main__ -   Batch number = 144
11/21/2021 17:59:19 - INFO - __main__ -   Batch number = 145
11/21/2021 17:59:19 - INFO - __main__ -   Batch number = 146
11/21/2021 17:59:19 - INFO - __main__ -   Batch number = 147
11/21/2021 17:59:19 - INFO - __main__ -   Batch number = 148
11/21/2021 17:59:20 - INFO - __main__ -   Batch number = 149
11/21/2021 17:59:20 - INFO - __main__ -   Batch number = 150
11/21/2021 17:59:20 - INFO - __main__ -   Batch number = 151
11/21/2021 17:59:20 - INFO - __main__ -   Batch number = 152
11/21/2021 17:59:20 - INFO - __main__ -   Batch number = 153
11/21/2021 17:59:20 - INFO - __main__ -   Batch number = 154
11/21/2021 17:59:20 - INFO - __main__ -   Batch number = 155
11/21/2021 17:59:21 - INFO - __main__ -   Batch number = 156
11/21/2021 17:59:21 - INFO - __main__ -   Batch number = 157
11/21/2021 17:59:21 - INFO - __main__ -   Batch number = 158
11/21/2021 17:59:21 - INFO - __main__ -   Batch number = 159
11/21/2021 17:59:21 - INFO - __main__ -   Batch number = 160
11/21/2021 17:59:21 - INFO - __main__ -   Batch number = 161
11/21/2021 17:59:21 - INFO - __main__ -   Batch number = 162
11/21/2021 17:59:22 - INFO - __main__ -   Batch number = 163
11/21/2021 17:59:22 - INFO - __main__ -   Batch number = 164
11/21/2021 17:59:22 - INFO - __main__ -   Batch number = 165
11/21/2021 17:59:22 - INFO - __main__ -   Batch number = 166
11/21/2021 17:59:22 - INFO - __main__ -   Batch number = 167
11/21/2021 17:59:22 - INFO - __main__ -   Batch number = 168
11/21/2021 17:59:23 - INFO - __main__ -   Batch number = 169
11/21/2021 17:59:23 - INFO - __main__ -   Batch number = 170
11/21/2021 17:59:23 - INFO - __main__ -   Batch number = 171
11/21/2021 17:59:23 - INFO - __main__ -   Batch number = 172
11/21/2021 17:59:23 - INFO - __main__ -   Batch number = 173
11/21/2021 17:59:23 - INFO - __main__ -   Batch number = 174
11/21/2021 17:59:23 - INFO - __main__ -   Batch number = 175
11/21/2021 17:59:24 - INFO - __main__ -   Batch number = 176
11/21/2021 17:59:24 - INFO - __main__ -   Batch number = 177
11/21/2021 17:59:24 - INFO - __main__ -   Batch number = 178
11/21/2021 17:59:24 - INFO - __main__ -   Batch number = 179
11/21/2021 17:59:24 - INFO - __main__ -   Batch number = 180
11/21/2021 17:59:24 - INFO - __main__ -   Batch number = 181
11/21/2021 17:59:24 - INFO - __main__ -   Batch number = 182
11/21/2021 17:59:25 - INFO - __main__ -   Batch number = 183
11/21/2021 17:59:25 - INFO - __main__ -   Batch number = 184
11/21/2021 17:59:25 - INFO - __main__ -   Batch number = 185
11/21/2021 17:59:25 - INFO - __main__ -   Batch number = 186
11/21/2021 17:59:25 - INFO - __main__ -   Batch number = 187
11/21/2021 17:59:25 - INFO - __main__ -   Batch number = 188
11/21/2021 17:59:26 - INFO - __main__ -   Batch number = 189
11/21/2021 17:59:26 - INFO - __main__ -   Batch number = 190
11/21/2021 17:59:26 - INFO - __main__ -   Batch number = 191
11/21/2021 17:59:26 - INFO - __main__ -   Batch number = 192
11/21/2021 17:59:26 - INFO - __main__ -   Batch number = 193
11/21/2021 17:59:26 - INFO - __main__ -   Batch number = 194
11/21/2021 17:59:26 - INFO - __main__ -   Batch number = 195
11/21/2021 17:59:27 - INFO - __main__ -   Batch number = 196
11/21/2021 17:59:27 - INFO - __main__ -   Batch number = 197
11/21/2021 17:59:27 - INFO - __main__ -   Batch number = 198
11/21/2021 17:59:27 - INFO - __main__ -   Batch number = 199
11/21/2021 17:59:27 - INFO - __main__ -   Batch number = 200
11/21/2021 17:59:27 - INFO - __main__ -   Batch number = 201
11/21/2021 17:59:28 - INFO - __main__ -   Batch number = 202
11/21/2021 17:59:28 - INFO - __main__ -   Batch number = 203
11/21/2021 17:59:28 - INFO - __main__ -   Batch number = 204
11/21/2021 17:59:28 - INFO - __main__ -   Batch number = 205
11/21/2021 17:59:28 - INFO - __main__ -   Batch number = 206
11/21/2021 17:59:28 - INFO - __main__ -   Batch number = 207
11/21/2021 17:59:29 - INFO - __main__ -   Batch number = 208
11/21/2021 17:59:29 - INFO - __main__ -   Batch number = 209
11/21/2021 17:59:29 - INFO - __main__ -   Batch number = 210
11/21/2021 17:59:29 - INFO - __main__ -   Batch number = 211
11/21/2021 17:59:29 - INFO - __main__ -   Batch number = 212
11/21/2021 17:59:29 - INFO - __main__ -   Batch number = 213
11/21/2021 17:59:30 - INFO - __main__ -   Batch number = 214
11/21/2021 17:59:30 - INFO - __main__ -   Batch number = 215
11/21/2021 17:59:30 - INFO - __main__ -   Batch number = 216
11/21/2021 17:59:30 - INFO - __main__ -   Batch number = 217
11/21/2021 17:59:30 - INFO - __main__ -   Batch number = 218
11/21/2021 17:59:30 - INFO - __main__ -   Batch number = 219
11/21/2021 17:59:30 - INFO - __main__ -   Batch number = 220
11/21/2021 17:59:31 - INFO - __main__ -   Batch number = 221
11/21/2021 17:59:31 - INFO - __main__ -   Batch number = 222
11/21/2021 17:59:31 - INFO - __main__ -   Batch number = 223
11/21/2021 17:59:31 - INFO - __main__ -   Batch number = 224
11/21/2021 17:59:31 - INFO - __main__ -   Batch number = 225
11/21/2021 17:59:31 - INFO - __main__ -   Batch number = 226
11/21/2021 17:59:31 - INFO - __main__ -   Batch number = 227
11/21/2021 17:59:32 - INFO - __main__ -   Batch number = 228
11/21/2021 17:59:32 - INFO - __main__ -   Batch number = 229
11/21/2021 17:59:32 - INFO - __main__ -   Batch number = 230
11/21/2021 17:59:32 - INFO - __main__ -   Batch number = 231
11/21/2021 17:59:32 - INFO - __main__ -   Batch number = 232
11/21/2021 17:59:32 - INFO - __main__ -   Batch number = 233
11/21/2021 17:59:32 - INFO - __main__ -   Batch number = 234
11/21/2021 17:59:33 - INFO - __main__ -   Batch number = 235
11/21/2021 17:59:33 - INFO - __main__ -   Batch number = 236
11/21/2021 17:59:33 - INFO - __main__ -   Batch number = 237
11/21/2021 17:59:33 - INFO - __main__ -   Batch number = 238
11/21/2021 17:59:33 - INFO - __main__ -   Batch number = 239
11/21/2021 17:59:33 - INFO - __main__ -   Batch number = 240
11/21/2021 17:59:33 - INFO - __main__ -   Batch number = 241
11/21/2021 17:59:34 - INFO - __main__ -   Batch number = 242
11/21/2021 17:59:34 - INFO - __main__ -   Batch number = 243
11/21/2021 17:59:34 - INFO - __main__ -   Batch number = 244
11/21/2021 17:59:34 - INFO - __main__ -   Batch number = 245
11/21/2021 17:59:34 - INFO - __main__ -   Batch number = 246
11/21/2021 17:59:34 - INFO - __main__ -   Batch number = 247
11/21/2021 17:59:34 - INFO - __main__ -   Batch number = 248
11/21/2021 17:59:35 - INFO - __main__ -   Batch number = 249
11/21/2021 17:59:35 - INFO - __main__ -   Batch number = 250
11/21/2021 17:59:35 - INFO - __main__ -   Batch number = 251
11/21/2021 17:59:35 - INFO - __main__ -   Batch number = 252
11/21/2021 17:59:35 - INFO - __main__ -   Batch number = 253
11/21/2021 17:59:35 - INFO - __main__ -   Batch number = 254
11/21/2021 17:59:35 - INFO - __main__ -   Batch number = 255
11/21/2021 17:59:36 - INFO - __main__ -   Batch number = 256
11/21/2021 17:59:36 - INFO - __main__ -   Batch number = 257
11/21/2021 17:59:36 - INFO - __main__ -   Batch number = 258
11/21/2021 17:59:36 - INFO - __main__ -   Batch number = 259
11/21/2021 17:59:36 - INFO - __main__ -   Batch number = 260
11/21/2021 17:59:36 - INFO - __main__ -   Batch number = 261
11/21/2021 17:59:36 - INFO - __main__ -   Batch number = 262
11/21/2021 17:59:37 - INFO - __main__ -   Batch number = 263
11/21/2021 17:59:37 - INFO - __main__ -   Batch number = 264
11/21/2021 17:59:37 - INFO - __main__ -   Batch number = 265
11/21/2021 17:59:37 - INFO - __main__ -   Batch number = 266
11/21/2021 17:59:37 - INFO - __main__ -   Batch number = 267
11/21/2021 17:59:37 - INFO - __main__ -   Batch number = 268
11/21/2021 17:59:37 - INFO - __main__ -   Batch number = 269
11/21/2021 17:59:38 - INFO - __main__ -   Batch number = 270
11/21/2021 17:59:38 - INFO - __main__ -   Batch number = 271
11/21/2021 17:59:38 - INFO - __main__ -   Batch number = 272
11/21/2021 17:59:38 - INFO - __main__ -   Batch number = 273
11/21/2021 17:59:38 - INFO - __main__ -   Batch number = 274
11/21/2021 17:59:38 - INFO - __main__ -   Batch number = 275
11/21/2021 17:59:38 - INFO - __main__ -   Batch number = 276
11/21/2021 17:59:39 - INFO - __main__ -   Batch number = 277
11/21/2021 17:59:39 - INFO - __main__ -   Batch number = 278
11/21/2021 17:59:39 - INFO - __main__ -   Batch number = 279
11/21/2021 17:59:39 - INFO - __main__ -   Batch number = 280
11/21/2021 17:59:39 - INFO - __main__ -   Batch number = 281
11/21/2021 17:59:39 - INFO - __main__ -   Batch number = 282
11/21/2021 17:59:40 - INFO - __main__ -   Batch number = 283
11/21/2021 17:59:40 - INFO - __main__ -   Batch number = 284
11/21/2021 17:59:40 - INFO - __main__ -   Batch number = 285
11/21/2021 17:59:40 - INFO - __main__ -   Batch number = 286
11/21/2021 17:59:40 - INFO - __main__ -   Batch number = 287
11/21/2021 17:59:40 - INFO - __main__ -   Batch number = 288
11/21/2021 17:59:40 - INFO - __main__ -   Batch number = 289
11/21/2021 17:59:41 - INFO - __main__ -   Batch number = 290
11/21/2021 17:59:41 - INFO - __main__ -   Batch number = 291
11/21/2021 17:59:41 - INFO - __main__ -   Batch number = 292
11/21/2021 17:59:41 - INFO - __main__ -   Batch number = 293
11/21/2021 17:59:41 - INFO - __main__ -   Batch number = 294
11/21/2021 17:59:41 - INFO - __main__ -   Batch number = 295
11/21/2021 17:59:41 - INFO - __main__ -   Batch number = 296
11/21/2021 17:59:42 - INFO - __main__ -   Batch number = 297
11/21/2021 17:59:42 - INFO - __main__ -   Batch number = 298
11/21/2021 17:59:42 - INFO - __main__ -   Batch number = 299
11/21/2021 17:59:42 - INFO - __main__ -   Batch number = 300
11/21/2021 17:59:42 - INFO - __main__ -   Batch number = 301
11/21/2021 17:59:42 - INFO - __main__ -   Batch number = 302
11/21/2021 17:59:42 - INFO - __main__ -   Batch number = 303
11/21/2021 17:59:43 - INFO - __main__ -   Batch number = 304
11/21/2021 17:59:43 - INFO - __main__ -   Batch number = 305
11/21/2021 17:59:43 - INFO - __main__ -   Batch number = 306
11/21/2021 17:59:43 - INFO - __main__ -   Batch number = 307
11/21/2021 17:59:43 - INFO - __main__ -   Batch number = 308
11/21/2021 17:59:43 - INFO - __main__ -   Batch number = 309
11/21/2021 17:59:44 - INFO - __main__ -   Batch number = 310
11/21/2021 17:59:44 - INFO - __main__ -   Batch number = 311
11/21/2021 17:59:44 - INFO - __main__ -   Batch number = 312
11/21/2021 17:59:44 - INFO - __main__ -   Batch number = 313
11/21/2021 17:59:45 - INFO - __main__ -   ***** Evaluation result  in en *****
11/21/2021 17:59:45 - INFO - __main__ -     f1 = 0.7238686284080609
11/21/2021 17:59:45 - INFO - __main__ -     loss = 1.3784399220166497
11/21/2021 17:59:45 - INFO - __main__ -     precision = 0.7050872784079332
11/21/2021 17:59:45 - INFO - __main__ -     recall = 0.7436779138906798
11/21/2021 17:59:47 - INFO - root -   Input args: ModelArguments(model_name_or_path='bert-base-multilingual-cased', model_type='bert', config_name=None, tokenizer_name=None, cache_dir=None, labels='/home/abhijeet/rohan/cloud-emea/data//panx/panx_processed_maxlen128//labels.txt', data_dir='/home/abhijeet/rohan/cloud-emea/data//panx/panx_processed_maxlen128/', output_dir='/home/abhijeet/rohan/cloud-emea/outputs//panx/my-bert-base-multilingual-cased-MaxLen128_ner_ilo/', max_seq_length=128, do_train=False, do_eval=False, do_predict=True, do_adapter_predict=False, do_predict_dev=False, do_predict_train=False, init_checkpoint=None, evaluate_during_training=False, do_lower_case=False, few_shot=-1, per_gpu_train_batch_size=8, per_gpu_eval_batch_size=32, gradient_accumulation_steps=4, learning_rate=5e-05, weight_decay=0.0, adam_epsilon=1e-08, max_grad_norm=1.0, num_train_epochs=100.0, max_steps=-1, save_steps=1000, warmup_steps=0, logging_steps=50, save_only_best_checkpoint=True, eval_all_checkpoints=True, no_cuda=False, overwrite_output_dir=True, overwrite_cache=False, seed=2, fp16=False, fp16_opt_level='O1', local_rank=-1, server_ip='', server_port='', predict_langs='en', train_langs='en', log_file='/home/abhijeet/rohan/cloud-emea/outputs//panx/my-bert-base-multilingual-cased-MaxLen128_ner_ilo//train_ar.log', eval_patience=-1, bpe_dropout=0, do_save_adapter_fusions=False, task_name='ner', predict_task_adapter='output/panx/my-bert-base-multilingual-cased-LR1e-4-epoch100-MaxLen128-TrainLangen_en_s2/checkpoint-best/ner/', predict_lang_adapter=None, test_adapter=True, adapter_weight=None, lang_to_vec=None, calc_weight_step=0, predict_save_prefix='', en_weight=None, temperature=1.0, get_attr=False, topk=1, task='udpos')
11/21/2021 17:59:47 - WARNING - __main__ -   Process rank: -1, device: cuda, n_gpu: 1, distributed training: False, 16-bits training: False
11/21/2021 17:59:47 - INFO - __main__ -   Seed = 2
11/21/2021 17:59:47 - INFO - root -   save model
11/21/2021 17:59:47 - INFO - __main__ -   Training/evaluation parameters ModelArguments(model_name_or_path='bert-base-multilingual-cased', model_type='bert', config_name=None, tokenizer_name=None, cache_dir=None, labels='/home/abhijeet/rohan/cloud-emea/data//panx/panx_processed_maxlen128//labels.txt', data_dir='/home/abhijeet/rohan/cloud-emea/data//panx/panx_processed_maxlen128/', output_dir='/home/abhijeet/rohan/cloud-emea/outputs//panx/my-bert-base-multilingual-cased-MaxLen128_ner_ilo/', max_seq_length=128, do_train=False, do_eval=False, do_predict=True, do_adapter_predict=False, do_predict_dev=False, do_predict_train=False, init_checkpoint=None, evaluate_during_training=False, do_lower_case=False, few_shot=-1, per_gpu_train_batch_size=8, per_gpu_eval_batch_size=32, gradient_accumulation_steps=4, learning_rate=5e-05, weight_decay=0.0, adam_epsilon=1e-08, max_grad_norm=1.0, num_train_epochs=100.0, max_steps=-1, save_steps=1000, warmup_steps=0, logging_steps=50, save_only_best_checkpoint=True, eval_all_checkpoints=True, no_cuda=False, overwrite_output_dir=True, overwrite_cache=False, seed=2, fp16=False, fp16_opt_level='O1', local_rank=-1, server_ip='', server_port='', predict_langs='en', train_langs='en', log_file='/home/abhijeet/rohan/cloud-emea/outputs//panx/my-bert-base-multilingual-cased-MaxLen128_ner_ilo//train_ar.log', eval_patience=-1, bpe_dropout=0, do_save_adapter_fusions=False, task_name='ner', predict_task_adapter='output/panx/my-bert-base-multilingual-cased-LR1e-4-epoch100-MaxLen128-TrainLangen_en_s2/checkpoint-best/ner/', predict_lang_adapter=None, test_adapter=True, adapter_weight=None, lang_to_vec=None, calc_weight_step=0, predict_save_prefix='', en_weight=None, temperature=1.0, get_attr=False, topk=1, task='udpos')
11/21/2021 17:59:47 - INFO - __main__ -   Loading pretrained model and tokenizer
11/21/2021 17:59:50 - INFO - __main__ -   loading from existing model bert-base-multilingual-cased
11/21/2021 17:59:55 - INFO - __main__ -   Using lang2id = None
11/21/2021 17:59:55 - INFO - __main__ -   Evaluating the model on test set of all the languages specified
11/21/2021 17:59:55 - INFO - __main__ -   Task Adapter will be loaded from this path output/panx/my-bert-base-multilingual-cased-LR1e-4-epoch100-MaxLen128-TrainLangen_en_s2/checkpoint-best/ner/
11/21/2021 17:59:55 - INFO - root -   Trying to decide if add adapter
11/21/2021 17:59:55 - INFO - root -   loading task adapter
11/21/2021 17:59:55 - INFO - root -   loading lang adpater ilo/wiki@ukp
11/21/2021 17:59:55 - INFO - __main__ -   Adapter Languages : ['ilo'], Length : 1
11/21/2021 17:59:55 - INFO - __main__ -   Adapter Names ['ilo/wiki@ukp'], Length : 1
11/21/2021 17:59:55 - INFO - __main__ -   Language = ilo
11/21/2021 17:59:55 - INFO - __main__ -   Adapter Name = ilo/wiki@ukp
11/21/2021 17:59:59 - INFO - __main__ -   Language adapter for en not found, using ilo instead
11/21/2021 17:59:59 - INFO - __main__ -   Set active language adapter to ilo
11/21/2021 17:59:59 - INFO - __main__ -   Args Adapter Weight = None
11/21/2021 17:59:59 - INFO - __main__ -   Adapter Languages = ['ilo']
11/21/2021 17:59:59 - INFO - __main__ -   Loading features from cached file /home/abhijeet/rohan/cloud-emea/data//panx/panx_processed_maxlen128/cached_test_en_bert-base-multilingual-cased_128
11/21/2021 18:00:00 - INFO - __main__ -   ***** Running evaluation  in en *****
11/21/2021 18:00:00 - INFO - __main__ -     Num examples = 10004
11/21/2021 18:00:00 - INFO - __main__ -     Batch size = 32
11/21/2021 18:00:00 - INFO - __main__ -   Batch number = 1
11/21/2021 18:00:00 - INFO - __main__ -   Batch number = 2
11/21/2021 18:00:00 - INFO - __main__ -   Batch number = 3
11/21/2021 18:00:00 - INFO - __main__ -   Batch number = 4
11/21/2021 18:00:00 - INFO - __main__ -   Batch number = 5
11/21/2021 18:00:01 - INFO - __main__ -   Batch number = 6
11/21/2021 18:00:01 - INFO - __main__ -   Batch number = 7
11/21/2021 18:00:01 - INFO - __main__ -   Batch number = 8
11/21/2021 18:00:01 - INFO - __main__ -   Batch number = 9
11/21/2021 18:00:01 - INFO - __main__ -   Batch number = 10
11/21/2021 18:00:01 - INFO - __main__ -   Batch number = 11
11/21/2021 18:00:01 - INFO - __main__ -   Batch number = 12
11/21/2021 18:00:02 - INFO - __main__ -   Batch number = 13
11/21/2021 18:00:02 - INFO - __main__ -   Batch number = 14
11/21/2021 18:00:02 - INFO - __main__ -   Batch number = 15
11/21/2021 18:00:02 - INFO - __main__ -   Batch number = 16
11/21/2021 18:00:02 - INFO - __main__ -   Batch number = 17
11/21/2021 18:00:02 - INFO - __main__ -   Batch number = 18
11/21/2021 18:00:02 - INFO - __main__ -   Batch number = 19
11/21/2021 18:00:03 - INFO - __main__ -   Batch number = 20
11/21/2021 18:00:03 - INFO - __main__ -   Batch number = 21
11/21/2021 18:00:03 - INFO - __main__ -   Batch number = 22
11/21/2021 18:00:03 - INFO - __main__ -   Batch number = 23
11/21/2021 18:00:03 - INFO - __main__ -   Batch number = 24
11/21/2021 18:00:03 - INFO - __main__ -   Batch number = 25
11/21/2021 18:00:03 - INFO - __main__ -   Batch number = 26
11/21/2021 18:00:03 - INFO - __main__ -   Batch number = 27
11/21/2021 18:00:04 - INFO - __main__ -   Batch number = 28
11/21/2021 18:00:04 - INFO - __main__ -   Batch number = 29
11/21/2021 18:00:04 - INFO - __main__ -   Batch number = 30
11/21/2021 18:00:04 - INFO - __main__ -   Batch number = 31
11/21/2021 18:00:04 - INFO - __main__ -   Batch number = 32
11/21/2021 18:00:04 - INFO - __main__ -   Batch number = 33
11/21/2021 18:00:04 - INFO - __main__ -   Batch number = 34
11/21/2021 18:00:05 - INFO - __main__ -   Batch number = 35
11/21/2021 18:00:05 - INFO - __main__ -   Batch number = 36
11/21/2021 18:00:05 - INFO - __main__ -   Batch number = 37
11/21/2021 18:00:05 - INFO - __main__ -   Batch number = 38
11/21/2021 18:00:05 - INFO - __main__ -   Batch number = 39
11/21/2021 18:00:05 - INFO - __main__ -   Batch number = 40
11/21/2021 18:00:05 - INFO - __main__ -   Batch number = 41
11/21/2021 18:00:05 - INFO - __main__ -   Batch number = 42
11/21/2021 18:00:06 - INFO - __main__ -   Batch number = 43
11/21/2021 18:00:06 - INFO - __main__ -   Batch number = 44
11/21/2021 18:00:06 - INFO - __main__ -   Batch number = 45
11/21/2021 18:00:06 - INFO - __main__ -   Batch number = 46
11/21/2021 18:00:06 - INFO - __main__ -   Batch number = 47
11/21/2021 18:00:06 - INFO - __main__ -   Batch number = 48
11/21/2021 18:00:06 - INFO - __main__ -   Batch number = 49
11/21/2021 18:00:07 - INFO - __main__ -   Batch number = 50
11/21/2021 18:00:07 - INFO - __main__ -   Batch number = 51
11/21/2021 18:00:07 - INFO - __main__ -   Batch number = 52
11/21/2021 18:00:07 - INFO - __main__ -   Batch number = 53
11/21/2021 18:00:07 - INFO - __main__ -   Batch number = 54
11/21/2021 18:00:07 - INFO - __main__ -   Batch number = 55
11/21/2021 18:00:07 - INFO - __main__ -   Batch number = 56
11/21/2021 18:00:08 - INFO - __main__ -   Batch number = 57
11/21/2021 18:00:08 - INFO - __main__ -   Batch number = 58
11/21/2021 18:00:08 - INFO - __main__ -   Batch number = 59
11/21/2021 18:00:08 - INFO - __main__ -   Batch number = 60
11/21/2021 18:00:08 - INFO - __main__ -   Batch number = 61
11/21/2021 18:00:08 - INFO - __main__ -   Batch number = 62
11/21/2021 18:00:08 - INFO - __main__ -   Batch number = 63
11/21/2021 18:00:08 - INFO - __main__ -   Batch number = 64
11/21/2021 18:00:09 - INFO - __main__ -   Batch number = 65
11/21/2021 18:00:09 - INFO - __main__ -   Batch number = 66
11/21/2021 18:00:09 - INFO - __main__ -   Batch number = 67
11/21/2021 18:00:09 - INFO - __main__ -   Batch number = 68
11/21/2021 18:00:09 - INFO - __main__ -   Batch number = 69
11/21/2021 18:00:09 - INFO - __main__ -   Batch number = 70
11/21/2021 18:00:09 - INFO - __main__ -   Batch number = 71
11/21/2021 18:00:10 - INFO - __main__ -   Batch number = 72
11/21/2021 18:00:10 - INFO - __main__ -   Batch number = 73
11/21/2021 18:00:10 - INFO - __main__ -   Batch number = 74
11/21/2021 18:00:10 - INFO - __main__ -   Batch number = 75
11/21/2021 18:00:10 - INFO - __main__ -   Batch number = 76
11/21/2021 18:00:10 - INFO - __main__ -   Batch number = 77
11/21/2021 18:00:10 - INFO - __main__ -   Batch number = 78
11/21/2021 18:00:11 - INFO - __main__ -   Batch number = 79
11/21/2021 18:00:11 - INFO - __main__ -   Batch number = 80
11/21/2021 18:00:11 - INFO - __main__ -   Batch number = 81
11/21/2021 18:00:11 - INFO - __main__ -   Batch number = 82
11/21/2021 18:00:11 - INFO - __main__ -   Batch number = 83
11/21/2021 18:00:11 - INFO - __main__ -   Batch number = 84
11/21/2021 18:00:11 - INFO - __main__ -   Batch number = 85
11/21/2021 18:00:12 - INFO - __main__ -   Batch number = 86
11/21/2021 18:00:12 - INFO - __main__ -   Batch number = 87
11/21/2021 18:00:12 - INFO - __main__ -   Batch number = 88
11/21/2021 18:00:12 - INFO - __main__ -   Batch number = 89
11/21/2021 18:00:12 - INFO - __main__ -   Batch number = 90
11/21/2021 18:00:12 - INFO - __main__ -   Batch number = 91
11/21/2021 18:00:12 - INFO - __main__ -   Batch number = 92
11/21/2021 18:00:13 - INFO - __main__ -   Batch number = 93
11/21/2021 18:00:13 - INFO - __main__ -   Batch number = 94
11/21/2021 18:00:13 - INFO - __main__ -   Batch number = 95
11/21/2021 18:00:13 - INFO - __main__ -   Batch number = 96
11/21/2021 18:00:13 - INFO - __main__ -   Batch number = 97
11/21/2021 18:00:13 - INFO - __main__ -   Batch number = 98
11/21/2021 18:00:13 - INFO - __main__ -   Batch number = 99
11/21/2021 18:00:13 - INFO - __main__ -   Batch number = 100
11/21/2021 18:00:14 - INFO - __main__ -   Batch number = 101
11/21/2021 18:00:14 - INFO - __main__ -   Batch number = 102
11/21/2021 18:00:14 - INFO - __main__ -   Batch number = 103
11/21/2021 18:00:14 - INFO - __main__ -   Batch number = 104
11/21/2021 18:00:14 - INFO - __main__ -   Batch number = 105
11/21/2021 18:00:14 - INFO - __main__ -   Batch number = 106
11/21/2021 18:00:14 - INFO - __main__ -   Batch number = 107
11/21/2021 18:00:15 - INFO - __main__ -   Batch number = 108
11/21/2021 18:00:15 - INFO - __main__ -   Batch number = 109
11/21/2021 18:00:15 - INFO - __main__ -   Batch number = 110
11/21/2021 18:00:15 - INFO - __main__ -   Batch number = 111
11/21/2021 18:00:15 - INFO - __main__ -   Batch number = 112
11/21/2021 18:00:15 - INFO - __main__ -   Batch number = 113
11/21/2021 18:00:15 - INFO - __main__ -   Batch number = 114
11/21/2021 18:00:16 - INFO - __main__ -   Batch number = 115
11/21/2021 18:00:16 - INFO - __main__ -   Batch number = 116
11/21/2021 18:00:16 - INFO - __main__ -   Batch number = 117
11/21/2021 18:00:16 - INFO - __main__ -   Batch number = 118
11/21/2021 18:00:16 - INFO - __main__ -   Batch number = 119
11/21/2021 18:00:16 - INFO - __main__ -   Batch number = 120
11/21/2021 18:00:16 - INFO - __main__ -   Batch number = 121
11/21/2021 18:00:17 - INFO - __main__ -   Batch number = 122
11/21/2021 18:00:17 - INFO - __main__ -   Batch number = 123
11/21/2021 18:00:17 - INFO - __main__ -   Batch number = 124
11/21/2021 18:00:17 - INFO - __main__ -   Batch number = 125
11/21/2021 18:00:17 - INFO - __main__ -   Batch number = 126
11/21/2021 18:00:17 - INFO - __main__ -   Batch number = 127
11/21/2021 18:00:17 - INFO - __main__ -   Batch number = 128
11/21/2021 18:00:18 - INFO - __main__ -   Batch number = 129
11/21/2021 18:00:18 - INFO - __main__ -   Batch number = 130
11/21/2021 18:00:18 - INFO - __main__ -   Batch number = 131
11/21/2021 18:00:18 - INFO - __main__ -   Batch number = 132
11/21/2021 18:00:18 - INFO - __main__ -   Batch number = 133
11/21/2021 18:00:18 - INFO - __main__ -   Batch number = 134
11/21/2021 18:00:18 - INFO - __main__ -   Batch number = 135
11/21/2021 18:00:19 - INFO - __main__ -   Batch number = 136
11/21/2021 18:00:19 - INFO - __main__ -   Batch number = 137
11/21/2021 18:00:19 - INFO - __main__ -   Batch number = 138
11/21/2021 18:00:19 - INFO - __main__ -   Batch number = 139
11/21/2021 18:00:19 - INFO - __main__ -   Batch number = 140
11/21/2021 18:00:19 - INFO - __main__ -   Batch number = 141
11/21/2021 18:00:19 - INFO - __main__ -   Batch number = 142
11/21/2021 18:00:20 - INFO - __main__ -   Batch number = 143
11/21/2021 18:00:20 - INFO - __main__ -   Batch number = 144
11/21/2021 18:00:20 - INFO - __main__ -   Batch number = 145
11/21/2021 18:00:20 - INFO - __main__ -   Batch number = 146
11/21/2021 18:00:20 - INFO - __main__ -   Batch number = 147
11/21/2021 18:00:20 - INFO - __main__ -   Batch number = 148
11/21/2021 18:00:20 - INFO - __main__ -   Batch number = 149
11/21/2021 18:00:21 - INFO - __main__ -   Batch number = 150
11/21/2021 18:00:21 - INFO - __main__ -   Batch number = 151
11/21/2021 18:00:21 - INFO - __main__ -   Batch number = 152
11/21/2021 18:00:21 - INFO - __main__ -   Batch number = 153
11/21/2021 18:00:21 - INFO - __main__ -   Batch number = 154
11/21/2021 18:00:21 - INFO - __main__ -   Batch number = 155
11/21/2021 18:00:21 - INFO - __main__ -   Batch number = 156
11/21/2021 18:00:22 - INFO - __main__ -   Batch number = 157
11/21/2021 18:00:22 - INFO - __main__ -   Batch number = 158
11/21/2021 18:00:22 - INFO - __main__ -   Batch number = 159
11/21/2021 18:00:22 - INFO - __main__ -   Batch number = 160
11/21/2021 18:00:22 - INFO - __main__ -   Batch number = 161
11/21/2021 18:00:22 - INFO - __main__ -   Batch number = 162
11/21/2021 18:00:22 - INFO - __main__ -   Batch number = 163
11/21/2021 18:00:23 - INFO - __main__ -   Batch number = 164
11/21/2021 18:00:23 - INFO - __main__ -   Batch number = 165
11/21/2021 18:00:23 - INFO - __main__ -   Batch number = 166
11/21/2021 18:00:23 - INFO - __main__ -   Batch number = 167
11/21/2021 18:00:23 - INFO - __main__ -   Batch number = 168
11/21/2021 18:00:23 - INFO - __main__ -   Batch number = 169
11/21/2021 18:00:23 - INFO - __main__ -   Batch number = 170
11/21/2021 18:00:24 - INFO - __main__ -   Batch number = 171
11/21/2021 18:00:24 - INFO - __main__ -   Batch number = 172
11/21/2021 18:00:24 - INFO - __main__ -   Batch number = 173
11/21/2021 18:00:24 - INFO - __main__ -   Batch number = 174
11/21/2021 18:00:24 - INFO - __main__ -   Batch number = 175
11/21/2021 18:00:24 - INFO - __main__ -   Batch number = 176
11/21/2021 18:00:24 - INFO - __main__ -   Batch number = 177
11/21/2021 18:00:25 - INFO - __main__ -   Batch number = 178
11/21/2021 18:00:25 - INFO - __main__ -   Batch number = 179
11/21/2021 18:00:25 - INFO - __main__ -   Batch number = 180
11/21/2021 18:00:25 - INFO - __main__ -   Batch number = 181
11/21/2021 18:00:25 - INFO - __main__ -   Batch number = 182
11/21/2021 18:00:25 - INFO - __main__ -   Batch number = 183
11/21/2021 18:00:25 - INFO - __main__ -   Batch number = 184
11/21/2021 18:00:26 - INFO - __main__ -   Batch number = 185
11/21/2021 18:00:26 - INFO - __main__ -   Batch number = 186
11/21/2021 18:00:26 - INFO - __main__ -   Batch number = 187
11/21/2021 18:00:26 - INFO - __main__ -   Batch number = 188
11/21/2021 18:00:26 - INFO - __main__ -   Batch number = 189
11/21/2021 18:00:26 - INFO - __main__ -   Batch number = 190
11/21/2021 18:00:26 - INFO - __main__ -   Batch number = 191
11/21/2021 18:00:27 - INFO - __main__ -   Batch number = 192
11/21/2021 18:00:27 - INFO - __main__ -   Batch number = 193
11/21/2021 18:00:27 - INFO - __main__ -   Batch number = 194
11/21/2021 18:00:27 - INFO - __main__ -   Batch number = 195
11/21/2021 18:00:27 - INFO - __main__ -   Batch number = 196
11/21/2021 18:00:27 - INFO - __main__ -   Batch number = 197
11/21/2021 18:00:28 - INFO - __main__ -   Batch number = 198
11/21/2021 18:00:28 - INFO - __main__ -   Batch number = 199
11/21/2021 18:00:28 - INFO - __main__ -   Batch number = 200
11/21/2021 18:00:28 - INFO - __main__ -   Batch number = 201
11/21/2021 18:00:28 - INFO - __main__ -   Batch number = 202
11/21/2021 18:00:28 - INFO - __main__ -   Batch number = 203
11/21/2021 18:00:29 - INFO - __main__ -   Batch number = 204
11/21/2021 18:00:29 - INFO - __main__ -   Batch number = 205
11/21/2021 18:00:29 - INFO - __main__ -   Batch number = 206
11/21/2021 18:00:29 - INFO - __main__ -   Batch number = 207
11/21/2021 18:00:29 - INFO - __main__ -   Batch number = 208
11/21/2021 18:00:29 - INFO - __main__ -   Batch number = 209
11/21/2021 18:00:29 - INFO - __main__ -   Batch number = 210
11/21/2021 18:00:30 - INFO - __main__ -   Batch number = 211
11/21/2021 18:00:30 - INFO - __main__ -   Batch number = 212
11/21/2021 18:00:30 - INFO - __main__ -   Batch number = 213
11/21/2021 18:00:30 - INFO - __main__ -   Batch number = 214
11/21/2021 18:00:30 - INFO - __main__ -   Batch number = 215
11/21/2021 18:00:30 - INFO - __main__ -   Batch number = 216
11/21/2021 18:00:30 - INFO - __main__ -   Batch number = 217
11/21/2021 18:00:31 - INFO - __main__ -   Batch number = 218
11/21/2021 18:00:31 - INFO - __main__ -   Batch number = 219
11/21/2021 18:00:31 - INFO - __main__ -   Batch number = 220
11/21/2021 18:00:31 - INFO - __main__ -   Batch number = 221
11/21/2021 18:00:31 - INFO - __main__ -   Batch number = 222
11/21/2021 18:00:31 - INFO - __main__ -   Batch number = 223
11/21/2021 18:00:31 - INFO - __main__ -   Batch number = 224
11/21/2021 18:00:32 - INFO - __main__ -   Batch number = 225
11/21/2021 18:00:32 - INFO - __main__ -   Batch number = 226
11/21/2021 18:00:32 - INFO - __main__ -   Batch number = 227
11/21/2021 18:00:32 - INFO - __main__ -   Batch number = 228
11/21/2021 18:00:32 - INFO - __main__ -   Batch number = 229
11/21/2021 18:00:32 - INFO - __main__ -   Batch number = 230
11/21/2021 18:00:32 - INFO - __main__ -   Batch number = 231
11/21/2021 18:00:33 - INFO - __main__ -   Batch number = 232
11/21/2021 18:00:33 - INFO - __main__ -   Batch number = 233
11/21/2021 18:00:33 - INFO - __main__ -   Batch number = 234
11/21/2021 18:00:33 - INFO - __main__ -   Batch number = 235
11/21/2021 18:00:33 - INFO - __main__ -   Batch number = 236
11/21/2021 18:00:33 - INFO - __main__ -   Batch number = 237
11/21/2021 18:00:34 - INFO - __main__ -   Batch number = 238
11/21/2021 18:00:34 - INFO - __main__ -   Batch number = 239
11/21/2021 18:00:34 - INFO - __main__ -   Batch number = 240
11/21/2021 18:00:34 - INFO - __main__ -   Batch number = 241
11/21/2021 18:00:34 - INFO - __main__ -   Batch number = 242
11/21/2021 18:00:34 - INFO - __main__ -   Batch number = 243
11/21/2021 18:00:34 - INFO - __main__ -   Batch number = 244
11/21/2021 18:00:35 - INFO - __main__ -   Batch number = 245
11/21/2021 18:00:35 - INFO - __main__ -   Batch number = 246
11/21/2021 18:00:35 - INFO - __main__ -   Batch number = 247
11/21/2021 18:00:35 - INFO - __main__ -   Batch number = 248
11/21/2021 18:00:35 - INFO - __main__ -   Batch number = 249
11/21/2021 18:00:35 - INFO - __main__ -   Batch number = 250
11/21/2021 18:00:35 - INFO - __main__ -   Batch number = 251
11/21/2021 18:00:36 - INFO - __main__ -   Batch number = 252
11/21/2021 18:00:36 - INFO - __main__ -   Batch number = 253
11/21/2021 18:00:36 - INFO - __main__ -   Batch number = 254
11/21/2021 18:00:36 - INFO - __main__ -   Batch number = 255
11/21/2021 18:00:36 - INFO - __main__ -   Batch number = 256
11/21/2021 18:00:36 - INFO - __main__ -   Batch number = 257
11/21/2021 18:00:37 - INFO - __main__ -   Batch number = 258
11/21/2021 18:00:37 - INFO - __main__ -   Batch number = 259
11/21/2021 18:00:37 - INFO - __main__ -   Batch number = 260
11/21/2021 18:00:37 - INFO - __main__ -   Batch number = 261
11/21/2021 18:00:37 - INFO - __main__ -   Batch number = 262
11/21/2021 18:00:37 - INFO - __main__ -   Batch number = 263
11/21/2021 18:00:37 - INFO - __main__ -   Batch number = 264
11/21/2021 18:00:38 - INFO - __main__ -   Batch number = 265
11/21/2021 18:00:38 - INFO - __main__ -   Batch number = 266
11/21/2021 18:00:38 - INFO - __main__ -   Batch number = 267
11/21/2021 18:00:38 - INFO - __main__ -   Batch number = 268
11/21/2021 18:00:38 - INFO - __main__ -   Batch number = 269
11/21/2021 18:00:38 - INFO - __main__ -   Batch number = 270
11/21/2021 18:00:39 - INFO - __main__ -   Batch number = 271
11/21/2021 18:00:39 - INFO - __main__ -   Batch number = 272
11/21/2021 18:00:39 - INFO - __main__ -   Batch number = 273
11/21/2021 18:00:39 - INFO - __main__ -   Batch number = 274
11/21/2021 18:00:39 - INFO - __main__ -   Batch number = 275
11/21/2021 18:00:39 - INFO - __main__ -   Batch number = 276
11/21/2021 18:00:39 - INFO - __main__ -   Batch number = 277
11/21/2021 18:00:40 - INFO - __main__ -   Batch number = 278
11/21/2021 18:00:40 - INFO - __main__ -   Batch number = 279
11/21/2021 18:00:40 - INFO - __main__ -   Batch number = 280
11/21/2021 18:00:40 - INFO - __main__ -   Batch number = 281
11/21/2021 18:00:40 - INFO - __main__ -   Batch number = 282
11/21/2021 18:00:40 - INFO - __main__ -   Batch number = 283
11/21/2021 18:00:41 - INFO - __main__ -   Batch number = 284
11/21/2021 18:00:41 - INFO - __main__ -   Batch number = 285
11/21/2021 18:00:41 - INFO - __main__ -   Batch number = 286
11/21/2021 18:00:41 - INFO - __main__ -   Batch number = 287
11/21/2021 18:00:41 - INFO - __main__ -   Batch number = 288
11/21/2021 18:00:41 - INFO - __main__ -   Batch number = 289
11/21/2021 18:00:41 - INFO - __main__ -   Batch number = 290
11/21/2021 18:00:42 - INFO - __main__ -   Batch number = 291
11/21/2021 18:00:42 - INFO - __main__ -   Batch number = 292
11/21/2021 18:00:42 - INFO - __main__ -   Batch number = 293
11/21/2021 18:00:42 - INFO - __main__ -   Batch number = 294
11/21/2021 18:00:42 - INFO - __main__ -   Batch number = 295
11/21/2021 18:00:42 - INFO - __main__ -   Batch number = 296
11/21/2021 18:00:42 - INFO - __main__ -   Batch number = 297
11/21/2021 18:00:43 - INFO - __main__ -   Batch number = 298
11/21/2021 18:00:43 - INFO - __main__ -   Batch number = 299
11/21/2021 18:00:43 - INFO - __main__ -   Batch number = 300
11/21/2021 18:00:43 - INFO - __main__ -   Batch number = 301
11/21/2021 18:00:43 - INFO - __main__ -   Batch number = 302
11/21/2021 18:00:43 - INFO - __main__ -   Batch number = 303
11/21/2021 18:00:44 - INFO - __main__ -   Batch number = 304
11/21/2021 18:00:44 - INFO - __main__ -   Batch number = 305
11/21/2021 18:00:44 - INFO - __main__ -   Batch number = 306
11/21/2021 18:00:44 - INFO - __main__ -   Batch number = 307
11/21/2021 18:00:44 - INFO - __main__ -   Batch number = 308
11/21/2021 18:00:44 - INFO - __main__ -   Batch number = 309
11/21/2021 18:00:45 - INFO - __main__ -   Batch number = 310
11/21/2021 18:00:45 - INFO - __main__ -   Batch number = 311
11/21/2021 18:00:45 - INFO - __main__ -   Batch number = 312
11/21/2021 18:00:45 - INFO - __main__ -   Batch number = 313
11/21/2021 18:00:46 - INFO - __main__ -   ***** Evaluation result  in en *****
11/21/2021 18:00:46 - INFO - __main__ -     f1 = 0.7550768144093238
11/21/2021 18:00:46 - INFO - __main__ -     loss = 1.2534692497870412
11/21/2021 18:00:46 - INFO - __main__ -     precision = 0.7446363889662859
11/21/2021 18:00:46 - INFO - __main__ -     recall = 0.7658141700694893
11/21/2021 18:00:48 - INFO - root -   Input args: ModelArguments(model_name_or_path='bert-base-multilingual-cased', model_type='bert', config_name=None, tokenizer_name=None, cache_dir=None, labels='/home/abhijeet/rohan/cloud-emea/data//panx/panx_processed_maxlen128//labels.txt', data_dir='/home/abhijeet/rohan/cloud-emea/data//panx/panx_processed_maxlen128/', output_dir='/home/abhijeet/rohan/cloud-emea/outputs//panx/my-bert-base-multilingual-cased-MaxLen128_ner_ilo/', max_seq_length=128, do_train=False, do_eval=False, do_predict=True, do_adapter_predict=False, do_predict_dev=False, do_predict_train=False, init_checkpoint=None, evaluate_during_training=False, do_lower_case=False, few_shot=-1, per_gpu_train_batch_size=8, per_gpu_eval_batch_size=32, gradient_accumulation_steps=4, learning_rate=5e-05, weight_decay=0.0, adam_epsilon=1e-08, max_grad_norm=1.0, num_train_epochs=100.0, max_steps=-1, save_steps=1000, warmup_steps=0, logging_steps=50, save_only_best_checkpoint=True, eval_all_checkpoints=True, no_cuda=False, overwrite_output_dir=True, overwrite_cache=False, seed=3, fp16=False, fp16_opt_level='O1', local_rank=-1, server_ip='', server_port='', predict_langs='en', train_langs='en', log_file='/home/abhijeet/rohan/cloud-emea/outputs//panx/my-bert-base-multilingual-cased-MaxLen128_ner_ilo//train_ar.log', eval_patience=-1, bpe_dropout=0, do_save_adapter_fusions=False, task_name='ner', predict_task_adapter='output/panx/my-bert-base-multilingual-cased-LR1e-4-epoch100-MaxLen128-TrainLangen_en_s3/checkpoint-best/ner/', predict_lang_adapter=None, test_adapter=True, adapter_weight=None, lang_to_vec=None, calc_weight_step=0, predict_save_prefix='', en_weight=None, temperature=1.0, get_attr=False, topk=1, task='udpos')
11/21/2021 18:00:48 - WARNING - __main__ -   Process rank: -1, device: cuda, n_gpu: 1, distributed training: False, 16-bits training: False
11/21/2021 18:00:48 - INFO - __main__ -   Seed = 3
11/21/2021 18:00:48 - INFO - root -   save model
11/21/2021 18:00:48 - INFO - __main__ -   Training/evaluation parameters ModelArguments(model_name_or_path='bert-base-multilingual-cased', model_type='bert', config_name=None, tokenizer_name=None, cache_dir=None, labels='/home/abhijeet/rohan/cloud-emea/data//panx/panx_processed_maxlen128//labels.txt', data_dir='/home/abhijeet/rohan/cloud-emea/data//panx/panx_processed_maxlen128/', output_dir='/home/abhijeet/rohan/cloud-emea/outputs//panx/my-bert-base-multilingual-cased-MaxLen128_ner_ilo/', max_seq_length=128, do_train=False, do_eval=False, do_predict=True, do_adapter_predict=False, do_predict_dev=False, do_predict_train=False, init_checkpoint=None, evaluate_during_training=False, do_lower_case=False, few_shot=-1, per_gpu_train_batch_size=8, per_gpu_eval_batch_size=32, gradient_accumulation_steps=4, learning_rate=5e-05, weight_decay=0.0, adam_epsilon=1e-08, max_grad_norm=1.0, num_train_epochs=100.0, max_steps=-1, save_steps=1000, warmup_steps=0, logging_steps=50, save_only_best_checkpoint=True, eval_all_checkpoints=True, no_cuda=False, overwrite_output_dir=True, overwrite_cache=False, seed=3, fp16=False, fp16_opt_level='O1', local_rank=-1, server_ip='', server_port='', predict_langs='en', train_langs='en', log_file='/home/abhijeet/rohan/cloud-emea/outputs//panx/my-bert-base-multilingual-cased-MaxLen128_ner_ilo//train_ar.log', eval_patience=-1, bpe_dropout=0, do_save_adapter_fusions=False, task_name='ner', predict_task_adapter='output/panx/my-bert-base-multilingual-cased-LR1e-4-epoch100-MaxLen128-TrainLangen_en_s3/checkpoint-best/ner/', predict_lang_adapter=None, test_adapter=True, adapter_weight=None, lang_to_vec=None, calc_weight_step=0, predict_save_prefix='', en_weight=None, temperature=1.0, get_attr=False, topk=1, task='udpos')
11/21/2021 18:00:48 - INFO - __main__ -   Loading pretrained model and tokenizer
11/21/2021 18:00:51 - INFO - __main__ -   loading from existing model bert-base-multilingual-cased
11/21/2021 18:00:56 - INFO - __main__ -   Using lang2id = None
11/21/2021 18:00:56 - INFO - __main__ -   Evaluating the model on test set of all the languages specified
11/21/2021 18:00:56 - INFO - __main__ -   Task Adapter will be loaded from this path output/panx/my-bert-base-multilingual-cased-LR1e-4-epoch100-MaxLen128-TrainLangen_en_s3/checkpoint-best/ner/
11/21/2021 18:00:56 - INFO - root -   Trying to decide if add adapter
11/21/2021 18:00:56 - INFO - root -   loading task adapter
11/21/2021 18:00:56 - INFO - root -   loading lang adpater ilo/wiki@ukp
11/21/2021 18:00:56 - INFO - __main__ -   Adapter Languages : ['ilo'], Length : 1
11/21/2021 18:00:56 - INFO - __main__ -   Adapter Names ['ilo/wiki@ukp'], Length : 1
11/21/2021 18:00:56 - INFO - __main__ -   Language = ilo
11/21/2021 18:00:56 - INFO - __main__ -   Adapter Name = ilo/wiki@ukp
11/21/2021 18:00:59 - INFO - __main__ -   Language adapter for en not found, using ilo instead
11/21/2021 18:00:59 - INFO - __main__ -   Set active language adapter to ilo
11/21/2021 18:00:59 - INFO - __main__ -   Args Adapter Weight = None
11/21/2021 18:00:59 - INFO - __main__ -   Adapter Languages = ['ilo']
11/21/2021 18:00:59 - INFO - __main__ -   Loading features from cached file /home/abhijeet/rohan/cloud-emea/data//panx/panx_processed_maxlen128/cached_test_en_bert-base-multilingual-cased_128
11/21/2021 18:01:01 - INFO - __main__ -   ***** Running evaluation  in en *****
11/21/2021 18:01:01 - INFO - __main__ -     Num examples = 10004
11/21/2021 18:01:01 - INFO - __main__ -     Batch size = 32
11/21/2021 18:01:01 - INFO - __main__ -   Batch number = 1
11/21/2021 18:01:01 - INFO - __main__ -   Batch number = 2
11/21/2021 18:01:01 - INFO - __main__ -   Batch number = 3
11/21/2021 18:01:01 - INFO - __main__ -   Batch number = 4
11/21/2021 18:01:01 - INFO - __main__ -   Batch number = 5
11/21/2021 18:01:01 - INFO - __main__ -   Batch number = 6
11/21/2021 18:01:02 - INFO - __main__ -   Batch number = 7
11/21/2021 18:01:02 - INFO - __main__ -   Batch number = 8
11/21/2021 18:01:02 - INFO - __main__ -   Batch number = 9
11/21/2021 18:01:02 - INFO - __main__ -   Batch number = 10
11/21/2021 18:01:02 - INFO - __main__ -   Batch number = 11
11/21/2021 18:01:02 - INFO - __main__ -   Batch number = 12
11/21/2021 18:01:02 - INFO - __main__ -   Batch number = 13
11/21/2021 18:01:02 - INFO - __main__ -   Batch number = 14
11/21/2021 18:01:03 - INFO - __main__ -   Batch number = 15
11/21/2021 18:01:03 - INFO - __main__ -   Batch number = 16
11/21/2021 18:01:03 - INFO - __main__ -   Batch number = 17
11/21/2021 18:01:03 - INFO - __main__ -   Batch number = 18
11/21/2021 18:01:03 - INFO - __main__ -   Batch number = 19
11/21/2021 18:01:03 - INFO - __main__ -   Batch number = 20
11/21/2021 18:01:03 - INFO - __main__ -   Batch number = 21
11/21/2021 18:01:04 - INFO - __main__ -   Batch number = 22
11/21/2021 18:01:04 - INFO - __main__ -   Batch number = 23
11/21/2021 18:01:04 - INFO - __main__ -   Batch number = 24
11/21/2021 18:01:04 - INFO - __main__ -   Batch number = 25
11/21/2021 18:01:04 - INFO - __main__ -   Batch number = 26
11/21/2021 18:01:04 - INFO - __main__ -   Batch number = 27
11/21/2021 18:01:04 - INFO - __main__ -   Batch number = 28
11/21/2021 18:01:05 - INFO - __main__ -   Batch number = 29
11/21/2021 18:01:05 - INFO - __main__ -   Batch number = 30
11/21/2021 18:01:05 - INFO - __main__ -   Batch number = 31
11/21/2021 18:01:05 - INFO - __main__ -   Batch number = 32
11/21/2021 18:01:05 - INFO - __main__ -   Batch number = 33
11/21/2021 18:01:05 - INFO - __main__ -   Batch number = 34
11/21/2021 18:01:05 - INFO - __main__ -   Batch number = 35
11/21/2021 18:01:06 - INFO - __main__ -   Batch number = 36
11/21/2021 18:01:06 - INFO - __main__ -   Batch number = 37
11/21/2021 18:01:06 - INFO - __main__ -   Batch number = 38
11/21/2021 18:01:06 - INFO - __main__ -   Batch number = 39
11/21/2021 18:01:06 - INFO - __main__ -   Batch number = 40
11/21/2021 18:01:06 - INFO - __main__ -   Batch number = 41
11/21/2021 18:01:06 - INFO - __main__ -   Batch number = 42
11/21/2021 18:01:06 - INFO - __main__ -   Batch number = 43
11/21/2021 18:01:07 - INFO - __main__ -   Batch number = 44
11/21/2021 18:01:07 - INFO - __main__ -   Batch number = 45
11/21/2021 18:01:07 - INFO - __main__ -   Batch number = 46
11/21/2021 18:01:07 - INFO - __main__ -   Batch number = 47
11/21/2021 18:01:07 - INFO - __main__ -   Batch number = 48
11/21/2021 18:01:07 - INFO - __main__ -   Batch number = 49
11/21/2021 18:01:07 - INFO - __main__ -   Batch number = 50
11/21/2021 18:01:08 - INFO - __main__ -   Batch number = 51
11/21/2021 18:01:08 - INFO - __main__ -   Batch number = 52
11/21/2021 18:01:08 - INFO - __main__ -   Batch number = 53
11/21/2021 18:01:08 - INFO - __main__ -   Batch number = 54
11/21/2021 18:01:08 - INFO - __main__ -   Batch number = 55
11/21/2021 18:01:08 - INFO - __main__ -   Batch number = 56
11/21/2021 18:01:08 - INFO - __main__ -   Batch number = 57
11/21/2021 18:01:08 - INFO - __main__ -   Batch number = 58
11/21/2021 18:01:09 - INFO - __main__ -   Batch number = 59
11/21/2021 18:01:09 - INFO - __main__ -   Batch number = 60
11/21/2021 18:01:09 - INFO - __main__ -   Batch number = 61
11/21/2021 18:01:09 - INFO - __main__ -   Batch number = 62
11/21/2021 18:01:09 - INFO - __main__ -   Batch number = 63
11/21/2021 18:01:09 - INFO - __main__ -   Batch number = 64
11/21/2021 18:01:09 - INFO - __main__ -   Batch number = 65
11/21/2021 18:01:10 - INFO - __main__ -   Batch number = 66
11/21/2021 18:01:10 - INFO - __main__ -   Batch number = 67
11/21/2021 18:01:10 - INFO - __main__ -   Batch number = 68
11/21/2021 18:01:10 - INFO - __main__ -   Batch number = 69
11/21/2021 18:01:10 - INFO - __main__ -   Batch number = 70
11/21/2021 18:01:10 - INFO - __main__ -   Batch number = 71
11/21/2021 18:01:10 - INFO - __main__ -   Batch number = 72
11/21/2021 18:01:11 - INFO - __main__ -   Batch number = 73
11/21/2021 18:01:11 - INFO - __main__ -   Batch number = 74
11/21/2021 18:01:11 - INFO - __main__ -   Batch number = 75
11/21/2021 18:01:11 - INFO - __main__ -   Batch number = 76
11/21/2021 18:01:11 - INFO - __main__ -   Batch number = 77
11/21/2021 18:01:11 - INFO - __main__ -   Batch number = 78
11/21/2021 18:01:11 - INFO - __main__ -   Batch number = 79
11/21/2021 18:01:12 - INFO - __main__ -   Batch number = 80
11/21/2021 18:01:12 - INFO - __main__ -   Batch number = 81
11/21/2021 18:01:12 - INFO - __main__ -   Batch number = 82
11/21/2021 18:01:12 - INFO - __main__ -   Batch number = 83
11/21/2021 18:01:12 - INFO - __main__ -   Batch number = 84
11/21/2021 18:01:12 - INFO - __main__ -   Batch number = 85
11/21/2021 18:01:12 - INFO - __main__ -   Batch number = 86
11/21/2021 18:01:13 - INFO - __main__ -   Batch number = 87
11/21/2021 18:01:13 - INFO - __main__ -   Batch number = 88
11/21/2021 18:01:13 - INFO - __main__ -   Batch number = 89
11/21/2021 18:01:13 - INFO - __main__ -   Batch number = 90
11/21/2021 18:01:13 - INFO - __main__ -   Batch number = 91
11/21/2021 18:01:13 - INFO - __main__ -   Batch number = 92
11/21/2021 18:01:13 - INFO - __main__ -   Batch number = 93
11/21/2021 18:01:14 - INFO - __main__ -   Batch number = 94
11/21/2021 18:01:14 - INFO - __main__ -   Batch number = 95
11/21/2021 18:01:14 - INFO - __main__ -   Batch number = 96
11/21/2021 18:01:14 - INFO - __main__ -   Batch number = 97
11/21/2021 18:01:14 - INFO - __main__ -   Batch number = 98
11/21/2021 18:01:14 - INFO - __main__ -   Batch number = 99
11/21/2021 18:01:14 - INFO - __main__ -   Batch number = 100
11/21/2021 18:01:15 - INFO - __main__ -   Batch number = 101
11/21/2021 18:01:15 - INFO - __main__ -   Batch number = 102
11/21/2021 18:01:15 - INFO - __main__ -   Batch number = 103
11/21/2021 18:01:15 - INFO - __main__ -   Batch number = 104
11/21/2021 18:01:15 - INFO - __main__ -   Batch number = 105
11/21/2021 18:01:15 - INFO - __main__ -   Batch number = 106
11/21/2021 18:01:15 - INFO - __main__ -   Batch number = 107
11/21/2021 18:01:16 - INFO - __main__ -   Batch number = 108
11/21/2021 18:01:16 - INFO - __main__ -   Batch number = 109
11/21/2021 18:01:16 - INFO - __main__ -   Batch number = 110
11/21/2021 18:01:16 - INFO - __main__ -   Batch number = 111
11/21/2021 18:01:16 - INFO - __main__ -   Batch number = 112
11/21/2021 18:01:16 - INFO - __main__ -   Batch number = 113
11/21/2021 18:01:16 - INFO - __main__ -   Batch number = 114
11/21/2021 18:01:17 - INFO - __main__ -   Batch number = 115
11/21/2021 18:01:17 - INFO - __main__ -   Batch number = 116
11/21/2021 18:01:17 - INFO - __main__ -   Batch number = 117
11/21/2021 18:01:17 - INFO - __main__ -   Batch number = 118
11/21/2021 18:01:17 - INFO - __main__ -   Batch number = 119
11/21/2021 18:01:17 - INFO - __main__ -   Batch number = 120
11/21/2021 18:01:17 - INFO - __main__ -   Batch number = 121
11/21/2021 18:01:18 - INFO - __main__ -   Batch number = 122
11/21/2021 18:01:18 - INFO - __main__ -   Batch number = 123
11/21/2021 18:01:18 - INFO - __main__ -   Batch number = 124
11/21/2021 18:01:18 - INFO - __main__ -   Batch number = 125
11/21/2021 18:01:18 - INFO - __main__ -   Batch number = 126
11/21/2021 18:01:18 - INFO - __main__ -   Batch number = 127
11/21/2021 18:01:19 - INFO - __main__ -   Batch number = 128
11/21/2021 18:01:19 - INFO - __main__ -   Batch number = 129
11/21/2021 18:01:19 - INFO - __main__ -   Batch number = 130
11/21/2021 18:01:19 - INFO - __main__ -   Batch number = 131
11/21/2021 18:01:19 - INFO - __main__ -   Batch number = 132
11/21/2021 18:01:19 - INFO - __main__ -   Batch number = 133
11/21/2021 18:01:19 - INFO - __main__ -   Batch number = 134
11/21/2021 18:01:20 - INFO - __main__ -   Batch number = 135
11/21/2021 18:01:20 - INFO - __main__ -   Batch number = 136
11/21/2021 18:01:20 - INFO - __main__ -   Batch number = 137
11/21/2021 18:01:20 - INFO - __main__ -   Batch number = 138
11/21/2021 18:01:20 - INFO - __main__ -   Batch number = 139
11/21/2021 18:01:20 - INFO - __main__ -   Batch number = 140
11/21/2021 18:01:20 - INFO - __main__ -   Batch number = 141
11/21/2021 18:01:21 - INFO - __main__ -   Batch number = 142
11/21/2021 18:01:21 - INFO - __main__ -   Batch number = 143
11/21/2021 18:01:21 - INFO - __main__ -   Batch number = 144
11/21/2021 18:01:21 - INFO - __main__ -   Batch number = 145
11/21/2021 18:01:21 - INFO - __main__ -   Batch number = 146
11/21/2021 18:01:21 - INFO - __main__ -   Batch number = 147
11/21/2021 18:01:21 - INFO - __main__ -   Batch number = 148
11/21/2021 18:01:22 - INFO - __main__ -   Batch number = 149
11/21/2021 18:01:22 - INFO - __main__ -   Batch number = 150
11/21/2021 18:01:22 - INFO - __main__ -   Batch number = 151
11/21/2021 18:01:22 - INFO - __main__ -   Batch number = 152
11/21/2021 18:01:22 - INFO - __main__ -   Batch number = 153
11/21/2021 18:01:22 - INFO - __main__ -   Batch number = 154
11/21/2021 18:01:22 - INFO - __main__ -   Batch number = 155
11/21/2021 18:01:23 - INFO - __main__ -   Batch number = 156
11/21/2021 18:01:23 - INFO - __main__ -   Batch number = 157
11/21/2021 18:01:23 - INFO - __main__ -   Batch number = 158
11/21/2021 18:01:23 - INFO - __main__ -   Batch number = 159
11/21/2021 18:01:23 - INFO - __main__ -   Batch number = 160
11/21/2021 18:01:23 - INFO - __main__ -   Batch number = 161
11/21/2021 18:01:24 - INFO - __main__ -   Batch number = 162
11/21/2021 18:01:24 - INFO - __main__ -   Batch number = 163
11/21/2021 18:01:24 - INFO - __main__ -   Batch number = 164
11/21/2021 18:01:24 - INFO - __main__ -   Batch number = 165
11/21/2021 18:01:24 - INFO - __main__ -   Batch number = 166
11/21/2021 18:01:24 - INFO - __main__ -   Batch number = 167
11/21/2021 18:01:24 - INFO - __main__ -   Batch number = 168
11/21/2021 18:01:25 - INFO - __main__ -   Batch number = 169
11/21/2021 18:01:25 - INFO - __main__ -   Batch number = 170
11/21/2021 18:01:25 - INFO - __main__ -   Batch number = 171
11/21/2021 18:01:25 - INFO - __main__ -   Batch number = 172
11/21/2021 18:01:25 - INFO - __main__ -   Batch number = 173
11/21/2021 18:01:25 - INFO - __main__ -   Batch number = 174
11/21/2021 18:01:25 - INFO - __main__ -   Batch number = 175
11/21/2021 18:01:26 - INFO - __main__ -   Batch number = 176
11/21/2021 18:01:26 - INFO - __main__ -   Batch number = 177
11/21/2021 18:01:26 - INFO - __main__ -   Batch number = 178
11/21/2021 18:01:26 - INFO - __main__ -   Batch number = 179
11/21/2021 18:01:26 - INFO - __main__ -   Batch number = 180
11/21/2021 18:01:26 - INFO - __main__ -   Batch number = 181
11/21/2021 18:01:26 - INFO - __main__ -   Batch number = 182
11/21/2021 18:01:27 - INFO - __main__ -   Batch number = 183
11/21/2021 18:01:27 - INFO - __main__ -   Batch number = 184
11/21/2021 18:01:27 - INFO - __main__ -   Batch number = 185
11/21/2021 18:01:27 - INFO - __main__ -   Batch number = 186
11/21/2021 18:01:27 - INFO - __main__ -   Batch number = 187
11/21/2021 18:01:27 - INFO - __main__ -   Batch number = 188
11/21/2021 18:01:27 - INFO - __main__ -   Batch number = 189
11/21/2021 18:01:28 - INFO - __main__ -   Batch number = 190
11/21/2021 18:01:28 - INFO - __main__ -   Batch number = 191
11/21/2021 18:01:28 - INFO - __main__ -   Batch number = 192
11/21/2021 18:01:28 - INFO - __main__ -   Batch number = 193
11/21/2021 18:01:28 - INFO - __main__ -   Batch number = 194
11/21/2021 18:01:28 - INFO - __main__ -   Batch number = 195
11/21/2021 18:01:28 - INFO - __main__ -   Batch number = 196
11/21/2021 18:01:29 - INFO - __main__ -   Batch number = 197
11/21/2021 18:01:29 - INFO - __main__ -   Batch number = 198
11/21/2021 18:01:29 - INFO - __main__ -   Batch number = 199
11/21/2021 18:01:29 - INFO - __main__ -   Batch number = 200
11/21/2021 18:01:29 - INFO - __main__ -   Batch number = 201
11/21/2021 18:01:29 - INFO - __main__ -   Batch number = 202
11/21/2021 18:01:29 - INFO - __main__ -   Batch number = 203
11/21/2021 18:01:30 - INFO - __main__ -   Batch number = 204
11/21/2021 18:01:30 - INFO - __main__ -   Batch number = 205
11/21/2021 18:01:30 - INFO - __main__ -   Batch number = 206
11/21/2021 18:01:30 - INFO - __main__ -   Batch number = 207
11/21/2021 18:01:30 - INFO - __main__ -   Batch number = 208
11/21/2021 18:01:30 - INFO - __main__ -   Batch number = 209
11/21/2021 18:01:30 - INFO - __main__ -   Batch number = 210
11/21/2021 18:01:31 - INFO - __main__ -   Batch number = 211
11/21/2021 18:01:31 - INFO - __main__ -   Batch number = 212
11/21/2021 18:01:31 - INFO - __main__ -   Batch number = 213
11/21/2021 18:01:31 - INFO - __main__ -   Batch number = 214
11/21/2021 18:01:31 - INFO - __main__ -   Batch number = 215
11/21/2021 18:01:31 - INFO - __main__ -   Batch number = 216
11/21/2021 18:01:31 - INFO - __main__ -   Batch number = 217
11/21/2021 18:01:32 - INFO - __main__ -   Batch number = 218
11/21/2021 18:01:32 - INFO - __main__ -   Batch number = 219
11/21/2021 18:01:32 - INFO - __main__ -   Batch number = 220
11/21/2021 18:01:32 - INFO - __main__ -   Batch number = 221
11/21/2021 18:01:32 - INFO - __main__ -   Batch number = 222
11/21/2021 18:01:32 - INFO - __main__ -   Batch number = 223
11/21/2021 18:01:33 - INFO - __main__ -   Batch number = 224
11/21/2021 18:01:33 - INFO - __main__ -   Batch number = 225
11/21/2021 18:01:33 - INFO - __main__ -   Batch number = 226
11/21/2021 18:01:33 - INFO - __main__ -   Batch number = 227
11/21/2021 18:01:33 - INFO - __main__ -   Batch number = 228
11/21/2021 18:01:33 - INFO - __main__ -   Batch number = 229
11/21/2021 18:01:33 - INFO - __main__ -   Batch number = 230
11/21/2021 18:01:34 - INFO - __main__ -   Batch number = 231
11/21/2021 18:01:34 - INFO - __main__ -   Batch number = 232
11/21/2021 18:01:34 - INFO - __main__ -   Batch number = 233
11/21/2021 18:01:34 - INFO - __main__ -   Batch number = 234
11/21/2021 18:01:34 - INFO - __main__ -   Batch number = 235
11/21/2021 18:01:34 - INFO - __main__ -   Batch number = 236
11/21/2021 18:01:35 - INFO - __main__ -   Batch number = 237
11/21/2021 18:01:35 - INFO - __main__ -   Batch number = 238
11/21/2021 18:01:35 - INFO - __main__ -   Batch number = 239
11/21/2021 18:01:35 - INFO - __main__ -   Batch number = 240
11/21/2021 18:01:35 - INFO - __main__ -   Batch number = 241
11/21/2021 18:01:35 - INFO - __main__ -   Batch number = 242
11/21/2021 18:01:35 - INFO - __main__ -   Batch number = 243
11/21/2021 18:01:36 - INFO - __main__ -   Batch number = 244
11/21/2021 18:01:36 - INFO - __main__ -   Batch number = 245
11/21/2021 18:01:36 - INFO - __main__ -   Batch number = 246
11/21/2021 18:01:36 - INFO - __main__ -   Batch number = 247
11/21/2021 18:01:36 - INFO - __main__ -   Batch number = 248
11/21/2021 18:01:36 - INFO - __main__ -   Batch number = 249
11/21/2021 18:01:37 - INFO - __main__ -   Batch number = 250
11/21/2021 18:01:37 - INFO - __main__ -   Batch number = 251
11/21/2021 18:01:37 - INFO - __main__ -   Batch number = 252
11/21/2021 18:01:37 - INFO - __main__ -   Batch number = 253
11/21/2021 18:01:37 - INFO - __main__ -   Batch number = 254
11/21/2021 18:01:37 - INFO - __main__ -   Batch number = 255
11/21/2021 18:01:37 - INFO - __main__ -   Batch number = 256
11/21/2021 18:01:38 - INFO - __main__ -   Batch number = 257
11/21/2021 18:01:38 - INFO - __main__ -   Batch number = 258
11/21/2021 18:01:38 - INFO - __main__ -   Batch number = 259
11/21/2021 18:01:38 - INFO - __main__ -   Batch number = 260
11/21/2021 18:01:38 - INFO - __main__ -   Batch number = 261
11/21/2021 18:01:38 - INFO - __main__ -   Batch number = 262
11/21/2021 18:01:39 - INFO - __main__ -   Batch number = 263
11/21/2021 18:01:39 - INFO - __main__ -   Batch number = 264
11/21/2021 18:01:39 - INFO - __main__ -   Batch number = 265
11/21/2021 18:01:39 - INFO - __main__ -   Batch number = 266
11/21/2021 18:01:39 - INFO - __main__ -   Batch number = 267
11/21/2021 18:01:39 - INFO - __main__ -   Batch number = 268
11/21/2021 18:01:39 - INFO - __main__ -   Batch number = 269
11/21/2021 18:01:40 - INFO - __main__ -   Batch number = 270
11/21/2021 18:01:40 - INFO - __main__ -   Batch number = 271
11/21/2021 18:01:40 - INFO - __main__ -   Batch number = 272
11/21/2021 18:01:40 - INFO - __main__ -   Batch number = 273
11/21/2021 18:01:40 - INFO - __main__ -   Batch number = 274
11/21/2021 18:01:40 - INFO - __main__ -   Batch number = 275
11/21/2021 18:01:40 - INFO - __main__ -   Batch number = 276
11/21/2021 18:01:41 - INFO - __main__ -   Batch number = 277
11/21/2021 18:01:41 - INFO - __main__ -   Batch number = 278
11/21/2021 18:01:41 - INFO - __main__ -   Batch number = 279
11/21/2021 18:01:41 - INFO - __main__ -   Batch number = 280
11/21/2021 18:01:41 - INFO - __main__ -   Batch number = 281
11/21/2021 18:01:41 - INFO - __main__ -   Batch number = 282
11/21/2021 18:01:42 - INFO - __main__ -   Batch number = 283
11/21/2021 18:01:42 - INFO - __main__ -   Batch number = 284
11/21/2021 18:01:42 - INFO - __main__ -   Batch number = 285
11/21/2021 18:01:42 - INFO - __main__ -   Batch number = 286
11/21/2021 18:01:42 - INFO - __main__ -   Batch number = 287
11/21/2021 18:01:42 - INFO - __main__ -   Batch number = 288
11/21/2021 18:01:42 - INFO - __main__ -   Batch number = 289
11/21/2021 18:01:43 - INFO - __main__ -   Batch number = 290
11/21/2021 18:01:43 - INFO - __main__ -   Batch number = 291
11/21/2021 18:01:43 - INFO - __main__ -   Batch number = 292
11/21/2021 18:01:43 - INFO - __main__ -   Batch number = 293
11/21/2021 18:01:43 - INFO - __main__ -   Batch number = 294
11/21/2021 18:01:43 - INFO - __main__ -   Batch number = 295
11/21/2021 18:01:43 - INFO - __main__ -   Batch number = 296
11/21/2021 18:01:44 - INFO - __main__ -   Batch number = 297
11/21/2021 18:01:44 - INFO - __main__ -   Batch number = 298
11/21/2021 18:01:44 - INFO - __main__ -   Batch number = 299
11/21/2021 18:01:44 - INFO - __main__ -   Batch number = 300
11/21/2021 18:01:44 - INFO - __main__ -   Batch number = 301
11/21/2021 18:01:44 - INFO - __main__ -   Batch number = 302
11/21/2021 18:01:44 - INFO - __main__ -   Batch number = 303
11/21/2021 18:01:45 - INFO - __main__ -   Batch number = 304
11/21/2021 18:01:45 - INFO - __main__ -   Batch number = 305
11/21/2021 18:01:45 - INFO - __main__ -   Batch number = 306
11/21/2021 18:01:45 - INFO - __main__ -   Batch number = 307
11/21/2021 18:01:45 - INFO - __main__ -   Batch number = 308
11/21/2021 18:01:45 - INFO - __main__ -   Batch number = 309
11/21/2021 18:01:46 - INFO - __main__ -   Batch number = 310
11/21/2021 18:01:46 - INFO - __main__ -   Batch number = 311
11/21/2021 18:01:46 - INFO - __main__ -   Batch number = 312
11/21/2021 18:01:46 - INFO - __main__ -   Batch number = 313
11/21/2021 18:01:47 - INFO - __main__ -   ***** Evaluation result  in en *****
11/21/2021 18:01:47 - INFO - __main__ -     f1 = 0.740657645656594
11/21/2021 18:01:47 - INFO - __main__ -     loss = 1.249595443185526
11/21/2021 18:01:47 - INFO - __main__ -     precision = 0.7252007963204503
11/21/2021 18:01:47 - INFO - __main__ -     recall = 0.7567877355111398
