11/26/2021 08:23:39 - INFO - root -   Input args: ModelArguments(model_name_or_path='bert-base-multilingual-cased', model_type='bert', config_name=None, tokenizer_name=None, cache_dir=None, labels='/home/abhijeet/rohan/cloud-emea/data//panx/panx_processed_maxlen128//labels.txt', data_dir='/home/abhijeet/rohan/cloud-emea/data//panx/panx_processed_maxlen128/', output_dir='/home/abhijeet/rohan/cloud-emea/outputs//panx/my-bert-base-multilingual-cased-MaxLen128_ner_hu/', max_seq_length=128, do_train=False, do_eval=False, do_predict=False, do_adapter_predict=False, do_predict_dev=True, do_predict_train=False, init_checkpoint=None, evaluate_during_training=False, do_lower_case=False, few_shot=-1, per_gpu_train_batch_size=8, per_gpu_eval_batch_size=32, gradient_accumulation_steps=4, learning_rate=5e-05, weight_decay=0.0, adam_epsilon=1e-08, max_grad_norm=1.0, num_train_epochs=100.0, max_steps=-1, save_steps=1000, warmup_steps=0, logging_steps=50, save_only_best_checkpoint=True, eval_all_checkpoints=True, no_cuda=False, overwrite_output_dir=True, overwrite_cache=False, seed=1, fp16=False, fp16_opt_level='O1', local_rank=-1, server_ip='', server_port='', predict_langs='af,yo', train_langs='en', log_file='/home/abhijeet/rohan/cloud-emea/outputs//panx/my-bert-base-multilingual-cased-MaxLen128_ner_hu//train.log', eval_patience=-1, bpe_dropout=0, do_save_adapter_fusions=False, task_name='ner', predict_task_adapter='output/panx/my-bert-base-multilingual-cased-LR1e-4-epoch100-MaxLen128-TrainLangen_en_s1/checkpoint-best/ner/', predict_lang_adapter=None, test_adapter=True, adapter_weight=None, lang_to_vec=None, calc_weight_step=0, predict_save_prefix='', en_weight=None, temperature=1.0, get_attr=False, topk=1, task='udpos')
11/26/2021 08:23:39 - WARNING - __main__ -   Process rank: -1, device: cuda, n_gpu: 1, distributed training: False, 16-bits training: False
11/26/2021 08:23:39 - INFO - __main__ -   Seed = 1
11/26/2021 08:23:39 - INFO - root -   save model
11/26/2021 08:23:39 - INFO - __main__ -   Training/evaluation parameters ModelArguments(model_name_or_path='bert-base-multilingual-cased', model_type='bert', config_name=None, tokenizer_name=None, cache_dir=None, labels='/home/abhijeet/rohan/cloud-emea/data//panx/panx_processed_maxlen128//labels.txt', data_dir='/home/abhijeet/rohan/cloud-emea/data//panx/panx_processed_maxlen128/', output_dir='/home/abhijeet/rohan/cloud-emea/outputs//panx/my-bert-base-multilingual-cased-MaxLen128_ner_hu/', max_seq_length=128, do_train=False, do_eval=False, do_predict=False, do_adapter_predict=False, do_predict_dev=True, do_predict_train=False, init_checkpoint=None, evaluate_during_training=False, do_lower_case=False, few_shot=-1, per_gpu_train_batch_size=8, per_gpu_eval_batch_size=32, gradient_accumulation_steps=4, learning_rate=5e-05, weight_decay=0.0, adam_epsilon=1e-08, max_grad_norm=1.0, num_train_epochs=100.0, max_steps=-1, save_steps=1000, warmup_steps=0, logging_steps=50, save_only_best_checkpoint=True, eval_all_checkpoints=True, no_cuda=False, overwrite_output_dir=True, overwrite_cache=False, seed=1, fp16=False, fp16_opt_level='O1', local_rank=-1, server_ip='', server_port='', predict_langs='af,yo', train_langs='en', log_file='/home/abhijeet/rohan/cloud-emea/outputs//panx/my-bert-base-multilingual-cased-MaxLen128_ner_hu//train.log', eval_patience=-1, bpe_dropout=0, do_save_adapter_fusions=False, task_name='ner', predict_task_adapter='output/panx/my-bert-base-multilingual-cased-LR1e-4-epoch100-MaxLen128-TrainLangen_en_s1/checkpoint-best/ner/', predict_lang_adapter=None, test_adapter=True, adapter_weight=None, lang_to_vec=None, calc_weight_step=0, predict_save_prefix='', en_weight=None, temperature=1.0, get_attr=False, topk=1, task='udpos')
11/26/2021 08:23:39 - INFO - __main__ -   Loading pretrained model and tokenizer
11/26/2021 08:23:41 - INFO - __main__ -   loading from existing model bert-base-multilingual-cased
11/26/2021 08:23:48 - INFO - __main__ -   Using lang2id = None
11/26/2021 08:23:48 - INFO - __main__ -   Evaluating on the dev sets of all the specified languages
11/26/2021 08:23:48 - INFO - __main__ -   Task Adapter will be loaded from this path output/panx/my-bert-base-multilingual-cased-LR1e-4-epoch100-MaxLen128-TrainLangen_en_s1/checkpoint-best/ner/
11/26/2021 08:23:48 - INFO - root -   Trying to decide if add adapter
11/26/2021 08:23:48 - INFO - root -   loading task adapter
11/26/2021 08:23:48 - INFO - root -   loading lang adpater hu/wiki@ukp
11/26/2021 08:23:48 - INFO - __main__ -   Adapter Languages : ['hu'], Length : 1
11/26/2021 08:23:48 - INFO - __main__ -   Adapter Names ['hu/wiki@ukp'], Length : 1
11/26/2021 08:23:48 - INFO - __main__ -   Language = hu
11/26/2021 08:23:48 - INFO - __main__ -   Adapter Name = hu/wiki@ukp
11/26/2021 08:23:56 - INFO - __main__ -   Language adapter for af not found, using hu instead
11/26/2021 08:23:56 - INFO - __main__ -   Set active language adapter to hu
11/26/2021 08:23:56 - INFO - __main__ -   Args Adapter Weight = None
11/26/2021 08:23:56 - INFO - __main__ -   Adapter Languages = ['hu']
11/26/2021 08:23:56 - INFO - __main__ -   Loading features from cached file /home/abhijeet/rohan/cloud-emea/data//panx/panx_processed_maxlen128/cached_dev_af_bert-base-multilingual-cased_128
11/26/2021 08:23:56 - INFO - __main__ -   ***** Running evaluation  in af *****
11/26/2021 08:23:56 - INFO - __main__ -     Num examples = 1001
11/26/2021 08:23:56 - INFO - __main__ -     Batch size = 32
11/26/2021 08:23:56 - INFO - __main__ -   Batch number = 1
11/26/2021 08:23:56 - INFO - __main__ -   Batch number = 2
11/26/2021 08:23:56 - INFO - __main__ -   Batch number = 3
11/26/2021 08:23:57 - INFO - __main__ -   Batch number = 4
11/26/2021 08:23:57 - INFO - __main__ -   Batch number = 5
11/26/2021 08:23:57 - INFO - __main__ -   Batch number = 6
11/26/2021 08:23:57 - INFO - __main__ -   Batch number = 7
11/26/2021 08:23:57 - INFO - __main__ -   Batch number = 8
11/26/2021 08:23:57 - INFO - __main__ -   Batch number = 9
11/26/2021 08:23:57 - INFO - __main__ -   Batch number = 10
11/26/2021 08:23:58 - INFO - __main__ -   Batch number = 11
11/26/2021 08:23:58 - INFO - __main__ -   Batch number = 12
11/26/2021 08:23:58 - INFO - __main__ -   Batch number = 13
11/26/2021 08:23:58 - INFO - __main__ -   Batch number = 14
11/26/2021 08:23:58 - INFO - __main__ -   Batch number = 15
11/26/2021 08:23:58 - INFO - __main__ -   Batch number = 16
11/26/2021 08:23:58 - INFO - __main__ -   Batch number = 17
11/26/2021 08:23:58 - INFO - __main__ -   Batch number = 18
11/26/2021 08:23:59 - INFO - __main__ -   Batch number = 19
11/26/2021 08:23:59 - INFO - __main__ -   Batch number = 20
11/26/2021 08:23:59 - INFO - __main__ -   Batch number = 21
11/26/2021 08:23:59 - INFO - __main__ -   Batch number = 22
11/26/2021 08:23:59 - INFO - __main__ -   Batch number = 23
11/26/2021 08:23:59 - INFO - __main__ -   Batch number = 24
11/26/2021 08:23:59 - INFO - __main__ -   Batch number = 25
11/26/2021 08:24:00 - INFO - __main__ -   Batch number = 26
11/26/2021 08:24:00 - INFO - __main__ -   Batch number = 27
11/26/2021 08:24:00 - INFO - __main__ -   Batch number = 28
11/26/2021 08:24:00 - INFO - __main__ -   Batch number = 29
11/26/2021 08:24:00 - INFO - __main__ -   Batch number = 30
11/26/2021 08:24:00 - INFO - __main__ -   Batch number = 31
11/26/2021 08:24:00 - INFO - __main__ -   Batch number = 32
11/26/2021 08:24:01 - INFO - __main__ -   ***** Evaluation result  in af *****
11/26/2021 08:24:01 - INFO - __main__ -     f1 = 0.6984894259818731
11/26/2021 08:24:01 - INFO - __main__ -     loss = 1.094692493788898
11/26/2021 08:24:01 - INFO - __main__ -     precision = 0.6323851203501094
11/26/2021 08:24:01 - INFO - __main__ -     recall = 0.7800269905533064
11/26/2021 08:24:01 - INFO - __main__ -   Language adapter for yo not found, using hu instead
11/26/2021 08:24:01 - INFO - __main__ -   Set active language adapter to hu
11/26/2021 08:24:01 - INFO - __main__ -   Args Adapter Weight = None
11/26/2021 08:24:01 - INFO - __main__ -   Adapter Languages = ['hu']
11/26/2021 08:24:01 - INFO - __main__ -   Loading features from cached file /home/abhijeet/rohan/cloud-emea/data//panx/panx_processed_maxlen128/cached_dev_yo_bert-base-multilingual-cased_128
11/26/2021 08:24:01 - INFO - __main__ -   ***** Running evaluation  in yo *****
11/26/2021 08:24:01 - INFO - __main__ -     Num examples = 100
11/26/2021 08:24:01 - INFO - __main__ -     Batch size = 32
11/26/2021 08:24:01 - INFO - __main__ -   Batch number = 1
11/26/2021 08:24:01 - INFO - __main__ -   Batch number = 2
11/26/2021 08:24:01 - INFO - __main__ -   Batch number = 3
11/26/2021 08:24:01 - INFO - __main__ -   Batch number = 4
11/26/2021 08:24:01 - INFO - __main__ -   ***** Evaluation result  in yo *****
11/26/2021 08:24:01 - INFO - __main__ -     f1 = 0.4085106382978723
11/26/2021 08:24:01 - INFO - __main__ -     loss = 4.913382411003113
11/26/2021 08:24:01 - INFO - __main__ -     precision = 0.375
11/26/2021 08:24:01 - INFO - __main__ -     recall = 0.4485981308411215
11/26/2021 08:24:04 - INFO - root -   Input args: ModelArguments(model_name_or_path='bert-base-multilingual-cased', model_type='bert', config_name=None, tokenizer_name=None, cache_dir=None, labels='/home/abhijeet/rohan/cloud-emea/data//panx/panx_processed_maxlen128//labels.txt', data_dir='/home/abhijeet/rohan/cloud-emea/data//panx/panx_processed_maxlen128/', output_dir='/home/abhijeet/rohan/cloud-emea/outputs//panx/my-bert-base-multilingual-cased-MaxLen128_ner_hu/', max_seq_length=128, do_train=False, do_eval=False, do_predict=False, do_adapter_predict=False, do_predict_dev=True, do_predict_train=False, init_checkpoint=None, evaluate_during_training=False, do_lower_case=False, few_shot=-1, per_gpu_train_batch_size=8, per_gpu_eval_batch_size=32, gradient_accumulation_steps=4, learning_rate=5e-05, weight_decay=0.0, adam_epsilon=1e-08, max_grad_norm=1.0, num_train_epochs=100.0, max_steps=-1, save_steps=1000, warmup_steps=0, logging_steps=50, save_only_best_checkpoint=True, eval_all_checkpoints=True, no_cuda=False, overwrite_output_dir=True, overwrite_cache=False, seed=2, fp16=False, fp16_opt_level='O1', local_rank=-1, server_ip='', server_port='', predict_langs='af,yo', train_langs='en', log_file='/home/abhijeet/rohan/cloud-emea/outputs//panx/my-bert-base-multilingual-cased-MaxLen128_ner_hu//train.log', eval_patience=-1, bpe_dropout=0, do_save_adapter_fusions=False, task_name='ner', predict_task_adapter='output/panx/my-bert-base-multilingual-cased-LR1e-4-epoch100-MaxLen128-TrainLangen_en_s2/checkpoint-best/ner/', predict_lang_adapter=None, test_adapter=True, adapter_weight=None, lang_to_vec=None, calc_weight_step=0, predict_save_prefix='', en_weight=None, temperature=1.0, get_attr=False, topk=1, task='udpos')
11/26/2021 08:24:04 - WARNING - __main__ -   Process rank: -1, device: cuda, n_gpu: 1, distributed training: False, 16-bits training: False
11/26/2021 08:24:04 - INFO - __main__ -   Seed = 2
11/26/2021 08:24:04 - INFO - root -   save model
11/26/2021 08:24:04 - INFO - __main__ -   Training/evaluation parameters ModelArguments(model_name_or_path='bert-base-multilingual-cased', model_type='bert', config_name=None, tokenizer_name=None, cache_dir=None, labels='/home/abhijeet/rohan/cloud-emea/data//panx/panx_processed_maxlen128//labels.txt', data_dir='/home/abhijeet/rohan/cloud-emea/data//panx/panx_processed_maxlen128/', output_dir='/home/abhijeet/rohan/cloud-emea/outputs//panx/my-bert-base-multilingual-cased-MaxLen128_ner_hu/', max_seq_length=128, do_train=False, do_eval=False, do_predict=False, do_adapter_predict=False, do_predict_dev=True, do_predict_train=False, init_checkpoint=None, evaluate_during_training=False, do_lower_case=False, few_shot=-1, per_gpu_train_batch_size=8, per_gpu_eval_batch_size=32, gradient_accumulation_steps=4, learning_rate=5e-05, weight_decay=0.0, adam_epsilon=1e-08, max_grad_norm=1.0, num_train_epochs=100.0, max_steps=-1, save_steps=1000, warmup_steps=0, logging_steps=50, save_only_best_checkpoint=True, eval_all_checkpoints=True, no_cuda=False, overwrite_output_dir=True, overwrite_cache=False, seed=2, fp16=False, fp16_opt_level='O1', local_rank=-1, server_ip='', server_port='', predict_langs='af,yo', train_langs='en', log_file='/home/abhijeet/rohan/cloud-emea/outputs//panx/my-bert-base-multilingual-cased-MaxLen128_ner_hu//train.log', eval_patience=-1, bpe_dropout=0, do_save_adapter_fusions=False, task_name='ner', predict_task_adapter='output/panx/my-bert-base-multilingual-cased-LR1e-4-epoch100-MaxLen128-TrainLangen_en_s2/checkpoint-best/ner/', predict_lang_adapter=None, test_adapter=True, adapter_weight=None, lang_to_vec=None, calc_weight_step=0, predict_save_prefix='', en_weight=None, temperature=1.0, get_attr=False, topk=1, task='udpos')
11/26/2021 08:24:04 - INFO - __main__ -   Loading pretrained model and tokenizer
11/26/2021 08:24:07 - INFO - __main__ -   loading from existing model bert-base-multilingual-cased
11/26/2021 08:24:14 - INFO - __main__ -   Using lang2id = None
11/26/2021 08:24:14 - INFO - __main__ -   Evaluating on the dev sets of all the specified languages
11/26/2021 08:24:14 - INFO - __main__ -   Task Adapter will be loaded from this path output/panx/my-bert-base-multilingual-cased-LR1e-4-epoch100-MaxLen128-TrainLangen_en_s2/checkpoint-best/ner/
11/26/2021 08:24:14 - INFO - root -   Trying to decide if add adapter
11/26/2021 08:24:14 - INFO - root -   loading task adapter
11/26/2021 08:24:14 - INFO - root -   loading lang adpater hu/wiki@ukp
11/26/2021 08:24:14 - INFO - __main__ -   Adapter Languages : ['hu'], Length : 1
11/26/2021 08:24:14 - INFO - __main__ -   Adapter Names ['hu/wiki@ukp'], Length : 1
11/26/2021 08:24:14 - INFO - __main__ -   Language = hu
11/26/2021 08:24:14 - INFO - __main__ -   Adapter Name = hu/wiki@ukp
11/26/2021 08:24:20 - INFO - __main__ -   Language adapter for af not found, using hu instead
11/26/2021 08:24:20 - INFO - __main__ -   Set active language adapter to hu
11/26/2021 08:24:20 - INFO - __main__ -   Args Adapter Weight = None
11/26/2021 08:24:20 - INFO - __main__ -   Adapter Languages = ['hu']
11/26/2021 08:24:20 - INFO - __main__ -   Loading features from cached file /home/abhijeet/rohan/cloud-emea/data//panx/panx_processed_maxlen128/cached_dev_af_bert-base-multilingual-cased_128
11/26/2021 08:24:20 - INFO - __main__ -   ***** Running evaluation  in af *****
11/26/2021 08:24:20 - INFO - __main__ -     Num examples = 1001
11/26/2021 08:24:20 - INFO - __main__ -     Batch size = 32
11/26/2021 08:24:20 - INFO - __main__ -   Batch number = 1
11/26/2021 08:24:21 - INFO - __main__ -   Batch number = 2
11/26/2021 08:24:21 - INFO - __main__ -   Batch number = 3
11/26/2021 08:24:21 - INFO - __main__ -   Batch number = 4
11/26/2021 08:24:21 - INFO - __main__ -   Batch number = 5
11/26/2021 08:24:21 - INFO - __main__ -   Batch number = 6
11/26/2021 08:24:21 - INFO - __main__ -   Batch number = 7
11/26/2021 08:24:21 - INFO - __main__ -   Batch number = 8
11/26/2021 08:24:22 - INFO - __main__ -   Batch number = 9
11/26/2021 08:24:22 - INFO - __main__ -   Batch number = 10
11/26/2021 08:24:22 - INFO - __main__ -   Batch number = 11
11/26/2021 08:24:22 - INFO - __main__ -   Batch number = 12
11/26/2021 08:24:22 - INFO - __main__ -   Batch number = 13
11/26/2021 08:24:22 - INFO - __main__ -   Batch number = 14
11/26/2021 08:24:22 - INFO - __main__ -   Batch number = 15
11/26/2021 08:24:23 - INFO - __main__ -   Batch number = 16
11/26/2021 08:24:23 - INFO - __main__ -   Batch number = 17
11/26/2021 08:24:23 - INFO - __main__ -   Batch number = 18
11/26/2021 08:24:23 - INFO - __main__ -   Batch number = 19
11/26/2021 08:24:23 - INFO - __main__ -   Batch number = 20
11/26/2021 08:24:23 - INFO - __main__ -   Batch number = 21
11/26/2021 08:24:23 - INFO - __main__ -   Batch number = 22
11/26/2021 08:24:24 - INFO - __main__ -   Batch number = 23
11/26/2021 08:24:24 - INFO - __main__ -   Batch number = 24
11/26/2021 08:24:24 - INFO - __main__ -   Batch number = 25
11/26/2021 08:24:24 - INFO - __main__ -   Batch number = 26
11/26/2021 08:24:24 - INFO - __main__ -   Batch number = 27
11/26/2021 08:24:24 - INFO - __main__ -   Batch number = 28
11/26/2021 08:24:24 - INFO - __main__ -   Batch number = 29
11/26/2021 08:24:25 - INFO - __main__ -   Batch number = 30
11/26/2021 08:24:25 - INFO - __main__ -   Batch number = 31
11/26/2021 08:24:25 - INFO - __main__ -   Batch number = 32
11/26/2021 08:24:25 - INFO - __main__ -   ***** Evaluation result  in af *****
11/26/2021 08:24:25 - INFO - __main__ -     f1 = 0.7103198551599277
11/26/2021 08:24:25 - INFO - __main__ -     loss = 1.0656185569241643
11/26/2021 08:24:25 - INFO - __main__ -     precision = 0.642467248908297
11/26/2021 08:24:25 - INFO - __main__ -     recall = 0.7941970310391363
11/26/2021 08:24:25 - INFO - __main__ -   Language adapter for yo not found, using hu instead
11/26/2021 08:24:25 - INFO - __main__ -   Set active language adapter to hu
11/26/2021 08:24:25 - INFO - __main__ -   Args Adapter Weight = None
11/26/2021 08:24:25 - INFO - __main__ -   Adapter Languages = ['hu']
11/26/2021 08:24:25 - INFO - __main__ -   Loading features from cached file /home/abhijeet/rohan/cloud-emea/data//panx/panx_processed_maxlen128/cached_dev_yo_bert-base-multilingual-cased_128
11/26/2021 08:24:25 - INFO - __main__ -   ***** Running evaluation  in yo *****
11/26/2021 08:24:25 - INFO - __main__ -     Num examples = 100
11/26/2021 08:24:25 - INFO - __main__ -     Batch size = 32
11/26/2021 08:24:25 - INFO - __main__ -   Batch number = 1
11/26/2021 08:24:25 - INFO - __main__ -   Batch number = 2
11/26/2021 08:24:25 - INFO - __main__ -   Batch number = 3
11/26/2021 08:24:26 - INFO - __main__ -   Batch number = 4
11/26/2021 08:24:26 - INFO - __main__ -   ***** Evaluation result  in yo *****
11/26/2021 08:24:26 - INFO - __main__ -     f1 = 0.35242290748898675
11/26/2021 08:24:26 - INFO - __main__ -     loss = 5.392515659332275
11/26/2021 08:24:26 - INFO - __main__ -     precision = 0.3333333333333333
11/26/2021 08:24:26 - INFO - __main__ -     recall = 0.37383177570093457
11/26/2021 08:24:29 - INFO - root -   Input args: ModelArguments(model_name_or_path='bert-base-multilingual-cased', model_type='bert', config_name=None, tokenizer_name=None, cache_dir=None, labels='/home/abhijeet/rohan/cloud-emea/data//panx/panx_processed_maxlen128//labels.txt', data_dir='/home/abhijeet/rohan/cloud-emea/data//panx/panx_processed_maxlen128/', output_dir='/home/abhijeet/rohan/cloud-emea/outputs//panx/my-bert-base-multilingual-cased-MaxLen128_ner_hu/', max_seq_length=128, do_train=False, do_eval=False, do_predict=False, do_adapter_predict=False, do_predict_dev=True, do_predict_train=False, init_checkpoint=None, evaluate_during_training=False, do_lower_case=False, few_shot=-1, per_gpu_train_batch_size=8, per_gpu_eval_batch_size=32, gradient_accumulation_steps=4, learning_rate=5e-05, weight_decay=0.0, adam_epsilon=1e-08, max_grad_norm=1.0, num_train_epochs=100.0, max_steps=-1, save_steps=1000, warmup_steps=0, logging_steps=50, save_only_best_checkpoint=True, eval_all_checkpoints=True, no_cuda=False, overwrite_output_dir=True, overwrite_cache=False, seed=3, fp16=False, fp16_opt_level='O1', local_rank=-1, server_ip='', server_port='', predict_langs='af,yo', train_langs='en', log_file='/home/abhijeet/rohan/cloud-emea/outputs//panx/my-bert-base-multilingual-cased-MaxLen128_ner_hu//train.log', eval_patience=-1, bpe_dropout=0, do_save_adapter_fusions=False, task_name='ner', predict_task_adapter='output/panx/my-bert-base-multilingual-cased-LR1e-4-epoch100-MaxLen128-TrainLangen_en_s3/checkpoint-best/ner/', predict_lang_adapter=None, test_adapter=True, adapter_weight=None, lang_to_vec=None, calc_weight_step=0, predict_save_prefix='', en_weight=None, temperature=1.0, get_attr=False, topk=1, task='udpos')
11/26/2021 08:24:29 - WARNING - __main__ -   Process rank: -1, device: cuda, n_gpu: 1, distributed training: False, 16-bits training: False
11/26/2021 08:24:29 - INFO - __main__ -   Seed = 3
11/26/2021 08:24:29 - INFO - root -   save model
11/26/2021 08:24:29 - INFO - __main__ -   Training/evaluation parameters ModelArguments(model_name_or_path='bert-base-multilingual-cased', model_type='bert', config_name=None, tokenizer_name=None, cache_dir=None, labels='/home/abhijeet/rohan/cloud-emea/data//panx/panx_processed_maxlen128//labels.txt', data_dir='/home/abhijeet/rohan/cloud-emea/data//panx/panx_processed_maxlen128/', output_dir='/home/abhijeet/rohan/cloud-emea/outputs//panx/my-bert-base-multilingual-cased-MaxLen128_ner_hu/', max_seq_length=128, do_train=False, do_eval=False, do_predict=False, do_adapter_predict=False, do_predict_dev=True, do_predict_train=False, init_checkpoint=None, evaluate_during_training=False, do_lower_case=False, few_shot=-1, per_gpu_train_batch_size=8, per_gpu_eval_batch_size=32, gradient_accumulation_steps=4, learning_rate=5e-05, weight_decay=0.0, adam_epsilon=1e-08, max_grad_norm=1.0, num_train_epochs=100.0, max_steps=-1, save_steps=1000, warmup_steps=0, logging_steps=50, save_only_best_checkpoint=True, eval_all_checkpoints=True, no_cuda=False, overwrite_output_dir=True, overwrite_cache=False, seed=3, fp16=False, fp16_opt_level='O1', local_rank=-1, server_ip='', server_port='', predict_langs='af,yo', train_langs='en', log_file='/home/abhijeet/rohan/cloud-emea/outputs//panx/my-bert-base-multilingual-cased-MaxLen128_ner_hu//train.log', eval_patience=-1, bpe_dropout=0, do_save_adapter_fusions=False, task_name='ner', predict_task_adapter='output/panx/my-bert-base-multilingual-cased-LR1e-4-epoch100-MaxLen128-TrainLangen_en_s3/checkpoint-best/ner/', predict_lang_adapter=None, test_adapter=True, adapter_weight=None, lang_to_vec=None, calc_weight_step=0, predict_save_prefix='', en_weight=None, temperature=1.0, get_attr=False, topk=1, task='udpos')
11/26/2021 08:24:29 - INFO - __main__ -   Loading pretrained model and tokenizer
11/26/2021 08:24:31 - INFO - __main__ -   loading from existing model bert-base-multilingual-cased
11/26/2021 08:24:39 - INFO - __main__ -   Using lang2id = None
11/26/2021 08:24:39 - INFO - __main__ -   Evaluating on the dev sets of all the specified languages
11/26/2021 08:24:39 - INFO - __main__ -   Task Adapter will be loaded from this path output/panx/my-bert-base-multilingual-cased-LR1e-4-epoch100-MaxLen128-TrainLangen_en_s3/checkpoint-best/ner/
11/26/2021 08:24:39 - INFO - root -   Trying to decide if add adapter
11/26/2021 08:24:39 - INFO - root -   loading task adapter
11/26/2021 08:24:39 - INFO - root -   loading lang adpater hu/wiki@ukp
11/26/2021 08:24:39 - INFO - __main__ -   Adapter Languages : ['hu'], Length : 1
11/26/2021 08:24:39 - INFO - __main__ -   Adapter Names ['hu/wiki@ukp'], Length : 1
11/26/2021 08:24:39 - INFO - __main__ -   Language = hu
11/26/2021 08:24:39 - INFO - __main__ -   Adapter Name = hu/wiki@ukp
11/26/2021 08:24:46 - INFO - __main__ -   Language adapter for af not found, using hu instead
11/26/2021 08:24:46 - INFO - __main__ -   Set active language adapter to hu
11/26/2021 08:24:46 - INFO - __main__ -   Args Adapter Weight = None
11/26/2021 08:24:46 - INFO - __main__ -   Adapter Languages = ['hu']
11/26/2021 08:24:46 - INFO - __main__ -   Loading features from cached file /home/abhijeet/rohan/cloud-emea/data//panx/panx_processed_maxlen128/cached_dev_af_bert-base-multilingual-cased_128
11/26/2021 08:24:46 - INFO - __main__ -   ***** Running evaluation  in af *****
11/26/2021 08:24:46 - INFO - __main__ -     Num examples = 1001
11/26/2021 08:24:46 - INFO - __main__ -     Batch size = 32
11/26/2021 08:24:46 - INFO - __main__ -   Batch number = 1
11/26/2021 08:24:46 - INFO - __main__ -   Batch number = 2
11/26/2021 08:24:46 - INFO - __main__ -   Batch number = 3
11/26/2021 08:24:47 - INFO - __main__ -   Batch number = 4
11/26/2021 08:24:47 - INFO - __main__ -   Batch number = 5
11/26/2021 08:24:47 - INFO - __main__ -   Batch number = 6
11/26/2021 08:24:47 - INFO - __main__ -   Batch number = 7
11/26/2021 08:24:47 - INFO - __main__ -   Batch number = 8
11/26/2021 08:24:47 - INFO - __main__ -   Batch number = 9
11/26/2021 08:24:48 - INFO - __main__ -   Batch number = 10
11/26/2021 08:24:48 - INFO - __main__ -   Batch number = 11
11/26/2021 08:24:48 - INFO - __main__ -   Batch number = 12
11/26/2021 08:24:48 - INFO - __main__ -   Batch number = 13
11/26/2021 08:24:48 - INFO - __main__ -   Batch number = 14
11/26/2021 08:24:48 - INFO - __main__ -   Batch number = 15
11/26/2021 08:24:48 - INFO - __main__ -   Batch number = 16
11/26/2021 08:24:49 - INFO - __main__ -   Batch number = 17
11/26/2021 08:24:49 - INFO - __main__ -   Batch number = 18
11/26/2021 08:24:49 - INFO - __main__ -   Batch number = 19
11/26/2021 08:24:49 - INFO - __main__ -   Batch number = 20
11/26/2021 08:24:49 - INFO - __main__ -   Batch number = 21
11/26/2021 08:24:49 - INFO - __main__ -   Batch number = 22
11/26/2021 08:24:49 - INFO - __main__ -   Batch number = 23
11/26/2021 08:24:49 - INFO - __main__ -   Batch number = 24
11/26/2021 08:24:50 - INFO - __main__ -   Batch number = 25
11/26/2021 08:24:50 - INFO - __main__ -   Batch number = 26
11/26/2021 08:24:50 - INFO - __main__ -   Batch number = 27
11/26/2021 08:24:50 - INFO - __main__ -   Batch number = 28
11/26/2021 08:24:50 - INFO - __main__ -   Batch number = 29
11/26/2021 08:24:50 - INFO - __main__ -   Batch number = 30
11/26/2021 08:24:50 - INFO - __main__ -   Batch number = 31
11/26/2021 08:24:51 - INFO - __main__ -   Batch number = 32
11/26/2021 08:24:51 - INFO - __main__ -   ***** Evaluation result  in af *****
11/26/2021 08:24:51 - INFO - __main__ -     f1 = 0.6788059701492538
11/26/2021 08:24:51 - INFO - __main__ -     loss = 1.3077950365841389
11/26/2021 08:24:51 - INFO - __main__ -     precision = 0.6086723768736617
11/26/2021 08:24:51 - INFO - __main__ -     recall = 0.7672064777327935
11/26/2021 08:24:51 - INFO - __main__ -   Language adapter for yo not found, using hu instead
11/26/2021 08:24:51 - INFO - __main__ -   Set active language adapter to hu
11/26/2021 08:24:51 - INFO - __main__ -   Args Adapter Weight = None
11/26/2021 08:24:51 - INFO - __main__ -   Adapter Languages = ['hu']
11/26/2021 08:24:51 - INFO - __main__ -   Loading features from cached file /home/abhijeet/rohan/cloud-emea/data//panx/panx_processed_maxlen128/cached_dev_yo_bert-base-multilingual-cased_128
11/26/2021 08:24:51 - INFO - __main__ -   ***** Running evaluation  in yo *****
11/26/2021 08:24:51 - INFO - __main__ -     Num examples = 100
11/26/2021 08:24:51 - INFO - __main__ -     Batch size = 32
11/26/2021 08:24:51 - INFO - __main__ -   Batch number = 1
11/26/2021 08:24:51 - INFO - __main__ -   Batch number = 2
11/26/2021 08:24:51 - INFO - __main__ -   Batch number = 3
11/26/2021 08:24:51 - INFO - __main__ -   Batch number = 4
11/26/2021 08:24:51 - INFO - __main__ -   ***** Evaluation result  in yo *****
11/26/2021 08:24:51 - INFO - __main__ -     f1 = 0.2992125984251968
11/26/2021 08:24:51 - INFO - __main__ -     loss = 4.533407747745514
11/26/2021 08:24:51 - INFO - __main__ -     precision = 0.2585034013605442
11/26/2021 08:24:51 - INFO - __main__ -     recall = 0.35514018691588783
11/26/2021 08:29:57 - INFO - root -   Input args: ModelArguments(model_name_or_path='bert-base-multilingual-cased', model_type='bert', config_name=None, tokenizer_name=None, cache_dir=None, labels='/home/abhijeet/rohan/cloud-emea/data//panx/panx_processed_maxlen128//labels.txt', data_dir='/home/abhijeet/rohan/cloud-emea/data//panx/panx_processed_maxlen128/', output_dir='/home/abhijeet/rohan/cloud-emea/outputs//panx/my-bert-base-multilingual-cased-MaxLen128_ner_hu/', max_seq_length=128, do_train=False, do_eval=False, do_predict=True, do_adapter_predict=False, do_predict_dev=False, do_predict_train=False, init_checkpoint=None, evaluate_during_training=False, do_lower_case=False, few_shot=-1, per_gpu_train_batch_size=8, per_gpu_eval_batch_size=32, gradient_accumulation_steps=4, learning_rate=5e-05, weight_decay=0.0, adam_epsilon=1e-08, max_grad_norm=1.0, num_train_epochs=100.0, max_steps=-1, save_steps=1000, warmup_steps=0, logging_steps=50, save_only_best_checkpoint=True, eval_all_checkpoints=True, no_cuda=False, overwrite_output_dir=True, overwrite_cache=False, seed=1, fp16=False, fp16_opt_level='O1', local_rank=-1, server_ip='', server_port='', predict_langs='af,yo', train_langs='en', log_file='/home/abhijeet/rohan/cloud-emea/outputs//panx/my-bert-base-multilingual-cased-MaxLen128_ner_hu//train.log', eval_patience=-1, bpe_dropout=0, do_save_adapter_fusions=False, task_name='ner', predict_task_adapter='output/panx/my-bert-base-multilingual-cased-LR1e-4-epoch100-MaxLen128-TrainLangen_en_s1/checkpoint-best/ner/', predict_lang_adapter=None, test_adapter=True, adapter_weight=None, lang_to_vec=None, calc_weight_step=0, predict_save_prefix='', en_weight=None, temperature=1.0, get_attr=False, topk=1, task='udpos')
11/26/2021 08:29:57 - WARNING - __main__ -   Process rank: -1, device: cuda, n_gpu: 1, distributed training: False, 16-bits training: False
11/26/2021 08:29:57 - INFO - __main__ -   Seed = 1
11/26/2021 08:29:57 - INFO - root -   save model
11/26/2021 08:29:57 - INFO - __main__ -   Training/evaluation parameters ModelArguments(model_name_or_path='bert-base-multilingual-cased', model_type='bert', config_name=None, tokenizer_name=None, cache_dir=None, labels='/home/abhijeet/rohan/cloud-emea/data//panx/panx_processed_maxlen128//labels.txt', data_dir='/home/abhijeet/rohan/cloud-emea/data//panx/panx_processed_maxlen128/', output_dir='/home/abhijeet/rohan/cloud-emea/outputs//panx/my-bert-base-multilingual-cased-MaxLen128_ner_hu/', max_seq_length=128, do_train=False, do_eval=False, do_predict=True, do_adapter_predict=False, do_predict_dev=False, do_predict_train=False, init_checkpoint=None, evaluate_during_training=False, do_lower_case=False, few_shot=-1, per_gpu_train_batch_size=8, per_gpu_eval_batch_size=32, gradient_accumulation_steps=4, learning_rate=5e-05, weight_decay=0.0, adam_epsilon=1e-08, max_grad_norm=1.0, num_train_epochs=100.0, max_steps=-1, save_steps=1000, warmup_steps=0, logging_steps=50, save_only_best_checkpoint=True, eval_all_checkpoints=True, no_cuda=False, overwrite_output_dir=True, overwrite_cache=False, seed=1, fp16=False, fp16_opt_level='O1', local_rank=-1, server_ip='', server_port='', predict_langs='af,yo', train_langs='en', log_file='/home/abhijeet/rohan/cloud-emea/outputs//panx/my-bert-base-multilingual-cased-MaxLen128_ner_hu//train.log', eval_patience=-1, bpe_dropout=0, do_save_adapter_fusions=False, task_name='ner', predict_task_adapter='output/panx/my-bert-base-multilingual-cased-LR1e-4-epoch100-MaxLen128-TrainLangen_en_s1/checkpoint-best/ner/', predict_lang_adapter=None, test_adapter=True, adapter_weight=None, lang_to_vec=None, calc_weight_step=0, predict_save_prefix='', en_weight=None, temperature=1.0, get_attr=False, topk=1, task='udpos')
11/26/2021 08:29:57 - INFO - __main__ -   Loading pretrained model and tokenizer
11/26/2021 08:30:00 - INFO - __main__ -   loading from existing model bert-base-multilingual-cased
11/26/2021 08:30:07 - INFO - __main__ -   Using lang2id = None
11/26/2021 08:30:07 - INFO - __main__ -   Evaluating the model on test set of all the languages specified
11/26/2021 08:30:07 - INFO - __main__ -   Task Adapter will be loaded from this path output/panx/my-bert-base-multilingual-cased-LR1e-4-epoch100-MaxLen128-TrainLangen_en_s1/checkpoint-best/ner/
11/26/2021 08:30:07 - INFO - root -   Trying to decide if add adapter
11/26/2021 08:30:07 - INFO - root -   loading task adapter
11/26/2021 08:30:07 - INFO - root -   loading lang adpater hu/wiki@ukp
11/26/2021 08:30:07 - INFO - __main__ -   Adapter Languages : ['hu'], Length : 1
11/26/2021 08:30:07 - INFO - __main__ -   Adapter Names ['hu/wiki@ukp'], Length : 1
11/26/2021 08:30:07 - INFO - __main__ -   Language = hu
11/26/2021 08:30:07 - INFO - __main__ -   Adapter Name = hu/wiki@ukp
11/26/2021 08:30:15 - INFO - __main__ -   Language adapter for af not found, using hu instead
11/26/2021 08:30:15 - INFO - __main__ -   Set active language adapter to hu
11/26/2021 08:30:15 - INFO - __main__ -   Args Adapter Weight = None
11/26/2021 08:30:15 - INFO - __main__ -   Adapter Languages = ['hu']
11/26/2021 08:30:15 - INFO - __main__ -   Loading features from cached file /home/abhijeet/rohan/cloud-emea/data//panx/panx_processed_maxlen128/cached_test_af_bert-base-multilingual-cased_128
11/26/2021 08:30:15 - INFO - __main__ -   ***** Running evaluation  in af *****
11/26/2021 08:30:15 - INFO - __main__ -     Num examples = 1000
11/26/2021 08:30:15 - INFO - __main__ -     Batch size = 32
11/26/2021 08:30:15 - INFO - __main__ -   Batch number = 1
11/26/2021 08:30:15 - INFO - __main__ -   Batch number = 2
11/26/2021 08:30:15 - INFO - __main__ -   Batch number = 3
11/26/2021 08:30:15 - INFO - __main__ -   Batch number = 4
11/26/2021 08:30:16 - INFO - __main__ -   Batch number = 5
11/26/2021 08:30:16 - INFO - __main__ -   Batch number = 6
11/26/2021 08:30:16 - INFO - __main__ -   Batch number = 7
11/26/2021 08:30:16 - INFO - __main__ -   Batch number = 8
11/26/2021 08:30:16 - INFO - __main__ -   Batch number = 9
11/26/2021 08:30:16 - INFO - __main__ -   Batch number = 10
11/26/2021 08:30:16 - INFO - __main__ -   Batch number = 11
11/26/2021 08:30:17 - INFO - __main__ -   Batch number = 12
11/26/2021 08:30:17 - INFO - __main__ -   Batch number = 13
11/26/2021 08:30:17 - INFO - __main__ -   Batch number = 14
11/26/2021 08:30:17 - INFO - __main__ -   Batch number = 15
11/26/2021 08:30:17 - INFO - __main__ -   Batch number = 16
11/26/2021 08:30:17 - INFO - __main__ -   Batch number = 17
11/26/2021 08:30:17 - INFO - __main__ -   Batch number = 18
11/26/2021 08:30:18 - INFO - __main__ -   Batch number = 19
11/26/2021 08:30:18 - INFO - __main__ -   Batch number = 20
11/26/2021 08:30:18 - INFO - __main__ -   Batch number = 21
11/26/2021 08:30:18 - INFO - __main__ -   Batch number = 22
11/26/2021 08:30:18 - INFO - __main__ -   Batch number = 23
11/26/2021 08:30:18 - INFO - __main__ -   Batch number = 24
11/26/2021 08:30:18 - INFO - __main__ -   Batch number = 25
11/26/2021 08:30:19 - INFO - __main__ -   Batch number = 26
11/26/2021 08:30:19 - INFO - __main__ -   Batch number = 27
11/26/2021 08:30:19 - INFO - __main__ -   Batch number = 28
11/26/2021 08:30:19 - INFO - __main__ -   Batch number = 29
11/26/2021 08:30:19 - INFO - __main__ -   Batch number = 30
11/26/2021 08:30:19 - INFO - __main__ -   Batch number = 31
11/26/2021 08:30:19 - INFO - __main__ -   Batch number = 32
11/26/2021 08:30:20 - INFO - __main__ -   ***** Evaluation result  in af *****
11/26/2021 08:30:20 - INFO - __main__ -     f1 = 0.7065940713853598
11/26/2021 08:30:20 - INFO - __main__ -     loss = 1.0397208034992218
11/26/2021 08:30:20 - INFO - __main__ -     precision = 0.6421110500274876
11/26/2021 08:30:20 - INFO - __main__ -     recall = 0.7854741089441829
11/26/2021 08:30:20 - INFO - __main__ -   Language adapter for yo not found, using hu instead
11/26/2021 08:30:20 - INFO - __main__ -   Set active language adapter to hu
11/26/2021 08:30:20 - INFO - __main__ -   Args Adapter Weight = None
11/26/2021 08:30:20 - INFO - __main__ -   Adapter Languages = ['hu']
11/26/2021 08:30:20 - INFO - __main__ -   Loading features from cached file /home/abhijeet/rohan/cloud-emea/data//panx/panx_processed_maxlen128/cached_test_yo_bert-base-multilingual-cased_128
11/26/2021 08:30:20 - INFO - __main__ -   ***** Running evaluation  in yo *****
11/26/2021 08:30:20 - INFO - __main__ -     Num examples = 100
11/26/2021 08:30:20 - INFO - __main__ -     Batch size = 32
11/26/2021 08:30:20 - INFO - __main__ -   Batch number = 1
11/26/2021 08:30:20 - INFO - __main__ -   Batch number = 2
11/26/2021 08:30:20 - INFO - __main__ -   Batch number = 3
11/26/2021 08:30:20 - INFO - __main__ -   Batch number = 4
11/26/2021 08:30:20 - INFO - __main__ -   ***** Evaluation result  in yo *****
11/26/2021 08:30:20 - INFO - __main__ -     f1 = 0.47736625514403286
11/26/2021 08:30:20 - INFO - __main__ -     loss = 3.58866149187088
11/26/2021 08:30:20 - INFO - __main__ -     precision = 0.4393939393939394
11/26/2021 08:30:20 - INFO - __main__ -     recall = 0.5225225225225225
11/26/2021 08:30:23 - INFO - root -   Input args: ModelArguments(model_name_or_path='bert-base-multilingual-cased', model_type='bert', config_name=None, tokenizer_name=None, cache_dir=None, labels='/home/abhijeet/rohan/cloud-emea/data//panx/panx_processed_maxlen128//labels.txt', data_dir='/home/abhijeet/rohan/cloud-emea/data//panx/panx_processed_maxlen128/', output_dir='/home/abhijeet/rohan/cloud-emea/outputs//panx/my-bert-base-multilingual-cased-MaxLen128_ner_hu/', max_seq_length=128, do_train=False, do_eval=False, do_predict=True, do_adapter_predict=False, do_predict_dev=False, do_predict_train=False, init_checkpoint=None, evaluate_during_training=False, do_lower_case=False, few_shot=-1, per_gpu_train_batch_size=8, per_gpu_eval_batch_size=32, gradient_accumulation_steps=4, learning_rate=5e-05, weight_decay=0.0, adam_epsilon=1e-08, max_grad_norm=1.0, num_train_epochs=100.0, max_steps=-1, save_steps=1000, warmup_steps=0, logging_steps=50, save_only_best_checkpoint=True, eval_all_checkpoints=True, no_cuda=False, overwrite_output_dir=True, overwrite_cache=False, seed=2, fp16=False, fp16_opt_level='O1', local_rank=-1, server_ip='', server_port='', predict_langs='af,yo', train_langs='en', log_file='/home/abhijeet/rohan/cloud-emea/outputs//panx/my-bert-base-multilingual-cased-MaxLen128_ner_hu//train.log', eval_patience=-1, bpe_dropout=0, do_save_adapter_fusions=False, task_name='ner', predict_task_adapter='output/panx/my-bert-base-multilingual-cased-LR1e-4-epoch100-MaxLen128-TrainLangen_en_s2/checkpoint-best/ner/', predict_lang_adapter=None, test_adapter=True, adapter_weight=None, lang_to_vec=None, calc_weight_step=0, predict_save_prefix='', en_weight=None, temperature=1.0, get_attr=False, topk=1, task='udpos')
11/26/2021 08:30:23 - WARNING - __main__ -   Process rank: -1, device: cuda, n_gpu: 1, distributed training: False, 16-bits training: False
11/26/2021 08:30:23 - INFO - __main__ -   Seed = 2
11/26/2021 08:30:23 - INFO - root -   save model
11/26/2021 08:30:23 - INFO - __main__ -   Training/evaluation parameters ModelArguments(model_name_or_path='bert-base-multilingual-cased', model_type='bert', config_name=None, tokenizer_name=None, cache_dir=None, labels='/home/abhijeet/rohan/cloud-emea/data//panx/panx_processed_maxlen128//labels.txt', data_dir='/home/abhijeet/rohan/cloud-emea/data//panx/panx_processed_maxlen128/', output_dir='/home/abhijeet/rohan/cloud-emea/outputs//panx/my-bert-base-multilingual-cased-MaxLen128_ner_hu/', max_seq_length=128, do_train=False, do_eval=False, do_predict=True, do_adapter_predict=False, do_predict_dev=False, do_predict_train=False, init_checkpoint=None, evaluate_during_training=False, do_lower_case=False, few_shot=-1, per_gpu_train_batch_size=8, per_gpu_eval_batch_size=32, gradient_accumulation_steps=4, learning_rate=5e-05, weight_decay=0.0, adam_epsilon=1e-08, max_grad_norm=1.0, num_train_epochs=100.0, max_steps=-1, save_steps=1000, warmup_steps=0, logging_steps=50, save_only_best_checkpoint=True, eval_all_checkpoints=True, no_cuda=False, overwrite_output_dir=True, overwrite_cache=False, seed=2, fp16=False, fp16_opt_level='O1', local_rank=-1, server_ip='', server_port='', predict_langs='af,yo', train_langs='en', log_file='/home/abhijeet/rohan/cloud-emea/outputs//panx/my-bert-base-multilingual-cased-MaxLen128_ner_hu//train.log', eval_patience=-1, bpe_dropout=0, do_save_adapter_fusions=False, task_name='ner', predict_task_adapter='output/panx/my-bert-base-multilingual-cased-LR1e-4-epoch100-MaxLen128-TrainLangen_en_s2/checkpoint-best/ner/', predict_lang_adapter=None, test_adapter=True, adapter_weight=None, lang_to_vec=None, calc_weight_step=0, predict_save_prefix='', en_weight=None, temperature=1.0, get_attr=False, topk=1, task='udpos')
11/26/2021 08:30:23 - INFO - __main__ -   Loading pretrained model and tokenizer
11/26/2021 08:30:26 - INFO - __main__ -   loading from existing model bert-base-multilingual-cased
11/26/2021 08:30:32 - INFO - __main__ -   Using lang2id = None
11/26/2021 08:30:32 - INFO - __main__ -   Evaluating the model on test set of all the languages specified
11/26/2021 08:30:32 - INFO - __main__ -   Task Adapter will be loaded from this path output/panx/my-bert-base-multilingual-cased-LR1e-4-epoch100-MaxLen128-TrainLangen_en_s2/checkpoint-best/ner/
11/26/2021 08:30:32 - INFO - root -   Trying to decide if add adapter
11/26/2021 08:30:32 - INFO - root -   loading task adapter
11/26/2021 08:30:33 - INFO - root -   loading lang adpater hu/wiki@ukp
11/26/2021 08:30:33 - INFO - __main__ -   Adapter Languages : ['hu'], Length : 1
11/26/2021 08:30:33 - INFO - __main__ -   Adapter Names ['hu/wiki@ukp'], Length : 1
11/26/2021 08:30:33 - INFO - __main__ -   Language = hu
11/26/2021 08:30:33 - INFO - __main__ -   Adapter Name = hu/wiki@ukp
11/26/2021 08:30:39 - INFO - __main__ -   Language adapter for af not found, using hu instead
11/26/2021 08:30:39 - INFO - __main__ -   Set active language adapter to hu
11/26/2021 08:30:39 - INFO - __main__ -   Args Adapter Weight = None
11/26/2021 08:30:39 - INFO - __main__ -   Adapter Languages = ['hu']
11/26/2021 08:30:39 - INFO - __main__ -   Loading features from cached file /home/abhijeet/rohan/cloud-emea/data//panx/panx_processed_maxlen128/cached_test_af_bert-base-multilingual-cased_128
11/26/2021 08:30:40 - INFO - __main__ -   ***** Running evaluation  in af *****
11/26/2021 08:30:40 - INFO - __main__ -     Num examples = 1000
11/26/2021 08:30:40 - INFO - __main__ -     Batch size = 32
11/26/2021 08:30:40 - INFO - __main__ -   Batch number = 1
11/26/2021 08:30:40 - INFO - __main__ -   Batch number = 2
11/26/2021 08:30:40 - INFO - __main__ -   Batch number = 3
11/26/2021 08:30:40 - INFO - __main__ -   Batch number = 4
11/26/2021 08:30:40 - INFO - __main__ -   Batch number = 5
11/26/2021 08:30:40 - INFO - __main__ -   Batch number = 6
11/26/2021 08:30:41 - INFO - __main__ -   Batch number = 7
11/26/2021 08:30:41 - INFO - __main__ -   Batch number = 8
11/26/2021 08:30:41 - INFO - __main__ -   Batch number = 9
11/26/2021 08:30:41 - INFO - __main__ -   Batch number = 10
11/26/2021 08:30:41 - INFO - __main__ -   Batch number = 11
11/26/2021 08:30:41 - INFO - __main__ -   Batch number = 12
11/26/2021 08:30:41 - INFO - __main__ -   Batch number = 13
11/26/2021 08:30:41 - INFO - __main__ -   Batch number = 14
11/26/2021 08:30:42 - INFO - __main__ -   Batch number = 15
11/26/2021 08:30:42 - INFO - __main__ -   Batch number = 16
11/26/2021 08:30:42 - INFO - __main__ -   Batch number = 17
11/26/2021 08:30:42 - INFO - __main__ -   Batch number = 18
11/26/2021 08:30:42 - INFO - __main__ -   Batch number = 19
11/26/2021 08:30:42 - INFO - __main__ -   Batch number = 20
11/26/2021 08:30:42 - INFO - __main__ -   Batch number = 21
11/26/2021 08:30:43 - INFO - __main__ -   Batch number = 22
11/26/2021 08:30:43 - INFO - __main__ -   Batch number = 23
11/26/2021 08:30:43 - INFO - __main__ -   Batch number = 24
11/26/2021 08:30:43 - INFO - __main__ -   Batch number = 25
11/26/2021 08:30:43 - INFO - __main__ -   Batch number = 26
11/26/2021 08:30:43 - INFO - __main__ -   Batch number = 27
11/26/2021 08:30:43 - INFO - __main__ -   Batch number = 28
11/26/2021 08:30:44 - INFO - __main__ -   Batch number = 29
11/26/2021 08:30:44 - INFO - __main__ -   Batch number = 30
11/26/2021 08:30:44 - INFO - __main__ -   Batch number = 31
11/26/2021 08:30:44 - INFO - __main__ -   Batch number = 32
11/26/2021 08:30:44 - INFO - __main__ -   ***** Evaluation result  in af *****
11/26/2021 08:30:44 - INFO - __main__ -     f1 = 0.7145019679079625
11/26/2021 08:30:44 - INFO - __main__ -     loss = 1.0348037024959922
11/26/2021 08:30:44 - INFO - __main__ -     precision = 0.6497797356828194
11/26/2021 08:30:44 - INFO - __main__ -     recall = 0.7935440484196369
11/26/2021 08:30:44 - INFO - __main__ -   Language adapter for yo not found, using hu instead
11/26/2021 08:30:44 - INFO - __main__ -   Set active language adapter to hu
11/26/2021 08:30:44 - INFO - __main__ -   Args Adapter Weight = None
11/26/2021 08:30:44 - INFO - __main__ -   Adapter Languages = ['hu']
11/26/2021 08:30:44 - INFO - __main__ -   Loading features from cached file /home/abhijeet/rohan/cloud-emea/data//panx/panx_processed_maxlen128/cached_test_yo_bert-base-multilingual-cased_128
11/26/2021 08:30:44 - INFO - __main__ -   ***** Running evaluation  in yo *****
11/26/2021 08:30:44 - INFO - __main__ -     Num examples = 100
11/26/2021 08:30:44 - INFO - __main__ -     Batch size = 32
11/26/2021 08:30:44 - INFO - __main__ -   Batch number = 1
11/26/2021 08:30:44 - INFO - __main__ -   Batch number = 2
11/26/2021 08:30:45 - INFO - __main__ -   Batch number = 3
11/26/2021 08:30:45 - INFO - __main__ -   Batch number = 4
11/26/2021 08:30:45 - INFO - __main__ -   ***** Evaluation result  in yo *****
11/26/2021 08:30:45 - INFO - __main__ -     f1 = 0.45614035087719296
11/26/2021 08:30:45 - INFO - __main__ -     loss = 2.9161117374897003
11/26/2021 08:30:45 - INFO - __main__ -     precision = 0.4444444444444444
11/26/2021 08:30:45 - INFO - __main__ -     recall = 0.46846846846846846
11/26/2021 08:30:48 - INFO - root -   Input args: ModelArguments(model_name_or_path='bert-base-multilingual-cased', model_type='bert', config_name=None, tokenizer_name=None, cache_dir=None, labels='/home/abhijeet/rohan/cloud-emea/data//panx/panx_processed_maxlen128//labels.txt', data_dir='/home/abhijeet/rohan/cloud-emea/data//panx/panx_processed_maxlen128/', output_dir='/home/abhijeet/rohan/cloud-emea/outputs//panx/my-bert-base-multilingual-cased-MaxLen128_ner_hu/', max_seq_length=128, do_train=False, do_eval=False, do_predict=True, do_adapter_predict=False, do_predict_dev=False, do_predict_train=False, init_checkpoint=None, evaluate_during_training=False, do_lower_case=False, few_shot=-1, per_gpu_train_batch_size=8, per_gpu_eval_batch_size=32, gradient_accumulation_steps=4, learning_rate=5e-05, weight_decay=0.0, adam_epsilon=1e-08, max_grad_norm=1.0, num_train_epochs=100.0, max_steps=-1, save_steps=1000, warmup_steps=0, logging_steps=50, save_only_best_checkpoint=True, eval_all_checkpoints=True, no_cuda=False, overwrite_output_dir=True, overwrite_cache=False, seed=3, fp16=False, fp16_opt_level='O1', local_rank=-1, server_ip='', server_port='', predict_langs='af,yo', train_langs='en', log_file='/home/abhijeet/rohan/cloud-emea/outputs//panx/my-bert-base-multilingual-cased-MaxLen128_ner_hu//train.log', eval_patience=-1, bpe_dropout=0, do_save_adapter_fusions=False, task_name='ner', predict_task_adapter='output/panx/my-bert-base-multilingual-cased-LR1e-4-epoch100-MaxLen128-TrainLangen_en_s3/checkpoint-best/ner/', predict_lang_adapter=None, test_adapter=True, adapter_weight=None, lang_to_vec=None, calc_weight_step=0, predict_save_prefix='', en_weight=None, temperature=1.0, get_attr=False, topk=1, task='udpos')
11/26/2021 08:30:48 - WARNING - __main__ -   Process rank: -1, device: cuda, n_gpu: 1, distributed training: False, 16-bits training: False
11/26/2021 08:30:48 - INFO - __main__ -   Seed = 3
11/26/2021 08:30:48 - INFO - root -   save model
11/26/2021 08:30:48 - INFO - __main__ -   Training/evaluation parameters ModelArguments(model_name_or_path='bert-base-multilingual-cased', model_type='bert', config_name=None, tokenizer_name=None, cache_dir=None, labels='/home/abhijeet/rohan/cloud-emea/data//panx/panx_processed_maxlen128//labels.txt', data_dir='/home/abhijeet/rohan/cloud-emea/data//panx/panx_processed_maxlen128/', output_dir='/home/abhijeet/rohan/cloud-emea/outputs//panx/my-bert-base-multilingual-cased-MaxLen128_ner_hu/', max_seq_length=128, do_train=False, do_eval=False, do_predict=True, do_adapter_predict=False, do_predict_dev=False, do_predict_train=False, init_checkpoint=None, evaluate_during_training=False, do_lower_case=False, few_shot=-1, per_gpu_train_batch_size=8, per_gpu_eval_batch_size=32, gradient_accumulation_steps=4, learning_rate=5e-05, weight_decay=0.0, adam_epsilon=1e-08, max_grad_norm=1.0, num_train_epochs=100.0, max_steps=-1, save_steps=1000, warmup_steps=0, logging_steps=50, save_only_best_checkpoint=True, eval_all_checkpoints=True, no_cuda=False, overwrite_output_dir=True, overwrite_cache=False, seed=3, fp16=False, fp16_opt_level='O1', local_rank=-1, server_ip='', server_port='', predict_langs='af,yo', train_langs='en', log_file='/home/abhijeet/rohan/cloud-emea/outputs//panx/my-bert-base-multilingual-cased-MaxLen128_ner_hu//train.log', eval_patience=-1, bpe_dropout=0, do_save_adapter_fusions=False, task_name='ner', predict_task_adapter='output/panx/my-bert-base-multilingual-cased-LR1e-4-epoch100-MaxLen128-TrainLangen_en_s3/checkpoint-best/ner/', predict_lang_adapter=None, test_adapter=True, adapter_weight=None, lang_to_vec=None, calc_weight_step=0, predict_save_prefix='', en_weight=None, temperature=1.0, get_attr=False, topk=1, task='udpos')
11/26/2021 08:30:48 - INFO - __main__ -   Loading pretrained model and tokenizer
11/26/2021 08:30:51 - INFO - __main__ -   loading from existing model bert-base-multilingual-cased
11/26/2021 08:30:58 - INFO - __main__ -   Using lang2id = None
11/26/2021 08:30:58 - INFO - __main__ -   Evaluating the model on test set of all the languages specified
11/26/2021 08:30:58 - INFO - __main__ -   Task Adapter will be loaded from this path output/panx/my-bert-base-multilingual-cased-LR1e-4-epoch100-MaxLen128-TrainLangen_en_s3/checkpoint-best/ner/
11/26/2021 08:30:58 - INFO - root -   Trying to decide if add adapter
11/26/2021 08:30:58 - INFO - root -   loading task adapter
11/26/2021 08:30:58 - INFO - root -   loading lang adpater hu/wiki@ukp
11/26/2021 08:30:58 - INFO - __main__ -   Adapter Languages : ['hu'], Length : 1
11/26/2021 08:30:58 - INFO - __main__ -   Adapter Names ['hu/wiki@ukp'], Length : 1
11/26/2021 08:30:58 - INFO - __main__ -   Language = hu
11/26/2021 08:30:58 - INFO - __main__ -   Adapter Name = hu/wiki@ukp
11/26/2021 08:31:05 - INFO - __main__ -   Language adapter for af not found, using hu instead
11/26/2021 08:31:05 - INFO - __main__ -   Set active language adapter to hu
11/26/2021 08:31:05 - INFO - __main__ -   Args Adapter Weight = None
11/26/2021 08:31:05 - INFO - __main__ -   Adapter Languages = ['hu']
11/26/2021 08:31:05 - INFO - __main__ -   Loading features from cached file /home/abhijeet/rohan/cloud-emea/data//panx/panx_processed_maxlen128/cached_test_af_bert-base-multilingual-cased_128
11/26/2021 08:31:05 - INFO - __main__ -   ***** Running evaluation  in af *****
11/26/2021 08:31:05 - INFO - __main__ -     Num examples = 1000
11/26/2021 08:31:05 - INFO - __main__ -     Batch size = 32
11/26/2021 08:31:05 - INFO - __main__ -   Batch number = 1
11/26/2021 08:31:05 - INFO - __main__ -   Batch number = 2
11/26/2021 08:31:05 - INFO - __main__ -   Batch number = 3
11/26/2021 08:31:05 - INFO - __main__ -   Batch number = 4
11/26/2021 08:31:05 - INFO - __main__ -   Batch number = 5
11/26/2021 08:31:06 - INFO - __main__ -   Batch number = 6
11/26/2021 08:31:06 - INFO - __main__ -   Batch number = 7
11/26/2021 08:31:06 - INFO - __main__ -   Batch number = 8
11/26/2021 08:31:06 - INFO - __main__ -   Batch number = 9
11/26/2021 08:31:06 - INFO - __main__ -   Batch number = 10
11/26/2021 08:31:06 - INFO - __main__ -   Batch number = 11
11/26/2021 08:31:07 - INFO - __main__ -   Batch number = 12
11/26/2021 08:31:07 - INFO - __main__ -   Batch number = 13
11/26/2021 08:31:07 - INFO - __main__ -   Batch number = 14
11/26/2021 08:31:07 - INFO - __main__ -   Batch number = 15
11/26/2021 08:31:07 - INFO - __main__ -   Batch number = 16
11/26/2021 08:31:07 - INFO - __main__ -   Batch number = 17
11/26/2021 08:31:07 - INFO - __main__ -   Batch number = 18
11/26/2021 08:31:08 - INFO - __main__ -   Batch number = 19
11/26/2021 08:31:08 - INFO - __main__ -   Batch number = 20
11/26/2021 08:31:08 - INFO - __main__ -   Batch number = 21
11/26/2021 08:31:08 - INFO - __main__ -   Batch number = 22
11/26/2021 08:31:08 - INFO - __main__ -   Batch number = 23
11/26/2021 08:31:08 - INFO - __main__ -   Batch number = 24
11/26/2021 08:31:08 - INFO - __main__ -   Batch number = 25
11/26/2021 08:31:09 - INFO - __main__ -   Batch number = 26
11/26/2021 08:31:09 - INFO - __main__ -   Batch number = 27
11/26/2021 08:31:09 - INFO - __main__ -   Batch number = 28
11/26/2021 08:31:09 - INFO - __main__ -   Batch number = 29
11/26/2021 08:31:09 - INFO - __main__ -   Batch number = 30
11/26/2021 08:31:09 - INFO - __main__ -   Batch number = 31
11/26/2021 08:31:09 - INFO - __main__ -   Batch number = 32
11/26/2021 08:31:10 - INFO - __main__ -   ***** Evaluation result  in af *****
11/26/2021 08:31:10 - INFO - __main__ -     f1 = 0.6918238993710693
11/26/2021 08:31:10 - INFO - __main__ -     loss = 1.1505780089646578
11/26/2021 08:31:10 - INFO - __main__ -     precision = 0.6236501079913607
11/26/2021 08:31:10 - INFO - __main__ -     recall = 0.7767316745124412
11/26/2021 08:31:10 - INFO - __main__ -   Language adapter for yo not found, using hu instead
11/26/2021 08:31:10 - INFO - __main__ -   Set active language adapter to hu
11/26/2021 08:31:10 - INFO - __main__ -   Args Adapter Weight = None
11/26/2021 08:31:10 - INFO - __main__ -   Adapter Languages = ['hu']
11/26/2021 08:31:10 - INFO - __main__ -   Loading features from cached file /home/abhijeet/rohan/cloud-emea/data//panx/panx_processed_maxlen128/cached_test_yo_bert-base-multilingual-cased_128
11/26/2021 08:31:10 - INFO - __main__ -   ***** Running evaluation  in yo *****
11/26/2021 08:31:10 - INFO - __main__ -     Num examples = 100
11/26/2021 08:31:10 - INFO - __main__ -     Batch size = 32
11/26/2021 08:31:10 - INFO - __main__ -   Batch number = 1
11/26/2021 08:31:10 - INFO - __main__ -   Batch number = 2
11/26/2021 08:31:10 - INFO - __main__ -   Batch number = 3
11/26/2021 08:31:10 - INFO - __main__ -   Batch number = 4
11/26/2021 08:31:10 - INFO - __main__ -   ***** Evaluation result  in yo *****
11/26/2021 08:31:10 - INFO - __main__ -     f1 = 0.37154150197628455
11/26/2021 08:31:10 - INFO - __main__ -     loss = 3.7435176372528076
11/26/2021 08:31:10 - INFO - __main__ -     precision = 0.33098591549295775
11/26/2021 08:31:10 - INFO - __main__ -     recall = 0.42342342342342343
01/12/2022 19:12:48 - INFO - root -   Input args: ModelArguments(model_name_or_path='bert-base-multilingual-cased', model_type='bert', config_name=None, tokenizer_name=None, cache_dir=None, labels='/home/abhijeet/rohan/cloud-emea-copy/data//panx/panx_processed_maxlen128//labels.txt', data_dir='/home/abhijeet/rohan/cloud-emea-copy/data//panx/panx_processed_maxlen128/', output_dir='/home/abhijeet/rohan/cloud-emea-copy/outputs//panx/my-bert-base-multilingual-cased-MaxLen128_ner_hu/', max_seq_length=128, do_train=False, do_eval=False, do_predict=True, do_adapter_predict=False, do_predict_dev=False, do_predict_train=False, init_checkpoint=None, evaluate_during_training=False, do_lower_case=False, few_shot=-1, per_gpu_train_batch_size=8, per_gpu_eval_batch_size=32, gradient_accumulation_steps=4, learning_rate=5e-05, weight_decay=0.0, adam_epsilon=1e-08, max_grad_norm=1.0, num_train_epochs=100.0, max_steps=-1, save_steps=1000, warmup_steps=0, logging_steps=50, save_only_best_checkpoint=True, eval_all_checkpoints=True, no_cuda=False, overwrite_output_dir=True, overwrite_cache=False, seed=1, fp16=False, fp16_opt_level='O1', local_rank=-1, server_ip='', server_port='', predict_langs='rw', train_langs='en', log_file='/home/abhijeet/rohan/cloud-emea-copy/outputs//panx/my-bert-base-multilingual-cased-MaxLen128_ner_hu//train.log', eval_patience=-1, bpe_dropout=0, do_save_adapter_fusions=False, task_name='ner', predict_task_adapter='output/panx/my-bert-base-multilingual-cased-LR1e-4-epoch100-MaxLen128-TrainLangen_en_s1/checkpoint-best/ner/', predict_lang_adapter=None, test_adapter=True, adapter_weight=None, lang_to_vec=None, calc_weight_step=0, predict_save_prefix='', en_weight=None, temperature=1.0, get_attr=False, topk=1, task='udpos')
01/12/2022 19:12:48 - WARNING - __main__ -   Process rank: -1, device: cuda, n_gpu: 1, distributed training: False, 16-bits training: False
01/12/2022 19:12:48 - INFO - __main__ -   Seed = 1
01/12/2022 19:12:48 - INFO - root -   save model
01/12/2022 19:12:48 - INFO - __main__ -   Training/evaluation parameters ModelArguments(model_name_or_path='bert-base-multilingual-cased', model_type='bert', config_name=None, tokenizer_name=None, cache_dir=None, labels='/home/abhijeet/rohan/cloud-emea-copy/data//panx/panx_processed_maxlen128//labels.txt', data_dir='/home/abhijeet/rohan/cloud-emea-copy/data//panx/panx_processed_maxlen128/', output_dir='/home/abhijeet/rohan/cloud-emea-copy/outputs//panx/my-bert-base-multilingual-cased-MaxLen128_ner_hu/', max_seq_length=128, do_train=False, do_eval=False, do_predict=True, do_adapter_predict=False, do_predict_dev=False, do_predict_train=False, init_checkpoint=None, evaluate_during_training=False, do_lower_case=False, few_shot=-1, per_gpu_train_batch_size=8, per_gpu_eval_batch_size=32, gradient_accumulation_steps=4, learning_rate=5e-05, weight_decay=0.0, adam_epsilon=1e-08, max_grad_norm=1.0, num_train_epochs=100.0, max_steps=-1, save_steps=1000, warmup_steps=0, logging_steps=50, save_only_best_checkpoint=True, eval_all_checkpoints=True, no_cuda=False, overwrite_output_dir=True, overwrite_cache=False, seed=1, fp16=False, fp16_opt_level='O1', local_rank=-1, server_ip='', server_port='', predict_langs='rw', train_langs='en', log_file='/home/abhijeet/rohan/cloud-emea-copy/outputs//panx/my-bert-base-multilingual-cased-MaxLen128_ner_hu//train.log', eval_patience=-1, bpe_dropout=0, do_save_adapter_fusions=False, task_name='ner', predict_task_adapter='output/panx/my-bert-base-multilingual-cased-LR1e-4-epoch100-MaxLen128-TrainLangen_en_s1/checkpoint-best/ner/', predict_lang_adapter=None, test_adapter=True, adapter_weight=None, lang_to_vec=None, calc_weight_step=0, predict_save_prefix='', en_weight=None, temperature=1.0, get_attr=False, topk=1, task='udpos')
01/12/2022 19:12:48 - INFO - __main__ -   Loading pretrained model and tokenizer
01/12/2022 19:12:54 - INFO - __main__ -   loading from existing model bert-base-multilingual-cased
01/12/2022 19:13:02 - INFO - __main__ -   Using lang2id = None
01/12/2022 19:13:02 - INFO - __main__ -   Evaluating the model on test set of all the languages specified
01/12/2022 19:13:02 - INFO - __main__ -   Task Adapter will be loaded from this path output/panx/my-bert-base-multilingual-cased-LR1e-4-epoch100-MaxLen128-TrainLangen_en_s1/checkpoint-best/ner/
01/12/2022 19:13:02 - INFO - root -   Trying to decide if add adapter
01/12/2022 19:13:02 - INFO - root -   loading task adapter
01/12/2022 19:13:02 - INFO - root -   loading lang adpater hu/wiki@ukp
01/12/2022 19:13:02 - INFO - __main__ -   Adapter Languages : ['hu'], Length : 1
01/12/2022 19:13:02 - INFO - __main__ -   Adapter Names ['hu/wiki@ukp'], Length : 1
01/12/2022 19:13:02 - INFO - __main__ -   Language = hu
01/12/2022 19:13:02 - INFO - __main__ -   Adapter Name = hu/wiki@ukp
01/12/2022 19:13:10 - INFO - __main__ -   Language adapter for rw not found, using hu instead
01/12/2022 19:13:10 - INFO - __main__ -   Set active language adapter to hu
01/12/2022 19:13:10 - INFO - __main__ -   Args Adapter Weight = None
01/12/2022 19:13:10 - INFO - __main__ -   Adapter Languages = ['hu']
01/12/2022 19:13:10 - INFO - __main__ -   Loading features from cached file /home/abhijeet/rohan/cloud-emea-copy/data//panx/panx_processed_maxlen128/cached_test_rw_bert-base-multilingual-cased_128
01/12/2022 19:13:10 - INFO - __main__ -   ***** Running evaluation  in rw *****
01/12/2022 19:13:10 - INFO - __main__ -     Num examples = 100
01/12/2022 19:13:10 - INFO - __main__ -     Batch size = 32
01/12/2022 19:13:10 - INFO - __main__ -   Batch number = 1
01/12/2022 19:13:10 - INFO - __main__ -   Batch number = 2
01/12/2022 19:13:11 - INFO - __main__ -   Batch number = 3
01/12/2022 19:13:11 - INFO - __main__ -   Batch number = 4
01/12/2022 19:13:11 - INFO - __main__ -   ***** Evaluation result  in rw *****
01/12/2022 19:13:11 - INFO - __main__ -     f1 = 0.6033057851239669
01/12/2022 19:13:11 - INFO - __main__ -     loss = 2.553045565791763
01/12/2022 19:13:11 - INFO - __main__ -     precision = 0.5289855072463768
01/12/2022 19:13:11 - INFO - __main__ -     recall = 0.7019230769230769
01/12/2022 19:13:13 - INFO - root -   Input args: ModelArguments(model_name_or_path='bert-base-multilingual-cased', model_type='bert', config_name=None, tokenizer_name=None, cache_dir=None, labels='/home/abhijeet/rohan/cloud-emea-copy/data//panx/panx_processed_maxlen128//labels.txt', data_dir='/home/abhijeet/rohan/cloud-emea-copy/data//panx/panx_processed_maxlen128/', output_dir='/home/abhijeet/rohan/cloud-emea-copy/outputs//panx/my-bert-base-multilingual-cased-MaxLen128_ner_hu/', max_seq_length=128, do_train=False, do_eval=False, do_predict=True, do_adapter_predict=False, do_predict_dev=False, do_predict_train=False, init_checkpoint=None, evaluate_during_training=False, do_lower_case=False, few_shot=-1, per_gpu_train_batch_size=8, per_gpu_eval_batch_size=32, gradient_accumulation_steps=4, learning_rate=5e-05, weight_decay=0.0, adam_epsilon=1e-08, max_grad_norm=1.0, num_train_epochs=100.0, max_steps=-1, save_steps=1000, warmup_steps=0, logging_steps=50, save_only_best_checkpoint=True, eval_all_checkpoints=True, no_cuda=False, overwrite_output_dir=True, overwrite_cache=False, seed=2, fp16=False, fp16_opt_level='O1', local_rank=-1, server_ip='', server_port='', predict_langs='rw', train_langs='en', log_file='/home/abhijeet/rohan/cloud-emea-copy/outputs//panx/my-bert-base-multilingual-cased-MaxLen128_ner_hu//train.log', eval_patience=-1, bpe_dropout=0, do_save_adapter_fusions=False, task_name='ner', predict_task_adapter='output/panx/my-bert-base-multilingual-cased-LR1e-4-epoch100-MaxLen128-TrainLangen_en_s2/checkpoint-best/ner/', predict_lang_adapter=None, test_adapter=True, adapter_weight=None, lang_to_vec=None, calc_weight_step=0, predict_save_prefix='', en_weight=None, temperature=1.0, get_attr=False, topk=1, task='udpos')
01/12/2022 19:13:13 - WARNING - __main__ -   Process rank: -1, device: cuda, n_gpu: 1, distributed training: False, 16-bits training: False
01/12/2022 19:13:13 - INFO - __main__ -   Seed = 2
01/12/2022 19:13:13 - INFO - root -   save model
01/12/2022 19:13:13 - INFO - __main__ -   Training/evaluation parameters ModelArguments(model_name_or_path='bert-base-multilingual-cased', model_type='bert', config_name=None, tokenizer_name=None, cache_dir=None, labels='/home/abhijeet/rohan/cloud-emea-copy/data//panx/panx_processed_maxlen128//labels.txt', data_dir='/home/abhijeet/rohan/cloud-emea-copy/data//panx/panx_processed_maxlen128/', output_dir='/home/abhijeet/rohan/cloud-emea-copy/outputs//panx/my-bert-base-multilingual-cased-MaxLen128_ner_hu/', max_seq_length=128, do_train=False, do_eval=False, do_predict=True, do_adapter_predict=False, do_predict_dev=False, do_predict_train=False, init_checkpoint=None, evaluate_during_training=False, do_lower_case=False, few_shot=-1, per_gpu_train_batch_size=8, per_gpu_eval_batch_size=32, gradient_accumulation_steps=4, learning_rate=5e-05, weight_decay=0.0, adam_epsilon=1e-08, max_grad_norm=1.0, num_train_epochs=100.0, max_steps=-1, save_steps=1000, warmup_steps=0, logging_steps=50, save_only_best_checkpoint=True, eval_all_checkpoints=True, no_cuda=False, overwrite_output_dir=True, overwrite_cache=False, seed=2, fp16=False, fp16_opt_level='O1', local_rank=-1, server_ip='', server_port='', predict_langs='rw', train_langs='en', log_file='/home/abhijeet/rohan/cloud-emea-copy/outputs//panx/my-bert-base-multilingual-cased-MaxLen128_ner_hu//train.log', eval_patience=-1, bpe_dropout=0, do_save_adapter_fusions=False, task_name='ner', predict_task_adapter='output/panx/my-bert-base-multilingual-cased-LR1e-4-epoch100-MaxLen128-TrainLangen_en_s2/checkpoint-best/ner/', predict_lang_adapter=None, test_adapter=True, adapter_weight=None, lang_to_vec=None, calc_weight_step=0, predict_save_prefix='', en_weight=None, temperature=1.0, get_attr=False, topk=1, task='udpos')
01/12/2022 19:13:13 - INFO - __main__ -   Loading pretrained model and tokenizer
01/12/2022 19:13:18 - INFO - __main__ -   loading from existing model bert-base-multilingual-cased
01/12/2022 19:13:24 - INFO - __main__ -   Using lang2id = None
01/12/2022 19:13:24 - INFO - __main__ -   Evaluating the model on test set of all the languages specified
01/12/2022 19:13:24 - INFO - __main__ -   Task Adapter will be loaded from this path output/panx/my-bert-base-multilingual-cased-LR1e-4-epoch100-MaxLen128-TrainLangen_en_s2/checkpoint-best/ner/
01/12/2022 19:13:24 - INFO - root -   Trying to decide if add adapter
01/12/2022 19:13:24 - INFO - root -   loading task adapter
01/12/2022 19:13:24 - INFO - root -   loading lang adpater hu/wiki@ukp
01/12/2022 19:13:24 - INFO - __main__ -   Adapter Languages : ['hu'], Length : 1
01/12/2022 19:13:24 - INFO - __main__ -   Adapter Names ['hu/wiki@ukp'], Length : 1
01/12/2022 19:13:24 - INFO - __main__ -   Language = hu
01/12/2022 19:13:24 - INFO - __main__ -   Adapter Name = hu/wiki@ukp
01/12/2022 19:13:33 - INFO - __main__ -   Language adapter for rw not found, using hu instead
01/12/2022 19:13:33 - INFO - __main__ -   Set active language adapter to hu
01/12/2022 19:13:33 - INFO - __main__ -   Args Adapter Weight = None
01/12/2022 19:13:33 - INFO - __main__ -   Adapter Languages = ['hu']
01/12/2022 19:13:33 - INFO - __main__ -   Loading features from cached file /home/abhijeet/rohan/cloud-emea-copy/data//panx/panx_processed_maxlen128/cached_test_rw_bert-base-multilingual-cased_128
01/12/2022 19:13:33 - INFO - __main__ -   ***** Running evaluation  in rw *****
01/12/2022 19:13:33 - INFO - __main__ -     Num examples = 100
01/12/2022 19:13:33 - INFO - __main__ -     Batch size = 32
01/12/2022 19:13:33 - INFO - __main__ -   Batch number = 1
01/12/2022 19:13:33 - INFO - __main__ -   Batch number = 2
01/12/2022 19:13:34 - INFO - __main__ -   Batch number = 3
01/12/2022 19:13:34 - INFO - __main__ -   Batch number = 4
01/12/2022 19:13:34 - INFO - __main__ -   ***** Evaluation result  in rw *****
01/12/2022 19:13:34 - INFO - __main__ -     f1 = 0.5764192139737991
01/12/2022 19:13:34 - INFO - __main__ -     loss = 2.8492067754268646
01/12/2022 19:13:34 - INFO - __main__ -     precision = 0.528
01/12/2022 19:13:34 - INFO - __main__ -     recall = 0.6346153846153846
01/12/2022 19:13:37 - INFO - root -   Input args: ModelArguments(model_name_or_path='bert-base-multilingual-cased', model_type='bert', config_name=None, tokenizer_name=None, cache_dir=None, labels='/home/abhijeet/rohan/cloud-emea-copy/data//panx/panx_processed_maxlen128//labels.txt', data_dir='/home/abhijeet/rohan/cloud-emea-copy/data//panx/panx_processed_maxlen128/', output_dir='/home/abhijeet/rohan/cloud-emea-copy/outputs//panx/my-bert-base-multilingual-cased-MaxLen128_ner_hu/', max_seq_length=128, do_train=False, do_eval=False, do_predict=True, do_adapter_predict=False, do_predict_dev=False, do_predict_train=False, init_checkpoint=None, evaluate_during_training=False, do_lower_case=False, few_shot=-1, per_gpu_train_batch_size=8, per_gpu_eval_batch_size=32, gradient_accumulation_steps=4, learning_rate=5e-05, weight_decay=0.0, adam_epsilon=1e-08, max_grad_norm=1.0, num_train_epochs=100.0, max_steps=-1, save_steps=1000, warmup_steps=0, logging_steps=50, save_only_best_checkpoint=True, eval_all_checkpoints=True, no_cuda=False, overwrite_output_dir=True, overwrite_cache=False, seed=3, fp16=False, fp16_opt_level='O1', local_rank=-1, server_ip='', server_port='', predict_langs='rw', train_langs='en', log_file='/home/abhijeet/rohan/cloud-emea-copy/outputs//panx/my-bert-base-multilingual-cased-MaxLen128_ner_hu//train.log', eval_patience=-1, bpe_dropout=0, do_save_adapter_fusions=False, task_name='ner', predict_task_adapter='output/panx/my-bert-base-multilingual-cased-LR1e-4-epoch100-MaxLen128-TrainLangen_en_s3/checkpoint-best/ner/', predict_lang_adapter=None, test_adapter=True, adapter_weight=None, lang_to_vec=None, calc_weight_step=0, predict_save_prefix='', en_weight=None, temperature=1.0, get_attr=False, topk=1, task='udpos')
01/12/2022 19:13:37 - WARNING - __main__ -   Process rank: -1, device: cuda, n_gpu: 1, distributed training: False, 16-bits training: False
01/12/2022 19:13:37 - INFO - __main__ -   Seed = 3
01/12/2022 19:13:37 - INFO - root -   save model
01/12/2022 19:13:37 - INFO - __main__ -   Training/evaluation parameters ModelArguments(model_name_or_path='bert-base-multilingual-cased', model_type='bert', config_name=None, tokenizer_name=None, cache_dir=None, labels='/home/abhijeet/rohan/cloud-emea-copy/data//panx/panx_processed_maxlen128//labels.txt', data_dir='/home/abhijeet/rohan/cloud-emea-copy/data//panx/panx_processed_maxlen128/', output_dir='/home/abhijeet/rohan/cloud-emea-copy/outputs//panx/my-bert-base-multilingual-cased-MaxLen128_ner_hu/', max_seq_length=128, do_train=False, do_eval=False, do_predict=True, do_adapter_predict=False, do_predict_dev=False, do_predict_train=False, init_checkpoint=None, evaluate_during_training=False, do_lower_case=False, few_shot=-1, per_gpu_train_batch_size=8, per_gpu_eval_batch_size=32, gradient_accumulation_steps=4, learning_rate=5e-05, weight_decay=0.0, adam_epsilon=1e-08, max_grad_norm=1.0, num_train_epochs=100.0, max_steps=-1, save_steps=1000, warmup_steps=0, logging_steps=50, save_only_best_checkpoint=True, eval_all_checkpoints=True, no_cuda=False, overwrite_output_dir=True, overwrite_cache=False, seed=3, fp16=False, fp16_opt_level='O1', local_rank=-1, server_ip='', server_port='', predict_langs='rw', train_langs='en', log_file='/home/abhijeet/rohan/cloud-emea-copy/outputs//panx/my-bert-base-multilingual-cased-MaxLen128_ner_hu//train.log', eval_patience=-1, bpe_dropout=0, do_save_adapter_fusions=False, task_name='ner', predict_task_adapter='output/panx/my-bert-base-multilingual-cased-LR1e-4-epoch100-MaxLen128-TrainLangen_en_s3/checkpoint-best/ner/', predict_lang_adapter=None, test_adapter=True, adapter_weight=None, lang_to_vec=None, calc_weight_step=0, predict_save_prefix='', en_weight=None, temperature=1.0, get_attr=False, topk=1, task='udpos')
01/12/2022 19:13:37 - INFO - __main__ -   Loading pretrained model and tokenizer
01/12/2022 19:13:40 - INFO - __main__ -   loading from existing model bert-base-multilingual-cased
01/12/2022 19:13:48 - INFO - __main__ -   Using lang2id = None
01/12/2022 19:13:48 - INFO - __main__ -   Evaluating the model on test set of all the languages specified
01/12/2022 19:13:48 - INFO - __main__ -   Task Adapter will be loaded from this path output/panx/my-bert-base-multilingual-cased-LR1e-4-epoch100-MaxLen128-TrainLangen_en_s3/checkpoint-best/ner/
01/12/2022 19:13:48 - INFO - root -   Trying to decide if add adapter
01/12/2022 19:13:48 - INFO - root -   loading task adapter
01/12/2022 19:13:48 - INFO - root -   loading lang adpater hu/wiki@ukp
01/12/2022 19:13:48 - INFO - __main__ -   Adapter Languages : ['hu'], Length : 1
01/12/2022 19:13:48 - INFO - __main__ -   Adapter Names ['hu/wiki@ukp'], Length : 1
01/12/2022 19:13:48 - INFO - __main__ -   Language = hu
01/12/2022 19:13:48 - INFO - __main__ -   Adapter Name = hu/wiki@ukp
01/12/2022 19:13:56 - INFO - __main__ -   Language adapter for rw not found, using hu instead
01/12/2022 19:13:56 - INFO - __main__ -   Set active language adapter to hu
01/12/2022 19:13:56 - INFO - __main__ -   Args Adapter Weight = None
01/12/2022 19:13:56 - INFO - __main__ -   Adapter Languages = ['hu']
01/12/2022 19:13:56 - INFO - __main__ -   Loading features from cached file /home/abhijeet/rohan/cloud-emea-copy/data//panx/panx_processed_maxlen128/cached_test_rw_bert-base-multilingual-cased_128
01/12/2022 19:13:56 - INFO - __main__ -   ***** Running evaluation  in rw *****
01/12/2022 19:13:56 - INFO - __main__ -     Num examples = 100
01/12/2022 19:13:56 - INFO - __main__ -     Batch size = 32
01/12/2022 19:13:56 - INFO - __main__ -   Batch number = 1
01/12/2022 19:13:56 - INFO - __main__ -   Batch number = 2
01/12/2022 19:13:57 - INFO - __main__ -   Batch number = 3
01/12/2022 19:13:57 - INFO - __main__ -   Batch number = 4
01/12/2022 19:13:57 - INFO - __main__ -   ***** Evaluation result  in rw *****
01/12/2022 19:13:57 - INFO - __main__ -     f1 = 0.5126050420168067
01/12/2022 19:13:57 - INFO - __main__ -     loss = 3.1332124670152552
01/12/2022 19:13:57 - INFO - __main__ -     precision = 0.4552238805970149
01/12/2022 19:13:57 - INFO - __main__ -     recall = 0.5865384615384616
