01/13/2022 17:24:50 - INFO - root -   Input args: ModelArguments(model_name_or_path='bert-base-multilingual-cased', model_type='bert', config_name=None, tokenizer_name=None, cache_dir=None, labels='/home/abhijeet/rohan/cloud-emea-copy/data//udpos/udpos_processed_maxlen128//labels.txt', data_dir='/home/abhijeet/rohan/cloud-emea-copy/data//udpos/udpos_processed_maxlen128/', output_dir='/home/abhijeet/rohan/cloud-emea-copy/outputs//udpos/my-bert-base-multilingual-cased-MaxLen128_udpos_pt/', max_seq_length=128, do_train=False, do_eval=False, do_predict=True, do_adapter_predict=False, do_predict_dev=False, do_predict_train=False, init_checkpoint=None, evaluate_during_training=False, do_lower_case=False, few_shot=-1, per_gpu_train_batch_size=8, per_gpu_eval_batch_size=32, gradient_accumulation_steps=4, learning_rate=5e-05, weight_decay=0.0, adam_epsilon=1e-08, max_grad_norm=1.0, num_train_epochs=50.0, max_steps=-1, save_steps=1000, warmup_steps=0, logging_steps=50, save_only_best_checkpoint=True, eval_all_checkpoints=True, no_cuda=False, overwrite_output_dir=True, overwrite_cache=False, seed=1, fp16=False, fp16_opt_level='O1', local_rank=-1, server_ip='', server_port='', predict_langs='wo', train_langs='en', log_file='/home/abhijeet/rohan/cloud-emea-copy/outputs//udpos/my-bert-base-multilingual-cased-MaxLen128_udpos_pt//train_wo.log', eval_patience=-1, bpe_dropout=0, do_save_adapter_fusions=False, task_name='udpos', predict_task_adapter='output/udpos/my-bert-base-multilingual-cased-LR1e-4-epoch50-MaxLen128-TrainLangen_en_s1/checkpoint-best/udpos/', predict_lang_adapter=None, test_adapter=True, adapter_weight=None, lang_to_vec=None, calc_weight_step=0, predict_save_prefix='', en_weight=None, temperature=1.0, get_attr=False, topk=1, task='udpos')
01/13/2022 17:24:50 - WARNING - __main__ -   Process rank: -1, device: cuda, n_gpu: 1, distributed training: False, 16-bits training: False
01/13/2022 17:24:50 - INFO - __main__ -   Seed = 1
01/13/2022 17:24:50 - INFO - root -   save model
01/13/2022 17:24:50 - INFO - __main__ -   Training/evaluation parameters ModelArguments(model_name_or_path='bert-base-multilingual-cased', model_type='bert', config_name=None, tokenizer_name=None, cache_dir=None, labels='/home/abhijeet/rohan/cloud-emea-copy/data//udpos/udpos_processed_maxlen128//labels.txt', data_dir='/home/abhijeet/rohan/cloud-emea-copy/data//udpos/udpos_processed_maxlen128/', output_dir='/home/abhijeet/rohan/cloud-emea-copy/outputs//udpos/my-bert-base-multilingual-cased-MaxLen128_udpos_pt/', max_seq_length=128, do_train=False, do_eval=False, do_predict=True, do_adapter_predict=False, do_predict_dev=False, do_predict_train=False, init_checkpoint=None, evaluate_during_training=False, do_lower_case=False, few_shot=-1, per_gpu_train_batch_size=8, per_gpu_eval_batch_size=32, gradient_accumulation_steps=4, learning_rate=5e-05, weight_decay=0.0, adam_epsilon=1e-08, max_grad_norm=1.0, num_train_epochs=50.0, max_steps=-1, save_steps=1000, warmup_steps=0, logging_steps=50, save_only_best_checkpoint=True, eval_all_checkpoints=True, no_cuda=False, overwrite_output_dir=True, overwrite_cache=False, seed=1, fp16=False, fp16_opt_level='O1', local_rank=-1, server_ip='', server_port='', predict_langs='wo', train_langs='en', log_file='/home/abhijeet/rohan/cloud-emea-copy/outputs//udpos/my-bert-base-multilingual-cased-MaxLen128_udpos_pt//train_wo.log', eval_patience=-1, bpe_dropout=0, do_save_adapter_fusions=False, task_name='udpos', predict_task_adapter='output/udpos/my-bert-base-multilingual-cased-LR1e-4-epoch50-MaxLen128-TrainLangen_en_s1/checkpoint-best/udpos/', predict_lang_adapter=None, test_adapter=True, adapter_weight=None, lang_to_vec=None, calc_weight_step=0, predict_save_prefix='', en_weight=None, temperature=1.0, get_attr=False, topk=1, task='udpos')
01/13/2022 17:24:50 - INFO - __main__ -   Loading pretrained model and tokenizer
01/13/2022 17:24:53 - INFO - __main__ -   loading from existing model bert-base-multilingual-cased
01/13/2022 17:24:58 - INFO - __main__ -   Using lang2id = None
01/13/2022 17:24:58 - INFO - __main__ -   Evaluating the model on test set of all the languages specified
01/13/2022 17:24:58 - INFO - __main__ -   Task Adapter will be loaded from this path output/udpos/my-bert-base-multilingual-cased-LR1e-4-epoch50-MaxLen128-TrainLangen_en_s1/checkpoint-best/udpos/
01/13/2022 17:24:58 - INFO - root -   Trying to decide if add adapter
01/13/2022 17:24:58 - INFO - root -   loading task adapter
01/13/2022 17:24:58 - INFO - root -   loading lang adpater pt/wiki@ukp
01/13/2022 17:24:58 - INFO - __main__ -   Adapter Languages : ['pt'], Length : 1
01/13/2022 17:24:58 - INFO - __main__ -   Adapter Names ['pt/wiki@ukp'], Length : 1
01/13/2022 17:24:58 - INFO - __main__ -   Language = pt
01/13/2022 17:24:58 - INFO - __main__ -   Adapter Name = pt/wiki@ukp
01/13/2022 17:25:04 - INFO - __main__ -   Language adapter for wo not found, using pt instead
01/13/2022 17:25:04 - INFO - __main__ -   Set active language adapter to pt
01/13/2022 17:25:04 - INFO - __main__ -   Args Adapter Weight = None
01/13/2022 17:25:04 - INFO - __main__ -   Adapter Languages = ['pt']
01/13/2022 17:25:04 - INFO - __main__ -   Loading features from cached file /home/abhijeet/rohan/cloud-emea-copy/data//udpos/udpos_processed_maxlen128/cached_test_wo_bert-base-multilingual-cased_128
01/13/2022 17:25:04 - INFO - __main__ -   ***** Running evaluation  in wo *****
01/13/2022 17:25:04 - INFO - __main__ -     Num examples = 470
01/13/2022 17:25:04 - INFO - __main__ -     Batch size = 32
01/13/2022 17:25:04 - INFO - __main__ -   Batch number = 1
01/13/2022 17:25:04 - INFO - __main__ -   Batch number = 2
01/13/2022 17:25:04 - INFO - __main__ -   Batch number = 3
01/13/2022 17:25:04 - INFO - __main__ -   Batch number = 4
01/13/2022 17:25:04 - INFO - __main__ -   Batch number = 5
01/13/2022 17:25:05 - INFO - __main__ -   Batch number = 6
01/13/2022 17:25:05 - INFO - __main__ -   Batch number = 7
01/13/2022 17:25:05 - INFO - __main__ -   Batch number = 8
01/13/2022 17:25:05 - INFO - __main__ -   Batch number = 9
01/13/2022 17:25:05 - INFO - __main__ -   Batch number = 10
01/13/2022 17:25:05 - INFO - __main__ -   Batch number = 11
01/13/2022 17:25:05 - INFO - __main__ -   Batch number = 12
01/13/2022 17:25:06 - INFO - __main__ -   Batch number = 13
01/13/2022 17:25:06 - INFO - __main__ -   Batch number = 14
01/13/2022 17:25:06 - INFO - __main__ -   Batch number = 15
01/13/2022 17:25:06 - INFO - __main__ -   ***** Evaluation result  in wo *****
01/13/2022 17:25:06 - INFO - __main__ -     f1 = 0.2947392602802665
01/13/2022 17:25:06 - INFO - __main__ -     loss = 3.018965737024943
01/13/2022 17:25:06 - INFO - __main__ -     precision = 0.3102781136638452
01/13/2022 17:25:06 - INFO - __main__ -     recall = 0.2806825639903741
01/13/2022 17:25:08 - INFO - root -   Input args: ModelArguments(model_name_or_path='bert-base-multilingual-cased', model_type='bert', config_name=None, tokenizer_name=None, cache_dir=None, labels='/home/abhijeet/rohan/cloud-emea-copy/data//udpos/udpos_processed_maxlen128//labels.txt', data_dir='/home/abhijeet/rohan/cloud-emea-copy/data//udpos/udpos_processed_maxlen128/', output_dir='/home/abhijeet/rohan/cloud-emea-copy/outputs//udpos/my-bert-base-multilingual-cased-MaxLen128_udpos_pt/', max_seq_length=128, do_train=False, do_eval=False, do_predict=True, do_adapter_predict=False, do_predict_dev=False, do_predict_train=False, init_checkpoint=None, evaluate_during_training=False, do_lower_case=False, few_shot=-1, per_gpu_train_batch_size=8, per_gpu_eval_batch_size=32, gradient_accumulation_steps=4, learning_rate=5e-05, weight_decay=0.0, adam_epsilon=1e-08, max_grad_norm=1.0, num_train_epochs=50.0, max_steps=-1, save_steps=1000, warmup_steps=0, logging_steps=50, save_only_best_checkpoint=True, eval_all_checkpoints=True, no_cuda=False, overwrite_output_dir=True, overwrite_cache=False, seed=2, fp16=False, fp16_opt_level='O1', local_rank=-1, server_ip='', server_port='', predict_langs='wo', train_langs='en', log_file='/home/abhijeet/rohan/cloud-emea-copy/outputs//udpos/my-bert-base-multilingual-cased-MaxLen128_udpos_pt//train_wo.log', eval_patience=-1, bpe_dropout=0, do_save_adapter_fusions=False, task_name='udpos', predict_task_adapter='output/udpos/my-bert-base-multilingual-cased-LR1e-4-epoch50-MaxLen128-TrainLangen_en_s2/checkpoint-best/udpos/', predict_lang_adapter=None, test_adapter=True, adapter_weight=None, lang_to_vec=None, calc_weight_step=0, predict_save_prefix='', en_weight=None, temperature=1.0, get_attr=False, topk=1, task='udpos')
01/13/2022 17:25:08 - WARNING - __main__ -   Process rank: -1, device: cuda, n_gpu: 1, distributed training: False, 16-bits training: False
01/13/2022 17:25:08 - INFO - __main__ -   Seed = 2
01/13/2022 17:25:08 - INFO - root -   save model
01/13/2022 17:25:08 - INFO - __main__ -   Training/evaluation parameters ModelArguments(model_name_or_path='bert-base-multilingual-cased', model_type='bert', config_name=None, tokenizer_name=None, cache_dir=None, labels='/home/abhijeet/rohan/cloud-emea-copy/data//udpos/udpos_processed_maxlen128//labels.txt', data_dir='/home/abhijeet/rohan/cloud-emea-copy/data//udpos/udpos_processed_maxlen128/', output_dir='/home/abhijeet/rohan/cloud-emea-copy/outputs//udpos/my-bert-base-multilingual-cased-MaxLen128_udpos_pt/', max_seq_length=128, do_train=False, do_eval=False, do_predict=True, do_adapter_predict=False, do_predict_dev=False, do_predict_train=False, init_checkpoint=None, evaluate_during_training=False, do_lower_case=False, few_shot=-1, per_gpu_train_batch_size=8, per_gpu_eval_batch_size=32, gradient_accumulation_steps=4, learning_rate=5e-05, weight_decay=0.0, adam_epsilon=1e-08, max_grad_norm=1.0, num_train_epochs=50.0, max_steps=-1, save_steps=1000, warmup_steps=0, logging_steps=50, save_only_best_checkpoint=True, eval_all_checkpoints=True, no_cuda=False, overwrite_output_dir=True, overwrite_cache=False, seed=2, fp16=False, fp16_opt_level='O1', local_rank=-1, server_ip='', server_port='', predict_langs='wo', train_langs='en', log_file='/home/abhijeet/rohan/cloud-emea-copy/outputs//udpos/my-bert-base-multilingual-cased-MaxLen128_udpos_pt//train_wo.log', eval_patience=-1, bpe_dropout=0, do_save_adapter_fusions=False, task_name='udpos', predict_task_adapter='output/udpos/my-bert-base-multilingual-cased-LR1e-4-epoch50-MaxLen128-TrainLangen_en_s2/checkpoint-best/udpos/', predict_lang_adapter=None, test_adapter=True, adapter_weight=None, lang_to_vec=None, calc_weight_step=0, predict_save_prefix='', en_weight=None, temperature=1.0, get_attr=False, topk=1, task='udpos')
01/13/2022 17:25:08 - INFO - __main__ -   Loading pretrained model and tokenizer
01/13/2022 17:25:11 - INFO - __main__ -   loading from existing model bert-base-multilingual-cased
01/13/2022 17:25:17 - INFO - __main__ -   Using lang2id = None
01/13/2022 17:25:17 - INFO - __main__ -   Evaluating the model on test set of all the languages specified
01/13/2022 17:25:17 - INFO - __main__ -   Task Adapter will be loaded from this path output/udpos/my-bert-base-multilingual-cased-LR1e-4-epoch50-MaxLen128-TrainLangen_en_s2/checkpoint-best/udpos/
01/13/2022 17:25:17 - INFO - root -   Trying to decide if add adapter
01/13/2022 17:25:17 - INFO - root -   loading task adapter
01/13/2022 17:25:17 - INFO - root -   loading lang adpater pt/wiki@ukp
01/13/2022 17:25:17 - INFO - __main__ -   Adapter Languages : ['pt'], Length : 1
01/13/2022 17:25:17 - INFO - __main__ -   Adapter Names ['pt/wiki@ukp'], Length : 1
01/13/2022 17:25:17 - INFO - __main__ -   Language = pt
01/13/2022 17:25:17 - INFO - __main__ -   Adapter Name = pt/wiki@ukp
01/13/2022 17:25:21 - INFO - __main__ -   Language adapter for wo not found, using pt instead
01/13/2022 17:25:21 - INFO - __main__ -   Set active language adapter to pt
01/13/2022 17:25:21 - INFO - __main__ -   Args Adapter Weight = None
01/13/2022 17:25:21 - INFO - __main__ -   Adapter Languages = ['pt']
01/13/2022 17:25:21 - INFO - __main__ -   Loading features from cached file /home/abhijeet/rohan/cloud-emea-copy/data//udpos/udpos_processed_maxlen128/cached_test_wo_bert-base-multilingual-cased_128
01/13/2022 17:25:22 - INFO - __main__ -   ***** Running evaluation  in wo *****
01/13/2022 17:25:22 - INFO - __main__ -     Num examples = 470
01/13/2022 17:25:22 - INFO - __main__ -     Batch size = 32
01/13/2022 17:25:22 - INFO - __main__ -   Batch number = 1
01/13/2022 17:25:22 - INFO - __main__ -   Batch number = 2
01/13/2022 17:25:22 - INFO - __main__ -   Batch number = 3
01/13/2022 17:25:22 - INFO - __main__ -   Batch number = 4
01/13/2022 17:25:22 - INFO - __main__ -   Batch number = 5
01/13/2022 17:25:22 - INFO - __main__ -   Batch number = 6
01/13/2022 17:25:22 - INFO - __main__ -   Batch number = 7
01/13/2022 17:25:22 - INFO - __main__ -   Batch number = 8
01/13/2022 17:25:23 - INFO - __main__ -   Batch number = 9
01/13/2022 17:25:23 - INFO - __main__ -   Batch number = 10
01/13/2022 17:25:23 - INFO - __main__ -   Batch number = 11
01/13/2022 17:25:23 - INFO - __main__ -   Batch number = 12
01/13/2022 17:25:23 - INFO - __main__ -   Batch number = 13
01/13/2022 17:25:23 - INFO - __main__ -   Batch number = 14
01/13/2022 17:25:23 - INFO - __main__ -   Batch number = 15
01/13/2022 17:25:24 - INFO - __main__ -   ***** Evaluation result  in wo *****
01/13/2022 17:25:24 - INFO - __main__ -     f1 = 0.22205626089121233
01/13/2022 17:25:24 - INFO - __main__ -     loss = 3.55436536471049
01/13/2022 17:25:24 - INFO - __main__ -     precision = 0.25758013283280395
01/13/2022 17:25:24 - INFO - __main__ -     recall = 0.19514329468387662
01/13/2022 17:25:26 - INFO - root -   Input args: ModelArguments(model_name_or_path='bert-base-multilingual-cased', model_type='bert', config_name=None, tokenizer_name=None, cache_dir=None, labels='/home/abhijeet/rohan/cloud-emea-copy/data//udpos/udpos_processed_maxlen128//labels.txt', data_dir='/home/abhijeet/rohan/cloud-emea-copy/data//udpos/udpos_processed_maxlen128/', output_dir='/home/abhijeet/rohan/cloud-emea-copy/outputs//udpos/my-bert-base-multilingual-cased-MaxLen128_udpos_pt/', max_seq_length=128, do_train=False, do_eval=False, do_predict=True, do_adapter_predict=False, do_predict_dev=False, do_predict_train=False, init_checkpoint=None, evaluate_during_training=False, do_lower_case=False, few_shot=-1, per_gpu_train_batch_size=8, per_gpu_eval_batch_size=32, gradient_accumulation_steps=4, learning_rate=5e-05, weight_decay=0.0, adam_epsilon=1e-08, max_grad_norm=1.0, num_train_epochs=50.0, max_steps=-1, save_steps=1000, warmup_steps=0, logging_steps=50, save_only_best_checkpoint=True, eval_all_checkpoints=True, no_cuda=False, overwrite_output_dir=True, overwrite_cache=False, seed=3, fp16=False, fp16_opt_level='O1', local_rank=-1, server_ip='', server_port='', predict_langs='wo', train_langs='en', log_file='/home/abhijeet/rohan/cloud-emea-copy/outputs//udpos/my-bert-base-multilingual-cased-MaxLen128_udpos_pt//train_wo.log', eval_patience=-1, bpe_dropout=0, do_save_adapter_fusions=False, task_name='udpos', predict_task_adapter='output/udpos/my-bert-base-multilingual-cased-LR1e-4-epoch50-MaxLen128-TrainLangen_en_s3/checkpoint-best/udpos/', predict_lang_adapter=None, test_adapter=True, adapter_weight=None, lang_to_vec=None, calc_weight_step=0, predict_save_prefix='', en_weight=None, temperature=1.0, get_attr=False, topk=1, task='udpos')
01/13/2022 17:25:26 - WARNING - __main__ -   Process rank: -1, device: cuda, n_gpu: 1, distributed training: False, 16-bits training: False
01/13/2022 17:25:26 - INFO - __main__ -   Seed = 3
01/13/2022 17:25:26 - INFO - root -   save model
01/13/2022 17:25:26 - INFO - __main__ -   Training/evaluation parameters ModelArguments(model_name_or_path='bert-base-multilingual-cased', model_type='bert', config_name=None, tokenizer_name=None, cache_dir=None, labels='/home/abhijeet/rohan/cloud-emea-copy/data//udpos/udpos_processed_maxlen128//labels.txt', data_dir='/home/abhijeet/rohan/cloud-emea-copy/data//udpos/udpos_processed_maxlen128/', output_dir='/home/abhijeet/rohan/cloud-emea-copy/outputs//udpos/my-bert-base-multilingual-cased-MaxLen128_udpos_pt/', max_seq_length=128, do_train=False, do_eval=False, do_predict=True, do_adapter_predict=False, do_predict_dev=False, do_predict_train=False, init_checkpoint=None, evaluate_during_training=False, do_lower_case=False, few_shot=-1, per_gpu_train_batch_size=8, per_gpu_eval_batch_size=32, gradient_accumulation_steps=4, learning_rate=5e-05, weight_decay=0.0, adam_epsilon=1e-08, max_grad_norm=1.0, num_train_epochs=50.0, max_steps=-1, save_steps=1000, warmup_steps=0, logging_steps=50, save_only_best_checkpoint=True, eval_all_checkpoints=True, no_cuda=False, overwrite_output_dir=True, overwrite_cache=False, seed=3, fp16=False, fp16_opt_level='O1', local_rank=-1, server_ip='', server_port='', predict_langs='wo', train_langs='en', log_file='/home/abhijeet/rohan/cloud-emea-copy/outputs//udpos/my-bert-base-multilingual-cased-MaxLen128_udpos_pt//train_wo.log', eval_patience=-1, bpe_dropout=0, do_save_adapter_fusions=False, task_name='udpos', predict_task_adapter='output/udpos/my-bert-base-multilingual-cased-LR1e-4-epoch50-MaxLen128-TrainLangen_en_s3/checkpoint-best/udpos/', predict_lang_adapter=None, test_adapter=True, adapter_weight=None, lang_to_vec=None, calc_weight_step=0, predict_save_prefix='', en_weight=None, temperature=1.0, get_attr=False, topk=1, task='udpos')
01/13/2022 17:25:26 - INFO - __main__ -   Loading pretrained model and tokenizer
01/13/2022 17:25:29 - INFO - __main__ -   loading from existing model bert-base-multilingual-cased
01/13/2022 17:25:34 - INFO - __main__ -   Using lang2id = None
01/13/2022 17:25:34 - INFO - __main__ -   Evaluating the model on test set of all the languages specified
01/13/2022 17:25:34 - INFO - __main__ -   Task Adapter will be loaded from this path output/udpos/my-bert-base-multilingual-cased-LR1e-4-epoch50-MaxLen128-TrainLangen_en_s3/checkpoint-best/udpos/
01/13/2022 17:25:34 - INFO - root -   Trying to decide if add adapter
01/13/2022 17:25:34 - INFO - root -   loading task adapter
01/13/2022 17:25:35 - INFO - root -   loading lang adpater pt/wiki@ukp
01/13/2022 17:25:35 - INFO - __main__ -   Adapter Languages : ['pt'], Length : 1
01/13/2022 17:25:35 - INFO - __main__ -   Adapter Names ['pt/wiki@ukp'], Length : 1
01/13/2022 17:25:35 - INFO - __main__ -   Language = pt
01/13/2022 17:25:35 - INFO - __main__ -   Adapter Name = pt/wiki@ukp
01/13/2022 17:25:40 - INFO - __main__ -   Language adapter for wo not found, using pt instead
01/13/2022 17:25:40 - INFO - __main__ -   Set active language adapter to pt
01/13/2022 17:25:40 - INFO - __main__ -   Args Adapter Weight = None
01/13/2022 17:25:40 - INFO - __main__ -   Adapter Languages = ['pt']
01/13/2022 17:25:40 - INFO - __main__ -   Loading features from cached file /home/abhijeet/rohan/cloud-emea-copy/data//udpos/udpos_processed_maxlen128/cached_test_wo_bert-base-multilingual-cased_128
01/13/2022 17:25:40 - INFO - __main__ -   ***** Running evaluation  in wo *****
01/13/2022 17:25:40 - INFO - __main__ -     Num examples = 470
01/13/2022 17:25:40 - INFO - __main__ -     Batch size = 32
01/13/2022 17:25:40 - INFO - __main__ -   Batch number = 1
01/13/2022 17:25:40 - INFO - __main__ -   Batch number = 2
01/13/2022 17:25:40 - INFO - __main__ -   Batch number = 3
01/13/2022 17:25:40 - INFO - __main__ -   Batch number = 4
01/13/2022 17:25:40 - INFO - __main__ -   Batch number = 5
01/13/2022 17:25:40 - INFO - __main__ -   Batch number = 6
01/13/2022 17:25:40 - INFO - __main__ -   Batch number = 7
01/13/2022 17:25:41 - INFO - __main__ -   Batch number = 8
01/13/2022 17:25:41 - INFO - __main__ -   Batch number = 9
01/13/2022 17:25:41 - INFO - __main__ -   Batch number = 10
01/13/2022 17:25:41 - INFO - __main__ -   Batch number = 11
01/13/2022 17:25:41 - INFO - __main__ -   Batch number = 12
01/13/2022 17:25:41 - INFO - __main__ -   Batch number = 13
01/13/2022 17:25:42 - INFO - __main__ -   Batch number = 14
01/13/2022 17:25:42 - INFO - __main__ -   Batch number = 15
01/13/2022 17:25:42 - INFO - __main__ -   ***** Evaluation result  in wo *****
01/13/2022 17:25:42 - INFO - __main__ -     f1 = 0.2949842361708226
01/13/2022 17:25:42 - INFO - __main__ -     loss = 2.9201453844706218
01/13/2022 17:25:42 - INFO - __main__ -     precision = 0.3098879922919427
01/13/2022 17:25:42 - INFO - __main__ -     recall = 0.2814482607744476
