11/21/2021 11:37:42 - INFO - root -   Input args: ModelArguments(model_name_or_path='bert-base-multilingual-cased', model_type='bert', config_name=None, tokenizer_name=None, cache_dir=None, labels='/home/abhijeet/rohan/cloud-emea/data//udpos/udpos_processed_maxlen128//labels.txt', data_dir='/home/abhijeet/rohan/cloud-emea/data//udpos/udpos_processed_maxlen128/', output_dir='/home/abhijeet/rohan/cloud-emea/outputs//udpos/my-bert-base-multilingual-cased-MaxLen128_udpos_pt/', max_seq_length=128, do_train=False, do_eval=False, do_predict=True, do_adapter_predict=False, do_predict_dev=False, do_predict_train=False, init_checkpoint=None, evaluate_during_training=False, do_lower_case=False, few_shot=-1, per_gpu_train_batch_size=8, per_gpu_eval_batch_size=32, gradient_accumulation_steps=4, learning_rate=5e-05, weight_decay=0.0, adam_epsilon=1e-08, max_grad_norm=1.0, num_train_epochs=50.0, max_steps=-1, save_steps=1000, warmup_steps=0, logging_steps=50, save_only_best_checkpoint=True, eval_all_checkpoints=True, no_cuda=False, overwrite_output_dir=True, overwrite_cache=False, seed=1, fp16=False, fp16_opt_level='O1', local_rank=-1, server_ip='', server_port='', predict_langs='hu', train_langs='en', log_file='/home/abhijeet/rohan/cloud-emea/outputs//udpos/my-bert-base-multilingual-cased-MaxLen128_udpos_pt//train_hu.log', eval_patience=-1, bpe_dropout=0, do_save_adapter_fusions=False, task_name='udpos', predict_task_adapter='output/udpos/my-bert-base-multilingual-cased-LR1e-4-epoch50-MaxLen128-TrainLangen_en_s1/checkpoint-best/udpos/', predict_lang_adapter=None, test_adapter=True, adapter_weight=None, lang_to_vec=None, calc_weight_step=0, predict_save_prefix='', en_weight=None, temperature=1.0, get_attr=False, topk=1, task='udpos')
11/21/2021 11:37:42 - WARNING - __main__ -   Process rank: -1, device: cuda, n_gpu: 1, distributed training: False, 16-bits training: False
11/21/2021 11:37:42 - INFO - __main__ -   Seed = 1
11/21/2021 11:37:42 - INFO - root -   save model
11/21/2021 11:37:42 - INFO - __main__ -   Training/evaluation parameters ModelArguments(model_name_or_path='bert-base-multilingual-cased', model_type='bert', config_name=None, tokenizer_name=None, cache_dir=None, labels='/home/abhijeet/rohan/cloud-emea/data//udpos/udpos_processed_maxlen128//labels.txt', data_dir='/home/abhijeet/rohan/cloud-emea/data//udpos/udpos_processed_maxlen128/', output_dir='/home/abhijeet/rohan/cloud-emea/outputs//udpos/my-bert-base-multilingual-cased-MaxLen128_udpos_pt/', max_seq_length=128, do_train=False, do_eval=False, do_predict=True, do_adapter_predict=False, do_predict_dev=False, do_predict_train=False, init_checkpoint=None, evaluate_during_training=False, do_lower_case=False, few_shot=-1, per_gpu_train_batch_size=8, per_gpu_eval_batch_size=32, gradient_accumulation_steps=4, learning_rate=5e-05, weight_decay=0.0, adam_epsilon=1e-08, max_grad_norm=1.0, num_train_epochs=50.0, max_steps=-1, save_steps=1000, warmup_steps=0, logging_steps=50, save_only_best_checkpoint=True, eval_all_checkpoints=True, no_cuda=False, overwrite_output_dir=True, overwrite_cache=False, seed=1, fp16=False, fp16_opt_level='O1', local_rank=-1, server_ip='', server_port='', predict_langs='hu', train_langs='en', log_file='/home/abhijeet/rohan/cloud-emea/outputs//udpos/my-bert-base-multilingual-cased-MaxLen128_udpos_pt//train_hu.log', eval_patience=-1, bpe_dropout=0, do_save_adapter_fusions=False, task_name='udpos', predict_task_adapter='output/udpos/my-bert-base-multilingual-cased-LR1e-4-epoch50-MaxLen128-TrainLangen_en_s1/checkpoint-best/udpos/', predict_lang_adapter=None, test_adapter=True, adapter_weight=None, lang_to_vec=None, calc_weight_step=0, predict_save_prefix='', en_weight=None, temperature=1.0, get_attr=False, topk=1, task='udpos')
11/21/2021 11:37:42 - INFO - __main__ -   Loading pretrained model and tokenizer
11/21/2021 11:37:45 - INFO - __main__ -   loading from existing model bert-base-multilingual-cased
11/21/2021 11:37:50 - INFO - __main__ -   Using lang2id = None
11/21/2021 11:37:50 - INFO - __main__ -   Evaluating the model on test set of all the languages specified
11/21/2021 11:37:50 - INFO - __main__ -   Task Adapter will be loaded from this path output/udpos/my-bert-base-multilingual-cased-LR1e-4-epoch50-MaxLen128-TrainLangen_en_s1/checkpoint-best/udpos/
11/21/2021 11:37:50 - INFO - root -   Trying to decide if add adapter
11/21/2021 11:37:50 - INFO - root -   loading task adapter
11/21/2021 11:37:50 - INFO - root -   loading lang adpater pt/wiki@ukp
11/21/2021 11:37:50 - INFO - __main__ -   Adapter Languages : ['pt'], Length : 1
11/21/2021 11:37:50 - INFO - __main__ -   Adapter Names ['pt/wiki@ukp'], Length : 1
11/21/2021 11:37:50 - INFO - __main__ -   Language = pt
11/21/2021 11:37:50 - INFO - __main__ -   Adapter Name = pt/wiki@ukp
11/21/2021 11:37:56 - INFO - __main__ -   Language adapter for hu not found, using pt instead
11/21/2021 11:37:56 - INFO - __main__ -   Set active language adapter to pt
11/21/2021 11:37:56 - INFO - __main__ -   Args Adapter Weight = None
11/21/2021 11:37:56 - INFO - __main__ -   Adapter Languages = ['pt']
11/21/2021 11:37:56 - INFO - __main__ -   Loading features from cached file /home/abhijeet/rohan/cloud-emea/data//udpos/udpos_processed_maxlen128/cached_test_hu_bert-base-multilingual-cased_128
11/21/2021 11:37:56 - INFO - __main__ -   ***** Running evaluation  in hu *****
11/21/2021 11:37:56 - INFO - __main__ -     Num examples = 451
11/21/2021 11:37:56 - INFO - __main__ -     Batch size = 32
11/21/2021 11:37:56 - INFO - __main__ -   Batch number = 1
11/21/2021 11:37:56 - INFO - __main__ -   Batch number = 2
11/21/2021 11:37:56 - INFO - __main__ -   Batch number = 3
11/21/2021 11:37:56 - INFO - __main__ -   Batch number = 4
11/21/2021 11:37:57 - INFO - __main__ -   Batch number = 5
11/21/2021 11:37:57 - INFO - __main__ -   Batch number = 6
11/21/2021 11:37:57 - INFO - __main__ -   Batch number = 7
11/21/2021 11:37:57 - INFO - __main__ -   Batch number = 8
11/21/2021 11:37:57 - INFO - __main__ -   Batch number = 9
11/21/2021 11:37:57 - INFO - __main__ -   Batch number = 10
11/21/2021 11:37:57 - INFO - __main__ -   Batch number = 11
11/21/2021 11:37:57 - INFO - __main__ -   Batch number = 12
11/21/2021 11:37:58 - INFO - __main__ -   Batch number = 13
11/21/2021 11:37:58 - INFO - __main__ -   Batch number = 14
11/21/2021 11:37:58 - INFO - __main__ -   Batch number = 15
11/21/2021 11:37:58 - INFO - __main__ -   ***** Evaluation result  in hu *****
11/21/2021 11:37:58 - INFO - __main__ -     f1 = 0.7880402920641689
11/21/2021 11:37:58 - INFO - __main__ -     loss = 0.6781247774759929
11/21/2021 11:37:58 - INFO - __main__ -     precision = 0.7905260906757913
11/21/2021 11:37:58 - INFO - __main__ -     recall = 0.7855700775688025
11/21/2021 11:38:00 - INFO - root -   Input args: ModelArguments(model_name_or_path='bert-base-multilingual-cased', model_type='bert', config_name=None, tokenizer_name=None, cache_dir=None, labels='/home/abhijeet/rohan/cloud-emea/data//udpos/udpos_processed_maxlen128//labels.txt', data_dir='/home/abhijeet/rohan/cloud-emea/data//udpos/udpos_processed_maxlen128/', output_dir='/home/abhijeet/rohan/cloud-emea/outputs//udpos/my-bert-base-multilingual-cased-MaxLen128_udpos_pt/', max_seq_length=128, do_train=False, do_eval=False, do_predict=True, do_adapter_predict=False, do_predict_dev=False, do_predict_train=False, init_checkpoint=None, evaluate_during_training=False, do_lower_case=False, few_shot=-1, per_gpu_train_batch_size=8, per_gpu_eval_batch_size=32, gradient_accumulation_steps=4, learning_rate=5e-05, weight_decay=0.0, adam_epsilon=1e-08, max_grad_norm=1.0, num_train_epochs=50.0, max_steps=-1, save_steps=1000, warmup_steps=0, logging_steps=50, save_only_best_checkpoint=True, eval_all_checkpoints=True, no_cuda=False, overwrite_output_dir=True, overwrite_cache=False, seed=2, fp16=False, fp16_opt_level='O1', local_rank=-1, server_ip='', server_port='', predict_langs='hu', train_langs='en', log_file='/home/abhijeet/rohan/cloud-emea/outputs//udpos/my-bert-base-multilingual-cased-MaxLen128_udpos_pt//train_hu.log', eval_patience=-1, bpe_dropout=0, do_save_adapter_fusions=False, task_name='udpos', predict_task_adapter='output/udpos/my-bert-base-multilingual-cased-LR1e-4-epoch50-MaxLen128-TrainLangen_en_s2/checkpoint-best/udpos/', predict_lang_adapter=None, test_adapter=True, adapter_weight=None, lang_to_vec=None, calc_weight_step=0, predict_save_prefix='', en_weight=None, temperature=1.0, get_attr=False, topk=1, task='udpos')
11/21/2021 11:38:00 - WARNING - __main__ -   Process rank: -1, device: cuda, n_gpu: 1, distributed training: False, 16-bits training: False
11/21/2021 11:38:00 - INFO - __main__ -   Seed = 2
11/21/2021 11:38:00 - INFO - root -   save model
11/21/2021 11:38:00 - INFO - __main__ -   Training/evaluation parameters ModelArguments(model_name_or_path='bert-base-multilingual-cased', model_type='bert', config_name=None, tokenizer_name=None, cache_dir=None, labels='/home/abhijeet/rohan/cloud-emea/data//udpos/udpos_processed_maxlen128//labels.txt', data_dir='/home/abhijeet/rohan/cloud-emea/data//udpos/udpos_processed_maxlen128/', output_dir='/home/abhijeet/rohan/cloud-emea/outputs//udpos/my-bert-base-multilingual-cased-MaxLen128_udpos_pt/', max_seq_length=128, do_train=False, do_eval=False, do_predict=True, do_adapter_predict=False, do_predict_dev=False, do_predict_train=False, init_checkpoint=None, evaluate_during_training=False, do_lower_case=False, few_shot=-1, per_gpu_train_batch_size=8, per_gpu_eval_batch_size=32, gradient_accumulation_steps=4, learning_rate=5e-05, weight_decay=0.0, adam_epsilon=1e-08, max_grad_norm=1.0, num_train_epochs=50.0, max_steps=-1, save_steps=1000, warmup_steps=0, logging_steps=50, save_only_best_checkpoint=True, eval_all_checkpoints=True, no_cuda=False, overwrite_output_dir=True, overwrite_cache=False, seed=2, fp16=False, fp16_opt_level='O1', local_rank=-1, server_ip='', server_port='', predict_langs='hu', train_langs='en', log_file='/home/abhijeet/rohan/cloud-emea/outputs//udpos/my-bert-base-multilingual-cased-MaxLen128_udpos_pt//train_hu.log', eval_patience=-1, bpe_dropout=0, do_save_adapter_fusions=False, task_name='udpos', predict_task_adapter='output/udpos/my-bert-base-multilingual-cased-LR1e-4-epoch50-MaxLen128-TrainLangen_en_s2/checkpoint-best/udpos/', predict_lang_adapter=None, test_adapter=True, adapter_weight=None, lang_to_vec=None, calc_weight_step=0, predict_save_prefix='', en_weight=None, temperature=1.0, get_attr=False, topk=1, task='udpos')
11/21/2021 11:38:00 - INFO - __main__ -   Loading pretrained model and tokenizer
11/21/2021 11:38:03 - INFO - __main__ -   loading from existing model bert-base-multilingual-cased
11/21/2021 11:38:08 - INFO - __main__ -   Using lang2id = None
11/21/2021 11:38:08 - INFO - __main__ -   Evaluating the model on test set of all the languages specified
11/21/2021 11:38:08 - INFO - __main__ -   Task Adapter will be loaded from this path output/udpos/my-bert-base-multilingual-cased-LR1e-4-epoch50-MaxLen128-TrainLangen_en_s2/checkpoint-best/udpos/
11/21/2021 11:38:08 - INFO - root -   Trying to decide if add adapter
11/21/2021 11:38:08 - INFO - root -   loading task adapter
11/21/2021 11:38:08 - INFO - root -   loading lang adpater pt/wiki@ukp
11/21/2021 11:38:08 - INFO - __main__ -   Adapter Languages : ['pt'], Length : 1
11/21/2021 11:38:08 - INFO - __main__ -   Adapter Names ['pt/wiki@ukp'], Length : 1
11/21/2021 11:38:08 - INFO - __main__ -   Language = pt
11/21/2021 11:38:08 - INFO - __main__ -   Adapter Name = pt/wiki@ukp
11/21/2021 11:38:13 - INFO - __main__ -   Language adapter for hu not found, using pt instead
11/21/2021 11:38:13 - INFO - __main__ -   Set active language adapter to pt
11/21/2021 11:38:13 - INFO - __main__ -   Args Adapter Weight = None
11/21/2021 11:38:13 - INFO - __main__ -   Adapter Languages = ['pt']
11/21/2021 11:38:13 - INFO - __main__ -   Loading features from cached file /home/abhijeet/rohan/cloud-emea/data//udpos/udpos_processed_maxlen128/cached_test_hu_bert-base-multilingual-cased_128
11/21/2021 11:38:13 - INFO - __main__ -   ***** Running evaluation  in hu *****
11/21/2021 11:38:13 - INFO - __main__ -     Num examples = 451
11/21/2021 11:38:13 - INFO - __main__ -     Batch size = 32
11/21/2021 11:38:13 - INFO - __main__ -   Batch number = 1
11/21/2021 11:38:13 - INFO - __main__ -   Batch number = 2
11/21/2021 11:38:14 - INFO - __main__ -   Batch number = 3
11/21/2021 11:38:14 - INFO - __main__ -   Batch number = 4
11/21/2021 11:38:14 - INFO - __main__ -   Batch number = 5
11/21/2021 11:38:14 - INFO - __main__ -   Batch number = 6
11/21/2021 11:38:14 - INFO - __main__ -   Batch number = 7
11/21/2021 11:38:14 - INFO - __main__ -   Batch number = 8
11/21/2021 11:38:14 - INFO - __main__ -   Batch number = 9
11/21/2021 11:38:15 - INFO - __main__ -   Batch number = 10
11/21/2021 11:38:15 - INFO - __main__ -   Batch number = 11
11/21/2021 11:38:15 - INFO - __main__ -   Batch number = 12
11/21/2021 11:38:15 - INFO - __main__ -   Batch number = 13
11/21/2021 11:38:15 - INFO - __main__ -   Batch number = 14
11/21/2021 11:38:15 - INFO - __main__ -   Batch number = 15
11/21/2021 11:38:16 - INFO - __main__ -   ***** Evaluation result  in hu *****
11/21/2021 11:38:16 - INFO - __main__ -     f1 = 0.7758181045473863
11/21/2021 11:38:16 - INFO - __main__ -     loss = 0.7833208680152893
11/21/2021 11:38:16 - INFO - __main__ -     precision = 0.7757356846913842
11/21/2021 11:38:16 - INFO - __main__ -     recall = 0.7759005419190309
11/21/2021 11:38:17 - INFO - root -   Input args: ModelArguments(model_name_or_path='bert-base-multilingual-cased', model_type='bert', config_name=None, tokenizer_name=None, cache_dir=None, labels='/home/abhijeet/rohan/cloud-emea/data//udpos/udpos_processed_maxlen128//labels.txt', data_dir='/home/abhijeet/rohan/cloud-emea/data//udpos/udpos_processed_maxlen128/', output_dir='/home/abhijeet/rohan/cloud-emea/outputs//udpos/my-bert-base-multilingual-cased-MaxLen128_udpos_pt/', max_seq_length=128, do_train=False, do_eval=False, do_predict=True, do_adapter_predict=False, do_predict_dev=False, do_predict_train=False, init_checkpoint=None, evaluate_during_training=False, do_lower_case=False, few_shot=-1, per_gpu_train_batch_size=8, per_gpu_eval_batch_size=32, gradient_accumulation_steps=4, learning_rate=5e-05, weight_decay=0.0, adam_epsilon=1e-08, max_grad_norm=1.0, num_train_epochs=50.0, max_steps=-1, save_steps=1000, warmup_steps=0, logging_steps=50, save_only_best_checkpoint=True, eval_all_checkpoints=True, no_cuda=False, overwrite_output_dir=True, overwrite_cache=False, seed=3, fp16=False, fp16_opt_level='O1', local_rank=-1, server_ip='', server_port='', predict_langs='hu', train_langs='en', log_file='/home/abhijeet/rohan/cloud-emea/outputs//udpos/my-bert-base-multilingual-cased-MaxLen128_udpos_pt//train_hu.log', eval_patience=-1, bpe_dropout=0, do_save_adapter_fusions=False, task_name='udpos', predict_task_adapter='output/udpos/my-bert-base-multilingual-cased-LR1e-4-epoch50-MaxLen128-TrainLangen_en_s3/checkpoint-best/udpos/', predict_lang_adapter=None, test_adapter=True, adapter_weight=None, lang_to_vec=None, calc_weight_step=0, predict_save_prefix='', en_weight=None, temperature=1.0, get_attr=False, topk=1, task='udpos')
11/21/2021 11:38:17 - WARNING - __main__ -   Process rank: -1, device: cuda, n_gpu: 1, distributed training: False, 16-bits training: False
11/21/2021 11:38:17 - INFO - __main__ -   Seed = 3
11/21/2021 11:38:17 - INFO - root -   save model
11/21/2021 11:38:17 - INFO - __main__ -   Training/evaluation parameters ModelArguments(model_name_or_path='bert-base-multilingual-cased', model_type='bert', config_name=None, tokenizer_name=None, cache_dir=None, labels='/home/abhijeet/rohan/cloud-emea/data//udpos/udpos_processed_maxlen128//labels.txt', data_dir='/home/abhijeet/rohan/cloud-emea/data//udpos/udpos_processed_maxlen128/', output_dir='/home/abhijeet/rohan/cloud-emea/outputs//udpos/my-bert-base-multilingual-cased-MaxLen128_udpos_pt/', max_seq_length=128, do_train=False, do_eval=False, do_predict=True, do_adapter_predict=False, do_predict_dev=False, do_predict_train=False, init_checkpoint=None, evaluate_during_training=False, do_lower_case=False, few_shot=-1, per_gpu_train_batch_size=8, per_gpu_eval_batch_size=32, gradient_accumulation_steps=4, learning_rate=5e-05, weight_decay=0.0, adam_epsilon=1e-08, max_grad_norm=1.0, num_train_epochs=50.0, max_steps=-1, save_steps=1000, warmup_steps=0, logging_steps=50, save_only_best_checkpoint=True, eval_all_checkpoints=True, no_cuda=False, overwrite_output_dir=True, overwrite_cache=False, seed=3, fp16=False, fp16_opt_level='O1', local_rank=-1, server_ip='', server_port='', predict_langs='hu', train_langs='en', log_file='/home/abhijeet/rohan/cloud-emea/outputs//udpos/my-bert-base-multilingual-cased-MaxLen128_udpos_pt//train_hu.log', eval_patience=-1, bpe_dropout=0, do_save_adapter_fusions=False, task_name='udpos', predict_task_adapter='output/udpos/my-bert-base-multilingual-cased-LR1e-4-epoch50-MaxLen128-TrainLangen_en_s3/checkpoint-best/udpos/', predict_lang_adapter=None, test_adapter=True, adapter_weight=None, lang_to_vec=None, calc_weight_step=0, predict_save_prefix='', en_weight=None, temperature=1.0, get_attr=False, topk=1, task='udpos')
11/21/2021 11:38:17 - INFO - __main__ -   Loading pretrained model and tokenizer
11/21/2021 11:38:20 - INFO - __main__ -   loading from existing model bert-base-multilingual-cased
11/21/2021 11:38:26 - INFO - __main__ -   Using lang2id = None
11/21/2021 11:38:26 - INFO - __main__ -   Evaluating the model on test set of all the languages specified
11/21/2021 11:38:26 - INFO - __main__ -   Task Adapter will be loaded from this path output/udpos/my-bert-base-multilingual-cased-LR1e-4-epoch50-MaxLen128-TrainLangen_en_s3/checkpoint-best/udpos/
11/21/2021 11:38:26 - INFO - root -   Trying to decide if add adapter
11/21/2021 11:38:26 - INFO - root -   loading task adapter
11/21/2021 11:38:26 - INFO - root -   loading lang adpater pt/wiki@ukp
11/21/2021 11:38:26 - INFO - __main__ -   Adapter Languages : ['pt'], Length : 1
11/21/2021 11:38:26 - INFO - __main__ -   Adapter Names ['pt/wiki@ukp'], Length : 1
11/21/2021 11:38:26 - INFO - __main__ -   Language = pt
11/21/2021 11:38:26 - INFO - __main__ -   Adapter Name = pt/wiki@ukp
11/21/2021 11:38:31 - INFO - __main__ -   Language adapter for hu not found, using pt instead
11/21/2021 11:38:31 - INFO - __main__ -   Set active language adapter to pt
11/21/2021 11:38:31 - INFO - __main__ -   Args Adapter Weight = None
11/21/2021 11:38:31 - INFO - __main__ -   Adapter Languages = ['pt']
11/21/2021 11:38:31 - INFO - __main__ -   Loading features from cached file /home/abhijeet/rohan/cloud-emea/data//udpos/udpos_processed_maxlen128/cached_test_hu_bert-base-multilingual-cased_128
11/21/2021 11:38:31 - INFO - __main__ -   ***** Running evaluation  in hu *****
11/21/2021 11:38:31 - INFO - __main__ -     Num examples = 451
11/21/2021 11:38:31 - INFO - __main__ -     Batch size = 32
11/21/2021 11:38:31 - INFO - __main__ -   Batch number = 1
11/21/2021 11:38:31 - INFO - __main__ -   Batch number = 2
11/21/2021 11:38:32 - INFO - __main__ -   Batch number = 3
11/21/2021 11:38:32 - INFO - __main__ -   Batch number = 4
11/21/2021 11:38:32 - INFO - __main__ -   Batch number = 5
11/21/2021 11:38:32 - INFO - __main__ -   Batch number = 6
11/21/2021 11:38:32 - INFO - __main__ -   Batch number = 7
11/21/2021 11:38:32 - INFO - __main__ -   Batch number = 8
11/21/2021 11:38:32 - INFO - __main__ -   Batch number = 9
11/21/2021 11:38:33 - INFO - __main__ -   Batch number = 10
11/21/2021 11:38:33 - INFO - __main__ -   Batch number = 11
11/21/2021 11:38:33 - INFO - __main__ -   Batch number = 12
11/21/2021 11:38:33 - INFO - __main__ -   Batch number = 13
11/21/2021 11:38:33 - INFO - __main__ -   Batch number = 14
11/21/2021 11:38:33 - INFO - __main__ -   Batch number = 15
11/21/2021 11:38:33 - INFO - __main__ -   ***** Evaluation result  in hu *****
11/21/2021 11:38:33 - INFO - __main__ -     f1 = 0.7792871983378615
11/21/2021 11:38:33 - INFO - __main__ -     loss = 0.7126536051432292
11/21/2021 11:38:33 - INFO - __main__ -     precision = 0.7814102564102564
11/21/2021 11:38:33 - INFO - __main__ -     recall = 0.7771756455211986
