Failed to import the site module
Traceback (most recent call last):
  File "/usr/lib/python3.6/site.py", line 79, in <module>
    import os
  File "/usr/lib/python3.6/os.py", line 57, in <module>
    import posixpath as path
  File "<frozen importlib._bootstrap>", line 971, in _find_and_load
  File "<frozen importlib._bootstrap>", line 955, in _find_and_load_unlocked
  File "<frozen importlib._bootstrap>", line 665, in _load_unlocked
  File "<frozen importlib._bootstrap_external>", line 674, in exec_module
  File "<frozen importlib._bootstrap_external>", line 779, in get_code
  File "<frozen importlib._bootstrap_external>", line 487, in _compile_bytecode
KeyboardInterrupt
Command exited with non-zero status 1
0.01user 0.00system 0:00.02elapsed 100%CPU (0avgtext+0avgdata 8252maxresident)k
0inputs+8outputs (0major+768minor)pagefaults 0swaps
Failed to import the site module
Traceback (most recent call last):
  File "/usr/lib/python3.6/site.py", line 79, in <module>
    import os
  File "/usr/lib/python3.6/os.py", line 652, in <module>
    from _collections_abc import MutableMapping
  File "/usr/lib/python3.6/_collections_abc.py", line 388, in <module>
    class Collection(Sized, Iterable, Container):
  File "/usr/lib/python3.6/abc.py", line 133, in __new__
    cls = super().__new__(mcls, name, bases, namespace, **kwargs)
KeyboardInterrupt
Command exited with non-zero status 1
0.01user 0.00system 0:00.02elapsed 96%CPU (0avgtext+0avgdata 8532maxresident)k
0inputs+0outputs (0major+819minor)pagefaults 0swaps
Traceback (most recent call last):
  File "third_party/my_run_tag.py", line 17, in <module>
    """Fine-tuning models for NER and POS tagging."""
KeyboardInterrupt
Command exited with non-zero status 1
0.03user 0.00system 0:00.03elapsed 100%CPU (0avgtext+0avgdata 12560maxresident)k
0inputs+0outputs (0major+1870minor)pagefaults 0swaps
Traceback (most recent call last):

Error in atexit._run_exitfuncs:
Traceback (most recent call last):
  File "/usr/lib/python3.6/logging/__init__.py", line 1945, in shutdown
  File "/usr/lib/python3.6/logging/__init__.py", line 975, in flush
    self.acquire()
KeyboardInterrupt
Command exited with non-zero status 1
1.39user 1.85system 0:00.13elapsed 2336%CPU (0avgtext+0avgdata 21696maxresident)k
0inputs+8outputs (0major+3400minor)pagefaults 0swaps
Traceback (most recent call last):
  File "third_party/my_run_tag.py", line 30, in <module>
  File "/home/abhijeet/rohan/venvs/cloud-emea-copy/lib/python3.6/site-packages/numpy/__init__.py", line 140, in <module>

Command exited with non-zero status 1
1.00user 1.54system 0:00.11elapsed 2241%CPU (0avgtext+0avgdata 20736maxresident)k
0inputs+0outputs (0major+3210minor)pagefaults 0swaps
Traceback (most recent call last):
  File "third_party/my_run_tag.py", line 30, in <module>
  File "/home/abhijeet/rohan/venvs/cloud-emea-copy/lib/python3.6/site-packages/numpy/__init__.py", line 140, in <module>
    from . import core
  File "/home/abhijeet/rohan/venvs/cloud-emea-copy/lib/python3.6/site-packages/numpy/core/__init__.py", line 22, in <module>
    from . import multiarray
  File "/home/abhijeet/rohan/venvs/cloud-emea-copy/lib/python3.6/site-packages/numpy/core/multiarray.py", line 12, in <module>
    from . import overrides
  File "/home/abhijeet/rohan/venvs/cloud-emea-copy/lib/python3.6/site-packages/numpy/core/overrides.py", line 9, in <module>
    from numpy.compat._inspect import getargspec
  File "/home/abhijeet/rohan/venvs/cloud-emea-copy/lib/python3.6/site-packages/numpy/compat/__init__.py", line 12, in <module>
    from . import py3k
  File "/home/abhijeet/rohan/venvs/cloud-emea-copy/lib/python3.6/site-packages/numpy/compat/py3k.py", line 21, in <module>
    from pathlib import Path, PurePath
  File "/usr/lib/python3.6/pathlib.py", line 14, in <module>
    from urllib.parse import quote_from_bytes as urlquote_from_bytes
  File "/usr/lib/python3.6/urllib/parse.py", line 237, in <module>
    _DefragResultBase = namedtuple('DefragResult', 'url fragment')
  File "/usr/lib/python3.6/collections/__init__.py", line 429, in namedtuple
    exec(class_definition, namespace)
  File "<string>", line 1, in <module>
  File "<frozen importlib._bootstrap>", line 997, in _handle_fromlist
KeyboardInterrupt
Command terminated by signal 2
0.55user 0.79system 0:00.08elapsed 1515%CPU (0avgtext+0avgdata 20020maxresident)k
80inputs+8outputs (0major+3076minor)pagefaults 0swaps
