01/13/2022 17:00:24 - INFO - root -   Input args: ModelArguments(model_name_or_path='bert-base-multilingual-cased', model_type='bert', config_name=None, tokenizer_name=None, cache_dir=None, labels='/home/abhijeet/rohan/cloud-emea-copy/data//udpos/udpos_processed_maxlen128//labels.txt', data_dir='/home/abhijeet/rohan/cloud-emea-copy/data//udpos/udpos_processed_maxlen128/', output_dir='/home/abhijeet/rohan/cloud-emea-copy/outputs//udpos/my-bert-base-multilingual-cased-MaxLen128_udpos_de/', max_seq_length=128, do_train=False, do_eval=False, do_predict=True, do_adapter_predict=False, do_predict_dev=False, do_predict_train=False, init_checkpoint=None, evaluate_during_training=False, do_lower_case=False, few_shot=-1, per_gpu_train_batch_size=8, per_gpu_eval_batch_size=32, gradient_accumulation_steps=4, learning_rate=5e-05, weight_decay=0.0, adam_epsilon=1e-08, max_grad_norm=1.0, num_train_epochs=50.0, max_steps=-1, save_steps=1000, warmup_steps=0, logging_steps=50, save_only_best_checkpoint=True, eval_all_checkpoints=True, no_cuda=False, overwrite_output_dir=True, overwrite_cache=False, seed=1, fp16=False, fp16_opt_level='O1', local_rank=-1, server_ip='', server_port='', predict_langs='wo', train_langs='en', log_file='/home/abhijeet/rohan/cloud-emea-copy/outputs//udpos/my-bert-base-multilingual-cased-MaxLen128_udpos_de//train_wo.log', eval_patience=-1, bpe_dropout=0, do_save_adapter_fusions=False, task_name='udpos', predict_task_adapter='output/udpos/my-bert-base-multilingual-cased-LR1e-4-epoch50-MaxLen128-TrainLangen_en_s1/checkpoint-best/udpos/', predict_lang_adapter=None, test_adapter=True, adapter_weight=None, lang_to_vec=None, calc_weight_step=0, predict_save_prefix='', en_weight=None, temperature=1.0, get_attr=False, topk=1, task='udpos')
01/13/2022 17:00:24 - WARNING - __main__ -   Process rank: -1, device: cuda, n_gpu: 1, distributed training: False, 16-bits training: False
01/13/2022 17:00:24 - INFO - __main__ -   Seed = 1
01/13/2022 17:00:24 - INFO - root -   save model
01/13/2022 17:00:24 - INFO - __main__ -   Training/evaluation parameters ModelArguments(model_name_or_path='bert-base-multilingual-cased', model_type='bert', config_name=None, tokenizer_name=None, cache_dir=None, labels='/home/abhijeet/rohan/cloud-emea-copy/data//udpos/udpos_processed_maxlen128//labels.txt', data_dir='/home/abhijeet/rohan/cloud-emea-copy/data//udpos/udpos_processed_maxlen128/', output_dir='/home/abhijeet/rohan/cloud-emea-copy/outputs//udpos/my-bert-base-multilingual-cased-MaxLen128_udpos_de/', max_seq_length=128, do_train=False, do_eval=False, do_predict=True, do_adapter_predict=False, do_predict_dev=False, do_predict_train=False, init_checkpoint=None, evaluate_during_training=False, do_lower_case=False, few_shot=-1, per_gpu_train_batch_size=8, per_gpu_eval_batch_size=32, gradient_accumulation_steps=4, learning_rate=5e-05, weight_decay=0.0, adam_epsilon=1e-08, max_grad_norm=1.0, num_train_epochs=50.0, max_steps=-1, save_steps=1000, warmup_steps=0, logging_steps=50, save_only_best_checkpoint=True, eval_all_checkpoints=True, no_cuda=False, overwrite_output_dir=True, overwrite_cache=False, seed=1, fp16=False, fp16_opt_level='O1', local_rank=-1, server_ip='', server_port='', predict_langs='wo', train_langs='en', log_file='/home/abhijeet/rohan/cloud-emea-copy/outputs//udpos/my-bert-base-multilingual-cased-MaxLen128_udpos_de//train_wo.log', eval_patience=-1, bpe_dropout=0, do_save_adapter_fusions=False, task_name='udpos', predict_task_adapter='output/udpos/my-bert-base-multilingual-cased-LR1e-4-epoch50-MaxLen128-TrainLangen_en_s1/checkpoint-best/udpos/', predict_lang_adapter=None, test_adapter=True, adapter_weight=None, lang_to_vec=None, calc_weight_step=0, predict_save_prefix='', en_weight=None, temperature=1.0, get_attr=False, topk=1, task='udpos')
01/13/2022 17:00:24 - INFO - __main__ -   Loading pretrained model and tokenizer
01/13/2022 17:00:27 - INFO - __main__ -   loading from existing model bert-base-multilingual-cased
01/13/2022 17:00:33 - INFO - __main__ -   Using lang2id = None
01/13/2022 17:00:33 - INFO - __main__ -   Evaluating the model on test set of all the languages specified
01/13/2022 17:00:33 - INFO - __main__ -   Task Adapter will be loaded from this path output/udpos/my-bert-base-multilingual-cased-LR1e-4-epoch50-MaxLen128-TrainLangen_en_s1/checkpoint-best/udpos/
01/13/2022 17:00:33 - INFO - root -   Trying to decide if add adapter
01/13/2022 17:00:33 - INFO - root -   loading task adapter
01/13/2022 17:00:33 - INFO - root -   loading lang adpater de/wiki@ukp
01/13/2022 17:00:33 - INFO - __main__ -   Adapter Languages : ['de'], Length : 1
01/13/2022 17:00:33 - INFO - __main__ -   Adapter Names ['de/wiki@ukp'], Length : 1
01/13/2022 17:00:33 - INFO - __main__ -   Language = de
01/13/2022 17:00:33 - INFO - __main__ -   Adapter Name = de/wiki@ukp
01/13/2022 17:00:37 - INFO - __main__ -   Language adapter for wo not found, using de instead
01/13/2022 17:00:37 - INFO - __main__ -   Set active language adapter to de
01/13/2022 17:00:37 - INFO - __main__ -   Args Adapter Weight = None
01/13/2022 17:00:37 - INFO - __main__ -   Adapter Languages = ['de']
01/13/2022 17:00:37 - INFO - __main__ -   Loading features from cached file /home/abhijeet/rohan/cloud-emea-copy/data//udpos/udpos_processed_maxlen128/cached_test_wo_bert-base-multilingual-cased_128
01/13/2022 17:00:37 - INFO - __main__ -   ***** Running evaluation  in wo *****
01/13/2022 17:00:37 - INFO - __main__ -     Num examples = 470
01/13/2022 17:00:37 - INFO - __main__ -     Batch size = 32
01/13/2022 17:00:37 - INFO - __main__ -   Batch number = 1
01/13/2022 17:00:37 - INFO - __main__ -   Batch number = 2
01/13/2022 17:00:38 - INFO - __main__ -   Batch number = 3
01/13/2022 17:00:38 - INFO - __main__ -   Batch number = 4
01/13/2022 17:00:38 - INFO - __main__ -   Batch number = 5
01/13/2022 17:00:38 - INFO - __main__ -   Batch number = 6
01/13/2022 17:00:38 - INFO - __main__ -   Batch number = 7
01/13/2022 17:00:38 - INFO - __main__ -   Batch number = 8
01/13/2022 17:00:39 - INFO - __main__ -   Batch number = 9
01/13/2022 17:00:39 - INFO - __main__ -   Batch number = 10
01/13/2022 17:00:39 - INFO - __main__ -   Batch number = 11
01/13/2022 17:00:39 - INFO - __main__ -   Batch number = 12
01/13/2022 17:00:39 - INFO - __main__ -   Batch number = 13
01/13/2022 17:00:39 - INFO - __main__ -   Batch number = 14
01/13/2022 17:00:39 - INFO - __main__ -   Batch number = 15
01/13/2022 17:00:40 - INFO - __main__ -   ***** Evaluation result  in wo *****
01/13/2022 17:00:40 - INFO - __main__ -     f1 = 0.26875187969924813
01/13/2022 17:00:40 - INFO - __main__ -     loss = 2.6291616678237917
01/13/2022 17:00:40 - INFO - __main__ -     precision = 0.2985433649605773
01/13/2022 17:00:40 - INFO - __main__ -     recall = 0.24436665937431634
01/13/2022 17:00:42 - INFO - root -   Input args: ModelArguments(model_name_or_path='bert-base-multilingual-cased', model_type='bert', config_name=None, tokenizer_name=None, cache_dir=None, labels='/home/abhijeet/rohan/cloud-emea-copy/data//udpos/udpos_processed_maxlen128//labels.txt', data_dir='/home/abhijeet/rohan/cloud-emea-copy/data//udpos/udpos_processed_maxlen128/', output_dir='/home/abhijeet/rohan/cloud-emea-copy/outputs//udpos/my-bert-base-multilingual-cased-MaxLen128_udpos_de/', max_seq_length=128, do_train=False, do_eval=False, do_predict=True, do_adapter_predict=False, do_predict_dev=False, do_predict_train=False, init_checkpoint=None, evaluate_during_training=False, do_lower_case=False, few_shot=-1, per_gpu_train_batch_size=8, per_gpu_eval_batch_size=32, gradient_accumulation_steps=4, learning_rate=5e-05, weight_decay=0.0, adam_epsilon=1e-08, max_grad_norm=1.0, num_train_epochs=50.0, max_steps=-1, save_steps=1000, warmup_steps=0, logging_steps=50, save_only_best_checkpoint=True, eval_all_checkpoints=True, no_cuda=False, overwrite_output_dir=True, overwrite_cache=False, seed=2, fp16=False, fp16_opt_level='O1', local_rank=-1, server_ip='', server_port='', predict_langs='wo', train_langs='en', log_file='/home/abhijeet/rohan/cloud-emea-copy/outputs//udpos/my-bert-base-multilingual-cased-MaxLen128_udpos_de//train_wo.log', eval_patience=-1, bpe_dropout=0, do_save_adapter_fusions=False, task_name='udpos', predict_task_adapter='output/udpos/my-bert-base-multilingual-cased-LR1e-4-epoch50-MaxLen128-TrainLangen_en_s2/checkpoint-best/udpos/', predict_lang_adapter=None, test_adapter=True, adapter_weight=None, lang_to_vec=None, calc_weight_step=0, predict_save_prefix='', en_weight=None, temperature=1.0, get_attr=False, topk=1, task='udpos')
01/13/2022 17:00:42 - WARNING - __main__ -   Process rank: -1, device: cuda, n_gpu: 1, distributed training: False, 16-bits training: False
01/13/2022 17:00:42 - INFO - __main__ -   Seed = 2
01/13/2022 17:00:42 - INFO - root -   save model
01/13/2022 17:00:42 - INFO - __main__ -   Training/evaluation parameters ModelArguments(model_name_or_path='bert-base-multilingual-cased', model_type='bert', config_name=None, tokenizer_name=None, cache_dir=None, labels='/home/abhijeet/rohan/cloud-emea-copy/data//udpos/udpos_processed_maxlen128//labels.txt', data_dir='/home/abhijeet/rohan/cloud-emea-copy/data//udpos/udpos_processed_maxlen128/', output_dir='/home/abhijeet/rohan/cloud-emea-copy/outputs//udpos/my-bert-base-multilingual-cased-MaxLen128_udpos_de/', max_seq_length=128, do_train=False, do_eval=False, do_predict=True, do_adapter_predict=False, do_predict_dev=False, do_predict_train=False, init_checkpoint=None, evaluate_during_training=False, do_lower_case=False, few_shot=-1, per_gpu_train_batch_size=8, per_gpu_eval_batch_size=32, gradient_accumulation_steps=4, learning_rate=5e-05, weight_decay=0.0, adam_epsilon=1e-08, max_grad_norm=1.0, num_train_epochs=50.0, max_steps=-1, save_steps=1000, warmup_steps=0, logging_steps=50, save_only_best_checkpoint=True, eval_all_checkpoints=True, no_cuda=False, overwrite_output_dir=True, overwrite_cache=False, seed=2, fp16=False, fp16_opt_level='O1', local_rank=-1, server_ip='', server_port='', predict_langs='wo', train_langs='en', log_file='/home/abhijeet/rohan/cloud-emea-copy/outputs//udpos/my-bert-base-multilingual-cased-MaxLen128_udpos_de//train_wo.log', eval_patience=-1, bpe_dropout=0, do_save_adapter_fusions=False, task_name='udpos', predict_task_adapter='output/udpos/my-bert-base-multilingual-cased-LR1e-4-epoch50-MaxLen128-TrainLangen_en_s2/checkpoint-best/udpos/', predict_lang_adapter=None, test_adapter=True, adapter_weight=None, lang_to_vec=None, calc_weight_step=0, predict_save_prefix='', en_weight=None, temperature=1.0, get_attr=False, topk=1, task='udpos')
01/13/2022 17:00:42 - INFO - __main__ -   Loading pretrained model and tokenizer
01/13/2022 17:00:45 - INFO - __main__ -   loading from existing model bert-base-multilingual-cased
01/13/2022 17:00:50 - INFO - __main__ -   Using lang2id = None
01/13/2022 17:00:50 - INFO - __main__ -   Evaluating the model on test set of all the languages specified
01/13/2022 17:00:50 - INFO - __main__ -   Task Adapter will be loaded from this path output/udpos/my-bert-base-multilingual-cased-LR1e-4-epoch50-MaxLen128-TrainLangen_en_s2/checkpoint-best/udpos/
01/13/2022 17:00:50 - INFO - root -   Trying to decide if add adapter
01/13/2022 17:00:50 - INFO - root -   loading task adapter
01/13/2022 17:00:50 - INFO - root -   loading lang adpater de/wiki@ukp
01/13/2022 17:00:50 - INFO - __main__ -   Adapter Languages : ['de'], Length : 1
01/13/2022 17:00:50 - INFO - __main__ -   Adapter Names ['de/wiki@ukp'], Length : 1
01/13/2022 17:00:50 - INFO - __main__ -   Language = de
01/13/2022 17:00:50 - INFO - __main__ -   Adapter Name = de/wiki@ukp
01/13/2022 17:00:54 - INFO - __main__ -   Language adapter for wo not found, using de instead
01/13/2022 17:00:54 - INFO - __main__ -   Set active language adapter to de
01/13/2022 17:00:54 - INFO - __main__ -   Args Adapter Weight = None
01/13/2022 17:00:54 - INFO - __main__ -   Adapter Languages = ['de']
01/13/2022 17:00:54 - INFO - __main__ -   Loading features from cached file /home/abhijeet/rohan/cloud-emea-copy/data//udpos/udpos_processed_maxlen128/cached_test_wo_bert-base-multilingual-cased_128
01/13/2022 17:00:54 - INFO - __main__ -   ***** Running evaluation  in wo *****
01/13/2022 17:00:54 - INFO - __main__ -     Num examples = 470
01/13/2022 17:00:54 - INFO - __main__ -     Batch size = 32
01/13/2022 17:00:54 - INFO - __main__ -   Batch number = 1
01/13/2022 17:00:54 - INFO - __main__ -   Batch number = 2
01/13/2022 17:00:54 - INFO - __main__ -   Batch number = 3
01/13/2022 17:00:55 - INFO - __main__ -   Batch number = 4
01/13/2022 17:00:55 - INFO - __main__ -   Batch number = 5
01/13/2022 17:00:55 - INFO - __main__ -   Batch number = 6
01/13/2022 17:00:55 - INFO - __main__ -   Batch number = 7
01/13/2022 17:00:55 - INFO - __main__ -   Batch number = 8
01/13/2022 17:00:55 - INFO - __main__ -   Batch number = 9
01/13/2022 17:00:55 - INFO - __main__ -   Batch number = 10
01/13/2022 17:00:56 - INFO - __main__ -   Batch number = 11
01/13/2022 17:00:56 - INFO - __main__ -   Batch number = 12
01/13/2022 17:00:56 - INFO - __main__ -   Batch number = 13
01/13/2022 17:00:56 - INFO - __main__ -   Batch number = 14
01/13/2022 17:00:56 - INFO - __main__ -   Batch number = 15
01/13/2022 17:00:56 - INFO - __main__ -   ***** Evaluation result  in wo *****
01/13/2022 17:00:56 - INFO - __main__ -     f1 = 0.23044397463002117
01/13/2022 17:00:56 - INFO - __main__ -     loss = 2.7250044027964275
01/13/2022 17:00:56 - INFO - __main__ -     precision = 0.2670028818443804
01/13/2022 17:00:56 - INFO - __main__ -     recall = 0.20269087726974405
01/13/2022 17:00:58 - INFO - root -   Input args: ModelArguments(model_name_or_path='bert-base-multilingual-cased', model_type='bert', config_name=None, tokenizer_name=None, cache_dir=None, labels='/home/abhijeet/rohan/cloud-emea-copy/data//udpos/udpos_processed_maxlen128//labels.txt', data_dir='/home/abhijeet/rohan/cloud-emea-copy/data//udpos/udpos_processed_maxlen128/', output_dir='/home/abhijeet/rohan/cloud-emea-copy/outputs//udpos/my-bert-base-multilingual-cased-MaxLen128_udpos_de/', max_seq_length=128, do_train=False, do_eval=False, do_predict=True, do_adapter_predict=False, do_predict_dev=False, do_predict_train=False, init_checkpoint=None, evaluate_during_training=False, do_lower_case=False, few_shot=-1, per_gpu_train_batch_size=8, per_gpu_eval_batch_size=32, gradient_accumulation_steps=4, learning_rate=5e-05, weight_decay=0.0, adam_epsilon=1e-08, max_grad_norm=1.0, num_train_epochs=50.0, max_steps=-1, save_steps=1000, warmup_steps=0, logging_steps=50, save_only_best_checkpoint=True, eval_all_checkpoints=True, no_cuda=False, overwrite_output_dir=True, overwrite_cache=False, seed=3, fp16=False, fp16_opt_level='O1', local_rank=-1, server_ip='', server_port='', predict_langs='wo', train_langs='en', log_file='/home/abhijeet/rohan/cloud-emea-copy/outputs//udpos/my-bert-base-multilingual-cased-MaxLen128_udpos_de//train_wo.log', eval_patience=-1, bpe_dropout=0, do_save_adapter_fusions=False, task_name='udpos', predict_task_adapter='output/udpos/my-bert-base-multilingual-cased-LR1e-4-epoch50-MaxLen128-TrainLangen_en_s3/checkpoint-best/udpos/', predict_lang_adapter=None, test_adapter=True, adapter_weight=None, lang_to_vec=None, calc_weight_step=0, predict_save_prefix='', en_weight=None, temperature=1.0, get_attr=False, topk=1, task='udpos')
01/13/2022 17:00:58 - WARNING - __main__ -   Process rank: -1, device: cuda, n_gpu: 1, distributed training: False, 16-bits training: False
01/13/2022 17:00:58 - INFO - __main__ -   Seed = 3
01/13/2022 17:00:58 - INFO - root -   save model
01/13/2022 17:00:58 - INFO - __main__ -   Training/evaluation parameters ModelArguments(model_name_or_path='bert-base-multilingual-cased', model_type='bert', config_name=None, tokenizer_name=None, cache_dir=None, labels='/home/abhijeet/rohan/cloud-emea-copy/data//udpos/udpos_processed_maxlen128//labels.txt', data_dir='/home/abhijeet/rohan/cloud-emea-copy/data//udpos/udpos_processed_maxlen128/', output_dir='/home/abhijeet/rohan/cloud-emea-copy/outputs//udpos/my-bert-base-multilingual-cased-MaxLen128_udpos_de/', max_seq_length=128, do_train=False, do_eval=False, do_predict=True, do_adapter_predict=False, do_predict_dev=False, do_predict_train=False, init_checkpoint=None, evaluate_during_training=False, do_lower_case=False, few_shot=-1, per_gpu_train_batch_size=8, per_gpu_eval_batch_size=32, gradient_accumulation_steps=4, learning_rate=5e-05, weight_decay=0.0, adam_epsilon=1e-08, max_grad_norm=1.0, num_train_epochs=50.0, max_steps=-1, save_steps=1000, warmup_steps=0, logging_steps=50, save_only_best_checkpoint=True, eval_all_checkpoints=True, no_cuda=False, overwrite_output_dir=True, overwrite_cache=False, seed=3, fp16=False, fp16_opt_level='O1', local_rank=-1, server_ip='', server_port='', predict_langs='wo', train_langs='en', log_file='/home/abhijeet/rohan/cloud-emea-copy/outputs//udpos/my-bert-base-multilingual-cased-MaxLen128_udpos_de//train_wo.log', eval_patience=-1, bpe_dropout=0, do_save_adapter_fusions=False, task_name='udpos', predict_task_adapter='output/udpos/my-bert-base-multilingual-cased-LR1e-4-epoch50-MaxLen128-TrainLangen_en_s3/checkpoint-best/udpos/', predict_lang_adapter=None, test_adapter=True, adapter_weight=None, lang_to_vec=None, calc_weight_step=0, predict_save_prefix='', en_weight=None, temperature=1.0, get_attr=False, topk=1, task='udpos')
01/13/2022 17:00:58 - INFO - __main__ -   Loading pretrained model and tokenizer
01/13/2022 17:01:01 - INFO - __main__ -   loading from existing model bert-base-multilingual-cased
01/13/2022 17:01:07 - INFO - __main__ -   Using lang2id = None
01/13/2022 17:01:07 - INFO - __main__ -   Evaluating the model on test set of all the languages specified
01/13/2022 17:01:07 - INFO - __main__ -   Task Adapter will be loaded from this path output/udpos/my-bert-base-multilingual-cased-LR1e-4-epoch50-MaxLen128-TrainLangen_en_s3/checkpoint-best/udpos/
01/13/2022 17:01:07 - INFO - root -   Trying to decide if add adapter
01/13/2022 17:01:07 - INFO - root -   loading task adapter
01/13/2022 17:01:07 - INFO - root -   loading lang adpater de/wiki@ukp
01/13/2022 17:01:07 - INFO - __main__ -   Adapter Languages : ['de'], Length : 1
01/13/2022 17:01:07 - INFO - __main__ -   Adapter Names ['de/wiki@ukp'], Length : 1
01/13/2022 17:01:07 - INFO - __main__ -   Language = de
01/13/2022 17:01:07 - INFO - __main__ -   Adapter Name = de/wiki@ukp
01/13/2022 17:01:11 - INFO - __main__ -   Language adapter for wo not found, using de instead
01/13/2022 17:01:11 - INFO - __main__ -   Set active language adapter to de
01/13/2022 17:01:11 - INFO - __main__ -   Args Adapter Weight = None
01/13/2022 17:01:11 - INFO - __main__ -   Adapter Languages = ['de']
01/13/2022 17:01:11 - INFO - __main__ -   Loading features from cached file /home/abhijeet/rohan/cloud-emea-copy/data//udpos/udpos_processed_maxlen128/cached_test_wo_bert-base-multilingual-cased_128
01/13/2022 17:01:11 - INFO - __main__ -   ***** Running evaluation  in wo *****
01/13/2022 17:01:11 - INFO - __main__ -     Num examples = 470
01/13/2022 17:01:11 - INFO - __main__ -     Batch size = 32
01/13/2022 17:01:11 - INFO - __main__ -   Batch number = 1
01/13/2022 17:01:11 - INFO - __main__ -   Batch number = 2
01/13/2022 17:01:11 - INFO - __main__ -   Batch number = 3
01/13/2022 17:01:12 - INFO - __main__ -   Batch number = 4
01/13/2022 17:01:12 - INFO - __main__ -   Batch number = 5
01/13/2022 17:01:12 - INFO - __main__ -   Batch number = 6
01/13/2022 17:01:12 - INFO - __main__ -   Batch number = 7
01/13/2022 17:01:12 - INFO - __main__ -   Batch number = 8
01/13/2022 17:01:12 - INFO - __main__ -   Batch number = 9
01/13/2022 17:01:12 - INFO - __main__ -   Batch number = 10
01/13/2022 17:01:12 - INFO - __main__ -   Batch number = 11
01/13/2022 17:01:13 - INFO - __main__ -   Batch number = 12
01/13/2022 17:01:13 - INFO - __main__ -   Batch number = 13
01/13/2022 17:01:13 - INFO - __main__ -   Batch number = 14
01/13/2022 17:01:13 - INFO - __main__ -   Batch number = 15
01/13/2022 17:01:13 - INFO - __main__ -   ***** Evaluation result  in wo *****
01/13/2022 17:01:13 - INFO - __main__ -     f1 = 0.28017918436209205
01/13/2022 17:01:13 - INFO - __main__ -     loss = 2.498035176595052
01/13/2022 17:01:13 - INFO - __main__ -     precision = 0.29924195352305205
01/13/2022 17:01:13 - INFO - __main__ -     recall = 0.26339969372128635
