12/02/2021 23:23:46 - INFO - root -   Input args: ModelArguments(model_name_or_path='xlm-roberta-base', model_type='xlmr', config_name=None, tokenizer_name=None, cache_dir=None, labels='/home/abhijeet/rohan/cloud-emea/data//udpos/udpos_processed_maxlen128//labels.txt', data_dir='/home/abhijeet/rohan/cloud-emea/data//udpos/udpos_processed_maxlen128/', output_dir='/home/abhijeet/rohan/cloud-emea/output//udpos/ignoref-xlm-roberta-base-LR1e-4-epoch50-MaxLen128-TrainLangen_en_s1/', max_seq_length=128, do_train=True, do_eval=True, do_predict=False, do_adapter_predict=False, do_predict_dev=False, do_predict_train=False, init_checkpoint=None, evaluate_during_training=False, do_lower_case=False, few_shot=-1, per_gpu_train_batch_size=8, per_gpu_eval_batch_size=32, gradient_accumulation_steps=4, learning_rate=0.0001, weight_decay=0.0, adam_epsilon=1e-08, max_grad_norm=1.0, num_train_epochs=50.0, max_steps=-1, save_steps=1000, warmup_steps=0, logging_steps=50, save_only_best_checkpoint=True, eval_all_checkpoints=True, no_cuda=False, overwrite_output_dir=True, overwrite_cache=False, seed=1, fp16=False, fp16_opt_level='O1', local_rank=-1, server_ip='', server_port='', predict_langs='en,fo,no,da,is,mr,bn,ta,hi,bg,be,uk,ru', train_langs='en', log_file='/home/abhijeet/rohan/cloud-emea/output//udpos/ignoref-xlm-roberta-base-LR1e-4-epoch50-MaxLen128-TrainLangen_en_s1//train.log', eval_patience=-1, bpe_dropout=0, do_save_adapter_fusions=False, task_name='udpos', predict_task_adapter=None, predict_lang_adapter=None, test_adapter=False, adapter_weight=None, lang_to_vec=None, calc_weight_step=0, predict_save_prefix=None, en_weight=None, temperature=1.0, get_attr=False, topk=1, task='udpos')
12/02/2021 23:23:46 - WARNING - __main__ -   Process rank: -1, device: cuda, n_gpu: 1, distributed training: False, 16-bits training: False
12/02/2021 23:23:46 - INFO - __main__ -   Seed = 1
12/02/2021 23:23:46 - INFO - root -   save adapters
12/02/2021 23:23:46 - INFO - root -   True
12/02/2021 23:23:46 - INFO - __main__ -   Training/evaluation parameters ModelArguments(model_name_or_path='xlm-roberta-base', model_type='xlmr', config_name=None, tokenizer_name=None, cache_dir=None, labels='/home/abhijeet/rohan/cloud-emea/data//udpos/udpos_processed_maxlen128//labels.txt', data_dir='/home/abhijeet/rohan/cloud-emea/data//udpos/udpos_processed_maxlen128/', output_dir='/home/abhijeet/rohan/cloud-emea/output//udpos/ignoref-xlm-roberta-base-LR1e-4-epoch50-MaxLen128-TrainLangen_en_s1/', max_seq_length=128, do_train=True, do_eval=True, do_predict=False, do_adapter_predict=False, do_predict_dev=False, do_predict_train=False, init_checkpoint=None, evaluate_during_training=False, do_lower_case=False, few_shot=-1, per_gpu_train_batch_size=8, per_gpu_eval_batch_size=32, gradient_accumulation_steps=4, learning_rate=0.0001, weight_decay=0.0, adam_epsilon=1e-08, max_grad_norm=1.0, num_train_epochs=50.0, max_steps=-1, save_steps=1000, warmup_steps=0, logging_steps=50, save_only_best_checkpoint=True, eval_all_checkpoints=True, no_cuda=False, overwrite_output_dir=True, overwrite_cache=False, seed=1, fp16=False, fp16_opt_level='O1', local_rank=-1, server_ip='', server_port='', predict_langs='en,fo,no,da,is,mr,bn,ta,hi,bg,be,uk,ru', train_langs='en', log_file='/home/abhijeet/rohan/cloud-emea/output//udpos/ignoref-xlm-roberta-base-LR1e-4-epoch50-MaxLen128-TrainLangen_en_s1//train.log', eval_patience=-1, bpe_dropout=0, do_save_adapter_fusions=False, task_name='udpos', predict_task_adapter=None, predict_lang_adapter=None, test_adapter=False, adapter_weight=None, lang_to_vec=None, calc_weight_step=0, predict_save_prefix=None, en_weight=None, temperature=1.0, get_attr=False, topk=1, task='udpos')
12/02/2021 23:23:46 - INFO - __main__ -   Loading pretrained model and tokenizer
12/02/2021 23:23:49 - INFO - __main__ -   loading from existing model xlm-roberta-base
12/02/2021 23:23:56 - INFO - __main__ -   Using lang2id = None
12/02/2021 23:23:56 - INFO - root -   Trying to decide if add adapter
12/02/2021 23:23:56 - INFO - root -   Adding task adapter
12/02/2021 23:23:56 - INFO - root -   loading lang adpater en/wiki@ukp
12/02/2021 23:23:56 - INFO - __main__ -   Adapter Languages : ['en'], Length : 1
12/02/2021 23:23:56 - INFO - __main__ -   Adapter Names ['en/wiki@ukp'], Length : 1
12/02/2021 23:23:56 - INFO - __main__ -   Language = en
12/02/2021 23:23:56 - INFO - __main__ -   Adapter Name = en/wiki@ukp
12/02/2021 23:23:57 - INFO - __main__ -   lang adapter names: en
12/02/2021 23:24:00 - INFO - __main__ -   Loading features from cached file /home/abhijeet/rohan/cloud-emea/data//udpos/udpos_processed_maxlen128/cached_train_en_xlm-roberta-base_128
12/02/2021 23:26:36 - INFO - root -   Input args: ModelArguments(model_name_or_path='xlm-roberta-base', model_type='xlmr', config_name=None, tokenizer_name=None, cache_dir=None, labels='/home/abhijeet/rohan/cloud-emea/data//udpos/udpos_processed_maxlen128//labels.txt', data_dir='/home/abhijeet/rohan/cloud-emea/data//udpos/udpos_processed_maxlen128/', output_dir='/home/abhijeet/rohan/cloud-emea/output//udpos/ignoref-xlm-roberta-base-LR1e-4-epoch50-MaxLen128-TrainLangen_en_s1/', max_seq_length=128, do_train=True, do_eval=True, do_predict=False, do_adapter_predict=False, do_predict_dev=False, do_predict_train=False, init_checkpoint=None, evaluate_during_training=False, do_lower_case=False, few_shot=-1, per_gpu_train_batch_size=8, per_gpu_eval_batch_size=32, gradient_accumulation_steps=4, learning_rate=0.0001, weight_decay=0.0, adam_epsilon=1e-08, max_grad_norm=1.0, num_train_epochs=50.0, max_steps=-1, save_steps=1000, warmup_steps=0, logging_steps=50, save_only_best_checkpoint=True, eval_all_checkpoints=True, no_cuda=False, overwrite_output_dir=True, overwrite_cache=False, seed=1, fp16=False, fp16_opt_level='O1', local_rank=-1, server_ip='', server_port='', predict_langs='en,fo,no,da,is,mr,bn,ta,hi,bg,be,uk,ru', train_langs='en', log_file='/home/abhijeet/rohan/cloud-emea/output//udpos/ignoref-xlm-roberta-base-LR1e-4-epoch50-MaxLen128-TrainLangen_en_s1//train.log', eval_patience=-1, bpe_dropout=0, do_save_adapter_fusions=False, task_name='udpos', predict_task_adapter=None, predict_lang_adapter=None, test_adapter=False, adapter_weight=None, lang_to_vec=None, calc_weight_step=0, predict_save_prefix=None, en_weight=None, temperature=1.0, get_attr=False, topk=1, task='udpos')
12/02/2021 23:26:36 - WARNING - __main__ -   Process rank: -1, device: cuda, n_gpu: 1, distributed training: False, 16-bits training: False
12/02/2021 23:26:36 - INFO - __main__ -   Seed = 1
12/02/2021 23:26:36 - INFO - root -   save adapters
12/02/2021 23:26:36 - INFO - root -   True
12/02/2021 23:26:36 - INFO - __main__ -   Training/evaluation parameters ModelArguments(model_name_or_path='xlm-roberta-base', model_type='xlmr', config_name=None, tokenizer_name=None, cache_dir=None, labels='/home/abhijeet/rohan/cloud-emea/data//udpos/udpos_processed_maxlen128//labels.txt', data_dir='/home/abhijeet/rohan/cloud-emea/data//udpos/udpos_processed_maxlen128/', output_dir='/home/abhijeet/rohan/cloud-emea/output//udpos/ignoref-xlm-roberta-base-LR1e-4-epoch50-MaxLen128-TrainLangen_en_s1/', max_seq_length=128, do_train=True, do_eval=True, do_predict=False, do_adapter_predict=False, do_predict_dev=False, do_predict_train=False, init_checkpoint=None, evaluate_during_training=False, do_lower_case=False, few_shot=-1, per_gpu_train_batch_size=8, per_gpu_eval_batch_size=32, gradient_accumulation_steps=4, learning_rate=0.0001, weight_decay=0.0, adam_epsilon=1e-08, max_grad_norm=1.0, num_train_epochs=50.0, max_steps=-1, save_steps=1000, warmup_steps=0, logging_steps=50, save_only_best_checkpoint=True, eval_all_checkpoints=True, no_cuda=False, overwrite_output_dir=True, overwrite_cache=False, seed=1, fp16=False, fp16_opt_level='O1', local_rank=-1, server_ip='', server_port='', predict_langs='en,fo,no,da,is,mr,bn,ta,hi,bg,be,uk,ru', train_langs='en', log_file='/home/abhijeet/rohan/cloud-emea/output//udpos/ignoref-xlm-roberta-base-LR1e-4-epoch50-MaxLen128-TrainLangen_en_s1//train.log', eval_patience=-1, bpe_dropout=0, do_save_adapter_fusions=False, task_name='udpos', predict_task_adapter=None, predict_lang_adapter=None, test_adapter=False, adapter_weight=None, lang_to_vec=None, calc_weight_step=0, predict_save_prefix=None, en_weight=None, temperature=1.0, get_attr=False, topk=1, task='udpos')
12/02/2021 23:26:36 - INFO - __main__ -   Loading pretrained model and tokenizer
12/02/2021 23:26:39 - INFO - __main__ -   loading from existing model xlm-roberta-base
12/02/2021 23:26:47 - INFO - __main__ -   Using lang2id = None
12/02/2021 23:26:47 - INFO - root -   Trying to decide if add adapter
12/02/2021 23:26:47 - INFO - root -   Adding task adapter
12/02/2021 23:26:47 - INFO - root -   loading lang adpater en/wiki@ukp
12/02/2021 23:26:47 - INFO - __main__ -   Adapter Languages : ['en'], Length : 1
12/02/2021 23:26:47 - INFO - __main__ -   Adapter Names ['en/wiki@ukp'], Length : 1
12/02/2021 23:26:47 - INFO - __main__ -   Language = en
12/02/2021 23:26:47 - INFO - __main__ -   Adapter Name = en/wiki@ukp
12/02/2021 23:26:49 - INFO - __main__ -   lang adapter names: en
12/02/2021 23:26:52 - INFO - __main__ -   Loading features from cached file /home/abhijeet/rohan/cloud-emea/data//udpos/udpos_processed_maxlen128/cached_train_en_xlm-roberta-base_128
12/02/2021 23:30:24 - INFO - root -   Input args: ModelArguments(model_name_or_path='xlm-roberta-base', model_type='xlmr', config_name=None, tokenizer_name=None, cache_dir=None, labels='/home/abhijeet/rohan/cloud-emea/data//udpos/udpos_processed_maxlen128//labels.txt', data_dir='/home/abhijeet/rohan/cloud-emea/data//udpos/udpos_processed_maxlen128/', output_dir='/home/abhijeet/rohan/cloud-emea/output//udpos/ignoref-xlm-roberta-base-LR1e-4-epoch50-MaxLen128-TrainLangen_en_s1/', max_seq_length=128, do_train=True, do_eval=True, do_predict=False, do_adapter_predict=False, do_predict_dev=False, do_predict_train=False, init_checkpoint=None, evaluate_during_training=False, do_lower_case=False, few_shot=-1, per_gpu_train_batch_size=8, per_gpu_eval_batch_size=32, gradient_accumulation_steps=4, learning_rate=0.0001, weight_decay=0.0, adam_epsilon=1e-08, max_grad_norm=1.0, num_train_epochs=50.0, max_steps=-1, save_steps=1000, warmup_steps=0, logging_steps=50, save_only_best_checkpoint=True, eval_all_checkpoints=True, no_cuda=False, overwrite_output_dir=True, overwrite_cache=False, seed=1, fp16=False, fp16_opt_level='O1', local_rank=-1, server_ip='', server_port='', predict_langs='en,fo,no,da,is,mr,bn,ta,hi,bg,be,uk,ru', train_langs='en', log_file='/home/abhijeet/rohan/cloud-emea/output//udpos/ignoref-xlm-roberta-base-LR1e-4-epoch50-MaxLen128-TrainLangen_en_s1//train.log', eval_patience=-1, bpe_dropout=0, do_save_adapter_fusions=False, task_name='udpos', predict_task_adapter=None, predict_lang_adapter=None, test_adapter=False, adapter_weight=None, lang_to_vec=None, calc_weight_step=0, predict_save_prefix=None, en_weight=None, temperature=1.0, get_attr=False, topk=1, task='udpos')
12/02/2021 23:30:24 - WARNING - __main__ -   Process rank: -1, device: cuda, n_gpu: 1, distributed training: False, 16-bits training: False
12/02/2021 23:30:24 - INFO - __main__ -   Seed = 1
12/02/2021 23:30:24 - INFO - root -   save adapters
12/02/2021 23:30:24 - INFO - root -   True
12/02/2021 23:30:24 - INFO - __main__ -   Training/evaluation parameters ModelArguments(model_name_or_path='xlm-roberta-base', model_type='xlmr', config_name=None, tokenizer_name=None, cache_dir=None, labels='/home/abhijeet/rohan/cloud-emea/data//udpos/udpos_processed_maxlen128//labels.txt', data_dir='/home/abhijeet/rohan/cloud-emea/data//udpos/udpos_processed_maxlen128/', output_dir='/home/abhijeet/rohan/cloud-emea/output//udpos/ignoref-xlm-roberta-base-LR1e-4-epoch50-MaxLen128-TrainLangen_en_s1/', max_seq_length=128, do_train=True, do_eval=True, do_predict=False, do_adapter_predict=False, do_predict_dev=False, do_predict_train=False, init_checkpoint=None, evaluate_during_training=False, do_lower_case=False, few_shot=-1, per_gpu_train_batch_size=8, per_gpu_eval_batch_size=32, gradient_accumulation_steps=4, learning_rate=0.0001, weight_decay=0.0, adam_epsilon=1e-08, max_grad_norm=1.0, num_train_epochs=50.0, max_steps=-1, save_steps=1000, warmup_steps=0, logging_steps=50, save_only_best_checkpoint=True, eval_all_checkpoints=True, no_cuda=False, overwrite_output_dir=True, overwrite_cache=False, seed=1, fp16=False, fp16_opt_level='O1', local_rank=-1, server_ip='', server_port='', predict_langs='en,fo,no,da,is,mr,bn,ta,hi,bg,be,uk,ru', train_langs='en', log_file='/home/abhijeet/rohan/cloud-emea/output//udpos/ignoref-xlm-roberta-base-LR1e-4-epoch50-MaxLen128-TrainLangen_en_s1//train.log', eval_patience=-1, bpe_dropout=0, do_save_adapter_fusions=False, task_name='udpos', predict_task_adapter=None, predict_lang_adapter=None, test_adapter=False, adapter_weight=None, lang_to_vec=None, calc_weight_step=0, predict_save_prefix=None, en_weight=None, temperature=1.0, get_attr=False, topk=1, task='udpos')
12/02/2021 23:30:24 - INFO - __main__ -   Loading pretrained model and tokenizer
12/02/2021 23:30:27 - INFO - __main__ -   loading from existing model xlm-roberta-base
12/02/2021 23:30:35 - INFO - __main__ -   Using lang2id = None
12/02/2021 23:30:35 - INFO - root -   Trying to decide if add adapter
12/02/2021 23:30:35 - INFO - root -   Adding task adapter
12/02/2021 23:30:35 - INFO - root -   loading lang adpater en/wiki@ukp
12/02/2021 23:30:35 - INFO - __main__ -   Adapter Languages : ['en'], Length : 1
12/02/2021 23:30:35 - INFO - __main__ -   Adapter Names ['en/wiki@ukp'], Length : 1
12/02/2021 23:30:35 - INFO - __main__ -   Language = en
12/02/2021 23:30:35 - INFO - __main__ -   Adapter Name = en/wiki@ukp
12/02/2021 23:30:36 - INFO - __main__ -   lang adapter names: en
12/02/2021 23:30:39 - INFO - __main__ -   all languages = en
12/02/2021 23:30:39 - INFO - __main__ -   Creating features from dataset file at /home/abhijeet/rohan/cloud-emea/data//udpos/udpos_processed_maxlen128/en/train.xlm-roberta-base in language en
12/02/2021 23:30:39 - INFO - utils_tag -   [Warming] file /home/abhijeet/rohan/cloud-emea/data//udpos/udpos_processed_maxlen128/en/train.xlm-roberta-base not exists
12/02/2021 23:30:39 - INFO - __main__ -   Saving features into cached file /home/abhijeet/rohan/cloud-emea/data//udpos/udpos_processed_maxlen128/cached_train_en_xlm-roberta-base_128, len(features)=0
