12/26/2021 23:59:01 - INFO - root -   Input args: ModelArguments(model_name_or_path='bert-base-multilingual-cased', model_type='bert', config_name=None, tokenizer_name=None, cache_dir=None, labels='/home/abhijeet/rohan/cloud-emea/data//panx/panx_processed_maxlen128//labels.txt', data_dir='/home/abhijeet/rohan/cloud-emea/data//panx/panx_processed_maxlen128/', output_dir='/home/abhijeet/rohan/cloud-emea/outputs//panx/my-bert-base-multilingual-cased-MaxLen128_ner_ja/', max_seq_length=128, do_train=False, do_eval=False, do_predict=True, do_adapter_predict=False, do_predict_dev=False, do_predict_train=False, init_checkpoint=None, evaluate_during_training=False, do_lower_case=False, few_shot=-1, per_gpu_train_batch_size=8, per_gpu_eval_batch_size=32, gradient_accumulation_steps=4, learning_rate=5e-05, weight_decay=0.0, adam_epsilon=1e-08, max_grad_norm=1.0, num_train_epochs=100.0, max_steps=-1, save_steps=1000, warmup_steps=0, logging_steps=50, save_only_best_checkpoint=True, eval_all_checkpoints=True, no_cuda=False, overwrite_output_dir=True, overwrite_cache=False, seed=1, fp16=False, fp16_opt_level='O1', local_rank=-1, server_ip='', server_port='', predict_langs='ja', train_langs='en', log_file='/home/abhijeet/rohan/cloud-emea/outputs//panx/my-bert-base-multilingual-cased-MaxLen128_ner_ja//train.log', eval_patience=-1, bpe_dropout=0, do_save_adapter_fusions=False, task_name='ner', predict_task_adapter='output/panx/my-bert-base-multilingual-cased-LR1e-4-epoch100-MaxLen128-TrainLangen_en_s1/checkpoint-best/ner/', predict_lang_adapter=None, test_adapter=True, adapter_weight=None, lang_to_vec=None, calc_weight_step=0, predict_save_prefix='', en_weight=None, temperature=1.0, get_attr=False, topk=1, task='udpos')
12/26/2021 23:59:01 - WARNING - __main__ -   Process rank: -1, device: cuda, n_gpu: 1, distributed training: False, 16-bits training: False
12/26/2021 23:59:01 - INFO - __main__ -   Seed = 1
12/26/2021 23:59:01 - INFO - root -   save model
12/26/2021 23:59:01 - INFO - __main__ -   Training/evaluation parameters ModelArguments(model_name_or_path='bert-base-multilingual-cased', model_type='bert', config_name=None, tokenizer_name=None, cache_dir=None, labels='/home/abhijeet/rohan/cloud-emea/data//panx/panx_processed_maxlen128//labels.txt', data_dir='/home/abhijeet/rohan/cloud-emea/data//panx/panx_processed_maxlen128/', output_dir='/home/abhijeet/rohan/cloud-emea/outputs//panx/my-bert-base-multilingual-cased-MaxLen128_ner_ja/', max_seq_length=128, do_train=False, do_eval=False, do_predict=True, do_adapter_predict=False, do_predict_dev=False, do_predict_train=False, init_checkpoint=None, evaluate_during_training=False, do_lower_case=False, few_shot=-1, per_gpu_train_batch_size=8, per_gpu_eval_batch_size=32, gradient_accumulation_steps=4, learning_rate=5e-05, weight_decay=0.0, adam_epsilon=1e-08, max_grad_norm=1.0, num_train_epochs=100.0, max_steps=-1, save_steps=1000, warmup_steps=0, logging_steps=50, save_only_best_checkpoint=True, eval_all_checkpoints=True, no_cuda=False, overwrite_output_dir=True, overwrite_cache=False, seed=1, fp16=False, fp16_opt_level='O1', local_rank=-1, server_ip='', server_port='', predict_langs='ja', train_langs='en', log_file='/home/abhijeet/rohan/cloud-emea/outputs//panx/my-bert-base-multilingual-cased-MaxLen128_ner_ja//train.log', eval_patience=-1, bpe_dropout=0, do_save_adapter_fusions=False, task_name='ner', predict_task_adapter='output/panx/my-bert-base-multilingual-cased-LR1e-4-epoch100-MaxLen128-TrainLangen_en_s1/checkpoint-best/ner/', predict_lang_adapter=None, test_adapter=True, adapter_weight=None, lang_to_vec=None, calc_weight_step=0, predict_save_prefix='', en_weight=None, temperature=1.0, get_attr=False, topk=1, task='udpos')
12/26/2021 23:59:01 - INFO - __main__ -   Loading pretrained model and tokenizer
12/26/2021 23:59:05 - INFO - __main__ -   loading from existing model bert-base-multilingual-cased
12/26/2021 23:59:11 - INFO - __main__ -   Using lang2id = None
12/26/2021 23:59:11 - INFO - __main__ -   Evaluating the model on test set of all the languages specified
12/26/2021 23:59:11 - INFO - __main__ -   Task Adapter will be loaded from this path output/panx/my-bert-base-multilingual-cased-LR1e-4-epoch100-MaxLen128-TrainLangen_en_s1/checkpoint-best/ner/
12/26/2021 23:59:11 - INFO - root -   Trying to decide if add adapter
12/26/2021 23:59:11 - INFO - root -   loading task adapter
12/26/2021 23:59:11 - INFO - root -   loading lang adpater ja/wiki@ukp
12/26/2021 23:59:11 - INFO - __main__ -   Adapter Languages : ['ja'], Length : 1
12/26/2021 23:59:11 - INFO - __main__ -   Adapter Names ['ja/wiki@ukp'], Length : 1
12/26/2021 23:59:11 - INFO - __main__ -   Language = ja
12/26/2021 23:59:11 - INFO - __main__ -   Adapter Name = ja/wiki@ukp
12/26/2021 23:59:16 - INFO - __main__ -   Language adapter for ja found
12/26/2021 23:59:16 - INFO - __main__ -   Set active language adapter to ja
12/26/2021 23:59:16 - INFO - __main__ -   Args Adapter Weight = None
12/26/2021 23:59:16 - INFO - __main__ -   Adapter Languages = ['ja']
12/26/2021 23:59:16 - INFO - __main__ -   Loading features from cached file /home/abhijeet/rohan/cloud-emea/data//panx/panx_processed_maxlen128/cached_test_ja_bert-base-multilingual-cased_128
12/26/2021 23:59:17 - INFO - __main__ -   ***** Running evaluation  in ja *****
12/26/2021 23:59:17 - INFO - __main__ -     Num examples = 10612
12/26/2021 23:59:17 - INFO - __main__ -     Batch size = 32
12/26/2021 23:59:17 - INFO - __main__ -   Batch number = 1
12/26/2021 23:59:18 - INFO - __main__ -   Batch number = 2
12/26/2021 23:59:18 - INFO - __main__ -   Batch number = 3
12/26/2021 23:59:18 - INFO - __main__ -   Batch number = 4
12/26/2021 23:59:18 - INFO - __main__ -   Batch number = 5
12/26/2021 23:59:18 - INFO - __main__ -   Batch number = 6
12/26/2021 23:59:18 - INFO - __main__ -   Batch number = 7
12/26/2021 23:59:18 - INFO - __main__ -   Batch number = 8
12/26/2021 23:59:19 - INFO - __main__ -   Batch number = 9
12/26/2021 23:59:19 - INFO - __main__ -   Batch number = 10
12/26/2021 23:59:19 - INFO - __main__ -   Batch number = 11
12/26/2021 23:59:19 - INFO - __main__ -   Batch number = 12
12/26/2021 23:59:19 - INFO - __main__ -   Batch number = 13
12/26/2021 23:59:19 - INFO - __main__ -   Batch number = 14
12/26/2021 23:59:19 - INFO - __main__ -   Batch number = 15
12/26/2021 23:59:20 - INFO - __main__ -   Batch number = 16
12/26/2021 23:59:20 - INFO - __main__ -   Batch number = 17
12/26/2021 23:59:20 - INFO - __main__ -   Batch number = 18
12/26/2021 23:59:20 - INFO - __main__ -   Batch number = 19
12/26/2021 23:59:20 - INFO - __main__ -   Batch number = 20
12/26/2021 23:59:21 - INFO - __main__ -   Batch number = 21
12/26/2021 23:59:21 - INFO - __main__ -   Batch number = 22
12/26/2021 23:59:21 - INFO - __main__ -   Batch number = 23
12/26/2021 23:59:21 - INFO - __main__ -   Batch number = 24
12/26/2021 23:59:21 - INFO - __main__ -   Batch number = 25
12/26/2021 23:59:21 - INFO - __main__ -   Batch number = 26
12/26/2021 23:59:22 - INFO - __main__ -   Batch number = 27
12/26/2021 23:59:22 - INFO - __main__ -   Batch number = 28
12/26/2021 23:59:22 - INFO - __main__ -   Batch number = 29
12/26/2021 23:59:22 - INFO - __main__ -   Batch number = 30
12/26/2021 23:59:22 - INFO - __main__ -   Batch number = 31
12/26/2021 23:59:22 - INFO - __main__ -   Batch number = 32
12/26/2021 23:59:22 - INFO - __main__ -   Batch number = 33
12/26/2021 23:59:23 - INFO - __main__ -   Batch number = 34
12/26/2021 23:59:23 - INFO - __main__ -   Batch number = 35
12/26/2021 23:59:23 - INFO - __main__ -   Batch number = 36
12/26/2021 23:59:23 - INFO - __main__ -   Batch number = 37
12/26/2021 23:59:23 - INFO - __main__ -   Batch number = 38
12/26/2021 23:59:23 - INFO - __main__ -   Batch number = 39
12/26/2021 23:59:23 - INFO - __main__ -   Batch number = 40
12/26/2021 23:59:23 - INFO - __main__ -   Batch number = 41
12/26/2021 23:59:24 - INFO - __main__ -   Batch number = 42
12/26/2021 23:59:24 - INFO - __main__ -   Batch number = 43
12/26/2021 23:59:24 - INFO - __main__ -   Batch number = 44
12/26/2021 23:59:24 - INFO - __main__ -   Batch number = 45
12/26/2021 23:59:24 - INFO - __main__ -   Batch number = 46
12/26/2021 23:59:24 - INFO - __main__ -   Batch number = 47
12/26/2021 23:59:24 - INFO - __main__ -   Batch number = 48
12/26/2021 23:59:25 - INFO - __main__ -   Batch number = 49
12/26/2021 23:59:25 - INFO - __main__ -   Batch number = 50
12/26/2021 23:59:25 - INFO - __main__ -   Batch number = 51
12/26/2021 23:59:25 - INFO - __main__ -   Batch number = 52
12/26/2021 23:59:25 - INFO - __main__ -   Batch number = 53
12/26/2021 23:59:25 - INFO - __main__ -   Batch number = 54
12/26/2021 23:59:26 - INFO - __main__ -   Batch number = 55
12/26/2021 23:59:26 - INFO - __main__ -   Batch number = 56
12/26/2021 23:59:26 - INFO - __main__ -   Batch number = 57
12/26/2021 23:59:26 - INFO - __main__ -   Batch number = 58
12/26/2021 23:59:26 - INFO - __main__ -   Batch number = 59
12/26/2021 23:59:26 - INFO - __main__ -   Batch number = 60
12/26/2021 23:59:26 - INFO - __main__ -   Batch number = 61
12/26/2021 23:59:27 - INFO - __main__ -   Batch number = 62
12/26/2021 23:59:27 - INFO - __main__ -   Batch number = 63
12/26/2021 23:59:27 - INFO - __main__ -   Batch number = 64
12/26/2021 23:59:27 - INFO - __main__ -   Batch number = 65
12/26/2021 23:59:27 - INFO - __main__ -   Batch number = 66
12/26/2021 23:59:27 - INFO - __main__ -   Batch number = 67
12/26/2021 23:59:27 - INFO - __main__ -   Batch number = 68
12/26/2021 23:59:28 - INFO - __main__ -   Batch number = 69
12/26/2021 23:59:28 - INFO - __main__ -   Batch number = 70
12/26/2021 23:59:28 - INFO - __main__ -   Batch number = 71
12/26/2021 23:59:28 - INFO - __main__ -   Batch number = 72
12/26/2021 23:59:28 - INFO - __main__ -   Batch number = 73
12/26/2021 23:59:28 - INFO - __main__ -   Batch number = 74
12/26/2021 23:59:28 - INFO - __main__ -   Batch number = 75
12/26/2021 23:59:29 - INFO - __main__ -   Batch number = 76
12/26/2021 23:59:29 - INFO - __main__ -   Batch number = 77
12/26/2021 23:59:29 - INFO - __main__ -   Batch number = 78
12/26/2021 23:59:29 - INFO - __main__ -   Batch number = 79
12/26/2021 23:59:29 - INFO - __main__ -   Batch number = 80
12/26/2021 23:59:29 - INFO - __main__ -   Batch number = 81
12/26/2021 23:59:29 - INFO - __main__ -   Batch number = 82
12/26/2021 23:59:30 - INFO - __main__ -   Batch number = 83
12/26/2021 23:59:30 - INFO - __main__ -   Batch number = 84
12/26/2021 23:59:30 - INFO - __main__ -   Batch number = 85
12/26/2021 23:59:30 - INFO - __main__ -   Batch number = 86
12/26/2021 23:59:30 - INFO - __main__ -   Batch number = 87
12/26/2021 23:59:30 - INFO - __main__ -   Batch number = 88
12/26/2021 23:59:31 - INFO - __main__ -   Batch number = 89
12/26/2021 23:59:31 - INFO - __main__ -   Batch number = 90
12/26/2021 23:59:31 - INFO - __main__ -   Batch number = 91
12/26/2021 23:59:31 - INFO - __main__ -   Batch number = 92
12/26/2021 23:59:31 - INFO - __main__ -   Batch number = 93
12/26/2021 23:59:31 - INFO - __main__ -   Batch number = 94
12/26/2021 23:59:31 - INFO - __main__ -   Batch number = 95
12/26/2021 23:59:32 - INFO - __main__ -   Batch number = 96
12/26/2021 23:59:32 - INFO - __main__ -   Batch number = 97
12/26/2021 23:59:32 - INFO - __main__ -   Batch number = 98
12/26/2021 23:59:32 - INFO - __main__ -   Batch number = 99
12/26/2021 23:59:32 - INFO - __main__ -   Batch number = 100
12/26/2021 23:59:32 - INFO - __main__ -   Batch number = 101
12/26/2021 23:59:32 - INFO - __main__ -   Batch number = 102
12/26/2021 23:59:33 - INFO - __main__ -   Batch number = 103
12/26/2021 23:59:33 - INFO - __main__ -   Batch number = 104
12/26/2021 23:59:33 - INFO - __main__ -   Batch number = 105
12/26/2021 23:59:33 - INFO - __main__ -   Batch number = 106
12/26/2021 23:59:33 - INFO - __main__ -   Batch number = 107
12/26/2021 23:59:33 - INFO - __main__ -   Batch number = 108
12/26/2021 23:59:33 - INFO - __main__ -   Batch number = 109
12/26/2021 23:59:34 - INFO - __main__ -   Batch number = 110
12/26/2021 23:59:34 - INFO - __main__ -   Batch number = 111
12/26/2021 23:59:34 - INFO - __main__ -   Batch number = 112
12/26/2021 23:59:34 - INFO - __main__ -   Batch number = 113
12/26/2021 23:59:34 - INFO - __main__ -   Batch number = 114
12/26/2021 23:59:34 - INFO - __main__ -   Batch number = 115
12/26/2021 23:59:34 - INFO - __main__ -   Batch number = 116
12/26/2021 23:59:35 - INFO - __main__ -   Batch number = 117
12/26/2021 23:59:35 - INFO - __main__ -   Batch number = 118
12/26/2021 23:59:35 - INFO - __main__ -   Batch number = 119
12/26/2021 23:59:35 - INFO - __main__ -   Batch number = 120
12/26/2021 23:59:35 - INFO - __main__ -   Batch number = 121
12/26/2021 23:59:36 - INFO - __main__ -   Batch number = 122
12/26/2021 23:59:36 - INFO - __main__ -   Batch number = 123
12/26/2021 23:59:36 - INFO - __main__ -   Batch number = 124
12/26/2021 23:59:36 - INFO - __main__ -   Batch number = 125
12/26/2021 23:59:36 - INFO - __main__ -   Batch number = 126
12/26/2021 23:59:36 - INFO - __main__ -   Batch number = 127
12/26/2021 23:59:36 - INFO - __main__ -   Batch number = 128
12/26/2021 23:59:37 - INFO - __main__ -   Batch number = 129
12/26/2021 23:59:37 - INFO - __main__ -   Batch number = 130
12/26/2021 23:59:37 - INFO - __main__ -   Batch number = 131
12/26/2021 23:59:37 - INFO - __main__ -   Batch number = 132
12/26/2021 23:59:37 - INFO - __main__ -   Batch number = 133
12/26/2021 23:59:37 - INFO - __main__ -   Batch number = 134
12/26/2021 23:59:37 - INFO - __main__ -   Batch number = 135
12/26/2021 23:59:38 - INFO - __main__ -   Batch number = 136
12/26/2021 23:59:38 - INFO - __main__ -   Batch number = 137
12/26/2021 23:59:38 - INFO - __main__ -   Batch number = 138
12/26/2021 23:59:38 - INFO - __main__ -   Batch number = 139
12/26/2021 23:59:38 - INFO - __main__ -   Batch number = 140
12/26/2021 23:59:38 - INFO - __main__ -   Batch number = 141
12/26/2021 23:59:38 - INFO - __main__ -   Batch number = 142
12/26/2021 23:59:39 - INFO - __main__ -   Batch number = 143
12/26/2021 23:59:39 - INFO - __main__ -   Batch number = 144
12/26/2021 23:59:39 - INFO - __main__ -   Batch number = 145
12/26/2021 23:59:39 - INFO - __main__ -   Batch number = 146
12/26/2021 23:59:39 - INFO - __main__ -   Batch number = 147
12/26/2021 23:59:39 - INFO - __main__ -   Batch number = 148
12/26/2021 23:59:39 - INFO - __main__ -   Batch number = 149
12/26/2021 23:59:40 - INFO - __main__ -   Batch number = 150
12/26/2021 23:59:40 - INFO - __main__ -   Batch number = 151
12/26/2021 23:59:40 - INFO - __main__ -   Batch number = 152
12/26/2021 23:59:40 - INFO - __main__ -   Batch number = 153
12/26/2021 23:59:40 - INFO - __main__ -   Batch number = 154
12/26/2021 23:59:41 - INFO - __main__ -   Batch number = 155
12/26/2021 23:59:41 - INFO - __main__ -   Batch number = 156
12/26/2021 23:59:41 - INFO - __main__ -   Batch number = 157
12/26/2021 23:59:41 - INFO - __main__ -   Batch number = 158
12/26/2021 23:59:41 - INFO - __main__ -   Batch number = 159
12/26/2021 23:59:41 - INFO - __main__ -   Batch number = 160
12/26/2021 23:59:41 - INFO - __main__ -   Batch number = 161
12/26/2021 23:59:42 - INFO - __main__ -   Batch number = 162
12/26/2021 23:59:42 - INFO - __main__ -   Batch number = 163
12/26/2021 23:59:42 - INFO - __main__ -   Batch number = 164
12/26/2021 23:59:42 - INFO - __main__ -   Batch number = 165
12/26/2021 23:59:42 - INFO - __main__ -   Batch number = 166
12/26/2021 23:59:42 - INFO - __main__ -   Batch number = 167
12/26/2021 23:59:42 - INFO - __main__ -   Batch number = 168
12/26/2021 23:59:43 - INFO - __main__ -   Batch number = 169
12/26/2021 23:59:43 - INFO - __main__ -   Batch number = 170
12/26/2021 23:59:43 - INFO - __main__ -   Batch number = 171
12/26/2021 23:59:43 - INFO - __main__ -   Batch number = 172
12/26/2021 23:59:43 - INFO - __main__ -   Batch number = 173
12/26/2021 23:59:43 - INFO - __main__ -   Batch number = 174
12/26/2021 23:59:43 - INFO - __main__ -   Batch number = 175
12/26/2021 23:59:44 - INFO - __main__ -   Batch number = 176
12/26/2021 23:59:44 - INFO - __main__ -   Batch number = 177
12/26/2021 23:59:44 - INFO - __main__ -   Batch number = 178
12/26/2021 23:59:44 - INFO - __main__ -   Batch number = 179
12/26/2021 23:59:44 - INFO - __main__ -   Batch number = 180
12/26/2021 23:59:44 - INFO - __main__ -   Batch number = 181
12/26/2021 23:59:44 - INFO - __main__ -   Batch number = 182
12/26/2021 23:59:45 - INFO - __main__ -   Batch number = 183
12/26/2021 23:59:45 - INFO - __main__ -   Batch number = 184
12/26/2021 23:59:45 - INFO - __main__ -   Batch number = 185
12/26/2021 23:59:45 - INFO - __main__ -   Batch number = 186
12/26/2021 23:59:45 - INFO - __main__ -   Batch number = 187
12/26/2021 23:59:46 - INFO - __main__ -   Batch number = 188
12/26/2021 23:59:46 - INFO - __main__ -   Batch number = 189
12/26/2021 23:59:46 - INFO - __main__ -   Batch number = 190
12/26/2021 23:59:46 - INFO - __main__ -   Batch number = 191
12/26/2021 23:59:46 - INFO - __main__ -   Batch number = 192
12/26/2021 23:59:46 - INFO - __main__ -   Batch number = 193
12/26/2021 23:59:46 - INFO - __main__ -   Batch number = 194
12/26/2021 23:59:47 - INFO - __main__ -   Batch number = 195
12/26/2021 23:59:47 - INFO - __main__ -   Batch number = 196
12/26/2021 23:59:47 - INFO - __main__ -   Batch number = 197
12/26/2021 23:59:47 - INFO - __main__ -   Batch number = 198
12/26/2021 23:59:47 - INFO - __main__ -   Batch number = 199
12/26/2021 23:59:47 - INFO - __main__ -   Batch number = 200
12/26/2021 23:59:47 - INFO - __main__ -   Batch number = 201
12/26/2021 23:59:48 - INFO - __main__ -   Batch number = 202
12/26/2021 23:59:48 - INFO - __main__ -   Batch number = 203
12/26/2021 23:59:48 - INFO - __main__ -   Batch number = 204
12/26/2021 23:59:48 - INFO - __main__ -   Batch number = 205
12/26/2021 23:59:48 - INFO - __main__ -   Batch number = 206
12/26/2021 23:59:48 - INFO - __main__ -   Batch number = 207
12/26/2021 23:59:48 - INFO - __main__ -   Batch number = 208
12/26/2021 23:59:49 - INFO - __main__ -   Batch number = 209
12/26/2021 23:59:49 - INFO - __main__ -   Batch number = 210
12/26/2021 23:59:49 - INFO - __main__ -   Batch number = 211
12/26/2021 23:59:49 - INFO - __main__ -   Batch number = 212
12/26/2021 23:59:49 - INFO - __main__ -   Batch number = 213
12/26/2021 23:59:49 - INFO - __main__ -   Batch number = 214
12/26/2021 23:59:49 - INFO - __main__ -   Batch number = 215
12/26/2021 23:59:50 - INFO - __main__ -   Batch number = 216
12/26/2021 23:59:50 - INFO - __main__ -   Batch number = 217
12/26/2021 23:59:50 - INFO - __main__ -   Batch number = 218
12/26/2021 23:59:50 - INFO - __main__ -   Batch number = 219
12/26/2021 23:59:50 - INFO - __main__ -   Batch number = 220
12/26/2021 23:59:51 - INFO - __main__ -   Batch number = 221
12/26/2021 23:59:51 - INFO - __main__ -   Batch number = 222
12/26/2021 23:59:51 - INFO - __main__ -   Batch number = 223
12/26/2021 23:59:51 - INFO - __main__ -   Batch number = 224
12/26/2021 23:59:51 - INFO - __main__ -   Batch number = 225
12/26/2021 23:59:51 - INFO - __main__ -   Batch number = 226
12/26/2021 23:59:51 - INFO - __main__ -   Batch number = 227
12/26/2021 23:59:52 - INFO - __main__ -   Batch number = 228
12/26/2021 23:59:52 - INFO - __main__ -   Batch number = 229
12/26/2021 23:59:52 - INFO - __main__ -   Batch number = 230
12/26/2021 23:59:52 - INFO - __main__ -   Batch number = 231
12/26/2021 23:59:52 - INFO - __main__ -   Batch number = 232
12/26/2021 23:59:52 - INFO - __main__ -   Batch number = 233
12/26/2021 23:59:52 - INFO - __main__ -   Batch number = 234
12/26/2021 23:59:53 - INFO - __main__ -   Batch number = 235
12/26/2021 23:59:53 - INFO - __main__ -   Batch number = 236
12/26/2021 23:59:53 - INFO - __main__ -   Batch number = 237
12/26/2021 23:59:53 - INFO - __main__ -   Batch number = 238
12/26/2021 23:59:53 - INFO - __main__ -   Batch number = 239
12/26/2021 23:59:53 - INFO - __main__ -   Batch number = 240
12/26/2021 23:59:53 - INFO - __main__ -   Batch number = 241
12/26/2021 23:59:54 - INFO - __main__ -   Batch number = 242
12/26/2021 23:59:54 - INFO - __main__ -   Batch number = 243
12/26/2021 23:59:54 - INFO - __main__ -   Batch number = 244
12/26/2021 23:59:54 - INFO - __main__ -   Batch number = 245
12/26/2021 23:59:54 - INFO - __main__ -   Batch number = 246
12/26/2021 23:59:54 - INFO - __main__ -   Batch number = 247
12/26/2021 23:59:54 - INFO - __main__ -   Batch number = 248
12/26/2021 23:59:55 - INFO - __main__ -   Batch number = 249
12/26/2021 23:59:55 - INFO - __main__ -   Batch number = 250
12/26/2021 23:59:55 - INFO - __main__ -   Batch number = 251
12/26/2021 23:59:55 - INFO - __main__ -   Batch number = 252
12/26/2021 23:59:55 - INFO - __main__ -   Batch number = 253
12/26/2021 23:59:55 - INFO - __main__ -   Batch number = 254
12/26/2021 23:59:56 - INFO - __main__ -   Batch number = 255
12/26/2021 23:59:56 - INFO - __main__ -   Batch number = 256
12/26/2021 23:59:56 - INFO - __main__ -   Batch number = 257
12/26/2021 23:59:56 - INFO - __main__ -   Batch number = 258
12/26/2021 23:59:56 - INFO - __main__ -   Batch number = 259
12/26/2021 23:59:56 - INFO - __main__ -   Batch number = 260
12/26/2021 23:59:56 - INFO - __main__ -   Batch number = 261
12/26/2021 23:59:57 - INFO - __main__ -   Batch number = 262
12/26/2021 23:59:57 - INFO - __main__ -   Batch number = 263
12/26/2021 23:59:57 - INFO - __main__ -   Batch number = 264
12/26/2021 23:59:57 - INFO - __main__ -   Batch number = 265
12/26/2021 23:59:57 - INFO - __main__ -   Batch number = 266
12/26/2021 23:59:57 - INFO - __main__ -   Batch number = 267
12/26/2021 23:59:57 - INFO - __main__ -   Batch number = 268
12/26/2021 23:59:58 - INFO - __main__ -   Batch number = 269
12/26/2021 23:59:58 - INFO - __main__ -   Batch number = 270
12/26/2021 23:59:58 - INFO - __main__ -   Batch number = 271
12/26/2021 23:59:58 - INFO - __main__ -   Batch number = 272
12/26/2021 23:59:58 - INFO - __main__ -   Batch number = 273
12/26/2021 23:59:58 - INFO - __main__ -   Batch number = 274
12/26/2021 23:59:59 - INFO - __main__ -   Batch number = 275
12/26/2021 23:59:59 - INFO - __main__ -   Batch number = 276
12/26/2021 23:59:59 - INFO - __main__ -   Batch number = 277
12/26/2021 23:59:59 - INFO - __main__ -   Batch number = 278
12/26/2021 23:59:59 - INFO - __main__ -   Batch number = 279
12/26/2021 23:59:59 - INFO - __main__ -   Batch number = 280
12/26/2021 23:59:59 - INFO - __main__ -   Batch number = 281
12/27/2021 00:00:00 - INFO - __main__ -   Batch number = 282
12/27/2021 00:00:00 - INFO - __main__ -   Batch number = 283
12/27/2021 00:00:00 - INFO - __main__ -   Batch number = 284
12/27/2021 00:00:00 - INFO - __main__ -   Batch number = 285
12/27/2021 00:00:00 - INFO - __main__ -   Batch number = 286
12/27/2021 00:00:00 - INFO - __main__ -   Batch number = 287
12/27/2021 00:00:01 - INFO - __main__ -   Batch number = 288
12/27/2021 00:00:01 - INFO - __main__ -   Batch number = 289
12/27/2021 00:00:01 - INFO - __main__ -   Batch number = 290
12/27/2021 00:00:01 - INFO - __main__ -   Batch number = 291
12/27/2021 00:00:01 - INFO - __main__ -   Batch number = 292
12/27/2021 00:00:01 - INFO - __main__ -   Batch number = 293
12/27/2021 00:00:01 - INFO - __main__ -   Batch number = 294
12/27/2021 00:00:02 - INFO - __main__ -   Batch number = 295
12/27/2021 00:00:02 - INFO - __main__ -   Batch number = 296
12/27/2021 00:00:02 - INFO - __main__ -   Batch number = 297
12/27/2021 00:00:02 - INFO - __main__ -   Batch number = 298
12/27/2021 00:00:02 - INFO - __main__ -   Batch number = 299
12/27/2021 00:00:02 - INFO - __main__ -   Batch number = 300
12/27/2021 00:00:03 - INFO - __main__ -   Batch number = 301
12/27/2021 00:00:03 - INFO - __main__ -   Batch number = 302
12/27/2021 00:00:03 - INFO - __main__ -   Batch number = 303
12/27/2021 00:00:03 - INFO - __main__ -   Batch number = 304
12/27/2021 00:00:03 - INFO - __main__ -   Batch number = 305
12/27/2021 00:00:03 - INFO - __main__ -   Batch number = 306
12/27/2021 00:00:03 - INFO - __main__ -   Batch number = 307
12/27/2021 00:00:04 - INFO - __main__ -   Batch number = 308
12/27/2021 00:00:04 - INFO - __main__ -   Batch number = 309
12/27/2021 00:00:04 - INFO - __main__ -   Batch number = 310
12/27/2021 00:00:04 - INFO - __main__ -   Batch number = 311
12/27/2021 00:00:04 - INFO - __main__ -   Batch number = 312
12/27/2021 00:00:04 - INFO - __main__ -   Batch number = 313
12/27/2021 00:00:05 - INFO - __main__ -   Batch number = 314
12/27/2021 00:00:05 - INFO - __main__ -   Batch number = 315
12/27/2021 00:00:05 - INFO - __main__ -   Batch number = 316
12/27/2021 00:00:05 - INFO - __main__ -   Batch number = 317
12/27/2021 00:00:05 - INFO - __main__ -   Batch number = 318
12/27/2021 00:00:05 - INFO - __main__ -   Batch number = 319
12/27/2021 00:00:06 - INFO - __main__ -   Batch number = 320
12/27/2021 00:00:06 - INFO - __main__ -   Batch number = 321
12/27/2021 00:00:06 - INFO - __main__ -   Batch number = 322
12/27/2021 00:00:06 - INFO - __main__ -   Batch number = 323
12/27/2021 00:00:06 - INFO - __main__ -   Batch number = 324
12/27/2021 00:00:06 - INFO - __main__ -   Batch number = 325
12/27/2021 00:00:06 - INFO - __main__ -   Batch number = 326
12/27/2021 00:00:07 - INFO - __main__ -   Batch number = 327
12/27/2021 00:00:07 - INFO - __main__ -   Batch number = 328
12/27/2021 00:00:07 - INFO - __main__ -   Batch number = 329
12/27/2021 00:00:07 - INFO - __main__ -   Batch number = 330
12/27/2021 00:00:07 - INFO - __main__ -   Batch number = 331
12/27/2021 00:00:07 - INFO - __main__ -   Batch number = 332
12/27/2021 00:00:11 - INFO - __main__ -   ***** Evaluation result  in ja *****
12/27/2021 00:00:11 - INFO - __main__ -     f1 = 0.1712347354138399
12/27/2021 00:00:11 - INFO - __main__ -     loss = 2.9110450913389045
12/27/2021 00:00:11 - INFO - __main__ -     precision = 0.12533518720826298
12/27/2021 00:00:11 - INFO - __main__ -     recall = 0.2701776921430101
12/27/2021 00:00:13 - INFO - root -   Input args: ModelArguments(model_name_or_path='bert-base-multilingual-cased', model_type='bert', config_name=None, tokenizer_name=None, cache_dir=None, labels='/home/abhijeet/rohan/cloud-emea/data//panx/panx_processed_maxlen128//labels.txt', data_dir='/home/abhijeet/rohan/cloud-emea/data//panx/panx_processed_maxlen128/', output_dir='/home/abhijeet/rohan/cloud-emea/outputs//panx/my-bert-base-multilingual-cased-MaxLen128_ner_ja/', max_seq_length=128, do_train=False, do_eval=False, do_predict=True, do_adapter_predict=False, do_predict_dev=False, do_predict_train=False, init_checkpoint=None, evaluate_during_training=False, do_lower_case=False, few_shot=-1, per_gpu_train_batch_size=8, per_gpu_eval_batch_size=32, gradient_accumulation_steps=4, learning_rate=5e-05, weight_decay=0.0, adam_epsilon=1e-08, max_grad_norm=1.0, num_train_epochs=100.0, max_steps=-1, save_steps=1000, warmup_steps=0, logging_steps=50, save_only_best_checkpoint=True, eval_all_checkpoints=True, no_cuda=False, overwrite_output_dir=True, overwrite_cache=False, seed=2, fp16=False, fp16_opt_level='O1', local_rank=-1, server_ip='', server_port='', predict_langs='ja', train_langs='en', log_file='/home/abhijeet/rohan/cloud-emea/outputs//panx/my-bert-base-multilingual-cased-MaxLen128_ner_ja//train.log', eval_patience=-1, bpe_dropout=0, do_save_adapter_fusions=False, task_name='ner', predict_task_adapter='output/panx/my-bert-base-multilingual-cased-LR1e-4-epoch100-MaxLen128-TrainLangen_en_s2/checkpoint-best/ner/', predict_lang_adapter=None, test_adapter=True, adapter_weight=None, lang_to_vec=None, calc_weight_step=0, predict_save_prefix='', en_weight=None, temperature=1.0, get_attr=False, topk=1, task='udpos')
12/27/2021 00:00:13 - WARNING - __main__ -   Process rank: -1, device: cuda, n_gpu: 1, distributed training: False, 16-bits training: False
12/27/2021 00:00:13 - INFO - __main__ -   Seed = 2
12/27/2021 00:00:13 - INFO - root -   save model
12/27/2021 00:00:13 - INFO - __main__ -   Training/evaluation parameters ModelArguments(model_name_or_path='bert-base-multilingual-cased', model_type='bert', config_name=None, tokenizer_name=None, cache_dir=None, labels='/home/abhijeet/rohan/cloud-emea/data//panx/panx_processed_maxlen128//labels.txt', data_dir='/home/abhijeet/rohan/cloud-emea/data//panx/panx_processed_maxlen128/', output_dir='/home/abhijeet/rohan/cloud-emea/outputs//panx/my-bert-base-multilingual-cased-MaxLen128_ner_ja/', max_seq_length=128, do_train=False, do_eval=False, do_predict=True, do_adapter_predict=False, do_predict_dev=False, do_predict_train=False, init_checkpoint=None, evaluate_during_training=False, do_lower_case=False, few_shot=-1, per_gpu_train_batch_size=8, per_gpu_eval_batch_size=32, gradient_accumulation_steps=4, learning_rate=5e-05, weight_decay=0.0, adam_epsilon=1e-08, max_grad_norm=1.0, num_train_epochs=100.0, max_steps=-1, save_steps=1000, warmup_steps=0, logging_steps=50, save_only_best_checkpoint=True, eval_all_checkpoints=True, no_cuda=False, overwrite_output_dir=True, overwrite_cache=False, seed=2, fp16=False, fp16_opt_level='O1', local_rank=-1, server_ip='', server_port='', predict_langs='ja', train_langs='en', log_file='/home/abhijeet/rohan/cloud-emea/outputs//panx/my-bert-base-multilingual-cased-MaxLen128_ner_ja//train.log', eval_patience=-1, bpe_dropout=0, do_save_adapter_fusions=False, task_name='ner', predict_task_adapter='output/panx/my-bert-base-multilingual-cased-LR1e-4-epoch100-MaxLen128-TrainLangen_en_s2/checkpoint-best/ner/', predict_lang_adapter=None, test_adapter=True, adapter_weight=None, lang_to_vec=None, calc_weight_step=0, predict_save_prefix='', en_weight=None, temperature=1.0, get_attr=False, topk=1, task='udpos')
12/27/2021 00:00:13 - INFO - __main__ -   Loading pretrained model and tokenizer
12/27/2021 00:00:18 - INFO - __main__ -   loading from existing model bert-base-multilingual-cased
12/27/2021 00:00:24 - INFO - __main__ -   Using lang2id = None
12/27/2021 00:00:24 - INFO - __main__ -   Evaluating the model on test set of all the languages specified
12/27/2021 00:00:24 - INFO - __main__ -   Task Adapter will be loaded from this path output/panx/my-bert-base-multilingual-cased-LR1e-4-epoch100-MaxLen128-TrainLangen_en_s2/checkpoint-best/ner/
12/27/2021 00:00:24 - INFO - root -   Trying to decide if add adapter
12/27/2021 00:00:24 - INFO - root -   loading task adapter
12/27/2021 00:00:24 - INFO - root -   loading lang adpater ja/wiki@ukp
12/27/2021 00:00:24 - INFO - __main__ -   Adapter Languages : ['ja'], Length : 1
12/27/2021 00:00:24 - INFO - __main__ -   Adapter Names ['ja/wiki@ukp'], Length : 1
12/27/2021 00:00:24 - INFO - __main__ -   Language = ja
12/27/2021 00:00:24 - INFO - __main__ -   Adapter Name = ja/wiki@ukp
12/27/2021 00:00:28 - INFO - __main__ -   Language adapter for ja found
12/27/2021 00:00:28 - INFO - __main__ -   Set active language adapter to ja
12/27/2021 00:00:28 - INFO - __main__ -   Args Adapter Weight = None
12/27/2021 00:00:28 - INFO - __main__ -   Adapter Languages = ['ja']
12/27/2021 00:00:28 - INFO - __main__ -   Loading features from cached file /home/abhijeet/rohan/cloud-emea/data//panx/panx_processed_maxlen128/cached_test_ja_bert-base-multilingual-cased_128
12/27/2021 00:00:29 - INFO - __main__ -   ***** Running evaluation  in ja *****
12/27/2021 00:00:29 - INFO - __main__ -     Num examples = 10612
12/27/2021 00:00:29 - INFO - __main__ -     Batch size = 32
12/27/2021 00:00:29 - INFO - __main__ -   Batch number = 1
12/27/2021 00:00:29 - INFO - __main__ -   Batch number = 2
12/27/2021 00:00:30 - INFO - __main__ -   Batch number = 3
12/27/2021 00:00:30 - INFO - __main__ -   Batch number = 4
12/27/2021 00:00:30 - INFO - __main__ -   Batch number = 5
12/27/2021 00:00:30 - INFO - __main__ -   Batch number = 6
12/27/2021 00:00:30 - INFO - __main__ -   Batch number = 7
12/27/2021 00:00:30 - INFO - __main__ -   Batch number = 8
12/27/2021 00:00:30 - INFO - __main__ -   Batch number = 9
12/27/2021 00:00:31 - INFO - __main__ -   Batch number = 10
12/27/2021 00:00:31 - INFO - __main__ -   Batch number = 11
12/27/2021 00:00:31 - INFO - __main__ -   Batch number = 12
12/27/2021 00:00:31 - INFO - __main__ -   Batch number = 13
12/27/2021 00:00:31 - INFO - __main__ -   Batch number = 14
12/27/2021 00:00:31 - INFO - __main__ -   Batch number = 15
12/27/2021 00:00:31 - INFO - __main__ -   Batch number = 16
12/27/2021 00:00:32 - INFO - __main__ -   Batch number = 17
12/27/2021 00:00:32 - INFO - __main__ -   Batch number = 18
12/27/2021 00:00:32 - INFO - __main__ -   Batch number = 19
12/27/2021 00:00:32 - INFO - __main__ -   Batch number = 20
12/27/2021 00:00:32 - INFO - __main__ -   Batch number = 21
12/27/2021 00:00:32 - INFO - __main__ -   Batch number = 22
12/27/2021 00:00:32 - INFO - __main__ -   Batch number = 23
12/27/2021 00:00:32 - INFO - __main__ -   Batch number = 24
12/27/2021 00:00:33 - INFO - __main__ -   Batch number = 25
12/27/2021 00:00:33 - INFO - __main__ -   Batch number = 26
12/27/2021 00:00:33 - INFO - __main__ -   Batch number = 27
12/27/2021 00:00:33 - INFO - __main__ -   Batch number = 28
12/27/2021 00:00:33 - INFO - __main__ -   Batch number = 29
12/27/2021 00:00:33 - INFO - __main__ -   Batch number = 30
12/27/2021 00:00:33 - INFO - __main__ -   Batch number = 31
12/27/2021 00:00:34 - INFO - __main__ -   Batch number = 32
12/27/2021 00:00:34 - INFO - __main__ -   Batch number = 33
12/27/2021 00:00:34 - INFO - __main__ -   Batch number = 34
12/27/2021 00:00:34 - INFO - __main__ -   Batch number = 35
12/27/2021 00:00:34 - INFO - __main__ -   Batch number = 36
12/27/2021 00:00:34 - INFO - __main__ -   Batch number = 37
12/27/2021 00:00:34 - INFO - __main__ -   Batch number = 38
12/27/2021 00:00:35 - INFO - __main__ -   Batch number = 39
12/27/2021 00:00:35 - INFO - __main__ -   Batch number = 40
12/27/2021 00:00:35 - INFO - __main__ -   Batch number = 41
12/27/2021 00:00:35 - INFO - __main__ -   Batch number = 42
12/27/2021 00:00:35 - INFO - __main__ -   Batch number = 43
12/27/2021 00:00:35 - INFO - __main__ -   Batch number = 44
12/27/2021 00:00:35 - INFO - __main__ -   Batch number = 45
12/27/2021 00:00:36 - INFO - __main__ -   Batch number = 46
12/27/2021 00:00:36 - INFO - __main__ -   Batch number = 47
12/27/2021 00:00:36 - INFO - __main__ -   Batch number = 48
12/27/2021 00:00:36 - INFO - __main__ -   Batch number = 49
12/27/2021 00:00:36 - INFO - __main__ -   Batch number = 50
12/27/2021 00:00:36 - INFO - __main__ -   Batch number = 51
12/27/2021 00:00:36 - INFO - __main__ -   Batch number = 52
12/27/2021 00:00:37 - INFO - __main__ -   Batch number = 53
12/27/2021 00:00:37 - INFO - __main__ -   Batch number = 54
12/27/2021 00:00:37 - INFO - __main__ -   Batch number = 55
12/27/2021 00:00:37 - INFO - __main__ -   Batch number = 56
12/27/2021 00:00:37 - INFO - __main__ -   Batch number = 57
12/27/2021 00:00:37 - INFO - __main__ -   Batch number = 58
12/27/2021 00:00:37 - INFO - __main__ -   Batch number = 59
12/27/2021 00:00:38 - INFO - __main__ -   Batch number = 60
12/27/2021 00:00:38 - INFO - __main__ -   Batch number = 61
12/27/2021 00:00:38 - INFO - __main__ -   Batch number = 62
12/27/2021 00:00:38 - INFO - __main__ -   Batch number = 63
12/27/2021 00:00:38 - INFO - __main__ -   Batch number = 64
12/27/2021 00:00:38 - INFO - __main__ -   Batch number = 65
12/27/2021 00:00:38 - INFO - __main__ -   Batch number = 66
12/27/2021 00:00:39 - INFO - __main__ -   Batch number = 67
12/27/2021 00:00:39 - INFO - __main__ -   Batch number = 68
12/27/2021 00:00:39 - INFO - __main__ -   Batch number = 69
12/27/2021 00:00:39 - INFO - __main__ -   Batch number = 70
12/27/2021 00:00:39 - INFO - __main__ -   Batch number = 71
12/27/2021 00:00:39 - INFO - __main__ -   Batch number = 72
12/27/2021 00:00:39 - INFO - __main__ -   Batch number = 73
12/27/2021 00:00:40 - INFO - __main__ -   Batch number = 74
12/27/2021 00:00:40 - INFO - __main__ -   Batch number = 75
12/27/2021 00:00:40 - INFO - __main__ -   Batch number = 76
12/27/2021 00:00:40 - INFO - __main__ -   Batch number = 77
12/27/2021 00:00:40 - INFO - __main__ -   Batch number = 78
12/27/2021 00:00:40 - INFO - __main__ -   Batch number = 79
12/27/2021 00:00:40 - INFO - __main__ -   Batch number = 80
12/27/2021 00:00:41 - INFO - __main__ -   Batch number = 81
12/27/2021 00:00:41 - INFO - __main__ -   Batch number = 82
12/27/2021 00:00:41 - INFO - __main__ -   Batch number = 83
12/27/2021 00:00:41 - INFO - __main__ -   Batch number = 84
12/27/2021 00:00:41 - INFO - __main__ -   Batch number = 85
12/27/2021 00:00:41 - INFO - __main__ -   Batch number = 86
12/27/2021 00:00:41 - INFO - __main__ -   Batch number = 87
12/27/2021 00:00:42 - INFO - __main__ -   Batch number = 88
12/27/2021 00:00:42 - INFO - __main__ -   Batch number = 89
12/27/2021 00:00:42 - INFO - __main__ -   Batch number = 90
12/27/2021 00:00:42 - INFO - __main__ -   Batch number = 91
12/27/2021 00:00:42 - INFO - __main__ -   Batch number = 92
12/27/2021 00:00:42 - INFO - __main__ -   Batch number = 93
12/27/2021 00:00:42 - INFO - __main__ -   Batch number = 94
12/27/2021 00:00:43 - INFO - __main__ -   Batch number = 95
12/27/2021 00:00:43 - INFO - __main__ -   Batch number = 96
12/27/2021 00:00:43 - INFO - __main__ -   Batch number = 97
12/27/2021 00:00:43 - INFO - __main__ -   Batch number = 98
12/27/2021 00:00:43 - INFO - __main__ -   Batch number = 99
12/27/2021 00:00:43 - INFO - __main__ -   Batch number = 100
12/27/2021 00:00:43 - INFO - __main__ -   Batch number = 101
12/27/2021 00:00:44 - INFO - __main__ -   Batch number = 102
12/27/2021 00:00:44 - INFO - __main__ -   Batch number = 103
12/27/2021 00:00:44 - INFO - __main__ -   Batch number = 104
12/27/2021 00:00:44 - INFO - __main__ -   Batch number = 105
12/27/2021 00:00:44 - INFO - __main__ -   Batch number = 106
12/27/2021 00:00:44 - INFO - __main__ -   Batch number = 107
12/27/2021 00:00:44 - INFO - __main__ -   Batch number = 108
12/27/2021 00:00:45 - INFO - __main__ -   Batch number = 109
12/27/2021 00:00:45 - INFO - __main__ -   Batch number = 110
12/27/2021 00:00:45 - INFO - __main__ -   Batch number = 111
12/27/2021 00:00:45 - INFO - __main__ -   Batch number = 112
12/27/2021 00:00:45 - INFO - __main__ -   Batch number = 113
12/27/2021 00:00:45 - INFO - __main__ -   Batch number = 114
12/27/2021 00:00:45 - INFO - __main__ -   Batch number = 115
12/27/2021 00:00:46 - INFO - __main__ -   Batch number = 116
12/27/2021 00:00:46 - INFO - __main__ -   Batch number = 117
12/27/2021 00:00:46 - INFO - __main__ -   Batch number = 118
12/27/2021 00:00:46 - INFO - __main__ -   Batch number = 119
12/27/2021 00:00:46 - INFO - __main__ -   Batch number = 120
12/27/2021 00:00:46 - INFO - __main__ -   Batch number = 121
12/27/2021 00:00:46 - INFO - __main__ -   Batch number = 122
12/27/2021 00:00:47 - INFO - __main__ -   Batch number = 123
12/27/2021 00:00:47 - INFO - __main__ -   Batch number = 124
12/27/2021 00:00:47 - INFO - __main__ -   Batch number = 125
12/27/2021 00:00:47 - INFO - __main__ -   Batch number = 126
12/27/2021 00:00:47 - INFO - __main__ -   Batch number = 127
12/27/2021 00:00:47 - INFO - __main__ -   Batch number = 128
12/27/2021 00:00:47 - INFO - __main__ -   Batch number = 129
12/27/2021 00:00:48 - INFO - __main__ -   Batch number = 130
12/27/2021 00:00:48 - INFO - __main__ -   Batch number = 131
12/27/2021 00:00:48 - INFO - __main__ -   Batch number = 132
12/27/2021 00:00:48 - INFO - __main__ -   Batch number = 133
12/27/2021 00:00:48 - INFO - __main__ -   Batch number = 134
12/27/2021 00:00:48 - INFO - __main__ -   Batch number = 135
12/27/2021 00:00:48 - INFO - __main__ -   Batch number = 136
12/27/2021 00:00:49 - INFO - __main__ -   Batch number = 137
12/27/2021 00:00:49 - INFO - __main__ -   Batch number = 138
12/27/2021 00:00:49 - INFO - __main__ -   Batch number = 139
12/27/2021 00:00:49 - INFO - __main__ -   Batch number = 140
12/27/2021 00:00:49 - INFO - __main__ -   Batch number = 141
12/27/2021 00:00:49 - INFO - __main__ -   Batch number = 142
12/27/2021 00:00:49 - INFO - __main__ -   Batch number = 143
12/27/2021 00:00:50 - INFO - __main__ -   Batch number = 144
12/27/2021 00:00:50 - INFO - __main__ -   Batch number = 145
12/27/2021 00:00:50 - INFO - __main__ -   Batch number = 146
12/27/2021 00:00:50 - INFO - __main__ -   Batch number = 147
12/27/2021 00:00:50 - INFO - __main__ -   Batch number = 148
12/27/2021 00:00:50 - INFO - __main__ -   Batch number = 149
12/27/2021 00:00:51 - INFO - __main__ -   Batch number = 150
12/27/2021 00:00:51 - INFO - __main__ -   Batch number = 151
12/27/2021 00:00:51 - INFO - __main__ -   Batch number = 152
12/27/2021 00:00:51 - INFO - __main__ -   Batch number = 153
12/27/2021 00:00:51 - INFO - __main__ -   Batch number = 154
12/27/2021 00:00:51 - INFO - __main__ -   Batch number = 155
12/27/2021 00:00:51 - INFO - __main__ -   Batch number = 156
12/27/2021 00:00:52 - INFO - __main__ -   Batch number = 157
12/27/2021 00:00:52 - INFO - __main__ -   Batch number = 158
12/27/2021 00:00:52 - INFO - __main__ -   Batch number = 159
12/27/2021 00:00:52 - INFO - __main__ -   Batch number = 160
12/27/2021 00:00:52 - INFO - __main__ -   Batch number = 161
12/27/2021 00:00:52 - INFO - __main__ -   Batch number = 162
12/27/2021 00:00:52 - INFO - __main__ -   Batch number = 163
12/27/2021 00:00:53 - INFO - __main__ -   Batch number = 164
12/27/2021 00:00:53 - INFO - __main__ -   Batch number = 165
12/27/2021 00:00:53 - INFO - __main__ -   Batch number = 166
12/27/2021 00:00:53 - INFO - __main__ -   Batch number = 167
12/27/2021 00:00:53 - INFO - __main__ -   Batch number = 168
12/27/2021 00:00:53 - INFO - __main__ -   Batch number = 169
12/27/2021 00:00:53 - INFO - __main__ -   Batch number = 170
12/27/2021 00:00:54 - INFO - __main__ -   Batch number = 171
12/27/2021 00:00:54 - INFO - __main__ -   Batch number = 172
12/27/2021 00:00:54 - INFO - __main__ -   Batch number = 173
12/27/2021 00:00:54 - INFO - __main__ -   Batch number = 174
12/27/2021 00:00:54 - INFO - __main__ -   Batch number = 175
12/27/2021 00:00:54 - INFO - __main__ -   Batch number = 176
12/27/2021 00:00:55 - INFO - __main__ -   Batch number = 177
12/27/2021 00:00:55 - INFO - __main__ -   Batch number = 178
12/27/2021 00:00:55 - INFO - __main__ -   Batch number = 179
12/27/2021 00:00:55 - INFO - __main__ -   Batch number = 180
12/27/2021 00:00:55 - INFO - __main__ -   Batch number = 181
12/27/2021 00:00:55 - INFO - __main__ -   Batch number = 182
12/27/2021 00:00:56 - INFO - __main__ -   Batch number = 183
12/27/2021 00:00:56 - INFO - __main__ -   Batch number = 184
12/27/2021 00:00:56 - INFO - __main__ -   Batch number = 185
12/27/2021 00:00:56 - INFO - __main__ -   Batch number = 186
12/27/2021 00:00:56 - INFO - __main__ -   Batch number = 187
12/27/2021 00:00:56 - INFO - __main__ -   Batch number = 188
12/27/2021 00:00:56 - INFO - __main__ -   Batch number = 189
12/27/2021 00:00:57 - INFO - __main__ -   Batch number = 190
12/27/2021 00:00:57 - INFO - __main__ -   Batch number = 191
12/27/2021 00:00:57 - INFO - __main__ -   Batch number = 192
12/27/2021 00:00:57 - INFO - __main__ -   Batch number = 193
12/27/2021 00:00:57 - INFO - __main__ -   Batch number = 194
12/27/2021 00:00:57 - INFO - __main__ -   Batch number = 195
12/27/2021 00:00:58 - INFO - __main__ -   Batch number = 196
12/27/2021 00:00:58 - INFO - __main__ -   Batch number = 197
12/27/2021 00:00:58 - INFO - __main__ -   Batch number = 198
12/27/2021 00:00:58 - INFO - __main__ -   Batch number = 199
12/27/2021 00:00:58 - INFO - __main__ -   Batch number = 200
12/27/2021 00:00:58 - INFO - __main__ -   Batch number = 201
12/27/2021 00:00:58 - INFO - __main__ -   Batch number = 202
12/27/2021 00:00:59 - INFO - __main__ -   Batch number = 203
12/27/2021 00:00:59 - INFO - __main__ -   Batch number = 204
12/27/2021 00:00:59 - INFO - __main__ -   Batch number = 205
12/27/2021 00:00:59 - INFO - __main__ -   Batch number = 206
12/27/2021 00:00:59 - INFO - __main__ -   Batch number = 207
12/27/2021 00:00:59 - INFO - __main__ -   Batch number = 208
12/27/2021 00:00:59 - INFO - __main__ -   Batch number = 209
12/27/2021 00:01:00 - INFO - __main__ -   Batch number = 210
12/27/2021 00:01:00 - INFO - __main__ -   Batch number = 211
12/27/2021 00:01:00 - INFO - __main__ -   Batch number = 212
12/27/2021 00:01:00 - INFO - __main__ -   Batch number = 213
12/27/2021 00:01:00 - INFO - __main__ -   Batch number = 214
12/27/2021 00:01:01 - INFO - __main__ -   Batch number = 215
12/27/2021 00:01:01 - INFO - __main__ -   Batch number = 216
12/27/2021 00:01:01 - INFO - __main__ -   Batch number = 217
12/27/2021 00:01:01 - INFO - __main__ -   Batch number = 218
12/27/2021 00:01:01 - INFO - __main__ -   Batch number = 219
12/27/2021 00:01:01 - INFO - __main__ -   Batch number = 220
12/27/2021 00:01:01 - INFO - __main__ -   Batch number = 221
12/27/2021 00:01:02 - INFO - __main__ -   Batch number = 222
12/27/2021 00:01:02 - INFO - __main__ -   Batch number = 223
12/27/2021 00:01:02 - INFO - __main__ -   Batch number = 224
12/27/2021 00:01:02 - INFO - __main__ -   Batch number = 225
12/27/2021 00:01:02 - INFO - __main__ -   Batch number = 226
12/27/2021 00:01:02 - INFO - __main__ -   Batch number = 227
12/27/2021 00:01:03 - INFO - __main__ -   Batch number = 228
12/27/2021 00:01:03 - INFO - __main__ -   Batch number = 229
12/27/2021 00:01:03 - INFO - __main__ -   Batch number = 230
12/27/2021 00:01:03 - INFO - __main__ -   Batch number = 231
12/27/2021 00:01:03 - INFO - __main__ -   Batch number = 232
12/27/2021 00:01:03 - INFO - __main__ -   Batch number = 233
12/27/2021 00:01:03 - INFO - __main__ -   Batch number = 234
12/27/2021 00:01:04 - INFO - __main__ -   Batch number = 235
12/27/2021 00:01:04 - INFO - __main__ -   Batch number = 236
12/27/2021 00:01:04 - INFO - __main__ -   Batch number = 237
12/27/2021 00:01:04 - INFO - __main__ -   Batch number = 238
12/27/2021 00:01:04 - INFO - __main__ -   Batch number = 239
12/27/2021 00:01:04 - INFO - __main__ -   Batch number = 240
12/27/2021 00:01:04 - INFO - __main__ -   Batch number = 241
12/27/2021 00:01:05 - INFO - __main__ -   Batch number = 242
12/27/2021 00:01:05 - INFO - __main__ -   Batch number = 243
12/27/2021 00:01:05 - INFO - __main__ -   Batch number = 244
12/27/2021 00:01:05 - INFO - __main__ -   Batch number = 245
12/27/2021 00:01:05 - INFO - __main__ -   Batch number = 246
12/27/2021 00:01:06 - INFO - __main__ -   Batch number = 247
12/27/2021 00:01:06 - INFO - __main__ -   Batch number = 248
12/27/2021 00:01:06 - INFO - __main__ -   Batch number = 249
12/27/2021 00:01:06 - INFO - __main__ -   Batch number = 250
12/27/2021 00:01:06 - INFO - __main__ -   Batch number = 251
12/27/2021 00:01:06 - INFO - __main__ -   Batch number = 252
12/27/2021 00:01:07 - INFO - __main__ -   Batch number = 253
12/27/2021 00:01:07 - INFO - __main__ -   Batch number = 254
12/27/2021 00:01:07 - INFO - __main__ -   Batch number = 255
12/27/2021 00:01:07 - INFO - __main__ -   Batch number = 256
12/27/2021 00:01:07 - INFO - __main__ -   Batch number = 257
12/27/2021 00:01:07 - INFO - __main__ -   Batch number = 258
12/27/2021 00:01:08 - INFO - __main__ -   Batch number = 259
12/27/2021 00:01:08 - INFO - __main__ -   Batch number = 260
12/27/2021 00:01:08 - INFO - __main__ -   Batch number = 261
12/27/2021 00:01:08 - INFO - __main__ -   Batch number = 262
12/27/2021 00:01:08 - INFO - __main__ -   Batch number = 263
12/27/2021 00:01:08 - INFO - __main__ -   Batch number = 264
12/27/2021 00:01:08 - INFO - __main__ -   Batch number = 265
12/27/2021 00:01:09 - INFO - __main__ -   Batch number = 266
12/27/2021 00:01:09 - INFO - __main__ -   Batch number = 267
12/27/2021 00:01:09 - INFO - __main__ -   Batch number = 268
12/27/2021 00:01:09 - INFO - __main__ -   Batch number = 269
12/27/2021 00:01:09 - INFO - __main__ -   Batch number = 270
12/27/2021 00:01:09 - INFO - __main__ -   Batch number = 271
12/27/2021 00:01:10 - INFO - __main__ -   Batch number = 272
12/27/2021 00:01:10 - INFO - __main__ -   Batch number = 273
12/27/2021 00:01:10 - INFO - __main__ -   Batch number = 274
12/27/2021 00:01:10 - INFO - __main__ -   Batch number = 275
12/27/2021 00:01:10 - INFO - __main__ -   Batch number = 276
12/27/2021 00:01:10 - INFO - __main__ -   Batch number = 277
12/27/2021 00:01:10 - INFO - __main__ -   Batch number = 278
12/27/2021 00:01:11 - INFO - __main__ -   Batch number = 279
12/27/2021 00:01:11 - INFO - __main__ -   Batch number = 280
12/27/2021 00:01:11 - INFO - __main__ -   Batch number = 281
12/27/2021 00:01:11 - INFO - __main__ -   Batch number = 282
12/27/2021 00:01:11 - INFO - __main__ -   Batch number = 283
12/27/2021 00:01:11 - INFO - __main__ -   Batch number = 284
12/27/2021 00:01:12 - INFO - __main__ -   Batch number = 285
12/27/2021 00:01:12 - INFO - __main__ -   Batch number = 286
12/27/2021 00:01:12 - INFO - __main__ -   Batch number = 287
12/27/2021 00:01:12 - INFO - __main__ -   Batch number = 288
12/27/2021 00:01:12 - INFO - __main__ -   Batch number = 289
12/27/2021 00:01:12 - INFO - __main__ -   Batch number = 290
12/27/2021 00:01:12 - INFO - __main__ -   Batch number = 291
12/27/2021 00:01:13 - INFO - __main__ -   Batch number = 292
12/27/2021 00:01:13 - INFO - __main__ -   Batch number = 293
12/27/2021 00:01:13 - INFO - __main__ -   Batch number = 294
12/27/2021 00:01:13 - INFO - __main__ -   Batch number = 295
12/27/2021 00:01:13 - INFO - __main__ -   Batch number = 296
12/27/2021 00:01:13 - INFO - __main__ -   Batch number = 297
12/27/2021 00:01:14 - INFO - __main__ -   Batch number = 298
12/27/2021 00:01:14 - INFO - __main__ -   Batch number = 299
12/27/2021 00:01:14 - INFO - __main__ -   Batch number = 300
12/27/2021 00:01:14 - INFO - __main__ -   Batch number = 301
12/27/2021 00:01:14 - INFO - __main__ -   Batch number = 302
12/27/2021 00:01:14 - INFO - __main__ -   Batch number = 303
12/27/2021 00:01:14 - INFO - __main__ -   Batch number = 304
12/27/2021 00:01:15 - INFO - __main__ -   Batch number = 305
12/27/2021 00:01:15 - INFO - __main__ -   Batch number = 306
12/27/2021 00:01:15 - INFO - __main__ -   Batch number = 307
12/27/2021 00:01:15 - INFO - __main__ -   Batch number = 308
12/27/2021 00:01:15 - INFO - __main__ -   Batch number = 309
12/27/2021 00:01:15 - INFO - __main__ -   Batch number = 310
12/27/2021 00:01:16 - INFO - __main__ -   Batch number = 311
12/27/2021 00:01:16 - INFO - __main__ -   Batch number = 312
12/27/2021 00:01:16 - INFO - __main__ -   Batch number = 313
12/27/2021 00:01:16 - INFO - __main__ -   Batch number = 314
12/27/2021 00:01:16 - INFO - __main__ -   Batch number = 315
12/27/2021 00:01:16 - INFO - __main__ -   Batch number = 316
12/27/2021 00:01:17 - INFO - __main__ -   Batch number = 317
12/27/2021 00:01:17 - INFO - __main__ -   Batch number = 318
12/27/2021 00:01:17 - INFO - __main__ -   Batch number = 319
12/27/2021 00:01:17 - INFO - __main__ -   Batch number = 320
12/27/2021 00:01:17 - INFO - __main__ -   Batch number = 321
12/27/2021 00:01:17 - INFO - __main__ -   Batch number = 322
12/27/2021 00:01:18 - INFO - __main__ -   Batch number = 323
12/27/2021 00:01:18 - INFO - __main__ -   Batch number = 324
12/27/2021 00:01:18 - INFO - __main__ -   Batch number = 325
12/27/2021 00:01:18 - INFO - __main__ -   Batch number = 326
12/27/2021 00:01:18 - INFO - __main__ -   Batch number = 327
12/27/2021 00:01:18 - INFO - __main__ -   Batch number = 328
12/27/2021 00:01:19 - INFO - __main__ -   Batch number = 329
12/27/2021 00:01:19 - INFO - __main__ -   Batch number = 330
12/27/2021 00:01:19 - INFO - __main__ -   Batch number = 331
12/27/2021 00:01:19 - INFO - __main__ -   Batch number = 332
12/27/2021 00:01:22 - INFO - __main__ -   ***** Evaluation result  in ja *****
12/27/2021 00:01:22 - INFO - __main__ -     f1 = 0.18341013824884791
12/27/2021 00:01:22 - INFO - __main__ -     loss = 2.990072021642363
12/27/2021 00:01:22 - INFO - __main__ -     precision = 0.13242703679056944
12/27/2021 00:01:22 - INFO - __main__ -     recall = 0.2982230785698994
12/27/2021 00:01:25 - INFO - root -   Input args: ModelArguments(model_name_or_path='bert-base-multilingual-cased', model_type='bert', config_name=None, tokenizer_name=None, cache_dir=None, labels='/home/abhijeet/rohan/cloud-emea/data//panx/panx_processed_maxlen128//labels.txt', data_dir='/home/abhijeet/rohan/cloud-emea/data//panx/panx_processed_maxlen128/', output_dir='/home/abhijeet/rohan/cloud-emea/outputs//panx/my-bert-base-multilingual-cased-MaxLen128_ner_ja/', max_seq_length=128, do_train=False, do_eval=False, do_predict=True, do_adapter_predict=False, do_predict_dev=False, do_predict_train=False, init_checkpoint=None, evaluate_during_training=False, do_lower_case=False, few_shot=-1, per_gpu_train_batch_size=8, per_gpu_eval_batch_size=32, gradient_accumulation_steps=4, learning_rate=5e-05, weight_decay=0.0, adam_epsilon=1e-08, max_grad_norm=1.0, num_train_epochs=100.0, max_steps=-1, save_steps=1000, warmup_steps=0, logging_steps=50, save_only_best_checkpoint=True, eval_all_checkpoints=True, no_cuda=False, overwrite_output_dir=True, overwrite_cache=False, seed=3, fp16=False, fp16_opt_level='O1', local_rank=-1, server_ip='', server_port='', predict_langs='ja', train_langs='en', log_file='/home/abhijeet/rohan/cloud-emea/outputs//panx/my-bert-base-multilingual-cased-MaxLen128_ner_ja//train.log', eval_patience=-1, bpe_dropout=0, do_save_adapter_fusions=False, task_name='ner', predict_task_adapter='output/panx/my-bert-base-multilingual-cased-LR1e-4-epoch100-MaxLen128-TrainLangen_en_s3/checkpoint-best/ner/', predict_lang_adapter=None, test_adapter=True, adapter_weight=None, lang_to_vec=None, calc_weight_step=0, predict_save_prefix='', en_weight=None, temperature=1.0, get_attr=False, topk=1, task='udpos')
12/27/2021 00:01:25 - WARNING - __main__ -   Process rank: -1, device: cuda, n_gpu: 1, distributed training: False, 16-bits training: False
12/27/2021 00:01:25 - INFO - __main__ -   Seed = 3
12/27/2021 00:01:25 - INFO - root -   save model
12/27/2021 00:01:25 - INFO - __main__ -   Training/evaluation parameters ModelArguments(model_name_or_path='bert-base-multilingual-cased', model_type='bert', config_name=None, tokenizer_name=None, cache_dir=None, labels='/home/abhijeet/rohan/cloud-emea/data//panx/panx_processed_maxlen128//labels.txt', data_dir='/home/abhijeet/rohan/cloud-emea/data//panx/panx_processed_maxlen128/', output_dir='/home/abhijeet/rohan/cloud-emea/outputs//panx/my-bert-base-multilingual-cased-MaxLen128_ner_ja/', max_seq_length=128, do_train=False, do_eval=False, do_predict=True, do_adapter_predict=False, do_predict_dev=False, do_predict_train=False, init_checkpoint=None, evaluate_during_training=False, do_lower_case=False, few_shot=-1, per_gpu_train_batch_size=8, per_gpu_eval_batch_size=32, gradient_accumulation_steps=4, learning_rate=5e-05, weight_decay=0.0, adam_epsilon=1e-08, max_grad_norm=1.0, num_train_epochs=100.0, max_steps=-1, save_steps=1000, warmup_steps=0, logging_steps=50, save_only_best_checkpoint=True, eval_all_checkpoints=True, no_cuda=False, overwrite_output_dir=True, overwrite_cache=False, seed=3, fp16=False, fp16_opt_level='O1', local_rank=-1, server_ip='', server_port='', predict_langs='ja', train_langs='en', log_file='/home/abhijeet/rohan/cloud-emea/outputs//panx/my-bert-base-multilingual-cased-MaxLen128_ner_ja//train.log', eval_patience=-1, bpe_dropout=0, do_save_adapter_fusions=False, task_name='ner', predict_task_adapter='output/panx/my-bert-base-multilingual-cased-LR1e-4-epoch100-MaxLen128-TrainLangen_en_s3/checkpoint-best/ner/', predict_lang_adapter=None, test_adapter=True, adapter_weight=None, lang_to_vec=None, calc_weight_step=0, predict_save_prefix='', en_weight=None, temperature=1.0, get_attr=False, topk=1, task='udpos')
12/27/2021 00:01:25 - INFO - __main__ -   Loading pretrained model and tokenizer
12/27/2021 00:01:29 - INFO - __main__ -   loading from existing model bert-base-multilingual-cased
12/27/2021 00:01:36 - INFO - __main__ -   Using lang2id = None
12/27/2021 00:01:36 - INFO - __main__ -   Evaluating the model on test set of all the languages specified
12/27/2021 00:01:36 - INFO - __main__ -   Task Adapter will be loaded from this path output/panx/my-bert-base-multilingual-cased-LR1e-4-epoch100-MaxLen128-TrainLangen_en_s3/checkpoint-best/ner/
12/27/2021 00:01:36 - INFO - root -   Trying to decide if add adapter
12/27/2021 00:01:36 - INFO - root -   loading task adapter
12/27/2021 00:01:36 - INFO - root -   loading lang adpater ja/wiki@ukp
12/27/2021 00:01:36 - INFO - __main__ -   Adapter Languages : ['ja'], Length : 1
12/27/2021 00:01:36 - INFO - __main__ -   Adapter Names ['ja/wiki@ukp'], Length : 1
12/27/2021 00:01:36 - INFO - __main__ -   Language = ja
12/27/2021 00:01:36 - INFO - __main__ -   Adapter Name = ja/wiki@ukp
12/27/2021 00:01:41 - INFO - __main__ -   Language adapter for ja found
12/27/2021 00:01:41 - INFO - __main__ -   Set active language adapter to ja
12/27/2021 00:01:41 - INFO - __main__ -   Args Adapter Weight = None
12/27/2021 00:01:41 - INFO - __main__ -   Adapter Languages = ['ja']
12/27/2021 00:01:41 - INFO - __main__ -   Loading features from cached file /home/abhijeet/rohan/cloud-emea/data//panx/panx_processed_maxlen128/cached_test_ja_bert-base-multilingual-cased_128
12/27/2021 00:01:42 - INFO - __main__ -   ***** Running evaluation  in ja *****
12/27/2021 00:01:42 - INFO - __main__ -     Num examples = 10612
12/27/2021 00:01:42 - INFO - __main__ -     Batch size = 32
12/27/2021 00:01:42 - INFO - __main__ -   Batch number = 1
12/27/2021 00:01:42 - INFO - __main__ -   Batch number = 2
12/27/2021 00:01:43 - INFO - __main__ -   Batch number = 3
12/27/2021 00:01:43 - INFO - __main__ -   Batch number = 4
12/27/2021 00:01:43 - INFO - __main__ -   Batch number = 5
12/27/2021 00:01:43 - INFO - __main__ -   Batch number = 6
12/27/2021 00:01:43 - INFO - __main__ -   Batch number = 7
12/27/2021 00:01:43 - INFO - __main__ -   Batch number = 8
12/27/2021 00:01:43 - INFO - __main__ -   Batch number = 9
12/27/2021 00:01:44 - INFO - __main__ -   Batch number = 10
12/27/2021 00:01:44 - INFO - __main__ -   Batch number = 11
12/27/2021 00:01:44 - INFO - __main__ -   Batch number = 12
12/27/2021 00:01:44 - INFO - __main__ -   Batch number = 13
12/27/2021 00:01:44 - INFO - __main__ -   Batch number = 14
12/27/2021 00:01:44 - INFO - __main__ -   Batch number = 15
12/27/2021 00:01:44 - INFO - __main__ -   Batch number = 16
12/27/2021 00:01:45 - INFO - __main__ -   Batch number = 17
12/27/2021 00:01:45 - INFO - __main__ -   Batch number = 18
12/27/2021 00:01:45 - INFO - __main__ -   Batch number = 19
12/27/2021 00:01:45 - INFO - __main__ -   Batch number = 20
12/27/2021 00:01:45 - INFO - __main__ -   Batch number = 21
12/27/2021 00:01:45 - INFO - __main__ -   Batch number = 22
12/27/2021 00:01:45 - INFO - __main__ -   Batch number = 23
12/27/2021 00:01:46 - INFO - __main__ -   Batch number = 24
12/27/2021 00:01:46 - INFO - __main__ -   Batch number = 25
12/27/2021 00:01:46 - INFO - __main__ -   Batch number = 26
12/27/2021 00:01:46 - INFO - __main__ -   Batch number = 27
12/27/2021 00:01:46 - INFO - __main__ -   Batch number = 28
12/27/2021 00:01:46 - INFO - __main__ -   Batch number = 29
12/27/2021 00:01:46 - INFO - __main__ -   Batch number = 30
12/27/2021 00:01:47 - INFO - __main__ -   Batch number = 31
12/27/2021 00:01:47 - INFO - __main__ -   Batch number = 32
12/27/2021 00:01:47 - INFO - __main__ -   Batch number = 33
12/27/2021 00:01:47 - INFO - __main__ -   Batch number = 34
12/27/2021 00:01:47 - INFO - __main__ -   Batch number = 35
12/27/2021 00:01:47 - INFO - __main__ -   Batch number = 36
12/27/2021 00:01:47 - INFO - __main__ -   Batch number = 37
12/27/2021 00:01:48 - INFO - __main__ -   Batch number = 38
12/27/2021 00:01:48 - INFO - __main__ -   Batch number = 39
12/27/2021 00:01:48 - INFO - __main__ -   Batch number = 40
12/27/2021 00:01:48 - INFO - __main__ -   Batch number = 41
12/27/2021 00:01:48 - INFO - __main__ -   Batch number = 42
12/27/2021 00:01:48 - INFO - __main__ -   Batch number = 43
12/27/2021 00:01:48 - INFO - __main__ -   Batch number = 44
12/27/2021 00:01:49 - INFO - __main__ -   Batch number = 45
12/27/2021 00:01:49 - INFO - __main__ -   Batch number = 46
12/27/2021 00:01:49 - INFO - __main__ -   Batch number = 47
12/27/2021 00:01:49 - INFO - __main__ -   Batch number = 48
12/27/2021 00:01:49 - INFO - __main__ -   Batch number = 49
12/27/2021 00:01:49 - INFO - __main__ -   Batch number = 50
12/27/2021 00:01:49 - INFO - __main__ -   Batch number = 51
12/27/2021 00:01:50 - INFO - __main__ -   Batch number = 52
12/27/2021 00:01:50 - INFO - __main__ -   Batch number = 53
12/27/2021 00:01:50 - INFO - __main__ -   Batch number = 54
12/27/2021 00:01:50 - INFO - __main__ -   Batch number = 55
12/27/2021 00:01:50 - INFO - __main__ -   Batch number = 56
12/27/2021 00:01:50 - INFO - __main__ -   Batch number = 57
12/27/2021 00:01:50 - INFO - __main__ -   Batch number = 58
12/27/2021 00:01:51 - INFO - __main__ -   Batch number = 59
12/27/2021 00:01:51 - INFO - __main__ -   Batch number = 60
12/27/2021 00:01:51 - INFO - __main__ -   Batch number = 61
12/27/2021 00:01:51 - INFO - __main__ -   Batch number = 62
12/27/2021 00:01:51 - INFO - __main__ -   Batch number = 63
12/27/2021 00:01:51 - INFO - __main__ -   Batch number = 64
12/27/2021 00:01:51 - INFO - __main__ -   Batch number = 65
12/27/2021 00:01:52 - INFO - __main__ -   Batch number = 66
12/27/2021 00:01:52 - INFO - __main__ -   Batch number = 67
12/27/2021 00:01:52 - INFO - __main__ -   Batch number = 68
12/27/2021 00:01:52 - INFO - __main__ -   Batch number = 69
12/27/2021 00:01:52 - INFO - __main__ -   Batch number = 70
12/27/2021 00:01:52 - INFO - __main__ -   Batch number = 71
12/27/2021 00:01:52 - INFO - __main__ -   Batch number = 72
12/27/2021 00:01:53 - INFO - __main__ -   Batch number = 73
12/27/2021 00:01:53 - INFO - __main__ -   Batch number = 74
12/27/2021 00:01:53 - INFO - __main__ -   Batch number = 75
12/27/2021 00:01:53 - INFO - __main__ -   Batch number = 76
12/27/2021 00:01:53 - INFO - __main__ -   Batch number = 77
12/27/2021 00:01:53 - INFO - __main__ -   Batch number = 78
12/27/2021 00:01:53 - INFO - __main__ -   Batch number = 79
12/27/2021 00:01:54 - INFO - __main__ -   Batch number = 80
12/27/2021 00:01:54 - INFO - __main__ -   Batch number = 81
12/27/2021 00:01:54 - INFO - __main__ -   Batch number = 82
12/27/2021 00:01:54 - INFO - __main__ -   Batch number = 83
12/27/2021 00:01:54 - INFO - __main__ -   Batch number = 84
12/27/2021 00:01:54 - INFO - __main__ -   Batch number = 85
12/27/2021 00:01:54 - INFO - __main__ -   Batch number = 86
12/27/2021 00:01:55 - INFO - __main__ -   Batch number = 87
12/27/2021 00:01:55 - INFO - __main__ -   Batch number = 88
12/27/2021 00:01:55 - INFO - __main__ -   Batch number = 89
12/27/2021 00:01:55 - INFO - __main__ -   Batch number = 90
12/27/2021 00:01:55 - INFO - __main__ -   Batch number = 91
12/27/2021 00:01:55 - INFO - __main__ -   Batch number = 92
12/27/2021 00:01:55 - INFO - __main__ -   Batch number = 93
12/27/2021 00:01:56 - INFO - __main__ -   Batch number = 94
12/27/2021 00:01:56 - INFO - __main__ -   Batch number = 95
12/27/2021 00:01:56 - INFO - __main__ -   Batch number = 96
12/27/2021 00:01:56 - INFO - __main__ -   Batch number = 97
12/27/2021 00:01:56 - INFO - __main__ -   Batch number = 98
12/27/2021 00:01:56 - INFO - __main__ -   Batch number = 99
12/27/2021 00:01:56 - INFO - __main__ -   Batch number = 100
12/27/2021 00:01:57 - INFO - __main__ -   Batch number = 101
12/27/2021 00:01:57 - INFO - __main__ -   Batch number = 102
12/27/2021 00:01:57 - INFO - __main__ -   Batch number = 103
12/27/2021 00:01:57 - INFO - __main__ -   Batch number = 104
12/27/2021 00:01:57 - INFO - __main__ -   Batch number = 105
12/27/2021 00:01:57 - INFO - __main__ -   Batch number = 106
12/27/2021 00:01:57 - INFO - __main__ -   Batch number = 107
12/27/2021 00:01:58 - INFO - __main__ -   Batch number = 108
12/27/2021 00:01:58 - INFO - __main__ -   Batch number = 109
12/27/2021 00:01:58 - INFO - __main__ -   Batch number = 110
12/27/2021 00:01:58 - INFO - __main__ -   Batch number = 111
12/27/2021 00:01:58 - INFO - __main__ -   Batch number = 112
12/27/2021 00:01:58 - INFO - __main__ -   Batch number = 113
12/27/2021 00:01:58 - INFO - __main__ -   Batch number = 114
12/27/2021 00:01:59 - INFO - __main__ -   Batch number = 115
12/27/2021 00:01:59 - INFO - __main__ -   Batch number = 116
12/27/2021 00:01:59 - INFO - __main__ -   Batch number = 117
12/27/2021 00:01:59 - INFO - __main__ -   Batch number = 118
12/27/2021 00:01:59 - INFO - __main__ -   Batch number = 119
12/27/2021 00:01:59 - INFO - __main__ -   Batch number = 120
12/27/2021 00:01:59 - INFO - __main__ -   Batch number = 121
12/27/2021 00:02:00 - INFO - __main__ -   Batch number = 122
12/27/2021 00:02:00 - INFO - __main__ -   Batch number = 123
12/27/2021 00:02:00 - INFO - __main__ -   Batch number = 124
12/27/2021 00:02:00 - INFO - __main__ -   Batch number = 125
12/27/2021 00:02:00 - INFO - __main__ -   Batch number = 126
12/27/2021 00:02:00 - INFO - __main__ -   Batch number = 127
12/27/2021 00:02:00 - INFO - __main__ -   Batch number = 128
12/27/2021 00:02:01 - INFO - __main__ -   Batch number = 129
12/27/2021 00:02:01 - INFO - __main__ -   Batch number = 130
12/27/2021 00:02:01 - INFO - __main__ -   Batch number = 131
12/27/2021 00:02:01 - INFO - __main__ -   Batch number = 132
12/27/2021 00:02:01 - INFO - __main__ -   Batch number = 133
12/27/2021 00:02:01 - INFO - __main__ -   Batch number = 134
12/27/2021 00:02:01 - INFO - __main__ -   Batch number = 135
12/27/2021 00:02:02 - INFO - __main__ -   Batch number = 136
12/27/2021 00:02:02 - INFO - __main__ -   Batch number = 137
12/27/2021 00:02:02 - INFO - __main__ -   Batch number = 138
12/27/2021 00:02:02 - INFO - __main__ -   Batch number = 139
12/27/2021 00:02:02 - INFO - __main__ -   Batch number = 140
12/27/2021 00:02:02 - INFO - __main__ -   Batch number = 141
12/27/2021 00:02:03 - INFO - __main__ -   Batch number = 142
12/27/2021 00:02:03 - INFO - __main__ -   Batch number = 143
12/27/2021 00:02:03 - INFO - __main__ -   Batch number = 144
12/27/2021 00:02:03 - INFO - __main__ -   Batch number = 145
12/27/2021 00:02:03 - INFO - __main__ -   Batch number = 146
12/27/2021 00:02:03 - INFO - __main__ -   Batch number = 147
12/27/2021 00:02:03 - INFO - __main__ -   Batch number = 148
12/27/2021 00:02:04 - INFO - __main__ -   Batch number = 149
12/27/2021 00:02:04 - INFO - __main__ -   Batch number = 150
12/27/2021 00:02:04 - INFO - __main__ -   Batch number = 151
12/27/2021 00:02:04 - INFO - __main__ -   Batch number = 152
12/27/2021 00:02:04 - INFO - __main__ -   Batch number = 153
12/27/2021 00:02:04 - INFO - __main__ -   Batch number = 154
12/27/2021 00:02:04 - INFO - __main__ -   Batch number = 155
12/27/2021 00:02:05 - INFO - __main__ -   Batch number = 156
12/27/2021 00:02:05 - INFO - __main__ -   Batch number = 157
12/27/2021 00:02:05 - INFO - __main__ -   Batch number = 158
12/27/2021 00:02:05 - INFO - __main__ -   Batch number = 159
12/27/2021 00:02:05 - INFO - __main__ -   Batch number = 160
12/27/2021 00:02:05 - INFO - __main__ -   Batch number = 161
12/27/2021 00:02:05 - INFO - __main__ -   Batch number = 162
12/27/2021 00:02:06 - INFO - __main__ -   Batch number = 163
12/27/2021 00:02:06 - INFO - __main__ -   Batch number = 164
12/27/2021 00:02:06 - INFO - __main__ -   Batch number = 165
12/27/2021 00:02:06 - INFO - __main__ -   Batch number = 166
12/27/2021 00:02:06 - INFO - __main__ -   Batch number = 167
12/27/2021 00:02:06 - INFO - __main__ -   Batch number = 168
12/27/2021 00:02:07 - INFO - __main__ -   Batch number = 169
12/27/2021 00:02:07 - INFO - __main__ -   Batch number = 170
12/27/2021 00:02:07 - INFO - __main__ -   Batch number = 171
12/27/2021 00:02:07 - INFO - __main__ -   Batch number = 172
12/27/2021 00:02:07 - INFO - __main__ -   Batch number = 173
12/27/2021 00:02:07 - INFO - __main__ -   Batch number = 174
12/27/2021 00:02:07 - INFO - __main__ -   Batch number = 175
12/27/2021 00:02:08 - INFO - __main__ -   Batch number = 176
12/27/2021 00:02:08 - INFO - __main__ -   Batch number = 177
12/27/2021 00:02:08 - INFO - __main__ -   Batch number = 178
12/27/2021 00:02:08 - INFO - __main__ -   Batch number = 179
12/27/2021 00:02:08 - INFO - __main__ -   Batch number = 180
12/27/2021 00:02:08 - INFO - __main__ -   Batch number = 181
12/27/2021 00:02:08 - INFO - __main__ -   Batch number = 182
12/27/2021 00:02:09 - INFO - __main__ -   Batch number = 183
12/27/2021 00:02:09 - INFO - __main__ -   Batch number = 184
12/27/2021 00:02:09 - INFO - __main__ -   Batch number = 185
12/27/2021 00:02:09 - INFO - __main__ -   Batch number = 186
12/27/2021 00:02:09 - INFO - __main__ -   Batch number = 187
12/27/2021 00:02:09 - INFO - __main__ -   Batch number = 188
12/27/2021 00:02:10 - INFO - __main__ -   Batch number = 189
12/27/2021 00:02:10 - INFO - __main__ -   Batch number = 190
12/27/2021 00:02:10 - INFO - __main__ -   Batch number = 191
12/27/2021 00:02:10 - INFO - __main__ -   Batch number = 192
12/27/2021 00:02:10 - INFO - __main__ -   Batch number = 193
12/27/2021 00:02:10 - INFO - __main__ -   Batch number = 194
12/27/2021 00:02:11 - INFO - __main__ -   Batch number = 195
12/27/2021 00:02:11 - INFO - __main__ -   Batch number = 196
12/27/2021 00:02:11 - INFO - __main__ -   Batch number = 197
12/27/2021 00:02:11 - INFO - __main__ -   Batch number = 198
12/27/2021 00:02:11 - INFO - __main__ -   Batch number = 199
12/27/2021 00:02:11 - INFO - __main__ -   Batch number = 200
12/27/2021 00:02:11 - INFO - __main__ -   Batch number = 201
12/27/2021 00:02:12 - INFO - __main__ -   Batch number = 202
12/27/2021 00:02:12 - INFO - __main__ -   Batch number = 203
12/27/2021 00:02:12 - INFO - __main__ -   Batch number = 204
12/27/2021 00:02:12 - INFO - __main__ -   Batch number = 205
12/27/2021 00:02:12 - INFO - __main__ -   Batch number = 206
12/27/2021 00:02:12 - INFO - __main__ -   Batch number = 207
12/27/2021 00:02:12 - INFO - __main__ -   Batch number = 208
12/27/2021 00:02:13 - INFO - __main__ -   Batch number = 209
12/27/2021 00:02:13 - INFO - __main__ -   Batch number = 210
12/27/2021 00:02:13 - INFO - __main__ -   Batch number = 211
12/27/2021 00:02:13 - INFO - __main__ -   Batch number = 212
12/27/2021 00:02:13 - INFO - __main__ -   Batch number = 213
12/27/2021 00:02:13 - INFO - __main__ -   Batch number = 214
12/27/2021 00:02:14 - INFO - __main__ -   Batch number = 215
12/27/2021 00:02:14 - INFO - __main__ -   Batch number = 216
12/27/2021 00:02:14 - INFO - __main__ -   Batch number = 217
12/27/2021 00:02:14 - INFO - __main__ -   Batch number = 218
12/27/2021 00:02:14 - INFO - __main__ -   Batch number = 219
12/27/2021 00:02:14 - INFO - __main__ -   Batch number = 220
12/27/2021 00:02:14 - INFO - __main__ -   Batch number = 221
12/27/2021 00:02:15 - INFO - __main__ -   Batch number = 222
12/27/2021 00:02:15 - INFO - __main__ -   Batch number = 223
12/27/2021 00:02:15 - INFO - __main__ -   Batch number = 224
12/27/2021 00:02:15 - INFO - __main__ -   Batch number = 225
12/27/2021 00:02:15 - INFO - __main__ -   Batch number = 226
12/27/2021 00:02:15 - INFO - __main__ -   Batch number = 227
12/27/2021 00:02:16 - INFO - __main__ -   Batch number = 228
12/27/2021 00:02:16 - INFO - __main__ -   Batch number = 229
12/27/2021 00:02:16 - INFO - __main__ -   Batch number = 230
12/27/2021 00:02:16 - INFO - __main__ -   Batch number = 231
12/27/2021 00:02:16 - INFO - __main__ -   Batch number = 232
12/27/2021 00:02:16 - INFO - __main__ -   Batch number = 233
12/27/2021 00:02:17 - INFO - __main__ -   Batch number = 234
12/27/2021 00:02:17 - INFO - __main__ -   Batch number = 235
12/27/2021 00:02:17 - INFO - __main__ -   Batch number = 236
12/27/2021 00:02:17 - INFO - __main__ -   Batch number = 237
12/27/2021 00:02:17 - INFO - __main__ -   Batch number = 238
12/27/2021 00:02:17 - INFO - __main__ -   Batch number = 239
12/27/2021 00:02:18 - INFO - __main__ -   Batch number = 240
12/27/2021 00:02:18 - INFO - __main__ -   Batch number = 241
12/27/2021 00:02:18 - INFO - __main__ -   Batch number = 242
12/27/2021 00:02:18 - INFO - __main__ -   Batch number = 243
12/27/2021 00:02:18 - INFO - __main__ -   Batch number = 244
12/27/2021 00:02:18 - INFO - __main__ -   Batch number = 245
12/27/2021 00:02:19 - INFO - __main__ -   Batch number = 246
12/27/2021 00:02:19 - INFO - __main__ -   Batch number = 247
12/27/2021 00:02:19 - INFO - __main__ -   Batch number = 248
12/27/2021 00:02:19 - INFO - __main__ -   Batch number = 249
12/27/2021 00:02:19 - INFO - __main__ -   Batch number = 250
12/27/2021 00:02:19 - INFO - __main__ -   Batch number = 251
12/27/2021 00:02:20 - INFO - __main__ -   Batch number = 252
12/27/2021 00:02:20 - INFO - __main__ -   Batch number = 253
12/27/2021 00:02:20 - INFO - __main__ -   Batch number = 254
12/27/2021 00:02:20 - INFO - __main__ -   Batch number = 255
12/27/2021 00:02:20 - INFO - __main__ -   Batch number = 256
12/27/2021 00:02:20 - INFO - __main__ -   Batch number = 257
12/27/2021 00:02:21 - INFO - __main__ -   Batch number = 258
12/27/2021 00:02:21 - INFO - __main__ -   Batch number = 259
12/27/2021 00:02:21 - INFO - __main__ -   Batch number = 260
12/27/2021 00:02:21 - INFO - __main__ -   Batch number = 261
12/27/2021 00:02:21 - INFO - __main__ -   Batch number = 262
12/27/2021 00:02:21 - INFO - __main__ -   Batch number = 263
12/27/2021 00:02:21 - INFO - __main__ -   Batch number = 264
12/27/2021 00:02:22 - INFO - __main__ -   Batch number = 265
12/27/2021 00:02:22 - INFO - __main__ -   Batch number = 266
12/27/2021 00:02:22 - INFO - __main__ -   Batch number = 267
12/27/2021 00:02:22 - INFO - __main__ -   Batch number = 268
12/27/2021 00:02:22 - INFO - __main__ -   Batch number = 269
12/27/2021 00:02:22 - INFO - __main__ -   Batch number = 270
12/27/2021 00:02:22 - INFO - __main__ -   Batch number = 271
12/27/2021 00:02:23 - INFO - __main__ -   Batch number = 272
12/27/2021 00:02:23 - INFO - __main__ -   Batch number = 273
12/27/2021 00:02:23 - INFO - __main__ -   Batch number = 274
12/27/2021 00:02:23 - INFO - __main__ -   Batch number = 275
12/27/2021 00:02:23 - INFO - __main__ -   Batch number = 276
12/27/2021 00:02:23 - INFO - __main__ -   Batch number = 277
12/27/2021 00:02:24 - INFO - __main__ -   Batch number = 278
12/27/2021 00:02:24 - INFO - __main__ -   Batch number = 279
12/27/2021 00:02:24 - INFO - __main__ -   Batch number = 280
12/27/2021 00:02:24 - INFO - __main__ -   Batch number = 281
12/27/2021 00:02:24 - INFO - __main__ -   Batch number = 282
12/27/2021 00:02:24 - INFO - __main__ -   Batch number = 283
12/27/2021 00:02:24 - INFO - __main__ -   Batch number = 284
12/27/2021 00:02:25 - INFO - __main__ -   Batch number = 285
12/27/2021 00:02:25 - INFO - __main__ -   Batch number = 286
12/27/2021 00:02:25 - INFO - __main__ -   Batch number = 287
12/27/2021 00:02:25 - INFO - __main__ -   Batch number = 288
12/27/2021 00:02:25 - INFO - __main__ -   Batch number = 289
12/27/2021 00:02:25 - INFO - __main__ -   Batch number = 290
12/27/2021 00:02:26 - INFO - __main__ -   Batch number = 291
12/27/2021 00:02:26 - INFO - __main__ -   Batch number = 292
12/27/2021 00:02:26 - INFO - __main__ -   Batch number = 293
12/27/2021 00:02:26 - INFO - __main__ -   Batch number = 294
12/27/2021 00:02:26 - INFO - __main__ -   Batch number = 295
12/27/2021 00:02:26 - INFO - __main__ -   Batch number = 296
12/27/2021 00:02:26 - INFO - __main__ -   Batch number = 297
12/27/2021 00:02:27 - INFO - __main__ -   Batch number = 298
12/27/2021 00:02:27 - INFO - __main__ -   Batch number = 299
12/27/2021 00:02:27 - INFO - __main__ -   Batch number = 300
12/27/2021 00:02:27 - INFO - __main__ -   Batch number = 301
12/27/2021 00:02:27 - INFO - __main__ -   Batch number = 302
12/27/2021 00:02:27 - INFO - __main__ -   Batch number = 303
12/27/2021 00:02:28 - INFO - __main__ -   Batch number = 304
12/27/2021 00:02:28 - INFO - __main__ -   Batch number = 305
12/27/2021 00:02:28 - INFO - __main__ -   Batch number = 306
12/27/2021 00:02:28 - INFO - __main__ -   Batch number = 307
12/27/2021 00:02:28 - INFO - __main__ -   Batch number = 308
12/27/2021 00:02:28 - INFO - __main__ -   Batch number = 309
12/27/2021 00:02:28 - INFO - __main__ -   Batch number = 310
12/27/2021 00:02:29 - INFO - __main__ -   Batch number = 311
12/27/2021 00:02:29 - INFO - __main__ -   Batch number = 312
12/27/2021 00:02:29 - INFO - __main__ -   Batch number = 313
12/27/2021 00:02:29 - INFO - __main__ -   Batch number = 314
12/27/2021 00:02:29 - INFO - __main__ -   Batch number = 315
12/27/2021 00:02:29 - INFO - __main__ -   Batch number = 316
12/27/2021 00:02:30 - INFO - __main__ -   Batch number = 317
12/27/2021 00:02:30 - INFO - __main__ -   Batch number = 318
12/27/2021 00:02:30 - INFO - __main__ -   Batch number = 319
12/27/2021 00:02:30 - INFO - __main__ -   Batch number = 320
12/27/2021 00:02:30 - INFO - __main__ -   Batch number = 321
12/27/2021 00:02:30 - INFO - __main__ -   Batch number = 322
12/27/2021 00:02:30 - INFO - __main__ -   Batch number = 323
12/27/2021 00:02:31 - INFO - __main__ -   Batch number = 324
12/27/2021 00:02:31 - INFO - __main__ -   Batch number = 325
12/27/2021 00:02:31 - INFO - __main__ -   Batch number = 326
12/27/2021 00:02:31 - INFO - __main__ -   Batch number = 327
12/27/2021 00:02:31 - INFO - __main__ -   Batch number = 328
12/27/2021 00:02:31 - INFO - __main__ -   Batch number = 329
12/27/2021 00:02:32 - INFO - __main__ -   Batch number = 330
12/27/2021 00:02:32 - INFO - __main__ -   Batch number = 331
12/27/2021 00:02:32 - INFO - __main__ -   Batch number = 332
12/27/2021 00:02:35 - INFO - __main__ -   ***** Evaluation result  in ja *****
12/27/2021 00:02:35 - INFO - __main__ -     f1 = 0.21922239502332813
12/27/2021 00:02:35 - INFO - __main__ -     loss = 3.1641698630459336
12/27/2021 00:02:35 - INFO - __main__ -     precision = 0.1545071904594879
12/27/2021 00:02:35 - INFO - __main__ -     recall = 0.3772211517876258
