12/01/2021 12:57:16 - INFO - root -   Input args: ModelArguments(model_name_or_path='bert-base-multilingual-cased', model_type='bert', config_name=None, tokenizer_name=None, cache_dir=None, labels='/home/abhijeet/rohan/cloud-emea/data//udpos/udpos_processed_maxlen128//labels.txt', data_dir='/home/abhijeet/rohan/cloud-emea/data//udpos/udpos_processed_maxlen128/', output_dir='/home/abhijeet/rohan/cloud-emea/outputs//udpos/my-bert-base-multilingual-cased-MaxLen128_udpos_se_train_hi/', max_seq_length=128, do_train=False, do_eval=False, do_predict=True, do_adapter_predict=False, do_predict_dev=False, do_predict_train=False, init_checkpoint=None, evaluate_during_training=False, do_lower_case=False, few_shot=-1, per_gpu_train_batch_size=8, per_gpu_eval_batch_size=32, gradient_accumulation_steps=4, learning_rate=5e-05, weight_decay=0.0, adam_epsilon=1e-08, max_grad_norm=1.0, num_train_epochs=50.0, max_steps=-1, save_steps=1000, warmup_steps=0, logging_steps=50, save_only_best_checkpoint=True, eval_all_checkpoints=True, no_cuda=False, overwrite_output_dir=True, overwrite_cache=False, seed=1, fp16=False, fp16_opt_level='O1', local_rank=-1, server_ip='', server_port='', predict_langs='hi', train_langs='hi', log_file='/home/abhijeet/rohan/cloud-emea/outputs//udpos/my-bert-base-multilingual-cased-MaxLen128_udpos_se_train_hi//train_en.log', eval_patience=-1, bpe_dropout=0, do_save_adapter_fusions=False, task_name='udpos', predict_task_adapter='output/udpos/my-bert-base-multilingual-cased-LR1e-4-epoch50-MaxLen128-TrainLanghi_hi_s1/checkpoint-best/udpos/', predict_lang_adapter=None, test_adapter=True, adapter_weight=None, lang_to_vec=None, calc_weight_step=0, predict_save_prefix='', en_weight=None, temperature=1.0, get_attr=False, topk=1, task='udpos')
12/01/2021 12:57:16 - WARNING - __main__ -   Process rank: -1, device: cuda, n_gpu: 1, distributed training: False, 16-bits training: False
12/01/2021 12:57:16 - INFO - __main__ -   Seed = 1
12/01/2021 12:57:16 - INFO - root -   save model
12/01/2021 12:57:16 - INFO - __main__ -   Training/evaluation parameters ModelArguments(model_name_or_path='bert-base-multilingual-cased', model_type='bert', config_name=None, tokenizer_name=None, cache_dir=None, labels='/home/abhijeet/rohan/cloud-emea/data//udpos/udpos_processed_maxlen128//labels.txt', data_dir='/home/abhijeet/rohan/cloud-emea/data//udpos/udpos_processed_maxlen128/', output_dir='/home/abhijeet/rohan/cloud-emea/outputs//udpos/my-bert-base-multilingual-cased-MaxLen128_udpos_se_train_hi/', max_seq_length=128, do_train=False, do_eval=False, do_predict=True, do_adapter_predict=False, do_predict_dev=False, do_predict_train=False, init_checkpoint=None, evaluate_during_training=False, do_lower_case=False, few_shot=-1, per_gpu_train_batch_size=8, per_gpu_eval_batch_size=32, gradient_accumulation_steps=4, learning_rate=5e-05, weight_decay=0.0, adam_epsilon=1e-08, max_grad_norm=1.0, num_train_epochs=50.0, max_steps=-1, save_steps=1000, warmup_steps=0, logging_steps=50, save_only_best_checkpoint=True, eval_all_checkpoints=True, no_cuda=False, overwrite_output_dir=True, overwrite_cache=False, seed=1, fp16=False, fp16_opt_level='O1', local_rank=-1, server_ip='', server_port='', predict_langs='hi', train_langs='hi', log_file='/home/abhijeet/rohan/cloud-emea/outputs//udpos/my-bert-base-multilingual-cased-MaxLen128_udpos_se_train_hi//train_en.log', eval_patience=-1, bpe_dropout=0, do_save_adapter_fusions=False, task_name='udpos', predict_task_adapter='output/udpos/my-bert-base-multilingual-cased-LR1e-4-epoch50-MaxLen128-TrainLanghi_hi_s1/checkpoint-best/udpos/', predict_lang_adapter=None, test_adapter=True, adapter_weight=None, lang_to_vec=None, calc_weight_step=0, predict_save_prefix='', en_weight=None, temperature=1.0, get_attr=False, topk=1, task='udpos')
12/01/2021 12:57:16 - INFO - __main__ -   Loading pretrained model and tokenizer
12/01/2021 12:57:18 - INFO - __main__ -   loading from existing model bert-base-multilingual-cased
12/01/2021 12:57:24 - INFO - __main__ -   Using lang2id = None
12/01/2021 12:57:24 - INFO - __main__ -   Evaluating the model on test set of all the languages specified
12/01/2021 12:57:24 - INFO - __main__ -   Task Adapter will be loaded from this path output/udpos/my-bert-base-multilingual-cased-LR1e-4-epoch50-MaxLen128-TrainLanghi_hi_s1/checkpoint-best/udpos/
12/01/2021 12:57:24 - INFO - root -   Trying to decide if add adapter
12/01/2021 12:57:24 - INFO - root -   loading task adapter
12/01/2021 12:57:24 - INFO - root -   loading lang adpater se/wiki@ukp
12/01/2021 12:57:24 - INFO - __main__ -   Adapter Languages : ['se'], Length : 1
12/01/2021 12:57:24 - INFO - __main__ -   Adapter Names ['se/wiki@ukp'], Length : 1
12/01/2021 12:57:24 - INFO - __main__ -   Language = se
12/01/2021 12:57:24 - INFO - __main__ -   Adapter Name = se/wiki@ukp
12/01/2021 12:57:31 - INFO - __main__ -   Language adapter for hi not found, using se instead
12/01/2021 12:57:31 - INFO - __main__ -   Set active language adapter to se
12/01/2021 12:57:31 - INFO - __main__ -   Args Adapter Weight = None
12/01/2021 12:57:31 - INFO - __main__ -   Adapter Languages = ['se']
12/01/2021 12:57:31 - INFO - __main__ -   Loading features from cached file /home/abhijeet/rohan/cloud-emea/data//udpos/udpos_processed_maxlen128/cached_test_hi_bert-base-multilingual-cased_128
12/01/2021 12:57:32 - INFO - __main__ -   ***** Running evaluation  in hi *****
12/01/2021 12:57:32 - INFO - __main__ -     Num examples = 2685
12/01/2021 12:57:32 - INFO - __main__ -     Batch size = 32
12/01/2021 12:57:32 - INFO - __main__ -   Batch number = 1
12/01/2021 12:57:32 - INFO - __main__ -   Batch number = 2
12/01/2021 12:57:32 - INFO - __main__ -   Batch number = 3
12/01/2021 12:57:32 - INFO - __main__ -   Batch number = 4
12/01/2021 12:57:32 - INFO - __main__ -   Batch number = 5
12/01/2021 12:57:32 - INFO - __main__ -   Batch number = 6
12/01/2021 12:57:33 - INFO - __main__ -   Batch number = 7
12/01/2021 12:57:33 - INFO - __main__ -   Batch number = 8
12/01/2021 12:57:33 - INFO - __main__ -   Batch number = 9
12/01/2021 12:57:33 - INFO - __main__ -   Batch number = 10
12/01/2021 12:57:33 - INFO - __main__ -   Batch number = 11
12/01/2021 12:57:33 - INFO - __main__ -   Batch number = 12
12/01/2021 12:57:33 - INFO - __main__ -   Batch number = 13
12/01/2021 12:57:34 - INFO - __main__ -   Batch number = 14
12/01/2021 12:57:34 - INFO - __main__ -   Batch number = 15
12/01/2021 12:57:34 - INFO - __main__ -   Batch number = 16
12/01/2021 12:57:34 - INFO - __main__ -   Batch number = 17
12/01/2021 12:57:34 - INFO - __main__ -   Batch number = 18
12/01/2021 12:57:34 - INFO - __main__ -   Batch number = 19
12/01/2021 12:57:34 - INFO - __main__ -   Batch number = 20
12/01/2021 12:57:35 - INFO - __main__ -   Batch number = 21
12/01/2021 12:57:35 - INFO - __main__ -   Batch number = 22
12/01/2021 12:57:35 - INFO - __main__ -   Batch number = 23
12/01/2021 12:57:35 - INFO - __main__ -   Batch number = 24
12/01/2021 12:57:35 - INFO - __main__ -   Batch number = 25
12/01/2021 12:57:35 - INFO - __main__ -   Batch number = 26
12/01/2021 12:57:35 - INFO - __main__ -   Batch number = 27
12/01/2021 12:57:36 - INFO - __main__ -   Batch number = 28
12/01/2021 12:57:36 - INFO - __main__ -   Batch number = 29
12/01/2021 12:57:36 - INFO - __main__ -   Batch number = 30
12/01/2021 12:57:36 - INFO - __main__ -   Batch number = 31
12/01/2021 12:57:36 - INFO - __main__ -   Batch number = 32
12/01/2021 12:57:36 - INFO - __main__ -   Batch number = 33
12/01/2021 12:57:36 - INFO - __main__ -   Batch number = 34
12/01/2021 12:57:37 - INFO - __main__ -   Batch number = 35
12/01/2021 12:57:37 - INFO - __main__ -   Batch number = 36
12/01/2021 12:57:37 - INFO - __main__ -   Batch number = 37
12/01/2021 12:57:37 - INFO - __main__ -   Batch number = 38
12/01/2021 12:57:37 - INFO - __main__ -   Batch number = 39
12/01/2021 12:57:37 - INFO - __main__ -   Batch number = 40
12/01/2021 12:57:37 - INFO - __main__ -   Batch number = 41
12/01/2021 12:57:38 - INFO - __main__ -   Batch number = 42
12/01/2021 12:57:38 - INFO - __main__ -   Batch number = 43
12/01/2021 12:57:38 - INFO - __main__ -   Batch number = 44
12/01/2021 12:57:38 - INFO - __main__ -   Batch number = 45
12/01/2021 12:57:38 - INFO - __main__ -   Batch number = 46
12/01/2021 12:57:38 - INFO - __main__ -   Batch number = 47
12/01/2021 12:57:38 - INFO - __main__ -   Batch number = 48
12/01/2021 12:57:39 - INFO - __main__ -   Batch number = 49
12/01/2021 12:57:39 - INFO - __main__ -   Batch number = 50
12/01/2021 12:57:39 - INFO - __main__ -   Batch number = 51
12/01/2021 12:57:39 - INFO - __main__ -   Batch number = 52
12/01/2021 12:57:39 - INFO - __main__ -   Batch number = 53
12/01/2021 12:57:39 - INFO - __main__ -   Batch number = 54
12/01/2021 12:57:40 - INFO - __main__ -   Batch number = 55
12/01/2021 12:57:40 - INFO - __main__ -   Batch number = 56
12/01/2021 12:57:40 - INFO - __main__ -   Batch number = 57
12/01/2021 12:57:40 - INFO - __main__ -   Batch number = 58
12/01/2021 12:57:40 - INFO - __main__ -   Batch number = 59
12/01/2021 12:57:40 - INFO - __main__ -   Batch number = 60
12/01/2021 12:57:40 - INFO - __main__ -   Batch number = 61
12/01/2021 12:57:41 - INFO - __main__ -   Batch number = 62
12/01/2021 12:57:41 - INFO - __main__ -   Batch number = 63
12/01/2021 12:57:41 - INFO - __main__ -   Batch number = 64
12/01/2021 12:57:41 - INFO - __main__ -   Batch number = 65
12/01/2021 12:57:41 - INFO - __main__ -   Batch number = 66
12/01/2021 12:57:41 - INFO - __main__ -   Batch number = 67
12/01/2021 12:57:41 - INFO - __main__ -   Batch number = 68
12/01/2021 12:57:42 - INFO - __main__ -   Batch number = 69
12/01/2021 12:57:42 - INFO - __main__ -   Batch number = 70
12/01/2021 12:57:42 - INFO - __main__ -   Batch number = 71
12/01/2021 12:57:42 - INFO - __main__ -   Batch number = 72
12/01/2021 12:57:42 - INFO - __main__ -   Batch number = 73
12/01/2021 12:57:42 - INFO - __main__ -   Batch number = 74
12/01/2021 12:57:43 - INFO - __main__ -   Batch number = 75
12/01/2021 12:57:43 - INFO - __main__ -   Batch number = 76
12/01/2021 12:57:43 - INFO - __main__ -   Batch number = 77
12/01/2021 12:57:43 - INFO - __main__ -   Batch number = 78
12/01/2021 12:57:43 - INFO - __main__ -   Batch number = 79
12/01/2021 12:57:43 - INFO - __main__ -   Batch number = 80
12/01/2021 12:57:43 - INFO - __main__ -   Batch number = 81
12/01/2021 12:57:44 - INFO - __main__ -   Batch number = 82
12/01/2021 12:57:44 - INFO - __main__ -   Batch number = 83
12/01/2021 12:57:44 - INFO - __main__ -   Batch number = 84
12/01/2021 12:57:45 - INFO - __main__ -   ***** Evaluation result  in hi *****
12/01/2021 12:57:45 - INFO - __main__ -     f1 = 0.7319312563760496
12/01/2021 12:57:45 - INFO - __main__ -     loss = 0.8165216921340852
12/01/2021 12:57:45 - INFO - __main__ -     precision = 0.7501809699991957
12/01/2021 12:57:45 - INFO - __main__ -     recall = 0.7145483796828316
12/01/2021 12:57:48 - INFO - root -   Input args: ModelArguments(model_name_or_path='bert-base-multilingual-cased', model_type='bert', config_name=None, tokenizer_name=None, cache_dir=None, labels='/home/abhijeet/rohan/cloud-emea/data//udpos/udpos_processed_maxlen128//labels.txt', data_dir='/home/abhijeet/rohan/cloud-emea/data//udpos/udpos_processed_maxlen128/', output_dir='/home/abhijeet/rohan/cloud-emea/outputs//udpos/my-bert-base-multilingual-cased-MaxLen128_udpos_se_train_hi/', max_seq_length=128, do_train=False, do_eval=False, do_predict=True, do_adapter_predict=False, do_predict_dev=False, do_predict_train=False, init_checkpoint=None, evaluate_during_training=False, do_lower_case=False, few_shot=-1, per_gpu_train_batch_size=8, per_gpu_eval_batch_size=32, gradient_accumulation_steps=4, learning_rate=5e-05, weight_decay=0.0, adam_epsilon=1e-08, max_grad_norm=1.0, num_train_epochs=50.0, max_steps=-1, save_steps=1000, warmup_steps=0, logging_steps=50, save_only_best_checkpoint=True, eval_all_checkpoints=True, no_cuda=False, overwrite_output_dir=True, overwrite_cache=False, seed=2, fp16=False, fp16_opt_level='O1', local_rank=-1, server_ip='', server_port='', predict_langs='hi', train_langs='hi', log_file='/home/abhijeet/rohan/cloud-emea/outputs//udpos/my-bert-base-multilingual-cased-MaxLen128_udpos_se_train_hi//train_en.log', eval_patience=-1, bpe_dropout=0, do_save_adapter_fusions=False, task_name='udpos', predict_task_adapter='output/udpos/my-bert-base-multilingual-cased-LR1e-4-epoch50-MaxLen128-TrainLanghi_hi_s2/checkpoint-best/udpos/', predict_lang_adapter=None, test_adapter=True, adapter_weight=None, lang_to_vec=None, calc_weight_step=0, predict_save_prefix='', en_weight=None, temperature=1.0, get_attr=False, topk=1, task='udpos')
12/01/2021 12:57:48 - WARNING - __main__ -   Process rank: -1, device: cuda, n_gpu: 1, distributed training: False, 16-bits training: False
12/01/2021 12:57:48 - INFO - __main__ -   Seed = 2
12/01/2021 12:57:48 - INFO - root -   save model
12/01/2021 12:57:48 - INFO - __main__ -   Training/evaluation parameters ModelArguments(model_name_or_path='bert-base-multilingual-cased', model_type='bert', config_name=None, tokenizer_name=None, cache_dir=None, labels='/home/abhijeet/rohan/cloud-emea/data//udpos/udpos_processed_maxlen128//labels.txt', data_dir='/home/abhijeet/rohan/cloud-emea/data//udpos/udpos_processed_maxlen128/', output_dir='/home/abhijeet/rohan/cloud-emea/outputs//udpos/my-bert-base-multilingual-cased-MaxLen128_udpos_se_train_hi/', max_seq_length=128, do_train=False, do_eval=False, do_predict=True, do_adapter_predict=False, do_predict_dev=False, do_predict_train=False, init_checkpoint=None, evaluate_during_training=False, do_lower_case=False, few_shot=-1, per_gpu_train_batch_size=8, per_gpu_eval_batch_size=32, gradient_accumulation_steps=4, learning_rate=5e-05, weight_decay=0.0, adam_epsilon=1e-08, max_grad_norm=1.0, num_train_epochs=50.0, max_steps=-1, save_steps=1000, warmup_steps=0, logging_steps=50, save_only_best_checkpoint=True, eval_all_checkpoints=True, no_cuda=False, overwrite_output_dir=True, overwrite_cache=False, seed=2, fp16=False, fp16_opt_level='O1', local_rank=-1, server_ip='', server_port='', predict_langs='hi', train_langs='hi', log_file='/home/abhijeet/rohan/cloud-emea/outputs//udpos/my-bert-base-multilingual-cased-MaxLen128_udpos_se_train_hi//train_en.log', eval_patience=-1, bpe_dropout=0, do_save_adapter_fusions=False, task_name='udpos', predict_task_adapter='output/udpos/my-bert-base-multilingual-cased-LR1e-4-epoch50-MaxLen128-TrainLanghi_hi_s2/checkpoint-best/udpos/', predict_lang_adapter=None, test_adapter=True, adapter_weight=None, lang_to_vec=None, calc_weight_step=0, predict_save_prefix='', en_weight=None, temperature=1.0, get_attr=False, topk=1, task='udpos')
12/01/2021 12:57:48 - INFO - __main__ -   Loading pretrained model and tokenizer
12/01/2021 12:57:50 - INFO - __main__ -   loading from existing model bert-base-multilingual-cased
12/01/2021 12:57:56 - INFO - __main__ -   Using lang2id = None
12/01/2021 12:57:56 - INFO - __main__ -   Evaluating the model on test set of all the languages specified
12/01/2021 12:57:56 - INFO - __main__ -   Task Adapter will be loaded from this path output/udpos/my-bert-base-multilingual-cased-LR1e-4-epoch50-MaxLen128-TrainLanghi_hi_s2/checkpoint-best/udpos/
12/01/2021 12:57:56 - INFO - root -   Trying to decide if add adapter
12/01/2021 12:57:56 - INFO - root -   loading task adapter
12/01/2021 12:57:56 - INFO - root -   loading lang adpater se/wiki@ukp
12/01/2021 12:57:56 - INFO - __main__ -   Adapter Languages : ['se'], Length : 1
12/01/2021 12:57:56 - INFO - __main__ -   Adapter Names ['se/wiki@ukp'], Length : 1
12/01/2021 12:57:56 - INFO - __main__ -   Language = se
12/01/2021 12:57:56 - INFO - __main__ -   Adapter Name = se/wiki@ukp
12/01/2021 12:58:02 - INFO - __main__ -   Language adapter for hi not found, using se instead
12/01/2021 12:58:02 - INFO - __main__ -   Set active language adapter to se
12/01/2021 12:58:02 - INFO - __main__ -   Args Adapter Weight = None
12/01/2021 12:58:02 - INFO - __main__ -   Adapter Languages = ['se']
12/01/2021 12:58:02 - INFO - __main__ -   Loading features from cached file /home/abhijeet/rohan/cloud-emea/data//udpos/udpos_processed_maxlen128/cached_test_hi_bert-base-multilingual-cased_128
12/01/2021 12:58:02 - INFO - __main__ -   ***** Running evaluation  in hi *****
12/01/2021 12:58:02 - INFO - __main__ -     Num examples = 2685
12/01/2021 12:58:02 - INFO - __main__ -     Batch size = 32
12/01/2021 12:58:02 - INFO - __main__ -   Batch number = 1
12/01/2021 12:58:02 - INFO - __main__ -   Batch number = 2
12/01/2021 12:58:03 - INFO - __main__ -   Batch number = 3
12/01/2021 12:58:03 - INFO - __main__ -   Batch number = 4
12/01/2021 12:58:03 - INFO - __main__ -   Batch number = 5
12/01/2021 12:58:03 - INFO - __main__ -   Batch number = 6
12/01/2021 12:58:03 - INFO - __main__ -   Batch number = 7
12/01/2021 12:58:03 - INFO - __main__ -   Batch number = 8
12/01/2021 12:58:03 - INFO - __main__ -   Batch number = 9
12/01/2021 12:58:04 - INFO - __main__ -   Batch number = 10
12/01/2021 12:58:04 - INFO - __main__ -   Batch number = 11
12/01/2021 12:58:04 - INFO - __main__ -   Batch number = 12
12/01/2021 12:58:04 - INFO - __main__ -   Batch number = 13
12/01/2021 12:58:04 - INFO - __main__ -   Batch number = 14
12/01/2021 12:58:04 - INFO - __main__ -   Batch number = 15
12/01/2021 12:58:04 - INFO - __main__ -   Batch number = 16
12/01/2021 12:58:05 - INFO - __main__ -   Batch number = 17
12/01/2021 12:58:05 - INFO - __main__ -   Batch number = 18
12/01/2021 12:58:05 - INFO - __main__ -   Batch number = 19
12/01/2021 12:58:05 - INFO - __main__ -   Batch number = 20
12/01/2021 12:58:05 - INFO - __main__ -   Batch number = 21
12/01/2021 12:58:05 - INFO - __main__ -   Batch number = 22
12/01/2021 12:58:05 - INFO - __main__ -   Batch number = 23
12/01/2021 12:58:06 - INFO - __main__ -   Batch number = 24
12/01/2021 12:58:06 - INFO - __main__ -   Batch number = 25
12/01/2021 12:58:06 - INFO - __main__ -   Batch number = 26
12/01/2021 12:58:06 - INFO - __main__ -   Batch number = 27
12/01/2021 12:58:06 - INFO - __main__ -   Batch number = 28
12/01/2021 12:58:06 - INFO - __main__ -   Batch number = 29
12/01/2021 12:58:06 - INFO - __main__ -   Batch number = 30
12/01/2021 12:58:07 - INFO - __main__ -   Batch number = 31
12/01/2021 12:58:07 - INFO - __main__ -   Batch number = 32
12/01/2021 12:58:07 - INFO - __main__ -   Batch number = 33
12/01/2021 12:58:07 - INFO - __main__ -   Batch number = 34
12/01/2021 12:58:07 - INFO - __main__ -   Batch number = 35
12/01/2021 12:58:07 - INFO - __main__ -   Batch number = 36
12/01/2021 12:58:07 - INFO - __main__ -   Batch number = 37
12/01/2021 12:58:08 - INFO - __main__ -   Batch number = 38
12/01/2021 12:58:08 - INFO - __main__ -   Batch number = 39
12/01/2021 12:58:08 - INFO - __main__ -   Batch number = 40
12/01/2021 12:58:08 - INFO - __main__ -   Batch number = 41
12/01/2021 12:58:08 - INFO - __main__ -   Batch number = 42
12/01/2021 12:58:08 - INFO - __main__ -   Batch number = 43
12/01/2021 12:58:08 - INFO - __main__ -   Batch number = 44
12/01/2021 12:58:09 - INFO - __main__ -   Batch number = 45
12/01/2021 12:58:09 - INFO - __main__ -   Batch number = 46
12/01/2021 12:58:09 - INFO - __main__ -   Batch number = 47
12/01/2021 12:58:09 - INFO - __main__ -   Batch number = 48
12/01/2021 12:58:09 - INFO - __main__ -   Batch number = 49
12/01/2021 12:58:09 - INFO - __main__ -   Batch number = 50
12/01/2021 12:58:10 - INFO - __main__ -   Batch number = 51
12/01/2021 12:58:10 - INFO - __main__ -   Batch number = 52
12/01/2021 12:58:10 - INFO - __main__ -   Batch number = 53
12/01/2021 12:58:10 - INFO - __main__ -   Batch number = 54
12/01/2021 12:58:10 - INFO - __main__ -   Batch number = 55
12/01/2021 12:58:10 - INFO - __main__ -   Batch number = 56
12/01/2021 12:58:10 - INFO - __main__ -   Batch number = 57
12/01/2021 12:58:11 - INFO - __main__ -   Batch number = 58
12/01/2021 12:58:11 - INFO - __main__ -   Batch number = 59
12/01/2021 12:58:11 - INFO - __main__ -   Batch number = 60
12/01/2021 12:58:11 - INFO - __main__ -   Batch number = 61
12/01/2021 12:58:11 - INFO - __main__ -   Batch number = 62
12/01/2021 12:58:11 - INFO - __main__ -   Batch number = 63
12/01/2021 12:58:11 - INFO - __main__ -   Batch number = 64
12/01/2021 12:58:12 - INFO - __main__ -   Batch number = 65
12/01/2021 12:58:12 - INFO - __main__ -   Batch number = 66
12/01/2021 12:58:12 - INFO - __main__ -   Batch number = 67
12/01/2021 12:58:12 - INFO - __main__ -   Batch number = 68
12/01/2021 12:58:12 - INFO - __main__ -   Batch number = 69
12/01/2021 12:58:12 - INFO - __main__ -   Batch number = 70
12/01/2021 12:58:12 - INFO - __main__ -   Batch number = 71
12/01/2021 12:58:13 - INFO - __main__ -   Batch number = 72
12/01/2021 12:58:13 - INFO - __main__ -   Batch number = 73
12/01/2021 12:58:13 - INFO - __main__ -   Batch number = 74
12/01/2021 12:58:13 - INFO - __main__ -   Batch number = 75
12/01/2021 12:58:13 - INFO - __main__ -   Batch number = 76
12/01/2021 12:58:13 - INFO - __main__ -   Batch number = 77
12/01/2021 12:58:13 - INFO - __main__ -   Batch number = 78
12/01/2021 12:58:14 - INFO - __main__ -   Batch number = 79
12/01/2021 12:58:14 - INFO - __main__ -   Batch number = 80
12/01/2021 12:58:14 - INFO - __main__ -   Batch number = 81
12/01/2021 12:58:14 - INFO - __main__ -   Batch number = 82
12/01/2021 12:58:14 - INFO - __main__ -   Batch number = 83
12/01/2021 12:58:14 - INFO - __main__ -   Batch number = 84
12/01/2021 12:58:16 - INFO - __main__ -   ***** Evaluation result  in hi *****
12/01/2021 12:58:16 - INFO - __main__ -     f1 = 0.7992021660997679
12/01/2021 12:58:16 - INFO - __main__ -     loss = 0.571502454933666
12/01/2021 12:58:16 - INFO - __main__ -     precision = 0.8041846845973356
12/01/2021 12:58:16 - INFO - __main__ -     recall = 0.7942810081973493
12/01/2021 12:58:18 - INFO - root -   Input args: ModelArguments(model_name_or_path='bert-base-multilingual-cased', model_type='bert', config_name=None, tokenizer_name=None, cache_dir=None, labels='/home/abhijeet/rohan/cloud-emea/data//udpos/udpos_processed_maxlen128//labels.txt', data_dir='/home/abhijeet/rohan/cloud-emea/data//udpos/udpos_processed_maxlen128/', output_dir='/home/abhijeet/rohan/cloud-emea/outputs//udpos/my-bert-base-multilingual-cased-MaxLen128_udpos_se_train_hi/', max_seq_length=128, do_train=False, do_eval=False, do_predict=True, do_adapter_predict=False, do_predict_dev=False, do_predict_train=False, init_checkpoint=None, evaluate_during_training=False, do_lower_case=False, few_shot=-1, per_gpu_train_batch_size=8, per_gpu_eval_batch_size=32, gradient_accumulation_steps=4, learning_rate=5e-05, weight_decay=0.0, adam_epsilon=1e-08, max_grad_norm=1.0, num_train_epochs=50.0, max_steps=-1, save_steps=1000, warmup_steps=0, logging_steps=50, save_only_best_checkpoint=True, eval_all_checkpoints=True, no_cuda=False, overwrite_output_dir=True, overwrite_cache=False, seed=3, fp16=False, fp16_opt_level='O1', local_rank=-1, server_ip='', server_port='', predict_langs='hi', train_langs='hi', log_file='/home/abhijeet/rohan/cloud-emea/outputs//udpos/my-bert-base-multilingual-cased-MaxLen128_udpos_se_train_hi//train_en.log', eval_patience=-1, bpe_dropout=0, do_save_adapter_fusions=False, task_name='udpos', predict_task_adapter='output/udpos/my-bert-base-multilingual-cased-LR1e-4-epoch50-MaxLen128-TrainLanghi_hi_s3/checkpoint-best/udpos/', predict_lang_adapter=None, test_adapter=True, adapter_weight=None, lang_to_vec=None, calc_weight_step=0, predict_save_prefix='', en_weight=None, temperature=1.0, get_attr=False, topk=1, task='udpos')
12/01/2021 12:58:18 - WARNING - __main__ -   Process rank: -1, device: cuda, n_gpu: 1, distributed training: False, 16-bits training: False
12/01/2021 12:58:18 - INFO - __main__ -   Seed = 3
12/01/2021 12:58:18 - INFO - root -   save model
12/01/2021 12:58:18 - INFO - __main__ -   Training/evaluation parameters ModelArguments(model_name_or_path='bert-base-multilingual-cased', model_type='bert', config_name=None, tokenizer_name=None, cache_dir=None, labels='/home/abhijeet/rohan/cloud-emea/data//udpos/udpos_processed_maxlen128//labels.txt', data_dir='/home/abhijeet/rohan/cloud-emea/data//udpos/udpos_processed_maxlen128/', output_dir='/home/abhijeet/rohan/cloud-emea/outputs//udpos/my-bert-base-multilingual-cased-MaxLen128_udpos_se_train_hi/', max_seq_length=128, do_train=False, do_eval=False, do_predict=True, do_adapter_predict=False, do_predict_dev=False, do_predict_train=False, init_checkpoint=None, evaluate_during_training=False, do_lower_case=False, few_shot=-1, per_gpu_train_batch_size=8, per_gpu_eval_batch_size=32, gradient_accumulation_steps=4, learning_rate=5e-05, weight_decay=0.0, adam_epsilon=1e-08, max_grad_norm=1.0, num_train_epochs=50.0, max_steps=-1, save_steps=1000, warmup_steps=0, logging_steps=50, save_only_best_checkpoint=True, eval_all_checkpoints=True, no_cuda=False, overwrite_output_dir=True, overwrite_cache=False, seed=3, fp16=False, fp16_opt_level='O1', local_rank=-1, server_ip='', server_port='', predict_langs='hi', train_langs='hi', log_file='/home/abhijeet/rohan/cloud-emea/outputs//udpos/my-bert-base-multilingual-cased-MaxLen128_udpos_se_train_hi//train_en.log', eval_patience=-1, bpe_dropout=0, do_save_adapter_fusions=False, task_name='udpos', predict_task_adapter='output/udpos/my-bert-base-multilingual-cased-LR1e-4-epoch50-MaxLen128-TrainLanghi_hi_s3/checkpoint-best/udpos/', predict_lang_adapter=None, test_adapter=True, adapter_weight=None, lang_to_vec=None, calc_weight_step=0, predict_save_prefix='', en_weight=None, temperature=1.0, get_attr=False, topk=1, task='udpos')
12/01/2021 12:58:18 - INFO - __main__ -   Loading pretrained model and tokenizer
12/01/2021 12:58:21 - INFO - __main__ -   loading from existing model bert-base-multilingual-cased
12/01/2021 12:58:26 - INFO - __main__ -   Using lang2id = None
12/01/2021 12:58:26 - INFO - __main__ -   Evaluating the model on test set of all the languages specified
12/01/2021 12:58:26 - INFO - __main__ -   Task Adapter will be loaded from this path output/udpos/my-bert-base-multilingual-cased-LR1e-4-epoch50-MaxLen128-TrainLanghi_hi_s3/checkpoint-best/udpos/
12/01/2021 12:58:26 - INFO - root -   Trying to decide if add adapter
12/01/2021 12:58:26 - INFO - root -   loading task adapter
12/01/2021 12:58:27 - INFO - root -   loading lang adpater se/wiki@ukp
12/01/2021 12:58:27 - INFO - __main__ -   Adapter Languages : ['se'], Length : 1
12/01/2021 12:58:27 - INFO - __main__ -   Adapter Names ['se/wiki@ukp'], Length : 1
12/01/2021 12:58:27 - INFO - __main__ -   Language = se
12/01/2021 12:58:27 - INFO - __main__ -   Adapter Name = se/wiki@ukp
12/01/2021 12:58:31 - INFO - __main__ -   Language adapter for hi not found, using se instead
12/01/2021 12:58:31 - INFO - __main__ -   Set active language adapter to se
12/01/2021 12:58:31 - INFO - __main__ -   Args Adapter Weight = None
12/01/2021 12:58:31 - INFO - __main__ -   Adapter Languages = ['se']
12/01/2021 12:58:31 - INFO - __main__ -   Loading features from cached file /home/abhijeet/rohan/cloud-emea/data//udpos/udpos_processed_maxlen128/cached_test_hi_bert-base-multilingual-cased_128
12/01/2021 12:58:32 - INFO - __main__ -   ***** Running evaluation  in hi *****
12/01/2021 12:58:32 - INFO - __main__ -     Num examples = 2685
12/01/2021 12:58:32 - INFO - __main__ -     Batch size = 32
12/01/2021 12:58:32 - INFO - __main__ -   Batch number = 1
12/01/2021 12:58:32 - INFO - __main__ -   Batch number = 2
12/01/2021 12:58:32 - INFO - __main__ -   Batch number = 3
12/01/2021 12:58:32 - INFO - __main__ -   Batch number = 4
12/01/2021 12:58:32 - INFO - __main__ -   Batch number = 5
12/01/2021 12:58:32 - INFO - __main__ -   Batch number = 6
12/01/2021 12:58:33 - INFO - __main__ -   Batch number = 7
12/01/2021 12:58:33 - INFO - __main__ -   Batch number = 8
12/01/2021 12:58:33 - INFO - __main__ -   Batch number = 9
12/01/2021 12:58:33 - INFO - __main__ -   Batch number = 10
12/01/2021 12:58:33 - INFO - __main__ -   Batch number = 11
12/01/2021 12:58:33 - INFO - __main__ -   Batch number = 12
12/01/2021 12:58:33 - INFO - __main__ -   Batch number = 13
12/01/2021 12:58:34 - INFO - __main__ -   Batch number = 14
12/01/2021 12:58:34 - INFO - __main__ -   Batch number = 15
12/01/2021 12:58:34 - INFO - __main__ -   Batch number = 16
12/01/2021 12:58:34 - INFO - __main__ -   Batch number = 17
12/01/2021 12:58:34 - INFO - __main__ -   Batch number = 18
12/01/2021 12:58:34 - INFO - __main__ -   Batch number = 19
12/01/2021 12:58:34 - INFO - __main__ -   Batch number = 20
12/01/2021 12:58:35 - INFO - __main__ -   Batch number = 21
12/01/2021 12:58:35 - INFO - __main__ -   Batch number = 22
12/01/2021 12:58:35 - INFO - __main__ -   Batch number = 23
12/01/2021 12:58:35 - INFO - __main__ -   Batch number = 24
12/01/2021 12:58:35 - INFO - __main__ -   Batch number = 25
12/01/2021 12:58:35 - INFO - __main__ -   Batch number = 26
12/01/2021 12:58:35 - INFO - __main__ -   Batch number = 27
12/01/2021 12:58:36 - INFO - __main__ -   Batch number = 28
12/01/2021 12:58:36 - INFO - __main__ -   Batch number = 29
12/01/2021 12:58:36 - INFO - __main__ -   Batch number = 30
12/01/2021 12:58:36 - INFO - __main__ -   Batch number = 31
12/01/2021 12:58:36 - INFO - __main__ -   Batch number = 32
12/01/2021 12:58:36 - INFO - __main__ -   Batch number = 33
12/01/2021 12:58:36 - INFO - __main__ -   Batch number = 34
12/01/2021 12:58:37 - INFO - __main__ -   Batch number = 35
12/01/2021 12:58:37 - INFO - __main__ -   Batch number = 36
12/01/2021 12:58:37 - INFO - __main__ -   Batch number = 37
12/01/2021 12:58:37 - INFO - __main__ -   Batch number = 38
12/01/2021 12:58:37 - INFO - __main__ -   Batch number = 39
12/01/2021 12:58:37 - INFO - __main__ -   Batch number = 40
12/01/2021 12:58:37 - INFO - __main__ -   Batch number = 41
12/01/2021 12:58:38 - INFO - __main__ -   Batch number = 42
12/01/2021 12:58:38 - INFO - __main__ -   Batch number = 43
12/01/2021 12:58:38 - INFO - __main__ -   Batch number = 44
12/01/2021 12:58:38 - INFO - __main__ -   Batch number = 45
12/01/2021 12:58:38 - INFO - __main__ -   Batch number = 46
12/01/2021 12:58:38 - INFO - __main__ -   Batch number = 47
12/01/2021 12:58:38 - INFO - __main__ -   Batch number = 48
12/01/2021 12:58:39 - INFO - __main__ -   Batch number = 49
12/01/2021 12:58:39 - INFO - __main__ -   Batch number = 50
12/01/2021 12:58:39 - INFO - __main__ -   Batch number = 51
12/01/2021 12:58:39 - INFO - __main__ -   Batch number = 52
12/01/2021 12:58:39 - INFO - __main__ -   Batch number = 53
12/01/2021 12:58:39 - INFO - __main__ -   Batch number = 54
12/01/2021 12:58:40 - INFO - __main__ -   Batch number = 55
12/01/2021 12:58:40 - INFO - __main__ -   Batch number = 56
12/01/2021 12:58:40 - INFO - __main__ -   Batch number = 57
12/01/2021 12:58:40 - INFO - __main__ -   Batch number = 58
12/01/2021 12:58:40 - INFO - __main__ -   Batch number = 59
12/01/2021 12:58:40 - INFO - __main__ -   Batch number = 60
12/01/2021 12:58:40 - INFO - __main__ -   Batch number = 61
12/01/2021 12:58:41 - INFO - __main__ -   Batch number = 62
12/01/2021 12:58:41 - INFO - __main__ -   Batch number = 63
12/01/2021 12:58:41 - INFO - __main__ -   Batch number = 64
12/01/2021 12:58:41 - INFO - __main__ -   Batch number = 65
12/01/2021 12:58:41 - INFO - __main__ -   Batch number = 66
12/01/2021 12:58:41 - INFO - __main__ -   Batch number = 67
12/01/2021 12:58:41 - INFO - __main__ -   Batch number = 68
12/01/2021 12:58:42 - INFO - __main__ -   Batch number = 69
12/01/2021 12:58:42 - INFO - __main__ -   Batch number = 70
12/01/2021 12:58:42 - INFO - __main__ -   Batch number = 71
12/01/2021 12:58:42 - INFO - __main__ -   Batch number = 72
12/01/2021 12:58:42 - INFO - __main__ -   Batch number = 73
12/01/2021 12:58:42 - INFO - __main__ -   Batch number = 74
12/01/2021 12:58:42 - INFO - __main__ -   Batch number = 75
12/01/2021 12:58:43 - INFO - __main__ -   Batch number = 76
12/01/2021 12:58:43 - INFO - __main__ -   Batch number = 77
12/01/2021 12:58:43 - INFO - __main__ -   Batch number = 78
12/01/2021 12:58:43 - INFO - __main__ -   Batch number = 79
12/01/2021 12:58:43 - INFO - __main__ -   Batch number = 80
12/01/2021 12:58:43 - INFO - __main__ -   Batch number = 81
12/01/2021 12:58:44 - INFO - __main__ -   Batch number = 82
12/01/2021 12:58:44 - INFO - __main__ -   Batch number = 83
12/01/2021 12:58:44 - INFO - __main__ -   Batch number = 84
12/01/2021 12:58:45 - INFO - __main__ -   ***** Evaluation result  in hi *****
12/01/2021 12:58:45 - INFO - __main__ -     f1 = 0.771056654107155
12/01/2021 12:58:45 - INFO - __main__ -     loss = 0.6732163972088269
12/01/2021 12:58:45 - INFO - __main__ -     precision = 0.7841343392938473
12/01/2021 12:58:45 - INFO - __main__ -     recall = 0.7584080288056385
12/01/2021 16:03:13 - INFO - root -   Input args: ModelArguments(model_name_or_path='bert-base-multilingual-cased', model_type='bert', config_name=None, tokenizer_name=None, cache_dir=None, labels='/home/abhijeet/rohan/cloud-emea/data//udpos/udpos_processed_maxlen128//labels.txt', data_dir='/home/abhijeet/rohan/cloud-emea/data//udpos/udpos_processed_maxlen128/', output_dir='/home/abhijeet/rohan/cloud-emea/outputs//udpos/my-bert-base-multilingual-cased-MaxLen128_udpos_se_train_hi/', max_seq_length=128, do_train=False, do_eval=False, do_predict=True, do_adapter_predict=False, do_predict_dev=False, do_predict_train=False, init_checkpoint=None, evaluate_during_training=False, do_lower_case=False, few_shot=-1, per_gpu_train_batch_size=8, per_gpu_eval_batch_size=32, gradient_accumulation_steps=4, learning_rate=5e-05, weight_decay=0.0, adam_epsilon=1e-08, max_grad_norm=1.0, num_train_epochs=50.0, max_steps=-1, save_steps=1000, warmup_steps=0, logging_steps=50, save_only_best_checkpoint=True, eval_all_checkpoints=True, no_cuda=False, overwrite_output_dir=True, overwrite_cache=False, seed=1, fp16=False, fp16_opt_level='O1', local_rank=-1, server_ip='', server_port='', predict_langs='hu', train_langs='hi', log_file='/home/abhijeet/rohan/cloud-emea/outputs//udpos/my-bert-base-multilingual-cased-MaxLen128_udpos_se_train_hi//train_en.log', eval_patience=-1, bpe_dropout=0, do_save_adapter_fusions=False, task_name='udpos', predict_task_adapter='output/udpos/my-bert-base-multilingual-cased-LR1e-4-epoch50-MaxLen128-TrainLanghi_hi_s1/checkpoint-best/udpos/', predict_lang_adapter=None, test_adapter=True, adapter_weight=None, lang_to_vec=None, calc_weight_step=0, predict_save_prefix='', en_weight=None, temperature=1.0, get_attr=False, topk=1, task='udpos')
12/01/2021 16:03:13 - WARNING - __main__ -   Process rank: -1, device: cuda, n_gpu: 1, distributed training: False, 16-bits training: False
12/01/2021 16:03:13 - INFO - __main__ -   Seed = 1
12/01/2021 16:03:13 - INFO - root -   save model
12/01/2021 16:03:13 - INFO - __main__ -   Training/evaluation parameters ModelArguments(model_name_or_path='bert-base-multilingual-cased', model_type='bert', config_name=None, tokenizer_name=None, cache_dir=None, labels='/home/abhijeet/rohan/cloud-emea/data//udpos/udpos_processed_maxlen128//labels.txt', data_dir='/home/abhijeet/rohan/cloud-emea/data//udpos/udpos_processed_maxlen128/', output_dir='/home/abhijeet/rohan/cloud-emea/outputs//udpos/my-bert-base-multilingual-cased-MaxLen128_udpos_se_train_hi/', max_seq_length=128, do_train=False, do_eval=False, do_predict=True, do_adapter_predict=False, do_predict_dev=False, do_predict_train=False, init_checkpoint=None, evaluate_during_training=False, do_lower_case=False, few_shot=-1, per_gpu_train_batch_size=8, per_gpu_eval_batch_size=32, gradient_accumulation_steps=4, learning_rate=5e-05, weight_decay=0.0, adam_epsilon=1e-08, max_grad_norm=1.0, num_train_epochs=50.0, max_steps=-1, save_steps=1000, warmup_steps=0, logging_steps=50, save_only_best_checkpoint=True, eval_all_checkpoints=True, no_cuda=False, overwrite_output_dir=True, overwrite_cache=False, seed=1, fp16=False, fp16_opt_level='O1', local_rank=-1, server_ip='', server_port='', predict_langs='hu', train_langs='hi', log_file='/home/abhijeet/rohan/cloud-emea/outputs//udpos/my-bert-base-multilingual-cased-MaxLen128_udpos_se_train_hi//train_en.log', eval_patience=-1, bpe_dropout=0, do_save_adapter_fusions=False, task_name='udpos', predict_task_adapter='output/udpos/my-bert-base-multilingual-cased-LR1e-4-epoch50-MaxLen128-TrainLanghi_hi_s1/checkpoint-best/udpos/', predict_lang_adapter=None, test_adapter=True, adapter_weight=None, lang_to_vec=None, calc_weight_step=0, predict_save_prefix='', en_weight=None, temperature=1.0, get_attr=False, topk=1, task='udpos')
12/01/2021 16:03:13 - INFO - __main__ -   Loading pretrained model and tokenizer
12/01/2021 16:03:15 - INFO - __main__ -   loading from existing model bert-base-multilingual-cased
12/01/2021 16:03:21 - INFO - __main__ -   Using lang2id = None
12/01/2021 16:03:21 - INFO - __main__ -   Evaluating the model on test set of all the languages specified
12/01/2021 16:03:21 - INFO - __main__ -   Task Adapter will be loaded from this path output/udpos/my-bert-base-multilingual-cased-LR1e-4-epoch50-MaxLen128-TrainLanghi_hi_s1/checkpoint-best/udpos/
12/01/2021 16:03:21 - INFO - root -   Trying to decide if add adapter
12/01/2021 16:03:21 - INFO - root -   loading task adapter
12/01/2021 16:03:21 - INFO - root -   loading lang adpater se/wiki@ukp
12/01/2021 16:03:21 - INFO - __main__ -   Adapter Languages : ['se'], Length : 1
12/01/2021 16:03:21 - INFO - __main__ -   Adapter Names ['se/wiki@ukp'], Length : 1
12/01/2021 16:03:21 - INFO - __main__ -   Language = se
12/01/2021 16:03:21 - INFO - __main__ -   Adapter Name = se/wiki@ukp
12/01/2021 16:03:26 - INFO - __main__ -   Language adapter for hu not found, using se instead
12/01/2021 16:03:26 - INFO - __main__ -   Set active language adapter to se
12/01/2021 16:03:26 - INFO - __main__ -   Args Adapter Weight = None
12/01/2021 16:03:26 - INFO - __main__ -   Adapter Languages = ['se']
12/01/2021 16:03:26 - INFO - __main__ -   Loading features from cached file /home/abhijeet/rohan/cloud-emea/data//udpos/udpos_processed_maxlen128/cached_test_hu_bert-base-multilingual-cased_128
12/01/2021 16:03:26 - INFO - __main__ -   ***** Running evaluation  in hu *****
12/01/2021 16:03:26 - INFO - __main__ -     Num examples = 451
12/01/2021 16:03:26 - INFO - __main__ -     Batch size = 32
12/01/2021 16:03:26 - INFO - __main__ -   Batch number = 1
12/01/2021 16:03:26 - INFO - __main__ -   Batch number = 2
12/01/2021 16:03:27 - INFO - __main__ -   Batch number = 3
12/01/2021 16:03:27 - INFO - __main__ -   Batch number = 4
12/01/2021 16:03:27 - INFO - __main__ -   Batch number = 5
12/01/2021 16:03:27 - INFO - __main__ -   Batch number = 6
12/01/2021 16:03:27 - INFO - __main__ -   Batch number = 7
12/01/2021 16:03:27 - INFO - __main__ -   Batch number = 8
12/01/2021 16:03:27 - INFO - __main__ -   Batch number = 9
12/01/2021 16:03:28 - INFO - __main__ -   Batch number = 10
12/01/2021 16:03:28 - INFO - __main__ -   Batch number = 11
12/01/2021 16:03:28 - INFO - __main__ -   Batch number = 12
12/01/2021 16:03:28 - INFO - __main__ -   Batch number = 13
12/01/2021 16:03:28 - INFO - __main__ -   Batch number = 14
12/01/2021 16:03:28 - INFO - __main__ -   Batch number = 15
12/01/2021 16:03:28 - INFO - __main__ -   ***** Evaluation result  in hu *****
12/01/2021 16:03:28 - INFO - __main__ -     f1 = 0.5107901444350043
12/01/2021 16:03:28 - INFO - __main__ -     loss = 1.851920239130656
12/01/2021 16:03:28 - INFO - __main__ -     precision = 0.5469432314410481
12/01/2021 16:03:28 - INFO - __main__ -     recall = 0.4791201785145043
12/01/2021 16:03:31 - INFO - root -   Input args: ModelArguments(model_name_or_path='bert-base-multilingual-cased', model_type='bert', config_name=None, tokenizer_name=None, cache_dir=None, labels='/home/abhijeet/rohan/cloud-emea/data//udpos/udpos_processed_maxlen128//labels.txt', data_dir='/home/abhijeet/rohan/cloud-emea/data//udpos/udpos_processed_maxlen128/', output_dir='/home/abhijeet/rohan/cloud-emea/outputs//udpos/my-bert-base-multilingual-cased-MaxLen128_udpos_se_train_hi/', max_seq_length=128, do_train=False, do_eval=False, do_predict=True, do_adapter_predict=False, do_predict_dev=False, do_predict_train=False, init_checkpoint=None, evaluate_during_training=False, do_lower_case=False, few_shot=-1, per_gpu_train_batch_size=8, per_gpu_eval_batch_size=32, gradient_accumulation_steps=4, learning_rate=5e-05, weight_decay=0.0, adam_epsilon=1e-08, max_grad_norm=1.0, num_train_epochs=50.0, max_steps=-1, save_steps=1000, warmup_steps=0, logging_steps=50, save_only_best_checkpoint=True, eval_all_checkpoints=True, no_cuda=False, overwrite_output_dir=True, overwrite_cache=False, seed=2, fp16=False, fp16_opt_level='O1', local_rank=-1, server_ip='', server_port='', predict_langs='hu', train_langs='hi', log_file='/home/abhijeet/rohan/cloud-emea/outputs//udpos/my-bert-base-multilingual-cased-MaxLen128_udpos_se_train_hi//train_en.log', eval_patience=-1, bpe_dropout=0, do_save_adapter_fusions=False, task_name='udpos', predict_task_adapter='output/udpos/my-bert-base-multilingual-cased-LR1e-4-epoch50-MaxLen128-TrainLanghi_hi_s2/checkpoint-best/udpos/', predict_lang_adapter=None, test_adapter=True, adapter_weight=None, lang_to_vec=None, calc_weight_step=0, predict_save_prefix='', en_weight=None, temperature=1.0, get_attr=False, topk=1, task='udpos')
12/01/2021 16:03:31 - WARNING - __main__ -   Process rank: -1, device: cuda, n_gpu: 1, distributed training: False, 16-bits training: False
12/01/2021 16:03:31 - INFO - __main__ -   Seed = 2
12/01/2021 16:03:31 - INFO - root -   save model
12/01/2021 16:03:31 - INFO - __main__ -   Training/evaluation parameters ModelArguments(model_name_or_path='bert-base-multilingual-cased', model_type='bert', config_name=None, tokenizer_name=None, cache_dir=None, labels='/home/abhijeet/rohan/cloud-emea/data//udpos/udpos_processed_maxlen128//labels.txt', data_dir='/home/abhijeet/rohan/cloud-emea/data//udpos/udpos_processed_maxlen128/', output_dir='/home/abhijeet/rohan/cloud-emea/outputs//udpos/my-bert-base-multilingual-cased-MaxLen128_udpos_se_train_hi/', max_seq_length=128, do_train=False, do_eval=False, do_predict=True, do_adapter_predict=False, do_predict_dev=False, do_predict_train=False, init_checkpoint=None, evaluate_during_training=False, do_lower_case=False, few_shot=-1, per_gpu_train_batch_size=8, per_gpu_eval_batch_size=32, gradient_accumulation_steps=4, learning_rate=5e-05, weight_decay=0.0, adam_epsilon=1e-08, max_grad_norm=1.0, num_train_epochs=50.0, max_steps=-1, save_steps=1000, warmup_steps=0, logging_steps=50, save_only_best_checkpoint=True, eval_all_checkpoints=True, no_cuda=False, overwrite_output_dir=True, overwrite_cache=False, seed=2, fp16=False, fp16_opt_level='O1', local_rank=-1, server_ip='', server_port='', predict_langs='hu', train_langs='hi', log_file='/home/abhijeet/rohan/cloud-emea/outputs//udpos/my-bert-base-multilingual-cased-MaxLen128_udpos_se_train_hi//train_en.log', eval_patience=-1, bpe_dropout=0, do_save_adapter_fusions=False, task_name='udpos', predict_task_adapter='output/udpos/my-bert-base-multilingual-cased-LR1e-4-epoch50-MaxLen128-TrainLanghi_hi_s2/checkpoint-best/udpos/', predict_lang_adapter=None, test_adapter=True, adapter_weight=None, lang_to_vec=None, calc_weight_step=0, predict_save_prefix='', en_weight=None, temperature=1.0, get_attr=False, topk=1, task='udpos')
12/01/2021 16:03:31 - INFO - __main__ -   Loading pretrained model and tokenizer
12/01/2021 16:03:33 - INFO - __main__ -   loading from existing model bert-base-multilingual-cased
12/01/2021 16:03:39 - INFO - __main__ -   Using lang2id = None
12/01/2021 16:03:39 - INFO - __main__ -   Evaluating the model on test set of all the languages specified
12/01/2021 16:03:39 - INFO - __main__ -   Task Adapter will be loaded from this path output/udpos/my-bert-base-multilingual-cased-LR1e-4-epoch50-MaxLen128-TrainLanghi_hi_s2/checkpoint-best/udpos/
12/01/2021 16:03:39 - INFO - root -   Trying to decide if add adapter
12/01/2021 16:03:39 - INFO - root -   loading task adapter
12/01/2021 16:03:39 - INFO - root -   loading lang adpater se/wiki@ukp
12/01/2021 16:03:39 - INFO - __main__ -   Adapter Languages : ['se'], Length : 1
12/01/2021 16:03:39 - INFO - __main__ -   Adapter Names ['se/wiki@ukp'], Length : 1
12/01/2021 16:03:39 - INFO - __main__ -   Language = se
12/01/2021 16:03:39 - INFO - __main__ -   Adapter Name = se/wiki@ukp
12/01/2021 16:03:43 - INFO - __main__ -   Language adapter for hu not found, using se instead
12/01/2021 16:03:43 - INFO - __main__ -   Set active language adapter to se
12/01/2021 16:03:43 - INFO - __main__ -   Args Adapter Weight = None
12/01/2021 16:03:43 - INFO - __main__ -   Adapter Languages = ['se']
12/01/2021 16:03:43 - INFO - __main__ -   Loading features from cached file /home/abhijeet/rohan/cloud-emea/data//udpos/udpos_processed_maxlen128/cached_test_hu_bert-base-multilingual-cased_128
12/01/2021 16:03:44 - INFO - __main__ -   ***** Running evaluation  in hu *****
12/01/2021 16:03:44 - INFO - __main__ -     Num examples = 451
12/01/2021 16:03:44 - INFO - __main__ -     Batch size = 32
12/01/2021 16:03:44 - INFO - __main__ -   Batch number = 1
12/01/2021 16:03:44 - INFO - __main__ -   Batch number = 2
12/01/2021 16:03:44 - INFO - __main__ -   Batch number = 3
12/01/2021 16:03:44 - INFO - __main__ -   Batch number = 4
12/01/2021 16:03:44 - INFO - __main__ -   Batch number = 5
12/01/2021 16:03:44 - INFO - __main__ -   Batch number = 6
12/01/2021 16:03:44 - INFO - __main__ -   Batch number = 7
12/01/2021 16:03:45 - INFO - __main__ -   Batch number = 8
12/01/2021 16:03:45 - INFO - __main__ -   Batch number = 9
12/01/2021 16:03:45 - INFO - __main__ -   Batch number = 10
12/01/2021 16:03:45 - INFO - __main__ -   Batch number = 11
12/01/2021 16:03:45 - INFO - __main__ -   Batch number = 12
12/01/2021 16:03:45 - INFO - __main__ -   Batch number = 13
12/01/2021 16:03:45 - INFO - __main__ -   Batch number = 14
12/01/2021 16:03:46 - INFO - __main__ -   Batch number = 15
12/01/2021 16:03:46 - INFO - __main__ -   ***** Evaluation result  in hu *****
12/01/2021 16:03:46 - INFO - __main__ -     f1 = 0.5755670948346544
12/01/2021 16:03:46 - INFO - __main__ -     loss = 1.3913004954655965
12/01/2021 16:03:46 - INFO - __main__ -     precision = 0.5926384511481315
12/01/2021 16:03:46 - INFO - __main__ -     recall = 0.5594517054510679
12/01/2021 16:03:48 - INFO - root -   Input args: ModelArguments(model_name_or_path='bert-base-multilingual-cased', model_type='bert', config_name=None, tokenizer_name=None, cache_dir=None, labels='/home/abhijeet/rohan/cloud-emea/data//udpos/udpos_processed_maxlen128//labels.txt', data_dir='/home/abhijeet/rohan/cloud-emea/data//udpos/udpos_processed_maxlen128/', output_dir='/home/abhijeet/rohan/cloud-emea/outputs//udpos/my-bert-base-multilingual-cased-MaxLen128_udpos_se_train_hi/', max_seq_length=128, do_train=False, do_eval=False, do_predict=True, do_adapter_predict=False, do_predict_dev=False, do_predict_train=False, init_checkpoint=None, evaluate_during_training=False, do_lower_case=False, few_shot=-1, per_gpu_train_batch_size=8, per_gpu_eval_batch_size=32, gradient_accumulation_steps=4, learning_rate=5e-05, weight_decay=0.0, adam_epsilon=1e-08, max_grad_norm=1.0, num_train_epochs=50.0, max_steps=-1, save_steps=1000, warmup_steps=0, logging_steps=50, save_only_best_checkpoint=True, eval_all_checkpoints=True, no_cuda=False, overwrite_output_dir=True, overwrite_cache=False, seed=3, fp16=False, fp16_opt_level='O1', local_rank=-1, server_ip='', server_port='', predict_langs='hu', train_langs='hi', log_file='/home/abhijeet/rohan/cloud-emea/outputs//udpos/my-bert-base-multilingual-cased-MaxLen128_udpos_se_train_hi//train_en.log', eval_patience=-1, bpe_dropout=0, do_save_adapter_fusions=False, task_name='udpos', predict_task_adapter='output/udpos/my-bert-base-multilingual-cased-LR1e-4-epoch50-MaxLen128-TrainLanghi_hi_s3/checkpoint-best/udpos/', predict_lang_adapter=None, test_adapter=True, adapter_weight=None, lang_to_vec=None, calc_weight_step=0, predict_save_prefix='', en_weight=None, temperature=1.0, get_attr=False, topk=1, task='udpos')
12/01/2021 16:03:48 - WARNING - __main__ -   Process rank: -1, device: cuda, n_gpu: 1, distributed training: False, 16-bits training: False
12/01/2021 16:03:48 - INFO - __main__ -   Seed = 3
12/01/2021 16:03:48 - INFO - root -   save model
12/01/2021 16:03:48 - INFO - __main__ -   Training/evaluation parameters ModelArguments(model_name_or_path='bert-base-multilingual-cased', model_type='bert', config_name=None, tokenizer_name=None, cache_dir=None, labels='/home/abhijeet/rohan/cloud-emea/data//udpos/udpos_processed_maxlen128//labels.txt', data_dir='/home/abhijeet/rohan/cloud-emea/data//udpos/udpos_processed_maxlen128/', output_dir='/home/abhijeet/rohan/cloud-emea/outputs//udpos/my-bert-base-multilingual-cased-MaxLen128_udpos_se_train_hi/', max_seq_length=128, do_train=False, do_eval=False, do_predict=True, do_adapter_predict=False, do_predict_dev=False, do_predict_train=False, init_checkpoint=None, evaluate_during_training=False, do_lower_case=False, few_shot=-1, per_gpu_train_batch_size=8, per_gpu_eval_batch_size=32, gradient_accumulation_steps=4, learning_rate=5e-05, weight_decay=0.0, adam_epsilon=1e-08, max_grad_norm=1.0, num_train_epochs=50.0, max_steps=-1, save_steps=1000, warmup_steps=0, logging_steps=50, save_only_best_checkpoint=True, eval_all_checkpoints=True, no_cuda=False, overwrite_output_dir=True, overwrite_cache=False, seed=3, fp16=False, fp16_opt_level='O1', local_rank=-1, server_ip='', server_port='', predict_langs='hu', train_langs='hi', log_file='/home/abhijeet/rohan/cloud-emea/outputs//udpos/my-bert-base-multilingual-cased-MaxLen128_udpos_se_train_hi//train_en.log', eval_patience=-1, bpe_dropout=0, do_save_adapter_fusions=False, task_name='udpos', predict_task_adapter='output/udpos/my-bert-base-multilingual-cased-LR1e-4-epoch50-MaxLen128-TrainLanghi_hi_s3/checkpoint-best/udpos/', predict_lang_adapter=None, test_adapter=True, adapter_weight=None, lang_to_vec=None, calc_weight_step=0, predict_save_prefix='', en_weight=None, temperature=1.0, get_attr=False, topk=1, task='udpos')
12/01/2021 16:03:48 - INFO - __main__ -   Loading pretrained model and tokenizer
12/01/2021 16:03:50 - INFO - __main__ -   loading from existing model bert-base-multilingual-cased
12/01/2021 16:03:56 - INFO - __main__ -   Using lang2id = None
12/01/2021 16:03:56 - INFO - __main__ -   Evaluating the model on test set of all the languages specified
12/01/2021 16:03:56 - INFO - __main__ -   Task Adapter will be loaded from this path output/udpos/my-bert-base-multilingual-cased-LR1e-4-epoch50-MaxLen128-TrainLanghi_hi_s3/checkpoint-best/udpos/
12/01/2021 16:03:56 - INFO - root -   Trying to decide if add adapter
12/01/2021 16:03:56 - INFO - root -   loading task adapter
12/01/2021 16:03:56 - INFO - root -   loading lang adpater se/wiki@ukp
12/01/2021 16:03:56 - INFO - __main__ -   Adapter Languages : ['se'], Length : 1
12/01/2021 16:03:56 - INFO - __main__ -   Adapter Names ['se/wiki@ukp'], Length : 1
12/01/2021 16:03:56 - INFO - __main__ -   Language = se
12/01/2021 16:03:56 - INFO - __main__ -   Adapter Name = se/wiki@ukp
12/01/2021 16:04:00 - INFO - __main__ -   Language adapter for hu not found, using se instead
12/01/2021 16:04:00 - INFO - __main__ -   Set active language adapter to se
12/01/2021 16:04:00 - INFO - __main__ -   Args Adapter Weight = None
12/01/2021 16:04:00 - INFO - __main__ -   Adapter Languages = ['se']
12/01/2021 16:04:00 - INFO - __main__ -   Loading features from cached file /home/abhijeet/rohan/cloud-emea/data//udpos/udpos_processed_maxlen128/cached_test_hu_bert-base-multilingual-cased_128
12/01/2021 16:04:01 - INFO - __main__ -   ***** Running evaluation  in hu *****
12/01/2021 16:04:01 - INFO - __main__ -     Num examples = 451
12/01/2021 16:04:01 - INFO - __main__ -     Batch size = 32
12/01/2021 16:04:01 - INFO - __main__ -   Batch number = 1
12/01/2021 16:04:01 - INFO - __main__ -   Batch number = 2
12/01/2021 16:04:01 - INFO - __main__ -   Batch number = 3
12/01/2021 16:04:01 - INFO - __main__ -   Batch number = 4
12/01/2021 16:04:01 - INFO - __main__ -   Batch number = 5
12/01/2021 16:04:01 - INFO - __main__ -   Batch number = 6
12/01/2021 16:04:01 - INFO - __main__ -   Batch number = 7
12/01/2021 16:04:01 - INFO - __main__ -   Batch number = 8
12/01/2021 16:04:02 - INFO - __main__ -   Batch number = 9
12/01/2021 16:04:02 - INFO - __main__ -   Batch number = 10
12/01/2021 16:04:02 - INFO - __main__ -   Batch number = 11
12/01/2021 16:04:02 - INFO - __main__ -   Batch number = 12
12/01/2021 16:04:02 - INFO - __main__ -   Batch number = 13
12/01/2021 16:04:02 - INFO - __main__ -   Batch number = 14
12/01/2021 16:04:02 - INFO - __main__ -   Batch number = 15
12/01/2021 16:04:03 - INFO - __main__ -   ***** Evaluation result  in hu *****
12/01/2021 16:04:03 - INFO - __main__ -     f1 = 0.5189272707206711
12/01/2021 16:04:03 - INFO - __main__ -     loss = 1.696558984120687
12/01/2021 16:04:03 - INFO - __main__ -     precision = 0.5397772930777178
12/01/2021 16:04:03 - INFO - __main__ -     recall = 0.4996280947827011
01/13/2022 01:00:19 - INFO - root -   Input args: ModelArguments(model_name_or_path='bert-base-multilingual-cased', model_type='bert', config_name=None, tokenizer_name=None, cache_dir=None, labels='/home/abhijeet/rohan/cloud-emea-copy/data//udpos/udpos_processed_maxlen128//labels.txt', data_dir='/home/abhijeet/rohan/cloud-emea-copy/data//udpos/udpos_processed_maxlen128/', output_dir='/home/abhijeet/rohan/cloud-emea-copy/outputs//udpos/my-bert-base-multilingual-cased-MaxLen128_udpos_se_train_hi/', max_seq_length=128, do_train=False, do_eval=False, do_predict=True, do_adapter_predict=False, do_predict_dev=False, do_predict_train=False, init_checkpoint=None, evaluate_during_training=False, do_lower_case=False, few_shot=-1, per_gpu_train_batch_size=8, per_gpu_eval_batch_size=32, gradient_accumulation_steps=4, learning_rate=5e-05, weight_decay=0.0, adam_epsilon=1e-08, max_grad_norm=1.0, num_train_epochs=50.0, max_steps=-1, save_steps=1000, warmup_steps=0, logging_steps=50, save_only_best_checkpoint=True, eval_all_checkpoints=True, no_cuda=False, overwrite_output_dir=True, overwrite_cache=False, seed=1, fp16=False, fp16_opt_level='O1', local_rank=-1, server_ip='', server_port='', predict_langs='sw', train_langs='hi', log_file='/home/abhijeet/rohan/cloud-emea-copy/outputs//udpos/my-bert-base-multilingual-cased-MaxLen128_udpos_se_train_hi//train_en.log', eval_patience=-1, bpe_dropout=0, do_save_adapter_fusions=False, task_name='udpos', predict_task_adapter='output/udpos/my-bert-base-multilingual-cased-LR1e-4-epoch50-MaxLen128-TrainLanghi_hi_s1/checkpoint-best/udpos/', predict_lang_adapter=None, test_adapter=True, adapter_weight=None, lang_to_vec=None, calc_weight_step=0, predict_save_prefix='', en_weight=None, temperature=1.0, get_attr=False, topk=1, task='udpos')
01/13/2022 01:00:19 - WARNING - __main__ -   Process rank: -1, device: cuda, n_gpu: 1, distributed training: False, 16-bits training: False
01/13/2022 01:00:19 - INFO - __main__ -   Seed = 1
01/13/2022 01:00:19 - INFO - root -   save model
01/13/2022 01:00:19 - INFO - __main__ -   Training/evaluation parameters ModelArguments(model_name_or_path='bert-base-multilingual-cased', model_type='bert', config_name=None, tokenizer_name=None, cache_dir=None, labels='/home/abhijeet/rohan/cloud-emea-copy/data//udpos/udpos_processed_maxlen128//labels.txt', data_dir='/home/abhijeet/rohan/cloud-emea-copy/data//udpos/udpos_processed_maxlen128/', output_dir='/home/abhijeet/rohan/cloud-emea-copy/outputs//udpos/my-bert-base-multilingual-cased-MaxLen128_udpos_se_train_hi/', max_seq_length=128, do_train=False, do_eval=False, do_predict=True, do_adapter_predict=False, do_predict_dev=False, do_predict_train=False, init_checkpoint=None, evaluate_during_training=False, do_lower_case=False, few_shot=-1, per_gpu_train_batch_size=8, per_gpu_eval_batch_size=32, gradient_accumulation_steps=4, learning_rate=5e-05, weight_decay=0.0, adam_epsilon=1e-08, max_grad_norm=1.0, num_train_epochs=50.0, max_steps=-1, save_steps=1000, warmup_steps=0, logging_steps=50, save_only_best_checkpoint=True, eval_all_checkpoints=True, no_cuda=False, overwrite_output_dir=True, overwrite_cache=False, seed=1, fp16=False, fp16_opt_level='O1', local_rank=-1, server_ip='', server_port='', predict_langs='sw', train_langs='hi', log_file='/home/abhijeet/rohan/cloud-emea-copy/outputs//udpos/my-bert-base-multilingual-cased-MaxLen128_udpos_se_train_hi//train_en.log', eval_patience=-1, bpe_dropout=0, do_save_adapter_fusions=False, task_name='udpos', predict_task_adapter='output/udpos/my-bert-base-multilingual-cased-LR1e-4-epoch50-MaxLen128-TrainLanghi_hi_s1/checkpoint-best/udpos/', predict_lang_adapter=None, test_adapter=True, adapter_weight=None, lang_to_vec=None, calc_weight_step=0, predict_save_prefix='', en_weight=None, temperature=1.0, get_attr=False, topk=1, task='udpos')
01/13/2022 01:00:19 - INFO - __main__ -   Loading pretrained model and tokenizer
01/13/2022 01:00:22 - INFO - __main__ -   loading from existing model bert-base-multilingual-cased
01/13/2022 01:00:27 - INFO - __main__ -   Using lang2id = None
01/13/2022 01:00:27 - INFO - __main__ -   Evaluating the model on test set of all the languages specified
01/13/2022 01:00:27 - INFO - __main__ -   Task Adapter will be loaded from this path output/udpos/my-bert-base-multilingual-cased-LR1e-4-epoch50-MaxLen128-TrainLanghi_hi_s1/checkpoint-best/udpos/
01/13/2022 01:00:27 - INFO - root -   Trying to decide if add adapter
01/13/2022 01:00:27 - INFO - root -   loading task adapter
01/13/2022 01:00:27 - INFO - root -   loading lang adpater se/wiki@ukp
01/13/2022 01:00:27 - INFO - __main__ -   Adapter Languages : ['se'], Length : 1
01/13/2022 01:00:27 - INFO - __main__ -   Adapter Names ['se/wiki@ukp'], Length : 1
01/13/2022 01:00:27 - INFO - __main__ -   Language = se
01/13/2022 01:00:27 - INFO - __main__ -   Adapter Name = se/wiki@ukp
01/13/2022 01:00:35 - INFO - __main__ -   Language sw, split test does not exist
01/13/2022 01:00:37 - INFO - root -   Input args: ModelArguments(model_name_or_path='bert-base-multilingual-cased', model_type='bert', config_name=None, tokenizer_name=None, cache_dir=None, labels='/home/abhijeet/rohan/cloud-emea-copy/data//udpos/udpos_processed_maxlen128//labels.txt', data_dir='/home/abhijeet/rohan/cloud-emea-copy/data//udpos/udpos_processed_maxlen128/', output_dir='/home/abhijeet/rohan/cloud-emea-copy/outputs//udpos/my-bert-base-multilingual-cased-MaxLen128_udpos_se_train_hi/', max_seq_length=128, do_train=False, do_eval=False, do_predict=True, do_adapter_predict=False, do_predict_dev=False, do_predict_train=False, init_checkpoint=None, evaluate_during_training=False, do_lower_case=False, few_shot=-1, per_gpu_train_batch_size=8, per_gpu_eval_batch_size=32, gradient_accumulation_steps=4, learning_rate=5e-05, weight_decay=0.0, adam_epsilon=1e-08, max_grad_norm=1.0, num_train_epochs=50.0, max_steps=-1, save_steps=1000, warmup_steps=0, logging_steps=50, save_only_best_checkpoint=True, eval_all_checkpoints=True, no_cuda=False, overwrite_output_dir=True, overwrite_cache=False, seed=2, fp16=False, fp16_opt_level='O1', local_rank=-1, server_ip='', server_port='', predict_langs='sw', train_langs='hi', log_file='/home/abhijeet/rohan/cloud-emea-copy/outputs//udpos/my-bert-base-multilingual-cased-MaxLen128_udpos_se_train_hi//train_en.log', eval_patience=-1, bpe_dropout=0, do_save_adapter_fusions=False, task_name='udpos', predict_task_adapter='output/udpos/my-bert-base-multilingual-cased-LR1e-4-epoch50-MaxLen128-TrainLanghi_hi_s2/checkpoint-best/udpos/', predict_lang_adapter=None, test_adapter=True, adapter_weight=None, lang_to_vec=None, calc_weight_step=0, predict_save_prefix='', en_weight=None, temperature=1.0, get_attr=False, topk=1, task='udpos')
01/13/2022 01:00:37 - WARNING - __main__ -   Process rank: -1, device: cuda, n_gpu: 1, distributed training: False, 16-bits training: False
01/13/2022 01:00:37 - INFO - __main__ -   Seed = 2
01/13/2022 01:00:37 - INFO - root -   save model
01/13/2022 01:00:37 - INFO - __main__ -   Training/evaluation parameters ModelArguments(model_name_or_path='bert-base-multilingual-cased', model_type='bert', config_name=None, tokenizer_name=None, cache_dir=None, labels='/home/abhijeet/rohan/cloud-emea-copy/data//udpos/udpos_processed_maxlen128//labels.txt', data_dir='/home/abhijeet/rohan/cloud-emea-copy/data//udpos/udpos_processed_maxlen128/', output_dir='/home/abhijeet/rohan/cloud-emea-copy/outputs//udpos/my-bert-base-multilingual-cased-MaxLen128_udpos_se_train_hi/', max_seq_length=128, do_train=False, do_eval=False, do_predict=True, do_adapter_predict=False, do_predict_dev=False, do_predict_train=False, init_checkpoint=None, evaluate_during_training=False, do_lower_case=False, few_shot=-1, per_gpu_train_batch_size=8, per_gpu_eval_batch_size=32, gradient_accumulation_steps=4, learning_rate=5e-05, weight_decay=0.0, adam_epsilon=1e-08, max_grad_norm=1.0, num_train_epochs=50.0, max_steps=-1, save_steps=1000, warmup_steps=0, logging_steps=50, save_only_best_checkpoint=True, eval_all_checkpoints=True, no_cuda=False, overwrite_output_dir=True, overwrite_cache=False, seed=2, fp16=False, fp16_opt_level='O1', local_rank=-1, server_ip='', server_port='', predict_langs='sw', train_langs='hi', log_file='/home/abhijeet/rohan/cloud-emea-copy/outputs//udpos/my-bert-base-multilingual-cased-MaxLen128_udpos_se_train_hi//train_en.log', eval_patience=-1, bpe_dropout=0, do_save_adapter_fusions=False, task_name='udpos', predict_task_adapter='output/udpos/my-bert-base-multilingual-cased-LR1e-4-epoch50-MaxLen128-TrainLanghi_hi_s2/checkpoint-best/udpos/', predict_lang_adapter=None, test_adapter=True, adapter_weight=None, lang_to_vec=None, calc_weight_step=0, predict_save_prefix='', en_weight=None, temperature=1.0, get_attr=False, topk=1, task='udpos')
01/13/2022 01:00:37 - INFO - __main__ -   Loading pretrained model and tokenizer
01/13/2022 01:00:40 - INFO - __main__ -   loading from existing model bert-base-multilingual-cased
01/13/2022 01:00:45 - INFO - __main__ -   Using lang2id = None
01/13/2022 01:00:45 - INFO - __main__ -   Evaluating the model on test set of all the languages specified
01/13/2022 01:00:45 - INFO - __main__ -   Task Adapter will be loaded from this path output/udpos/my-bert-base-multilingual-cased-LR1e-4-epoch50-MaxLen128-TrainLanghi_hi_s2/checkpoint-best/udpos/
01/13/2022 01:00:45 - INFO - root -   Trying to decide if add adapter
01/13/2022 01:00:45 - INFO - root -   loading task adapter
01/13/2022 01:00:45 - INFO - root -   loading lang adpater se/wiki@ukp
01/13/2022 01:00:45 - INFO - __main__ -   Adapter Languages : ['se'], Length : 1
01/13/2022 01:00:45 - INFO - __main__ -   Adapter Names ['se/wiki@ukp'], Length : 1
01/13/2022 01:00:45 - INFO - __main__ -   Language = se
01/13/2022 01:00:45 - INFO - __main__ -   Adapter Name = se/wiki@ukp
01/13/2022 01:00:53 - INFO - __main__ -   Language sw, split test does not exist
01/13/2022 01:00:55 - INFO - root -   Input args: ModelArguments(model_name_or_path='bert-base-multilingual-cased', model_type='bert', config_name=None, tokenizer_name=None, cache_dir=None, labels='/home/abhijeet/rohan/cloud-emea-copy/data//udpos/udpos_processed_maxlen128//labels.txt', data_dir='/home/abhijeet/rohan/cloud-emea-copy/data//udpos/udpos_processed_maxlen128/', output_dir='/home/abhijeet/rohan/cloud-emea-copy/outputs//udpos/my-bert-base-multilingual-cased-MaxLen128_udpos_se_train_hi/', max_seq_length=128, do_train=False, do_eval=False, do_predict=True, do_adapter_predict=False, do_predict_dev=False, do_predict_train=False, init_checkpoint=None, evaluate_during_training=False, do_lower_case=False, few_shot=-1, per_gpu_train_batch_size=8, per_gpu_eval_batch_size=32, gradient_accumulation_steps=4, learning_rate=5e-05, weight_decay=0.0, adam_epsilon=1e-08, max_grad_norm=1.0, num_train_epochs=50.0, max_steps=-1, save_steps=1000, warmup_steps=0, logging_steps=50, save_only_best_checkpoint=True, eval_all_checkpoints=True, no_cuda=False, overwrite_output_dir=True, overwrite_cache=False, seed=3, fp16=False, fp16_opt_level='O1', local_rank=-1, server_ip='', server_port='', predict_langs='sw', train_langs='hi', log_file='/home/abhijeet/rohan/cloud-emea-copy/outputs//udpos/my-bert-base-multilingual-cased-MaxLen128_udpos_se_train_hi//train_en.log', eval_patience=-1, bpe_dropout=0, do_save_adapter_fusions=False, task_name='udpos', predict_task_adapter='output/udpos/my-bert-base-multilingual-cased-LR1e-4-epoch50-MaxLen128-TrainLanghi_hi_s3/checkpoint-best/udpos/', predict_lang_adapter=None, test_adapter=True, adapter_weight=None, lang_to_vec=None, calc_weight_step=0, predict_save_prefix='', en_weight=None, temperature=1.0, get_attr=False, topk=1, task='udpos')
01/13/2022 01:00:55 - WARNING - __main__ -   Process rank: -1, device: cuda, n_gpu: 1, distributed training: False, 16-bits training: False
01/13/2022 01:00:55 - INFO - __main__ -   Seed = 3
01/13/2022 01:00:55 - INFO - root -   save model
01/13/2022 01:00:55 - INFO - __main__ -   Training/evaluation parameters ModelArguments(model_name_or_path='bert-base-multilingual-cased', model_type='bert', config_name=None, tokenizer_name=None, cache_dir=None, labels='/home/abhijeet/rohan/cloud-emea-copy/data//udpos/udpos_processed_maxlen128//labels.txt', data_dir='/home/abhijeet/rohan/cloud-emea-copy/data//udpos/udpos_processed_maxlen128/', output_dir='/home/abhijeet/rohan/cloud-emea-copy/outputs//udpos/my-bert-base-multilingual-cased-MaxLen128_udpos_se_train_hi/', max_seq_length=128, do_train=False, do_eval=False, do_predict=True, do_adapter_predict=False, do_predict_dev=False, do_predict_train=False, init_checkpoint=None, evaluate_during_training=False, do_lower_case=False, few_shot=-1, per_gpu_train_batch_size=8, per_gpu_eval_batch_size=32, gradient_accumulation_steps=4, learning_rate=5e-05, weight_decay=0.0, adam_epsilon=1e-08, max_grad_norm=1.0, num_train_epochs=50.0, max_steps=-1, save_steps=1000, warmup_steps=0, logging_steps=50, save_only_best_checkpoint=True, eval_all_checkpoints=True, no_cuda=False, overwrite_output_dir=True, overwrite_cache=False, seed=3, fp16=False, fp16_opt_level='O1', local_rank=-1, server_ip='', server_port='', predict_langs='sw', train_langs='hi', log_file='/home/abhijeet/rohan/cloud-emea-copy/outputs//udpos/my-bert-base-multilingual-cased-MaxLen128_udpos_se_train_hi//train_en.log', eval_patience=-1, bpe_dropout=0, do_save_adapter_fusions=False, task_name='udpos', predict_task_adapter='output/udpos/my-bert-base-multilingual-cased-LR1e-4-epoch50-MaxLen128-TrainLanghi_hi_s3/checkpoint-best/udpos/', predict_lang_adapter=None, test_adapter=True, adapter_weight=None, lang_to_vec=None, calc_weight_step=0, predict_save_prefix='', en_weight=None, temperature=1.0, get_attr=False, topk=1, task='udpos')
01/13/2022 01:00:55 - INFO - __main__ -   Loading pretrained model and tokenizer
01/13/2022 01:00:58 - INFO - __main__ -   loading from existing model bert-base-multilingual-cased
01/13/2022 01:01:04 - INFO - __main__ -   Using lang2id = None
01/13/2022 01:01:04 - INFO - __main__ -   Evaluating the model on test set of all the languages specified
01/13/2022 01:01:04 - INFO - __main__ -   Task Adapter will be loaded from this path output/udpos/my-bert-base-multilingual-cased-LR1e-4-epoch50-MaxLen128-TrainLanghi_hi_s3/checkpoint-best/udpos/
01/13/2022 01:01:04 - INFO - root -   Trying to decide if add adapter
01/13/2022 01:01:04 - INFO - root -   loading task adapter
01/13/2022 01:01:04 - INFO - root -   loading lang adpater se/wiki@ukp
01/13/2022 01:01:04 - INFO - __main__ -   Adapter Languages : ['se'], Length : 1
01/13/2022 01:01:04 - INFO - __main__ -   Adapter Names ['se/wiki@ukp'], Length : 1
01/13/2022 01:01:04 - INFO - __main__ -   Language = se
01/13/2022 01:01:04 - INFO - __main__ -   Adapter Name = se/wiki@ukp
01/13/2022 01:01:11 - INFO - __main__ -   Language sw, split test does not exist
