12/01/2021 13:24:16 - INFO - root -   Input args: ModelArguments(model_name_or_path='bert-base-multilingual-cased', model_type='bert', config_name=None, tokenizer_name=None, cache_dir=None, labels='/home/abhijeet/rohan/cloud-emea/data//udpos/udpos_processed_maxlen128//labels.txt', data_dir='/home/abhijeet/rohan/cloud-emea/data//udpos/udpos_processed_maxlen128/', output_dir='/home/abhijeet/rohan/cloud-emea/outputs//udpos/my-bert-base-multilingual-cased-MaxLen128_udpos_se_train_hi/', max_seq_length=128, do_train=False, do_eval=False, do_predict=True, do_adapter_predict=False, do_predict_dev=False, do_predict_train=False, init_checkpoint=None, evaluate_during_training=False, do_lower_case=False, few_shot=-1, per_gpu_train_batch_size=8, per_gpu_eval_batch_size=32, gradient_accumulation_steps=4, learning_rate=5e-05, weight_decay=0.0, adam_epsilon=1e-08, max_grad_norm=1.0, num_train_epochs=50.0, max_steps=-1, save_steps=1000, warmup_steps=0, logging_steps=50, save_only_best_checkpoint=True, eval_all_checkpoints=True, no_cuda=False, overwrite_output_dir=True, overwrite_cache=False, seed=1, fp16=False, fp16_opt_level='O1', local_rank=-1, server_ip='', server_port='', predict_langs='en', train_langs='hi', log_file='/home/abhijeet/rohan/cloud-emea/outputs//udpos/my-bert-base-multilingual-cased-MaxLen128_udpos_se_train_hi//train_hi.log', eval_patience=-1, bpe_dropout=0, do_save_adapter_fusions=False, task_name='udpos', predict_task_adapter='output/udpos/my-bert-base-multilingual-cased-LR1e-4-epoch50-MaxLen128-TrainLanghi_hi_s1/checkpoint-best/udpos/', predict_lang_adapter=None, test_adapter=True, adapter_weight=None, lang_to_vec=None, calc_weight_step=0, predict_save_prefix='', en_weight=None, temperature=1.0, get_attr=False, topk=1, task='udpos')
12/01/2021 13:24:16 - WARNING - __main__ -   Process rank: -1, device: cuda, n_gpu: 1, distributed training: False, 16-bits training: False
12/01/2021 13:24:16 - INFO - __main__ -   Seed = 1
12/01/2021 13:24:16 - INFO - root -   save model
12/01/2021 13:24:16 - INFO - __main__ -   Training/evaluation parameters ModelArguments(model_name_or_path='bert-base-multilingual-cased', model_type='bert', config_name=None, tokenizer_name=None, cache_dir=None, labels='/home/abhijeet/rohan/cloud-emea/data//udpos/udpos_processed_maxlen128//labels.txt', data_dir='/home/abhijeet/rohan/cloud-emea/data//udpos/udpos_processed_maxlen128/', output_dir='/home/abhijeet/rohan/cloud-emea/outputs//udpos/my-bert-base-multilingual-cased-MaxLen128_udpos_se_train_hi/', max_seq_length=128, do_train=False, do_eval=False, do_predict=True, do_adapter_predict=False, do_predict_dev=False, do_predict_train=False, init_checkpoint=None, evaluate_during_training=False, do_lower_case=False, few_shot=-1, per_gpu_train_batch_size=8, per_gpu_eval_batch_size=32, gradient_accumulation_steps=4, learning_rate=5e-05, weight_decay=0.0, adam_epsilon=1e-08, max_grad_norm=1.0, num_train_epochs=50.0, max_steps=-1, save_steps=1000, warmup_steps=0, logging_steps=50, save_only_best_checkpoint=True, eval_all_checkpoints=True, no_cuda=False, overwrite_output_dir=True, overwrite_cache=False, seed=1, fp16=False, fp16_opt_level='O1', local_rank=-1, server_ip='', server_port='', predict_langs='en', train_langs='hi', log_file='/home/abhijeet/rohan/cloud-emea/outputs//udpos/my-bert-base-multilingual-cased-MaxLen128_udpos_se_train_hi//train_hi.log', eval_patience=-1, bpe_dropout=0, do_save_adapter_fusions=False, task_name='udpos', predict_task_adapter='output/udpos/my-bert-base-multilingual-cased-LR1e-4-epoch50-MaxLen128-TrainLanghi_hi_s1/checkpoint-best/udpos/', predict_lang_adapter=None, test_adapter=True, adapter_weight=None, lang_to_vec=None, calc_weight_step=0, predict_save_prefix='', en_weight=None, temperature=1.0, get_attr=False, topk=1, task='udpos')
12/01/2021 13:24:16 - INFO - __main__ -   Loading pretrained model and tokenizer
12/01/2021 13:24:18 - INFO - __main__ -   loading from existing model bert-base-multilingual-cased
12/01/2021 13:24:24 - INFO - __main__ -   Using lang2id = None
12/01/2021 13:24:24 - INFO - __main__ -   Evaluating the model on test set of all the languages specified
12/01/2021 13:24:24 - INFO - __main__ -   Task Adapter will be loaded from this path output/udpos/my-bert-base-multilingual-cased-LR1e-4-epoch50-MaxLen128-TrainLanghi_hi_s1/checkpoint-best/udpos/
12/01/2021 13:24:24 - INFO - root -   Trying to decide if add adapter
12/01/2021 13:24:24 - INFO - root -   loading task adapter
12/01/2021 13:24:24 - INFO - root -   loading lang adpater se/wiki@ukp
12/01/2021 13:24:24 - INFO - __main__ -   Adapter Languages : ['se'], Length : 1
12/01/2021 13:24:24 - INFO - __main__ -   Adapter Names ['se/wiki@ukp'], Length : 1
12/01/2021 13:24:24 - INFO - __main__ -   Language = se
12/01/2021 13:24:24 - INFO - __main__ -   Adapter Name = se/wiki@ukp
12/01/2021 13:24:29 - INFO - __main__ -   Language adapter for en not found, using se instead
12/01/2021 13:24:29 - INFO - __main__ -   Set active language adapter to se
12/01/2021 13:24:29 - INFO - __main__ -   Args Adapter Weight = None
12/01/2021 13:24:29 - INFO - __main__ -   Adapter Languages = ['se']
12/01/2021 13:24:29 - INFO - __main__ -   Loading features from cached file /home/abhijeet/rohan/cloud-emea/data//udpos/udpos_processed_maxlen128/cached_test_en_bert-base-multilingual-cased_128
12/01/2021 13:24:30 - INFO - __main__ -   ***** Running evaluation  in en *****
12/01/2021 13:24:30 - INFO - __main__ -     Num examples = 5441
12/01/2021 13:24:30 - INFO - __main__ -     Batch size = 32
12/01/2021 13:24:30 - INFO - __main__ -   Batch number = 1
12/01/2021 13:24:30 - INFO - __main__ -   Batch number = 2
12/01/2021 13:24:30 - INFO - __main__ -   Batch number = 3
12/01/2021 13:24:30 - INFO - __main__ -   Batch number = 4
12/01/2021 13:24:30 - INFO - __main__ -   Batch number = 5
12/01/2021 13:24:30 - INFO - __main__ -   Batch number = 6
12/01/2021 13:24:31 - INFO - __main__ -   Batch number = 7
12/01/2021 13:24:31 - INFO - __main__ -   Batch number = 8
12/01/2021 13:24:31 - INFO - __main__ -   Batch number = 9
12/01/2021 13:24:31 - INFO - __main__ -   Batch number = 10
12/01/2021 13:24:31 - INFO - __main__ -   Batch number = 11
12/01/2021 13:24:31 - INFO - __main__ -   Batch number = 12
12/01/2021 13:24:31 - INFO - __main__ -   Batch number = 13
12/01/2021 13:24:32 - INFO - __main__ -   Batch number = 14
12/01/2021 13:24:32 - INFO - __main__ -   Batch number = 15
12/01/2021 13:24:32 - INFO - __main__ -   Batch number = 16
12/01/2021 13:24:32 - INFO - __main__ -   Batch number = 17
12/01/2021 13:24:32 - INFO - __main__ -   Batch number = 18
12/01/2021 13:24:32 - INFO - __main__ -   Batch number = 19
12/01/2021 13:24:32 - INFO - __main__ -   Batch number = 20
12/01/2021 13:24:33 - INFO - __main__ -   Batch number = 21
12/01/2021 13:24:33 - INFO - __main__ -   Batch number = 22
12/01/2021 13:24:33 - INFO - __main__ -   Batch number = 23
12/01/2021 13:24:33 - INFO - __main__ -   Batch number = 24
12/01/2021 13:24:33 - INFO - __main__ -   Batch number = 25
12/01/2021 13:24:33 - INFO - __main__ -   Batch number = 26
12/01/2021 13:24:33 - INFO - __main__ -   Batch number = 27
12/01/2021 13:24:34 - INFO - __main__ -   Batch number = 28
12/01/2021 13:24:34 - INFO - __main__ -   Batch number = 29
12/01/2021 13:24:34 - INFO - __main__ -   Batch number = 30
12/01/2021 13:24:34 - INFO - __main__ -   Batch number = 31
12/01/2021 13:24:34 - INFO - __main__ -   Batch number = 32
12/01/2021 13:24:34 - INFO - __main__ -   Batch number = 33
12/01/2021 13:24:34 - INFO - __main__ -   Batch number = 34
12/01/2021 13:24:35 - INFO - __main__ -   Batch number = 35
12/01/2021 13:24:35 - INFO - __main__ -   Batch number = 36
12/01/2021 13:24:35 - INFO - __main__ -   Batch number = 37
12/01/2021 13:24:35 - INFO - __main__ -   Batch number = 38
12/01/2021 13:24:35 - INFO - __main__ -   Batch number = 39
12/01/2021 13:24:35 - INFO - __main__ -   Batch number = 40
12/01/2021 13:24:35 - INFO - __main__ -   Batch number = 41
12/01/2021 13:24:36 - INFO - __main__ -   Batch number = 42
12/01/2021 13:24:36 - INFO - __main__ -   Batch number = 43
12/01/2021 13:24:36 - INFO - __main__ -   Batch number = 44
12/01/2021 13:24:36 - INFO - __main__ -   Batch number = 45
12/01/2021 13:24:36 - INFO - __main__ -   Batch number = 46
12/01/2021 13:24:36 - INFO - __main__ -   Batch number = 47
12/01/2021 13:24:36 - INFO - __main__ -   Batch number = 48
12/01/2021 13:24:37 - INFO - __main__ -   Batch number = 49
12/01/2021 13:24:37 - INFO - __main__ -   Batch number = 50
12/01/2021 13:24:37 - INFO - __main__ -   Batch number = 51
12/01/2021 13:24:37 - INFO - __main__ -   Batch number = 52
12/01/2021 13:24:37 - INFO - __main__ -   Batch number = 53
12/01/2021 13:24:37 - INFO - __main__ -   Batch number = 54
12/01/2021 13:24:38 - INFO - __main__ -   Batch number = 55
12/01/2021 13:24:38 - INFO - __main__ -   Batch number = 56
12/01/2021 13:24:38 - INFO - __main__ -   Batch number = 57
12/01/2021 13:24:38 - INFO - __main__ -   Batch number = 58
12/01/2021 13:24:38 - INFO - __main__ -   Batch number = 59
12/01/2021 13:24:38 - INFO - __main__ -   Batch number = 60
12/01/2021 13:24:38 - INFO - __main__ -   Batch number = 61
12/01/2021 13:24:39 - INFO - __main__ -   Batch number = 62
12/01/2021 13:24:39 - INFO - __main__ -   Batch number = 63
12/01/2021 13:24:39 - INFO - __main__ -   Batch number = 64
12/01/2021 13:24:39 - INFO - __main__ -   Batch number = 65
12/01/2021 13:24:39 - INFO - __main__ -   Batch number = 66
12/01/2021 13:24:39 - INFO - __main__ -   Batch number = 67
12/01/2021 13:24:39 - INFO - __main__ -   Batch number = 68
12/01/2021 13:24:40 - INFO - __main__ -   Batch number = 69
12/01/2021 13:24:40 - INFO - __main__ -   Batch number = 70
12/01/2021 13:24:40 - INFO - __main__ -   Batch number = 71
12/01/2021 13:24:40 - INFO - __main__ -   Batch number = 72
12/01/2021 13:24:40 - INFO - __main__ -   Batch number = 73
12/01/2021 13:24:40 - INFO - __main__ -   Batch number = 74
12/01/2021 13:24:41 - INFO - __main__ -   Batch number = 75
12/01/2021 13:24:41 - INFO - __main__ -   Batch number = 76
12/01/2021 13:24:41 - INFO - __main__ -   Batch number = 77
12/01/2021 13:24:41 - INFO - __main__ -   Batch number = 78
12/01/2021 13:24:41 - INFO - __main__ -   Batch number = 79
12/01/2021 13:24:41 - INFO - __main__ -   Batch number = 80
12/01/2021 13:24:41 - INFO - __main__ -   Batch number = 81
12/01/2021 13:24:42 - INFO - __main__ -   Batch number = 82
12/01/2021 13:24:42 - INFO - __main__ -   Batch number = 83
12/01/2021 13:24:42 - INFO - __main__ -   Batch number = 84
12/01/2021 13:24:42 - INFO - __main__ -   Batch number = 85
12/01/2021 13:24:42 - INFO - __main__ -   Batch number = 86
12/01/2021 13:24:42 - INFO - __main__ -   Batch number = 87
12/01/2021 13:24:42 - INFO - __main__ -   Batch number = 88
12/01/2021 13:24:43 - INFO - __main__ -   Batch number = 89
12/01/2021 13:24:43 - INFO - __main__ -   Batch number = 90
12/01/2021 13:24:43 - INFO - __main__ -   Batch number = 91
12/01/2021 13:24:43 - INFO - __main__ -   Batch number = 92
12/01/2021 13:24:43 - INFO - __main__ -   Batch number = 93
12/01/2021 13:24:43 - INFO - __main__ -   Batch number = 94
12/01/2021 13:24:43 - INFO - __main__ -   Batch number = 95
12/01/2021 13:24:44 - INFO - __main__ -   Batch number = 96
12/01/2021 13:24:44 - INFO - __main__ -   Batch number = 97
12/01/2021 13:24:44 - INFO - __main__ -   Batch number = 98
12/01/2021 13:24:44 - INFO - __main__ -   Batch number = 99
12/01/2021 13:24:44 - INFO - __main__ -   Batch number = 100
12/01/2021 13:24:44 - INFO - __main__ -   Batch number = 101
12/01/2021 13:24:45 - INFO - __main__ -   Batch number = 102
12/01/2021 13:24:45 - INFO - __main__ -   Batch number = 103
12/01/2021 13:24:45 - INFO - __main__ -   Batch number = 104
12/01/2021 13:24:45 - INFO - __main__ -   Batch number = 105
12/01/2021 13:24:45 - INFO - __main__ -   Batch number = 106
12/01/2021 13:24:45 - INFO - __main__ -   Batch number = 107
12/01/2021 13:24:45 - INFO - __main__ -   Batch number = 108
12/01/2021 13:24:46 - INFO - __main__ -   Batch number = 109
12/01/2021 13:24:46 - INFO - __main__ -   Batch number = 110
12/01/2021 13:24:46 - INFO - __main__ -   Batch number = 111
12/01/2021 13:24:46 - INFO - __main__ -   Batch number = 112
12/01/2021 13:24:46 - INFO - __main__ -   Batch number = 113
12/01/2021 13:24:46 - INFO - __main__ -   Batch number = 114
12/01/2021 13:24:47 - INFO - __main__ -   Batch number = 115
12/01/2021 13:24:47 - INFO - __main__ -   Batch number = 116
12/01/2021 13:24:47 - INFO - __main__ -   Batch number = 117
12/01/2021 13:24:47 - INFO - __main__ -   Batch number = 118
12/01/2021 13:24:47 - INFO - __main__ -   Batch number = 119
12/01/2021 13:24:47 - INFO - __main__ -   Batch number = 120
12/01/2021 13:24:47 - INFO - __main__ -   Batch number = 121
12/01/2021 13:24:48 - INFO - __main__ -   Batch number = 122
12/01/2021 13:24:48 - INFO - __main__ -   Batch number = 123
12/01/2021 13:24:48 - INFO - __main__ -   Batch number = 124
12/01/2021 13:24:48 - INFO - __main__ -   Batch number = 125
12/01/2021 13:24:48 - INFO - __main__ -   Batch number = 126
12/01/2021 13:24:48 - INFO - __main__ -   Batch number = 127
12/01/2021 13:24:49 - INFO - __main__ -   Batch number = 128
12/01/2021 13:24:49 - INFO - __main__ -   Batch number = 129
12/01/2021 13:24:49 - INFO - __main__ -   Batch number = 130
12/01/2021 13:24:49 - INFO - __main__ -   Batch number = 131
12/01/2021 13:24:49 - INFO - __main__ -   Batch number = 132
12/01/2021 13:24:49 - INFO - __main__ -   Batch number = 133
12/01/2021 13:24:49 - INFO - __main__ -   Batch number = 134
12/01/2021 13:24:50 - INFO - __main__ -   Batch number = 135
12/01/2021 13:24:50 - INFO - __main__ -   Batch number = 136
12/01/2021 13:24:50 - INFO - __main__ -   Batch number = 137
12/01/2021 13:24:50 - INFO - __main__ -   Batch number = 138
12/01/2021 13:24:50 - INFO - __main__ -   Batch number = 139
12/01/2021 13:24:50 - INFO - __main__ -   Batch number = 140
12/01/2021 13:24:50 - INFO - __main__ -   Batch number = 141
12/01/2021 13:24:51 - INFO - __main__ -   Batch number = 142
12/01/2021 13:24:51 - INFO - __main__ -   Batch number = 143
12/01/2021 13:24:51 - INFO - __main__ -   Batch number = 144
12/01/2021 13:24:51 - INFO - __main__ -   Batch number = 145
12/01/2021 13:24:51 - INFO - __main__ -   Batch number = 146
12/01/2021 13:24:51 - INFO - __main__ -   Batch number = 147
12/01/2021 13:24:52 - INFO - __main__ -   Batch number = 148
12/01/2021 13:24:52 - INFO - __main__ -   Batch number = 149
12/01/2021 13:24:52 - INFO - __main__ -   Batch number = 150
12/01/2021 13:24:52 - INFO - __main__ -   Batch number = 151
12/01/2021 13:24:52 - INFO - __main__ -   Batch number = 152
12/01/2021 13:24:52 - INFO - __main__ -   Batch number = 153
12/01/2021 13:24:53 - INFO - __main__ -   Batch number = 154
12/01/2021 13:24:53 - INFO - __main__ -   Batch number = 155
12/01/2021 13:24:53 - INFO - __main__ -   Batch number = 156
12/01/2021 13:24:53 - INFO - __main__ -   Batch number = 157
12/01/2021 13:24:53 - INFO - __main__ -   Batch number = 158
12/01/2021 13:24:53 - INFO - __main__ -   Batch number = 159
12/01/2021 13:24:53 - INFO - __main__ -   Batch number = 160
12/01/2021 13:24:54 - INFO - __main__ -   Batch number = 161
12/01/2021 13:24:54 - INFO - __main__ -   Batch number = 162
12/01/2021 13:24:54 - INFO - __main__ -   Batch number = 163
12/01/2021 13:24:54 - INFO - __main__ -   Batch number = 164
12/01/2021 13:24:54 - INFO - __main__ -   Batch number = 165
12/01/2021 13:24:54 - INFO - __main__ -   Batch number = 166
12/01/2021 13:24:55 - INFO - __main__ -   Batch number = 167
12/01/2021 13:24:55 - INFO - __main__ -   Batch number = 168
12/01/2021 13:24:55 - INFO - __main__ -   Batch number = 169
12/01/2021 13:24:55 - INFO - __main__ -   Batch number = 170
12/01/2021 13:24:55 - INFO - __main__ -   Batch number = 171
12/01/2021 13:24:57 - INFO - __main__ -   ***** Evaluation result  in en *****
12/01/2021 13:24:57 - INFO - __main__ -     f1 = 0.5338285311129304
12/01/2021 13:24:57 - INFO - __main__ -     loss = 1.6910607731133176
12/01/2021 13:24:57 - INFO - __main__ -     precision = 0.5639828422755081
12/01/2021 13:24:57 - INFO - __main__ -     recall = 0.506735070383381
12/01/2021 13:24:59 - INFO - root -   Input args: ModelArguments(model_name_or_path='bert-base-multilingual-cased', model_type='bert', config_name=None, tokenizer_name=None, cache_dir=None, labels='/home/abhijeet/rohan/cloud-emea/data//udpos/udpos_processed_maxlen128//labels.txt', data_dir='/home/abhijeet/rohan/cloud-emea/data//udpos/udpos_processed_maxlen128/', output_dir='/home/abhijeet/rohan/cloud-emea/outputs//udpos/my-bert-base-multilingual-cased-MaxLen128_udpos_se_train_hi/', max_seq_length=128, do_train=False, do_eval=False, do_predict=True, do_adapter_predict=False, do_predict_dev=False, do_predict_train=False, init_checkpoint=None, evaluate_during_training=False, do_lower_case=False, few_shot=-1, per_gpu_train_batch_size=8, per_gpu_eval_batch_size=32, gradient_accumulation_steps=4, learning_rate=5e-05, weight_decay=0.0, adam_epsilon=1e-08, max_grad_norm=1.0, num_train_epochs=50.0, max_steps=-1, save_steps=1000, warmup_steps=0, logging_steps=50, save_only_best_checkpoint=True, eval_all_checkpoints=True, no_cuda=False, overwrite_output_dir=True, overwrite_cache=False, seed=2, fp16=False, fp16_opt_level='O1', local_rank=-1, server_ip='', server_port='', predict_langs='en', train_langs='hi', log_file='/home/abhijeet/rohan/cloud-emea/outputs//udpos/my-bert-base-multilingual-cased-MaxLen128_udpos_se_train_hi//train_hi.log', eval_patience=-1, bpe_dropout=0, do_save_adapter_fusions=False, task_name='udpos', predict_task_adapter='output/udpos/my-bert-base-multilingual-cased-LR1e-4-epoch50-MaxLen128-TrainLanghi_hi_s2/checkpoint-best/udpos/', predict_lang_adapter=None, test_adapter=True, adapter_weight=None, lang_to_vec=None, calc_weight_step=0, predict_save_prefix='', en_weight=None, temperature=1.0, get_attr=False, topk=1, task='udpos')
12/01/2021 13:24:59 - WARNING - __main__ -   Process rank: -1, device: cuda, n_gpu: 1, distributed training: False, 16-bits training: False
12/01/2021 13:24:59 - INFO - __main__ -   Seed = 2
12/01/2021 13:24:59 - INFO - root -   save model
12/01/2021 13:24:59 - INFO - __main__ -   Training/evaluation parameters ModelArguments(model_name_or_path='bert-base-multilingual-cased', model_type='bert', config_name=None, tokenizer_name=None, cache_dir=None, labels='/home/abhijeet/rohan/cloud-emea/data//udpos/udpos_processed_maxlen128//labels.txt', data_dir='/home/abhijeet/rohan/cloud-emea/data//udpos/udpos_processed_maxlen128/', output_dir='/home/abhijeet/rohan/cloud-emea/outputs//udpos/my-bert-base-multilingual-cased-MaxLen128_udpos_se_train_hi/', max_seq_length=128, do_train=False, do_eval=False, do_predict=True, do_adapter_predict=False, do_predict_dev=False, do_predict_train=False, init_checkpoint=None, evaluate_during_training=False, do_lower_case=False, few_shot=-1, per_gpu_train_batch_size=8, per_gpu_eval_batch_size=32, gradient_accumulation_steps=4, learning_rate=5e-05, weight_decay=0.0, adam_epsilon=1e-08, max_grad_norm=1.0, num_train_epochs=50.0, max_steps=-1, save_steps=1000, warmup_steps=0, logging_steps=50, save_only_best_checkpoint=True, eval_all_checkpoints=True, no_cuda=False, overwrite_output_dir=True, overwrite_cache=False, seed=2, fp16=False, fp16_opt_level='O1', local_rank=-1, server_ip='', server_port='', predict_langs='en', train_langs='hi', log_file='/home/abhijeet/rohan/cloud-emea/outputs//udpos/my-bert-base-multilingual-cased-MaxLen128_udpos_se_train_hi//train_hi.log', eval_patience=-1, bpe_dropout=0, do_save_adapter_fusions=False, task_name='udpos', predict_task_adapter='output/udpos/my-bert-base-multilingual-cased-LR1e-4-epoch50-MaxLen128-TrainLanghi_hi_s2/checkpoint-best/udpos/', predict_lang_adapter=None, test_adapter=True, adapter_weight=None, lang_to_vec=None, calc_weight_step=0, predict_save_prefix='', en_weight=None, temperature=1.0, get_attr=False, topk=1, task='udpos')
12/01/2021 13:24:59 - INFO - __main__ -   Loading pretrained model and tokenizer
12/01/2021 13:25:02 - INFO - __main__ -   loading from existing model bert-base-multilingual-cased
12/01/2021 13:25:07 - INFO - __main__ -   Using lang2id = None
12/01/2021 13:25:07 - INFO - __main__ -   Evaluating the model on test set of all the languages specified
12/01/2021 13:25:07 - INFO - __main__ -   Task Adapter will be loaded from this path output/udpos/my-bert-base-multilingual-cased-LR1e-4-epoch50-MaxLen128-TrainLanghi_hi_s2/checkpoint-best/udpos/
12/01/2021 13:25:07 - INFO - root -   Trying to decide if add adapter
12/01/2021 13:25:07 - INFO - root -   loading task adapter
12/01/2021 13:25:07 - INFO - root -   loading lang adpater se/wiki@ukp
12/01/2021 13:25:07 - INFO - __main__ -   Adapter Languages : ['se'], Length : 1
12/01/2021 13:25:07 - INFO - __main__ -   Adapter Names ['se/wiki@ukp'], Length : 1
12/01/2021 13:25:07 - INFO - __main__ -   Language = se
12/01/2021 13:25:07 - INFO - __main__ -   Adapter Name = se/wiki@ukp
12/01/2021 13:25:12 - INFO - __main__ -   Language adapter for en not found, using se instead
12/01/2021 13:25:12 - INFO - __main__ -   Set active language adapter to se
12/01/2021 13:25:12 - INFO - __main__ -   Args Adapter Weight = None
12/01/2021 13:25:12 - INFO - __main__ -   Adapter Languages = ['se']
12/01/2021 13:25:12 - INFO - __main__ -   Loading features from cached file /home/abhijeet/rohan/cloud-emea/data//udpos/udpos_processed_maxlen128/cached_test_en_bert-base-multilingual-cased_128
12/01/2021 13:25:13 - INFO - __main__ -   ***** Running evaluation  in en *****
12/01/2021 13:25:13 - INFO - __main__ -     Num examples = 5441
12/01/2021 13:25:13 - INFO - __main__ -     Batch size = 32
12/01/2021 13:25:13 - INFO - __main__ -   Batch number = 1
12/01/2021 13:25:13 - INFO - __main__ -   Batch number = 2
12/01/2021 13:25:13 - INFO - __main__ -   Batch number = 3
12/01/2021 13:25:13 - INFO - __main__ -   Batch number = 4
12/01/2021 13:25:14 - INFO - __main__ -   Batch number = 5
12/01/2021 13:25:14 - INFO - __main__ -   Batch number = 6
12/01/2021 13:25:14 - INFO - __main__ -   Batch number = 7
12/01/2021 13:25:14 - INFO - __main__ -   Batch number = 8
12/01/2021 13:25:14 - INFO - __main__ -   Batch number = 9
12/01/2021 13:25:14 - INFO - __main__ -   Batch number = 10
12/01/2021 13:25:14 - INFO - __main__ -   Batch number = 11
12/01/2021 13:25:15 - INFO - __main__ -   Batch number = 12
12/01/2021 13:25:15 - INFO - __main__ -   Batch number = 13
12/01/2021 13:25:15 - INFO - __main__ -   Batch number = 14
12/01/2021 13:25:15 - INFO - __main__ -   Batch number = 15
12/01/2021 13:25:15 - INFO - __main__ -   Batch number = 16
12/01/2021 13:25:15 - INFO - __main__ -   Batch number = 17
12/01/2021 13:25:15 - INFO - __main__ -   Batch number = 18
12/01/2021 13:25:16 - INFO - __main__ -   Batch number = 19
12/01/2021 13:25:16 - INFO - __main__ -   Batch number = 20
12/01/2021 13:25:16 - INFO - __main__ -   Batch number = 21
12/01/2021 13:25:16 - INFO - __main__ -   Batch number = 22
12/01/2021 13:25:16 - INFO - __main__ -   Batch number = 23
12/01/2021 13:25:16 - INFO - __main__ -   Batch number = 24
12/01/2021 13:25:16 - INFO - __main__ -   Batch number = 25
12/01/2021 13:25:17 - INFO - __main__ -   Batch number = 26
12/01/2021 13:25:17 - INFO - __main__ -   Batch number = 27
12/01/2021 13:25:17 - INFO - __main__ -   Batch number = 28
12/01/2021 13:25:17 - INFO - __main__ -   Batch number = 29
12/01/2021 13:25:17 - INFO - __main__ -   Batch number = 30
12/01/2021 13:25:17 - INFO - __main__ -   Batch number = 31
12/01/2021 13:25:17 - INFO - __main__ -   Batch number = 32
12/01/2021 13:25:18 - INFO - __main__ -   Batch number = 33
12/01/2021 13:25:18 - INFO - __main__ -   Batch number = 34
12/01/2021 13:25:18 - INFO - __main__ -   Batch number = 35
12/01/2021 13:25:18 - INFO - __main__ -   Batch number = 36
12/01/2021 13:25:18 - INFO - __main__ -   Batch number = 37
12/01/2021 13:25:18 - INFO - __main__ -   Batch number = 38
12/01/2021 13:25:18 - INFO - __main__ -   Batch number = 39
12/01/2021 13:25:19 - INFO - __main__ -   Batch number = 40
12/01/2021 13:25:19 - INFO - __main__ -   Batch number = 41
12/01/2021 13:25:19 - INFO - __main__ -   Batch number = 42
12/01/2021 13:25:19 - INFO - __main__ -   Batch number = 43
12/01/2021 13:25:19 - INFO - __main__ -   Batch number = 44
12/01/2021 13:25:19 - INFO - __main__ -   Batch number = 45
12/01/2021 13:25:19 - INFO - __main__ -   Batch number = 46
12/01/2021 13:25:19 - INFO - __main__ -   Batch number = 47
12/01/2021 13:25:20 - INFO - __main__ -   Batch number = 48
12/01/2021 13:25:20 - INFO - __main__ -   Batch number = 49
12/01/2021 13:25:20 - INFO - __main__ -   Batch number = 50
12/01/2021 13:25:20 - INFO - __main__ -   Batch number = 51
12/01/2021 13:25:20 - INFO - __main__ -   Batch number = 52
12/01/2021 13:25:20 - INFO - __main__ -   Batch number = 53
12/01/2021 13:25:20 - INFO - __main__ -   Batch number = 54
12/01/2021 13:25:21 - INFO - __main__ -   Batch number = 55
12/01/2021 13:25:21 - INFO - __main__ -   Batch number = 56
12/01/2021 13:25:21 - INFO - __main__ -   Batch number = 57
12/01/2021 13:25:21 - INFO - __main__ -   Batch number = 58
12/01/2021 13:25:21 - INFO - __main__ -   Batch number = 59
12/01/2021 13:25:21 - INFO - __main__ -   Batch number = 60
12/01/2021 13:25:22 - INFO - __main__ -   Batch number = 61
12/01/2021 13:25:22 - INFO - __main__ -   Batch number = 62
12/01/2021 13:25:22 - INFO - __main__ -   Batch number = 63
12/01/2021 13:25:22 - INFO - __main__ -   Batch number = 64
12/01/2021 13:25:22 - INFO - __main__ -   Batch number = 65
12/01/2021 13:25:22 - INFO - __main__ -   Batch number = 66
12/01/2021 13:25:22 - INFO - __main__ -   Batch number = 67
12/01/2021 13:25:23 - INFO - __main__ -   Batch number = 68
12/01/2021 13:25:23 - INFO - __main__ -   Batch number = 69
12/01/2021 13:25:23 - INFO - __main__ -   Batch number = 70
12/01/2021 13:25:23 - INFO - __main__ -   Batch number = 71
12/01/2021 13:25:23 - INFO - __main__ -   Batch number = 72
12/01/2021 13:25:23 - INFO - __main__ -   Batch number = 73
12/01/2021 13:25:23 - INFO - __main__ -   Batch number = 74
12/01/2021 13:25:24 - INFO - __main__ -   Batch number = 75
12/01/2021 13:25:24 - INFO - __main__ -   Batch number = 76
12/01/2021 13:25:24 - INFO - __main__ -   Batch number = 77
12/01/2021 13:25:24 - INFO - __main__ -   Batch number = 78
12/01/2021 13:25:24 - INFO - __main__ -   Batch number = 79
12/01/2021 13:25:24 - INFO - __main__ -   Batch number = 80
12/01/2021 13:25:24 - INFO - __main__ -   Batch number = 81
12/01/2021 13:25:25 - INFO - __main__ -   Batch number = 82
12/01/2021 13:25:25 - INFO - __main__ -   Batch number = 83
12/01/2021 13:25:25 - INFO - __main__ -   Batch number = 84
12/01/2021 13:25:25 - INFO - __main__ -   Batch number = 85
12/01/2021 13:25:25 - INFO - __main__ -   Batch number = 86
12/01/2021 13:25:25 - INFO - __main__ -   Batch number = 87
12/01/2021 13:25:26 - INFO - __main__ -   Batch number = 88
12/01/2021 13:25:26 - INFO - __main__ -   Batch number = 89
12/01/2021 13:25:27 - INFO - __main__ -   Batch number = 90
12/01/2021 13:25:27 - INFO - __main__ -   Batch number = 91
12/01/2021 13:25:27 - INFO - __main__ -   Batch number = 92
12/01/2021 13:25:27 - INFO - __main__ -   Batch number = 93
12/01/2021 13:25:27 - INFO - __main__ -   Batch number = 94
12/01/2021 13:25:28 - INFO - __main__ -   Batch number = 95
12/01/2021 13:25:28 - INFO - __main__ -   Batch number = 96
12/01/2021 13:25:28 - INFO - __main__ -   Batch number = 97
12/01/2021 13:25:28 - INFO - __main__ -   Batch number = 98
12/01/2021 13:25:28 - INFO - __main__ -   Batch number = 99
12/01/2021 13:25:29 - INFO - __main__ -   Batch number = 100
12/01/2021 13:25:29 - INFO - __main__ -   Batch number = 101
12/01/2021 13:25:29 - INFO - __main__ -   Batch number = 102
12/01/2021 13:25:29 - INFO - __main__ -   Batch number = 103
12/01/2021 13:25:30 - INFO - __main__ -   Batch number = 104
12/01/2021 13:25:30 - INFO - __main__ -   Batch number = 105
12/01/2021 13:25:30 - INFO - __main__ -   Batch number = 106
12/01/2021 13:25:30 - INFO - __main__ -   Batch number = 107
12/01/2021 13:25:30 - INFO - __main__ -   Batch number = 108
12/01/2021 13:25:31 - INFO - __main__ -   Batch number = 109
12/01/2021 13:25:31 - INFO - __main__ -   Batch number = 110
12/01/2021 13:25:31 - INFO - __main__ -   Batch number = 111
12/01/2021 13:25:31 - INFO - __main__ -   Batch number = 112
12/01/2021 13:25:32 - INFO - __main__ -   Batch number = 113
12/01/2021 13:25:32 - INFO - __main__ -   Batch number = 114
12/01/2021 13:25:32 - INFO - __main__ -   Batch number = 115
12/01/2021 13:25:32 - INFO - __main__ -   Batch number = 116
12/01/2021 13:25:33 - INFO - __main__ -   Batch number = 117
12/01/2021 13:25:33 - INFO - __main__ -   Batch number = 118
12/01/2021 13:25:33 - INFO - __main__ -   Batch number = 119
12/01/2021 13:25:33 - INFO - __main__ -   Batch number = 120
12/01/2021 13:25:34 - INFO - __main__ -   Batch number = 121
12/01/2021 13:25:34 - INFO - __main__ -   Batch number = 122
12/01/2021 13:25:34 - INFO - __main__ -   Batch number = 123
12/01/2021 13:25:34 - INFO - __main__ -   Batch number = 124
12/01/2021 13:25:34 - INFO - __main__ -   Batch number = 125
12/01/2021 13:25:35 - INFO - __main__ -   Batch number = 126
12/01/2021 13:25:35 - INFO - __main__ -   Batch number = 127
12/01/2021 13:25:35 - INFO - __main__ -   Batch number = 128
12/01/2021 13:25:35 - INFO - __main__ -   Batch number = 129
12/01/2021 13:25:36 - INFO - __main__ -   Batch number = 130
12/01/2021 13:25:36 - INFO - __main__ -   Batch number = 131
12/01/2021 13:25:36 - INFO - __main__ -   Batch number = 132
12/01/2021 13:25:36 - INFO - __main__ -   Batch number = 133
12/01/2021 13:25:37 - INFO - __main__ -   Batch number = 134
12/01/2021 13:25:37 - INFO - __main__ -   Batch number = 135
12/01/2021 13:25:37 - INFO - __main__ -   Batch number = 136
12/01/2021 13:25:37 - INFO - __main__ -   Batch number = 137
12/01/2021 13:25:38 - INFO - __main__ -   Batch number = 138
12/01/2021 13:25:38 - INFO - __main__ -   Batch number = 139
12/01/2021 13:25:38 - INFO - __main__ -   Batch number = 140
12/01/2021 13:25:38 - INFO - __main__ -   Batch number = 141
12/01/2021 13:25:39 - INFO - __main__ -   Batch number = 142
12/01/2021 13:25:39 - INFO - __main__ -   Batch number = 143
12/01/2021 13:25:39 - INFO - __main__ -   Batch number = 144
12/01/2021 13:25:39 - INFO - __main__ -   Batch number = 145
12/01/2021 13:25:40 - INFO - __main__ -   Batch number = 146
12/01/2021 13:25:40 - INFO - __main__ -   Batch number = 147
12/01/2021 13:25:40 - INFO - __main__ -   Batch number = 148
12/01/2021 13:25:40 - INFO - __main__ -   Batch number = 149
12/01/2021 13:25:41 - INFO - __main__ -   Batch number = 150
12/01/2021 13:25:41 - INFO - __main__ -   Batch number = 151
12/01/2021 13:25:41 - INFO - __main__ -   Batch number = 152
12/01/2021 13:25:42 - INFO - __main__ -   Batch number = 153
12/01/2021 13:25:42 - INFO - __main__ -   Batch number = 154
12/01/2021 13:25:42 - INFO - __main__ -   Batch number = 155
12/01/2021 13:25:42 - INFO - __main__ -   Batch number = 156
12/01/2021 13:25:43 - INFO - __main__ -   Batch number = 157
12/01/2021 13:25:43 - INFO - __main__ -   Batch number = 158
12/01/2021 13:25:43 - INFO - __main__ -   Batch number = 159
12/01/2021 13:25:43 - INFO - __main__ -   Batch number = 160
12/01/2021 13:25:44 - INFO - __main__ -   Batch number = 161
12/01/2021 13:25:44 - INFO - __main__ -   Batch number = 162
12/01/2021 13:25:44 - INFO - __main__ -   Batch number = 163
12/01/2021 13:25:44 - INFO - __main__ -   Batch number = 164
12/01/2021 13:25:45 - INFO - __main__ -   Batch number = 165
12/01/2021 13:25:45 - INFO - __main__ -   Batch number = 166
12/01/2021 13:25:45 - INFO - __main__ -   Batch number = 167
12/01/2021 13:25:46 - INFO - __main__ -   Batch number = 168
12/01/2021 13:25:46 - INFO - __main__ -   Batch number = 169
12/01/2021 13:25:46 - INFO - __main__ -   Batch number = 170
12/01/2021 13:25:46 - INFO - __main__ -   Batch number = 171
12/01/2021 13:25:48 - INFO - __main__ -   ***** Evaluation result  in en *****
12/01/2021 13:25:48 - INFO - __main__ -     f1 = 0.564046207988278
12/01/2021 13:25:48 - INFO - __main__ -     loss = 1.5731358604821546
12/01/2021 13:25:48 - INFO - __main__ -     precision = 0.5847076055115548
12/01/2021 13:25:48 - INFO - __main__ -     recall = 0.5447951679344942
12/01/2021 13:25:51 - INFO - root -   Input args: ModelArguments(model_name_or_path='bert-base-multilingual-cased', model_type='bert', config_name=None, tokenizer_name=None, cache_dir=None, labels='/home/abhijeet/rohan/cloud-emea/data//udpos/udpos_processed_maxlen128//labels.txt', data_dir='/home/abhijeet/rohan/cloud-emea/data//udpos/udpos_processed_maxlen128/', output_dir='/home/abhijeet/rohan/cloud-emea/outputs//udpos/my-bert-base-multilingual-cased-MaxLen128_udpos_se_train_hi/', max_seq_length=128, do_train=False, do_eval=False, do_predict=True, do_adapter_predict=False, do_predict_dev=False, do_predict_train=False, init_checkpoint=None, evaluate_during_training=False, do_lower_case=False, few_shot=-1, per_gpu_train_batch_size=8, per_gpu_eval_batch_size=32, gradient_accumulation_steps=4, learning_rate=5e-05, weight_decay=0.0, adam_epsilon=1e-08, max_grad_norm=1.0, num_train_epochs=50.0, max_steps=-1, save_steps=1000, warmup_steps=0, logging_steps=50, save_only_best_checkpoint=True, eval_all_checkpoints=True, no_cuda=False, overwrite_output_dir=True, overwrite_cache=False, seed=3, fp16=False, fp16_opt_level='O1', local_rank=-1, server_ip='', server_port='', predict_langs='en', train_langs='hi', log_file='/home/abhijeet/rohan/cloud-emea/outputs//udpos/my-bert-base-multilingual-cased-MaxLen128_udpos_se_train_hi//train_hi.log', eval_patience=-1, bpe_dropout=0, do_save_adapter_fusions=False, task_name='udpos', predict_task_adapter='output/udpos/my-bert-base-multilingual-cased-LR1e-4-epoch50-MaxLen128-TrainLanghi_hi_s3/checkpoint-best/udpos/', predict_lang_adapter=None, test_adapter=True, adapter_weight=None, lang_to_vec=None, calc_weight_step=0, predict_save_prefix='', en_weight=None, temperature=1.0, get_attr=False, topk=1, task='udpos')
12/01/2021 13:25:51 - WARNING - __main__ -   Process rank: -1, device: cuda, n_gpu: 1, distributed training: False, 16-bits training: False
12/01/2021 13:25:51 - INFO - __main__ -   Seed = 3
12/01/2021 13:25:51 - INFO - root -   save model
12/01/2021 13:25:51 - INFO - __main__ -   Training/evaluation parameters ModelArguments(model_name_or_path='bert-base-multilingual-cased', model_type='bert', config_name=None, tokenizer_name=None, cache_dir=None, labels='/home/abhijeet/rohan/cloud-emea/data//udpos/udpos_processed_maxlen128//labels.txt', data_dir='/home/abhijeet/rohan/cloud-emea/data//udpos/udpos_processed_maxlen128/', output_dir='/home/abhijeet/rohan/cloud-emea/outputs//udpos/my-bert-base-multilingual-cased-MaxLen128_udpos_se_train_hi/', max_seq_length=128, do_train=False, do_eval=False, do_predict=True, do_adapter_predict=False, do_predict_dev=False, do_predict_train=False, init_checkpoint=None, evaluate_during_training=False, do_lower_case=False, few_shot=-1, per_gpu_train_batch_size=8, per_gpu_eval_batch_size=32, gradient_accumulation_steps=4, learning_rate=5e-05, weight_decay=0.0, adam_epsilon=1e-08, max_grad_norm=1.0, num_train_epochs=50.0, max_steps=-1, save_steps=1000, warmup_steps=0, logging_steps=50, save_only_best_checkpoint=True, eval_all_checkpoints=True, no_cuda=False, overwrite_output_dir=True, overwrite_cache=False, seed=3, fp16=False, fp16_opt_level='O1', local_rank=-1, server_ip='', server_port='', predict_langs='en', train_langs='hi', log_file='/home/abhijeet/rohan/cloud-emea/outputs//udpos/my-bert-base-multilingual-cased-MaxLen128_udpos_se_train_hi//train_hi.log', eval_patience=-1, bpe_dropout=0, do_save_adapter_fusions=False, task_name='udpos', predict_task_adapter='output/udpos/my-bert-base-multilingual-cased-LR1e-4-epoch50-MaxLen128-TrainLanghi_hi_s3/checkpoint-best/udpos/', predict_lang_adapter=None, test_adapter=True, adapter_weight=None, lang_to_vec=None, calc_weight_step=0, predict_save_prefix='', en_weight=None, temperature=1.0, get_attr=False, topk=1, task='udpos')
12/01/2021 13:25:51 - INFO - __main__ -   Loading pretrained model and tokenizer
12/01/2021 13:25:53 - INFO - __main__ -   loading from existing model bert-base-multilingual-cased
12/01/2021 13:25:59 - INFO - __main__ -   Using lang2id = None
12/01/2021 13:25:59 - INFO - __main__ -   Evaluating the model on test set of all the languages specified
12/01/2021 13:25:59 - INFO - __main__ -   Task Adapter will be loaded from this path output/udpos/my-bert-base-multilingual-cased-LR1e-4-epoch50-MaxLen128-TrainLanghi_hi_s3/checkpoint-best/udpos/
12/01/2021 13:25:59 - INFO - root -   Trying to decide if add adapter
12/01/2021 13:25:59 - INFO - root -   loading task adapter
12/01/2021 13:25:59 - INFO - root -   loading lang adpater se/wiki@ukp
12/01/2021 13:25:59 - INFO - __main__ -   Adapter Languages : ['se'], Length : 1
12/01/2021 13:25:59 - INFO - __main__ -   Adapter Names ['se/wiki@ukp'], Length : 1
12/01/2021 13:25:59 - INFO - __main__ -   Language = se
12/01/2021 13:25:59 - INFO - __main__ -   Adapter Name = se/wiki@ukp
12/01/2021 13:26:03 - INFO - __main__ -   Language adapter for en not found, using se instead
12/01/2021 13:26:03 - INFO - __main__ -   Set active language adapter to se
12/01/2021 13:26:03 - INFO - __main__ -   Args Adapter Weight = None
12/01/2021 13:26:03 - INFO - __main__ -   Adapter Languages = ['se']
12/01/2021 13:26:03 - INFO - __main__ -   Loading features from cached file /home/abhijeet/rohan/cloud-emea/data//udpos/udpos_processed_maxlen128/cached_test_en_bert-base-multilingual-cased_128
12/01/2021 13:26:04 - INFO - __main__ -   ***** Running evaluation  in en *****
12/01/2021 13:26:04 - INFO - __main__ -     Num examples = 5441
12/01/2021 13:26:04 - INFO - __main__ -     Batch size = 32
12/01/2021 13:26:04 - INFO - __main__ -   Batch number = 1
12/01/2021 13:26:04 - INFO - __main__ -   Batch number = 2
12/01/2021 13:26:05 - INFO - __main__ -   Batch number = 3
12/01/2021 13:26:05 - INFO - __main__ -   Batch number = 4
12/01/2021 13:26:05 - INFO - __main__ -   Batch number = 5
12/01/2021 13:26:05 - INFO - __main__ -   Batch number = 6
12/01/2021 13:26:05 - INFO - __main__ -   Batch number = 7
12/01/2021 13:26:05 - INFO - __main__ -   Batch number = 8
12/01/2021 13:26:05 - INFO - __main__ -   Batch number = 9
12/01/2021 13:26:06 - INFO - __main__ -   Batch number = 10
12/01/2021 13:26:06 - INFO - __main__ -   Batch number = 11
12/01/2021 13:26:06 - INFO - __main__ -   Batch number = 12
12/01/2021 13:26:06 - INFO - __main__ -   Batch number = 13
12/01/2021 13:26:06 - INFO - __main__ -   Batch number = 14
12/01/2021 13:26:06 - INFO - __main__ -   Batch number = 15
12/01/2021 13:26:06 - INFO - __main__ -   Batch number = 16
12/01/2021 13:26:07 - INFO - __main__ -   Batch number = 17
12/01/2021 13:26:07 - INFO - __main__ -   Batch number = 18
12/01/2021 13:26:07 - INFO - __main__ -   Batch number = 19
12/01/2021 13:26:07 - INFO - __main__ -   Batch number = 20
12/01/2021 13:26:07 - INFO - __main__ -   Batch number = 21
12/01/2021 13:26:07 - INFO - __main__ -   Batch number = 22
12/01/2021 13:26:07 - INFO - __main__ -   Batch number = 23
12/01/2021 13:26:08 - INFO - __main__ -   Batch number = 24
12/01/2021 13:26:08 - INFO - __main__ -   Batch number = 25
12/01/2021 13:26:08 - INFO - __main__ -   Batch number = 26
12/01/2021 13:26:08 - INFO - __main__ -   Batch number = 27
12/01/2021 13:26:08 - INFO - __main__ -   Batch number = 28
12/01/2021 13:26:08 - INFO - __main__ -   Batch number = 29
12/01/2021 13:26:08 - INFO - __main__ -   Batch number = 30
12/01/2021 13:26:09 - INFO - __main__ -   Batch number = 31
12/01/2021 13:26:09 - INFO - __main__ -   Batch number = 32
12/01/2021 13:26:09 - INFO - __main__ -   Batch number = 33
12/01/2021 13:26:09 - INFO - __main__ -   Batch number = 34
12/01/2021 13:26:09 - INFO - __main__ -   Batch number = 35
12/01/2021 13:26:09 - INFO - __main__ -   Batch number = 36
12/01/2021 13:26:09 - INFO - __main__ -   Batch number = 37
12/01/2021 13:26:10 - INFO - __main__ -   Batch number = 38
12/01/2021 13:26:10 - INFO - __main__ -   Batch number = 39
12/01/2021 13:26:10 - INFO - __main__ -   Batch number = 40
12/01/2021 13:26:10 - INFO - __main__ -   Batch number = 41
12/01/2021 13:26:10 - INFO - __main__ -   Batch number = 42
12/01/2021 13:26:10 - INFO - __main__ -   Batch number = 43
12/01/2021 13:26:10 - INFO - __main__ -   Batch number = 44
12/01/2021 13:26:11 - INFO - __main__ -   Batch number = 45
12/01/2021 13:26:11 - INFO - __main__ -   Batch number = 46
12/01/2021 13:26:11 - INFO - __main__ -   Batch number = 47
12/01/2021 13:26:11 - INFO - __main__ -   Batch number = 48
12/01/2021 13:26:11 - INFO - __main__ -   Batch number = 49
12/01/2021 13:26:11 - INFO - __main__ -   Batch number = 50
12/01/2021 13:26:11 - INFO - __main__ -   Batch number = 51
12/01/2021 13:26:12 - INFO - __main__ -   Batch number = 52
12/01/2021 13:26:12 - INFO - __main__ -   Batch number = 53
12/01/2021 13:26:12 - INFO - __main__ -   Batch number = 54
12/01/2021 13:26:12 - INFO - __main__ -   Batch number = 55
12/01/2021 13:26:12 - INFO - __main__ -   Batch number = 56
12/01/2021 13:26:12 - INFO - __main__ -   Batch number = 57
12/01/2021 13:26:12 - INFO - __main__ -   Batch number = 58
12/01/2021 13:26:13 - INFO - __main__ -   Batch number = 59
12/01/2021 13:26:13 - INFO - __main__ -   Batch number = 60
12/01/2021 13:26:13 - INFO - __main__ -   Batch number = 61
12/01/2021 13:26:13 - INFO - __main__ -   Batch number = 62
12/01/2021 13:26:13 - INFO - __main__ -   Batch number = 63
12/01/2021 13:26:13 - INFO - __main__ -   Batch number = 64
12/01/2021 13:26:13 - INFO - __main__ -   Batch number = 65
12/01/2021 13:26:14 - INFO - __main__ -   Batch number = 66
12/01/2021 13:26:14 - INFO - __main__ -   Batch number = 67
12/01/2021 13:26:14 - INFO - __main__ -   Batch number = 68
12/01/2021 13:26:14 - INFO - __main__ -   Batch number = 69
12/01/2021 13:26:14 - INFO - __main__ -   Batch number = 70
12/01/2021 13:26:14 - INFO - __main__ -   Batch number = 71
12/01/2021 13:26:14 - INFO - __main__ -   Batch number = 72
12/01/2021 13:26:15 - INFO - __main__ -   Batch number = 73
12/01/2021 13:26:15 - INFO - __main__ -   Batch number = 74
12/01/2021 13:26:15 - INFO - __main__ -   Batch number = 75
12/01/2021 13:26:15 - INFO - __main__ -   Batch number = 76
12/01/2021 13:26:15 - INFO - __main__ -   Batch number = 77
12/01/2021 13:26:15 - INFO - __main__ -   Batch number = 78
12/01/2021 13:26:16 - INFO - __main__ -   Batch number = 79
12/01/2021 13:26:16 - INFO - __main__ -   Batch number = 80
12/01/2021 13:26:16 - INFO - __main__ -   Batch number = 81
12/01/2021 13:26:16 - INFO - __main__ -   Batch number = 82
12/01/2021 13:26:16 - INFO - __main__ -   Batch number = 83
12/01/2021 13:26:16 - INFO - __main__ -   Batch number = 84
12/01/2021 13:26:16 - INFO - __main__ -   Batch number = 85
12/01/2021 13:26:17 - INFO - __main__ -   Batch number = 86
12/01/2021 13:26:17 - INFO - __main__ -   Batch number = 87
12/01/2021 13:26:17 - INFO - __main__ -   Batch number = 88
12/01/2021 13:26:17 - INFO - __main__ -   Batch number = 89
12/01/2021 13:26:17 - INFO - __main__ -   Batch number = 90
12/01/2021 13:26:17 - INFO - __main__ -   Batch number = 91
12/01/2021 13:26:17 - INFO - __main__ -   Batch number = 92
12/01/2021 13:26:18 - INFO - __main__ -   Batch number = 93
12/01/2021 13:26:18 - INFO - __main__ -   Batch number = 94
12/01/2021 13:26:18 - INFO - __main__ -   Batch number = 95
12/01/2021 13:26:18 - INFO - __main__ -   Batch number = 96
12/01/2021 13:26:18 - INFO - __main__ -   Batch number = 97
12/01/2021 13:26:18 - INFO - __main__ -   Batch number = 98
12/01/2021 13:26:18 - INFO - __main__ -   Batch number = 99
12/01/2021 13:26:19 - INFO - __main__ -   Batch number = 100
12/01/2021 13:26:19 - INFO - __main__ -   Batch number = 101
12/01/2021 13:26:19 - INFO - __main__ -   Batch number = 102
12/01/2021 13:26:19 - INFO - __main__ -   Batch number = 103
12/01/2021 13:26:19 - INFO - __main__ -   Batch number = 104
12/01/2021 13:26:19 - INFO - __main__ -   Batch number = 105
12/01/2021 13:26:19 - INFO - __main__ -   Batch number = 106
12/01/2021 13:26:20 - INFO - __main__ -   Batch number = 107
12/01/2021 13:26:20 - INFO - __main__ -   Batch number = 108
12/01/2021 13:26:20 - INFO - __main__ -   Batch number = 109
12/01/2021 13:26:20 - INFO - __main__ -   Batch number = 110
12/01/2021 13:26:20 - INFO - __main__ -   Batch number = 111
12/01/2021 13:26:20 - INFO - __main__ -   Batch number = 112
12/01/2021 13:26:21 - INFO - __main__ -   Batch number = 113
12/01/2021 13:26:21 - INFO - __main__ -   Batch number = 114
12/01/2021 13:26:21 - INFO - __main__ -   Batch number = 115
12/01/2021 13:26:21 - INFO - __main__ -   Batch number = 116
12/01/2021 13:26:21 - INFO - __main__ -   Batch number = 117
12/01/2021 13:26:21 - INFO - __main__ -   Batch number = 118
12/01/2021 13:26:21 - INFO - __main__ -   Batch number = 119
12/01/2021 13:26:22 - INFO - __main__ -   Batch number = 120
12/01/2021 13:26:22 - INFO - __main__ -   Batch number = 121
12/01/2021 13:26:22 - INFO - __main__ -   Batch number = 122
12/01/2021 13:26:22 - INFO - __main__ -   Batch number = 123
12/01/2021 13:26:22 - INFO - __main__ -   Batch number = 124
12/01/2021 13:26:22 - INFO - __main__ -   Batch number = 125
12/01/2021 13:26:22 - INFO - __main__ -   Batch number = 126
12/01/2021 13:26:23 - INFO - __main__ -   Batch number = 127
12/01/2021 13:26:23 - INFO - __main__ -   Batch number = 128
12/01/2021 13:26:23 - INFO - __main__ -   Batch number = 129
12/01/2021 13:26:23 - INFO - __main__ -   Batch number = 130
12/01/2021 13:26:23 - INFO - __main__ -   Batch number = 131
12/01/2021 13:26:23 - INFO - __main__ -   Batch number = 132
12/01/2021 13:26:24 - INFO - __main__ -   Batch number = 133
12/01/2021 13:26:24 - INFO - __main__ -   Batch number = 134
12/01/2021 13:26:24 - INFO - __main__ -   Batch number = 135
12/01/2021 13:26:24 - INFO - __main__ -   Batch number = 136
12/01/2021 13:26:24 - INFO - __main__ -   Batch number = 137
12/01/2021 13:26:24 - INFO - __main__ -   Batch number = 138
12/01/2021 13:26:24 - INFO - __main__ -   Batch number = 139
12/01/2021 13:26:25 - INFO - __main__ -   Batch number = 140
12/01/2021 13:26:25 - INFO - __main__ -   Batch number = 141
12/01/2021 13:26:25 - INFO - __main__ -   Batch number = 142
12/01/2021 13:26:25 - INFO - __main__ -   Batch number = 143
12/01/2021 13:26:25 - INFO - __main__ -   Batch number = 144
12/01/2021 13:26:25 - INFO - __main__ -   Batch number = 145
12/01/2021 13:26:26 - INFO - __main__ -   Batch number = 146
12/01/2021 13:26:26 - INFO - __main__ -   Batch number = 147
12/01/2021 13:26:26 - INFO - __main__ -   Batch number = 148
12/01/2021 13:26:26 - INFO - __main__ -   Batch number = 149
12/01/2021 13:26:26 - INFO - __main__ -   Batch number = 150
12/01/2021 13:26:27 - INFO - __main__ -   Batch number = 151
12/01/2021 13:26:27 - INFO - __main__ -   Batch number = 152
12/01/2021 13:26:27 - INFO - __main__ -   Batch number = 153
12/01/2021 13:26:28 - INFO - __main__ -   Batch number = 154
12/01/2021 13:26:28 - INFO - __main__ -   Batch number = 155
12/01/2021 13:26:28 - INFO - __main__ -   Batch number = 156
12/01/2021 13:26:28 - INFO - __main__ -   Batch number = 157
12/01/2021 13:26:28 - INFO - __main__ -   Batch number = 158
12/01/2021 13:26:28 - INFO - __main__ -   Batch number = 159
12/01/2021 13:26:29 - INFO - __main__ -   Batch number = 160
12/01/2021 13:26:29 - INFO - __main__ -   Batch number = 161
12/01/2021 13:26:29 - INFO - __main__ -   Batch number = 162
12/01/2021 13:26:29 - INFO - __main__ -   Batch number = 163
12/01/2021 13:26:29 - INFO - __main__ -   Batch number = 164
12/01/2021 13:26:30 - INFO - __main__ -   Batch number = 165
12/01/2021 13:26:30 - INFO - __main__ -   Batch number = 166
12/01/2021 13:26:30 - INFO - __main__ -   Batch number = 167
12/01/2021 13:26:30 - INFO - __main__ -   Batch number = 168
12/01/2021 13:26:30 - INFO - __main__ -   Batch number = 169
12/01/2021 13:26:30 - INFO - __main__ -   Batch number = 170
12/01/2021 13:26:30 - INFO - __main__ -   Batch number = 171
12/01/2021 13:26:32 - INFO - __main__ -   ***** Evaluation result  in en *****
12/01/2021 13:26:32 - INFO - __main__ -     f1 = 0.576383836397601
12/01/2021 13:26:32 - INFO - __main__ -     loss = 1.4355532791879442
12/01/2021 13:26:32 - INFO - __main__ -     precision = 0.5987988069783594
12/01/2021 13:26:32 - INFO - __main__ -     recall = 0.5555864439333822
