11/30/2021 16:04:14 - INFO - root -   Input args: ModelArguments(model_name_or_path='bert-base-multilingual-cased', model_type='bert', config_name=None, tokenizer_name=None, cache_dir=None, labels='/home/abhijeet/rohan/cloud-emea/data//udpos/udpos_processed_maxlen128//labels.txt', data_dir='/home/abhijeet/rohan/cloud-emea/data//udpos/udpos_processed_maxlen128/', output_dir='/home/abhijeet/rohan/cloud-emea/output//udpos/my-bert-base-multilingual-cased-LR1e-4-epoch50-MaxLen128-TrainLanghi_hi_s4/', max_seq_length=128, do_train=True, do_eval=True, do_predict=True, do_adapter_predict=False, do_predict_dev=True, do_predict_train=True, init_checkpoint=None, evaluate_during_training=False, do_lower_case=False, few_shot=-1, per_gpu_train_batch_size=8, per_gpu_eval_batch_size=32, gradient_accumulation_steps=4, learning_rate=0.0001, weight_decay=0.0, adam_epsilon=1e-08, max_grad_norm=1.0, num_train_epochs=50.0, max_steps=-1, save_steps=1000, warmup_steps=0, logging_steps=50, save_only_best_checkpoint=True, eval_all_checkpoints=True, no_cuda=False, overwrite_output_dir=True, overwrite_cache=False, seed=4, fp16=False, fp16_opt_level='O1', local_rank=-1, server_ip='', server_port='', predict_langs='en,fo,no,da,is,mr,bn,ta,hi,bg,be,uk,ru', train_langs='hi', log_file='/home/abhijeet/rohan/cloud-emea/output//udpos/my-bert-base-multilingual-cased-LR1e-4-epoch50-MaxLen128-TrainLanghi_hi_s4//train.log', eval_patience=-1, bpe_dropout=0, do_save_adapter_fusions=False, task_name='udpos', predict_task_adapter=None, predict_lang_adapter=None, test_adapter=False, adapter_weight=None, lang_to_vec=None, calc_weight_step=0, predict_save_prefix=None, en_weight=None, temperature=1.0, get_attr=False, topk=1, task='udpos')
11/30/2021 16:04:14 - WARNING - __main__ -   Process rank: -1, device: cuda, n_gpu: 1, distributed training: False, 16-bits training: False
11/30/2021 16:04:14 - INFO - __main__ -   Seed = 4
11/30/2021 16:04:14 - INFO - root -   save adapters
11/30/2021 16:04:14 - INFO - root -   True
11/30/2021 16:04:14 - INFO - __main__ -   Training/evaluation parameters ModelArguments(model_name_or_path='bert-base-multilingual-cased', model_type='bert', config_name=None, tokenizer_name=None, cache_dir=None, labels='/home/abhijeet/rohan/cloud-emea/data//udpos/udpos_processed_maxlen128//labels.txt', data_dir='/home/abhijeet/rohan/cloud-emea/data//udpos/udpos_processed_maxlen128/', output_dir='/home/abhijeet/rohan/cloud-emea/output//udpos/my-bert-base-multilingual-cased-LR1e-4-epoch50-MaxLen128-TrainLanghi_hi_s4/', max_seq_length=128, do_train=True, do_eval=True, do_predict=True, do_adapter_predict=False, do_predict_dev=True, do_predict_train=True, init_checkpoint=None, evaluate_during_training=False, do_lower_case=False, few_shot=-1, per_gpu_train_batch_size=8, per_gpu_eval_batch_size=32, gradient_accumulation_steps=4, learning_rate=0.0001, weight_decay=0.0, adam_epsilon=1e-08, max_grad_norm=1.0, num_train_epochs=50.0, max_steps=-1, save_steps=1000, warmup_steps=0, logging_steps=50, save_only_best_checkpoint=True, eval_all_checkpoints=True, no_cuda=False, overwrite_output_dir=True, overwrite_cache=False, seed=4, fp16=False, fp16_opt_level='O1', local_rank=-1, server_ip='', server_port='', predict_langs='en,fo,no,da,is,mr,bn,ta,hi,bg,be,uk,ru', train_langs='hi', log_file='/home/abhijeet/rohan/cloud-emea/output//udpos/my-bert-base-multilingual-cased-LR1e-4-epoch50-MaxLen128-TrainLanghi_hi_s4//train.log', eval_patience=-1, bpe_dropout=0, do_save_adapter_fusions=False, task_name='udpos', predict_task_adapter=None, predict_lang_adapter=None, test_adapter=False, adapter_weight=None, lang_to_vec=None, calc_weight_step=0, predict_save_prefix=None, en_weight=None, temperature=1.0, get_attr=False, topk=1, task='udpos')
11/30/2021 16:04:14 - INFO - __main__ -   Loading pretrained model and tokenizer
11/30/2021 16:04:17 - INFO - __main__ -   loading from existing model bert-base-multilingual-cased
11/30/2021 16:04:26 - INFO - __main__ -   Using lang2id = None
11/30/2021 16:04:26 - INFO - root -   Trying to decide if add adapter
11/30/2021 16:04:26 - INFO - root -   Adding task adapter
11/30/2021 16:04:26 - INFO - root -   loading lang adpater hi/wiki@ukp
11/30/2021 16:04:26 - INFO - __main__ -   Adapter Languages : ['hi'], Length : 1
11/30/2021 16:04:26 - INFO - __main__ -   Adapter Names ['hi/wiki@ukp'], Length : 1
11/30/2021 16:04:26 - INFO - __main__ -   Language = hi
11/30/2021 16:04:26 - INFO - __main__ -   Adapter Name = hi/wiki@ukp
11/30/2021 16:04:28 - INFO - __main__ -   lang adapter names: hi
11/30/2021 16:04:31 - INFO - __main__ -   all languages = hi
11/30/2021 16:04:31 - INFO - __main__ -   Creating features from dataset file at /home/abhijeet/rohan/cloud-emea/data//udpos/udpos_processed_maxlen128/hi/train.bert-base-multilingual-cased in language hi
11/30/2021 16:04:31 - INFO - utils_tag -   lang_id=0, lang=hi, lang2id=None
11/30/2021 16:04:31 - INFO - utils_tag -   Writing example 0 of 13332
11/30/2021 16:04:31 - INFO - utils_tag -   *** Example ***
11/30/2021 16:04:31 - INFO - utils_tag -   guid: hi-1
11/30/2021 16:04:31 - INFO - utils_tag -   tokens: [CLS] यह ए ##शिया की सबसे बड़ी म ##स ##्ज ##ि ##द ##ों में से एक है । [SEP]
11/30/2021 16:04:31 - INFO - utils_tag -   input_ids: 101 13525 860 87084 10826 28603 76923 889 13432 73649 12878 15552 11497 10532 11072 11186 10569 920 102 0 0 0 0 0 0 0 0 0 0 0 0 0 0 0 0 0 0 0 0 0 0 0 0 0 0 0 0 0 0 0 0 0 0 0 0 0 0 0 0 0 0 0 0 0 0 0 0 0 0 0 0 0 0 0 0 0 0 0 0 0 0 0 0 0 0 0 0 0 0 0 0 0 0 0 0 0 0 0 0 0 0 0 0 0 0 0 0 0 0 0 0 0 0 0 0 0 0 0 0 0 0 0 0 0 0 0 0 0
11/30/2021 16:04:31 - INFO - utils_tag -   input_mask: 1 1 1 1 1 1 1 1 1 1 1 1 1 1 1 1 1 1 1 0 0 0 0 0 0 0 0 0 0 0 0 0 0 0 0 0 0 0 0 0 0 0 0 0 0 0 0 0 0 0 0 0 0 0 0 0 0 0 0 0 0 0 0 0 0 0 0 0 0 0 0 0 0 0 0 0 0 0 0 0 0 0 0 0 0 0 0 0 0 0 0 0 0 0 0 0 0 0 0 0 0 0 0 0 0 0 0 0 0 0 0 0 0 0 0 0 0 0 0 0 0 0 0 0 0 0 0 0
11/30/2021 16:04:31 - INFO - utils_tag -   segment_ids: 0 0 0 0 0 0 0 0 0 0 0 0 0 0 0 0 0 0 0 0 0 0 0 0 0 0 0 0 0 0 0 0 0 0 0 0 0 0 0 0 0 0 0 0 0 0 0 0 0 0 0 0 0 0 0 0 0 0 0 0 0 0 0 0 0 0 0 0 0 0 0 0 0 0 0 0 0 0 0 0 0 0 0 0 0 0 0 0 0 0 0 0 0 0 0 0 0 0 0 0 0 0 0 0 0 0 0 0 0 0 0 0 0 0 0 0 0 0 0 0 0 0 0 0 0 0 0 0
11/30/2021 16:04:31 - INFO - utils_tag -   label_ids: -100 6 12 -100 2 3 1 8 -100 -100 -100 -100 -100 2 2 9 4 13 -100 -100 -100 -100 -100 -100 -100 -100 -100 -100 -100 -100 -100 -100 -100 -100 -100 -100 -100 -100 -100 -100 -100 -100 -100 -100 -100 -100 -100 -100 -100 -100 -100 -100 -100 -100 -100 -100 -100 -100 -100 -100 -100 -100 -100 -100 -100 -100 -100 -100 -100 -100 -100 -100 -100 -100 -100 -100 -100 -100 -100 -100 -100 -100 -100 -100 -100 -100 -100 -100 -100 -100 -100 -100 -100 -100 -100 -100 -100 -100 -100 -100 -100 -100 -100 -100 -100 -100 -100 -100 -100 -100 -100 -100 -100 -100 -100 -100 -100 -100 -100 -100 -100 -100 -100 -100 -100 -100 -100 -100
11/30/2021 16:04:31 - INFO - utils_tag -   langs: [0, 0, 0, 0, 0, 0, 0, 0, 0, 0, 0, 0, 0, 0, 0, 0, 0, 0, 0, 0, 0, 0, 0, 0, 0, 0, 0, 0, 0, 0, 0, 0, 0, 0, 0, 0, 0, 0, 0, 0, 0, 0, 0, 0, 0, 0, 0, 0, 0, 0, 0, 0, 0, 0, 0, 0, 0, 0, 0, 0, 0, 0, 0, 0, 0, 0, 0, 0, 0, 0, 0, 0, 0, 0, 0, 0, 0, 0, 0, 0, 0, 0, 0, 0, 0, 0, 0, 0, 0, 0, 0, 0, 0, 0, 0, 0, 0, 0, 0, 0, 0, 0, 0, 0, 0, 0, 0, 0, 0, 0, 0, 0, 0, 0, 0, 0, 0, 0, 0, 0, 0, 0, 0, 0, 0, 0, 0, 0]
11/30/2021 16:04:31 - INFO - utils_tag -   *** Example ***
11/30/2021 16:04:31 - INFO - utils_tag -   guid: hi-2
11/30/2021 16:04:31 - INFO - utils_tag -   tokens: [CLS] इसे न ##वा ##ब श ##ाह ##जे ##हन ने बन ##वा ##या था । [SEP]
11/30/2021 16:04:31 - INFO - utils_tag -   input_ids: 101 37866 884 28960 18351 896 66921 77285 43486 13088 64162 28960 15168 13794 920 102 0 0 0 0 0 0 0 0 0 0 0 0 0 0 0 0 0 0 0 0 0 0 0 0 0 0 0 0 0 0 0 0 0 0 0 0 0 0 0 0 0 0 0 0 0 0 0 0 0 0 0 0 0 0 0 0 0 0 0 0 0 0 0 0 0 0 0 0 0 0 0 0 0 0 0 0 0 0 0 0 0 0 0 0 0 0 0 0 0 0 0 0 0 0 0 0 0 0 0 0 0 0 0 0 0 0 0 0 0 0 0 0
11/30/2021 16:04:31 - INFO - utils_tag -   input_mask: 1 1 1 1 1 1 1 1 1 1 1 1 1 1 1 1 0 0 0 0 0 0 0 0 0 0 0 0 0 0 0 0 0 0 0 0 0 0 0 0 0 0 0 0 0 0 0 0 0 0 0 0 0 0 0 0 0 0 0 0 0 0 0 0 0 0 0 0 0 0 0 0 0 0 0 0 0 0 0 0 0 0 0 0 0 0 0 0 0 0 0 0 0 0 0 0 0 0 0 0 0 0 0 0 0 0 0 0 0 0 0 0 0 0 0 0 0 0 0 0 0 0 0 0 0 0 0 0
11/30/2021 16:04:31 - INFO - utils_tag -   segment_ids: 0 0 0 0 0 0 0 0 0 0 0 0 0 0 0 0 0 0 0 0 0 0 0 0 0 0 0 0 0 0 0 0 0 0 0 0 0 0 0 0 0 0 0 0 0 0 0 0 0 0 0 0 0 0 0 0 0 0 0 0 0 0 0 0 0 0 0 0 0 0 0 0 0 0 0 0 0 0 0 0 0 0 0 0 0 0 0 0 0 0 0 0 0 0 0 0 0 0 0 0 0 0 0 0 0 0 0 0 0 0 0 0 0 0 0 0 0 0 0 0 0 0 0 0 0 0 0 0
11/30/2021 16:04:31 - INFO - utils_tag -   label_ids: -100 11 8 -100 -100 12 -100 -100 -100 2 16 -100 -100 4 13 -100 -100 -100 -100 -100 -100 -100 -100 -100 -100 -100 -100 -100 -100 -100 -100 -100 -100 -100 -100 -100 -100 -100 -100 -100 -100 -100 -100 -100 -100 -100 -100 -100 -100 -100 -100 -100 -100 -100 -100 -100 -100 -100 -100 -100 -100 -100 -100 -100 -100 -100 -100 -100 -100 -100 -100 -100 -100 -100 -100 -100 -100 -100 -100 -100 -100 -100 -100 -100 -100 -100 -100 -100 -100 -100 -100 -100 -100 -100 -100 -100 -100 -100 -100 -100 -100 -100 -100 -100 -100 -100 -100 -100 -100 -100 -100 -100 -100 -100 -100 -100 -100 -100 -100 -100 -100 -100 -100 -100 -100 -100 -100 -100
11/30/2021 16:04:31 - INFO - utils_tag -   langs: [0, 0, 0, 0, 0, 0, 0, 0, 0, 0, 0, 0, 0, 0, 0, 0, 0, 0, 0, 0, 0, 0, 0, 0, 0, 0, 0, 0, 0, 0, 0, 0, 0, 0, 0, 0, 0, 0, 0, 0, 0, 0, 0, 0, 0, 0, 0, 0, 0, 0, 0, 0, 0, 0, 0, 0, 0, 0, 0, 0, 0, 0, 0, 0, 0, 0, 0, 0, 0, 0, 0, 0, 0, 0, 0, 0, 0, 0, 0, 0, 0, 0, 0, 0, 0, 0, 0, 0, 0, 0, 0, 0, 0, 0, 0, 0, 0, 0, 0, 0, 0, 0, 0, 0, 0, 0, 0, 0, 0, 0, 0, 0, 0, 0, 0, 0, 0, 0, 0, 0, 0, 0, 0, 0, 0, 0, 0, 0]
11/30/2021 16:04:31 - INFO - utils_tag -   *** Example ***
11/30/2021 16:04:31 - INFO - utils_tag -   guid: hi-3
11/30/2021 16:04:31 - INFO - utils_tag -   tokens: [CLS] इसका प्रवेश द ##्व ##ार दो म ##ं ##ज ##िला है । [SEP]
11/30/2021 16:04:31 - INFO - utils_tag -   input_ids: 101 37016 77814 882 27155 19885 29784 889 14018 17413 33156 10569 920 102 0 0 0 0 0 0 0 0 0 0 0 0 0 0 0 0 0 0 0 0 0 0 0 0 0 0 0 0 0 0 0 0 0 0 0 0 0 0 0 0 0 0 0 0 0 0 0 0 0 0 0 0 0 0 0 0 0 0 0 0 0 0 0 0 0 0 0 0 0 0 0 0 0 0 0 0 0 0 0 0 0 0 0 0 0 0 0 0 0 0 0 0 0 0 0 0 0 0 0 0 0 0 0 0 0 0 0 0 0 0 0 0 0 0
11/30/2021 16:04:31 - INFO - utils_tag -   input_mask: 1 1 1 1 1 1 1 1 1 1 1 1 1 1 0 0 0 0 0 0 0 0 0 0 0 0 0 0 0 0 0 0 0 0 0 0 0 0 0 0 0 0 0 0 0 0 0 0 0 0 0 0 0 0 0 0 0 0 0 0 0 0 0 0 0 0 0 0 0 0 0 0 0 0 0 0 0 0 0 0 0 0 0 0 0 0 0 0 0 0 0 0 0 0 0 0 0 0 0 0 0 0 0 0 0 0 0 0 0 0 0 0 0 0 0 0 0 0 0 0 0 0 0 0 0 0 0 0
11/30/2021 16:04:31 - INFO - utils_tag -   segment_ids: 0 0 0 0 0 0 0 0 0 0 0 0 0 0 0 0 0 0 0 0 0 0 0 0 0 0 0 0 0 0 0 0 0 0 0 0 0 0 0 0 0 0 0 0 0 0 0 0 0 0 0 0 0 0 0 0 0 0 0 0 0 0 0 0 0 0 0 0 0 0 0 0 0 0 0 0 0 0 0 0 0 0 0 0 0 0 0 0 0 0 0 0 0 0 0 0 0 0 0 0 0 0 0 0 0 0 0 0 0 0 0 0 0 0 0 0 0 0 0 0 0 0 0 0 0 0 0 0
11/30/2021 16:04:31 - INFO - utils_tag -   label_ids: -100 11 8 8 -100 -100 9 1 -100 -100 -100 4 13 -100 -100 -100 -100 -100 -100 -100 -100 -100 -100 -100 -100 -100 -100 -100 -100 -100 -100 -100 -100 -100 -100 -100 -100 -100 -100 -100 -100 -100 -100 -100 -100 -100 -100 -100 -100 -100 -100 -100 -100 -100 -100 -100 -100 -100 -100 -100 -100 -100 -100 -100 -100 -100 -100 -100 -100 -100 -100 -100 -100 -100 -100 -100 -100 -100 -100 -100 -100 -100 -100 -100 -100 -100 -100 -100 -100 -100 -100 -100 -100 -100 -100 -100 -100 -100 -100 -100 -100 -100 -100 -100 -100 -100 -100 -100 -100 -100 -100 -100 -100 -100 -100 -100 -100 -100 -100 -100 -100 -100 -100 -100 -100 -100 -100 -100
11/30/2021 16:04:31 - INFO - utils_tag -   langs: [0, 0, 0, 0, 0, 0, 0, 0, 0, 0, 0, 0, 0, 0, 0, 0, 0, 0, 0, 0, 0, 0, 0, 0, 0, 0, 0, 0, 0, 0, 0, 0, 0, 0, 0, 0, 0, 0, 0, 0, 0, 0, 0, 0, 0, 0, 0, 0, 0, 0, 0, 0, 0, 0, 0, 0, 0, 0, 0, 0, 0, 0, 0, 0, 0, 0, 0, 0, 0, 0, 0, 0, 0, 0, 0, 0, 0, 0, 0, 0, 0, 0, 0, 0, 0, 0, 0, 0, 0, 0, 0, 0, 0, 0, 0, 0, 0, 0, 0, 0, 0, 0, 0, 0, 0, 0, 0, 0, 0, 0, 0, 0, 0, 0, 0, 0, 0, 0, 0, 0, 0, 0, 0, 0, 0, 0, 0, 0]
11/30/2021 16:04:31 - INFO - utils_tag -   *** Example ***
11/30/2021 16:04:31 - INFO - utils_tag -   guid: hi-4
11/30/2021 16:04:31 - INFO - utils_tag -   tokens: [CLS] जिसमें चार मे ##हर ##ा ##बे ##ं हैं और मुख्य प ##्रा ##र्थ ##ना ह ##ॉल में जाने के लिए 9 प्रवेश द ##्व ##ार हैं । [SEP]
11/30/2021 16:04:31 - INFO - utils_tag -   input_ids: 101 40001 48231 40265 49050 11208 85002 14018 11716 10977 31169 885 77809 86025 16380 899 55611 10532 34413 10412 13182 130 77814 882 27155 19885 11716 920 102 0 0 0 0 0 0 0 0 0 0 0 0 0 0 0 0 0 0 0 0 0 0 0 0 0 0 0 0 0 0 0 0 0 0 0 0 0 0 0 0 0 0 0 0 0 0 0 0 0 0 0 0 0 0 0 0 0 0 0 0 0 0 0 0 0 0 0 0 0 0 0 0 0 0 0 0 0 0 0 0 0 0 0 0 0 0 0 0 0 0 0 0 0 0 0 0 0 0 0
11/30/2021 16:04:31 - INFO - utils_tag -   input_mask: 1 1 1 1 1 1 1 1 1 1 1 1 1 1 1 1 1 1 1 1 1 1 1 1 1 1 1 1 1 0 0 0 0 0 0 0 0 0 0 0 0 0 0 0 0 0 0 0 0 0 0 0 0 0 0 0 0 0 0 0 0 0 0 0 0 0 0 0 0 0 0 0 0 0 0 0 0 0 0 0 0 0 0 0 0 0 0 0 0 0 0 0 0 0 0 0 0 0 0 0 0 0 0 0 0 0 0 0 0 0 0 0 0 0 0 0 0 0 0 0 0 0 0 0 0 0 0 0
11/30/2021 16:04:31 - INFO - utils_tag -   segment_ids: 0 0 0 0 0 0 0 0 0 0 0 0 0 0 0 0 0 0 0 0 0 0 0 0 0 0 0 0 0 0 0 0 0 0 0 0 0 0 0 0 0 0 0 0 0 0 0 0 0 0 0 0 0 0 0 0 0 0 0 0 0 0 0 0 0 0 0 0 0 0 0 0 0 0 0 0 0 0 0 0 0 0 0 0 0 0 0 0 0 0 0 0 0 0 0 0 0 0 0 0 0 0 0 0 0 0 0 0 0 0 0 0 0 0 0 0 0 0 0 0 0 0 0 0 0 0 0 0
11/30/2021 16:04:31 - INFO - utils_tag -   label_ids: -100 11 9 8 -100 -100 -100 -100 4 5 1 8 -100 -100 -100 8 -100 2 16 2 2 9 8 8 -100 -100 16 13 -100 -100 -100 -100 -100 -100 -100 -100 -100 -100 -100 -100 -100 -100 -100 -100 -100 -100 -100 -100 -100 -100 -100 -100 -100 -100 -100 -100 -100 -100 -100 -100 -100 -100 -100 -100 -100 -100 -100 -100 -100 -100 -100 -100 -100 -100 -100 -100 -100 -100 -100 -100 -100 -100 -100 -100 -100 -100 -100 -100 -100 -100 -100 -100 -100 -100 -100 -100 -100 -100 -100 -100 -100 -100 -100 -100 -100 -100 -100 -100 -100 -100 -100 -100 -100 -100 -100 -100 -100 -100 -100 -100 -100 -100 -100 -100 -100 -100 -100 -100
11/30/2021 16:04:31 - INFO - utils_tag -   langs: [0, 0, 0, 0, 0, 0, 0, 0, 0, 0, 0, 0, 0, 0, 0, 0, 0, 0, 0, 0, 0, 0, 0, 0, 0, 0, 0, 0, 0, 0, 0, 0, 0, 0, 0, 0, 0, 0, 0, 0, 0, 0, 0, 0, 0, 0, 0, 0, 0, 0, 0, 0, 0, 0, 0, 0, 0, 0, 0, 0, 0, 0, 0, 0, 0, 0, 0, 0, 0, 0, 0, 0, 0, 0, 0, 0, 0, 0, 0, 0, 0, 0, 0, 0, 0, 0, 0, 0, 0, 0, 0, 0, 0, 0, 0, 0, 0, 0, 0, 0, 0, 0, 0, 0, 0, 0, 0, 0, 0, 0, 0, 0, 0, 0, 0, 0, 0, 0, 0, 0, 0, 0, 0, 0, 0, 0, 0, 0]
11/30/2021 16:04:31 - INFO - utils_tag -   *** Example ***
11/30/2021 16:04:31 - INFO - utils_tag -   guid: hi-5
11/30/2021 16:04:31 - INFO - utils_tag -   tokens: [CLS] पूरी इ ##मा ##रत ब ##े ##ह ##द ख ##ू ##ब ##स ##ूर ##त है । [SEP]
11/30/2021 16:04:31 - INFO - utils_tag -   input_ids: 101 96597 853 12347 57933 887 11554 17110 15552 866 15778 18351 13432 45028 11845 10569 920 102 0 0 0 0 0 0 0 0 0 0 0 0 0 0 0 0 0 0 0 0 0 0 0 0 0 0 0 0 0 0 0 0 0 0 0 0 0 0 0 0 0 0 0 0 0 0 0 0 0 0 0 0 0 0 0 0 0 0 0 0 0 0 0 0 0 0 0 0 0 0 0 0 0 0 0 0 0 0 0 0 0 0 0 0 0 0 0 0 0 0 0 0 0 0 0 0 0 0 0 0 0 0 0 0 0 0 0 0 0 0
11/30/2021 16:04:31 - INFO - utils_tag -   input_mask: 1 1 1 1 1 1 1 1 1 1 1 1 1 1 1 1 1 1 0 0 0 0 0 0 0 0 0 0 0 0 0 0 0 0 0 0 0 0 0 0 0 0 0 0 0 0 0 0 0 0 0 0 0 0 0 0 0 0 0 0 0 0 0 0 0 0 0 0 0 0 0 0 0 0 0 0 0 0 0 0 0 0 0 0 0 0 0 0 0 0 0 0 0 0 0 0 0 0 0 0 0 0 0 0 0 0 0 0 0 0 0 0 0 0 0 0 0 0 0 0 0 0 0 0 0 0 0 0
11/30/2021 16:04:31 - INFO - utils_tag -   segment_ids: 0 0 0 0 0 0 0 0 0 0 0 0 0 0 0 0 0 0 0 0 0 0 0 0 0 0 0 0 0 0 0 0 0 0 0 0 0 0 0 0 0 0 0 0 0 0 0 0 0 0 0 0 0 0 0 0 0 0 0 0 0 0 0 0 0 0 0 0 0 0 0 0 0 0 0 0 0 0 0 0 0 0 0 0 0 0 0 0 0 0 0 0 0 0 0 0 0 0 0 0 0 0 0 0 0 0 0 0 0 0 0 0 0 0 0 0 0 0 0 0 0 0 0 0 0 0 0 0
11/30/2021 16:04:31 - INFO - utils_tag -   label_ids: -100 1 8 -100 -100 3 -100 -100 -100 1 -100 -100 -100 -100 -100 4 13 -100 -100 -100 -100 -100 -100 -100 -100 -100 -100 -100 -100 -100 -100 -100 -100 -100 -100 -100 -100 -100 -100 -100 -100 -100 -100 -100 -100 -100 -100 -100 -100 -100 -100 -100 -100 -100 -100 -100 -100 -100 -100 -100 -100 -100 -100 -100 -100 -100 -100 -100 -100 -100 -100 -100 -100 -100 -100 -100 -100 -100 -100 -100 -100 -100 -100 -100 -100 -100 -100 -100 -100 -100 -100 -100 -100 -100 -100 -100 -100 -100 -100 -100 -100 -100 -100 -100 -100 -100 -100 -100 -100 -100 -100 -100 -100 -100 -100 -100 -100 -100 -100 -100 -100 -100 -100 -100 -100 -100 -100 -100
11/30/2021 16:04:31 - INFO - utils_tag -   langs: [0, 0, 0, 0, 0, 0, 0, 0, 0, 0, 0, 0, 0, 0, 0, 0, 0, 0, 0, 0, 0, 0, 0, 0, 0, 0, 0, 0, 0, 0, 0, 0, 0, 0, 0, 0, 0, 0, 0, 0, 0, 0, 0, 0, 0, 0, 0, 0, 0, 0, 0, 0, 0, 0, 0, 0, 0, 0, 0, 0, 0, 0, 0, 0, 0, 0, 0, 0, 0, 0, 0, 0, 0, 0, 0, 0, 0, 0, 0, 0, 0, 0, 0, 0, 0, 0, 0, 0, 0, 0, 0, 0, 0, 0, 0, 0, 0, 0, 0, 0, 0, 0, 0, 0, 0, 0, 0, 0, 0, 0, 0, 0, 0, 0, 0, 0, 0, 0, 0, 0, 0, 0, 0, 0, 0, 0, 0, 0]
11/30/2021 16:04:41 - INFO - utils_tag -   Writing example 10000 of 13332
11/30/2021 16:04:44 - INFO - __main__ -   Saving features into cached file /home/abhijeet/rohan/cloud-emea/data//udpos/udpos_processed_maxlen128/cached_train_hi_bert-base-multilingual-cased_128, len(features)=13332
11/30/2021 16:04:47 - INFO - root -   ['bert.encoder.layer.0.output.layer_text_task_adapters.udpos.adapter_down.0.weight', 'bert.encoder.layer.0.output.layer_text_task_adapters.udpos.adapter_down.0.bias', 'bert.encoder.layer.0.output.layer_text_task_adapters.udpos.adapter_up.weight', 'bert.encoder.layer.0.output.layer_text_task_adapters.udpos.adapter_up.bias', 'bert.encoder.layer.1.output.layer_text_task_adapters.udpos.adapter_down.0.weight', 'bert.encoder.layer.1.output.layer_text_task_adapters.udpos.adapter_down.0.bias', 'bert.encoder.layer.1.output.layer_text_task_adapters.udpos.adapter_up.weight', 'bert.encoder.layer.1.output.layer_text_task_adapters.udpos.adapter_up.bias', 'bert.encoder.layer.2.output.layer_text_task_adapters.udpos.adapter_down.0.weight', 'bert.encoder.layer.2.output.layer_text_task_adapters.udpos.adapter_down.0.bias', 'bert.encoder.layer.2.output.layer_text_task_adapters.udpos.adapter_up.weight', 'bert.encoder.layer.2.output.layer_text_task_adapters.udpos.adapter_up.bias', 'bert.encoder.layer.3.output.layer_text_task_adapters.udpos.adapter_down.0.weight', 'bert.encoder.layer.3.output.layer_text_task_adapters.udpos.adapter_down.0.bias', 'bert.encoder.layer.3.output.layer_text_task_adapters.udpos.adapter_up.weight', 'bert.encoder.layer.3.output.layer_text_task_adapters.udpos.adapter_up.bias', 'bert.encoder.layer.4.output.layer_text_task_adapters.udpos.adapter_down.0.weight', 'bert.encoder.layer.4.output.layer_text_task_adapters.udpos.adapter_down.0.bias', 'bert.encoder.layer.4.output.layer_text_task_adapters.udpos.adapter_up.weight', 'bert.encoder.layer.4.output.layer_text_task_adapters.udpos.adapter_up.bias', 'bert.encoder.layer.5.output.layer_text_task_adapters.udpos.adapter_down.0.weight', 'bert.encoder.layer.5.output.layer_text_task_adapters.udpos.adapter_down.0.bias', 'bert.encoder.layer.5.output.layer_text_task_adapters.udpos.adapter_up.weight', 'bert.encoder.layer.5.output.layer_text_task_adapters.udpos.adapter_up.bias', 'bert.encoder.layer.6.output.layer_text_task_adapters.udpos.adapter_down.0.weight', 'bert.encoder.layer.6.output.layer_text_task_adapters.udpos.adapter_down.0.bias', 'bert.encoder.layer.6.output.layer_text_task_adapters.udpos.adapter_up.weight', 'bert.encoder.layer.6.output.layer_text_task_adapters.udpos.adapter_up.bias', 'bert.encoder.layer.7.output.layer_text_task_adapters.udpos.adapter_down.0.weight', 'bert.encoder.layer.7.output.layer_text_task_adapters.udpos.adapter_down.0.bias', 'bert.encoder.layer.7.output.layer_text_task_adapters.udpos.adapter_up.weight', 'bert.encoder.layer.7.output.layer_text_task_adapters.udpos.adapter_up.bias', 'bert.encoder.layer.8.output.layer_text_task_adapters.udpos.adapter_down.0.weight', 'bert.encoder.layer.8.output.layer_text_task_adapters.udpos.adapter_down.0.bias', 'bert.encoder.layer.8.output.layer_text_task_adapters.udpos.adapter_up.weight', 'bert.encoder.layer.8.output.layer_text_task_adapters.udpos.adapter_up.bias', 'bert.encoder.layer.9.output.layer_text_task_adapters.udpos.adapter_down.0.weight', 'bert.encoder.layer.9.output.layer_text_task_adapters.udpos.adapter_down.0.bias', 'bert.encoder.layer.9.output.layer_text_task_adapters.udpos.adapter_up.weight', 'bert.encoder.layer.9.output.layer_text_task_adapters.udpos.adapter_up.bias', 'bert.encoder.layer.10.output.layer_text_task_adapters.udpos.adapter_down.0.weight', 'bert.encoder.layer.10.output.layer_text_task_adapters.udpos.adapter_down.0.bias', 'bert.encoder.layer.10.output.layer_text_task_adapters.udpos.adapter_up.weight', 'bert.encoder.layer.10.output.layer_text_task_adapters.udpos.adapter_up.bias', 'bert.encoder.layer.11.output.layer_text_task_adapters.udpos.adapter_down.0.weight', 'bert.encoder.layer.11.output.layer_text_task_adapters.udpos.adapter_down.0.bias', 'bert.encoder.layer.11.output.layer_text_task_adapters.udpos.adapter_up.weight', 'bert.encoder.layer.11.output.layer_text_task_adapters.udpos.adapter_up.bias', 'classifier.weight', 'classifier.bias']
11/30/2021 16:04:47 - INFO - __main__ -   ***** Running training *****
11/30/2021 16:04:47 - INFO - __main__ -     Num examples = 13332
11/30/2021 16:04:47 - INFO - __main__ -     Num Epochs = 50
11/30/2021 16:04:47 - INFO - __main__ -     Instantaneous batch size per GPU = 8
11/30/2021 16:04:47 - INFO - __main__ -     Total train batch size (w. parallel, distributed & accumulation) = 32
11/30/2021 16:04:47 - INFO - __main__ -     Gradient Accumulation steps = 4
11/30/2021 16:04:47 - INFO - __main__ -     Total optimization steps = 20800
11/30/2021 16:04:47 - INFO - __main__ -   Seed = 4
11/30/2021 16:10:25 - INFO - __main__ -   all languages = hi
11/30/2021 16:10:25 - INFO - __main__ -   Creating features from dataset file at /home/abhijeet/rohan/cloud-emea/data//udpos/udpos_processed_maxlen128/hi/dev.bert-base-multilingual-cased in language hi
11/30/2021 16:10:25 - INFO - utils_tag -   lang_id=0, lang=hi, lang2id=None
11/30/2021 16:10:25 - INFO - utils_tag -   Writing example 0 of 1664
11/30/2021 16:10:25 - INFO - utils_tag -   *** Example ***
11/30/2021 16:10:25 - INFO - utils_tag -   guid: hi-1
11/30/2021 16:10:25 - INFO - utils_tag -   tokens: [CLS] राम ##ाय ##ण काल में भगवान राम के पुत्र क ##ु ##श की राजधानी क ##ु ##शा ##वत ##ी को 483 ईसा पूर्व ब ##ुद्ध ने अपने अंतिम वि ##श ##्राम के लिए च ##ुना । [SEP]
11/30/2021 16:10:25 - INFO - utils_tag -   input_ids: 101 71210 49604 14512 27467 10532 73558 71210 10412 84417 865 14070 21835 10826 62028 865 14070 105764 97863 10914 11267 49863 41291 20012 887 48010 13088 19346 96549 55190 21835 66695 10412 13182 870 103021 920 102 0 0 0 0 0 0 0 0 0 0 0 0 0 0 0 0 0 0 0 0 0 0 0 0 0 0 0 0 0 0 0 0 0 0 0 0 0 0 0 0 0 0 0 0 0 0 0 0 0 0 0 0 0 0 0 0 0 0 0 0 0 0 0 0 0 0 0 0 0 0 0 0 0 0 0 0 0 0 0 0 0 0 0 0 0 0 0 0 0 0
11/30/2021 16:10:25 - INFO - utils_tag -   input_mask: 1 1 1 1 1 1 1 1 1 1 1 1 1 1 1 1 1 1 1 1 1 1 1 1 1 1 1 1 1 1 1 1 1 1 1 1 1 1 0 0 0 0 0 0 0 0 0 0 0 0 0 0 0 0 0 0 0 0 0 0 0 0 0 0 0 0 0 0 0 0 0 0 0 0 0 0 0 0 0 0 0 0 0 0 0 0 0 0 0 0 0 0 0 0 0 0 0 0 0 0 0 0 0 0 0 0 0 0 0 0 0 0 0 0 0 0 0 0 0 0 0 0 0 0 0 0 0 0
11/30/2021 16:10:25 - INFO - utils_tag -   segment_ids: 0 0 0 0 0 0 0 0 0 0 0 0 0 0 0 0 0 0 0 0 0 0 0 0 0 0 0 0 0 0 0 0 0 0 0 0 0 0 0 0 0 0 0 0 0 0 0 0 0 0 0 0 0 0 0 0 0 0 0 0 0 0 0 0 0 0 0 0 0 0 0 0 0 0 0 0 0 0 0 0 0 0 0 0 0 0 0 0 0 0 0 0 0 0 0 0 0 0 0 0 0 0 0 0 0 0 0 0 0 0 0 0 0 0 0 0 0 0 0 0 0 0 0 0 0 0 0 0
11/30/2021 16:10:25 - INFO - utils_tag -   label_ids: -100 12 -100 -100 12 2 8 12 2 8 12 -100 -100 2 8 12 -100 -100 -100 -100 2 12 12 12 12 -100 2 11 1 8 -100 -100 2 2 16 -100 13 -100 -100 -100 -100 -100 -100 -100 -100 -100 -100 -100 -100 -100 -100 -100 -100 -100 -100 -100 -100 -100 -100 -100 -100 -100 -100 -100 -100 -100 -100 -100 -100 -100 -100 -100 -100 -100 -100 -100 -100 -100 -100 -100 -100 -100 -100 -100 -100 -100 -100 -100 -100 -100 -100 -100 -100 -100 -100 -100 -100 -100 -100 -100 -100 -100 -100 -100 -100 -100 -100 -100 -100 -100 -100 -100 -100 -100 -100 -100 -100 -100 -100 -100 -100 -100 -100 -100 -100 -100 -100 -100
11/30/2021 16:10:25 - INFO - utils_tag -   langs: [0, 0, 0, 0, 0, 0, 0, 0, 0, 0, 0, 0, 0, 0, 0, 0, 0, 0, 0, 0, 0, 0, 0, 0, 0, 0, 0, 0, 0, 0, 0, 0, 0, 0, 0, 0, 0, 0, 0, 0, 0, 0, 0, 0, 0, 0, 0, 0, 0, 0, 0, 0, 0, 0, 0, 0, 0, 0, 0, 0, 0, 0, 0, 0, 0, 0, 0, 0, 0, 0, 0, 0, 0, 0, 0, 0, 0, 0, 0, 0, 0, 0, 0, 0, 0, 0, 0, 0, 0, 0, 0, 0, 0, 0, 0, 0, 0, 0, 0, 0, 0, 0, 0, 0, 0, 0, 0, 0, 0, 0, 0, 0, 0, 0, 0, 0, 0, 0, 0, 0, 0, 0, 0, 0, 0, 0, 0, 0]
11/30/2021 16:10:25 - INFO - utils_tag -   *** Example ***
11/30/2021 16:10:25 - INFO - utils_tag -   guid: hi-2
11/30/2021 16:10:25 - INFO - utils_tag -   tokens: [CLS] म ##ल ##्ल ##ों की राजधानी होने के कारण प्राचीन ##काल में इस स्थान का अ ##त्य ##ंत म ##हत ##्व था । [SEP]
11/30/2021 16:10:25 - INFO - utils_tag -   input_ids: 101 889 11714 50101 11497 10826 62028 27697 10412 23640 38965 82780 10532 14265 36724 11081 851 91618 24786 889 108775 27155 13794 920 102 0 0 0 0 0 0 0 0 0 0 0 0 0 0 0 0 0 0 0 0 0 0 0 0 0 0 0 0 0 0 0 0 0 0 0 0 0 0 0 0 0 0 0 0 0 0 0 0 0 0 0 0 0 0 0 0 0 0 0 0 0 0 0 0 0 0 0 0 0 0 0 0 0 0 0 0 0 0 0 0 0 0 0 0 0 0 0 0 0 0 0 0 0 0 0 0 0 0 0 0 0 0 0
11/30/2021 16:10:25 - INFO - utils_tag -   input_mask: 1 1 1 1 1 1 1 1 1 1 1 1 1 1 1 1 1 1 1 1 1 1 1 1 1 0 0 0 0 0 0 0 0 0 0 0 0 0 0 0 0 0 0 0 0 0 0 0 0 0 0 0 0 0 0 0 0 0 0 0 0 0 0 0 0 0 0 0 0 0 0 0 0 0 0 0 0 0 0 0 0 0 0 0 0 0 0 0 0 0 0 0 0 0 0 0 0 0 0 0 0 0 0 0 0 0 0 0 0 0 0 0 0 0 0 0 0 0 0 0 0 0 0 0 0 0 0 0
11/30/2021 16:10:25 - INFO - utils_tag -   segment_ids: 0 0 0 0 0 0 0 0 0 0 0 0 0 0 0 0 0 0 0 0 0 0 0 0 0 0 0 0 0 0 0 0 0 0 0 0 0 0 0 0 0 0 0 0 0 0 0 0 0 0 0 0 0 0 0 0 0 0 0 0 0 0 0 0 0 0 0 0 0 0 0 0 0 0 0 0 0 0 0 0 0 0 0 0 0 0 0 0 0 0 0 0 0 0 0 0 0 0 0 0 0 0 0 0 0 0 0 0 0 0 0 0 0 0 0 0 0 0 0 0 0 0 0 0 0 0 0 0
11/30/2021 16:10:25 - INFO - utils_tag -   label_ids: -100 8 -100 -100 -100 2 8 16 2 2 8 -100 2 6 8 2 1 -100 -100 8 -100 -100 16 13 -100 -100 -100 -100 -100 -100 -100 -100 -100 -100 -100 -100 -100 -100 -100 -100 -100 -100 -100 -100 -100 -100 -100 -100 -100 -100 -100 -100 -100 -100 -100 -100 -100 -100 -100 -100 -100 -100 -100 -100 -100 -100 -100 -100 -100 -100 -100 -100 -100 -100 -100 -100 -100 -100 -100 -100 -100 -100 -100 -100 -100 -100 -100 -100 -100 -100 -100 -100 -100 -100 -100 -100 -100 -100 -100 -100 -100 -100 -100 -100 -100 -100 -100 -100 -100 -100 -100 -100 -100 -100 -100 -100 -100 -100 -100 -100 -100 -100 -100 -100 -100 -100 -100 -100
11/30/2021 16:10:25 - INFO - utils_tag -   langs: [0, 0, 0, 0, 0, 0, 0, 0, 0, 0, 0, 0, 0, 0, 0, 0, 0, 0, 0, 0, 0, 0, 0, 0, 0, 0, 0, 0, 0, 0, 0, 0, 0, 0, 0, 0, 0, 0, 0, 0, 0, 0, 0, 0, 0, 0, 0, 0, 0, 0, 0, 0, 0, 0, 0, 0, 0, 0, 0, 0, 0, 0, 0, 0, 0, 0, 0, 0, 0, 0, 0, 0, 0, 0, 0, 0, 0, 0, 0, 0, 0, 0, 0, 0, 0, 0, 0, 0, 0, 0, 0, 0, 0, 0, 0, 0, 0, 0, 0, 0, 0, 0, 0, 0, 0, 0, 0, 0, 0, 0, 0, 0, 0, 0, 0, 0, 0, 0, 0, 0, 0, 0, 0, 0, 0, 0, 0, 0]
11/30/2021 16:10:25 - INFO - utils_tag -   *** Example ***
11/30/2021 16:10:25 - INFO - utils_tag -   guid: hi-3
11/30/2021 16:10:25 - INFO - utils_tag -   tokens: [CLS] बौद्ध धर्म ##ाव ##ल ##ं ##ब ##ियों के अनुसार ल ##ु ##ं ##ब ##नी , ब ##ोध ##ग ##या और स ##ार ##नाथ के साथ ही इस स्थान का वि ##श ##द ##् म ##हत ##्व है । [SEP]
11/30/2021 16:10:25 - INFO - utils_tag -   input_ids: 101 48565 24589 36471 11714 14018 18351 19966 10412 26362 893 14070 14018 18351 19810 117 887 83615 19741 15168 10977 898 19885 87006 10412 16208 14080 14265 36724 11081 55190 21835 15552 20429 889 108775 27155 10569 920 102 0 0 0 0 0 0 0 0 0 0 0 0 0 0 0 0 0 0 0 0 0 0 0 0 0 0 0 0 0 0 0 0 0 0 0 0 0 0 0 0 0 0 0 0 0 0 0 0 0 0 0 0 0 0 0 0 0 0 0 0 0 0 0 0 0 0 0 0 0 0 0 0 0 0 0 0 0 0 0 0 0 0 0 0 0 0 0 0
11/30/2021 16:10:25 - INFO - utils_tag -   input_mask: 1 1 1 1 1 1 1 1 1 1 1 1 1 1 1 1 1 1 1 1 1 1 1 1 1 1 1 1 1 1 1 1 1 1 1 1 1 1 1 1 0 0 0 0 0 0 0 0 0 0 0 0 0 0 0 0 0 0 0 0 0 0 0 0 0 0 0 0 0 0 0 0 0 0 0 0 0 0 0 0 0 0 0 0 0 0 0 0 0 0 0 0 0 0 0 0 0 0 0 0 0 0 0 0 0 0 0 0 0 0 0 0 0 0 0 0 0 0 0 0 0 0 0 0 0 0 0 0
11/30/2021 16:10:25 - INFO - utils_tag -   segment_ids: 0 0 0 0 0 0 0 0 0 0 0 0 0 0 0 0 0 0 0 0 0 0 0 0 0 0 0 0 0 0 0 0 0 0 0 0 0 0 0 0 0 0 0 0 0 0 0 0 0 0 0 0 0 0 0 0 0 0 0 0 0 0 0 0 0 0 0 0 0 0 0 0 0 0 0 0 0 0 0 0 0 0 0 0 0 0 0 0 0 0 0 0 0 0 0 0 0 0 0 0 0 0 0 0 0 0 0 0 0 0 0 0 0 0 0 0 0 0 0 0 0 0 0 0 0 0 0 0
11/30/2021 16:10:25 - INFO - utils_tag -   label_ids: -100 12 8 -100 -100 -100 -100 -100 2 2 12 -100 -100 -100 -100 13 12 -100 -100 -100 5 12 -100 -100 2 2 10 6 8 2 1 -100 -100 -100 8 -100 -100 4 13 -100 -100 -100 -100 -100 -100 -100 -100 -100 -100 -100 -100 -100 -100 -100 -100 -100 -100 -100 -100 -100 -100 -100 -100 -100 -100 -100 -100 -100 -100 -100 -100 -100 -100 -100 -100 -100 -100 -100 -100 -100 -100 -100 -100 -100 -100 -100 -100 -100 -100 -100 -100 -100 -100 -100 -100 -100 -100 -100 -100 -100 -100 -100 -100 -100 -100 -100 -100 -100 -100 -100 -100 -100 -100 -100 -100 -100 -100 -100 -100 -100 -100 -100 -100 -100 -100 -100 -100 -100
11/30/2021 16:10:25 - INFO - utils_tag -   langs: [0, 0, 0, 0, 0, 0, 0, 0, 0, 0, 0, 0, 0, 0, 0, 0, 0, 0, 0, 0, 0, 0, 0, 0, 0, 0, 0, 0, 0, 0, 0, 0, 0, 0, 0, 0, 0, 0, 0, 0, 0, 0, 0, 0, 0, 0, 0, 0, 0, 0, 0, 0, 0, 0, 0, 0, 0, 0, 0, 0, 0, 0, 0, 0, 0, 0, 0, 0, 0, 0, 0, 0, 0, 0, 0, 0, 0, 0, 0, 0, 0, 0, 0, 0, 0, 0, 0, 0, 0, 0, 0, 0, 0, 0, 0, 0, 0, 0, 0, 0, 0, 0, 0, 0, 0, 0, 0, 0, 0, 0, 0, 0, 0, 0, 0, 0, 0, 0, 0, 0, 0, 0, 0, 0, 0, 0, 0, 0]
11/30/2021 16:10:25 - INFO - utils_tag -   *** Example ***
11/30/2021 16:10:25 - INFO - utils_tag -   guid: hi-4
11/30/2021 16:10:25 - INFO - utils_tag -   tokens: [CLS] ह ##िं ##दू राजा ##ओं के काल में चीन से ह ##्वे ##न स ##ा ##ंग , फ ##ाह ##्या ##न और इ ##त ##्स ##िंग ने अपने यात्रा व ##ृत ##्ता ##ंत में इस स्थान के ग ##ौर ##व का वर्णन किया है । [SEP]
11/30/2021 16:10:25 - INFO - utils_tag -   input_ids: 101 899 103435 98626 36331 18906 10412 27467 10532 91582 11072 899 72312 11453 898 11208 31222 117 886 66921 17279 11453 10977 853 11845 18869 28106 13088 19346 79632 895 37500 43183 24786 10532 14265 36724 10412 867 54379 15070 11081 27070 13016 10569 920 102 0 0 0 0 0 0 0 0 0 0 0 0 0 0 0 0 0 0 0 0 0 0 0 0 0 0 0 0 0 0 0 0 0 0 0 0 0 0 0 0 0 0 0 0 0 0 0 0 0 0 0 0 0 0 0 0 0 0 0 0 0 0 0 0 0 0 0 0 0 0 0 0 0 0 0 0 0 0 0 0 0
11/30/2021 16:10:25 - INFO - utils_tag -   input_mask: 1 1 1 1 1 1 1 1 1 1 1 1 1 1 1 1 1 1 1 1 1 1 1 1 1 1 1 1 1 1 1 1 1 1 1 1 1 1 1 1 1 1 1 1 1 1 1 0 0 0 0 0 0 0 0 0 0 0 0 0 0 0 0 0 0 0 0 0 0 0 0 0 0 0 0 0 0 0 0 0 0 0 0 0 0 0 0 0 0 0 0 0 0 0 0 0 0 0 0 0 0 0 0 0 0 0 0 0 0 0 0 0 0 0 0 0 0 0 0 0 0 0 0 0 0 0 0 0
11/30/2021 16:10:25 - INFO - utils_tag -   segment_ids: 0 0 0 0 0 0 0 0 0 0 0 0 0 0 0 0 0 0 0 0 0 0 0 0 0 0 0 0 0 0 0 0 0 0 0 0 0 0 0 0 0 0 0 0 0 0 0 0 0 0 0 0 0 0 0 0 0 0 0 0 0 0 0 0 0 0 0 0 0 0 0 0 0 0 0 0 0 0 0 0 0 0 0 0 0 0 0 0 0 0 0 0 0 0 0 0 0 0 0 0 0 0 0 0 0 0 0 0 0 0 0 0 0 0 0 0 0 0 0 0 0 0 0 0 0 0 0 0
11/30/2021 16:10:25 - INFO - utils_tag -   label_ids: -100 1 -100 -100 8 -100 2 8 2 12 2 12 -100 -100 12 -100 -100 13 12 -100 -100 -100 5 12 -100 -100 -100 2 11 8 8 -100 -100 -100 2 6 8 2 8 -100 -100 2 8 16 4 13 -100 -100 -100 -100 -100 -100 -100 -100 -100 -100 -100 -100 -100 -100 -100 -100 -100 -100 -100 -100 -100 -100 -100 -100 -100 -100 -100 -100 -100 -100 -100 -100 -100 -100 -100 -100 -100 -100 -100 -100 -100 -100 -100 -100 -100 -100 -100 -100 -100 -100 -100 -100 -100 -100 -100 -100 -100 -100 -100 -100 -100 -100 -100 -100 -100 -100 -100 -100 -100 -100 -100 -100 -100 -100 -100 -100 -100 -100 -100 -100 -100 -100
11/30/2021 16:10:25 - INFO - utils_tag -   langs: [0, 0, 0, 0, 0, 0, 0, 0, 0, 0, 0, 0, 0, 0, 0, 0, 0, 0, 0, 0, 0, 0, 0, 0, 0, 0, 0, 0, 0, 0, 0, 0, 0, 0, 0, 0, 0, 0, 0, 0, 0, 0, 0, 0, 0, 0, 0, 0, 0, 0, 0, 0, 0, 0, 0, 0, 0, 0, 0, 0, 0, 0, 0, 0, 0, 0, 0, 0, 0, 0, 0, 0, 0, 0, 0, 0, 0, 0, 0, 0, 0, 0, 0, 0, 0, 0, 0, 0, 0, 0, 0, 0, 0, 0, 0, 0, 0, 0, 0, 0, 0, 0, 0, 0, 0, 0, 0, 0, 0, 0, 0, 0, 0, 0, 0, 0, 0, 0, 0, 0, 0, 0, 0, 0, 0, 0, 0, 0]
11/30/2021 16:10:25 - INFO - utils_tag -   *** Example ***
11/30/2021 16:10:25 - INFO - utils_tag -   guid: hi-5
11/30/2021 16:10:25 - INFO - utils_tag -   tokens: [CLS] क ##ु ##शी ##नगर का सबसे ज ##्यादा म ##हत ##्व बौद्ध ती ##र्थ के रूप में है । [SEP]
11/30/2021 16:10:25 - INFO - utils_tag -   input_ids: 101 865 14070 35593 69716 11081 28603 872 89192 889 108775 27155 48565 68613 86025 10412 15236 10532 10569 920 102 0 0 0 0 0 0 0 0 0 0 0 0 0 0 0 0 0 0 0 0 0 0 0 0 0 0 0 0 0 0 0 0 0 0 0 0 0 0 0 0 0 0 0 0 0 0 0 0 0 0 0 0 0 0 0 0 0 0 0 0 0 0 0 0 0 0 0 0 0 0 0 0 0 0 0 0 0 0 0 0 0 0 0 0 0 0 0 0 0 0 0 0 0 0 0 0 0 0 0 0 0 0 0 0 0 0 0
11/30/2021 16:10:25 - INFO - utils_tag -   input_mask: 1 1 1 1 1 1 1 1 1 1 1 1 1 1 1 1 1 1 1 1 1 0 0 0 0 0 0 0 0 0 0 0 0 0 0 0 0 0 0 0 0 0 0 0 0 0 0 0 0 0 0 0 0 0 0 0 0 0 0 0 0 0 0 0 0 0 0 0 0 0 0 0 0 0 0 0 0 0 0 0 0 0 0 0 0 0 0 0 0 0 0 0 0 0 0 0 0 0 0 0 0 0 0 0 0 0 0 0 0 0 0 0 0 0 0 0 0 0 0 0 0 0 0 0 0 0 0 0
11/30/2021 16:10:25 - INFO - utils_tag -   segment_ids: 0 0 0 0 0 0 0 0 0 0 0 0 0 0 0 0 0 0 0 0 0 0 0 0 0 0 0 0 0 0 0 0 0 0 0 0 0 0 0 0 0 0 0 0 0 0 0 0 0 0 0 0 0 0 0 0 0 0 0 0 0 0 0 0 0 0 0 0 0 0 0 0 0 0 0 0 0 0 0 0 0 0 0 0 0 0 0 0 0 0 0 0 0 0 0 0 0 0 0 0 0 0 0 0 0 0 0 0 0 0 0 0 0 0 0 0 0 0 0 0 0 0 0 0 0 0 0 0
11/30/2021 16:10:25 - INFO - utils_tag -   label_ids: -100 12 -100 -100 -100 2 3 6 -100 8 -100 -100 12 8 -100 2 2 2 4 13 -100 -100 -100 -100 -100 -100 -100 -100 -100 -100 -100 -100 -100 -100 -100 -100 -100 -100 -100 -100 -100 -100 -100 -100 -100 -100 -100 -100 -100 -100 -100 -100 -100 -100 -100 -100 -100 -100 -100 -100 -100 -100 -100 -100 -100 -100 -100 -100 -100 -100 -100 -100 -100 -100 -100 -100 -100 -100 -100 -100 -100 -100 -100 -100 -100 -100 -100 -100 -100 -100 -100 -100 -100 -100 -100 -100 -100 -100 -100 -100 -100 -100 -100 -100 -100 -100 -100 -100 -100 -100 -100 -100 -100 -100 -100 -100 -100 -100 -100 -100 -100 -100 -100 -100 -100 -100 -100 -100
11/30/2021 16:10:25 - INFO - utils_tag -   langs: [0, 0, 0, 0, 0, 0, 0, 0, 0, 0, 0, 0, 0, 0, 0, 0, 0, 0, 0, 0, 0, 0, 0, 0, 0, 0, 0, 0, 0, 0, 0, 0, 0, 0, 0, 0, 0, 0, 0, 0, 0, 0, 0, 0, 0, 0, 0, 0, 0, 0, 0, 0, 0, 0, 0, 0, 0, 0, 0, 0, 0, 0, 0, 0, 0, 0, 0, 0, 0, 0, 0, 0, 0, 0, 0, 0, 0, 0, 0, 0, 0, 0, 0, 0, 0, 0, 0, 0, 0, 0, 0, 0, 0, 0, 0, 0, 0, 0, 0, 0, 0, 0, 0, 0, 0, 0, 0, 0, 0, 0, 0, 0, 0, 0, 0, 0, 0, 0, 0, 0, 0, 0, 0, 0, 0, 0, 0, 0]
11/30/2021 16:10:26 - INFO - __main__ -   Saving features into cached file /home/abhijeet/rohan/cloud-emea/data//udpos/udpos_processed_maxlen128/cached_dev_hi_bert-base-multilingual-cased_128, len(features)=1664
11/30/2021 16:10:27 - INFO - __main__ -   ***** Running evaluation 1000 in hi *****
11/30/2021 16:10:27 - INFO - __main__ -     Num examples = 1664
11/30/2021 16:10:27 - INFO - __main__ -     Batch size = 32
11/30/2021 16:10:27 - INFO - __main__ -   Batch number = 1
11/30/2021 16:10:27 - INFO - __main__ -   Batch number = 2
11/30/2021 16:10:27 - INFO - __main__ -   Batch number = 3
11/30/2021 16:10:27 - INFO - __main__ -   Batch number = 4
11/30/2021 16:10:27 - INFO - __main__ -   Batch number = 5
11/30/2021 16:10:28 - INFO - __main__ -   Batch number = 6
11/30/2021 16:10:28 - INFO - __main__ -   Batch number = 7
11/30/2021 16:10:28 - INFO - __main__ -   Batch number = 8
11/30/2021 16:10:28 - INFO - __main__ -   Batch number = 9
11/30/2021 16:10:28 - INFO - __main__ -   Batch number = 10
11/30/2021 16:10:28 - INFO - __main__ -   Batch number = 11
11/30/2021 16:10:29 - INFO - __main__ -   Batch number = 12
11/30/2021 16:10:29 - INFO - __main__ -   Batch number = 13
11/30/2021 16:10:29 - INFO - __main__ -   Batch number = 14
11/30/2021 16:10:29 - INFO - __main__ -   Batch number = 15
11/30/2021 16:10:29 - INFO - __main__ -   Batch number = 16
11/30/2021 16:10:29 - INFO - __main__ -   Batch number = 17
11/30/2021 16:10:29 - INFO - __main__ -   Batch number = 18
11/30/2021 16:10:30 - INFO - __main__ -   Batch number = 19
11/30/2021 16:10:30 - INFO - __main__ -   Batch number = 20
11/30/2021 16:10:30 - INFO - __main__ -   Batch number = 21
11/30/2021 16:10:30 - INFO - __main__ -   Batch number = 22
11/30/2021 16:10:30 - INFO - __main__ -   Batch number = 23
11/30/2021 16:10:30 - INFO - __main__ -   Batch number = 24
11/30/2021 16:10:31 - INFO - __main__ -   Batch number = 25
11/30/2021 16:10:31 - INFO - __main__ -   Batch number = 26
11/30/2021 16:10:31 - INFO - __main__ -   Batch number = 27
11/30/2021 16:10:31 - INFO - __main__ -   Batch number = 28
11/30/2021 16:10:31 - INFO - __main__ -   Batch number = 29
11/30/2021 16:10:31 - INFO - __main__ -   Batch number = 30
11/30/2021 16:10:31 - INFO - __main__ -   Batch number = 31
11/30/2021 16:10:32 - INFO - __main__ -   Batch number = 32
11/30/2021 16:10:32 - INFO - __main__ -   Batch number = 33
11/30/2021 16:10:32 - INFO - __main__ -   Batch number = 34
11/30/2021 16:10:32 - INFO - __main__ -   Batch number = 35
11/30/2021 16:10:32 - INFO - __main__ -   Batch number = 36
11/30/2021 16:10:32 - INFO - __main__ -   Batch number = 37
11/30/2021 16:10:33 - INFO - __main__ -   Batch number = 38
11/30/2021 16:10:33 - INFO - __main__ -   Batch number = 39
11/30/2021 16:10:33 - INFO - __main__ -   Batch number = 40
11/30/2021 16:10:33 - INFO - __main__ -   Batch number = 41
11/30/2021 16:10:33 - INFO - __main__ -   Batch number = 42
11/30/2021 16:10:33 - INFO - __main__ -   Batch number = 43
11/30/2021 16:10:33 - INFO - __main__ -   Batch number = 44
11/30/2021 16:10:34 - INFO - __main__ -   Batch number = 45
11/30/2021 16:10:34 - INFO - __main__ -   Batch number = 46
11/30/2021 16:10:34 - INFO - __main__ -   Batch number = 47
11/30/2021 16:10:34 - INFO - __main__ -   Batch number = 48
11/30/2021 16:10:34 - INFO - __main__ -   Batch number = 49
11/30/2021 16:10:34 - INFO - __main__ -   Batch number = 50
11/30/2021 16:10:35 - INFO - __main__ -   Batch number = 51
11/30/2021 16:10:35 - INFO - __main__ -   Batch number = 52
11/30/2021 16:10:36 - INFO - __main__ -   ***** Evaluation result 1000 in hi *****
11/30/2021 16:10:36 - INFO - __main__ -     f1 = 0.9574903387133439
11/30/2021 16:10:36 - INFO - __main__ -     loss = 0.10039483540906356
11/30/2021 16:10:36 - INFO - __main__ -     precision = 0.9559071456361042
11/30/2021 16:10:36 - INFO - __main__ -     recall = 0.9590787847244812
11/30/2021 16:10:36 - INFO - __main__ -   result['f1']=0.9574903387133439 > best_score=0.0
11/30/2021 16:10:36 - INFO - __main__ -   Saving the best model checkpoint to /home/abhijeet/rohan/cloud-emea/output//udpos/my-bert-base-multilingual-cased-LR1e-4-epoch50-MaxLen128-TrainLanghi_hi_s4/checkpoint-best
11/30/2021 16:10:36 - INFO - __main__ -   Reset patience to 0
