12/01/2021 13:42:00 - INFO - root -   Input args: ModelArguments(model_name_or_path='bert-base-multilingual-cased', model_type='bert', config_name=None, tokenizer_name=None, cache_dir=None, labels='/home/abhijeet/rohan/cloud-emea/data//udpos/udpos_processed_maxlen128//labels.txt', data_dir='/home/abhijeet/rohan/cloud-emea/data//udpos/udpos_processed_maxlen128/', output_dir='/home/abhijeet/rohan/cloud-emea/outputs//udpos/my-bert-base-multilingual-cased-MaxLen128_udpos_zh_yue_train_hi/', max_seq_length=128, do_train=False, do_eval=False, do_predict=True, do_adapter_predict=False, do_predict_dev=False, do_predict_train=False, init_checkpoint=None, evaluate_during_training=False, do_lower_case=False, few_shot=-1, per_gpu_train_batch_size=8, per_gpu_eval_batch_size=32, gradient_accumulation_steps=4, learning_rate=5e-05, weight_decay=0.0, adam_epsilon=1e-08, max_grad_norm=1.0, num_train_epochs=50.0, max_steps=-1, save_steps=1000, warmup_steps=0, logging_steps=50, save_only_best_checkpoint=True, eval_all_checkpoints=True, no_cuda=False, overwrite_output_dir=True, overwrite_cache=False, seed=1, fp16=False, fp16_opt_level='O1', local_rank=-1, server_ip='', server_port='', predict_langs='en', train_langs='hi', log_file='/home/abhijeet/rohan/cloud-emea/outputs//udpos/my-bert-base-multilingual-cased-MaxLen128_udpos_zh_yue_train_hi//train_hi.log', eval_patience=-1, bpe_dropout=0, do_save_adapter_fusions=False, task_name='udpos', predict_task_adapter='output/udpos/my-bert-base-multilingual-cased-LR1e-4-epoch50-MaxLen128-TrainLanghi_hi_s1/checkpoint-best/udpos/', predict_lang_adapter=None, test_adapter=True, adapter_weight=None, lang_to_vec=None, calc_weight_step=0, predict_save_prefix='', en_weight=None, temperature=1.0, get_attr=False, topk=1, task='udpos')
12/01/2021 13:42:00 - WARNING - __main__ -   Process rank: -1, device: cuda, n_gpu: 1, distributed training: False, 16-bits training: False
12/01/2021 13:42:00 - INFO - __main__ -   Seed = 1
12/01/2021 13:42:00 - INFO - root -   save model
12/01/2021 13:42:00 - INFO - __main__ -   Training/evaluation parameters ModelArguments(model_name_or_path='bert-base-multilingual-cased', model_type='bert', config_name=None, tokenizer_name=None, cache_dir=None, labels='/home/abhijeet/rohan/cloud-emea/data//udpos/udpos_processed_maxlen128//labels.txt', data_dir='/home/abhijeet/rohan/cloud-emea/data//udpos/udpos_processed_maxlen128/', output_dir='/home/abhijeet/rohan/cloud-emea/outputs//udpos/my-bert-base-multilingual-cased-MaxLen128_udpos_zh_yue_train_hi/', max_seq_length=128, do_train=False, do_eval=False, do_predict=True, do_adapter_predict=False, do_predict_dev=False, do_predict_train=False, init_checkpoint=None, evaluate_during_training=False, do_lower_case=False, few_shot=-1, per_gpu_train_batch_size=8, per_gpu_eval_batch_size=32, gradient_accumulation_steps=4, learning_rate=5e-05, weight_decay=0.0, adam_epsilon=1e-08, max_grad_norm=1.0, num_train_epochs=50.0, max_steps=-1, save_steps=1000, warmup_steps=0, logging_steps=50, save_only_best_checkpoint=True, eval_all_checkpoints=True, no_cuda=False, overwrite_output_dir=True, overwrite_cache=False, seed=1, fp16=False, fp16_opt_level='O1', local_rank=-1, server_ip='', server_port='', predict_langs='en', train_langs='hi', log_file='/home/abhijeet/rohan/cloud-emea/outputs//udpos/my-bert-base-multilingual-cased-MaxLen128_udpos_zh_yue_train_hi//train_hi.log', eval_patience=-1, bpe_dropout=0, do_save_adapter_fusions=False, task_name='udpos', predict_task_adapter='output/udpos/my-bert-base-multilingual-cased-LR1e-4-epoch50-MaxLen128-TrainLanghi_hi_s1/checkpoint-best/udpos/', predict_lang_adapter=None, test_adapter=True, adapter_weight=None, lang_to_vec=None, calc_weight_step=0, predict_save_prefix='', en_weight=None, temperature=1.0, get_attr=False, topk=1, task='udpos')
12/01/2021 13:42:00 - INFO - __main__ -   Loading pretrained model and tokenizer
12/01/2021 13:42:02 - INFO - __main__ -   loading from existing model bert-base-multilingual-cased
12/01/2021 13:42:08 - INFO - __main__ -   Using lang2id = None
12/01/2021 13:42:08 - INFO - __main__ -   Evaluating the model on test set of all the languages specified
12/01/2021 13:42:08 - INFO - __main__ -   Task Adapter will be loaded from this path output/udpos/my-bert-base-multilingual-cased-LR1e-4-epoch50-MaxLen128-TrainLanghi_hi_s1/checkpoint-best/udpos/
12/01/2021 13:42:08 - INFO - root -   Trying to decide if add adapter
12/01/2021 13:42:08 - INFO - root -   loading task adapter
12/01/2021 13:42:08 - INFO - root -   loading lang adpater zh_yue/wiki@ukp
12/01/2021 13:42:08 - INFO - __main__ -   Adapter Languages : ['zh_yue'], Length : 1
12/01/2021 13:42:08 - INFO - __main__ -   Adapter Names ['zh_yue/wiki@ukp'], Length : 1
12/01/2021 13:42:08 - INFO - __main__ -   Language = zh_yue
12/01/2021 13:42:08 - INFO - __main__ -   Adapter Name = zh_yue/wiki@ukp
12/01/2021 13:42:14 - INFO - __main__ -   Language adapter for en not found, using zh_yue instead
12/01/2021 13:42:14 - INFO - __main__ -   Set active language adapter to zh_yue
12/01/2021 13:42:14 - INFO - __main__ -   Args Adapter Weight = None
12/01/2021 13:42:14 - INFO - __main__ -   Adapter Languages = ['zh_yue']
12/01/2021 13:42:14 - INFO - __main__ -   Loading features from cached file /home/abhijeet/rohan/cloud-emea/data//udpos/udpos_processed_maxlen128/cached_test_en_bert-base-multilingual-cased_128
12/01/2021 13:42:15 - INFO - __main__ -   ***** Running evaluation  in en *****
12/01/2021 13:42:15 - INFO - __main__ -     Num examples = 5441
12/01/2021 13:42:15 - INFO - __main__ -     Batch size = 32
12/01/2021 13:42:15 - INFO - __main__ -   Batch number = 1
12/01/2021 13:42:15 - INFO - __main__ -   Batch number = 2
12/01/2021 13:42:15 - INFO - __main__ -   Batch number = 3
12/01/2021 13:42:15 - INFO - __main__ -   Batch number = 4
12/01/2021 13:42:15 - INFO - __main__ -   Batch number = 5
12/01/2021 13:42:15 - INFO - __main__ -   Batch number = 6
12/01/2021 13:42:15 - INFO - __main__ -   Batch number = 7
12/01/2021 13:42:16 - INFO - __main__ -   Batch number = 8
12/01/2021 13:42:16 - INFO - __main__ -   Batch number = 9
12/01/2021 13:42:16 - INFO - __main__ -   Batch number = 10
12/01/2021 13:42:16 - INFO - __main__ -   Batch number = 11
12/01/2021 13:42:16 - INFO - __main__ -   Batch number = 12
12/01/2021 13:42:16 - INFO - __main__ -   Batch number = 13
12/01/2021 13:42:16 - INFO - __main__ -   Batch number = 14
12/01/2021 13:42:17 - INFO - __main__ -   Batch number = 15
12/01/2021 13:42:17 - INFO - __main__ -   Batch number = 16
12/01/2021 13:42:17 - INFO - __main__ -   Batch number = 17
12/01/2021 13:42:17 - INFO - __main__ -   Batch number = 18
12/01/2021 13:42:17 - INFO - __main__ -   Batch number = 19
12/01/2021 13:42:17 - INFO - __main__ -   Batch number = 20
12/01/2021 13:42:17 - INFO - __main__ -   Batch number = 21
12/01/2021 13:42:18 - INFO - __main__ -   Batch number = 22
12/01/2021 13:42:18 - INFO - __main__ -   Batch number = 23
12/01/2021 13:42:18 - INFO - __main__ -   Batch number = 24
12/01/2021 13:42:18 - INFO - __main__ -   Batch number = 25
12/01/2021 13:42:18 - INFO - __main__ -   Batch number = 26
12/01/2021 13:42:18 - INFO - __main__ -   Batch number = 27
12/01/2021 13:42:18 - INFO - __main__ -   Batch number = 28
12/01/2021 13:42:19 - INFO - __main__ -   Batch number = 29
12/01/2021 13:42:19 - INFO - __main__ -   Batch number = 30
12/01/2021 13:42:19 - INFO - __main__ -   Batch number = 31
12/01/2021 13:42:19 - INFO - __main__ -   Batch number = 32
12/01/2021 13:42:19 - INFO - __main__ -   Batch number = 33
12/01/2021 13:42:19 - INFO - __main__ -   Batch number = 34
12/01/2021 13:42:19 - INFO - __main__ -   Batch number = 35
12/01/2021 13:42:20 - INFO - __main__ -   Batch number = 36
12/01/2021 13:42:20 - INFO - __main__ -   Batch number = 37
12/01/2021 13:42:20 - INFO - __main__ -   Batch number = 38
12/01/2021 13:42:20 - INFO - __main__ -   Batch number = 39
12/01/2021 13:42:20 - INFO - __main__ -   Batch number = 40
12/01/2021 13:42:20 - INFO - __main__ -   Batch number = 41
12/01/2021 13:42:20 - INFO - __main__ -   Batch number = 42
12/01/2021 13:42:21 - INFO - __main__ -   Batch number = 43
12/01/2021 13:42:21 - INFO - __main__ -   Batch number = 44
12/01/2021 13:42:21 - INFO - __main__ -   Batch number = 45
12/01/2021 13:42:21 - INFO - __main__ -   Batch number = 46
12/01/2021 13:42:21 - INFO - __main__ -   Batch number = 47
12/01/2021 13:42:21 - INFO - __main__ -   Batch number = 48
12/01/2021 13:42:21 - INFO - __main__ -   Batch number = 49
12/01/2021 13:42:22 - INFO - __main__ -   Batch number = 50
12/01/2021 13:42:22 - INFO - __main__ -   Batch number = 51
12/01/2021 13:42:22 - INFO - __main__ -   Batch number = 52
12/01/2021 13:42:22 - INFO - __main__ -   Batch number = 53
12/01/2021 13:42:22 - INFO - __main__ -   Batch number = 54
12/01/2021 13:42:22 - INFO - __main__ -   Batch number = 55
12/01/2021 13:42:22 - INFO - __main__ -   Batch number = 56
12/01/2021 13:42:23 - INFO - __main__ -   Batch number = 57
12/01/2021 13:42:23 - INFO - __main__ -   Batch number = 58
12/01/2021 13:42:23 - INFO - __main__ -   Batch number = 59
12/01/2021 13:42:23 - INFO - __main__ -   Batch number = 60
12/01/2021 13:42:23 - INFO - __main__ -   Batch number = 61
12/01/2021 13:42:23 - INFO - __main__ -   Batch number = 62
12/01/2021 13:42:23 - INFO - __main__ -   Batch number = 63
12/01/2021 13:42:24 - INFO - __main__ -   Batch number = 64
12/01/2021 13:42:24 - INFO - __main__ -   Batch number = 65
12/01/2021 13:42:24 - INFO - __main__ -   Batch number = 66
12/01/2021 13:42:24 - INFO - __main__ -   Batch number = 67
12/01/2021 13:42:24 - INFO - __main__ -   Batch number = 68
12/01/2021 13:42:24 - INFO - __main__ -   Batch number = 69
12/01/2021 13:42:24 - INFO - __main__ -   Batch number = 70
12/01/2021 13:42:25 - INFO - __main__ -   Batch number = 71
12/01/2021 13:42:25 - INFO - __main__ -   Batch number = 72
12/01/2021 13:42:25 - INFO - __main__ -   Batch number = 73
12/01/2021 13:42:25 - INFO - __main__ -   Batch number = 74
12/01/2021 13:42:25 - INFO - __main__ -   Batch number = 75
12/01/2021 13:42:25 - INFO - __main__ -   Batch number = 76
12/01/2021 13:42:26 - INFO - __main__ -   Batch number = 77
12/01/2021 13:42:26 - INFO - __main__ -   Batch number = 78
12/01/2021 13:42:26 - INFO - __main__ -   Batch number = 79
12/01/2021 13:42:26 - INFO - __main__ -   Batch number = 80
12/01/2021 13:42:26 - INFO - __main__ -   Batch number = 81
12/01/2021 13:42:26 - INFO - __main__ -   Batch number = 82
12/01/2021 13:42:26 - INFO - __main__ -   Batch number = 83
12/01/2021 13:42:27 - INFO - __main__ -   Batch number = 84
12/01/2021 13:42:27 - INFO - __main__ -   Batch number = 85
12/01/2021 13:42:27 - INFO - __main__ -   Batch number = 86
12/01/2021 13:42:27 - INFO - __main__ -   Batch number = 87
12/01/2021 13:42:27 - INFO - __main__ -   Batch number = 88
12/01/2021 13:42:27 - INFO - __main__ -   Batch number = 89
12/01/2021 13:42:28 - INFO - __main__ -   Batch number = 90
12/01/2021 13:42:28 - INFO - __main__ -   Batch number = 91
12/01/2021 13:42:28 - INFO - __main__ -   Batch number = 92
12/01/2021 13:42:28 - INFO - __main__ -   Batch number = 93
12/01/2021 13:42:28 - INFO - __main__ -   Batch number = 94
12/01/2021 13:42:28 - INFO - __main__ -   Batch number = 95
12/01/2021 13:42:28 - INFO - __main__ -   Batch number = 96
12/01/2021 13:42:29 - INFO - __main__ -   Batch number = 97
12/01/2021 13:42:29 - INFO - __main__ -   Batch number = 98
12/01/2021 13:42:29 - INFO - __main__ -   Batch number = 99
12/01/2021 13:42:29 - INFO - __main__ -   Batch number = 100
12/01/2021 13:42:29 - INFO - __main__ -   Batch number = 101
12/01/2021 13:42:29 - INFO - __main__ -   Batch number = 102
12/01/2021 13:42:29 - INFO - __main__ -   Batch number = 103
12/01/2021 13:42:30 - INFO - __main__ -   Batch number = 104
12/01/2021 13:42:30 - INFO - __main__ -   Batch number = 105
12/01/2021 13:42:30 - INFO - __main__ -   Batch number = 106
12/01/2021 13:42:30 - INFO - __main__ -   Batch number = 107
12/01/2021 13:42:30 - INFO - __main__ -   Batch number = 108
12/01/2021 13:42:30 - INFO - __main__ -   Batch number = 109
12/01/2021 13:42:30 - INFO - __main__ -   Batch number = 110
12/01/2021 13:42:31 - INFO - __main__ -   Batch number = 111
12/01/2021 13:42:31 - INFO - __main__ -   Batch number = 112
12/01/2021 13:42:31 - INFO - __main__ -   Batch number = 113
12/01/2021 13:42:31 - INFO - __main__ -   Batch number = 114
12/01/2021 13:42:31 - INFO - __main__ -   Batch number = 115
12/01/2021 13:42:31 - INFO - __main__ -   Batch number = 116
12/01/2021 13:42:32 - INFO - __main__ -   Batch number = 117
12/01/2021 13:42:32 - INFO - __main__ -   Batch number = 118
12/01/2021 13:42:32 - INFO - __main__ -   Batch number = 119
12/01/2021 13:42:32 - INFO - __main__ -   Batch number = 120
12/01/2021 13:42:32 - INFO - __main__ -   Batch number = 121
12/01/2021 13:42:32 - INFO - __main__ -   Batch number = 122
12/01/2021 13:42:33 - INFO - __main__ -   Batch number = 123
12/01/2021 13:42:33 - INFO - __main__ -   Batch number = 124
12/01/2021 13:42:33 - INFO - __main__ -   Batch number = 125
12/01/2021 13:42:34 - INFO - __main__ -   Batch number = 126
12/01/2021 13:42:34 - INFO - __main__ -   Batch number = 127
12/01/2021 13:42:34 - INFO - __main__ -   Batch number = 128
12/01/2021 13:42:34 - INFO - __main__ -   Batch number = 129
12/01/2021 13:42:34 - INFO - __main__ -   Batch number = 130
12/01/2021 13:42:35 - INFO - __main__ -   Batch number = 131
12/01/2021 13:42:35 - INFO - __main__ -   Batch number = 132
12/01/2021 13:42:35 - INFO - __main__ -   Batch number = 133
12/01/2021 13:42:35 - INFO - __main__ -   Batch number = 134
12/01/2021 13:42:35 - INFO - __main__ -   Batch number = 135
12/01/2021 13:42:36 - INFO - __main__ -   Batch number = 136
12/01/2021 13:42:36 - INFO - __main__ -   Batch number = 137
12/01/2021 13:42:36 - INFO - __main__ -   Batch number = 138
12/01/2021 13:42:36 - INFO - __main__ -   Batch number = 139
12/01/2021 13:42:36 - INFO - __main__ -   Batch number = 140
12/01/2021 13:42:36 - INFO - __main__ -   Batch number = 141
12/01/2021 13:42:37 - INFO - __main__ -   Batch number = 142
12/01/2021 13:42:37 - INFO - __main__ -   Batch number = 143
12/01/2021 13:42:37 - INFO - __main__ -   Batch number = 144
12/01/2021 13:42:37 - INFO - __main__ -   Batch number = 145
12/01/2021 13:42:37 - INFO - __main__ -   Batch number = 146
12/01/2021 13:42:37 - INFO - __main__ -   Batch number = 147
12/01/2021 13:42:38 - INFO - __main__ -   Batch number = 148
12/01/2021 13:42:38 - INFO - __main__ -   Batch number = 149
12/01/2021 13:42:38 - INFO - __main__ -   Batch number = 150
12/01/2021 13:42:38 - INFO - __main__ -   Batch number = 151
12/01/2021 13:42:38 - INFO - __main__ -   Batch number = 152
12/01/2021 13:42:39 - INFO - __main__ -   Batch number = 153
12/01/2021 13:42:39 - INFO - __main__ -   Batch number = 154
12/01/2021 13:42:39 - INFO - __main__ -   Batch number = 155
12/01/2021 13:42:39 - INFO - __main__ -   Batch number = 156
12/01/2021 13:42:39 - INFO - __main__ -   Batch number = 157
12/01/2021 13:42:40 - INFO - __main__ -   Batch number = 158
12/01/2021 13:42:40 - INFO - __main__ -   Batch number = 159
12/01/2021 13:42:40 - INFO - __main__ -   Batch number = 160
12/01/2021 13:42:40 - INFO - __main__ -   Batch number = 161
12/01/2021 13:42:40 - INFO - __main__ -   Batch number = 162
12/01/2021 13:42:40 - INFO - __main__ -   Batch number = 163
12/01/2021 13:42:41 - INFO - __main__ -   Batch number = 164
12/01/2021 13:42:41 - INFO - __main__ -   Batch number = 165
12/01/2021 13:42:41 - INFO - __main__ -   Batch number = 166
12/01/2021 13:42:41 - INFO - __main__ -   Batch number = 167
12/01/2021 13:42:41 - INFO - __main__ -   Batch number = 168
12/01/2021 13:42:42 - INFO - __main__ -   Batch number = 169
12/01/2021 13:42:42 - INFO - __main__ -   Batch number = 170
12/01/2021 13:42:42 - INFO - __main__ -   Batch number = 171
12/01/2021 13:42:44 - INFO - __main__ -   ***** Evaluation result  in en *****
12/01/2021 13:42:44 - INFO - __main__ -     f1 = 0.5855288692414464
12/01/2021 13:42:44 - INFO - __main__ -     loss = 1.4934586631624323
12/01/2021 13:42:44 - INFO - __main__ -     precision = 0.6106895368782161
12/01/2021 13:42:44 - INFO - __main__ -     recall = 0.5623594227804595
12/01/2021 13:42:46 - INFO - root -   Input args: ModelArguments(model_name_or_path='bert-base-multilingual-cased', model_type='bert', config_name=None, tokenizer_name=None, cache_dir=None, labels='/home/abhijeet/rohan/cloud-emea/data//udpos/udpos_processed_maxlen128//labels.txt', data_dir='/home/abhijeet/rohan/cloud-emea/data//udpos/udpos_processed_maxlen128/', output_dir='/home/abhijeet/rohan/cloud-emea/outputs//udpos/my-bert-base-multilingual-cased-MaxLen128_udpos_zh_yue_train_hi/', max_seq_length=128, do_train=False, do_eval=False, do_predict=True, do_adapter_predict=False, do_predict_dev=False, do_predict_train=False, init_checkpoint=None, evaluate_during_training=False, do_lower_case=False, few_shot=-1, per_gpu_train_batch_size=8, per_gpu_eval_batch_size=32, gradient_accumulation_steps=4, learning_rate=5e-05, weight_decay=0.0, adam_epsilon=1e-08, max_grad_norm=1.0, num_train_epochs=50.0, max_steps=-1, save_steps=1000, warmup_steps=0, logging_steps=50, save_only_best_checkpoint=True, eval_all_checkpoints=True, no_cuda=False, overwrite_output_dir=True, overwrite_cache=False, seed=2, fp16=False, fp16_opt_level='O1', local_rank=-1, server_ip='', server_port='', predict_langs='en', train_langs='hi', log_file='/home/abhijeet/rohan/cloud-emea/outputs//udpos/my-bert-base-multilingual-cased-MaxLen128_udpos_zh_yue_train_hi//train_hi.log', eval_patience=-1, bpe_dropout=0, do_save_adapter_fusions=False, task_name='udpos', predict_task_adapter='output/udpos/my-bert-base-multilingual-cased-LR1e-4-epoch50-MaxLen128-TrainLanghi_hi_s2/checkpoint-best/udpos/', predict_lang_adapter=None, test_adapter=True, adapter_weight=None, lang_to_vec=None, calc_weight_step=0, predict_save_prefix='', en_weight=None, temperature=1.0, get_attr=False, topk=1, task='udpos')
12/01/2021 13:42:46 - WARNING - __main__ -   Process rank: -1, device: cuda, n_gpu: 1, distributed training: False, 16-bits training: False
12/01/2021 13:42:46 - INFO - __main__ -   Seed = 2
12/01/2021 13:42:46 - INFO - root -   save model
12/01/2021 13:42:46 - INFO - __main__ -   Training/evaluation parameters ModelArguments(model_name_or_path='bert-base-multilingual-cased', model_type='bert', config_name=None, tokenizer_name=None, cache_dir=None, labels='/home/abhijeet/rohan/cloud-emea/data//udpos/udpos_processed_maxlen128//labels.txt', data_dir='/home/abhijeet/rohan/cloud-emea/data//udpos/udpos_processed_maxlen128/', output_dir='/home/abhijeet/rohan/cloud-emea/outputs//udpos/my-bert-base-multilingual-cased-MaxLen128_udpos_zh_yue_train_hi/', max_seq_length=128, do_train=False, do_eval=False, do_predict=True, do_adapter_predict=False, do_predict_dev=False, do_predict_train=False, init_checkpoint=None, evaluate_during_training=False, do_lower_case=False, few_shot=-1, per_gpu_train_batch_size=8, per_gpu_eval_batch_size=32, gradient_accumulation_steps=4, learning_rate=5e-05, weight_decay=0.0, adam_epsilon=1e-08, max_grad_norm=1.0, num_train_epochs=50.0, max_steps=-1, save_steps=1000, warmup_steps=0, logging_steps=50, save_only_best_checkpoint=True, eval_all_checkpoints=True, no_cuda=False, overwrite_output_dir=True, overwrite_cache=False, seed=2, fp16=False, fp16_opt_level='O1', local_rank=-1, server_ip='', server_port='', predict_langs='en', train_langs='hi', log_file='/home/abhijeet/rohan/cloud-emea/outputs//udpos/my-bert-base-multilingual-cased-MaxLen128_udpos_zh_yue_train_hi//train_hi.log', eval_patience=-1, bpe_dropout=0, do_save_adapter_fusions=False, task_name='udpos', predict_task_adapter='output/udpos/my-bert-base-multilingual-cased-LR1e-4-epoch50-MaxLen128-TrainLanghi_hi_s2/checkpoint-best/udpos/', predict_lang_adapter=None, test_adapter=True, adapter_weight=None, lang_to_vec=None, calc_weight_step=0, predict_save_prefix='', en_weight=None, temperature=1.0, get_attr=False, topk=1, task='udpos')
12/01/2021 13:42:46 - INFO - __main__ -   Loading pretrained model and tokenizer
12/01/2021 13:42:49 - INFO - __main__ -   loading from existing model bert-base-multilingual-cased
12/01/2021 13:42:54 - INFO - __main__ -   Using lang2id = None
12/01/2021 13:42:54 - INFO - __main__ -   Evaluating the model on test set of all the languages specified
12/01/2021 13:42:54 - INFO - __main__ -   Task Adapter will be loaded from this path output/udpos/my-bert-base-multilingual-cased-LR1e-4-epoch50-MaxLen128-TrainLanghi_hi_s2/checkpoint-best/udpos/
12/01/2021 13:42:54 - INFO - root -   Trying to decide if add adapter
12/01/2021 13:42:54 - INFO - root -   loading task adapter
12/01/2021 13:42:54 - INFO - root -   loading lang adpater zh_yue/wiki@ukp
12/01/2021 13:42:54 - INFO - __main__ -   Adapter Languages : ['zh_yue'], Length : 1
12/01/2021 13:42:54 - INFO - __main__ -   Adapter Names ['zh_yue/wiki@ukp'], Length : 1
12/01/2021 13:42:54 - INFO - __main__ -   Language = zh_yue
12/01/2021 13:42:54 - INFO - __main__ -   Adapter Name = zh_yue/wiki@ukp
12/01/2021 13:42:59 - INFO - __main__ -   Language adapter for en not found, using zh_yue instead
12/01/2021 13:42:59 - INFO - __main__ -   Set active language adapter to zh_yue
12/01/2021 13:42:59 - INFO - __main__ -   Args Adapter Weight = None
12/01/2021 13:42:59 - INFO - __main__ -   Adapter Languages = ['zh_yue']
12/01/2021 13:42:59 - INFO - __main__ -   Loading features from cached file /home/abhijeet/rohan/cloud-emea/data//udpos/udpos_processed_maxlen128/cached_test_en_bert-base-multilingual-cased_128
12/01/2021 13:43:00 - INFO - __main__ -   ***** Running evaluation  in en *****
12/01/2021 13:43:00 - INFO - __main__ -     Num examples = 5441
12/01/2021 13:43:00 - INFO - __main__ -     Batch size = 32
12/01/2021 13:43:00 - INFO - __main__ -   Batch number = 1
12/01/2021 13:43:00 - INFO - __main__ -   Batch number = 2
12/01/2021 13:43:00 - INFO - __main__ -   Batch number = 3
12/01/2021 13:43:00 - INFO - __main__ -   Batch number = 4
12/01/2021 13:43:00 - INFO - __main__ -   Batch number = 5
12/01/2021 13:43:00 - INFO - __main__ -   Batch number = 6
12/01/2021 13:43:01 - INFO - __main__ -   Batch number = 7
12/01/2021 13:43:01 - INFO - __main__ -   Batch number = 8
12/01/2021 13:43:01 - INFO - __main__ -   Batch number = 9
12/01/2021 13:43:01 - INFO - __main__ -   Batch number = 10
12/01/2021 13:43:01 - INFO - __main__ -   Batch number = 11
12/01/2021 13:43:01 - INFO - __main__ -   Batch number = 12
12/01/2021 13:43:01 - INFO - __main__ -   Batch number = 13
12/01/2021 13:43:01 - INFO - __main__ -   Batch number = 14
12/01/2021 13:43:02 - INFO - __main__ -   Batch number = 15
12/01/2021 13:43:02 - INFO - __main__ -   Batch number = 16
12/01/2021 13:43:02 - INFO - __main__ -   Batch number = 17
12/01/2021 13:43:02 - INFO - __main__ -   Batch number = 18
12/01/2021 13:43:02 - INFO - __main__ -   Batch number = 19
12/01/2021 13:43:02 - INFO - __main__ -   Batch number = 20
12/01/2021 13:43:02 - INFO - __main__ -   Batch number = 21
12/01/2021 13:43:03 - INFO - __main__ -   Batch number = 22
12/01/2021 13:43:03 - INFO - __main__ -   Batch number = 23
12/01/2021 13:43:03 - INFO - __main__ -   Batch number = 24
12/01/2021 13:43:03 - INFO - __main__ -   Batch number = 25
12/01/2021 13:43:03 - INFO - __main__ -   Batch number = 26
12/01/2021 13:43:03 - INFO - __main__ -   Batch number = 27
12/01/2021 13:43:03 - INFO - __main__ -   Batch number = 28
12/01/2021 13:43:04 - INFO - __main__ -   Batch number = 29
12/01/2021 13:43:04 - INFO - __main__ -   Batch number = 30
12/01/2021 13:43:04 - INFO - __main__ -   Batch number = 31
12/01/2021 13:43:04 - INFO - __main__ -   Batch number = 32
12/01/2021 13:43:04 - INFO - __main__ -   Batch number = 33
12/01/2021 13:43:04 - INFO - __main__ -   Batch number = 34
12/01/2021 13:43:04 - INFO - __main__ -   Batch number = 35
12/01/2021 13:43:05 - INFO - __main__ -   Batch number = 36
12/01/2021 13:43:05 - INFO - __main__ -   Batch number = 37
12/01/2021 13:43:05 - INFO - __main__ -   Batch number = 38
12/01/2021 13:43:05 - INFO - __main__ -   Batch number = 39
12/01/2021 13:43:05 - INFO - __main__ -   Batch number = 40
12/01/2021 13:43:05 - INFO - __main__ -   Batch number = 41
12/01/2021 13:43:05 - INFO - __main__ -   Batch number = 42
12/01/2021 13:43:06 - INFO - __main__ -   Batch number = 43
12/01/2021 13:43:06 - INFO - __main__ -   Batch number = 44
12/01/2021 13:43:06 - INFO - __main__ -   Batch number = 45
12/01/2021 13:43:06 - INFO - __main__ -   Batch number = 46
12/01/2021 13:43:06 - INFO - __main__ -   Batch number = 47
12/01/2021 13:43:06 - INFO - __main__ -   Batch number = 48
12/01/2021 13:43:06 - INFO - __main__ -   Batch number = 49
12/01/2021 13:43:07 - INFO - __main__ -   Batch number = 50
12/01/2021 13:43:07 - INFO - __main__ -   Batch number = 51
12/01/2021 13:43:07 - INFO - __main__ -   Batch number = 52
12/01/2021 13:43:07 - INFO - __main__ -   Batch number = 53
12/01/2021 13:43:07 - INFO - __main__ -   Batch number = 54
12/01/2021 13:43:07 - INFO - __main__ -   Batch number = 55
12/01/2021 13:43:07 - INFO - __main__ -   Batch number = 56
12/01/2021 13:43:08 - INFO - __main__ -   Batch number = 57
12/01/2021 13:43:08 - INFO - __main__ -   Batch number = 58
12/01/2021 13:43:08 - INFO - __main__ -   Batch number = 59
12/01/2021 13:43:08 - INFO - __main__ -   Batch number = 60
12/01/2021 13:43:08 - INFO - __main__ -   Batch number = 61
12/01/2021 13:43:08 - INFO - __main__ -   Batch number = 62
12/01/2021 13:43:08 - INFO - __main__ -   Batch number = 63
12/01/2021 13:43:09 - INFO - __main__ -   Batch number = 64
12/01/2021 13:43:09 - INFO - __main__ -   Batch number = 65
12/01/2021 13:43:09 - INFO - __main__ -   Batch number = 66
12/01/2021 13:43:09 - INFO - __main__ -   Batch number = 67
12/01/2021 13:43:09 - INFO - __main__ -   Batch number = 68
12/01/2021 13:43:09 - INFO - __main__ -   Batch number = 69
12/01/2021 13:43:10 - INFO - __main__ -   Batch number = 70
12/01/2021 13:43:10 - INFO - __main__ -   Batch number = 71
12/01/2021 13:43:10 - INFO - __main__ -   Batch number = 72
12/01/2021 13:43:10 - INFO - __main__ -   Batch number = 73
12/01/2021 13:43:10 - INFO - __main__ -   Batch number = 74
12/01/2021 13:43:10 - INFO - __main__ -   Batch number = 75
12/01/2021 13:43:10 - INFO - __main__ -   Batch number = 76
12/01/2021 13:43:11 - INFO - __main__ -   Batch number = 77
12/01/2021 13:43:11 - INFO - __main__ -   Batch number = 78
12/01/2021 13:43:11 - INFO - __main__ -   Batch number = 79
12/01/2021 13:43:11 - INFO - __main__ -   Batch number = 80
12/01/2021 13:43:11 - INFO - __main__ -   Batch number = 81
12/01/2021 13:43:11 - INFO - __main__ -   Batch number = 82
12/01/2021 13:43:11 - INFO - __main__ -   Batch number = 83
12/01/2021 13:43:12 - INFO - __main__ -   Batch number = 84
12/01/2021 13:43:12 - INFO - __main__ -   Batch number = 85
12/01/2021 13:43:12 - INFO - __main__ -   Batch number = 86
12/01/2021 13:43:12 - INFO - __main__ -   Batch number = 87
12/01/2021 13:43:12 - INFO - __main__ -   Batch number = 88
12/01/2021 13:43:12 - INFO - __main__ -   Batch number = 89
12/01/2021 13:43:13 - INFO - __main__ -   Batch number = 90
12/01/2021 13:43:13 - INFO - __main__ -   Batch number = 91
12/01/2021 13:43:13 - INFO - __main__ -   Batch number = 92
12/01/2021 13:43:13 - INFO - __main__ -   Batch number = 93
12/01/2021 13:43:13 - INFO - __main__ -   Batch number = 94
12/01/2021 13:43:13 - INFO - __main__ -   Batch number = 95
12/01/2021 13:43:13 - INFO - __main__ -   Batch number = 96
12/01/2021 13:43:14 - INFO - __main__ -   Batch number = 97
12/01/2021 13:43:14 - INFO - __main__ -   Batch number = 98
12/01/2021 13:43:14 - INFO - __main__ -   Batch number = 99
12/01/2021 13:43:14 - INFO - __main__ -   Batch number = 100
12/01/2021 13:43:14 - INFO - __main__ -   Batch number = 101
12/01/2021 13:43:14 - INFO - __main__ -   Batch number = 102
12/01/2021 13:43:14 - INFO - __main__ -   Batch number = 103
12/01/2021 13:43:15 - INFO - __main__ -   Batch number = 104
12/01/2021 13:43:15 - INFO - __main__ -   Batch number = 105
12/01/2021 13:43:15 - INFO - __main__ -   Batch number = 106
12/01/2021 13:43:15 - INFO - __main__ -   Batch number = 107
12/01/2021 13:43:15 - INFO - __main__ -   Batch number = 108
12/01/2021 13:43:15 - INFO - __main__ -   Batch number = 109
12/01/2021 13:43:16 - INFO - __main__ -   Batch number = 110
12/01/2021 13:43:16 - INFO - __main__ -   Batch number = 111
12/01/2021 13:43:16 - INFO - __main__ -   Batch number = 112
12/01/2021 13:43:16 - INFO - __main__ -   Batch number = 113
12/01/2021 13:43:16 - INFO - __main__ -   Batch number = 114
12/01/2021 13:43:16 - INFO - __main__ -   Batch number = 115
12/01/2021 13:43:17 - INFO - __main__ -   Batch number = 116
12/01/2021 13:43:17 - INFO - __main__ -   Batch number = 117
12/01/2021 13:43:17 - INFO - __main__ -   Batch number = 118
12/01/2021 13:43:18 - INFO - __main__ -   Batch number = 119
12/01/2021 13:43:18 - INFO - __main__ -   Batch number = 120
12/01/2021 13:43:18 - INFO - __main__ -   Batch number = 121
12/01/2021 13:43:18 - INFO - __main__ -   Batch number = 122
12/01/2021 13:43:18 - INFO - __main__ -   Batch number = 123
12/01/2021 13:43:18 - INFO - __main__ -   Batch number = 124
12/01/2021 13:43:19 - INFO - __main__ -   Batch number = 125
12/01/2021 13:43:19 - INFO - __main__ -   Batch number = 126
12/01/2021 13:43:19 - INFO - __main__ -   Batch number = 127
12/01/2021 13:43:19 - INFO - __main__ -   Batch number = 128
12/01/2021 13:43:19 - INFO - __main__ -   Batch number = 129
12/01/2021 13:43:20 - INFO - __main__ -   Batch number = 130
12/01/2021 13:43:20 - INFO - __main__ -   Batch number = 131
12/01/2021 13:43:20 - INFO - __main__ -   Batch number = 132
12/01/2021 13:43:20 - INFO - __main__ -   Batch number = 133
12/01/2021 13:43:20 - INFO - __main__ -   Batch number = 134
12/01/2021 13:43:21 - INFO - __main__ -   Batch number = 135
12/01/2021 13:43:21 - INFO - __main__ -   Batch number = 136
12/01/2021 13:43:21 - INFO - __main__ -   Batch number = 137
12/01/2021 13:43:21 - INFO - __main__ -   Batch number = 138
12/01/2021 13:43:21 - INFO - __main__ -   Batch number = 139
12/01/2021 13:43:21 - INFO - __main__ -   Batch number = 140
12/01/2021 13:43:22 - INFO - __main__ -   Batch number = 141
12/01/2021 13:43:22 - INFO - __main__ -   Batch number = 142
12/01/2021 13:43:22 - INFO - __main__ -   Batch number = 143
12/01/2021 13:43:22 - INFO - __main__ -   Batch number = 144
12/01/2021 13:43:22 - INFO - __main__ -   Batch number = 145
12/01/2021 13:43:22 - INFO - __main__ -   Batch number = 146
12/01/2021 13:43:23 - INFO - __main__ -   Batch number = 147
12/01/2021 13:43:23 - INFO - __main__ -   Batch number = 148
12/01/2021 13:43:23 - INFO - __main__ -   Batch number = 149
12/01/2021 13:43:23 - INFO - __main__ -   Batch number = 150
12/01/2021 13:43:23 - INFO - __main__ -   Batch number = 151
12/01/2021 13:43:24 - INFO - __main__ -   Batch number = 152
12/01/2021 13:43:24 - INFO - __main__ -   Batch number = 153
12/01/2021 13:43:24 - INFO - __main__ -   Batch number = 154
12/01/2021 13:43:24 - INFO - __main__ -   Batch number = 155
12/01/2021 13:43:24 - INFO - __main__ -   Batch number = 156
12/01/2021 13:43:24 - INFO - __main__ -   Batch number = 157
12/01/2021 13:43:25 - INFO - __main__ -   Batch number = 158
12/01/2021 13:43:25 - INFO - __main__ -   Batch number = 159
12/01/2021 13:43:25 - INFO - __main__ -   Batch number = 160
12/01/2021 13:43:25 - INFO - __main__ -   Batch number = 161
12/01/2021 13:43:26 - INFO - __main__ -   Batch number = 162
12/01/2021 13:43:26 - INFO - __main__ -   Batch number = 163
12/01/2021 13:43:26 - INFO - __main__ -   Batch number = 164
12/01/2021 13:43:26 - INFO - __main__ -   Batch number = 165
12/01/2021 13:43:26 - INFO - __main__ -   Batch number = 166
12/01/2021 13:43:27 - INFO - __main__ -   Batch number = 167
12/01/2021 13:43:27 - INFO - __main__ -   Batch number = 168
12/01/2021 13:43:27 - INFO - __main__ -   Batch number = 169
12/01/2021 13:43:27 - INFO - __main__ -   Batch number = 170
12/01/2021 13:43:27 - INFO - __main__ -   Batch number = 171
12/01/2021 13:43:29 - INFO - __main__ -   ***** Evaluation result  in en *****
12/01/2021 13:43:29 - INFO - __main__ -     f1 = 0.5613288238289871
12/01/2021 13:43:29 - INFO - __main__ -     loss = 1.6229778793123033
12/01/2021 13:43:29 - INFO - __main__ -     precision = 0.5807349365036477
12/01/2021 13:43:29 - INFO - __main__ -     recall = 0.5431777401501175
12/01/2021 13:43:32 - INFO - root -   Input args: ModelArguments(model_name_or_path='bert-base-multilingual-cased', model_type='bert', config_name=None, tokenizer_name=None, cache_dir=None, labels='/home/abhijeet/rohan/cloud-emea/data//udpos/udpos_processed_maxlen128//labels.txt', data_dir='/home/abhijeet/rohan/cloud-emea/data//udpos/udpos_processed_maxlen128/', output_dir='/home/abhijeet/rohan/cloud-emea/outputs//udpos/my-bert-base-multilingual-cased-MaxLen128_udpos_zh_yue_train_hi/', max_seq_length=128, do_train=False, do_eval=False, do_predict=True, do_adapter_predict=False, do_predict_dev=False, do_predict_train=False, init_checkpoint=None, evaluate_during_training=False, do_lower_case=False, few_shot=-1, per_gpu_train_batch_size=8, per_gpu_eval_batch_size=32, gradient_accumulation_steps=4, learning_rate=5e-05, weight_decay=0.0, adam_epsilon=1e-08, max_grad_norm=1.0, num_train_epochs=50.0, max_steps=-1, save_steps=1000, warmup_steps=0, logging_steps=50, save_only_best_checkpoint=True, eval_all_checkpoints=True, no_cuda=False, overwrite_output_dir=True, overwrite_cache=False, seed=3, fp16=False, fp16_opt_level='O1', local_rank=-1, server_ip='', server_port='', predict_langs='en', train_langs='hi', log_file='/home/abhijeet/rohan/cloud-emea/outputs//udpos/my-bert-base-multilingual-cased-MaxLen128_udpos_zh_yue_train_hi//train_hi.log', eval_patience=-1, bpe_dropout=0, do_save_adapter_fusions=False, task_name='udpos', predict_task_adapter='output/udpos/my-bert-base-multilingual-cased-LR1e-4-epoch50-MaxLen128-TrainLanghi_hi_s3/checkpoint-best/udpos/', predict_lang_adapter=None, test_adapter=True, adapter_weight=None, lang_to_vec=None, calc_weight_step=0, predict_save_prefix='', en_weight=None, temperature=1.0, get_attr=False, topk=1, task='udpos')
12/01/2021 13:43:32 - WARNING - __main__ -   Process rank: -1, device: cuda, n_gpu: 1, distributed training: False, 16-bits training: False
12/01/2021 13:43:32 - INFO - __main__ -   Seed = 3
12/01/2021 13:43:32 - INFO - root -   save model
12/01/2021 13:43:32 - INFO - __main__ -   Training/evaluation parameters ModelArguments(model_name_or_path='bert-base-multilingual-cased', model_type='bert', config_name=None, tokenizer_name=None, cache_dir=None, labels='/home/abhijeet/rohan/cloud-emea/data//udpos/udpos_processed_maxlen128//labels.txt', data_dir='/home/abhijeet/rohan/cloud-emea/data//udpos/udpos_processed_maxlen128/', output_dir='/home/abhijeet/rohan/cloud-emea/outputs//udpos/my-bert-base-multilingual-cased-MaxLen128_udpos_zh_yue_train_hi/', max_seq_length=128, do_train=False, do_eval=False, do_predict=True, do_adapter_predict=False, do_predict_dev=False, do_predict_train=False, init_checkpoint=None, evaluate_during_training=False, do_lower_case=False, few_shot=-1, per_gpu_train_batch_size=8, per_gpu_eval_batch_size=32, gradient_accumulation_steps=4, learning_rate=5e-05, weight_decay=0.0, adam_epsilon=1e-08, max_grad_norm=1.0, num_train_epochs=50.0, max_steps=-1, save_steps=1000, warmup_steps=0, logging_steps=50, save_only_best_checkpoint=True, eval_all_checkpoints=True, no_cuda=False, overwrite_output_dir=True, overwrite_cache=False, seed=3, fp16=False, fp16_opt_level='O1', local_rank=-1, server_ip='', server_port='', predict_langs='en', train_langs='hi', log_file='/home/abhijeet/rohan/cloud-emea/outputs//udpos/my-bert-base-multilingual-cased-MaxLen128_udpos_zh_yue_train_hi//train_hi.log', eval_patience=-1, bpe_dropout=0, do_save_adapter_fusions=False, task_name='udpos', predict_task_adapter='output/udpos/my-bert-base-multilingual-cased-LR1e-4-epoch50-MaxLen128-TrainLanghi_hi_s3/checkpoint-best/udpos/', predict_lang_adapter=None, test_adapter=True, adapter_weight=None, lang_to_vec=None, calc_weight_step=0, predict_save_prefix='', en_weight=None, temperature=1.0, get_attr=False, topk=1, task='udpos')
12/01/2021 13:43:32 - INFO - __main__ -   Loading pretrained model and tokenizer
12/01/2021 13:43:34 - INFO - __main__ -   loading from existing model bert-base-multilingual-cased
12/01/2021 13:43:40 - INFO - __main__ -   Using lang2id = None
12/01/2021 13:43:40 - INFO - __main__ -   Evaluating the model on test set of all the languages specified
12/01/2021 13:43:40 - INFO - __main__ -   Task Adapter will be loaded from this path output/udpos/my-bert-base-multilingual-cased-LR1e-4-epoch50-MaxLen128-TrainLanghi_hi_s3/checkpoint-best/udpos/
12/01/2021 13:43:40 - INFO - root -   Trying to decide if add adapter
12/01/2021 13:43:40 - INFO - root -   loading task adapter
12/01/2021 13:43:40 - INFO - root -   loading lang adpater zh_yue/wiki@ukp
12/01/2021 13:43:40 - INFO - __main__ -   Adapter Languages : ['zh_yue'], Length : 1
12/01/2021 13:43:40 - INFO - __main__ -   Adapter Names ['zh_yue/wiki@ukp'], Length : 1
12/01/2021 13:43:40 - INFO - __main__ -   Language = zh_yue
12/01/2021 13:43:40 - INFO - __main__ -   Adapter Name = zh_yue/wiki@ukp
12/01/2021 13:43:44 - INFO - __main__ -   Language adapter for en not found, using zh_yue instead
12/01/2021 13:43:44 - INFO - __main__ -   Set active language adapter to zh_yue
12/01/2021 13:43:44 - INFO - __main__ -   Args Adapter Weight = None
12/01/2021 13:43:44 - INFO - __main__ -   Adapter Languages = ['zh_yue']
12/01/2021 13:43:44 - INFO - __main__ -   Loading features from cached file /home/abhijeet/rohan/cloud-emea/data//udpos/udpos_processed_maxlen128/cached_test_en_bert-base-multilingual-cased_128
12/01/2021 13:43:45 - INFO - __main__ -   ***** Running evaluation  in en *****
12/01/2021 13:43:45 - INFO - __main__ -     Num examples = 5441
12/01/2021 13:43:45 - INFO - __main__ -     Batch size = 32
12/01/2021 13:43:45 - INFO - __main__ -   Batch number = 1
12/01/2021 13:43:45 - INFO - __main__ -   Batch number = 2
12/01/2021 13:43:45 - INFO - __main__ -   Batch number = 3
12/01/2021 13:43:45 - INFO - __main__ -   Batch number = 4
12/01/2021 13:43:45 - INFO - __main__ -   Batch number = 5
12/01/2021 13:43:46 - INFO - __main__ -   Batch number = 6
12/01/2021 13:43:46 - INFO - __main__ -   Batch number = 7
12/01/2021 13:43:46 - INFO - __main__ -   Batch number = 8
12/01/2021 13:43:46 - INFO - __main__ -   Batch number = 9
12/01/2021 13:43:46 - INFO - __main__ -   Batch number = 10
12/01/2021 13:43:46 - INFO - __main__ -   Batch number = 11
12/01/2021 13:43:46 - INFO - __main__ -   Batch number = 12
12/01/2021 13:43:46 - INFO - __main__ -   Batch number = 13
12/01/2021 13:43:47 - INFO - __main__ -   Batch number = 14
12/01/2021 13:43:47 - INFO - __main__ -   Batch number = 15
12/01/2021 13:43:47 - INFO - __main__ -   Batch number = 16
12/01/2021 13:43:47 - INFO - __main__ -   Batch number = 17
12/01/2021 13:43:47 - INFO - __main__ -   Batch number = 18
12/01/2021 13:43:47 - INFO - __main__ -   Batch number = 19
12/01/2021 13:43:48 - INFO - __main__ -   Batch number = 20
12/01/2021 13:43:48 - INFO - __main__ -   Batch number = 21
12/01/2021 13:43:48 - INFO - __main__ -   Batch number = 22
12/01/2021 13:43:48 - INFO - __main__ -   Batch number = 23
12/01/2021 13:43:48 - INFO - __main__ -   Batch number = 24
12/01/2021 13:43:48 - INFO - __main__ -   Batch number = 25
12/01/2021 13:43:48 - INFO - __main__ -   Batch number = 26
12/01/2021 13:43:49 - INFO - __main__ -   Batch number = 27
12/01/2021 13:43:49 - INFO - __main__ -   Batch number = 28
12/01/2021 13:43:49 - INFO - __main__ -   Batch number = 29
12/01/2021 13:43:49 - INFO - __main__ -   Batch number = 30
12/01/2021 13:43:49 - INFO - __main__ -   Batch number = 31
12/01/2021 13:43:49 - INFO - __main__ -   Batch number = 32
12/01/2021 13:43:49 - INFO - __main__ -   Batch number = 33
12/01/2021 13:43:50 - INFO - __main__ -   Batch number = 34
12/01/2021 13:43:50 - INFO - __main__ -   Batch number = 35
12/01/2021 13:43:50 - INFO - __main__ -   Batch number = 36
12/01/2021 13:43:50 - INFO - __main__ -   Batch number = 37
12/01/2021 13:43:50 - INFO - __main__ -   Batch number = 38
12/01/2021 13:43:50 - INFO - __main__ -   Batch number = 39
12/01/2021 13:43:50 - INFO - __main__ -   Batch number = 40
12/01/2021 13:43:51 - INFO - __main__ -   Batch number = 41
12/01/2021 13:43:51 - INFO - __main__ -   Batch number = 42
12/01/2021 13:43:51 - INFO - __main__ -   Batch number = 43
12/01/2021 13:43:51 - INFO - __main__ -   Batch number = 44
12/01/2021 13:43:51 - INFO - __main__ -   Batch number = 45
12/01/2021 13:43:51 - INFO - __main__ -   Batch number = 46
12/01/2021 13:43:51 - INFO - __main__ -   Batch number = 47
12/01/2021 13:43:52 - INFO - __main__ -   Batch number = 48
12/01/2021 13:43:52 - INFO - __main__ -   Batch number = 49
12/01/2021 13:43:52 - INFO - __main__ -   Batch number = 50
12/01/2021 13:43:52 - INFO - __main__ -   Batch number = 51
12/01/2021 13:43:52 - INFO - __main__ -   Batch number = 52
12/01/2021 13:43:52 - INFO - __main__ -   Batch number = 53
12/01/2021 13:43:52 - INFO - __main__ -   Batch number = 54
12/01/2021 13:43:53 - INFO - __main__ -   Batch number = 55
12/01/2021 13:43:53 - INFO - __main__ -   Batch number = 56
12/01/2021 13:43:53 - INFO - __main__ -   Batch number = 57
12/01/2021 13:43:53 - INFO - __main__ -   Batch number = 58
12/01/2021 13:43:53 - INFO - __main__ -   Batch number = 59
12/01/2021 13:43:53 - INFO - __main__ -   Batch number = 60
12/01/2021 13:43:53 - INFO - __main__ -   Batch number = 61
12/01/2021 13:43:54 - INFO - __main__ -   Batch number = 62
12/01/2021 13:43:54 - INFO - __main__ -   Batch number = 63
12/01/2021 13:43:54 - INFO - __main__ -   Batch number = 64
12/01/2021 13:43:54 - INFO - __main__ -   Batch number = 65
12/01/2021 13:43:54 - INFO - __main__ -   Batch number = 66
12/01/2021 13:43:54 - INFO - __main__ -   Batch number = 67
12/01/2021 13:43:54 - INFO - __main__ -   Batch number = 68
12/01/2021 13:43:55 - INFO - __main__ -   Batch number = 69
12/01/2021 13:43:55 - INFO - __main__ -   Batch number = 70
12/01/2021 13:43:55 - INFO - __main__ -   Batch number = 71
12/01/2021 13:43:55 - INFO - __main__ -   Batch number = 72
12/01/2021 13:43:55 - INFO - __main__ -   Batch number = 73
12/01/2021 13:43:55 - INFO - __main__ -   Batch number = 74
12/01/2021 13:43:55 - INFO - __main__ -   Batch number = 75
12/01/2021 13:43:56 - INFO - __main__ -   Batch number = 76
12/01/2021 13:43:56 - INFO - __main__ -   Batch number = 77
12/01/2021 13:43:56 - INFO - __main__ -   Batch number = 78
12/01/2021 13:43:56 - INFO - __main__ -   Batch number = 79
12/01/2021 13:43:56 - INFO - __main__ -   Batch number = 80
12/01/2021 13:43:56 - INFO - __main__ -   Batch number = 81
12/01/2021 13:43:57 - INFO - __main__ -   Batch number = 82
12/01/2021 13:43:57 - INFO - __main__ -   Batch number = 83
12/01/2021 13:43:57 - INFO - __main__ -   Batch number = 84
12/01/2021 13:43:57 - INFO - __main__ -   Batch number = 85
12/01/2021 13:43:57 - INFO - __main__ -   Batch number = 86
12/01/2021 13:43:57 - INFO - __main__ -   Batch number = 87
12/01/2021 13:43:57 - INFO - __main__ -   Batch number = 88
12/01/2021 13:43:58 - INFO - __main__ -   Batch number = 89
12/01/2021 13:43:58 - INFO - __main__ -   Batch number = 90
12/01/2021 13:43:58 - INFO - __main__ -   Batch number = 91
12/01/2021 13:43:58 - INFO - __main__ -   Batch number = 92
12/01/2021 13:43:58 - INFO - __main__ -   Batch number = 93
12/01/2021 13:43:58 - INFO - __main__ -   Batch number = 94
12/01/2021 13:43:58 - INFO - __main__ -   Batch number = 95
12/01/2021 13:43:59 - INFO - __main__ -   Batch number = 96
12/01/2021 13:43:59 - INFO - __main__ -   Batch number = 97
12/01/2021 13:43:59 - INFO - __main__ -   Batch number = 98
12/01/2021 13:43:59 - INFO - __main__ -   Batch number = 99
12/01/2021 13:43:59 - INFO - __main__ -   Batch number = 100
12/01/2021 13:43:59 - INFO - __main__ -   Batch number = 101
12/01/2021 13:43:59 - INFO - __main__ -   Batch number = 102
12/01/2021 13:44:00 - INFO - __main__ -   Batch number = 103
12/01/2021 13:44:00 - INFO - __main__ -   Batch number = 104
12/01/2021 13:44:00 - INFO - __main__ -   Batch number = 105
12/01/2021 13:44:00 - INFO - __main__ -   Batch number = 106
12/01/2021 13:44:00 - INFO - __main__ -   Batch number = 107
12/01/2021 13:44:00 - INFO - __main__ -   Batch number = 108
12/01/2021 13:44:01 - INFO - __main__ -   Batch number = 109
12/01/2021 13:44:01 - INFO - __main__ -   Batch number = 110
12/01/2021 13:44:01 - INFO - __main__ -   Batch number = 111
12/01/2021 13:44:01 - INFO - __main__ -   Batch number = 112
12/01/2021 13:44:01 - INFO - __main__ -   Batch number = 113
12/01/2021 13:44:01 - INFO - __main__ -   Batch number = 114
12/01/2021 13:44:01 - INFO - __main__ -   Batch number = 115
12/01/2021 13:44:02 - INFO - __main__ -   Batch number = 116
12/01/2021 13:44:02 - INFO - __main__ -   Batch number = 117
12/01/2021 13:44:02 - INFO - __main__ -   Batch number = 118
12/01/2021 13:44:02 - INFO - __main__ -   Batch number = 119
12/01/2021 13:44:02 - INFO - __main__ -   Batch number = 120
12/01/2021 13:44:03 - INFO - __main__ -   Batch number = 121
12/01/2021 13:44:03 - INFO - __main__ -   Batch number = 122
12/01/2021 13:44:03 - INFO - __main__ -   Batch number = 123
12/01/2021 13:44:04 - INFO - __main__ -   Batch number = 124
12/01/2021 13:44:04 - INFO - __main__ -   Batch number = 125
12/01/2021 13:44:04 - INFO - __main__ -   Batch number = 126
12/01/2021 13:44:04 - INFO - __main__ -   Batch number = 127
12/01/2021 13:44:04 - INFO - __main__ -   Batch number = 128
12/01/2021 13:44:05 - INFO - __main__ -   Batch number = 129
12/01/2021 13:44:05 - INFO - __main__ -   Batch number = 130
12/01/2021 13:44:05 - INFO - __main__ -   Batch number = 131
12/01/2021 13:44:05 - INFO - __main__ -   Batch number = 132
12/01/2021 13:44:05 - INFO - __main__ -   Batch number = 133
12/01/2021 13:44:05 - INFO - __main__ -   Batch number = 134
12/01/2021 13:44:06 - INFO - __main__ -   Batch number = 135
12/01/2021 13:44:06 - INFO - __main__ -   Batch number = 136
12/01/2021 13:44:06 - INFO - __main__ -   Batch number = 137
12/01/2021 13:44:06 - INFO - __main__ -   Batch number = 138
12/01/2021 13:44:06 - INFO - __main__ -   Batch number = 139
12/01/2021 13:44:07 - INFO - __main__ -   Batch number = 140
12/01/2021 13:44:07 - INFO - __main__ -   Batch number = 141
12/01/2021 13:44:07 - INFO - __main__ -   Batch number = 142
12/01/2021 13:44:07 - INFO - __main__ -   Batch number = 143
12/01/2021 13:44:07 - INFO - __main__ -   Batch number = 144
12/01/2021 13:44:07 - INFO - __main__ -   Batch number = 145
12/01/2021 13:44:08 - INFO - __main__ -   Batch number = 146
12/01/2021 13:44:08 - INFO - __main__ -   Batch number = 147
12/01/2021 13:44:08 - INFO - __main__ -   Batch number = 148
12/01/2021 13:44:08 - INFO - __main__ -   Batch number = 149
12/01/2021 13:44:08 - INFO - __main__ -   Batch number = 150
12/01/2021 13:44:09 - INFO - __main__ -   Batch number = 151
12/01/2021 13:44:09 - INFO - __main__ -   Batch number = 152
12/01/2021 13:44:09 - INFO - __main__ -   Batch number = 153
12/01/2021 13:44:09 - INFO - __main__ -   Batch number = 154
12/01/2021 13:44:09 - INFO - __main__ -   Batch number = 155
12/01/2021 13:44:09 - INFO - __main__ -   Batch number = 156
12/01/2021 13:44:09 - INFO - __main__ -   Batch number = 157
12/01/2021 13:44:10 - INFO - __main__ -   Batch number = 158
12/01/2021 13:44:10 - INFO - __main__ -   Batch number = 159
12/01/2021 13:44:10 - INFO - __main__ -   Batch number = 160
12/01/2021 13:44:10 - INFO - __main__ -   Batch number = 161
12/01/2021 13:44:10 - INFO - __main__ -   Batch number = 162
12/01/2021 13:44:11 - INFO - __main__ -   Batch number = 163
12/01/2021 13:44:11 - INFO - __main__ -   Batch number = 164
12/01/2021 13:44:11 - INFO - __main__ -   Batch number = 165
12/01/2021 13:44:11 - INFO - __main__ -   Batch number = 166
12/01/2021 13:44:12 - INFO - __main__ -   Batch number = 167
12/01/2021 13:44:12 - INFO - __main__ -   Batch number = 168
12/01/2021 13:44:12 - INFO - __main__ -   Batch number = 169
12/01/2021 13:44:12 - INFO - __main__ -   Batch number = 170
12/01/2021 13:44:12 - INFO - __main__ -   Batch number = 171
12/01/2021 13:44:14 - INFO - __main__ -   ***** Evaluation result  in en *****
12/01/2021 13:44:14 - INFO - __main__ -     f1 = 0.5942244793122955
12/01/2021 13:44:14 - INFO - __main__ -     loss = 1.409892315404457
12/01/2021 13:44:14 - INFO - __main__ -     precision = 0.6120912537341424
12/01/2021 13:44:14 - INFO - __main__ -     recall = 0.5773711744042053
