01/12/2022 21:13:04 - INFO - root -   Input args: ModelArguments(model_name_or_path='bert-base-multilingual-cased', model_type='bert', config_name=None, tokenizer_name=None, cache_dir=None, labels='/home/abhijeet/rohan/cloud-emea-copy/data//panx/panx_processed_maxlen128//labels.txt', data_dir='/home/abhijeet/rohan/cloud-emea-copy/data//panx/panx_processed_maxlen128/', output_dir='/home/abhijeet/rohan/cloud-emea-copy/outputs//panx/my-bert-base-multilingual-cased-MaxLen128_ner_en/', max_seq_length=128, do_train=False, do_eval=False, do_predict=True, do_adapter_predict=False, do_predict_dev=False, do_predict_train=False, init_checkpoint=None, evaluate_during_training=False, do_lower_case=False, few_shot=-1, per_gpu_train_batch_size=8, per_gpu_eval_batch_size=32, gradient_accumulation_steps=4, learning_rate=5e-05, weight_decay=0.0, adam_epsilon=1e-08, max_grad_norm=1.0, num_train_epochs=100.0, max_steps=-1, save_steps=1000, warmup_steps=0, logging_steps=50, save_only_best_checkpoint=True, eval_all_checkpoints=True, no_cuda=False, overwrite_output_dir=True, overwrite_cache=False, seed=1, fp16=False, fp16_opt_level='O1', local_rank=-1, server_ip='', server_port='', predict_langs='ru', train_langs='en', log_file='/home/abhijeet/rohan/cloud-emea-copy/outputs//panx/my-bert-base-multilingual-cased-MaxLen128_ner_en//train_ru.log', eval_patience=-1, bpe_dropout=0, do_save_adapter_fusions=False, task_name='ner', predict_task_adapter='output/panx/my-bert-base-multilingual-cased-LR1e-4-epoch100-MaxLen128-TrainLangen_en_s1/checkpoint-best/ner/', predict_lang_adapter=None, test_adapter=True, adapter_weight=None, lang_to_vec=None, calc_weight_step=0, predict_save_prefix='', en_weight=None, temperature=1.0, get_attr=False, topk=1, task='udpos')
01/12/2022 21:13:04 - WARNING - __main__ -   Process rank: -1, device: cuda, n_gpu: 1, distributed training: False, 16-bits training: False
01/12/2022 21:13:04 - INFO - __main__ -   Seed = 1
01/12/2022 21:13:04 - INFO - root -   save model
01/12/2022 21:13:04 - INFO - __main__ -   Training/evaluation parameters ModelArguments(model_name_or_path='bert-base-multilingual-cased', model_type='bert', config_name=None, tokenizer_name=None, cache_dir=None, labels='/home/abhijeet/rohan/cloud-emea-copy/data//panx/panx_processed_maxlen128//labels.txt', data_dir='/home/abhijeet/rohan/cloud-emea-copy/data//panx/panx_processed_maxlen128/', output_dir='/home/abhijeet/rohan/cloud-emea-copy/outputs//panx/my-bert-base-multilingual-cased-MaxLen128_ner_en/', max_seq_length=128, do_train=False, do_eval=False, do_predict=True, do_adapter_predict=False, do_predict_dev=False, do_predict_train=False, init_checkpoint=None, evaluate_during_training=False, do_lower_case=False, few_shot=-1, per_gpu_train_batch_size=8, per_gpu_eval_batch_size=32, gradient_accumulation_steps=4, learning_rate=5e-05, weight_decay=0.0, adam_epsilon=1e-08, max_grad_norm=1.0, num_train_epochs=100.0, max_steps=-1, save_steps=1000, warmup_steps=0, logging_steps=50, save_only_best_checkpoint=True, eval_all_checkpoints=True, no_cuda=False, overwrite_output_dir=True, overwrite_cache=False, seed=1, fp16=False, fp16_opt_level='O1', local_rank=-1, server_ip='', server_port='', predict_langs='ru', train_langs='en', log_file='/home/abhijeet/rohan/cloud-emea-copy/outputs//panx/my-bert-base-multilingual-cased-MaxLen128_ner_en//train_ru.log', eval_patience=-1, bpe_dropout=0, do_save_adapter_fusions=False, task_name='ner', predict_task_adapter='output/panx/my-bert-base-multilingual-cased-LR1e-4-epoch100-MaxLen128-TrainLangen_en_s1/checkpoint-best/ner/', predict_lang_adapter=None, test_adapter=True, adapter_weight=None, lang_to_vec=None, calc_weight_step=0, predict_save_prefix='', en_weight=None, temperature=1.0, get_attr=False, topk=1, task='udpos')
01/12/2022 21:13:04 - INFO - __main__ -   Loading pretrained model and tokenizer
01/12/2022 21:13:08 - INFO - __main__ -   loading from existing model bert-base-multilingual-cased
01/12/2022 21:13:14 - INFO - __main__ -   Using lang2id = None
01/12/2022 21:13:14 - INFO - __main__ -   Evaluating the model on test set of all the languages specified
01/12/2022 21:13:14 - INFO - __main__ -   Task Adapter will be loaded from this path output/panx/my-bert-base-multilingual-cased-LR1e-4-epoch100-MaxLen128-TrainLangen_en_s1/checkpoint-best/ner/
01/12/2022 21:13:14 - INFO - root -   Trying to decide if add adapter
01/12/2022 21:13:14 - INFO - root -   loading task adapter
01/12/2022 21:13:14 - INFO - root -   loading lang adpater en/wiki@ukp
01/12/2022 21:13:14 - INFO - __main__ -   Adapter Languages : ['en'], Length : 1
01/12/2022 21:13:14 - INFO - __main__ -   Adapter Names ['en/wiki@ukp'], Length : 1
01/12/2022 21:13:14 - INFO - __main__ -   Language = en
01/12/2022 21:13:14 - INFO - __main__ -   Adapter Name = en/wiki@ukp
01/12/2022 21:13:38 - INFO - __main__ -   Language adapter for ru not found, using en instead
01/12/2022 21:13:38 - INFO - __main__ -   Set active language adapter to en
01/12/2022 21:13:38 - INFO - __main__ -   Args Adapter Weight = None
01/12/2022 21:13:38 - INFO - __main__ -   Adapter Languages = ['en']
01/12/2022 21:13:38 - INFO - __main__ -   Loading features from cached file /home/abhijeet/rohan/cloud-emea-copy/data//panx/panx_processed_maxlen128/cached_test_ru_bert-base-multilingual-cased_128
01/12/2022 21:13:39 - INFO - __main__ -   ***** Running evaluation  in ru *****
01/12/2022 21:13:39 - INFO - __main__ -     Num examples = 10002
01/12/2022 21:13:39 - INFO - __main__ -     Batch size = 32
01/12/2022 21:13:39 - INFO - __main__ -   Batch number = 1
01/12/2022 21:13:40 - INFO - __main__ -   Batch number = 2
01/12/2022 21:13:40 - INFO - __main__ -   Batch number = 3
01/12/2022 21:13:40 - INFO - __main__ -   Batch number = 4
01/12/2022 21:13:41 - INFO - __main__ -   Batch number = 5
01/12/2022 21:13:41 - INFO - __main__ -   Batch number = 6
01/12/2022 21:13:41 - INFO - __main__ -   Batch number = 7
01/12/2022 21:13:42 - INFO - __main__ -   Batch number = 8
01/12/2022 21:13:42 - INFO - __main__ -   Batch number = 9
01/12/2022 21:13:42 - INFO - __main__ -   Batch number = 10
01/12/2022 21:13:43 - INFO - __main__ -   Batch number = 11
01/12/2022 21:13:43 - INFO - __main__ -   Batch number = 12
01/12/2022 21:13:43 - INFO - __main__ -   Batch number = 13
01/12/2022 21:13:43 - INFO - __main__ -   Batch number = 14
01/12/2022 21:13:44 - INFO - __main__ -   Batch number = 15
01/12/2022 21:13:44 - INFO - __main__ -   Batch number = 16
01/12/2022 21:13:44 - INFO - __main__ -   Batch number = 17
01/12/2022 21:13:44 - INFO - __main__ -   Batch number = 18
01/12/2022 21:13:45 - INFO - __main__ -   Batch number = 19
01/12/2022 21:13:45 - INFO - __main__ -   Batch number = 20
01/12/2022 21:13:45 - INFO - __main__ -   Batch number = 21
01/12/2022 21:13:45 - INFO - __main__ -   Batch number = 22
01/12/2022 21:13:46 - INFO - __main__ -   Batch number = 23
01/12/2022 21:13:46 - INFO - __main__ -   Batch number = 24
01/12/2022 21:13:46 - INFO - __main__ -   Batch number = 25
01/12/2022 21:13:47 - INFO - __main__ -   Batch number = 26
01/12/2022 21:13:47 - INFO - __main__ -   Batch number = 27
01/12/2022 21:13:47 - INFO - __main__ -   Batch number = 28
01/12/2022 21:13:47 - INFO - __main__ -   Batch number = 29
01/12/2022 21:13:48 - INFO - __main__ -   Batch number = 30
01/12/2022 21:13:48 - INFO - __main__ -   Batch number = 31
01/12/2022 21:13:48 - INFO - __main__ -   Batch number = 32
01/12/2022 21:13:48 - INFO - __main__ -   Batch number = 33
01/12/2022 21:13:49 - INFO - __main__ -   Batch number = 34
01/12/2022 21:13:49 - INFO - __main__ -   Batch number = 35
01/12/2022 21:13:49 - INFO - __main__ -   Batch number = 36
01/12/2022 21:13:49 - INFO - __main__ -   Batch number = 37
01/12/2022 21:13:50 - INFO - __main__ -   Batch number = 38
01/12/2022 21:13:50 - INFO - __main__ -   Batch number = 39
01/12/2022 21:13:50 - INFO - __main__ -   Batch number = 40
01/12/2022 21:13:50 - INFO - __main__ -   Batch number = 41
01/12/2022 21:13:50 - INFO - __main__ -   Batch number = 42
01/12/2022 21:13:50 - INFO - __main__ -   Batch number = 43
01/12/2022 21:13:51 - INFO - __main__ -   Batch number = 44
01/12/2022 21:13:51 - INFO - __main__ -   Batch number = 45
01/12/2022 21:13:51 - INFO - __main__ -   Batch number = 46
01/12/2022 21:13:51 - INFO - __main__ -   Batch number = 47
01/12/2022 21:13:51 - INFO - __main__ -   Batch number = 48
01/12/2022 21:13:51 - INFO - __main__ -   Batch number = 49
01/12/2022 21:13:51 - INFO - __main__ -   Batch number = 50
01/12/2022 21:13:52 - INFO - __main__ -   Batch number = 51
01/12/2022 21:13:52 - INFO - __main__ -   Batch number = 52
01/12/2022 21:13:52 - INFO - __main__ -   Batch number = 53
01/12/2022 21:13:52 - INFO - __main__ -   Batch number = 54
01/12/2022 21:13:52 - INFO - __main__ -   Batch number = 55
01/12/2022 21:13:53 - INFO - __main__ -   Batch number = 56
01/12/2022 21:13:53 - INFO - __main__ -   Batch number = 57
01/12/2022 21:13:53 - INFO - __main__ -   Batch number = 58
01/12/2022 21:13:53 - INFO - __main__ -   Batch number = 59
01/12/2022 21:13:54 - INFO - __main__ -   Batch number = 60
01/12/2022 21:13:54 - INFO - __main__ -   Batch number = 61
01/12/2022 21:13:54 - INFO - __main__ -   Batch number = 62
01/12/2022 21:13:54 - INFO - __main__ -   Batch number = 63
01/12/2022 21:13:55 - INFO - __main__ -   Batch number = 64
01/12/2022 21:13:55 - INFO - __main__ -   Batch number = 65
01/12/2022 21:13:55 - INFO - __main__ -   Batch number = 66
01/12/2022 21:13:55 - INFO - __main__ -   Batch number = 67
01/12/2022 21:13:56 - INFO - __main__ -   Batch number = 68
01/12/2022 21:13:56 - INFO - __main__ -   Batch number = 69
01/12/2022 21:13:56 - INFO - __main__ -   Batch number = 70
01/12/2022 21:13:57 - INFO - __main__ -   Batch number = 71
01/12/2022 21:13:57 - INFO - __main__ -   Batch number = 72
01/12/2022 21:13:57 - INFO - __main__ -   Batch number = 73
01/12/2022 21:13:57 - INFO - __main__ -   Batch number = 74
01/12/2022 21:13:58 - INFO - __main__ -   Batch number = 75
01/12/2022 21:13:58 - INFO - __main__ -   Batch number = 76
01/12/2022 21:13:58 - INFO - __main__ -   Batch number = 77
01/12/2022 21:13:59 - INFO - __main__ -   Batch number = 78
01/12/2022 21:13:59 - INFO - __main__ -   Batch number = 79
01/12/2022 21:13:59 - INFO - __main__ -   Batch number = 80
01/12/2022 21:13:59 - INFO - __main__ -   Batch number = 81
01/12/2022 21:14:00 - INFO - __main__ -   Batch number = 82
01/12/2022 21:14:00 - INFO - __main__ -   Batch number = 83
01/12/2022 21:14:00 - INFO - __main__ -   Batch number = 84
01/12/2022 21:14:00 - INFO - __main__ -   Batch number = 85
01/12/2022 21:14:01 - INFO - __main__ -   Batch number = 86
01/12/2022 21:14:01 - INFO - __main__ -   Batch number = 87
01/12/2022 21:14:01 - INFO - __main__ -   Batch number = 88
01/12/2022 21:14:01 - INFO - __main__ -   Batch number = 89
01/12/2022 21:14:02 - INFO - __main__ -   Batch number = 90
01/12/2022 21:14:02 - INFO - __main__ -   Batch number = 91
01/12/2022 21:14:02 - INFO - __main__ -   Batch number = 92
01/12/2022 21:14:03 - INFO - __main__ -   Batch number = 93
01/12/2022 21:14:03 - INFO - __main__ -   Batch number = 94
01/12/2022 21:14:03 - INFO - __main__ -   Batch number = 95
01/12/2022 21:14:03 - INFO - __main__ -   Batch number = 96
01/12/2022 21:14:04 - INFO - __main__ -   Batch number = 97
01/12/2022 21:14:04 - INFO - __main__ -   Batch number = 98
01/12/2022 21:14:04 - INFO - __main__ -   Batch number = 99
01/12/2022 21:14:04 - INFO - __main__ -   Batch number = 100
01/12/2022 21:14:05 - INFO - __main__ -   Batch number = 101
01/12/2022 21:14:05 - INFO - __main__ -   Batch number = 102
01/12/2022 21:14:05 - INFO - __main__ -   Batch number = 103
01/12/2022 21:14:05 - INFO - __main__ -   Batch number = 104
01/12/2022 21:14:06 - INFO - __main__ -   Batch number = 105
01/12/2022 21:14:06 - INFO - __main__ -   Batch number = 106
01/12/2022 21:14:06 - INFO - __main__ -   Batch number = 107
01/12/2022 21:14:07 - INFO - __main__ -   Batch number = 108
01/12/2022 21:14:07 - INFO - __main__ -   Batch number = 109
01/12/2022 21:14:07 - INFO - __main__ -   Batch number = 110
01/12/2022 21:14:07 - INFO - __main__ -   Batch number = 111
01/12/2022 21:14:08 - INFO - __main__ -   Batch number = 112
01/12/2022 21:14:08 - INFO - __main__ -   Batch number = 113
01/12/2022 21:14:08 - INFO - __main__ -   Batch number = 114
01/12/2022 21:14:09 - INFO - __main__ -   Batch number = 115
01/12/2022 21:14:09 - INFO - __main__ -   Batch number = 116
01/12/2022 21:14:09 - INFO - __main__ -   Batch number = 117
01/12/2022 21:14:09 - INFO - __main__ -   Batch number = 118
01/12/2022 21:14:10 - INFO - __main__ -   Batch number = 119
01/12/2022 21:14:10 - INFO - __main__ -   Batch number = 120
01/12/2022 21:14:10 - INFO - __main__ -   Batch number = 121
01/12/2022 21:14:10 - INFO - __main__ -   Batch number = 122
01/12/2022 21:14:11 - INFO - __main__ -   Batch number = 123
01/12/2022 21:14:11 - INFO - __main__ -   Batch number = 124
01/12/2022 21:14:11 - INFO - __main__ -   Batch number = 125
01/12/2022 21:14:12 - INFO - __main__ -   Batch number = 126
01/12/2022 21:14:12 - INFO - __main__ -   Batch number = 127
01/12/2022 21:14:12 - INFO - __main__ -   Batch number = 128
01/12/2022 21:14:12 - INFO - __main__ -   Batch number = 129
01/12/2022 21:14:13 - INFO - __main__ -   Batch number = 130
01/12/2022 21:14:13 - INFO - __main__ -   Batch number = 131
01/12/2022 21:14:13 - INFO - __main__ -   Batch number = 132
01/12/2022 21:14:14 - INFO - __main__ -   Batch number = 133
01/12/2022 21:14:14 - INFO - __main__ -   Batch number = 134
01/12/2022 21:14:14 - INFO - __main__ -   Batch number = 135
01/12/2022 21:14:14 - INFO - __main__ -   Batch number = 136
01/12/2022 21:14:15 - INFO - __main__ -   Batch number = 137
01/12/2022 21:14:15 - INFO - __main__ -   Batch number = 138
01/12/2022 21:14:15 - INFO - __main__ -   Batch number = 139
01/12/2022 21:14:15 - INFO - __main__ -   Batch number = 140
01/12/2022 21:14:16 - INFO - __main__ -   Batch number = 141
01/12/2022 21:14:16 - INFO - __main__ -   Batch number = 142
01/12/2022 21:14:16 - INFO - __main__ -   Batch number = 143
01/12/2022 21:14:16 - INFO - __main__ -   Batch number = 144
01/12/2022 21:14:17 - INFO - __main__ -   Batch number = 145
01/12/2022 21:14:17 - INFO - __main__ -   Batch number = 146
01/12/2022 21:14:17 - INFO - __main__ -   Batch number = 147
01/12/2022 21:14:18 - INFO - __main__ -   Batch number = 148
01/12/2022 21:14:18 - INFO - __main__ -   Batch number = 149
01/12/2022 21:14:18 - INFO - __main__ -   Batch number = 150
01/12/2022 21:14:18 - INFO - __main__ -   Batch number = 151
01/12/2022 21:14:19 - INFO - __main__ -   Batch number = 152
01/12/2022 21:14:19 - INFO - __main__ -   Batch number = 153
01/12/2022 21:14:19 - INFO - __main__ -   Batch number = 154
01/12/2022 21:14:19 - INFO - __main__ -   Batch number = 155
01/12/2022 21:14:19 - INFO - __main__ -   Batch number = 156
01/12/2022 21:14:19 - INFO - __main__ -   Batch number = 157
01/12/2022 21:14:19 - INFO - __main__ -   Batch number = 158
01/12/2022 21:14:20 - INFO - __main__ -   Batch number = 159
01/12/2022 21:14:20 - INFO - __main__ -   Batch number = 160
01/12/2022 21:14:20 - INFO - __main__ -   Batch number = 161
01/12/2022 21:14:20 - INFO - __main__ -   Batch number = 162
01/12/2022 21:14:20 - INFO - __main__ -   Batch number = 163
01/12/2022 21:14:21 - INFO - __main__ -   Batch number = 164
01/12/2022 21:14:21 - INFO - __main__ -   Batch number = 165
01/12/2022 21:14:22 - INFO - __main__ -   Batch number = 166
01/12/2022 21:14:22 - INFO - __main__ -   Batch number = 167
01/12/2022 21:14:22 - INFO - __main__ -   Batch number = 168
01/12/2022 21:14:23 - INFO - __main__ -   Batch number = 169
01/12/2022 21:14:23 - INFO - __main__ -   Batch number = 170
01/12/2022 21:14:24 - INFO - __main__ -   Batch number = 171
01/12/2022 21:14:24 - INFO - __main__ -   Batch number = 172
01/12/2022 21:14:25 - INFO - __main__ -   Batch number = 173
01/12/2022 21:14:25 - INFO - __main__ -   Batch number = 174
01/12/2022 21:14:25 - INFO - __main__ -   Batch number = 175
01/12/2022 21:14:26 - INFO - __main__ -   Batch number = 176
01/12/2022 21:14:26 - INFO - __main__ -   Batch number = 177
01/12/2022 21:14:27 - INFO - __main__ -   Batch number = 178
01/12/2022 21:14:27 - INFO - __main__ -   Batch number = 179
01/12/2022 21:14:27 - INFO - __main__ -   Batch number = 180
01/12/2022 21:14:28 - INFO - __main__ -   Batch number = 181
01/12/2022 21:14:28 - INFO - __main__ -   Batch number = 182
01/12/2022 21:14:29 - INFO - __main__ -   Batch number = 183
01/12/2022 21:14:29 - INFO - __main__ -   Batch number = 184
01/12/2022 21:14:30 - INFO - __main__ -   Batch number = 185
01/12/2022 21:14:30 - INFO - __main__ -   Batch number = 186
01/12/2022 21:14:31 - INFO - __main__ -   Batch number = 187
01/12/2022 21:14:31 - INFO - __main__ -   Batch number = 188
01/12/2022 21:14:31 - INFO - __main__ -   Batch number = 189
01/12/2022 21:14:32 - INFO - __main__ -   Batch number = 190
01/12/2022 21:14:32 - INFO - __main__ -   Batch number = 191
01/12/2022 21:14:33 - INFO - __main__ -   Batch number = 192
01/12/2022 21:14:33 - INFO - __main__ -   Batch number = 193
01/12/2022 21:14:33 - INFO - __main__ -   Batch number = 194
01/12/2022 21:14:34 - INFO - __main__ -   Batch number = 195
01/12/2022 21:14:34 - INFO - __main__ -   Batch number = 196
01/12/2022 21:14:34 - INFO - __main__ -   Batch number = 197
01/12/2022 21:14:34 - INFO - __main__ -   Batch number = 198
01/12/2022 21:14:34 - INFO - __main__ -   Batch number = 199
01/12/2022 21:14:34 - INFO - __main__ -   Batch number = 200
01/12/2022 21:14:35 - INFO - __main__ -   Batch number = 201
01/12/2022 21:14:35 - INFO - __main__ -   Batch number = 202
01/12/2022 21:14:35 - INFO - __main__ -   Batch number = 203
01/12/2022 21:14:35 - INFO - __main__ -   Batch number = 204
01/12/2022 21:14:35 - INFO - __main__ -   Batch number = 205
01/12/2022 21:14:35 - INFO - __main__ -   Batch number = 206
01/12/2022 21:14:35 - INFO - __main__ -   Batch number = 207
01/12/2022 21:14:36 - INFO - __main__ -   Batch number = 208
01/12/2022 21:14:36 - INFO - __main__ -   Batch number = 209
01/12/2022 21:14:36 - INFO - __main__ -   Batch number = 210
01/12/2022 21:14:36 - INFO - __main__ -   Batch number = 211
01/12/2022 21:14:36 - INFO - __main__ -   Batch number = 212
01/12/2022 21:14:37 - INFO - __main__ -   Batch number = 213
01/12/2022 21:14:37 - INFO - __main__ -   Batch number = 214
01/12/2022 21:14:37 - INFO - __main__ -   Batch number = 215
01/12/2022 21:14:38 - INFO - __main__ -   Batch number = 216
01/12/2022 21:14:38 - INFO - __main__ -   Batch number = 217
01/12/2022 21:14:38 - INFO - __main__ -   Batch number = 218
01/12/2022 21:14:38 - INFO - __main__ -   Batch number = 219
01/12/2022 21:14:39 - INFO - __main__ -   Batch number = 220
01/12/2022 21:14:39 - INFO - __main__ -   Batch number = 221
01/12/2022 21:14:39 - INFO - __main__ -   Batch number = 222
01/12/2022 21:14:40 - INFO - __main__ -   Batch number = 223
01/12/2022 21:14:40 - INFO - __main__ -   Batch number = 224
01/12/2022 21:14:40 - INFO - __main__ -   Batch number = 225
01/12/2022 21:14:40 - INFO - __main__ -   Batch number = 226
01/12/2022 21:14:41 - INFO - __main__ -   Batch number = 227
01/12/2022 21:14:41 - INFO - __main__ -   Batch number = 228
01/12/2022 21:14:41 - INFO - __main__ -   Batch number = 229
01/12/2022 21:14:41 - INFO - __main__ -   Batch number = 230
01/12/2022 21:14:42 - INFO - __main__ -   Batch number = 231
01/12/2022 21:14:42 - INFO - __main__ -   Batch number = 232
01/12/2022 21:14:42 - INFO - __main__ -   Batch number = 233
01/12/2022 21:14:43 - INFO - __main__ -   Batch number = 234
01/12/2022 21:14:43 - INFO - __main__ -   Batch number = 235
01/12/2022 21:14:43 - INFO - __main__ -   Batch number = 236
01/12/2022 21:14:43 - INFO - __main__ -   Batch number = 237
01/12/2022 21:14:44 - INFO - __main__ -   Batch number = 238
01/12/2022 21:14:44 - INFO - __main__ -   Batch number = 239
01/12/2022 21:14:44 - INFO - __main__ -   Batch number = 240
01/12/2022 21:14:45 - INFO - __main__ -   Batch number = 241
01/12/2022 21:14:45 - INFO - __main__ -   Batch number = 242
01/12/2022 21:14:45 - INFO - __main__ -   Batch number = 243
01/12/2022 21:14:45 - INFO - __main__ -   Batch number = 244
01/12/2022 21:14:46 - INFO - __main__ -   Batch number = 245
01/12/2022 21:14:46 - INFO - __main__ -   Batch number = 246
01/12/2022 21:14:46 - INFO - __main__ -   Batch number = 247
01/12/2022 21:14:47 - INFO - __main__ -   Batch number = 248
01/12/2022 21:14:47 - INFO - __main__ -   Batch number = 249
01/12/2022 21:14:47 - INFO - __main__ -   Batch number = 250
01/12/2022 21:14:48 - INFO - __main__ -   Batch number = 251
01/12/2022 21:14:48 - INFO - __main__ -   Batch number = 252
01/12/2022 21:14:48 - INFO - __main__ -   Batch number = 253
01/12/2022 21:14:48 - INFO - __main__ -   Batch number = 254
01/12/2022 21:14:49 - INFO - __main__ -   Batch number = 255
01/12/2022 21:14:49 - INFO - __main__ -   Batch number = 256
01/12/2022 21:14:49 - INFO - __main__ -   Batch number = 257
01/12/2022 21:14:49 - INFO - __main__ -   Batch number = 258
01/12/2022 21:14:50 - INFO - __main__ -   Batch number = 259
01/12/2022 21:14:50 - INFO - __main__ -   Batch number = 260
01/12/2022 21:14:50 - INFO - __main__ -   Batch number = 261
01/12/2022 21:14:51 - INFO - __main__ -   Batch number = 262
01/12/2022 21:14:51 - INFO - __main__ -   Batch number = 263
01/12/2022 21:14:51 - INFO - __main__ -   Batch number = 264
01/12/2022 21:14:52 - INFO - __main__ -   Batch number = 265
01/12/2022 21:14:52 - INFO - __main__ -   Batch number = 266
01/12/2022 21:14:52 - INFO - __main__ -   Batch number = 267
01/12/2022 21:14:52 - INFO - __main__ -   Batch number = 268
01/12/2022 21:14:53 - INFO - __main__ -   Batch number = 269
01/12/2022 21:14:53 - INFO - __main__ -   Batch number = 270
01/12/2022 21:14:53 - INFO - __main__ -   Batch number = 271
01/12/2022 21:14:53 - INFO - __main__ -   Batch number = 272
01/12/2022 21:14:54 - INFO - __main__ -   Batch number = 273
01/12/2022 21:14:54 - INFO - __main__ -   Batch number = 274
01/12/2022 21:14:54 - INFO - __main__ -   Batch number = 275
01/12/2022 21:14:55 - INFO - __main__ -   Batch number = 276
01/12/2022 21:14:55 - INFO - __main__ -   Batch number = 277
01/12/2022 21:14:55 - INFO - __main__ -   Batch number = 278
01/12/2022 21:14:56 - INFO - __main__ -   Batch number = 279
01/12/2022 21:14:56 - INFO - __main__ -   Batch number = 280
01/12/2022 21:14:56 - INFO - __main__ -   Batch number = 281
01/12/2022 21:14:56 - INFO - __main__ -   Batch number = 282
01/12/2022 21:14:57 - INFO - __main__ -   Batch number = 283
01/12/2022 21:14:57 - INFO - __main__ -   Batch number = 284
01/12/2022 21:14:57 - INFO - __main__ -   Batch number = 285
01/12/2022 21:14:58 - INFO - __main__ -   Batch number = 286
01/12/2022 21:14:58 - INFO - __main__ -   Batch number = 287
01/12/2022 21:14:58 - INFO - __main__ -   Batch number = 288
01/12/2022 21:14:58 - INFO - __main__ -   Batch number = 289
01/12/2022 21:14:59 - INFO - __main__ -   Batch number = 290
01/12/2022 21:14:59 - INFO - __main__ -   Batch number = 291
01/12/2022 21:14:59 - INFO - __main__ -   Batch number = 292
01/12/2022 21:15:00 - INFO - __main__ -   Batch number = 293
01/12/2022 21:15:00 - INFO - __main__ -   Batch number = 294
01/12/2022 21:15:00 - INFO - __main__ -   Batch number = 295
01/12/2022 21:15:00 - INFO - __main__ -   Batch number = 296
01/12/2022 21:15:00 - INFO - __main__ -   Batch number = 297
01/12/2022 21:15:00 - INFO - __main__ -   Batch number = 298
01/12/2022 21:15:01 - INFO - __main__ -   Batch number = 299
01/12/2022 21:15:01 - INFO - __main__ -   Batch number = 300
01/12/2022 21:15:01 - INFO - __main__ -   Batch number = 301
01/12/2022 21:15:01 - INFO - __main__ -   Batch number = 302
01/12/2022 21:15:01 - INFO - __main__ -   Batch number = 303
01/12/2022 21:15:01 - INFO - __main__ -   Batch number = 304
01/12/2022 21:15:02 - INFO - __main__ -   Batch number = 305
01/12/2022 21:15:02 - INFO - __main__ -   Batch number = 306
01/12/2022 21:15:02 - INFO - __main__ -   Batch number = 307
01/12/2022 21:15:02 - INFO - __main__ -   Batch number = 308
01/12/2022 21:15:03 - INFO - __main__ -   Batch number = 309
01/12/2022 21:15:03 - INFO - __main__ -   Batch number = 310
01/12/2022 21:15:03 - INFO - __main__ -   Batch number = 311
01/12/2022 21:15:03 - INFO - __main__ -   Batch number = 312
01/12/2022 21:15:04 - INFO - __main__ -   Batch number = 313
01/12/2022 21:15:06 - INFO - __main__ -   ***** Evaluation result  in ru *****
01/12/2022 21:15:06 - INFO - __main__ -     f1 = 0.566884006810914
01/12/2022 21:15:06 - INFO - __main__ -     loss = 2.3426530058391557
01/12/2022 21:15:06 - INFO - __main__ -     precision = 0.5734330364644598
01/12/2022 21:15:06 - INFO - __main__ -     recall = 0.5604828775560483
01/12/2022 21:15:08 - INFO - root -   Input args: ModelArguments(model_name_or_path='bert-base-multilingual-cased', model_type='bert', config_name=None, tokenizer_name=None, cache_dir=None, labels='/home/abhijeet/rohan/cloud-emea-copy/data//panx/panx_processed_maxlen128//labels.txt', data_dir='/home/abhijeet/rohan/cloud-emea-copy/data//panx/panx_processed_maxlen128/', output_dir='/home/abhijeet/rohan/cloud-emea-copy/outputs//panx/my-bert-base-multilingual-cased-MaxLen128_ner_en/', max_seq_length=128, do_train=False, do_eval=False, do_predict=True, do_adapter_predict=False, do_predict_dev=False, do_predict_train=False, init_checkpoint=None, evaluate_during_training=False, do_lower_case=False, few_shot=-1, per_gpu_train_batch_size=8, per_gpu_eval_batch_size=32, gradient_accumulation_steps=4, learning_rate=5e-05, weight_decay=0.0, adam_epsilon=1e-08, max_grad_norm=1.0, num_train_epochs=100.0, max_steps=-1, save_steps=1000, warmup_steps=0, logging_steps=50, save_only_best_checkpoint=True, eval_all_checkpoints=True, no_cuda=False, overwrite_output_dir=True, overwrite_cache=False, seed=2, fp16=False, fp16_opt_level='O1', local_rank=-1, server_ip='', server_port='', predict_langs='ru', train_langs='en', log_file='/home/abhijeet/rohan/cloud-emea-copy/outputs//panx/my-bert-base-multilingual-cased-MaxLen128_ner_en//train_ru.log', eval_patience=-1, bpe_dropout=0, do_save_adapter_fusions=False, task_name='ner', predict_task_adapter='output/panx/my-bert-base-multilingual-cased-LR1e-4-epoch100-MaxLen128-TrainLangen_en_s2/checkpoint-best/ner/', predict_lang_adapter=None, test_adapter=True, adapter_weight=None, lang_to_vec=None, calc_weight_step=0, predict_save_prefix='', en_weight=None, temperature=1.0, get_attr=False, topk=1, task='udpos')
01/12/2022 21:15:08 - WARNING - __main__ -   Process rank: -1, device: cuda, n_gpu: 1, distributed training: False, 16-bits training: False
01/12/2022 21:15:08 - INFO - __main__ -   Seed = 2
01/12/2022 21:15:08 - INFO - root -   save model
01/12/2022 21:15:08 - INFO - __main__ -   Training/evaluation parameters ModelArguments(model_name_or_path='bert-base-multilingual-cased', model_type='bert', config_name=None, tokenizer_name=None, cache_dir=None, labels='/home/abhijeet/rohan/cloud-emea-copy/data//panx/panx_processed_maxlen128//labels.txt', data_dir='/home/abhijeet/rohan/cloud-emea-copy/data//panx/panx_processed_maxlen128/', output_dir='/home/abhijeet/rohan/cloud-emea-copy/outputs//panx/my-bert-base-multilingual-cased-MaxLen128_ner_en/', max_seq_length=128, do_train=False, do_eval=False, do_predict=True, do_adapter_predict=False, do_predict_dev=False, do_predict_train=False, init_checkpoint=None, evaluate_during_training=False, do_lower_case=False, few_shot=-1, per_gpu_train_batch_size=8, per_gpu_eval_batch_size=32, gradient_accumulation_steps=4, learning_rate=5e-05, weight_decay=0.0, adam_epsilon=1e-08, max_grad_norm=1.0, num_train_epochs=100.0, max_steps=-1, save_steps=1000, warmup_steps=0, logging_steps=50, save_only_best_checkpoint=True, eval_all_checkpoints=True, no_cuda=False, overwrite_output_dir=True, overwrite_cache=False, seed=2, fp16=False, fp16_opt_level='O1', local_rank=-1, server_ip='', server_port='', predict_langs='ru', train_langs='en', log_file='/home/abhijeet/rohan/cloud-emea-copy/outputs//panx/my-bert-base-multilingual-cased-MaxLen128_ner_en//train_ru.log', eval_patience=-1, bpe_dropout=0, do_save_adapter_fusions=False, task_name='ner', predict_task_adapter='output/panx/my-bert-base-multilingual-cased-LR1e-4-epoch100-MaxLen128-TrainLangen_en_s2/checkpoint-best/ner/', predict_lang_adapter=None, test_adapter=True, adapter_weight=None, lang_to_vec=None, calc_weight_step=0, predict_save_prefix='', en_weight=None, temperature=1.0, get_attr=False, topk=1, task='udpos')
01/12/2022 21:15:08 - INFO - __main__ -   Loading pretrained model and tokenizer
01/12/2022 21:15:11 - INFO - __main__ -   loading from existing model bert-base-multilingual-cased
01/12/2022 21:15:18 - INFO - __main__ -   Using lang2id = None
01/12/2022 21:15:18 - INFO - __main__ -   Evaluating the model on test set of all the languages specified
01/12/2022 21:15:18 - INFO - __main__ -   Task Adapter will be loaded from this path output/panx/my-bert-base-multilingual-cased-LR1e-4-epoch100-MaxLen128-TrainLangen_en_s2/checkpoint-best/ner/
01/12/2022 21:15:18 - INFO - root -   Trying to decide if add adapter
01/12/2022 21:15:18 - INFO - root -   loading task adapter
01/12/2022 21:15:18 - INFO - root -   loading lang adpater en/wiki@ukp
01/12/2022 21:15:18 - INFO - __main__ -   Adapter Languages : ['en'], Length : 1
01/12/2022 21:15:18 - INFO - __main__ -   Adapter Names ['en/wiki@ukp'], Length : 1
01/12/2022 21:15:18 - INFO - __main__ -   Language = en
01/12/2022 21:15:18 - INFO - __main__ -   Adapter Name = en/wiki@ukp
01/12/2022 21:15:39 - INFO - __main__ -   Language adapter for ru not found, using en instead
01/12/2022 21:15:39 - INFO - __main__ -   Set active language adapter to en
01/12/2022 21:15:39 - INFO - __main__ -   Args Adapter Weight = None
01/12/2022 21:15:39 - INFO - __main__ -   Adapter Languages = ['en']
01/12/2022 21:15:39 - INFO - __main__ -   Loading features from cached file /home/abhijeet/rohan/cloud-emea-copy/data//panx/panx_processed_maxlen128/cached_test_ru_bert-base-multilingual-cased_128
01/12/2022 21:15:40 - INFO - __main__ -   ***** Running evaluation  in ru *****
01/12/2022 21:15:40 - INFO - __main__ -     Num examples = 10002
01/12/2022 21:15:40 - INFO - __main__ -     Batch size = 32
01/12/2022 21:15:40 - INFO - __main__ -   Batch number = 1
01/12/2022 21:15:40 - INFO - __main__ -   Batch number = 2
01/12/2022 21:15:40 - INFO - __main__ -   Batch number = 3
01/12/2022 21:15:40 - INFO - __main__ -   Batch number = 4
01/12/2022 21:15:41 - INFO - __main__ -   Batch number = 5
01/12/2022 21:15:41 - INFO - __main__ -   Batch number = 6
01/12/2022 21:15:41 - INFO - __main__ -   Batch number = 7
01/12/2022 21:15:41 - INFO - __main__ -   Batch number = 8
01/12/2022 21:15:41 - INFO - __main__ -   Batch number = 9
01/12/2022 21:15:41 - INFO - __main__ -   Batch number = 10
01/12/2022 21:15:41 - INFO - __main__ -   Batch number = 11
01/12/2022 21:15:42 - INFO - __main__ -   Batch number = 12
01/12/2022 21:15:42 - INFO - __main__ -   Batch number = 13
01/12/2022 21:15:42 - INFO - __main__ -   Batch number = 14
01/12/2022 21:15:42 - INFO - __main__ -   Batch number = 15
01/12/2022 21:15:42 - INFO - __main__ -   Batch number = 16
01/12/2022 21:15:42 - INFO - __main__ -   Batch number = 17
01/12/2022 21:15:42 - INFO - __main__ -   Batch number = 18
01/12/2022 21:15:42 - INFO - __main__ -   Batch number = 19
01/12/2022 21:15:43 - INFO - __main__ -   Batch number = 20
01/12/2022 21:15:43 - INFO - __main__ -   Batch number = 21
01/12/2022 21:15:43 - INFO - __main__ -   Batch number = 22
01/12/2022 21:15:43 - INFO - __main__ -   Batch number = 23
01/12/2022 21:15:43 - INFO - __main__ -   Batch number = 24
01/12/2022 21:15:43 - INFO - __main__ -   Batch number = 25
01/12/2022 21:15:43 - INFO - __main__ -   Batch number = 26
01/12/2022 21:15:44 - INFO - __main__ -   Batch number = 27
01/12/2022 21:15:44 - INFO - __main__ -   Batch number = 28
01/12/2022 21:15:44 - INFO - __main__ -   Batch number = 29
01/12/2022 21:15:44 - INFO - __main__ -   Batch number = 30
01/12/2022 21:15:44 - INFO - __main__ -   Batch number = 31
01/12/2022 21:15:44 - INFO - __main__ -   Batch number = 32
01/12/2022 21:15:44 - INFO - __main__ -   Batch number = 33
01/12/2022 21:15:45 - INFO - __main__ -   Batch number = 34
01/12/2022 21:15:45 - INFO - __main__ -   Batch number = 35
01/12/2022 21:15:45 - INFO - __main__ -   Batch number = 36
01/12/2022 21:15:45 - INFO - __main__ -   Batch number = 37
01/12/2022 21:15:45 - INFO - __main__ -   Batch number = 38
01/12/2022 21:15:45 - INFO - __main__ -   Batch number = 39
01/12/2022 21:15:46 - INFO - __main__ -   Batch number = 40
01/12/2022 21:15:46 - INFO - __main__ -   Batch number = 41
01/12/2022 21:15:46 - INFO - __main__ -   Batch number = 42
01/12/2022 21:15:46 - INFO - __main__ -   Batch number = 43
01/12/2022 21:15:46 - INFO - __main__ -   Batch number = 44
01/12/2022 21:15:46 - INFO - __main__ -   Batch number = 45
01/12/2022 21:15:46 - INFO - __main__ -   Batch number = 46
01/12/2022 21:15:47 - INFO - __main__ -   Batch number = 47
01/12/2022 21:15:47 - INFO - __main__ -   Batch number = 48
01/12/2022 21:15:47 - INFO - __main__ -   Batch number = 49
01/12/2022 21:15:47 - INFO - __main__ -   Batch number = 50
01/12/2022 21:15:47 - INFO - __main__ -   Batch number = 51
01/12/2022 21:15:47 - INFO - __main__ -   Batch number = 52
01/12/2022 21:15:48 - INFO - __main__ -   Batch number = 53
01/12/2022 21:15:48 - INFO - __main__ -   Batch number = 54
01/12/2022 21:15:48 - INFO - __main__ -   Batch number = 55
01/12/2022 21:15:48 - INFO - __main__ -   Batch number = 56
01/12/2022 21:15:48 - INFO - __main__ -   Batch number = 57
01/12/2022 21:15:48 - INFO - __main__ -   Batch number = 58
01/12/2022 21:15:48 - INFO - __main__ -   Batch number = 59
01/12/2022 21:15:49 - INFO - __main__ -   Batch number = 60
01/12/2022 21:15:49 - INFO - __main__ -   Batch number = 61
01/12/2022 21:15:49 - INFO - __main__ -   Batch number = 62
01/12/2022 21:15:49 - INFO - __main__ -   Batch number = 63
01/12/2022 21:15:49 - INFO - __main__ -   Batch number = 64
01/12/2022 21:15:49 - INFO - __main__ -   Batch number = 65
01/12/2022 21:15:50 - INFO - __main__ -   Batch number = 66
01/12/2022 21:15:50 - INFO - __main__ -   Batch number = 67
01/12/2022 21:15:50 - INFO - __main__ -   Batch number = 68
01/12/2022 21:15:50 - INFO - __main__ -   Batch number = 69
01/12/2022 21:15:50 - INFO - __main__ -   Batch number = 70
01/12/2022 21:15:50 - INFO - __main__ -   Batch number = 71
01/12/2022 21:15:51 - INFO - __main__ -   Batch number = 72
01/12/2022 21:15:51 - INFO - __main__ -   Batch number = 73
01/12/2022 21:15:51 - INFO - __main__ -   Batch number = 74
01/12/2022 21:15:51 - INFO - __main__ -   Batch number = 75
01/12/2022 21:15:51 - INFO - __main__ -   Batch number = 76
01/12/2022 21:15:51 - INFO - __main__ -   Batch number = 77
01/12/2022 21:15:51 - INFO - __main__ -   Batch number = 78
01/12/2022 21:15:52 - INFO - __main__ -   Batch number = 79
01/12/2022 21:15:52 - INFO - __main__ -   Batch number = 80
01/12/2022 21:15:52 - INFO - __main__ -   Batch number = 81
01/12/2022 21:15:52 - INFO - __main__ -   Batch number = 82
01/12/2022 21:15:52 - INFO - __main__ -   Batch number = 83
01/12/2022 21:15:52 - INFO - __main__ -   Batch number = 84
01/12/2022 21:15:53 - INFO - __main__ -   Batch number = 85
01/12/2022 21:15:53 - INFO - __main__ -   Batch number = 86
01/12/2022 21:15:53 - INFO - __main__ -   Batch number = 87
01/12/2022 21:15:53 - INFO - __main__ -   Batch number = 88
01/12/2022 21:15:53 - INFO - __main__ -   Batch number = 89
01/12/2022 21:15:53 - INFO - __main__ -   Batch number = 90
01/12/2022 21:15:53 - INFO - __main__ -   Batch number = 91
01/12/2022 21:15:54 - INFO - __main__ -   Batch number = 92
01/12/2022 21:15:54 - INFO - __main__ -   Batch number = 93
01/12/2022 21:15:54 - INFO - __main__ -   Batch number = 94
01/12/2022 21:15:55 - INFO - __main__ -   Batch number = 95
01/12/2022 21:15:55 - INFO - __main__ -   Batch number = 96
01/12/2022 21:15:55 - INFO - __main__ -   Batch number = 97
01/12/2022 21:15:56 - INFO - __main__ -   Batch number = 98
01/12/2022 21:15:56 - INFO - __main__ -   Batch number = 99
01/12/2022 21:15:56 - INFO - __main__ -   Batch number = 100
01/12/2022 21:15:57 - INFO - __main__ -   Batch number = 101
01/12/2022 21:15:57 - INFO - __main__ -   Batch number = 102
01/12/2022 21:15:57 - INFO - __main__ -   Batch number = 103
01/12/2022 21:15:58 - INFO - __main__ -   Batch number = 104
01/12/2022 21:15:58 - INFO - __main__ -   Batch number = 105
01/12/2022 21:15:58 - INFO - __main__ -   Batch number = 106
01/12/2022 21:15:59 - INFO - __main__ -   Batch number = 107
01/12/2022 21:15:59 - INFO - __main__ -   Batch number = 108
01/12/2022 21:15:59 - INFO - __main__ -   Batch number = 109
01/12/2022 21:16:00 - INFO - __main__ -   Batch number = 110
01/12/2022 21:16:00 - INFO - __main__ -   Batch number = 111
01/12/2022 21:16:00 - INFO - __main__ -   Batch number = 112
01/12/2022 21:16:01 - INFO - __main__ -   Batch number = 113
01/12/2022 21:16:01 - INFO - __main__ -   Batch number = 114
01/12/2022 21:16:01 - INFO - __main__ -   Batch number = 115
01/12/2022 21:16:02 - INFO - __main__ -   Batch number = 116
01/12/2022 21:16:02 - INFO - __main__ -   Batch number = 117
01/12/2022 21:16:02 - INFO - __main__ -   Batch number = 118
01/12/2022 21:16:03 - INFO - __main__ -   Batch number = 119
01/12/2022 21:16:03 - INFO - __main__ -   Batch number = 120
01/12/2022 21:16:03 - INFO - __main__ -   Batch number = 121
01/12/2022 21:16:03 - INFO - __main__ -   Batch number = 122
01/12/2022 21:16:04 - INFO - __main__ -   Batch number = 123
01/12/2022 21:16:04 - INFO - __main__ -   Batch number = 124
01/12/2022 21:16:04 - INFO - __main__ -   Batch number = 125
01/12/2022 21:16:04 - INFO - __main__ -   Batch number = 126
01/12/2022 21:16:04 - INFO - __main__ -   Batch number = 127
01/12/2022 21:16:04 - INFO - __main__ -   Batch number = 128
01/12/2022 21:16:05 - INFO - __main__ -   Batch number = 129
01/12/2022 21:16:05 - INFO - __main__ -   Batch number = 130
01/12/2022 21:16:05 - INFO - __main__ -   Batch number = 131
01/12/2022 21:16:05 - INFO - __main__ -   Batch number = 132
01/12/2022 21:16:05 - INFO - __main__ -   Batch number = 133
01/12/2022 21:16:05 - INFO - __main__ -   Batch number = 134
01/12/2022 21:16:05 - INFO - __main__ -   Batch number = 135
01/12/2022 21:16:06 - INFO - __main__ -   Batch number = 136
01/12/2022 21:16:06 - INFO - __main__ -   Batch number = 137
01/12/2022 21:16:06 - INFO - __main__ -   Batch number = 138
01/12/2022 21:16:06 - INFO - __main__ -   Batch number = 139
01/12/2022 21:16:06 - INFO - __main__ -   Batch number = 140
01/12/2022 21:16:06 - INFO - __main__ -   Batch number = 141
01/12/2022 21:16:07 - INFO - __main__ -   Batch number = 142
01/12/2022 21:16:07 - INFO - __main__ -   Batch number = 143
01/12/2022 21:16:07 - INFO - __main__ -   Batch number = 144
01/12/2022 21:16:07 - INFO - __main__ -   Batch number = 145
01/12/2022 21:16:07 - INFO - __main__ -   Batch number = 146
01/12/2022 21:16:07 - INFO - __main__ -   Batch number = 147
01/12/2022 21:16:07 - INFO - __main__ -   Batch number = 148
01/12/2022 21:16:08 - INFO - __main__ -   Batch number = 149
01/12/2022 21:16:08 - INFO - __main__ -   Batch number = 150
01/12/2022 21:16:08 - INFO - __main__ -   Batch number = 151
01/12/2022 21:16:08 - INFO - __main__ -   Batch number = 152
01/12/2022 21:16:08 - INFO - __main__ -   Batch number = 153
01/12/2022 21:16:08 - INFO - __main__ -   Batch number = 154
01/12/2022 21:16:09 - INFO - __main__ -   Batch number = 155
01/12/2022 21:16:09 - INFO - __main__ -   Batch number = 156
01/12/2022 21:16:09 - INFO - __main__ -   Batch number = 157
01/12/2022 21:16:09 - INFO - __main__ -   Batch number = 158
01/12/2022 21:16:09 - INFO - __main__ -   Batch number = 159
01/12/2022 21:16:09 - INFO - __main__ -   Batch number = 160
01/12/2022 21:16:09 - INFO - __main__ -   Batch number = 161
01/12/2022 21:16:10 - INFO - __main__ -   Batch number = 162
01/12/2022 21:16:10 - INFO - __main__ -   Batch number = 163
01/12/2022 21:16:10 - INFO - __main__ -   Batch number = 164
01/12/2022 21:16:10 - INFO - __main__ -   Batch number = 165
01/12/2022 21:16:10 - INFO - __main__ -   Batch number = 166
01/12/2022 21:16:10 - INFO - __main__ -   Batch number = 167
01/12/2022 21:16:10 - INFO - __main__ -   Batch number = 168
01/12/2022 21:16:11 - INFO - __main__ -   Batch number = 169
01/12/2022 21:16:11 - INFO - __main__ -   Batch number = 170
01/12/2022 21:16:11 - INFO - __main__ -   Batch number = 171
01/12/2022 21:16:11 - INFO - __main__ -   Batch number = 172
01/12/2022 21:16:11 - INFO - __main__ -   Batch number = 173
01/12/2022 21:16:11 - INFO - __main__ -   Batch number = 174
01/12/2022 21:16:12 - INFO - __main__ -   Batch number = 175
01/12/2022 21:16:12 - INFO - __main__ -   Batch number = 176
01/12/2022 21:16:12 - INFO - __main__ -   Batch number = 177
01/12/2022 21:16:12 - INFO - __main__ -   Batch number = 178
01/12/2022 21:16:12 - INFO - __main__ -   Batch number = 179
01/12/2022 21:16:12 - INFO - __main__ -   Batch number = 180
01/12/2022 21:16:12 - INFO - __main__ -   Batch number = 181
01/12/2022 21:16:13 - INFO - __main__ -   Batch number = 182
01/12/2022 21:16:13 - INFO - __main__ -   Batch number = 183
01/12/2022 21:16:13 - INFO - __main__ -   Batch number = 184
01/12/2022 21:16:13 - INFO - __main__ -   Batch number = 185
01/12/2022 21:16:13 - INFO - __main__ -   Batch number = 186
01/12/2022 21:16:13 - INFO - __main__ -   Batch number = 187
01/12/2022 21:16:13 - INFO - __main__ -   Batch number = 188
01/12/2022 21:16:14 - INFO - __main__ -   Batch number = 189
01/12/2022 21:16:14 - INFO - __main__ -   Batch number = 190
01/12/2022 21:16:14 - INFO - __main__ -   Batch number = 191
01/12/2022 21:16:14 - INFO - __main__ -   Batch number = 192
01/12/2022 21:16:14 - INFO - __main__ -   Batch number = 193
01/12/2022 21:16:14 - INFO - __main__ -   Batch number = 194
01/12/2022 21:16:14 - INFO - __main__ -   Batch number = 195
01/12/2022 21:16:15 - INFO - __main__ -   Batch number = 196
01/12/2022 21:16:15 - INFO - __main__ -   Batch number = 197
01/12/2022 21:16:15 - INFO - __main__ -   Batch number = 198
01/12/2022 21:16:15 - INFO - __main__ -   Batch number = 199
01/12/2022 21:16:15 - INFO - __main__ -   Batch number = 200
01/12/2022 21:16:15 - INFO - __main__ -   Batch number = 201
01/12/2022 21:16:15 - INFO - __main__ -   Batch number = 202
01/12/2022 21:16:16 - INFO - __main__ -   Batch number = 203
01/12/2022 21:16:16 - INFO - __main__ -   Batch number = 204
01/12/2022 21:16:16 - INFO - __main__ -   Batch number = 205
01/12/2022 21:16:16 - INFO - __main__ -   Batch number = 206
01/12/2022 21:16:16 - INFO - __main__ -   Batch number = 207
01/12/2022 21:16:16 - INFO - __main__ -   Batch number = 208
01/12/2022 21:16:17 - INFO - __main__ -   Batch number = 209
01/12/2022 21:16:17 - INFO - __main__ -   Batch number = 210
01/12/2022 21:16:17 - INFO - __main__ -   Batch number = 211
01/12/2022 21:16:17 - INFO - __main__ -   Batch number = 212
01/12/2022 21:16:17 - INFO - __main__ -   Batch number = 213
01/12/2022 21:16:17 - INFO - __main__ -   Batch number = 214
01/12/2022 21:16:17 - INFO - __main__ -   Batch number = 215
01/12/2022 21:16:18 - INFO - __main__ -   Batch number = 216
01/12/2022 21:16:18 - INFO - __main__ -   Batch number = 217
01/12/2022 21:16:18 - INFO - __main__ -   Batch number = 218
01/12/2022 21:16:18 - INFO - __main__ -   Batch number = 219
01/12/2022 21:16:18 - INFO - __main__ -   Batch number = 220
01/12/2022 21:16:18 - INFO - __main__ -   Batch number = 221
01/12/2022 21:16:19 - INFO - __main__ -   Batch number = 222
01/12/2022 21:16:19 - INFO - __main__ -   Batch number = 223
01/12/2022 21:16:19 - INFO - __main__ -   Batch number = 224
01/12/2022 21:16:19 - INFO - __main__ -   Batch number = 225
01/12/2022 21:16:19 - INFO - __main__ -   Batch number = 226
01/12/2022 21:16:19 - INFO - __main__ -   Batch number = 227
01/12/2022 21:16:20 - INFO - __main__ -   Batch number = 228
01/12/2022 21:16:20 - INFO - __main__ -   Batch number = 229
01/12/2022 21:16:20 - INFO - __main__ -   Batch number = 230
01/12/2022 21:16:20 - INFO - __main__ -   Batch number = 231
01/12/2022 21:16:20 - INFO - __main__ -   Batch number = 232
01/12/2022 21:16:20 - INFO - __main__ -   Batch number = 233
01/12/2022 21:16:20 - INFO - __main__ -   Batch number = 234
01/12/2022 21:16:21 - INFO - __main__ -   Batch number = 235
01/12/2022 21:16:21 - INFO - __main__ -   Batch number = 236
01/12/2022 21:16:21 - INFO - __main__ -   Batch number = 237
01/12/2022 21:16:21 - INFO - __main__ -   Batch number = 238
01/12/2022 21:16:21 - INFO - __main__ -   Batch number = 239
01/12/2022 21:16:21 - INFO - __main__ -   Batch number = 240
01/12/2022 21:16:22 - INFO - __main__ -   Batch number = 241
01/12/2022 21:16:22 - INFO - __main__ -   Batch number = 242
01/12/2022 21:16:22 - INFO - __main__ -   Batch number = 243
01/12/2022 21:16:22 - INFO - __main__ -   Batch number = 244
01/12/2022 21:16:22 - INFO - __main__ -   Batch number = 245
01/12/2022 21:16:22 - INFO - __main__ -   Batch number = 246
01/12/2022 21:16:22 - INFO - __main__ -   Batch number = 247
01/12/2022 21:16:23 - INFO - __main__ -   Batch number = 248
01/12/2022 21:16:23 - INFO - __main__ -   Batch number = 249
01/12/2022 21:16:23 - INFO - __main__ -   Batch number = 250
01/12/2022 21:16:23 - INFO - __main__ -   Batch number = 251
01/12/2022 21:16:23 - INFO - __main__ -   Batch number = 252
01/12/2022 21:16:23 - INFO - __main__ -   Batch number = 253
01/12/2022 21:16:24 - INFO - __main__ -   Batch number = 254
01/12/2022 21:16:24 - INFO - __main__ -   Batch number = 255
01/12/2022 21:16:24 - INFO - __main__ -   Batch number = 256
01/12/2022 21:16:24 - INFO - __main__ -   Batch number = 257
01/12/2022 21:16:24 - INFO - __main__ -   Batch number = 258
01/12/2022 21:16:24 - INFO - __main__ -   Batch number = 259
01/12/2022 21:16:25 - INFO - __main__ -   Batch number = 260
01/12/2022 21:16:25 - INFO - __main__ -   Batch number = 261
01/12/2022 21:16:25 - INFO - __main__ -   Batch number = 262
01/12/2022 21:16:25 - INFO - __main__ -   Batch number = 263
01/12/2022 21:16:25 - INFO - __main__ -   Batch number = 264
01/12/2022 21:16:25 - INFO - __main__ -   Batch number = 265
01/12/2022 21:16:25 - INFO - __main__ -   Batch number = 266
01/12/2022 21:16:26 - INFO - __main__ -   Batch number = 267
01/12/2022 21:16:26 - INFO - __main__ -   Batch number = 268
01/12/2022 21:16:26 - INFO - __main__ -   Batch number = 269
01/12/2022 21:16:26 - INFO - __main__ -   Batch number = 270
01/12/2022 21:16:26 - INFO - __main__ -   Batch number = 271
01/12/2022 21:16:26 - INFO - __main__ -   Batch number = 272
01/12/2022 21:16:27 - INFO - __main__ -   Batch number = 273
01/12/2022 21:16:27 - INFO - __main__ -   Batch number = 274
01/12/2022 21:16:27 - INFO - __main__ -   Batch number = 275
01/12/2022 21:16:27 - INFO - __main__ -   Batch number = 276
01/12/2022 21:16:27 - INFO - __main__ -   Batch number = 277
01/12/2022 21:16:27 - INFO - __main__ -   Batch number = 278
01/12/2022 21:16:28 - INFO - __main__ -   Batch number = 279
01/12/2022 21:16:28 - INFO - __main__ -   Batch number = 280
01/12/2022 21:16:28 - INFO - __main__ -   Batch number = 281
01/12/2022 21:16:28 - INFO - __main__ -   Batch number = 282
01/12/2022 21:16:28 - INFO - __main__ -   Batch number = 283
01/12/2022 21:16:28 - INFO - __main__ -   Batch number = 284
01/12/2022 21:16:29 - INFO - __main__ -   Batch number = 285
01/12/2022 21:16:29 - INFO - __main__ -   Batch number = 286
01/12/2022 21:16:29 - INFO - __main__ -   Batch number = 287
01/12/2022 21:16:29 - INFO - __main__ -   Batch number = 288
01/12/2022 21:16:29 - INFO - __main__ -   Batch number = 289
01/12/2022 21:16:29 - INFO - __main__ -   Batch number = 290
01/12/2022 21:16:29 - INFO - __main__ -   Batch number = 291
01/12/2022 21:16:30 - INFO - __main__ -   Batch number = 292
01/12/2022 21:16:30 - INFO - __main__ -   Batch number = 293
01/12/2022 21:16:30 - INFO - __main__ -   Batch number = 294
01/12/2022 21:16:30 - INFO - __main__ -   Batch number = 295
01/12/2022 21:16:30 - INFO - __main__ -   Batch number = 296
01/12/2022 21:16:30 - INFO - __main__ -   Batch number = 297
01/12/2022 21:16:31 - INFO - __main__ -   Batch number = 298
01/12/2022 21:16:31 - INFO - __main__ -   Batch number = 299
01/12/2022 21:16:31 - INFO - __main__ -   Batch number = 300
01/12/2022 21:16:31 - INFO - __main__ -   Batch number = 301
01/12/2022 21:16:31 - INFO - __main__ -   Batch number = 302
01/12/2022 21:16:31 - INFO - __main__ -   Batch number = 303
01/12/2022 21:16:32 - INFO - __main__ -   Batch number = 304
01/12/2022 21:16:32 - INFO - __main__ -   Batch number = 305
01/12/2022 21:16:32 - INFO - __main__ -   Batch number = 306
01/12/2022 21:16:32 - INFO - __main__ -   Batch number = 307
01/12/2022 21:16:33 - INFO - __main__ -   Batch number = 308
01/12/2022 21:16:33 - INFO - __main__ -   Batch number = 309
01/12/2022 21:16:33 - INFO - __main__ -   Batch number = 310
01/12/2022 21:16:33 - INFO - __main__ -   Batch number = 311
01/12/2022 21:16:33 - INFO - __main__ -   Batch number = 312
01/12/2022 21:16:34 - INFO - __main__ -   Batch number = 313
01/12/2022 21:16:35 - INFO - __main__ -   ***** Evaluation result  in ru *****
01/12/2022 21:16:35 - INFO - __main__ -     f1 = 0.5736537780749715
01/12/2022 21:16:35 - INFO - __main__ -     loss = 2.2526163934899595
01/12/2022 21:16:35 - INFO - __main__ -     precision = 0.5505058130756455
01/12/2022 21:16:35 - INFO - __main__ -     recall = 0.5988338671265501
01/12/2022 21:16:38 - INFO - root -   Input args: ModelArguments(model_name_or_path='bert-base-multilingual-cased', model_type='bert', config_name=None, tokenizer_name=None, cache_dir=None, labels='/home/abhijeet/rohan/cloud-emea-copy/data//panx/panx_processed_maxlen128//labels.txt', data_dir='/home/abhijeet/rohan/cloud-emea-copy/data//panx/panx_processed_maxlen128/', output_dir='/home/abhijeet/rohan/cloud-emea-copy/outputs//panx/my-bert-base-multilingual-cased-MaxLen128_ner_en/', max_seq_length=128, do_train=False, do_eval=False, do_predict=True, do_adapter_predict=False, do_predict_dev=False, do_predict_train=False, init_checkpoint=None, evaluate_during_training=False, do_lower_case=False, few_shot=-1, per_gpu_train_batch_size=8, per_gpu_eval_batch_size=32, gradient_accumulation_steps=4, learning_rate=5e-05, weight_decay=0.0, adam_epsilon=1e-08, max_grad_norm=1.0, num_train_epochs=100.0, max_steps=-1, save_steps=1000, warmup_steps=0, logging_steps=50, save_only_best_checkpoint=True, eval_all_checkpoints=True, no_cuda=False, overwrite_output_dir=True, overwrite_cache=False, seed=3, fp16=False, fp16_opt_level='O1', local_rank=-1, server_ip='', server_port='', predict_langs='ru', train_langs='en', log_file='/home/abhijeet/rohan/cloud-emea-copy/outputs//panx/my-bert-base-multilingual-cased-MaxLen128_ner_en//train_ru.log', eval_patience=-1, bpe_dropout=0, do_save_adapter_fusions=False, task_name='ner', predict_task_adapter='output/panx/my-bert-base-multilingual-cased-LR1e-4-epoch100-MaxLen128-TrainLangen_en_s3/checkpoint-best/ner/', predict_lang_adapter=None, test_adapter=True, adapter_weight=None, lang_to_vec=None, calc_weight_step=0, predict_save_prefix='', en_weight=None, temperature=1.0, get_attr=False, topk=1, task='udpos')
01/12/2022 21:16:38 - WARNING - __main__ -   Process rank: -1, device: cuda, n_gpu: 1, distributed training: False, 16-bits training: False
01/12/2022 21:16:38 - INFO - __main__ -   Seed = 3
01/12/2022 21:16:38 - INFO - root -   save model
01/12/2022 21:16:38 - INFO - __main__ -   Training/evaluation parameters ModelArguments(model_name_or_path='bert-base-multilingual-cased', model_type='bert', config_name=None, tokenizer_name=None, cache_dir=None, labels='/home/abhijeet/rohan/cloud-emea-copy/data//panx/panx_processed_maxlen128//labels.txt', data_dir='/home/abhijeet/rohan/cloud-emea-copy/data//panx/panx_processed_maxlen128/', output_dir='/home/abhijeet/rohan/cloud-emea-copy/outputs//panx/my-bert-base-multilingual-cased-MaxLen128_ner_en/', max_seq_length=128, do_train=False, do_eval=False, do_predict=True, do_adapter_predict=False, do_predict_dev=False, do_predict_train=False, init_checkpoint=None, evaluate_during_training=False, do_lower_case=False, few_shot=-1, per_gpu_train_batch_size=8, per_gpu_eval_batch_size=32, gradient_accumulation_steps=4, learning_rate=5e-05, weight_decay=0.0, adam_epsilon=1e-08, max_grad_norm=1.0, num_train_epochs=100.0, max_steps=-1, save_steps=1000, warmup_steps=0, logging_steps=50, save_only_best_checkpoint=True, eval_all_checkpoints=True, no_cuda=False, overwrite_output_dir=True, overwrite_cache=False, seed=3, fp16=False, fp16_opt_level='O1', local_rank=-1, server_ip='', server_port='', predict_langs='ru', train_langs='en', log_file='/home/abhijeet/rohan/cloud-emea-copy/outputs//panx/my-bert-base-multilingual-cased-MaxLen128_ner_en//train_ru.log', eval_patience=-1, bpe_dropout=0, do_save_adapter_fusions=False, task_name='ner', predict_task_adapter='output/panx/my-bert-base-multilingual-cased-LR1e-4-epoch100-MaxLen128-TrainLangen_en_s3/checkpoint-best/ner/', predict_lang_adapter=None, test_adapter=True, adapter_weight=None, lang_to_vec=None, calc_weight_step=0, predict_save_prefix='', en_weight=None, temperature=1.0, get_attr=False, topk=1, task='udpos')
01/12/2022 21:16:38 - INFO - __main__ -   Loading pretrained model and tokenizer
01/12/2022 21:16:41 - INFO - __main__ -   loading from existing model bert-base-multilingual-cased
01/12/2022 21:16:47 - INFO - __main__ -   Using lang2id = None
01/12/2022 21:16:47 - INFO - __main__ -   Evaluating the model on test set of all the languages specified
01/12/2022 21:16:47 - INFO - __main__ -   Task Adapter will be loaded from this path output/panx/my-bert-base-multilingual-cased-LR1e-4-epoch100-MaxLen128-TrainLangen_en_s3/checkpoint-best/ner/
01/12/2022 21:16:47 - INFO - root -   Trying to decide if add adapter
01/12/2022 21:16:47 - INFO - root -   loading task adapter
01/12/2022 21:16:47 - INFO - root -   loading lang adpater en/wiki@ukp
01/12/2022 21:16:47 - INFO - __main__ -   Adapter Languages : ['en'], Length : 1
01/12/2022 21:16:47 - INFO - __main__ -   Adapter Names ['en/wiki@ukp'], Length : 1
01/12/2022 21:16:47 - INFO - __main__ -   Language = en
01/12/2022 21:16:47 - INFO - __main__ -   Adapter Name = en/wiki@ukp
01/12/2022 21:17:07 - INFO - __main__ -   Language adapter for ru not found, using en instead
01/12/2022 21:17:07 - INFO - __main__ -   Set active language adapter to en
01/12/2022 21:17:07 - INFO - __main__ -   Args Adapter Weight = None
01/12/2022 21:17:07 - INFO - __main__ -   Adapter Languages = ['en']
01/12/2022 21:17:07 - INFO - __main__ -   Loading features from cached file /home/abhijeet/rohan/cloud-emea-copy/data//panx/panx_processed_maxlen128/cached_test_ru_bert-base-multilingual-cased_128
01/12/2022 21:17:08 - INFO - __main__ -   ***** Running evaluation  in ru *****
01/12/2022 21:17:08 - INFO - __main__ -     Num examples = 10002
01/12/2022 21:17:08 - INFO - __main__ -     Batch size = 32
01/12/2022 21:17:08 - INFO - __main__ -   Batch number = 1
01/12/2022 21:17:08 - INFO - __main__ -   Batch number = 2
01/12/2022 21:17:08 - INFO - __main__ -   Batch number = 3
01/12/2022 21:17:08 - INFO - __main__ -   Batch number = 4
01/12/2022 21:17:08 - INFO - __main__ -   Batch number = 5
01/12/2022 21:17:09 - INFO - __main__ -   Batch number = 6
01/12/2022 21:17:09 - INFO - __main__ -   Batch number = 7
01/12/2022 21:17:09 - INFO - __main__ -   Batch number = 8
01/12/2022 21:17:09 - INFO - __main__ -   Batch number = 9
01/12/2022 21:17:09 - INFO - __main__ -   Batch number = 10
01/12/2022 21:17:09 - INFO - __main__ -   Batch number = 11
01/12/2022 21:17:09 - INFO - __main__ -   Batch number = 12
01/12/2022 21:17:09 - INFO - __main__ -   Batch number = 13
01/12/2022 21:17:10 - INFO - __main__ -   Batch number = 14
01/12/2022 21:17:10 - INFO - __main__ -   Batch number = 15
01/12/2022 21:17:10 - INFO - __main__ -   Batch number = 16
01/12/2022 21:17:10 - INFO - __main__ -   Batch number = 17
01/12/2022 21:17:10 - INFO - __main__ -   Batch number = 18
01/12/2022 21:17:11 - INFO - __main__ -   Batch number = 19
01/12/2022 21:17:11 - INFO - __main__ -   Batch number = 20
01/12/2022 21:17:11 - INFO - __main__ -   Batch number = 21
01/12/2022 21:17:11 - INFO - __main__ -   Batch number = 22
01/12/2022 21:17:11 - INFO - __main__ -   Batch number = 23
01/12/2022 21:17:11 - INFO - __main__ -   Batch number = 24
01/12/2022 21:17:11 - INFO - __main__ -   Batch number = 25
01/12/2022 21:17:12 - INFO - __main__ -   Batch number = 26
01/12/2022 21:17:12 - INFO - __main__ -   Batch number = 27
01/12/2022 21:17:12 - INFO - __main__ -   Batch number = 28
01/12/2022 21:17:12 - INFO - __main__ -   Batch number = 29
01/12/2022 21:17:12 - INFO - __main__ -   Batch number = 30
01/12/2022 21:17:12 - INFO - __main__ -   Batch number = 31
01/12/2022 21:17:12 - INFO - __main__ -   Batch number = 32
01/12/2022 21:17:13 - INFO - __main__ -   Batch number = 33
01/12/2022 21:17:13 - INFO - __main__ -   Batch number = 34
01/12/2022 21:17:13 - INFO - __main__ -   Batch number = 35
01/12/2022 21:17:13 - INFO - __main__ -   Batch number = 36
01/12/2022 21:17:13 - INFO - __main__ -   Batch number = 37
01/12/2022 21:17:13 - INFO - __main__ -   Batch number = 38
01/12/2022 21:17:13 - INFO - __main__ -   Batch number = 39
01/12/2022 21:17:14 - INFO - __main__ -   Batch number = 40
01/12/2022 21:17:14 - INFO - __main__ -   Batch number = 41
01/12/2022 21:17:14 - INFO - __main__ -   Batch number = 42
01/12/2022 21:17:14 - INFO - __main__ -   Batch number = 43
01/12/2022 21:17:14 - INFO - __main__ -   Batch number = 44
01/12/2022 21:17:14 - INFO - __main__ -   Batch number = 45
01/12/2022 21:17:14 - INFO - __main__ -   Batch number = 46
01/12/2022 21:17:15 - INFO - __main__ -   Batch number = 47
01/12/2022 21:17:15 - INFO - __main__ -   Batch number = 48
01/12/2022 21:17:15 - INFO - __main__ -   Batch number = 49
01/12/2022 21:17:15 - INFO - __main__ -   Batch number = 50
01/12/2022 21:17:15 - INFO - __main__ -   Batch number = 51
01/12/2022 21:17:15 - INFO - __main__ -   Batch number = 52
01/12/2022 21:17:15 - INFO - __main__ -   Batch number = 53
01/12/2022 21:17:16 - INFO - __main__ -   Batch number = 54
01/12/2022 21:17:16 - INFO - __main__ -   Batch number = 55
01/12/2022 21:17:16 - INFO - __main__ -   Batch number = 56
01/12/2022 21:17:16 - INFO - __main__ -   Batch number = 57
01/12/2022 21:17:16 - INFO - __main__ -   Batch number = 58
01/12/2022 21:17:16 - INFO - __main__ -   Batch number = 59
01/12/2022 21:17:16 - INFO - __main__ -   Batch number = 60
01/12/2022 21:17:17 - INFO - __main__ -   Batch number = 61
01/12/2022 21:17:17 - INFO - __main__ -   Batch number = 62
01/12/2022 21:17:17 - INFO - __main__ -   Batch number = 63
01/12/2022 21:17:17 - INFO - __main__ -   Batch number = 64
01/12/2022 21:17:17 - INFO - __main__ -   Batch number = 65
01/12/2022 21:17:17 - INFO - __main__ -   Batch number = 66
01/12/2022 21:17:17 - INFO - __main__ -   Batch number = 67
01/12/2022 21:17:18 - INFO - __main__ -   Batch number = 68
01/12/2022 21:17:18 - INFO - __main__ -   Batch number = 69
01/12/2022 21:17:18 - INFO - __main__ -   Batch number = 70
01/12/2022 21:17:18 - INFO - __main__ -   Batch number = 71
01/12/2022 21:17:19 - INFO - __main__ -   Batch number = 72
01/12/2022 21:17:19 - INFO - __main__ -   Batch number = 73
01/12/2022 21:17:19 - INFO - __main__ -   Batch number = 74
01/12/2022 21:17:19 - INFO - __main__ -   Batch number = 75
01/12/2022 21:17:20 - INFO - __main__ -   Batch number = 76
01/12/2022 21:17:20 - INFO - __main__ -   Batch number = 77
01/12/2022 21:17:20 - INFO - __main__ -   Batch number = 78
01/12/2022 21:17:21 - INFO - __main__ -   Batch number = 79
01/12/2022 21:17:21 - INFO - __main__ -   Batch number = 80
01/12/2022 21:17:21 - INFO - __main__ -   Batch number = 81
01/12/2022 21:17:22 - INFO - __main__ -   Batch number = 82
01/12/2022 21:17:22 - INFO - __main__ -   Batch number = 83
01/12/2022 21:17:22 - INFO - __main__ -   Batch number = 84
01/12/2022 21:17:23 - INFO - __main__ -   Batch number = 85
01/12/2022 21:17:23 - INFO - __main__ -   Batch number = 86
01/12/2022 21:17:23 - INFO - __main__ -   Batch number = 87
01/12/2022 21:17:24 - INFO - __main__ -   Batch number = 88
01/12/2022 21:17:24 - INFO - __main__ -   Batch number = 89
01/12/2022 21:17:24 - INFO - __main__ -   Batch number = 90
01/12/2022 21:17:25 - INFO - __main__ -   Batch number = 91
01/12/2022 21:17:25 - INFO - __main__ -   Batch number = 92
01/12/2022 21:17:25 - INFO - __main__ -   Batch number = 93
01/12/2022 21:17:26 - INFO - __main__ -   Batch number = 94
01/12/2022 21:17:26 - INFO - __main__ -   Batch number = 95
01/12/2022 21:17:26 - INFO - __main__ -   Batch number = 96
01/12/2022 21:17:27 - INFO - __main__ -   Batch number = 97
01/12/2022 21:17:27 - INFO - __main__ -   Batch number = 98
01/12/2022 21:17:27 - INFO - __main__ -   Batch number = 99
01/12/2022 21:17:28 - INFO - __main__ -   Batch number = 100
01/12/2022 21:17:28 - INFO - __main__ -   Batch number = 101
01/12/2022 21:17:28 - INFO - __main__ -   Batch number = 102
01/12/2022 21:17:28 - INFO - __main__ -   Batch number = 103
01/12/2022 21:17:28 - INFO - __main__ -   Batch number = 104
01/12/2022 21:17:28 - INFO - __main__ -   Batch number = 105
01/12/2022 21:17:29 - INFO - __main__ -   Batch number = 106
01/12/2022 21:17:29 - INFO - __main__ -   Batch number = 107
01/12/2022 21:17:29 - INFO - __main__ -   Batch number = 108
01/12/2022 21:17:29 - INFO - __main__ -   Batch number = 109
01/12/2022 21:17:29 - INFO - __main__ -   Batch number = 110
01/12/2022 21:17:29 - INFO - __main__ -   Batch number = 111
01/12/2022 21:17:30 - INFO - __main__ -   Batch number = 112
01/12/2022 21:17:30 - INFO - __main__ -   Batch number = 113
01/12/2022 21:17:30 - INFO - __main__ -   Batch number = 114
01/12/2022 21:17:30 - INFO - __main__ -   Batch number = 115
01/12/2022 21:17:30 - INFO - __main__ -   Batch number = 116
01/12/2022 21:17:30 - INFO - __main__ -   Batch number = 117
01/12/2022 21:17:30 - INFO - __main__ -   Batch number = 118
01/12/2022 21:17:31 - INFO - __main__ -   Batch number = 119
01/12/2022 21:17:31 - INFO - __main__ -   Batch number = 120
01/12/2022 21:17:31 - INFO - __main__ -   Batch number = 121
01/12/2022 21:17:31 - INFO - __main__ -   Batch number = 122
01/12/2022 21:17:31 - INFO - __main__ -   Batch number = 123
01/12/2022 21:17:31 - INFO - __main__ -   Batch number = 124
01/12/2022 21:17:32 - INFO - __main__ -   Batch number = 125
01/12/2022 21:17:32 - INFO - __main__ -   Batch number = 126
01/12/2022 21:17:32 - INFO - __main__ -   Batch number = 127
01/12/2022 21:17:32 - INFO - __main__ -   Batch number = 128
01/12/2022 21:17:32 - INFO - __main__ -   Batch number = 129
01/12/2022 21:17:32 - INFO - __main__ -   Batch number = 130
01/12/2022 21:17:32 - INFO - __main__ -   Batch number = 131
01/12/2022 21:17:33 - INFO - __main__ -   Batch number = 132
01/12/2022 21:17:33 - INFO - __main__ -   Batch number = 133
01/12/2022 21:17:33 - INFO - __main__ -   Batch number = 134
01/12/2022 21:17:33 - INFO - __main__ -   Batch number = 135
01/12/2022 21:17:33 - INFO - __main__ -   Batch number = 136
01/12/2022 21:17:33 - INFO - __main__ -   Batch number = 137
01/12/2022 21:17:33 - INFO - __main__ -   Batch number = 138
01/12/2022 21:17:34 - INFO - __main__ -   Batch number = 139
01/12/2022 21:17:34 - INFO - __main__ -   Batch number = 140
01/12/2022 21:17:34 - INFO - __main__ -   Batch number = 141
01/12/2022 21:17:34 - INFO - __main__ -   Batch number = 142
01/12/2022 21:17:34 - INFO - __main__ -   Batch number = 143
01/12/2022 21:17:34 - INFO - __main__ -   Batch number = 144
01/12/2022 21:17:35 - INFO - __main__ -   Batch number = 145
01/12/2022 21:17:35 - INFO - __main__ -   Batch number = 146
01/12/2022 21:17:35 - INFO - __main__ -   Batch number = 147
01/12/2022 21:17:35 - INFO - __main__ -   Batch number = 148
01/12/2022 21:17:35 - INFO - __main__ -   Batch number = 149
01/12/2022 21:17:35 - INFO - __main__ -   Batch number = 150
01/12/2022 21:17:35 - INFO - __main__ -   Batch number = 151
01/12/2022 21:17:36 - INFO - __main__ -   Batch number = 152
01/12/2022 21:17:36 - INFO - __main__ -   Batch number = 153
01/12/2022 21:17:36 - INFO - __main__ -   Batch number = 154
01/12/2022 21:17:36 - INFO - __main__ -   Batch number = 155
01/12/2022 21:17:36 - INFO - __main__ -   Batch number = 156
01/12/2022 21:17:36 - INFO - __main__ -   Batch number = 157
01/12/2022 21:17:37 - INFO - __main__ -   Batch number = 158
01/12/2022 21:17:37 - INFO - __main__ -   Batch number = 159
01/12/2022 21:17:37 - INFO - __main__ -   Batch number = 160
01/12/2022 21:17:37 - INFO - __main__ -   Batch number = 161
01/12/2022 21:17:37 - INFO - __main__ -   Batch number = 162
01/12/2022 21:17:37 - INFO - __main__ -   Batch number = 163
01/12/2022 21:17:37 - INFO - __main__ -   Batch number = 164
01/12/2022 21:17:38 - INFO - __main__ -   Batch number = 165
01/12/2022 21:17:38 - INFO - __main__ -   Batch number = 166
01/12/2022 21:17:38 - INFO - __main__ -   Batch number = 167
01/12/2022 21:17:38 - INFO - __main__ -   Batch number = 168
01/12/2022 21:17:38 - INFO - __main__ -   Batch number = 169
01/12/2022 21:17:38 - INFO - __main__ -   Batch number = 170
01/12/2022 21:17:39 - INFO - __main__ -   Batch number = 171
01/12/2022 21:17:39 - INFO - __main__ -   Batch number = 172
01/12/2022 21:17:39 - INFO - __main__ -   Batch number = 173
01/12/2022 21:17:39 - INFO - __main__ -   Batch number = 174
01/12/2022 21:17:39 - INFO - __main__ -   Batch number = 175
01/12/2022 21:17:39 - INFO - __main__ -   Batch number = 176
01/12/2022 21:17:39 - INFO - __main__ -   Batch number = 177
01/12/2022 21:17:40 - INFO - __main__ -   Batch number = 178
01/12/2022 21:17:40 - INFO - __main__ -   Batch number = 179
01/12/2022 21:17:40 - INFO - __main__ -   Batch number = 180
01/12/2022 21:17:40 - INFO - __main__ -   Batch number = 181
01/12/2022 21:17:40 - INFO - __main__ -   Batch number = 182
01/12/2022 21:17:40 - INFO - __main__ -   Batch number = 183
01/12/2022 21:17:41 - INFO - __main__ -   Batch number = 184
01/12/2022 21:17:41 - INFO - __main__ -   Batch number = 185
01/12/2022 21:17:41 - INFO - __main__ -   Batch number = 186
01/12/2022 21:17:41 - INFO - __main__ -   Batch number = 187
01/12/2022 21:17:41 - INFO - __main__ -   Batch number = 188
01/12/2022 21:17:41 - INFO - __main__ -   Batch number = 189
01/12/2022 21:17:41 - INFO - __main__ -   Batch number = 190
01/12/2022 21:17:42 - INFO - __main__ -   Batch number = 191
01/12/2022 21:17:42 - INFO - __main__ -   Batch number = 192
01/12/2022 21:17:42 - INFO - __main__ -   Batch number = 193
01/12/2022 21:17:42 - INFO - __main__ -   Batch number = 194
01/12/2022 21:17:42 - INFO - __main__ -   Batch number = 195
01/12/2022 21:17:42 - INFO - __main__ -   Batch number = 196
01/12/2022 21:17:43 - INFO - __main__ -   Batch number = 197
01/12/2022 21:17:43 - INFO - __main__ -   Batch number = 198
01/12/2022 21:17:43 - INFO - __main__ -   Batch number = 199
01/12/2022 21:17:43 - INFO - __main__ -   Batch number = 200
01/12/2022 21:17:43 - INFO - __main__ -   Batch number = 201
01/12/2022 21:17:43 - INFO - __main__ -   Batch number = 202
01/12/2022 21:17:43 - INFO - __main__ -   Batch number = 203
01/12/2022 21:17:44 - INFO - __main__ -   Batch number = 204
01/12/2022 21:17:44 - INFO - __main__ -   Batch number = 205
01/12/2022 21:17:44 - INFO - __main__ -   Batch number = 206
01/12/2022 21:17:44 - INFO - __main__ -   Batch number = 207
01/12/2022 21:17:44 - INFO - __main__ -   Batch number = 208
01/12/2022 21:17:44 - INFO - __main__ -   Batch number = 209
01/12/2022 21:17:45 - INFO - __main__ -   Batch number = 210
01/12/2022 21:17:45 - INFO - __main__ -   Batch number = 211
01/12/2022 21:17:45 - INFO - __main__ -   Batch number = 212
01/12/2022 21:17:45 - INFO - __main__ -   Batch number = 213
01/12/2022 21:17:45 - INFO - __main__ -   Batch number = 214
01/12/2022 21:17:45 - INFO - __main__ -   Batch number = 215
01/12/2022 21:17:45 - INFO - __main__ -   Batch number = 216
01/12/2022 21:17:46 - INFO - __main__ -   Batch number = 217
01/12/2022 21:17:46 - INFO - __main__ -   Batch number = 218
01/12/2022 21:17:46 - INFO - __main__ -   Batch number = 219
01/12/2022 21:17:46 - INFO - __main__ -   Batch number = 220
01/12/2022 21:17:46 - INFO - __main__ -   Batch number = 221
01/12/2022 21:17:46 - INFO - __main__ -   Batch number = 222
01/12/2022 21:17:47 - INFO - __main__ -   Batch number = 223
01/12/2022 21:17:47 - INFO - __main__ -   Batch number = 224
01/12/2022 21:17:47 - INFO - __main__ -   Batch number = 225
01/12/2022 21:17:47 - INFO - __main__ -   Batch number = 226
01/12/2022 21:17:47 - INFO - __main__ -   Batch number = 227
01/12/2022 21:17:47 - INFO - __main__ -   Batch number = 228
01/12/2022 21:17:47 - INFO - __main__ -   Batch number = 229
01/12/2022 21:17:48 - INFO - __main__ -   Batch number = 230
01/12/2022 21:17:48 - INFO - __main__ -   Batch number = 231
01/12/2022 21:17:48 - INFO - __main__ -   Batch number = 232
01/12/2022 21:17:48 - INFO - __main__ -   Batch number = 233
01/12/2022 21:17:48 - INFO - __main__ -   Batch number = 234
01/12/2022 21:17:48 - INFO - __main__ -   Batch number = 235
01/12/2022 21:17:49 - INFO - __main__ -   Batch number = 236
01/12/2022 21:17:49 - INFO - __main__ -   Batch number = 237
01/12/2022 21:17:49 - INFO - __main__ -   Batch number = 238
01/12/2022 21:17:49 - INFO - __main__ -   Batch number = 239
01/12/2022 21:17:49 - INFO - __main__ -   Batch number = 240
01/12/2022 21:17:49 - INFO - __main__ -   Batch number = 241
01/12/2022 21:17:50 - INFO - __main__ -   Batch number = 242
01/12/2022 21:17:50 - INFO - __main__ -   Batch number = 243
01/12/2022 21:17:50 - INFO - __main__ -   Batch number = 244
01/12/2022 21:17:50 - INFO - __main__ -   Batch number = 245
01/12/2022 21:17:50 - INFO - __main__ -   Batch number = 246
01/12/2022 21:17:50 - INFO - __main__ -   Batch number = 247
01/12/2022 21:17:51 - INFO - __main__ -   Batch number = 248
01/12/2022 21:17:51 - INFO - __main__ -   Batch number = 249
01/12/2022 21:17:51 - INFO - __main__ -   Batch number = 250
01/12/2022 21:17:51 - INFO - __main__ -   Batch number = 251
01/12/2022 21:17:51 - INFO - __main__ -   Batch number = 252
01/12/2022 21:17:51 - INFO - __main__ -   Batch number = 253
01/12/2022 21:17:52 - INFO - __main__ -   Batch number = 254
01/12/2022 21:17:52 - INFO - __main__ -   Batch number = 255
01/12/2022 21:17:52 - INFO - __main__ -   Batch number = 256
01/12/2022 21:17:52 - INFO - __main__ -   Batch number = 257
01/12/2022 21:17:52 - INFO - __main__ -   Batch number = 258
01/12/2022 21:17:52 - INFO - __main__ -   Batch number = 259
01/12/2022 21:17:52 - INFO - __main__ -   Batch number = 260
01/12/2022 21:17:53 - INFO - __main__ -   Batch number = 261
01/12/2022 21:17:53 - INFO - __main__ -   Batch number = 262
01/12/2022 21:17:53 - INFO - __main__ -   Batch number = 263
01/12/2022 21:17:53 - INFO - __main__ -   Batch number = 264
01/12/2022 21:17:53 - INFO - __main__ -   Batch number = 265
01/12/2022 21:17:53 - INFO - __main__ -   Batch number = 266
01/12/2022 21:17:53 - INFO - __main__ -   Batch number = 267
01/12/2022 21:17:54 - INFO - __main__ -   Batch number = 268
01/12/2022 21:17:54 - INFO - __main__ -   Batch number = 269
01/12/2022 21:17:54 - INFO - __main__ -   Batch number = 270
01/12/2022 21:17:54 - INFO - __main__ -   Batch number = 271
01/12/2022 21:17:54 - INFO - __main__ -   Batch number = 272
01/12/2022 21:17:54 - INFO - __main__ -   Batch number = 273
01/12/2022 21:17:55 - INFO - __main__ -   Batch number = 274
01/12/2022 21:17:55 - INFO - __main__ -   Batch number = 275
01/12/2022 21:17:55 - INFO - __main__ -   Batch number = 276
01/12/2022 21:17:55 - INFO - __main__ -   Batch number = 277
01/12/2022 21:17:55 - INFO - __main__ -   Batch number = 278
01/12/2022 21:17:55 - INFO - __main__ -   Batch number = 279
01/12/2022 21:17:56 - INFO - __main__ -   Batch number = 280
01/12/2022 21:17:56 - INFO - __main__ -   Batch number = 281
01/12/2022 21:17:56 - INFO - __main__ -   Batch number = 282
01/12/2022 21:17:56 - INFO - __main__ -   Batch number = 283
01/12/2022 21:17:56 - INFO - __main__ -   Batch number = 284
01/12/2022 21:17:56 - INFO - __main__ -   Batch number = 285
01/12/2022 21:17:57 - INFO - __main__ -   Batch number = 286
01/12/2022 21:17:57 - INFO - __main__ -   Batch number = 287
01/12/2022 21:17:57 - INFO - __main__ -   Batch number = 288
01/12/2022 21:17:57 - INFO - __main__ -   Batch number = 289
01/12/2022 21:17:57 - INFO - __main__ -   Batch number = 290
01/12/2022 21:17:57 - INFO - __main__ -   Batch number = 291
01/12/2022 21:17:58 - INFO - __main__ -   Batch number = 292
01/12/2022 21:17:58 - INFO - __main__ -   Batch number = 293
01/12/2022 21:17:58 - INFO - __main__ -   Batch number = 294
01/12/2022 21:17:58 - INFO - __main__ -   Batch number = 295
01/12/2022 21:17:58 - INFO - __main__ -   Batch number = 296
01/12/2022 21:17:58 - INFO - __main__ -   Batch number = 297
01/12/2022 21:17:59 - INFO - __main__ -   Batch number = 298
01/12/2022 21:17:59 - INFO - __main__ -   Batch number = 299
01/12/2022 21:17:59 - INFO - __main__ -   Batch number = 300
01/12/2022 21:17:59 - INFO - __main__ -   Batch number = 301
01/12/2022 21:17:59 - INFO - __main__ -   Batch number = 302
01/12/2022 21:17:59 - INFO - __main__ -   Batch number = 303
01/12/2022 21:18:00 - INFO - __main__ -   Batch number = 304
01/12/2022 21:18:00 - INFO - __main__ -   Batch number = 305
01/12/2022 21:18:00 - INFO - __main__ -   Batch number = 306
01/12/2022 21:18:00 - INFO - __main__ -   Batch number = 307
01/12/2022 21:18:00 - INFO - __main__ -   Batch number = 308
01/12/2022 21:18:00 - INFO - __main__ -   Batch number = 309
01/12/2022 21:18:01 - INFO - __main__ -   Batch number = 310
01/12/2022 21:18:01 - INFO - __main__ -   Batch number = 311
01/12/2022 21:18:01 - INFO - __main__ -   Batch number = 312
01/12/2022 21:18:01 - INFO - __main__ -   Batch number = 313
01/12/2022 21:18:03 - INFO - __main__ -   ***** Evaluation result  in ru *****
01/12/2022 21:18:03 - INFO - __main__ -     f1 = 0.5569011147646162
01/12/2022 21:18:03 - INFO - __main__ -     loss = 2.3956973865009346
01/12/2022 21:18:03 - INFO - __main__ -     precision = 0.5441579813494241
01/12/2022 21:18:03 - INFO - __main__ -     recall = 0.5702553995236922
