11/21/2021 15:24:46 - INFO - root -   Input args: ModelArguments(model_name_or_path='bert-base-multilingual-cased', model_type='bert', config_name=None, tokenizer_name=None, cache_dir=None, labels='/home/abhijeet/rohan/cloud-emea/data//panx/panx_processed_maxlen128//labels.txt', data_dir='/home/abhijeet/rohan/cloud-emea/data//panx/panx_processed_maxlen128/', output_dir='/home/abhijeet/rohan/cloud-emea/outputs//panx/my-bert-base-multilingual-cased-MaxLen128_ner_et/', max_seq_length=128, do_train=False, do_eval=False, do_predict=True, do_adapter_predict=False, do_predict_dev=False, do_predict_train=False, init_checkpoint=None, evaluate_during_training=False, do_lower_case=False, few_shot=-1, per_gpu_train_batch_size=8, per_gpu_eval_batch_size=32, gradient_accumulation_steps=4, learning_rate=5e-05, weight_decay=0.0, adam_epsilon=1e-08, max_grad_norm=1.0, num_train_epochs=100.0, max_steps=-1, save_steps=1000, warmup_steps=0, logging_steps=50, save_only_best_checkpoint=True, eval_all_checkpoints=True, no_cuda=False, overwrite_output_dir=True, overwrite_cache=False, seed=1, fp16=False, fp16_opt_level='O1', local_rank=-1, server_ip='', server_port='', predict_langs='mr', train_langs='en', log_file='/home/abhijeet/rohan/cloud-emea/outputs//panx/my-bert-base-multilingual-cased-MaxLen128_ner_et//train_ar.log', eval_patience=-1, bpe_dropout=0, do_save_adapter_fusions=False, task_name='ner', predict_task_adapter='output/panx/my-bert-base-multilingual-cased-LR1e-4-epoch100-MaxLen128-TrainLangen_en_s1/checkpoint-best/ner/', predict_lang_adapter=None, test_adapter=True, adapter_weight=None, lang_to_vec=None, calc_weight_step=0, predict_save_prefix='', en_weight=None, temperature=1.0, get_attr=False, topk=1, task='udpos')
11/21/2021 15:24:46 - WARNING - __main__ -   Process rank: -1, device: cuda, n_gpu: 1, distributed training: False, 16-bits training: False
11/21/2021 15:24:46 - INFO - __main__ -   Seed = 1
11/21/2021 15:24:46 - INFO - root -   save model
11/21/2021 15:24:46 - INFO - __main__ -   Training/evaluation parameters ModelArguments(model_name_or_path='bert-base-multilingual-cased', model_type='bert', config_name=None, tokenizer_name=None, cache_dir=None, labels='/home/abhijeet/rohan/cloud-emea/data//panx/panx_processed_maxlen128//labels.txt', data_dir='/home/abhijeet/rohan/cloud-emea/data//panx/panx_processed_maxlen128/', output_dir='/home/abhijeet/rohan/cloud-emea/outputs//panx/my-bert-base-multilingual-cased-MaxLen128_ner_et/', max_seq_length=128, do_train=False, do_eval=False, do_predict=True, do_adapter_predict=False, do_predict_dev=False, do_predict_train=False, init_checkpoint=None, evaluate_during_training=False, do_lower_case=False, few_shot=-1, per_gpu_train_batch_size=8, per_gpu_eval_batch_size=32, gradient_accumulation_steps=4, learning_rate=5e-05, weight_decay=0.0, adam_epsilon=1e-08, max_grad_norm=1.0, num_train_epochs=100.0, max_steps=-1, save_steps=1000, warmup_steps=0, logging_steps=50, save_only_best_checkpoint=True, eval_all_checkpoints=True, no_cuda=False, overwrite_output_dir=True, overwrite_cache=False, seed=1, fp16=False, fp16_opt_level='O1', local_rank=-1, server_ip='', server_port='', predict_langs='mr', train_langs='en', log_file='/home/abhijeet/rohan/cloud-emea/outputs//panx/my-bert-base-multilingual-cased-MaxLen128_ner_et//train_ar.log', eval_patience=-1, bpe_dropout=0, do_save_adapter_fusions=False, task_name='ner', predict_task_adapter='output/panx/my-bert-base-multilingual-cased-LR1e-4-epoch100-MaxLen128-TrainLangen_en_s1/checkpoint-best/ner/', predict_lang_adapter=None, test_adapter=True, adapter_weight=None, lang_to_vec=None, calc_weight_step=0, predict_save_prefix='', en_weight=None, temperature=1.0, get_attr=False, topk=1, task='udpos')
11/21/2021 15:24:46 - INFO - __main__ -   Loading pretrained model and tokenizer
11/21/2021 15:24:49 - INFO - __main__ -   loading from existing model bert-base-multilingual-cased
11/21/2021 15:24:54 - INFO - __main__ -   Using lang2id = None
11/21/2021 15:24:54 - INFO - __main__ -   Evaluating the model on test set of all the languages specified
11/21/2021 15:24:54 - INFO - __main__ -   Task Adapter will be loaded from this path output/panx/my-bert-base-multilingual-cased-LR1e-4-epoch100-MaxLen128-TrainLangen_en_s1/checkpoint-best/ner/
11/21/2021 15:24:54 - INFO - root -   Trying to decide if add adapter
11/21/2021 15:24:54 - INFO - root -   loading task adapter
11/21/2021 15:24:54 - INFO - root -   loading lang adpater et/wiki@ukp
11/21/2021 15:24:54 - INFO - __main__ -   Adapter Languages : ['et'], Length : 1
11/21/2021 15:24:54 - INFO - __main__ -   Adapter Names ['et/wiki@ukp'], Length : 1
11/21/2021 15:24:54 - INFO - __main__ -   Language = et
11/21/2021 15:24:54 - INFO - __main__ -   Adapter Name = et/wiki@ukp
11/21/2021 15:24:58 - INFO - __main__ -   Language adapter for mr not found, using et instead
11/21/2021 15:24:58 - INFO - __main__ -   Set active language adapter to et
11/21/2021 15:24:58 - INFO - __main__ -   Args Adapter Weight = None
11/21/2021 15:24:58 - INFO - __main__ -   Adapter Languages = ['et']
11/21/2021 15:24:58 - INFO - __main__ -   Loading features from cached file /home/abhijeet/rohan/cloud-emea/data//panx/panx_processed_maxlen128/cached_test_mr_bert-base-multilingual-cased_128
11/21/2021 15:24:58 - INFO - __main__ -   ***** Running evaluation  in mr *****
11/21/2021 15:24:58 - INFO - __main__ -     Num examples = 1000
11/21/2021 15:24:58 - INFO - __main__ -     Batch size = 32
11/21/2021 15:24:58 - INFO - __main__ -   Batch number = 1
11/21/2021 15:24:59 - INFO - __main__ -   Batch number = 2
11/21/2021 15:24:59 - INFO - __main__ -   Batch number = 3
11/21/2021 15:24:59 - INFO - __main__ -   Batch number = 4
11/21/2021 15:24:59 - INFO - __main__ -   Batch number = 5
11/21/2021 15:24:59 - INFO - __main__ -   Batch number = 6
11/21/2021 15:24:59 - INFO - __main__ -   Batch number = 7
11/21/2021 15:24:59 - INFO - __main__ -   Batch number = 8
11/21/2021 15:25:00 - INFO - __main__ -   Batch number = 9
11/21/2021 15:25:00 - INFO - __main__ -   Batch number = 10
11/21/2021 15:25:00 - INFO - __main__ -   Batch number = 11
11/21/2021 15:25:00 - INFO - __main__ -   Batch number = 12
11/21/2021 15:25:00 - INFO - __main__ -   Batch number = 13
11/21/2021 15:25:00 - INFO - __main__ -   Batch number = 14
11/21/2021 15:25:00 - INFO - __main__ -   Batch number = 15
11/21/2021 15:25:01 - INFO - __main__ -   Batch number = 16
11/21/2021 15:25:01 - INFO - __main__ -   Batch number = 17
11/21/2021 15:25:01 - INFO - __main__ -   Batch number = 18
11/21/2021 15:25:01 - INFO - __main__ -   Batch number = 19
11/21/2021 15:25:01 - INFO - __main__ -   Batch number = 20
11/21/2021 15:25:01 - INFO - __main__ -   Batch number = 21
11/21/2021 15:25:01 - INFO - __main__ -   Batch number = 22
11/21/2021 15:25:02 - INFO - __main__ -   Batch number = 23
11/21/2021 15:25:02 - INFO - __main__ -   Batch number = 24
11/21/2021 15:25:02 - INFO - __main__ -   Batch number = 25
11/21/2021 15:25:02 - INFO - __main__ -   Batch number = 26
11/21/2021 15:25:02 - INFO - __main__ -   Batch number = 27
11/21/2021 15:25:02 - INFO - __main__ -   Batch number = 28
11/21/2021 15:25:02 - INFO - __main__ -   Batch number = 29
11/21/2021 15:25:03 - INFO - __main__ -   Batch number = 30
11/21/2021 15:25:03 - INFO - __main__ -   Batch number = 31
11/21/2021 15:25:03 - INFO - __main__ -   Batch number = 32
11/21/2021 15:25:03 - INFO - __main__ -   ***** Evaluation result  in mr *****
11/21/2021 15:25:03 - INFO - __main__ -     f1 = 0.26318383440118287
11/21/2021 15:25:03 - INFO - __main__ -     loss = 2.666587207466364
11/21/2021 15:25:03 - INFO - __main__ -     precision = 0.34901960784313724
11/21/2021 15:25:03 - INFO - __main__ -     recall = 0.21123417721518986
11/21/2021 15:25:05 - INFO - root -   Input args: ModelArguments(model_name_or_path='bert-base-multilingual-cased', model_type='bert', config_name=None, tokenizer_name=None, cache_dir=None, labels='/home/abhijeet/rohan/cloud-emea/data//panx/panx_processed_maxlen128//labels.txt', data_dir='/home/abhijeet/rohan/cloud-emea/data//panx/panx_processed_maxlen128/', output_dir='/home/abhijeet/rohan/cloud-emea/outputs//panx/my-bert-base-multilingual-cased-MaxLen128_ner_et/', max_seq_length=128, do_train=False, do_eval=False, do_predict=True, do_adapter_predict=False, do_predict_dev=False, do_predict_train=False, init_checkpoint=None, evaluate_during_training=False, do_lower_case=False, few_shot=-1, per_gpu_train_batch_size=8, per_gpu_eval_batch_size=32, gradient_accumulation_steps=4, learning_rate=5e-05, weight_decay=0.0, adam_epsilon=1e-08, max_grad_norm=1.0, num_train_epochs=100.0, max_steps=-1, save_steps=1000, warmup_steps=0, logging_steps=50, save_only_best_checkpoint=True, eval_all_checkpoints=True, no_cuda=False, overwrite_output_dir=True, overwrite_cache=False, seed=2, fp16=False, fp16_opt_level='O1', local_rank=-1, server_ip='', server_port='', predict_langs='mr', train_langs='en', log_file='/home/abhijeet/rohan/cloud-emea/outputs//panx/my-bert-base-multilingual-cased-MaxLen128_ner_et//train_ar.log', eval_patience=-1, bpe_dropout=0, do_save_adapter_fusions=False, task_name='ner', predict_task_adapter='output/panx/my-bert-base-multilingual-cased-LR1e-4-epoch100-MaxLen128-TrainLangen_en_s2/checkpoint-best/ner/', predict_lang_adapter=None, test_adapter=True, adapter_weight=None, lang_to_vec=None, calc_weight_step=0, predict_save_prefix='', en_weight=None, temperature=1.0, get_attr=False, topk=1, task='udpos')
11/21/2021 15:25:05 - WARNING - __main__ -   Process rank: -1, device: cuda, n_gpu: 1, distributed training: False, 16-bits training: False
11/21/2021 15:25:05 - INFO - __main__ -   Seed = 2
11/21/2021 15:25:05 - INFO - root -   save model
11/21/2021 15:25:05 - INFO - __main__ -   Training/evaluation parameters ModelArguments(model_name_or_path='bert-base-multilingual-cased', model_type='bert', config_name=None, tokenizer_name=None, cache_dir=None, labels='/home/abhijeet/rohan/cloud-emea/data//panx/panx_processed_maxlen128//labels.txt', data_dir='/home/abhijeet/rohan/cloud-emea/data//panx/panx_processed_maxlen128/', output_dir='/home/abhijeet/rohan/cloud-emea/outputs//panx/my-bert-base-multilingual-cased-MaxLen128_ner_et/', max_seq_length=128, do_train=False, do_eval=False, do_predict=True, do_adapter_predict=False, do_predict_dev=False, do_predict_train=False, init_checkpoint=None, evaluate_during_training=False, do_lower_case=False, few_shot=-1, per_gpu_train_batch_size=8, per_gpu_eval_batch_size=32, gradient_accumulation_steps=4, learning_rate=5e-05, weight_decay=0.0, adam_epsilon=1e-08, max_grad_norm=1.0, num_train_epochs=100.0, max_steps=-1, save_steps=1000, warmup_steps=0, logging_steps=50, save_only_best_checkpoint=True, eval_all_checkpoints=True, no_cuda=False, overwrite_output_dir=True, overwrite_cache=False, seed=2, fp16=False, fp16_opt_level='O1', local_rank=-1, server_ip='', server_port='', predict_langs='mr', train_langs='en', log_file='/home/abhijeet/rohan/cloud-emea/outputs//panx/my-bert-base-multilingual-cased-MaxLen128_ner_et//train_ar.log', eval_patience=-1, bpe_dropout=0, do_save_adapter_fusions=False, task_name='ner', predict_task_adapter='output/panx/my-bert-base-multilingual-cased-LR1e-4-epoch100-MaxLen128-TrainLangen_en_s2/checkpoint-best/ner/', predict_lang_adapter=None, test_adapter=True, adapter_weight=None, lang_to_vec=None, calc_weight_step=0, predict_save_prefix='', en_weight=None, temperature=1.0, get_attr=False, topk=1, task='udpos')
11/21/2021 15:25:05 - INFO - __main__ -   Loading pretrained model and tokenizer
11/21/2021 15:25:08 - INFO - __main__ -   loading from existing model bert-base-multilingual-cased
11/21/2021 15:25:13 - INFO - __main__ -   Using lang2id = None
11/21/2021 15:25:13 - INFO - __main__ -   Evaluating the model on test set of all the languages specified
11/21/2021 15:25:13 - INFO - __main__ -   Task Adapter will be loaded from this path output/panx/my-bert-base-multilingual-cased-LR1e-4-epoch100-MaxLen128-TrainLangen_en_s2/checkpoint-best/ner/
11/21/2021 15:25:13 - INFO - root -   Trying to decide if add adapter
11/21/2021 15:25:13 - INFO - root -   loading task adapter
11/21/2021 15:25:13 - INFO - root -   loading lang adpater et/wiki@ukp
11/21/2021 15:25:13 - INFO - __main__ -   Adapter Languages : ['et'], Length : 1
11/21/2021 15:25:13 - INFO - __main__ -   Adapter Names ['et/wiki@ukp'], Length : 1
11/21/2021 15:25:13 - INFO - __main__ -   Language = et
11/21/2021 15:25:13 - INFO - __main__ -   Adapter Name = et/wiki@ukp
11/21/2021 15:25:17 - INFO - __main__ -   Language adapter for mr not found, using et instead
11/21/2021 15:25:17 - INFO - __main__ -   Set active language adapter to et
11/21/2021 15:25:17 - INFO - __main__ -   Args Adapter Weight = None
11/21/2021 15:25:17 - INFO - __main__ -   Adapter Languages = ['et']
11/21/2021 15:25:17 - INFO - __main__ -   Loading features from cached file /home/abhijeet/rohan/cloud-emea/data//panx/panx_processed_maxlen128/cached_test_mr_bert-base-multilingual-cased_128
11/21/2021 15:25:17 - INFO - __main__ -   ***** Running evaluation  in mr *****
11/21/2021 15:25:17 - INFO - __main__ -     Num examples = 1000
11/21/2021 15:25:17 - INFO - __main__ -     Batch size = 32
11/21/2021 15:25:17 - INFO - __main__ -   Batch number = 1
11/21/2021 15:25:17 - INFO - __main__ -   Batch number = 2
11/21/2021 15:25:17 - INFO - __main__ -   Batch number = 3
11/21/2021 15:25:18 - INFO - __main__ -   Batch number = 4
11/21/2021 15:25:18 - INFO - __main__ -   Batch number = 5
11/21/2021 15:25:18 - INFO - __main__ -   Batch number = 6
11/21/2021 15:25:18 - INFO - __main__ -   Batch number = 7
11/21/2021 15:25:18 - INFO - __main__ -   Batch number = 8
11/21/2021 15:25:18 - INFO - __main__ -   Batch number = 9
11/21/2021 15:25:19 - INFO - __main__ -   Batch number = 10
11/21/2021 15:25:19 - INFO - __main__ -   Batch number = 11
11/21/2021 15:25:19 - INFO - __main__ -   Batch number = 12
11/21/2021 15:25:19 - INFO - __main__ -   Batch number = 13
11/21/2021 15:25:19 - INFO - __main__ -   Batch number = 14
11/21/2021 15:25:19 - INFO - __main__ -   Batch number = 15
11/21/2021 15:25:19 - INFO - __main__ -   Batch number = 16
11/21/2021 15:25:19 - INFO - __main__ -   Batch number = 17
11/21/2021 15:25:20 - INFO - __main__ -   Batch number = 18
11/21/2021 15:25:20 - INFO - __main__ -   Batch number = 19
11/21/2021 15:25:20 - INFO - __main__ -   Batch number = 20
11/21/2021 15:25:20 - INFO - __main__ -   Batch number = 21
11/21/2021 15:25:20 - INFO - __main__ -   Batch number = 22
11/21/2021 15:25:20 - INFO - __main__ -   Batch number = 23
11/21/2021 15:25:20 - INFO - __main__ -   Batch number = 24
11/21/2021 15:25:21 - INFO - __main__ -   Batch number = 25
11/21/2021 15:25:21 - INFO - __main__ -   Batch number = 26
11/21/2021 15:25:21 - INFO - __main__ -   Batch number = 27
11/21/2021 15:25:21 - INFO - __main__ -   Batch number = 28
11/21/2021 15:25:21 - INFO - __main__ -   Batch number = 29
11/21/2021 15:25:21 - INFO - __main__ -   Batch number = 30
11/21/2021 15:25:21 - INFO - __main__ -   Batch number = 31
11/21/2021 15:25:22 - INFO - __main__ -   Batch number = 32
11/21/2021 15:25:22 - INFO - __main__ -   ***** Evaluation result  in mr *****
11/21/2021 15:25:22 - INFO - __main__ -     f1 = 0.37423312883435583
11/21/2021 15:25:22 - INFO - __main__ -     loss = 1.8884449265897274
11/21/2021 15:25:22 - INFO - __main__ -     precision = 0.4194499017681729
11/21/2021 15:25:22 - INFO - __main__ -     recall = 0.33781645569620256
11/21/2021 15:25:24 - INFO - root -   Input args: ModelArguments(model_name_or_path='bert-base-multilingual-cased', model_type='bert', config_name=None, tokenizer_name=None, cache_dir=None, labels='/home/abhijeet/rohan/cloud-emea/data//panx/panx_processed_maxlen128//labels.txt', data_dir='/home/abhijeet/rohan/cloud-emea/data//panx/panx_processed_maxlen128/', output_dir='/home/abhijeet/rohan/cloud-emea/outputs//panx/my-bert-base-multilingual-cased-MaxLen128_ner_et/', max_seq_length=128, do_train=False, do_eval=False, do_predict=True, do_adapter_predict=False, do_predict_dev=False, do_predict_train=False, init_checkpoint=None, evaluate_during_training=False, do_lower_case=False, few_shot=-1, per_gpu_train_batch_size=8, per_gpu_eval_batch_size=32, gradient_accumulation_steps=4, learning_rate=5e-05, weight_decay=0.0, adam_epsilon=1e-08, max_grad_norm=1.0, num_train_epochs=100.0, max_steps=-1, save_steps=1000, warmup_steps=0, logging_steps=50, save_only_best_checkpoint=True, eval_all_checkpoints=True, no_cuda=False, overwrite_output_dir=True, overwrite_cache=False, seed=3, fp16=False, fp16_opt_level='O1', local_rank=-1, server_ip='', server_port='', predict_langs='mr', train_langs='en', log_file='/home/abhijeet/rohan/cloud-emea/outputs//panx/my-bert-base-multilingual-cased-MaxLen128_ner_et//train_ar.log', eval_patience=-1, bpe_dropout=0, do_save_adapter_fusions=False, task_name='ner', predict_task_adapter='output/panx/my-bert-base-multilingual-cased-LR1e-4-epoch100-MaxLen128-TrainLangen_en_s3/checkpoint-best/ner/', predict_lang_adapter=None, test_adapter=True, adapter_weight=None, lang_to_vec=None, calc_weight_step=0, predict_save_prefix='', en_weight=None, temperature=1.0, get_attr=False, topk=1, task='udpos')
11/21/2021 15:25:24 - WARNING - __main__ -   Process rank: -1, device: cuda, n_gpu: 1, distributed training: False, 16-bits training: False
11/21/2021 15:25:24 - INFO - __main__ -   Seed = 3
11/21/2021 15:25:24 - INFO - root -   save model
11/21/2021 15:25:24 - INFO - __main__ -   Training/evaluation parameters ModelArguments(model_name_or_path='bert-base-multilingual-cased', model_type='bert', config_name=None, tokenizer_name=None, cache_dir=None, labels='/home/abhijeet/rohan/cloud-emea/data//panx/panx_processed_maxlen128//labels.txt', data_dir='/home/abhijeet/rohan/cloud-emea/data//panx/panx_processed_maxlen128/', output_dir='/home/abhijeet/rohan/cloud-emea/outputs//panx/my-bert-base-multilingual-cased-MaxLen128_ner_et/', max_seq_length=128, do_train=False, do_eval=False, do_predict=True, do_adapter_predict=False, do_predict_dev=False, do_predict_train=False, init_checkpoint=None, evaluate_during_training=False, do_lower_case=False, few_shot=-1, per_gpu_train_batch_size=8, per_gpu_eval_batch_size=32, gradient_accumulation_steps=4, learning_rate=5e-05, weight_decay=0.0, adam_epsilon=1e-08, max_grad_norm=1.0, num_train_epochs=100.0, max_steps=-1, save_steps=1000, warmup_steps=0, logging_steps=50, save_only_best_checkpoint=True, eval_all_checkpoints=True, no_cuda=False, overwrite_output_dir=True, overwrite_cache=False, seed=3, fp16=False, fp16_opt_level='O1', local_rank=-1, server_ip='', server_port='', predict_langs='mr', train_langs='en', log_file='/home/abhijeet/rohan/cloud-emea/outputs//panx/my-bert-base-multilingual-cased-MaxLen128_ner_et//train_ar.log', eval_patience=-1, bpe_dropout=0, do_save_adapter_fusions=False, task_name='ner', predict_task_adapter='output/panx/my-bert-base-multilingual-cased-LR1e-4-epoch100-MaxLen128-TrainLangen_en_s3/checkpoint-best/ner/', predict_lang_adapter=None, test_adapter=True, adapter_weight=None, lang_to_vec=None, calc_weight_step=0, predict_save_prefix='', en_weight=None, temperature=1.0, get_attr=False, topk=1, task='udpos')
11/21/2021 15:25:24 - INFO - __main__ -   Loading pretrained model and tokenizer
11/21/2021 15:25:26 - INFO - __main__ -   loading from existing model bert-base-multilingual-cased
11/21/2021 15:25:32 - INFO - __main__ -   Using lang2id = None
11/21/2021 15:25:32 - INFO - __main__ -   Evaluating the model on test set of all the languages specified
11/21/2021 15:25:32 - INFO - __main__ -   Task Adapter will be loaded from this path output/panx/my-bert-base-multilingual-cased-LR1e-4-epoch100-MaxLen128-TrainLangen_en_s3/checkpoint-best/ner/
11/21/2021 15:25:32 - INFO - root -   Trying to decide if add adapter
11/21/2021 15:25:32 - INFO - root -   loading task adapter
11/21/2021 15:25:32 - INFO - root -   loading lang adpater et/wiki@ukp
11/21/2021 15:25:32 - INFO - __main__ -   Adapter Languages : ['et'], Length : 1
11/21/2021 15:25:32 - INFO - __main__ -   Adapter Names ['et/wiki@ukp'], Length : 1
11/21/2021 15:25:32 - INFO - __main__ -   Language = et
11/21/2021 15:25:32 - INFO - __main__ -   Adapter Name = et/wiki@ukp
11/21/2021 15:25:36 - INFO - __main__ -   Language adapter for mr not found, using et instead
11/21/2021 15:25:36 - INFO - __main__ -   Set active language adapter to et
11/21/2021 15:25:36 - INFO - __main__ -   Args Adapter Weight = None
11/21/2021 15:25:36 - INFO - __main__ -   Adapter Languages = ['et']
11/21/2021 15:25:36 - INFO - __main__ -   Loading features from cached file /home/abhijeet/rohan/cloud-emea/data//panx/panx_processed_maxlen128/cached_test_mr_bert-base-multilingual-cased_128
11/21/2021 15:25:36 - INFO - __main__ -   ***** Running evaluation  in mr *****
11/21/2021 15:25:36 - INFO - __main__ -     Num examples = 1000
11/21/2021 15:25:36 - INFO - __main__ -     Batch size = 32
11/21/2021 15:25:36 - INFO - __main__ -   Batch number = 1
11/21/2021 15:25:36 - INFO - __main__ -   Batch number = 2
11/21/2021 15:25:36 - INFO - __main__ -   Batch number = 3
11/21/2021 15:25:36 - INFO - __main__ -   Batch number = 4
11/21/2021 15:25:36 - INFO - __main__ -   Batch number = 5
11/21/2021 15:25:36 - INFO - __main__ -   Batch number = 6
11/21/2021 15:25:37 - INFO - __main__ -   Batch number = 7
11/21/2021 15:25:37 - INFO - __main__ -   Batch number = 8
11/21/2021 15:25:37 - INFO - __main__ -   Batch number = 9
11/21/2021 15:25:37 - INFO - __main__ -   Batch number = 10
11/21/2021 15:25:37 - INFO - __main__ -   Batch number = 11
11/21/2021 15:25:37 - INFO - __main__ -   Batch number = 12
11/21/2021 15:25:37 - INFO - __main__ -   Batch number = 13
11/21/2021 15:25:38 - INFO - __main__ -   Batch number = 14
11/21/2021 15:25:38 - INFO - __main__ -   Batch number = 15
11/21/2021 15:25:38 - INFO - __main__ -   Batch number = 16
11/21/2021 15:25:38 - INFO - __main__ -   Batch number = 17
11/21/2021 15:25:38 - INFO - __main__ -   Batch number = 18
11/21/2021 15:25:38 - INFO - __main__ -   Batch number = 19
11/21/2021 15:25:38 - INFO - __main__ -   Batch number = 20
11/21/2021 15:25:39 - INFO - __main__ -   Batch number = 21
11/21/2021 15:25:39 - INFO - __main__ -   Batch number = 22
11/21/2021 15:25:39 - INFO - __main__ -   Batch number = 23
11/21/2021 15:25:39 - INFO - __main__ -   Batch number = 24
11/21/2021 15:25:39 - INFO - __main__ -   Batch number = 25
11/21/2021 15:25:39 - INFO - __main__ -   Batch number = 26
11/21/2021 15:25:39 - INFO - __main__ -   Batch number = 27
11/21/2021 15:25:39 - INFO - __main__ -   Batch number = 28
11/21/2021 15:25:40 - INFO - __main__ -   Batch number = 29
11/21/2021 15:25:40 - INFO - __main__ -   Batch number = 30
11/21/2021 15:25:40 - INFO - __main__ -   Batch number = 31
11/21/2021 15:25:40 - INFO - __main__ -   Batch number = 32
11/21/2021 15:25:40 - INFO - __main__ -   ***** Evaluation result  in mr *****
11/21/2021 15:25:40 - INFO - __main__ -     f1 = 0.362965997541991
11/21/2021 15:25:40 - INFO - __main__ -     loss = 2.2089290469884872
11/21/2021 15:25:40 - INFO - __main__ -     precision = 0.37638062871707734
11/21/2021 15:25:40 - INFO - __main__ -     recall = 0.3504746835443038
11/21/2021 17:24:01 - INFO - root -   Input args: ModelArguments(model_name_or_path='bert-base-multilingual-cased', model_type='bert', config_name=None, tokenizer_name=None, cache_dir=None, labels='/home/abhijeet/rohan/cloud-emea/data//panx/panx_processed_maxlen128//labels.txt', data_dir='/home/abhijeet/rohan/cloud-emea/data//panx/panx_processed_maxlen128/', output_dir='/home/abhijeet/rohan/cloud-emea/outputs//panx/my-bert-base-multilingual-cased-MaxLen128_ner_et/', max_seq_length=128, do_train=False, do_eval=False, do_predict=True, do_adapter_predict=False, do_predict_dev=False, do_predict_train=False, init_checkpoint=None, evaluate_during_training=False, do_lower_case=False, few_shot=-1, per_gpu_train_batch_size=8, per_gpu_eval_batch_size=32, gradient_accumulation_steps=4, learning_rate=5e-05, weight_decay=0.0, adam_epsilon=1e-08, max_grad_norm=1.0, num_train_epochs=100.0, max_steps=-1, save_steps=1000, warmup_steps=0, logging_steps=50, save_only_best_checkpoint=True, eval_all_checkpoints=True, no_cuda=False, overwrite_output_dir=True, overwrite_cache=False, seed=1, fp16=False, fp16_opt_level='O1', local_rank=-1, server_ip='', server_port='', predict_langs='en', train_langs='en', log_file='/home/abhijeet/rohan/cloud-emea/outputs//panx/my-bert-base-multilingual-cased-MaxLen128_ner_et//train_ar.log', eval_patience=-1, bpe_dropout=0, do_save_adapter_fusions=False, task_name='ner', predict_task_adapter='output/panx/my-bert-base-multilingual-cased-LR1e-4-epoch100-MaxLen128-TrainLangen_en_s1/checkpoint-best/ner/', predict_lang_adapter=None, test_adapter=True, adapter_weight=None, lang_to_vec=None, calc_weight_step=0, predict_save_prefix='', en_weight=None, temperature=1.0, get_attr=False, topk=1, task='udpos')
11/21/2021 17:24:01 - WARNING - __main__ -   Process rank: -1, device: cuda, n_gpu: 1, distributed training: False, 16-bits training: False
11/21/2021 17:24:01 - INFO - __main__ -   Seed = 1
11/21/2021 17:24:01 - INFO - root -   save model
11/21/2021 17:24:01 - INFO - __main__ -   Training/evaluation parameters ModelArguments(model_name_or_path='bert-base-multilingual-cased', model_type='bert', config_name=None, tokenizer_name=None, cache_dir=None, labels='/home/abhijeet/rohan/cloud-emea/data//panx/panx_processed_maxlen128//labels.txt', data_dir='/home/abhijeet/rohan/cloud-emea/data//panx/panx_processed_maxlen128/', output_dir='/home/abhijeet/rohan/cloud-emea/outputs//panx/my-bert-base-multilingual-cased-MaxLen128_ner_et/', max_seq_length=128, do_train=False, do_eval=False, do_predict=True, do_adapter_predict=False, do_predict_dev=False, do_predict_train=False, init_checkpoint=None, evaluate_during_training=False, do_lower_case=False, few_shot=-1, per_gpu_train_batch_size=8, per_gpu_eval_batch_size=32, gradient_accumulation_steps=4, learning_rate=5e-05, weight_decay=0.0, adam_epsilon=1e-08, max_grad_norm=1.0, num_train_epochs=100.0, max_steps=-1, save_steps=1000, warmup_steps=0, logging_steps=50, save_only_best_checkpoint=True, eval_all_checkpoints=True, no_cuda=False, overwrite_output_dir=True, overwrite_cache=False, seed=1, fp16=False, fp16_opt_level='O1', local_rank=-1, server_ip='', server_port='', predict_langs='en', train_langs='en', log_file='/home/abhijeet/rohan/cloud-emea/outputs//panx/my-bert-base-multilingual-cased-MaxLen128_ner_et//train_ar.log', eval_patience=-1, bpe_dropout=0, do_save_adapter_fusions=False, task_name='ner', predict_task_adapter='output/panx/my-bert-base-multilingual-cased-LR1e-4-epoch100-MaxLen128-TrainLangen_en_s1/checkpoint-best/ner/', predict_lang_adapter=None, test_adapter=True, adapter_weight=None, lang_to_vec=None, calc_weight_step=0, predict_save_prefix='', en_weight=None, temperature=1.0, get_attr=False, topk=1, task='udpos')
11/21/2021 17:24:01 - INFO - __main__ -   Loading pretrained model and tokenizer
11/21/2021 17:24:04 - INFO - __main__ -   loading from existing model bert-base-multilingual-cased
11/21/2021 17:24:09 - INFO - __main__ -   Using lang2id = None
11/21/2021 17:24:09 - INFO - __main__ -   Evaluating the model on test set of all the languages specified
11/21/2021 17:24:09 - INFO - __main__ -   Task Adapter will be loaded from this path output/panx/my-bert-base-multilingual-cased-LR1e-4-epoch100-MaxLen128-TrainLangen_en_s1/checkpoint-best/ner/
11/21/2021 17:24:09 - INFO - root -   Trying to decide if add adapter
11/21/2021 17:24:09 - INFO - root -   loading task adapter
11/21/2021 17:24:09 - INFO - root -   loading lang adpater et/wiki@ukp
11/21/2021 17:24:09 - INFO - __main__ -   Adapter Languages : ['et'], Length : 1
11/21/2021 17:24:09 - INFO - __main__ -   Adapter Names ['et/wiki@ukp'], Length : 1
11/21/2021 17:24:09 - INFO - __main__ -   Language = et
11/21/2021 17:24:09 - INFO - __main__ -   Adapter Name = et/wiki@ukp
11/21/2021 17:24:14 - INFO - __main__ -   Language adapter for en not found, using et instead
11/21/2021 17:24:14 - INFO - __main__ -   Set active language adapter to et
11/21/2021 17:24:14 - INFO - __main__ -   Args Adapter Weight = None
11/21/2021 17:24:14 - INFO - __main__ -   Adapter Languages = ['et']
11/21/2021 17:24:14 - INFO - __main__ -   Loading features from cached file /home/abhijeet/rohan/cloud-emea/data//panx/panx_processed_maxlen128/cached_test_en_bert-base-multilingual-cased_128
11/21/2021 17:24:15 - INFO - __main__ -   ***** Running evaluation  in en *****
11/21/2021 17:24:15 - INFO - __main__ -     Num examples = 10004
11/21/2021 17:24:15 - INFO - __main__ -     Batch size = 32
11/21/2021 17:24:15 - INFO - __main__ -   Batch number = 1
11/21/2021 17:24:15 - INFO - __main__ -   Batch number = 2
11/21/2021 17:24:15 - INFO - __main__ -   Batch number = 3
11/21/2021 17:24:16 - INFO - __main__ -   Batch number = 4
11/21/2021 17:24:16 - INFO - __main__ -   Batch number = 5
11/21/2021 17:24:16 - INFO - __main__ -   Batch number = 6
11/21/2021 17:24:16 - INFO - __main__ -   Batch number = 7
11/21/2021 17:24:16 - INFO - __main__ -   Batch number = 8
11/21/2021 17:24:16 - INFO - __main__ -   Batch number = 9
11/21/2021 17:24:16 - INFO - __main__ -   Batch number = 10
11/21/2021 17:24:17 - INFO - __main__ -   Batch number = 11
11/21/2021 17:24:17 - INFO - __main__ -   Batch number = 12
11/21/2021 17:24:17 - INFO - __main__ -   Batch number = 13
11/21/2021 17:24:17 - INFO - __main__ -   Batch number = 14
11/21/2021 17:24:17 - INFO - __main__ -   Batch number = 15
11/21/2021 17:24:17 - INFO - __main__ -   Batch number = 16
11/21/2021 17:24:17 - INFO - __main__ -   Batch number = 17
11/21/2021 17:24:17 - INFO - __main__ -   Batch number = 18
11/21/2021 17:24:18 - INFO - __main__ -   Batch number = 19
11/21/2021 17:24:18 - INFO - __main__ -   Batch number = 20
11/21/2021 17:24:18 - INFO - __main__ -   Batch number = 21
11/21/2021 17:24:18 - INFO - __main__ -   Batch number = 22
11/21/2021 17:24:18 - INFO - __main__ -   Batch number = 23
11/21/2021 17:24:18 - INFO - __main__ -   Batch number = 24
11/21/2021 17:24:18 - INFO - __main__ -   Batch number = 25
11/21/2021 17:24:19 - INFO - __main__ -   Batch number = 26
11/21/2021 17:24:19 - INFO - __main__ -   Batch number = 27
11/21/2021 17:24:19 - INFO - __main__ -   Batch number = 28
11/21/2021 17:24:19 - INFO - __main__ -   Batch number = 29
11/21/2021 17:24:19 - INFO - __main__ -   Batch number = 30
11/21/2021 17:24:19 - INFO - __main__ -   Batch number = 31
11/21/2021 17:24:19 - INFO - __main__ -   Batch number = 32
11/21/2021 17:24:20 - INFO - __main__ -   Batch number = 33
11/21/2021 17:24:20 - INFO - __main__ -   Batch number = 34
11/21/2021 17:24:20 - INFO - __main__ -   Batch number = 35
11/21/2021 17:24:20 - INFO - __main__ -   Batch number = 36
11/21/2021 17:24:20 - INFO - __main__ -   Batch number = 37
11/21/2021 17:24:20 - INFO - __main__ -   Batch number = 38
11/21/2021 17:24:20 - INFO - __main__ -   Batch number = 39
11/21/2021 17:24:21 - INFO - __main__ -   Batch number = 40
11/21/2021 17:24:21 - INFO - __main__ -   Batch number = 41
11/21/2021 17:24:21 - INFO - __main__ -   Batch number = 42
11/21/2021 17:24:21 - INFO - __main__ -   Batch number = 43
11/21/2021 17:24:21 - INFO - __main__ -   Batch number = 44
11/21/2021 17:24:21 - INFO - __main__ -   Batch number = 45
11/21/2021 17:24:21 - INFO - __main__ -   Batch number = 46
11/21/2021 17:24:22 - INFO - __main__ -   Batch number = 47
11/21/2021 17:24:22 - INFO - __main__ -   Batch number = 48
11/21/2021 17:24:22 - INFO - __main__ -   Batch number = 49
11/21/2021 17:24:22 - INFO - __main__ -   Batch number = 50
11/21/2021 17:24:22 - INFO - __main__ -   Batch number = 51
11/21/2021 17:24:22 - INFO - __main__ -   Batch number = 52
11/21/2021 17:24:22 - INFO - __main__ -   Batch number = 53
11/21/2021 17:24:23 - INFO - __main__ -   Batch number = 54
11/21/2021 17:24:23 - INFO - __main__ -   Batch number = 55
11/21/2021 17:24:23 - INFO - __main__ -   Batch number = 56
11/21/2021 17:24:23 - INFO - __main__ -   Batch number = 57
11/21/2021 17:24:23 - INFO - __main__ -   Batch number = 58
11/21/2021 17:24:23 - INFO - __main__ -   Batch number = 59
11/21/2021 17:24:23 - INFO - __main__ -   Batch number = 60
11/21/2021 17:24:24 - INFO - __main__ -   Batch number = 61
11/21/2021 17:24:24 - INFO - __main__ -   Batch number = 62
11/21/2021 17:24:24 - INFO - __main__ -   Batch number = 63
11/21/2021 17:24:24 - INFO - __main__ -   Batch number = 64
11/21/2021 17:24:24 - INFO - __main__ -   Batch number = 65
11/21/2021 17:24:24 - INFO - __main__ -   Batch number = 66
11/21/2021 17:24:24 - INFO - __main__ -   Batch number = 67
11/21/2021 17:24:25 - INFO - __main__ -   Batch number = 68
11/21/2021 17:24:25 - INFO - __main__ -   Batch number = 69
11/21/2021 17:24:25 - INFO - __main__ -   Batch number = 70
11/21/2021 17:24:25 - INFO - __main__ -   Batch number = 71
11/21/2021 17:24:25 - INFO - __main__ -   Batch number = 72
11/21/2021 17:24:25 - INFO - __main__ -   Batch number = 73
11/21/2021 17:24:25 - INFO - __main__ -   Batch number = 74
11/21/2021 17:24:26 - INFO - __main__ -   Batch number = 75
11/21/2021 17:24:26 - INFO - __main__ -   Batch number = 76
11/21/2021 17:24:26 - INFO - __main__ -   Batch number = 77
11/21/2021 17:24:26 - INFO - __main__ -   Batch number = 78
11/21/2021 17:24:26 - INFO - __main__ -   Batch number = 79
11/21/2021 17:24:26 - INFO - __main__ -   Batch number = 80
11/21/2021 17:24:27 - INFO - __main__ -   Batch number = 81
11/21/2021 17:24:27 - INFO - __main__ -   Batch number = 82
11/21/2021 17:24:27 - INFO - __main__ -   Batch number = 83
11/21/2021 17:24:27 - INFO - __main__ -   Batch number = 84
11/21/2021 17:24:27 - INFO - __main__ -   Batch number = 85
11/21/2021 17:24:27 - INFO - __main__ -   Batch number = 86
11/21/2021 17:24:27 - INFO - __main__ -   Batch number = 87
11/21/2021 17:24:28 - INFO - __main__ -   Batch number = 88
11/21/2021 17:24:28 - INFO - __main__ -   Batch number = 89
11/21/2021 17:24:28 - INFO - __main__ -   Batch number = 90
11/21/2021 17:24:28 - INFO - __main__ -   Batch number = 91
11/21/2021 17:24:28 - INFO - __main__ -   Batch number = 92
11/21/2021 17:24:28 - INFO - __main__ -   Batch number = 93
11/21/2021 17:24:28 - INFO - __main__ -   Batch number = 94
11/21/2021 17:24:29 - INFO - __main__ -   Batch number = 95
11/21/2021 17:24:29 - INFO - __main__ -   Batch number = 96
11/21/2021 17:24:29 - INFO - __main__ -   Batch number = 97
11/21/2021 17:24:29 - INFO - __main__ -   Batch number = 98
11/21/2021 17:24:29 - INFO - __main__ -   Batch number = 99
11/21/2021 17:24:29 - INFO - __main__ -   Batch number = 100
11/21/2021 17:24:29 - INFO - __main__ -   Batch number = 101
11/21/2021 17:24:30 - INFO - __main__ -   Batch number = 102
11/21/2021 17:24:30 - INFO - __main__ -   Batch number = 103
11/21/2021 17:24:30 - INFO - __main__ -   Batch number = 104
11/21/2021 17:24:30 - INFO - __main__ -   Batch number = 105
11/21/2021 17:24:30 - INFO - __main__ -   Batch number = 106
11/21/2021 17:24:30 - INFO - __main__ -   Batch number = 107
11/21/2021 17:24:30 - INFO - __main__ -   Batch number = 108
11/21/2021 17:24:31 - INFO - __main__ -   Batch number = 109
11/21/2021 17:24:31 - INFO - __main__ -   Batch number = 110
11/21/2021 17:24:31 - INFO - __main__ -   Batch number = 111
11/21/2021 17:24:31 - INFO - __main__ -   Batch number = 112
11/21/2021 17:24:31 - INFO - __main__ -   Batch number = 113
11/21/2021 17:24:31 - INFO - __main__ -   Batch number = 114
11/21/2021 17:24:31 - INFO - __main__ -   Batch number = 115
11/21/2021 17:24:32 - INFO - __main__ -   Batch number = 116
11/21/2021 17:24:32 - INFO - __main__ -   Batch number = 117
11/21/2021 17:24:32 - INFO - __main__ -   Batch number = 118
11/21/2021 17:24:32 - INFO - __main__ -   Batch number = 119
11/21/2021 17:24:32 - INFO - __main__ -   Batch number = 120
11/21/2021 17:24:32 - INFO - __main__ -   Batch number = 121
11/21/2021 17:24:32 - INFO - __main__ -   Batch number = 122
11/21/2021 17:24:33 - INFO - __main__ -   Batch number = 123
11/21/2021 17:24:33 - INFO - __main__ -   Batch number = 124
11/21/2021 17:24:33 - INFO - __main__ -   Batch number = 125
11/21/2021 17:24:33 - INFO - __main__ -   Batch number = 126
11/21/2021 17:24:33 - INFO - __main__ -   Batch number = 127
11/21/2021 17:24:33 - INFO - __main__ -   Batch number = 128
11/21/2021 17:24:33 - INFO - __main__ -   Batch number = 129
11/21/2021 17:24:34 - INFO - __main__ -   Batch number = 130
11/21/2021 17:24:34 - INFO - __main__ -   Batch number = 131
11/21/2021 17:24:34 - INFO - __main__ -   Batch number = 132
11/21/2021 17:24:34 - INFO - __main__ -   Batch number = 133
11/21/2021 17:24:34 - INFO - __main__ -   Batch number = 134
11/21/2021 17:24:34 - INFO - __main__ -   Batch number = 135
11/21/2021 17:24:35 - INFO - __main__ -   Batch number = 136
11/21/2021 17:24:35 - INFO - __main__ -   Batch number = 137
11/21/2021 17:24:35 - INFO - __main__ -   Batch number = 138
11/21/2021 17:24:35 - INFO - __main__ -   Batch number = 139
11/21/2021 17:24:35 - INFO - __main__ -   Batch number = 140
11/21/2021 17:24:35 - INFO - __main__ -   Batch number = 141
11/21/2021 17:24:35 - INFO - __main__ -   Batch number = 142
11/21/2021 17:24:36 - INFO - __main__ -   Batch number = 143
11/21/2021 17:24:36 - INFO - __main__ -   Batch number = 144
11/21/2021 17:24:36 - INFO - __main__ -   Batch number = 145
11/21/2021 17:24:36 - INFO - __main__ -   Batch number = 146
11/21/2021 17:24:36 - INFO - __main__ -   Batch number = 147
11/21/2021 17:24:36 - INFO - __main__ -   Batch number = 148
11/21/2021 17:24:36 - INFO - __main__ -   Batch number = 149
11/21/2021 17:24:37 - INFO - __main__ -   Batch number = 150
11/21/2021 17:24:37 - INFO - __main__ -   Batch number = 151
11/21/2021 17:24:37 - INFO - __main__ -   Batch number = 152
11/21/2021 17:24:37 - INFO - __main__ -   Batch number = 153
11/21/2021 17:24:37 - INFO - __main__ -   Batch number = 154
11/21/2021 17:24:37 - INFO - __main__ -   Batch number = 155
11/21/2021 17:24:37 - INFO - __main__ -   Batch number = 156
11/21/2021 17:24:38 - INFO - __main__ -   Batch number = 157
11/21/2021 17:24:38 - INFO - __main__ -   Batch number = 158
11/21/2021 17:24:38 - INFO - __main__ -   Batch number = 159
11/21/2021 17:24:38 - INFO - __main__ -   Batch number = 160
11/21/2021 17:24:38 - INFO - __main__ -   Batch number = 161
11/21/2021 17:24:38 - INFO - __main__ -   Batch number = 162
11/21/2021 17:24:39 - INFO - __main__ -   Batch number = 163
11/21/2021 17:24:39 - INFO - __main__ -   Batch number = 164
11/21/2021 17:24:39 - INFO - __main__ -   Batch number = 165
11/21/2021 17:24:39 - INFO - __main__ -   Batch number = 166
11/21/2021 17:24:39 - INFO - __main__ -   Batch number = 167
11/21/2021 17:24:39 - INFO - __main__ -   Batch number = 168
11/21/2021 17:24:39 - INFO - __main__ -   Batch number = 169
11/21/2021 17:24:40 - INFO - __main__ -   Batch number = 170
11/21/2021 17:24:40 - INFO - __main__ -   Batch number = 171
11/21/2021 17:24:40 - INFO - __main__ -   Batch number = 172
11/21/2021 17:24:40 - INFO - __main__ -   Batch number = 173
11/21/2021 17:24:40 - INFO - __main__ -   Batch number = 174
11/21/2021 17:24:40 - INFO - __main__ -   Batch number = 175
11/21/2021 17:24:41 - INFO - __main__ -   Batch number = 176
11/21/2021 17:24:41 - INFO - __main__ -   Batch number = 177
11/21/2021 17:24:41 - INFO - __main__ -   Batch number = 178
11/21/2021 17:24:41 - INFO - __main__ -   Batch number = 179
11/21/2021 17:24:41 - INFO - __main__ -   Batch number = 180
11/21/2021 17:24:41 - INFO - __main__ -   Batch number = 181
11/21/2021 17:24:41 - INFO - __main__ -   Batch number = 182
11/21/2021 17:24:42 - INFO - __main__ -   Batch number = 183
11/21/2021 17:24:42 - INFO - __main__ -   Batch number = 184
11/21/2021 17:24:42 - INFO - __main__ -   Batch number = 185
11/21/2021 17:24:42 - INFO - __main__ -   Batch number = 186
11/21/2021 17:24:42 - INFO - __main__ -   Batch number = 187
11/21/2021 17:24:42 - INFO - __main__ -   Batch number = 188
11/21/2021 17:24:43 - INFO - __main__ -   Batch number = 189
11/21/2021 17:24:43 - INFO - __main__ -   Batch number = 190
11/21/2021 17:24:43 - INFO - __main__ -   Batch number = 191
11/21/2021 17:24:43 - INFO - __main__ -   Batch number = 192
11/21/2021 17:24:43 - INFO - __main__ -   Batch number = 193
11/21/2021 17:24:43 - INFO - __main__ -   Batch number = 194
11/21/2021 17:24:43 - INFO - __main__ -   Batch number = 195
11/21/2021 17:24:44 - INFO - __main__ -   Batch number = 196
11/21/2021 17:24:44 - INFO - __main__ -   Batch number = 197
11/21/2021 17:24:44 - INFO - __main__ -   Batch number = 198
11/21/2021 17:24:44 - INFO - __main__ -   Batch number = 199
11/21/2021 17:24:44 - INFO - __main__ -   Batch number = 200
11/21/2021 17:24:44 - INFO - __main__ -   Batch number = 201
11/21/2021 17:24:45 - INFO - __main__ -   Batch number = 202
11/21/2021 17:24:45 - INFO - __main__ -   Batch number = 203
11/21/2021 17:24:45 - INFO - __main__ -   Batch number = 204
11/21/2021 17:24:45 - INFO - __main__ -   Batch number = 205
11/21/2021 17:24:45 - INFO - __main__ -   Batch number = 206
11/21/2021 17:24:45 - INFO - __main__ -   Batch number = 207
11/21/2021 17:24:46 - INFO - __main__ -   Batch number = 208
11/21/2021 17:24:46 - INFO - __main__ -   Batch number = 209
11/21/2021 17:24:46 - INFO - __main__ -   Batch number = 210
11/21/2021 17:24:46 - INFO - __main__ -   Batch number = 211
11/21/2021 17:24:46 - INFO - __main__ -   Batch number = 212
11/21/2021 17:24:46 - INFO - __main__ -   Batch number = 213
11/21/2021 17:24:46 - INFO - __main__ -   Batch number = 214
11/21/2021 17:24:47 - INFO - __main__ -   Batch number = 215
11/21/2021 17:24:47 - INFO - __main__ -   Batch number = 216
11/21/2021 17:24:47 - INFO - __main__ -   Batch number = 217
11/21/2021 17:24:47 - INFO - __main__ -   Batch number = 218
11/21/2021 17:24:47 - INFO - __main__ -   Batch number = 219
11/21/2021 17:24:47 - INFO - __main__ -   Batch number = 220
11/21/2021 17:24:47 - INFO - __main__ -   Batch number = 221
11/21/2021 17:24:48 - INFO - __main__ -   Batch number = 222
11/21/2021 17:24:48 - INFO - __main__ -   Batch number = 223
11/21/2021 17:24:48 - INFO - __main__ -   Batch number = 224
11/21/2021 17:24:48 - INFO - __main__ -   Batch number = 225
11/21/2021 17:24:48 - INFO - __main__ -   Batch number = 226
11/21/2021 17:24:48 - INFO - __main__ -   Batch number = 227
11/21/2021 17:24:49 - INFO - __main__ -   Batch number = 228
11/21/2021 17:24:49 - INFO - __main__ -   Batch number = 229
11/21/2021 17:24:49 - INFO - __main__ -   Batch number = 230
11/21/2021 17:24:49 - INFO - __main__ -   Batch number = 231
11/21/2021 17:24:49 - INFO - __main__ -   Batch number = 232
11/21/2021 17:24:49 - INFO - __main__ -   Batch number = 233
11/21/2021 17:24:50 - INFO - __main__ -   Batch number = 234
11/21/2021 17:24:50 - INFO - __main__ -   Batch number = 235
11/21/2021 17:24:50 - INFO - __main__ -   Batch number = 236
11/21/2021 17:24:50 - INFO - __main__ -   Batch number = 237
11/21/2021 17:24:50 - INFO - __main__ -   Batch number = 238
11/21/2021 17:24:50 - INFO - __main__ -   Batch number = 239
11/21/2021 17:24:50 - INFO - __main__ -   Batch number = 240
11/21/2021 17:24:51 - INFO - __main__ -   Batch number = 241
11/21/2021 17:24:51 - INFO - __main__ -   Batch number = 242
11/21/2021 17:24:51 - INFO - __main__ -   Batch number = 243
11/21/2021 17:24:51 - INFO - __main__ -   Batch number = 244
11/21/2021 17:24:51 - INFO - __main__ -   Batch number = 245
11/21/2021 17:24:51 - INFO - __main__ -   Batch number = 246
11/21/2021 17:24:52 - INFO - __main__ -   Batch number = 247
11/21/2021 17:24:52 - INFO - __main__ -   Batch number = 248
11/21/2021 17:24:52 - INFO - __main__ -   Batch number = 249
11/21/2021 17:24:52 - INFO - __main__ -   Batch number = 250
11/21/2021 17:24:52 - INFO - __main__ -   Batch number = 251
11/21/2021 17:24:52 - INFO - __main__ -   Batch number = 252
11/21/2021 17:24:52 - INFO - __main__ -   Batch number = 253
11/21/2021 17:24:53 - INFO - __main__ -   Batch number = 254
11/21/2021 17:24:53 - INFO - __main__ -   Batch number = 255
11/21/2021 17:24:53 - INFO - __main__ -   Batch number = 256
11/21/2021 17:24:53 - INFO - __main__ -   Batch number = 257
11/21/2021 17:24:53 - INFO - __main__ -   Batch number = 258
11/21/2021 17:24:53 - INFO - __main__ -   Batch number = 259
11/21/2021 17:24:54 - INFO - __main__ -   Batch number = 260
11/21/2021 17:24:54 - INFO - __main__ -   Batch number = 261
11/21/2021 17:24:54 - INFO - __main__ -   Batch number = 262
11/21/2021 17:24:54 - INFO - __main__ -   Batch number = 263
11/21/2021 17:24:54 - INFO - __main__ -   Batch number = 264
11/21/2021 17:24:54 - INFO - __main__ -   Batch number = 265
11/21/2021 17:24:54 - INFO - __main__ -   Batch number = 266
11/21/2021 17:24:55 - INFO - __main__ -   Batch number = 267
11/21/2021 17:24:55 - INFO - __main__ -   Batch number = 268
11/21/2021 17:24:55 - INFO - __main__ -   Batch number = 269
11/21/2021 17:24:55 - INFO - __main__ -   Batch number = 270
11/21/2021 17:24:55 - INFO - __main__ -   Batch number = 271
11/21/2021 17:24:55 - INFO - __main__ -   Batch number = 272
11/21/2021 17:24:55 - INFO - __main__ -   Batch number = 273
11/21/2021 17:24:56 - INFO - __main__ -   Batch number = 274
11/21/2021 17:24:56 - INFO - __main__ -   Batch number = 275
11/21/2021 17:24:56 - INFO - __main__ -   Batch number = 276
11/21/2021 17:24:56 - INFO - __main__ -   Batch number = 277
11/21/2021 17:24:56 - INFO - __main__ -   Batch number = 278
11/21/2021 17:24:56 - INFO - __main__ -   Batch number = 279
11/21/2021 17:24:57 - INFO - __main__ -   Batch number = 280
11/21/2021 17:24:57 - INFO - __main__ -   Batch number = 281
11/21/2021 17:24:57 - INFO - __main__ -   Batch number = 282
11/21/2021 17:24:57 - INFO - __main__ -   Batch number = 283
11/21/2021 17:24:57 - INFO - __main__ -   Batch number = 284
11/21/2021 17:24:57 - INFO - __main__ -   Batch number = 285
11/21/2021 17:24:57 - INFO - __main__ -   Batch number = 286
11/21/2021 17:24:58 - INFO - __main__ -   Batch number = 287
11/21/2021 17:24:58 - INFO - __main__ -   Batch number = 288
11/21/2021 17:24:58 - INFO - __main__ -   Batch number = 289
11/21/2021 17:24:58 - INFO - __main__ -   Batch number = 290
11/21/2021 17:24:58 - INFO - __main__ -   Batch number = 291
11/21/2021 17:24:58 - INFO - __main__ -   Batch number = 292
11/21/2021 17:24:58 - INFO - __main__ -   Batch number = 293
11/21/2021 17:24:59 - INFO - __main__ -   Batch number = 294
11/21/2021 17:24:59 - INFO - __main__ -   Batch number = 295
11/21/2021 17:24:59 - INFO - __main__ -   Batch number = 296
11/21/2021 17:24:59 - INFO - __main__ -   Batch number = 297
11/21/2021 17:24:59 - INFO - __main__ -   Batch number = 298
11/21/2021 17:24:59 - INFO - __main__ -   Batch number = 299
11/21/2021 17:25:00 - INFO - __main__ -   Batch number = 300
11/21/2021 17:25:00 - INFO - __main__ -   Batch number = 301
11/21/2021 17:25:00 - INFO - __main__ -   Batch number = 302
11/21/2021 17:25:00 - INFO - __main__ -   Batch number = 303
11/21/2021 17:25:00 - INFO - __main__ -   Batch number = 304
11/21/2021 17:25:00 - INFO - __main__ -   Batch number = 305
11/21/2021 17:25:00 - INFO - __main__ -   Batch number = 306
11/21/2021 17:25:01 - INFO - __main__ -   Batch number = 307
11/21/2021 17:25:01 - INFO - __main__ -   Batch number = 308
11/21/2021 17:25:01 - INFO - __main__ -   Batch number = 309
11/21/2021 17:25:01 - INFO - __main__ -   Batch number = 310
11/21/2021 17:25:01 - INFO - __main__ -   Batch number = 311
11/21/2021 17:25:01 - INFO - __main__ -   Batch number = 312
11/21/2021 17:25:02 - INFO - __main__ -   Batch number = 313
11/21/2021 17:25:03 - INFO - __main__ -   ***** Evaluation result  in en *****
11/21/2021 17:25:03 - INFO - __main__ -     f1 = 0.7194460551898216
11/21/2021 17:25:03 - INFO - __main__ -     loss = 0.8960409012560646
11/21/2021 17:25:03 - INFO - __main__ -     precision = 0.6866779528584451
11/21/2021 17:25:03 - INFO - __main__ -     recall = 0.755498244859947
11/21/2021 17:25:05 - INFO - root -   Input args: ModelArguments(model_name_or_path='bert-base-multilingual-cased', model_type='bert', config_name=None, tokenizer_name=None, cache_dir=None, labels='/home/abhijeet/rohan/cloud-emea/data//panx/panx_processed_maxlen128//labels.txt', data_dir='/home/abhijeet/rohan/cloud-emea/data//panx/panx_processed_maxlen128/', output_dir='/home/abhijeet/rohan/cloud-emea/outputs//panx/my-bert-base-multilingual-cased-MaxLen128_ner_et/', max_seq_length=128, do_train=False, do_eval=False, do_predict=True, do_adapter_predict=False, do_predict_dev=False, do_predict_train=False, init_checkpoint=None, evaluate_during_training=False, do_lower_case=False, few_shot=-1, per_gpu_train_batch_size=8, per_gpu_eval_batch_size=32, gradient_accumulation_steps=4, learning_rate=5e-05, weight_decay=0.0, adam_epsilon=1e-08, max_grad_norm=1.0, num_train_epochs=100.0, max_steps=-1, save_steps=1000, warmup_steps=0, logging_steps=50, save_only_best_checkpoint=True, eval_all_checkpoints=True, no_cuda=False, overwrite_output_dir=True, overwrite_cache=False, seed=2, fp16=False, fp16_opt_level='O1', local_rank=-1, server_ip='', server_port='', predict_langs='en', train_langs='en', log_file='/home/abhijeet/rohan/cloud-emea/outputs//panx/my-bert-base-multilingual-cased-MaxLen128_ner_et//train_ar.log', eval_patience=-1, bpe_dropout=0, do_save_adapter_fusions=False, task_name='ner', predict_task_adapter='output/panx/my-bert-base-multilingual-cased-LR1e-4-epoch100-MaxLen128-TrainLangen_en_s2/checkpoint-best/ner/', predict_lang_adapter=None, test_adapter=True, adapter_weight=None, lang_to_vec=None, calc_weight_step=0, predict_save_prefix='', en_weight=None, temperature=1.0, get_attr=False, topk=1, task='udpos')
11/21/2021 17:25:05 - WARNING - __main__ -   Process rank: -1, device: cuda, n_gpu: 1, distributed training: False, 16-bits training: False
11/21/2021 17:25:05 - INFO - __main__ -   Seed = 2
11/21/2021 17:25:05 - INFO - root -   save model
11/21/2021 17:25:05 - INFO - __main__ -   Training/evaluation parameters ModelArguments(model_name_or_path='bert-base-multilingual-cased', model_type='bert', config_name=None, tokenizer_name=None, cache_dir=None, labels='/home/abhijeet/rohan/cloud-emea/data//panx/panx_processed_maxlen128//labels.txt', data_dir='/home/abhijeet/rohan/cloud-emea/data//panx/panx_processed_maxlen128/', output_dir='/home/abhijeet/rohan/cloud-emea/outputs//panx/my-bert-base-multilingual-cased-MaxLen128_ner_et/', max_seq_length=128, do_train=False, do_eval=False, do_predict=True, do_adapter_predict=False, do_predict_dev=False, do_predict_train=False, init_checkpoint=None, evaluate_during_training=False, do_lower_case=False, few_shot=-1, per_gpu_train_batch_size=8, per_gpu_eval_batch_size=32, gradient_accumulation_steps=4, learning_rate=5e-05, weight_decay=0.0, adam_epsilon=1e-08, max_grad_norm=1.0, num_train_epochs=100.0, max_steps=-1, save_steps=1000, warmup_steps=0, logging_steps=50, save_only_best_checkpoint=True, eval_all_checkpoints=True, no_cuda=False, overwrite_output_dir=True, overwrite_cache=False, seed=2, fp16=False, fp16_opt_level='O1', local_rank=-1, server_ip='', server_port='', predict_langs='en', train_langs='en', log_file='/home/abhijeet/rohan/cloud-emea/outputs//panx/my-bert-base-multilingual-cased-MaxLen128_ner_et//train_ar.log', eval_patience=-1, bpe_dropout=0, do_save_adapter_fusions=False, task_name='ner', predict_task_adapter='output/panx/my-bert-base-multilingual-cased-LR1e-4-epoch100-MaxLen128-TrainLangen_en_s2/checkpoint-best/ner/', predict_lang_adapter=None, test_adapter=True, adapter_weight=None, lang_to_vec=None, calc_weight_step=0, predict_save_prefix='', en_weight=None, temperature=1.0, get_attr=False, topk=1, task='udpos')
11/21/2021 17:25:05 - INFO - __main__ -   Loading pretrained model and tokenizer
11/21/2021 17:25:07 - INFO - __main__ -   loading from existing model bert-base-multilingual-cased
11/21/2021 17:25:13 - INFO - __main__ -   Using lang2id = None
11/21/2021 17:25:13 - INFO - __main__ -   Evaluating the model on test set of all the languages specified
11/21/2021 17:25:13 - INFO - __main__ -   Task Adapter will be loaded from this path output/panx/my-bert-base-multilingual-cased-LR1e-4-epoch100-MaxLen128-TrainLangen_en_s2/checkpoint-best/ner/
11/21/2021 17:25:13 - INFO - root -   Trying to decide if add adapter
11/21/2021 17:25:13 - INFO - root -   loading task adapter
11/21/2021 17:25:13 - INFO - root -   loading lang adpater et/wiki@ukp
11/21/2021 17:25:13 - INFO - __main__ -   Adapter Languages : ['et'], Length : 1
11/21/2021 17:25:13 - INFO - __main__ -   Adapter Names ['et/wiki@ukp'], Length : 1
11/21/2021 17:25:13 - INFO - __main__ -   Language = et
11/21/2021 17:25:13 - INFO - __main__ -   Adapter Name = et/wiki@ukp
11/21/2021 17:25:17 - INFO - __main__ -   Language adapter for en not found, using et instead
11/21/2021 17:25:17 - INFO - __main__ -   Set active language adapter to et
11/21/2021 17:25:17 - INFO - __main__ -   Args Adapter Weight = None
11/21/2021 17:25:17 - INFO - __main__ -   Adapter Languages = ['et']
11/21/2021 17:25:17 - INFO - __main__ -   Loading features from cached file /home/abhijeet/rohan/cloud-emea/data//panx/panx_processed_maxlen128/cached_test_en_bert-base-multilingual-cased_128
11/21/2021 17:25:18 - INFO - __main__ -   ***** Running evaluation  in en *****
11/21/2021 17:25:18 - INFO - __main__ -     Num examples = 10004
11/21/2021 17:25:18 - INFO - __main__ -     Batch size = 32
11/21/2021 17:25:18 - INFO - __main__ -   Batch number = 1
11/21/2021 17:25:19 - INFO - __main__ -   Batch number = 2
11/21/2021 17:25:19 - INFO - __main__ -   Batch number = 3
11/21/2021 17:25:19 - INFO - __main__ -   Batch number = 4
11/21/2021 17:25:19 - INFO - __main__ -   Batch number = 5
11/21/2021 17:25:19 - INFO - __main__ -   Batch number = 6
11/21/2021 17:25:19 - INFO - __main__ -   Batch number = 7
11/21/2021 17:25:19 - INFO - __main__ -   Batch number = 8
11/21/2021 17:25:19 - INFO - __main__ -   Batch number = 9
11/21/2021 17:25:20 - INFO - __main__ -   Batch number = 10
11/21/2021 17:25:20 - INFO - __main__ -   Batch number = 11
11/21/2021 17:25:20 - INFO - __main__ -   Batch number = 12
11/21/2021 17:25:20 - INFO - __main__ -   Batch number = 13
11/21/2021 17:25:20 - INFO - __main__ -   Batch number = 14
11/21/2021 17:25:20 - INFO - __main__ -   Batch number = 15
11/21/2021 17:25:20 - INFO - __main__ -   Batch number = 16
11/21/2021 17:25:21 - INFO - __main__ -   Batch number = 17
11/21/2021 17:25:21 - INFO - __main__ -   Batch number = 18
11/21/2021 17:25:21 - INFO - __main__ -   Batch number = 19
11/21/2021 17:25:21 - INFO - __main__ -   Batch number = 20
11/21/2021 17:25:21 - INFO - __main__ -   Batch number = 21
11/21/2021 17:25:21 - INFO - __main__ -   Batch number = 22
11/21/2021 17:25:21 - INFO - __main__ -   Batch number = 23
11/21/2021 17:25:22 - INFO - __main__ -   Batch number = 24
11/21/2021 17:25:22 - INFO - __main__ -   Batch number = 25
11/21/2021 17:25:22 - INFO - __main__ -   Batch number = 26
11/21/2021 17:25:22 - INFO - __main__ -   Batch number = 27
11/21/2021 17:25:22 - INFO - __main__ -   Batch number = 28
11/21/2021 17:25:22 - INFO - __main__ -   Batch number = 29
11/21/2021 17:25:22 - INFO - __main__ -   Batch number = 30
11/21/2021 17:25:23 - INFO - __main__ -   Batch number = 31
11/21/2021 17:25:23 - INFO - __main__ -   Batch number = 32
11/21/2021 17:25:23 - INFO - __main__ -   Batch number = 33
11/21/2021 17:25:23 - INFO - __main__ -   Batch number = 34
11/21/2021 17:25:23 - INFO - __main__ -   Batch number = 35
11/21/2021 17:25:23 - INFO - __main__ -   Batch number = 36
11/21/2021 17:25:23 - INFO - __main__ -   Batch number = 37
11/21/2021 17:25:24 - INFO - __main__ -   Batch number = 38
11/21/2021 17:25:24 - INFO - __main__ -   Batch number = 39
11/21/2021 17:25:24 - INFO - __main__ -   Batch number = 40
11/21/2021 17:25:24 - INFO - __main__ -   Batch number = 41
11/21/2021 17:25:24 - INFO - __main__ -   Batch number = 42
11/21/2021 17:25:24 - INFO - __main__ -   Batch number = 43
11/21/2021 17:25:24 - INFO - __main__ -   Batch number = 44
11/21/2021 17:25:24 - INFO - __main__ -   Batch number = 45
11/21/2021 17:25:25 - INFO - __main__ -   Batch number = 46
11/21/2021 17:25:25 - INFO - __main__ -   Batch number = 47
11/21/2021 17:25:25 - INFO - __main__ -   Batch number = 48
11/21/2021 17:25:25 - INFO - __main__ -   Batch number = 49
11/21/2021 17:25:25 - INFO - __main__ -   Batch number = 50
11/21/2021 17:25:25 - INFO - __main__ -   Batch number = 51
11/21/2021 17:25:25 - INFO - __main__ -   Batch number = 52
11/21/2021 17:25:26 - INFO - __main__ -   Batch number = 53
11/21/2021 17:25:26 - INFO - __main__ -   Batch number = 54
11/21/2021 17:25:26 - INFO - __main__ -   Batch number = 55
11/21/2021 17:25:26 - INFO - __main__ -   Batch number = 56
11/21/2021 17:25:26 - INFO - __main__ -   Batch number = 57
11/21/2021 17:25:26 - INFO - __main__ -   Batch number = 58
11/21/2021 17:25:26 - INFO - __main__ -   Batch number = 59
11/21/2021 17:25:27 - INFO - __main__ -   Batch number = 60
11/21/2021 17:25:27 - INFO - __main__ -   Batch number = 61
11/21/2021 17:25:27 - INFO - __main__ -   Batch number = 62
11/21/2021 17:25:27 - INFO - __main__ -   Batch number = 63
11/21/2021 17:25:27 - INFO - __main__ -   Batch number = 64
11/21/2021 17:25:27 - INFO - __main__ -   Batch number = 65
11/21/2021 17:25:27 - INFO - __main__ -   Batch number = 66
11/21/2021 17:25:28 - INFO - __main__ -   Batch number = 67
11/21/2021 17:25:28 - INFO - __main__ -   Batch number = 68
11/21/2021 17:25:28 - INFO - __main__ -   Batch number = 69
11/21/2021 17:25:28 - INFO - __main__ -   Batch number = 70
11/21/2021 17:25:28 - INFO - __main__ -   Batch number = 71
11/21/2021 17:25:28 - INFO - __main__ -   Batch number = 72
11/21/2021 17:25:28 - INFO - __main__ -   Batch number = 73
11/21/2021 17:25:29 - INFO - __main__ -   Batch number = 74
11/21/2021 17:25:29 - INFO - __main__ -   Batch number = 75
11/21/2021 17:25:29 - INFO - __main__ -   Batch number = 76
11/21/2021 17:25:29 - INFO - __main__ -   Batch number = 77
11/21/2021 17:25:29 - INFO - __main__ -   Batch number = 78
11/21/2021 17:25:29 - INFO - __main__ -   Batch number = 79
11/21/2021 17:25:29 - INFO - __main__ -   Batch number = 80
11/21/2021 17:25:30 - INFO - __main__ -   Batch number = 81
11/21/2021 17:25:30 - INFO - __main__ -   Batch number = 82
11/21/2021 17:25:30 - INFO - __main__ -   Batch number = 83
11/21/2021 17:25:30 - INFO - __main__ -   Batch number = 84
11/21/2021 17:25:30 - INFO - __main__ -   Batch number = 85
11/21/2021 17:25:30 - INFO - __main__ -   Batch number = 86
11/21/2021 17:25:30 - INFO - __main__ -   Batch number = 87
11/21/2021 17:25:31 - INFO - __main__ -   Batch number = 88
11/21/2021 17:25:31 - INFO - __main__ -   Batch number = 89
11/21/2021 17:25:31 - INFO - __main__ -   Batch number = 90
11/21/2021 17:25:31 - INFO - __main__ -   Batch number = 91
11/21/2021 17:25:31 - INFO - __main__ -   Batch number = 92
11/21/2021 17:25:31 - INFO - __main__ -   Batch number = 93
11/21/2021 17:25:31 - INFO - __main__ -   Batch number = 94
11/21/2021 17:25:32 - INFO - __main__ -   Batch number = 95
11/21/2021 17:25:32 - INFO - __main__ -   Batch number = 96
11/21/2021 17:25:32 - INFO - __main__ -   Batch number = 97
11/21/2021 17:25:32 - INFO - __main__ -   Batch number = 98
11/21/2021 17:25:32 - INFO - __main__ -   Batch number = 99
11/21/2021 17:25:32 - INFO - __main__ -   Batch number = 100
11/21/2021 17:25:32 - INFO - __main__ -   Batch number = 101
11/21/2021 17:25:33 - INFO - __main__ -   Batch number = 102
11/21/2021 17:25:33 - INFO - __main__ -   Batch number = 103
11/21/2021 17:25:33 - INFO - __main__ -   Batch number = 104
11/21/2021 17:25:33 - INFO - __main__ -   Batch number = 105
11/21/2021 17:25:33 - INFO - __main__ -   Batch number = 106
11/21/2021 17:25:33 - INFO - __main__ -   Batch number = 107
11/21/2021 17:25:34 - INFO - __main__ -   Batch number = 108
11/21/2021 17:25:34 - INFO - __main__ -   Batch number = 109
11/21/2021 17:25:34 - INFO - __main__ -   Batch number = 110
11/21/2021 17:25:34 - INFO - __main__ -   Batch number = 111
11/21/2021 17:25:34 - INFO - __main__ -   Batch number = 112
11/21/2021 17:25:34 - INFO - __main__ -   Batch number = 113
11/21/2021 17:25:34 - INFO - __main__ -   Batch number = 114
11/21/2021 17:25:35 - INFO - __main__ -   Batch number = 115
11/21/2021 17:25:35 - INFO - __main__ -   Batch number = 116
11/21/2021 17:25:35 - INFO - __main__ -   Batch number = 117
11/21/2021 17:25:35 - INFO - __main__ -   Batch number = 118
11/21/2021 17:25:35 - INFO - __main__ -   Batch number = 119
11/21/2021 17:25:35 - INFO - __main__ -   Batch number = 120
11/21/2021 17:25:35 - INFO - __main__ -   Batch number = 121
11/21/2021 17:25:36 - INFO - __main__ -   Batch number = 122
11/21/2021 17:25:36 - INFO - __main__ -   Batch number = 123
11/21/2021 17:25:36 - INFO - __main__ -   Batch number = 124
11/21/2021 17:25:36 - INFO - __main__ -   Batch number = 125
11/21/2021 17:25:36 - INFO - __main__ -   Batch number = 126
11/21/2021 17:25:37 - INFO - __main__ -   Batch number = 127
11/21/2021 17:25:37 - INFO - __main__ -   Batch number = 128
11/21/2021 17:25:37 - INFO - __main__ -   Batch number = 129
11/21/2021 17:25:37 - INFO - __main__ -   Batch number = 130
11/21/2021 17:25:37 - INFO - __main__ -   Batch number = 131
11/21/2021 17:25:37 - INFO - __main__ -   Batch number = 132
11/21/2021 17:25:38 - INFO - __main__ -   Batch number = 133
11/21/2021 17:25:38 - INFO - __main__ -   Batch number = 134
11/21/2021 17:25:38 - INFO - __main__ -   Batch number = 135
11/21/2021 17:25:38 - INFO - __main__ -   Batch number = 136
11/21/2021 17:25:38 - INFO - __main__ -   Batch number = 137
11/21/2021 17:25:38 - INFO - __main__ -   Batch number = 138
11/21/2021 17:25:38 - INFO - __main__ -   Batch number = 139
11/21/2021 17:25:39 - INFO - __main__ -   Batch number = 140
11/21/2021 17:25:39 - INFO - __main__ -   Batch number = 141
11/21/2021 17:25:39 - INFO - __main__ -   Batch number = 142
11/21/2021 17:25:39 - INFO - __main__ -   Batch number = 143
11/21/2021 17:25:39 - INFO - __main__ -   Batch number = 144
11/21/2021 17:25:39 - INFO - __main__ -   Batch number = 145
11/21/2021 17:25:40 - INFO - __main__ -   Batch number = 146
11/21/2021 17:25:40 - INFO - __main__ -   Batch number = 147
11/21/2021 17:25:40 - INFO - __main__ -   Batch number = 148
11/21/2021 17:25:40 - INFO - __main__ -   Batch number = 149
11/21/2021 17:25:40 - INFO - __main__ -   Batch number = 150
11/21/2021 17:25:40 - INFO - __main__ -   Batch number = 151
11/21/2021 17:25:40 - INFO - __main__ -   Batch number = 152
11/21/2021 17:25:41 - INFO - __main__ -   Batch number = 153
11/21/2021 17:25:41 - INFO - __main__ -   Batch number = 154
11/21/2021 17:25:41 - INFO - __main__ -   Batch number = 155
11/21/2021 17:25:41 - INFO - __main__ -   Batch number = 156
11/21/2021 17:25:41 - INFO - __main__ -   Batch number = 157
11/21/2021 17:25:41 - INFO - __main__ -   Batch number = 158
11/21/2021 17:25:41 - INFO - __main__ -   Batch number = 159
11/21/2021 17:25:42 - INFO - __main__ -   Batch number = 160
11/21/2021 17:25:42 - INFO - __main__ -   Batch number = 161
11/21/2021 17:25:42 - INFO - __main__ -   Batch number = 162
11/21/2021 17:25:42 - INFO - __main__ -   Batch number = 163
11/21/2021 17:25:42 - INFO - __main__ -   Batch number = 164
11/21/2021 17:25:42 - INFO - __main__ -   Batch number = 165
11/21/2021 17:25:43 - INFO - __main__ -   Batch number = 166
11/21/2021 17:25:43 - INFO - __main__ -   Batch number = 167
11/21/2021 17:25:43 - INFO - __main__ -   Batch number = 168
11/21/2021 17:25:43 - INFO - __main__ -   Batch number = 169
11/21/2021 17:25:43 - INFO - __main__ -   Batch number = 170
11/21/2021 17:25:43 - INFO - __main__ -   Batch number = 171
11/21/2021 17:25:43 - INFO - __main__ -   Batch number = 172
11/21/2021 17:25:44 - INFO - __main__ -   Batch number = 173
11/21/2021 17:25:44 - INFO - __main__ -   Batch number = 174
11/21/2021 17:25:44 - INFO - __main__ -   Batch number = 175
11/21/2021 17:25:44 - INFO - __main__ -   Batch number = 176
11/21/2021 17:25:44 - INFO - __main__ -   Batch number = 177
11/21/2021 17:25:44 - INFO - __main__ -   Batch number = 178
11/21/2021 17:25:44 - INFO - __main__ -   Batch number = 179
11/21/2021 17:25:45 - INFO - __main__ -   Batch number = 180
11/21/2021 17:25:45 - INFO - __main__ -   Batch number = 181
11/21/2021 17:25:45 - INFO - __main__ -   Batch number = 182
11/21/2021 17:25:45 - INFO - __main__ -   Batch number = 183
11/21/2021 17:25:45 - INFO - __main__ -   Batch number = 184
11/21/2021 17:25:45 - INFO - __main__ -   Batch number = 185
11/21/2021 17:25:45 - INFO - __main__ -   Batch number = 186
11/21/2021 17:25:46 - INFO - __main__ -   Batch number = 187
11/21/2021 17:25:46 - INFO - __main__ -   Batch number = 188
11/21/2021 17:25:46 - INFO - __main__ -   Batch number = 189
11/21/2021 17:25:46 - INFO - __main__ -   Batch number = 190
11/21/2021 17:25:46 - INFO - __main__ -   Batch number = 191
11/21/2021 17:25:46 - INFO - __main__ -   Batch number = 192
11/21/2021 17:25:47 - INFO - __main__ -   Batch number = 193
11/21/2021 17:25:47 - INFO - __main__ -   Batch number = 194
11/21/2021 17:25:47 - INFO - __main__ -   Batch number = 195
11/21/2021 17:25:47 - INFO - __main__ -   Batch number = 196
11/21/2021 17:25:47 - INFO - __main__ -   Batch number = 197
11/21/2021 17:25:47 - INFO - __main__ -   Batch number = 198
11/21/2021 17:25:47 - INFO - __main__ -   Batch number = 199
11/21/2021 17:25:48 - INFO - __main__ -   Batch number = 200
11/21/2021 17:25:48 - INFO - __main__ -   Batch number = 201
11/21/2021 17:25:48 - INFO - __main__ -   Batch number = 202
11/21/2021 17:25:48 - INFO - __main__ -   Batch number = 203
11/21/2021 17:25:48 - INFO - __main__ -   Batch number = 204
11/21/2021 17:25:48 - INFO - __main__ -   Batch number = 205
11/21/2021 17:25:48 - INFO - __main__ -   Batch number = 206
11/21/2021 17:25:49 - INFO - __main__ -   Batch number = 207
11/21/2021 17:25:49 - INFO - __main__ -   Batch number = 208
11/21/2021 17:25:49 - INFO - __main__ -   Batch number = 209
11/21/2021 17:25:49 - INFO - __main__ -   Batch number = 210
11/21/2021 17:25:49 - INFO - __main__ -   Batch number = 211
11/21/2021 17:25:49 - INFO - __main__ -   Batch number = 212
11/21/2021 17:25:50 - INFO - __main__ -   Batch number = 213
11/21/2021 17:25:50 - INFO - __main__ -   Batch number = 214
11/21/2021 17:25:50 - INFO - __main__ -   Batch number = 215
11/21/2021 17:25:50 - INFO - __main__ -   Batch number = 216
11/21/2021 17:25:50 - INFO - __main__ -   Batch number = 217
11/21/2021 17:25:50 - INFO - __main__ -   Batch number = 218
11/21/2021 17:25:50 - INFO - __main__ -   Batch number = 219
11/21/2021 17:25:51 - INFO - __main__ -   Batch number = 220
11/21/2021 17:25:51 - INFO - __main__ -   Batch number = 221
11/21/2021 17:25:51 - INFO - __main__ -   Batch number = 222
11/21/2021 17:25:51 - INFO - __main__ -   Batch number = 223
11/21/2021 17:25:51 - INFO - __main__ -   Batch number = 224
11/21/2021 17:25:51 - INFO - __main__ -   Batch number = 225
11/21/2021 17:25:52 - INFO - __main__ -   Batch number = 226
11/21/2021 17:25:52 - INFO - __main__ -   Batch number = 227
11/21/2021 17:25:52 - INFO - __main__ -   Batch number = 228
11/21/2021 17:25:52 - INFO - __main__ -   Batch number = 229
11/21/2021 17:25:52 - INFO - __main__ -   Batch number = 230
11/21/2021 17:25:52 - INFO - __main__ -   Batch number = 231
11/21/2021 17:25:53 - INFO - __main__ -   Batch number = 232
11/21/2021 17:25:53 - INFO - __main__ -   Batch number = 233
11/21/2021 17:25:53 - INFO - __main__ -   Batch number = 234
11/21/2021 17:25:53 - INFO - __main__ -   Batch number = 235
11/21/2021 17:25:53 - INFO - __main__ -   Batch number = 236
11/21/2021 17:25:53 - INFO - __main__ -   Batch number = 237
11/21/2021 17:25:53 - INFO - __main__ -   Batch number = 238
11/21/2021 17:25:54 - INFO - __main__ -   Batch number = 239
11/21/2021 17:25:54 - INFO - __main__ -   Batch number = 240
11/21/2021 17:25:54 - INFO - __main__ -   Batch number = 241
11/21/2021 17:25:54 - INFO - __main__ -   Batch number = 242
11/21/2021 17:25:54 - INFO - __main__ -   Batch number = 243
11/21/2021 17:25:54 - INFO - __main__ -   Batch number = 244
11/21/2021 17:25:55 - INFO - __main__ -   Batch number = 245
11/21/2021 17:25:55 - INFO - __main__ -   Batch number = 246
11/21/2021 17:25:55 - INFO - __main__ -   Batch number = 247
11/21/2021 17:25:55 - INFO - __main__ -   Batch number = 248
11/21/2021 17:25:55 - INFO - __main__ -   Batch number = 249
11/21/2021 17:25:55 - INFO - __main__ -   Batch number = 250
11/21/2021 17:25:55 - INFO - __main__ -   Batch number = 251
11/21/2021 17:25:56 - INFO - __main__ -   Batch number = 252
11/21/2021 17:25:56 - INFO - __main__ -   Batch number = 253
11/21/2021 17:25:56 - INFO - __main__ -   Batch number = 254
11/21/2021 17:25:56 - INFO - __main__ -   Batch number = 255
11/21/2021 17:25:56 - INFO - __main__ -   Batch number = 256
11/21/2021 17:25:56 - INFO - __main__ -   Batch number = 257
11/21/2021 17:25:57 - INFO - __main__ -   Batch number = 258
11/21/2021 17:25:57 - INFO - __main__ -   Batch number = 259
11/21/2021 17:25:57 - INFO - __main__ -   Batch number = 260
11/21/2021 17:25:57 - INFO - __main__ -   Batch number = 261
11/21/2021 17:25:57 - INFO - __main__ -   Batch number = 262
11/21/2021 17:25:57 - INFO - __main__ -   Batch number = 263
11/21/2021 17:25:57 - INFO - __main__ -   Batch number = 264
11/21/2021 17:25:58 - INFO - __main__ -   Batch number = 265
11/21/2021 17:25:58 - INFO - __main__ -   Batch number = 266
11/21/2021 17:25:58 - INFO - __main__ -   Batch number = 267
11/21/2021 17:25:58 - INFO - __main__ -   Batch number = 268
11/21/2021 17:25:58 - INFO - __main__ -   Batch number = 269
11/21/2021 17:25:58 - INFO - __main__ -   Batch number = 270
11/21/2021 17:25:59 - INFO - __main__ -   Batch number = 271
11/21/2021 17:25:59 - INFO - __main__ -   Batch number = 272
11/21/2021 17:25:59 - INFO - __main__ -   Batch number = 273
11/21/2021 17:25:59 - INFO - __main__ -   Batch number = 274
11/21/2021 17:25:59 - INFO - __main__ -   Batch number = 275
11/21/2021 17:25:59 - INFO - __main__ -   Batch number = 276
11/21/2021 17:25:59 - INFO - __main__ -   Batch number = 277
11/21/2021 17:26:00 - INFO - __main__ -   Batch number = 278
11/21/2021 17:26:00 - INFO - __main__ -   Batch number = 279
11/21/2021 17:26:00 - INFO - __main__ -   Batch number = 280
11/21/2021 17:26:00 - INFO - __main__ -   Batch number = 281
11/21/2021 17:26:00 - INFO - __main__ -   Batch number = 282
11/21/2021 17:26:00 - INFO - __main__ -   Batch number = 283
11/21/2021 17:26:00 - INFO - __main__ -   Batch number = 284
11/21/2021 17:26:01 - INFO - __main__ -   Batch number = 285
11/21/2021 17:26:01 - INFO - __main__ -   Batch number = 286
11/21/2021 17:26:01 - INFO - __main__ -   Batch number = 287
11/21/2021 17:26:01 - INFO - __main__ -   Batch number = 288
11/21/2021 17:26:01 - INFO - __main__ -   Batch number = 289
11/21/2021 17:26:01 - INFO - __main__ -   Batch number = 290
11/21/2021 17:26:02 - INFO - __main__ -   Batch number = 291
11/21/2021 17:26:02 - INFO - __main__ -   Batch number = 292
11/21/2021 17:26:02 - INFO - __main__ -   Batch number = 293
11/21/2021 17:26:02 - INFO - __main__ -   Batch number = 294
11/21/2021 17:26:02 - INFO - __main__ -   Batch number = 295
11/21/2021 17:26:02 - INFO - __main__ -   Batch number = 296
11/21/2021 17:26:03 - INFO - __main__ -   Batch number = 297
11/21/2021 17:26:03 - INFO - __main__ -   Batch number = 298
11/21/2021 17:26:03 - INFO - __main__ -   Batch number = 299
11/21/2021 17:26:03 - INFO - __main__ -   Batch number = 300
11/21/2021 17:26:03 - INFO - __main__ -   Batch number = 301
11/21/2021 17:26:03 - INFO - __main__ -   Batch number = 302
11/21/2021 17:26:04 - INFO - __main__ -   Batch number = 303
11/21/2021 17:26:04 - INFO - __main__ -   Batch number = 304
11/21/2021 17:26:04 - INFO - __main__ -   Batch number = 305
11/21/2021 17:26:04 - INFO - __main__ -   Batch number = 306
11/21/2021 17:26:04 - INFO - __main__ -   Batch number = 307
11/21/2021 17:26:04 - INFO - __main__ -   Batch number = 308
11/21/2021 17:26:04 - INFO - __main__ -   Batch number = 309
11/21/2021 17:26:05 - INFO - __main__ -   Batch number = 310
11/21/2021 17:26:05 - INFO - __main__ -   Batch number = 311
11/21/2021 17:26:05 - INFO - __main__ -   Batch number = 312
11/21/2021 17:26:05 - INFO - __main__ -   Batch number = 313
11/21/2021 17:26:06 - INFO - __main__ -   ***** Evaluation result  in en *****
11/21/2021 17:26:06 - INFO - __main__ -     f1 = 0.7384594184924901
11/21/2021 17:26:06 - INFO - __main__ -     loss = 0.827380433369178
11/21/2021 17:26:06 - INFO - __main__ -     precision = 0.711261530293981
11/21/2021 17:26:06 - INFO - __main__ -     recall = 0.7678200444157891
11/21/2021 17:26:08 - INFO - root -   Input args: ModelArguments(model_name_or_path='bert-base-multilingual-cased', model_type='bert', config_name=None, tokenizer_name=None, cache_dir=None, labels='/home/abhijeet/rohan/cloud-emea/data//panx/panx_processed_maxlen128//labels.txt', data_dir='/home/abhijeet/rohan/cloud-emea/data//panx/panx_processed_maxlen128/', output_dir='/home/abhijeet/rohan/cloud-emea/outputs//panx/my-bert-base-multilingual-cased-MaxLen128_ner_et/', max_seq_length=128, do_train=False, do_eval=False, do_predict=True, do_adapter_predict=False, do_predict_dev=False, do_predict_train=False, init_checkpoint=None, evaluate_during_training=False, do_lower_case=False, few_shot=-1, per_gpu_train_batch_size=8, per_gpu_eval_batch_size=32, gradient_accumulation_steps=4, learning_rate=5e-05, weight_decay=0.0, adam_epsilon=1e-08, max_grad_norm=1.0, num_train_epochs=100.0, max_steps=-1, save_steps=1000, warmup_steps=0, logging_steps=50, save_only_best_checkpoint=True, eval_all_checkpoints=True, no_cuda=False, overwrite_output_dir=True, overwrite_cache=False, seed=3, fp16=False, fp16_opt_level='O1', local_rank=-1, server_ip='', server_port='', predict_langs='en', train_langs='en', log_file='/home/abhijeet/rohan/cloud-emea/outputs//panx/my-bert-base-multilingual-cased-MaxLen128_ner_et//train_ar.log', eval_patience=-1, bpe_dropout=0, do_save_adapter_fusions=False, task_name='ner', predict_task_adapter='output/panx/my-bert-base-multilingual-cased-LR1e-4-epoch100-MaxLen128-TrainLangen_en_s3/checkpoint-best/ner/', predict_lang_adapter=None, test_adapter=True, adapter_weight=None, lang_to_vec=None, calc_weight_step=0, predict_save_prefix='', en_weight=None, temperature=1.0, get_attr=False, topk=1, task='udpos')
11/21/2021 17:26:08 - WARNING - __main__ -   Process rank: -1, device: cuda, n_gpu: 1, distributed training: False, 16-bits training: False
11/21/2021 17:26:08 - INFO - __main__ -   Seed = 3
11/21/2021 17:26:08 - INFO - root -   save model
11/21/2021 17:26:08 - INFO - __main__ -   Training/evaluation parameters ModelArguments(model_name_or_path='bert-base-multilingual-cased', model_type='bert', config_name=None, tokenizer_name=None, cache_dir=None, labels='/home/abhijeet/rohan/cloud-emea/data//panx/panx_processed_maxlen128//labels.txt', data_dir='/home/abhijeet/rohan/cloud-emea/data//panx/panx_processed_maxlen128/', output_dir='/home/abhijeet/rohan/cloud-emea/outputs//panx/my-bert-base-multilingual-cased-MaxLen128_ner_et/', max_seq_length=128, do_train=False, do_eval=False, do_predict=True, do_adapter_predict=False, do_predict_dev=False, do_predict_train=False, init_checkpoint=None, evaluate_during_training=False, do_lower_case=False, few_shot=-1, per_gpu_train_batch_size=8, per_gpu_eval_batch_size=32, gradient_accumulation_steps=4, learning_rate=5e-05, weight_decay=0.0, adam_epsilon=1e-08, max_grad_norm=1.0, num_train_epochs=100.0, max_steps=-1, save_steps=1000, warmup_steps=0, logging_steps=50, save_only_best_checkpoint=True, eval_all_checkpoints=True, no_cuda=False, overwrite_output_dir=True, overwrite_cache=False, seed=3, fp16=False, fp16_opt_level='O1', local_rank=-1, server_ip='', server_port='', predict_langs='en', train_langs='en', log_file='/home/abhijeet/rohan/cloud-emea/outputs//panx/my-bert-base-multilingual-cased-MaxLen128_ner_et//train_ar.log', eval_patience=-1, bpe_dropout=0, do_save_adapter_fusions=False, task_name='ner', predict_task_adapter='output/panx/my-bert-base-multilingual-cased-LR1e-4-epoch100-MaxLen128-TrainLangen_en_s3/checkpoint-best/ner/', predict_lang_adapter=None, test_adapter=True, adapter_weight=None, lang_to_vec=None, calc_weight_step=0, predict_save_prefix='', en_weight=None, temperature=1.0, get_attr=False, topk=1, task='udpos')
11/21/2021 17:26:08 - INFO - __main__ -   Loading pretrained model and tokenizer
11/21/2021 17:26:11 - INFO - __main__ -   loading from existing model bert-base-multilingual-cased
11/21/2021 17:26:16 - INFO - __main__ -   Using lang2id = None
11/21/2021 17:26:16 - INFO - __main__ -   Evaluating the model on test set of all the languages specified
11/21/2021 17:26:16 - INFO - __main__ -   Task Adapter will be loaded from this path output/panx/my-bert-base-multilingual-cased-LR1e-4-epoch100-MaxLen128-TrainLangen_en_s3/checkpoint-best/ner/
11/21/2021 17:26:16 - INFO - root -   Trying to decide if add adapter
11/21/2021 17:26:16 - INFO - root -   loading task adapter
11/21/2021 17:26:16 - INFO - root -   loading lang adpater et/wiki@ukp
11/21/2021 17:26:16 - INFO - __main__ -   Adapter Languages : ['et'], Length : 1
11/21/2021 17:26:16 - INFO - __main__ -   Adapter Names ['et/wiki@ukp'], Length : 1
11/21/2021 17:26:16 - INFO - __main__ -   Language = et
11/21/2021 17:26:16 - INFO - __main__ -   Adapter Name = et/wiki@ukp
11/21/2021 17:26:20 - INFO - __main__ -   Language adapter for en not found, using et instead
11/21/2021 17:26:20 - INFO - __main__ -   Set active language adapter to et
11/21/2021 17:26:20 - INFO - __main__ -   Args Adapter Weight = None
11/21/2021 17:26:20 - INFO - __main__ -   Adapter Languages = ['et']
11/21/2021 17:26:20 - INFO - __main__ -   Loading features from cached file /home/abhijeet/rohan/cloud-emea/data//panx/panx_processed_maxlen128/cached_test_en_bert-base-multilingual-cased_128
11/21/2021 17:26:22 - INFO - __main__ -   ***** Running evaluation  in en *****
11/21/2021 17:26:22 - INFO - __main__ -     Num examples = 10004
11/21/2021 17:26:22 - INFO - __main__ -     Batch size = 32
11/21/2021 17:26:22 - INFO - __main__ -   Batch number = 1
11/21/2021 17:26:22 - INFO - __main__ -   Batch number = 2
11/21/2021 17:26:22 - INFO - __main__ -   Batch number = 3
11/21/2021 17:26:22 - INFO - __main__ -   Batch number = 4
11/21/2021 17:26:22 - INFO - __main__ -   Batch number = 5
11/21/2021 17:26:22 - INFO - __main__ -   Batch number = 6
11/21/2021 17:26:22 - INFO - __main__ -   Batch number = 7
11/21/2021 17:26:23 - INFO - __main__ -   Batch number = 8
11/21/2021 17:26:23 - INFO - __main__ -   Batch number = 9
11/21/2021 17:26:23 - INFO - __main__ -   Batch number = 10
11/21/2021 17:26:23 - INFO - __main__ -   Batch number = 11
11/21/2021 17:26:23 - INFO - __main__ -   Batch number = 12
11/21/2021 17:26:23 - INFO - __main__ -   Batch number = 13
11/21/2021 17:26:23 - INFO - __main__ -   Batch number = 14
11/21/2021 17:26:23 - INFO - __main__ -   Batch number = 15
11/21/2021 17:26:24 - INFO - __main__ -   Batch number = 16
11/21/2021 17:26:24 - INFO - __main__ -   Batch number = 17
11/21/2021 17:26:24 - INFO - __main__ -   Batch number = 18
11/21/2021 17:26:24 - INFO - __main__ -   Batch number = 19
11/21/2021 17:26:24 - INFO - __main__ -   Batch number = 20
11/21/2021 17:26:24 - INFO - __main__ -   Batch number = 21
11/21/2021 17:26:24 - INFO - __main__ -   Batch number = 22
11/21/2021 17:26:25 - INFO - __main__ -   Batch number = 23
11/21/2021 17:26:25 - INFO - __main__ -   Batch number = 24
11/21/2021 17:26:25 - INFO - __main__ -   Batch number = 25
11/21/2021 17:26:25 - INFO - __main__ -   Batch number = 26
11/21/2021 17:26:25 - INFO - __main__ -   Batch number = 27
11/21/2021 17:26:25 - INFO - __main__ -   Batch number = 28
11/21/2021 17:26:25 - INFO - __main__ -   Batch number = 29
11/21/2021 17:26:26 - INFO - __main__ -   Batch number = 30
11/21/2021 17:26:26 - INFO - __main__ -   Batch number = 31
11/21/2021 17:26:26 - INFO - __main__ -   Batch number = 32
11/21/2021 17:26:26 - INFO - __main__ -   Batch number = 33
11/21/2021 17:26:26 - INFO - __main__ -   Batch number = 34
11/21/2021 17:26:26 - INFO - __main__ -   Batch number = 35
11/21/2021 17:26:26 - INFO - __main__ -   Batch number = 36
11/21/2021 17:26:27 - INFO - __main__ -   Batch number = 37
11/21/2021 17:26:27 - INFO - __main__ -   Batch number = 38
11/21/2021 17:26:27 - INFO - __main__ -   Batch number = 39
11/21/2021 17:26:27 - INFO - __main__ -   Batch number = 40
11/21/2021 17:26:27 - INFO - __main__ -   Batch number = 41
11/21/2021 17:26:27 - INFO - __main__ -   Batch number = 42
11/21/2021 17:26:27 - INFO - __main__ -   Batch number = 43
11/21/2021 17:26:28 - INFO - __main__ -   Batch number = 44
11/21/2021 17:26:28 - INFO - __main__ -   Batch number = 45
11/21/2021 17:26:28 - INFO - __main__ -   Batch number = 46
11/21/2021 17:26:28 - INFO - __main__ -   Batch number = 47
11/21/2021 17:26:28 - INFO - __main__ -   Batch number = 48
11/21/2021 17:26:28 - INFO - __main__ -   Batch number = 49
11/21/2021 17:26:28 - INFO - __main__ -   Batch number = 50
11/21/2021 17:26:29 - INFO - __main__ -   Batch number = 51
11/21/2021 17:26:29 - INFO - __main__ -   Batch number = 52
11/21/2021 17:26:29 - INFO - __main__ -   Batch number = 53
11/21/2021 17:26:29 - INFO - __main__ -   Batch number = 54
11/21/2021 17:26:29 - INFO - __main__ -   Batch number = 55
11/21/2021 17:26:29 - INFO - __main__ -   Batch number = 56
11/21/2021 17:26:29 - INFO - __main__ -   Batch number = 57
11/21/2021 17:26:30 - INFO - __main__ -   Batch number = 58
11/21/2021 17:26:30 - INFO - __main__ -   Batch number = 59
11/21/2021 17:26:30 - INFO - __main__ -   Batch number = 60
11/21/2021 17:26:30 - INFO - __main__ -   Batch number = 61
11/21/2021 17:26:30 - INFO - __main__ -   Batch number = 62
11/21/2021 17:26:30 - INFO - __main__ -   Batch number = 63
11/21/2021 17:26:30 - INFO - __main__ -   Batch number = 64
11/21/2021 17:26:30 - INFO - __main__ -   Batch number = 65
11/21/2021 17:26:31 - INFO - __main__ -   Batch number = 66
11/21/2021 17:26:31 - INFO - __main__ -   Batch number = 67
11/21/2021 17:26:31 - INFO - __main__ -   Batch number = 68
11/21/2021 17:26:31 - INFO - __main__ -   Batch number = 69
11/21/2021 17:26:31 - INFO - __main__ -   Batch number = 70
11/21/2021 17:26:31 - INFO - __main__ -   Batch number = 71
11/21/2021 17:26:32 - INFO - __main__ -   Batch number = 72
11/21/2021 17:26:32 - INFO - __main__ -   Batch number = 73
11/21/2021 17:26:32 - INFO - __main__ -   Batch number = 74
11/21/2021 17:26:32 - INFO - __main__ -   Batch number = 75
11/21/2021 17:26:32 - INFO - __main__ -   Batch number = 76
11/21/2021 17:26:32 - INFO - __main__ -   Batch number = 77
11/21/2021 17:26:32 - INFO - __main__ -   Batch number = 78
11/21/2021 17:26:33 - INFO - __main__ -   Batch number = 79
11/21/2021 17:26:33 - INFO - __main__ -   Batch number = 80
11/21/2021 17:26:33 - INFO - __main__ -   Batch number = 81
11/21/2021 17:26:33 - INFO - __main__ -   Batch number = 82
11/21/2021 17:26:33 - INFO - __main__ -   Batch number = 83
11/21/2021 17:26:33 - INFO - __main__ -   Batch number = 84
11/21/2021 17:26:33 - INFO - __main__ -   Batch number = 85
11/21/2021 17:26:34 - INFO - __main__ -   Batch number = 86
11/21/2021 17:26:34 - INFO - __main__ -   Batch number = 87
11/21/2021 17:26:34 - INFO - __main__ -   Batch number = 88
11/21/2021 17:26:34 - INFO - __main__ -   Batch number = 89
11/21/2021 17:26:34 - INFO - __main__ -   Batch number = 90
11/21/2021 17:26:34 - INFO - __main__ -   Batch number = 91
11/21/2021 17:26:34 - INFO - __main__ -   Batch number = 92
11/21/2021 17:26:35 - INFO - __main__ -   Batch number = 93
11/21/2021 17:26:35 - INFO - __main__ -   Batch number = 94
11/21/2021 17:26:35 - INFO - __main__ -   Batch number = 95
11/21/2021 17:26:35 - INFO - __main__ -   Batch number = 96
11/21/2021 17:26:35 - INFO - __main__ -   Batch number = 97
11/21/2021 17:26:35 - INFO - __main__ -   Batch number = 98
11/21/2021 17:26:35 - INFO - __main__ -   Batch number = 99
11/21/2021 17:26:36 - INFO - __main__ -   Batch number = 100
11/21/2021 17:26:36 - INFO - __main__ -   Batch number = 101
11/21/2021 17:26:36 - INFO - __main__ -   Batch number = 102
11/21/2021 17:26:36 - INFO - __main__ -   Batch number = 103
11/21/2021 17:26:36 - INFO - __main__ -   Batch number = 104
11/21/2021 17:26:36 - INFO - __main__ -   Batch number = 105
11/21/2021 17:26:36 - INFO - __main__ -   Batch number = 106
11/21/2021 17:26:37 - INFO - __main__ -   Batch number = 107
11/21/2021 17:26:37 - INFO - __main__ -   Batch number = 108
11/21/2021 17:26:37 - INFO - __main__ -   Batch number = 109
11/21/2021 17:26:37 - INFO - __main__ -   Batch number = 110
11/21/2021 17:26:37 - INFO - __main__ -   Batch number = 111
11/21/2021 17:26:37 - INFO - __main__ -   Batch number = 112
11/21/2021 17:26:37 - INFO - __main__ -   Batch number = 113
11/21/2021 17:26:38 - INFO - __main__ -   Batch number = 114
11/21/2021 17:26:38 - INFO - __main__ -   Batch number = 115
11/21/2021 17:26:38 - INFO - __main__ -   Batch number = 116
11/21/2021 17:26:38 - INFO - __main__ -   Batch number = 117
11/21/2021 17:26:38 - INFO - __main__ -   Batch number = 118
11/21/2021 17:26:38 - INFO - __main__ -   Batch number = 119
11/21/2021 17:26:38 - INFO - __main__ -   Batch number = 120
11/21/2021 17:26:39 - INFO - __main__ -   Batch number = 121
11/21/2021 17:26:39 - INFO - __main__ -   Batch number = 122
11/21/2021 17:26:39 - INFO - __main__ -   Batch number = 123
11/21/2021 17:26:39 - INFO - __main__ -   Batch number = 124
11/21/2021 17:26:39 - INFO - __main__ -   Batch number = 125
11/21/2021 17:26:39 - INFO - __main__ -   Batch number = 126
11/21/2021 17:26:39 - INFO - __main__ -   Batch number = 127
11/21/2021 17:26:40 - INFO - __main__ -   Batch number = 128
11/21/2021 17:26:40 - INFO - __main__ -   Batch number = 129
11/21/2021 17:26:40 - INFO - __main__ -   Batch number = 130
11/21/2021 17:26:40 - INFO - __main__ -   Batch number = 131
11/21/2021 17:26:40 - INFO - __main__ -   Batch number = 132
11/21/2021 17:26:40 - INFO - __main__ -   Batch number = 133
11/21/2021 17:26:40 - INFO - __main__ -   Batch number = 134
11/21/2021 17:26:41 - INFO - __main__ -   Batch number = 135
11/21/2021 17:26:41 - INFO - __main__ -   Batch number = 136
11/21/2021 17:26:41 - INFO - __main__ -   Batch number = 137
11/21/2021 17:26:41 - INFO - __main__ -   Batch number = 138
11/21/2021 17:26:41 - INFO - __main__ -   Batch number = 139
11/21/2021 17:26:42 - INFO - __main__ -   Batch number = 140
11/21/2021 17:26:42 - INFO - __main__ -   Batch number = 141
11/21/2021 17:26:42 - INFO - __main__ -   Batch number = 142
11/21/2021 17:26:42 - INFO - __main__ -   Batch number = 143
11/21/2021 17:26:42 - INFO - __main__ -   Batch number = 144
11/21/2021 17:26:42 - INFO - __main__ -   Batch number = 145
11/21/2021 17:26:42 - INFO - __main__ -   Batch number = 146
11/21/2021 17:26:43 - INFO - __main__ -   Batch number = 147
11/21/2021 17:26:43 - INFO - __main__ -   Batch number = 148
11/21/2021 17:26:43 - INFO - __main__ -   Batch number = 149
11/21/2021 17:26:43 - INFO - __main__ -   Batch number = 150
11/21/2021 17:26:43 - INFO - __main__ -   Batch number = 151
11/21/2021 17:26:43 - INFO - __main__ -   Batch number = 152
11/21/2021 17:26:44 - INFO - __main__ -   Batch number = 153
11/21/2021 17:26:44 - INFO - __main__ -   Batch number = 154
11/21/2021 17:26:44 - INFO - __main__ -   Batch number = 155
11/21/2021 17:26:44 - INFO - __main__ -   Batch number = 156
11/21/2021 17:26:44 - INFO - __main__ -   Batch number = 157
11/21/2021 17:26:44 - INFO - __main__ -   Batch number = 158
11/21/2021 17:26:44 - INFO - __main__ -   Batch number = 159
11/21/2021 17:26:45 - INFO - __main__ -   Batch number = 160
11/21/2021 17:26:45 - INFO - __main__ -   Batch number = 161
11/21/2021 17:26:45 - INFO - __main__ -   Batch number = 162
11/21/2021 17:26:45 - INFO - __main__ -   Batch number = 163
11/21/2021 17:26:45 - INFO - __main__ -   Batch number = 164
11/21/2021 17:26:45 - INFO - __main__ -   Batch number = 165
11/21/2021 17:26:45 - INFO - __main__ -   Batch number = 166
11/21/2021 17:26:46 - INFO - __main__ -   Batch number = 167
11/21/2021 17:26:46 - INFO - __main__ -   Batch number = 168
11/21/2021 17:26:46 - INFO - __main__ -   Batch number = 169
11/21/2021 17:26:46 - INFO - __main__ -   Batch number = 170
11/21/2021 17:26:46 - INFO - __main__ -   Batch number = 171
11/21/2021 17:26:46 - INFO - __main__ -   Batch number = 172
11/21/2021 17:26:47 - INFO - __main__ -   Batch number = 173
11/21/2021 17:26:47 - INFO - __main__ -   Batch number = 174
11/21/2021 17:26:47 - INFO - __main__ -   Batch number = 175
11/21/2021 17:26:47 - INFO - __main__ -   Batch number = 176
11/21/2021 17:26:47 - INFO - __main__ -   Batch number = 177
11/21/2021 17:26:47 - INFO - __main__ -   Batch number = 178
11/21/2021 17:26:48 - INFO - __main__ -   Batch number = 179
11/21/2021 17:26:48 - INFO - __main__ -   Batch number = 180
11/21/2021 17:26:48 - INFO - __main__ -   Batch number = 181
11/21/2021 17:26:48 - INFO - __main__ -   Batch number = 182
11/21/2021 17:26:48 - INFO - __main__ -   Batch number = 183
11/21/2021 17:26:48 - INFO - __main__ -   Batch number = 184
11/21/2021 17:26:49 - INFO - __main__ -   Batch number = 185
11/21/2021 17:26:49 - INFO - __main__ -   Batch number = 186
11/21/2021 17:26:49 - INFO - __main__ -   Batch number = 187
11/21/2021 17:26:49 - INFO - __main__ -   Batch number = 188
11/21/2021 17:26:49 - INFO - __main__ -   Batch number = 189
11/21/2021 17:26:49 - INFO - __main__ -   Batch number = 190
11/21/2021 17:26:49 - INFO - __main__ -   Batch number = 191
11/21/2021 17:26:50 - INFO - __main__ -   Batch number = 192
11/21/2021 17:26:50 - INFO - __main__ -   Batch number = 193
11/21/2021 17:26:50 - INFO - __main__ -   Batch number = 194
11/21/2021 17:26:50 - INFO - __main__ -   Batch number = 195
11/21/2021 17:26:50 - INFO - __main__ -   Batch number = 196
11/21/2021 17:26:50 - INFO - __main__ -   Batch number = 197
11/21/2021 17:26:51 - INFO - __main__ -   Batch number = 198
11/21/2021 17:26:51 - INFO - __main__ -   Batch number = 199
11/21/2021 17:26:51 - INFO - __main__ -   Batch number = 200
11/21/2021 17:26:51 - INFO - __main__ -   Batch number = 201
11/21/2021 17:26:51 - INFO - __main__ -   Batch number = 202
11/21/2021 17:26:51 - INFO - __main__ -   Batch number = 203
11/21/2021 17:26:52 - INFO - __main__ -   Batch number = 204
11/21/2021 17:26:52 - INFO - __main__ -   Batch number = 205
11/21/2021 17:26:52 - INFO - __main__ -   Batch number = 206
11/21/2021 17:26:52 - INFO - __main__ -   Batch number = 207
11/21/2021 17:26:52 - INFO - __main__ -   Batch number = 208
11/21/2021 17:26:52 - INFO - __main__ -   Batch number = 209
11/21/2021 17:26:53 - INFO - __main__ -   Batch number = 210
11/21/2021 17:26:53 - INFO - __main__ -   Batch number = 211
11/21/2021 17:26:53 - INFO - __main__ -   Batch number = 212
11/21/2021 17:26:53 - INFO - __main__ -   Batch number = 213
11/21/2021 17:26:53 - INFO - __main__ -   Batch number = 214
11/21/2021 17:26:53 - INFO - __main__ -   Batch number = 215
11/21/2021 17:26:54 - INFO - __main__ -   Batch number = 216
11/21/2021 17:26:54 - INFO - __main__ -   Batch number = 217
11/21/2021 17:26:54 - INFO - __main__ -   Batch number = 218
11/21/2021 17:26:54 - INFO - __main__ -   Batch number = 219
11/21/2021 17:26:54 - INFO - __main__ -   Batch number = 220
11/21/2021 17:26:54 - INFO - __main__ -   Batch number = 221
11/21/2021 17:26:54 - INFO - __main__ -   Batch number = 222
11/21/2021 17:26:55 - INFO - __main__ -   Batch number = 223
11/21/2021 17:26:55 - INFO - __main__ -   Batch number = 224
11/21/2021 17:26:55 - INFO - __main__ -   Batch number = 225
11/21/2021 17:26:55 - INFO - __main__ -   Batch number = 226
11/21/2021 17:26:55 - INFO - __main__ -   Batch number = 227
11/21/2021 17:26:55 - INFO - __main__ -   Batch number = 228
11/21/2021 17:26:55 - INFO - __main__ -   Batch number = 229
11/21/2021 17:26:56 - INFO - __main__ -   Batch number = 230
11/21/2021 17:26:56 - INFO - __main__ -   Batch number = 231
11/21/2021 17:26:56 - INFO - __main__ -   Batch number = 232
11/21/2021 17:26:56 - INFO - __main__ -   Batch number = 233
11/21/2021 17:26:56 - INFO - __main__ -   Batch number = 234
11/21/2021 17:26:56 - INFO - __main__ -   Batch number = 235
11/21/2021 17:26:57 - INFO - __main__ -   Batch number = 236
11/21/2021 17:26:57 - INFO - __main__ -   Batch number = 237
11/21/2021 17:26:57 - INFO - __main__ -   Batch number = 238
11/21/2021 17:26:57 - INFO - __main__ -   Batch number = 239
11/21/2021 17:26:57 - INFO - __main__ -   Batch number = 240
11/21/2021 17:26:57 - INFO - __main__ -   Batch number = 241
11/21/2021 17:26:57 - INFO - __main__ -   Batch number = 242
11/21/2021 17:26:58 - INFO - __main__ -   Batch number = 243
11/21/2021 17:26:58 - INFO - __main__ -   Batch number = 244
11/21/2021 17:26:58 - INFO - __main__ -   Batch number = 245
11/21/2021 17:26:58 - INFO - __main__ -   Batch number = 246
11/21/2021 17:26:58 - INFO - __main__ -   Batch number = 247
11/21/2021 17:26:58 - INFO - __main__ -   Batch number = 248
11/21/2021 17:26:58 - INFO - __main__ -   Batch number = 249
11/21/2021 17:26:59 - INFO - __main__ -   Batch number = 250
11/21/2021 17:26:59 - INFO - __main__ -   Batch number = 251
11/21/2021 17:26:59 - INFO - __main__ -   Batch number = 252
11/21/2021 17:26:59 - INFO - __main__ -   Batch number = 253
11/21/2021 17:26:59 - INFO - __main__ -   Batch number = 254
11/21/2021 17:26:59 - INFO - __main__ -   Batch number = 255
11/21/2021 17:27:00 - INFO - __main__ -   Batch number = 256
11/21/2021 17:27:00 - INFO - __main__ -   Batch number = 257
11/21/2021 17:27:00 - INFO - __main__ -   Batch number = 258
11/21/2021 17:27:00 - INFO - __main__ -   Batch number = 259
11/21/2021 17:27:00 - INFO - __main__ -   Batch number = 260
11/21/2021 17:27:00 - INFO - __main__ -   Batch number = 261
11/21/2021 17:27:00 - INFO - __main__ -   Batch number = 262
11/21/2021 17:27:01 - INFO - __main__ -   Batch number = 263
11/21/2021 17:27:01 - INFO - __main__ -   Batch number = 264
11/21/2021 17:27:01 - INFO - __main__ -   Batch number = 265
11/21/2021 17:27:01 - INFO - __main__ -   Batch number = 266
11/21/2021 17:27:01 - INFO - __main__ -   Batch number = 267
11/21/2021 17:27:01 - INFO - __main__ -   Batch number = 268
11/21/2021 17:27:01 - INFO - __main__ -   Batch number = 269
11/21/2021 17:27:02 - INFO - __main__ -   Batch number = 270
11/21/2021 17:27:02 - INFO - __main__ -   Batch number = 271
11/21/2021 17:27:02 - INFO - __main__ -   Batch number = 272
11/21/2021 17:27:02 - INFO - __main__ -   Batch number = 273
11/21/2021 17:27:02 - INFO - __main__ -   Batch number = 274
11/21/2021 17:27:02 - INFO - __main__ -   Batch number = 275
11/21/2021 17:27:02 - INFO - __main__ -   Batch number = 276
11/21/2021 17:27:03 - INFO - __main__ -   Batch number = 277
11/21/2021 17:27:03 - INFO - __main__ -   Batch number = 278
11/21/2021 17:27:03 - INFO - __main__ -   Batch number = 279
11/21/2021 17:27:03 - INFO - __main__ -   Batch number = 280
11/21/2021 17:27:03 - INFO - __main__ -   Batch number = 281
11/21/2021 17:27:03 - INFO - __main__ -   Batch number = 282
11/21/2021 17:27:04 - INFO - __main__ -   Batch number = 283
11/21/2021 17:27:04 - INFO - __main__ -   Batch number = 284
11/21/2021 17:27:04 - INFO - __main__ -   Batch number = 285
11/21/2021 17:27:04 - INFO - __main__ -   Batch number = 286
11/21/2021 17:27:04 - INFO - __main__ -   Batch number = 287
11/21/2021 17:27:04 - INFO - __main__ -   Batch number = 288
11/21/2021 17:27:04 - INFO - __main__ -   Batch number = 289
11/21/2021 17:27:05 - INFO - __main__ -   Batch number = 290
11/21/2021 17:27:05 - INFO - __main__ -   Batch number = 291
11/21/2021 17:27:05 - INFO - __main__ -   Batch number = 292
11/21/2021 17:27:05 - INFO - __main__ -   Batch number = 293
11/21/2021 17:27:05 - INFO - __main__ -   Batch number = 294
11/21/2021 17:27:05 - INFO - __main__ -   Batch number = 295
11/21/2021 17:27:06 - INFO - __main__ -   Batch number = 296
11/21/2021 17:27:06 - INFO - __main__ -   Batch number = 297
11/21/2021 17:27:06 - INFO - __main__ -   Batch number = 298
11/21/2021 17:27:06 - INFO - __main__ -   Batch number = 299
11/21/2021 17:27:06 - INFO - __main__ -   Batch number = 300
11/21/2021 17:27:06 - INFO - __main__ -   Batch number = 301
11/21/2021 17:27:06 - INFO - __main__ -   Batch number = 302
11/21/2021 17:27:07 - INFO - __main__ -   Batch number = 303
11/21/2021 17:27:07 - INFO - __main__ -   Batch number = 304
11/21/2021 17:27:07 - INFO - __main__ -   Batch number = 305
11/21/2021 17:27:07 - INFO - __main__ -   Batch number = 306
11/21/2021 17:27:07 - INFO - __main__ -   Batch number = 307
11/21/2021 17:27:07 - INFO - __main__ -   Batch number = 308
11/21/2021 17:27:08 - INFO - __main__ -   Batch number = 309
11/21/2021 17:27:08 - INFO - __main__ -   Batch number = 310
11/21/2021 17:27:08 - INFO - __main__ -   Batch number = 311
11/21/2021 17:27:08 - INFO - __main__ -   Batch number = 312
11/21/2021 17:27:08 - INFO - __main__ -   Batch number = 313
11/21/2021 17:27:10 - INFO - __main__ -   ***** Evaluation result  in en *****
11/21/2021 17:27:10 - INFO - __main__ -     f1 = 0.7163751662064027
11/21/2021 17:27:10 - INFO - __main__ -     loss = 0.8884165603250932
11/21/2021 17:27:10 - INFO - __main__ -     precision = 0.6834504293520687
11/21/2021 17:27:10 - INFO - __main__ -     recall = 0.7526327100795186
