01/12/2022 18:59:42 - INFO - root -   Input args: ModelArguments(model_name_or_path='bert-base-multilingual-cased', model_type='bert', config_name=None, tokenizer_name=None, cache_dir=None, labels='/home/abhijeet/rohan/cloud-emea-copy/data//panx/panx_processed_maxlen128//labels.txt', data_dir='/home/abhijeet/rohan/cloud-emea-copy/data//panx/panx_processed_maxlen128/', output_dir='/home/abhijeet/rohan/cloud-emea-copy/outputs//panx/my-bert-base-multilingual-cased-MaxLen128_ner_mi/', max_seq_length=128, do_train=False, do_eval=False, do_predict=True, do_adapter_predict=False, do_predict_dev=False, do_predict_train=False, init_checkpoint=None, evaluate_during_training=False, do_lower_case=False, few_shot=-1, per_gpu_train_batch_size=8, per_gpu_eval_batch_size=32, gradient_accumulation_steps=4, learning_rate=5e-05, weight_decay=0.0, adam_epsilon=1e-08, max_grad_norm=1.0, num_train_epochs=100.0, max_steps=-1, save_steps=1000, warmup_steps=0, logging_steps=50, save_only_best_checkpoint=True, eval_all_checkpoints=True, no_cuda=False, overwrite_output_dir=True, overwrite_cache=False, seed=1, fp16=False, fp16_opt_level='O1', local_rank=-1, server_ip='', server_port='', predict_langs='hi', train_langs='en', log_file='/home/abhijeet/rohan/cloud-emea-copy/outputs//panx/my-bert-base-multilingual-cased-MaxLen128_ner_mi//train_hi.log', eval_patience=-1, bpe_dropout=0, do_save_adapter_fusions=False, task_name='ner', predict_task_adapter='output/panx/my-bert-base-multilingual-cased-LR1e-4-epoch100-MaxLen128-TrainLangen_en_s1/checkpoint-best/ner/', predict_lang_adapter=None, test_adapter=True, adapter_weight=None, lang_to_vec=None, calc_weight_step=0, predict_save_prefix='', en_weight=None, temperature=1.0, get_attr=False, topk=1, task='udpos')
01/12/2022 18:59:42 - WARNING - __main__ -   Process rank: -1, device: cuda, n_gpu: 1, distributed training: False, 16-bits training: False
01/12/2022 18:59:42 - INFO - __main__ -   Seed = 1
01/12/2022 18:59:42 - INFO - root -   save model
01/12/2022 18:59:42 - INFO - __main__ -   Training/evaluation parameters ModelArguments(model_name_or_path='bert-base-multilingual-cased', model_type='bert', config_name=None, tokenizer_name=None, cache_dir=None, labels='/home/abhijeet/rohan/cloud-emea-copy/data//panx/panx_processed_maxlen128//labels.txt', data_dir='/home/abhijeet/rohan/cloud-emea-copy/data//panx/panx_processed_maxlen128/', output_dir='/home/abhijeet/rohan/cloud-emea-copy/outputs//panx/my-bert-base-multilingual-cased-MaxLen128_ner_mi/', max_seq_length=128, do_train=False, do_eval=False, do_predict=True, do_adapter_predict=False, do_predict_dev=False, do_predict_train=False, init_checkpoint=None, evaluate_during_training=False, do_lower_case=False, few_shot=-1, per_gpu_train_batch_size=8, per_gpu_eval_batch_size=32, gradient_accumulation_steps=4, learning_rate=5e-05, weight_decay=0.0, adam_epsilon=1e-08, max_grad_norm=1.0, num_train_epochs=100.0, max_steps=-1, save_steps=1000, warmup_steps=0, logging_steps=50, save_only_best_checkpoint=True, eval_all_checkpoints=True, no_cuda=False, overwrite_output_dir=True, overwrite_cache=False, seed=1, fp16=False, fp16_opt_level='O1', local_rank=-1, server_ip='', server_port='', predict_langs='hi', train_langs='en', log_file='/home/abhijeet/rohan/cloud-emea-copy/outputs//panx/my-bert-base-multilingual-cased-MaxLen128_ner_mi//train_hi.log', eval_patience=-1, bpe_dropout=0, do_save_adapter_fusions=False, task_name='ner', predict_task_adapter='output/panx/my-bert-base-multilingual-cased-LR1e-4-epoch100-MaxLen128-TrainLangen_en_s1/checkpoint-best/ner/', predict_lang_adapter=None, test_adapter=True, adapter_weight=None, lang_to_vec=None, calc_weight_step=0, predict_save_prefix='', en_weight=None, temperature=1.0, get_attr=False, topk=1, task='udpos')
01/12/2022 18:59:42 - INFO - __main__ -   Loading pretrained model and tokenizer
01/12/2022 18:59:47 - INFO - __main__ -   loading from existing model bert-base-multilingual-cased
01/12/2022 18:59:54 - INFO - __main__ -   Using lang2id = None
01/12/2022 18:59:54 - INFO - __main__ -   Evaluating the model on test set of all the languages specified
01/12/2022 18:59:54 - INFO - __main__ -   Task Adapter will be loaded from this path output/panx/my-bert-base-multilingual-cased-LR1e-4-epoch100-MaxLen128-TrainLangen_en_s1/checkpoint-best/ner/
01/12/2022 18:59:54 - INFO - root -   Trying to decide if add adapter
01/12/2022 18:59:54 - INFO - root -   loading task adapter
01/12/2022 18:59:54 - INFO - root -   loading lang adpater mi/wiki@ukp
01/12/2022 18:59:54 - INFO - __main__ -   Adapter Languages : ['mi'], Length : 1
01/12/2022 18:59:54 - INFO - __main__ -   Adapter Names ['mi/wiki@ukp'], Length : 1
01/12/2022 18:59:54 - INFO - __main__ -   Language = mi
01/12/2022 18:59:54 - INFO - __main__ -   Adapter Name = mi/wiki@ukp
01/12/2022 19:00:00 - INFO - __main__ -   Language adapter for hi not found, using mi instead
01/12/2022 19:00:00 - INFO - __main__ -   Set active language adapter to mi
01/12/2022 19:00:00 - INFO - __main__ -   Args Adapter Weight = None
01/12/2022 19:00:00 - INFO - __main__ -   Adapter Languages = ['mi']
01/12/2022 19:00:00 - INFO - __main__ -   Loading features from cached file /home/abhijeet/rohan/cloud-emea-copy/data//panx/panx_processed_maxlen128/cached_test_hi_bert-base-multilingual-cased_128
01/12/2022 19:00:00 - INFO - __main__ -   ***** Running evaluation  in hi *****
01/12/2022 19:00:00 - INFO - __main__ -     Num examples = 1000
01/12/2022 19:00:00 - INFO - __main__ -     Batch size = 32
01/12/2022 19:00:00 - INFO - __main__ -   Batch number = 1
01/12/2022 19:00:00 - INFO - __main__ -   Batch number = 2
01/12/2022 19:00:00 - INFO - __main__ -   Batch number = 3
01/12/2022 19:00:00 - INFO - __main__ -   Batch number = 4
01/12/2022 19:00:01 - INFO - __main__ -   Batch number = 5
01/12/2022 19:00:01 - INFO - __main__ -   Batch number = 6
01/12/2022 19:00:01 - INFO - __main__ -   Batch number = 7
01/12/2022 19:00:01 - INFO - __main__ -   Batch number = 8
01/12/2022 19:00:01 - INFO - __main__ -   Batch number = 9
01/12/2022 19:00:01 - INFO - __main__ -   Batch number = 10
01/12/2022 19:00:01 - INFO - __main__ -   Batch number = 11
01/12/2022 19:00:02 - INFO - __main__ -   Batch number = 12
01/12/2022 19:00:02 - INFO - __main__ -   Batch number = 13
01/12/2022 19:00:02 - INFO - __main__ -   Batch number = 14
01/12/2022 19:00:02 - INFO - __main__ -   Batch number = 15
01/12/2022 19:00:02 - INFO - __main__ -   Batch number = 16
01/12/2022 19:00:02 - INFO - __main__ -   Batch number = 17
01/12/2022 19:00:02 - INFO - __main__ -   Batch number = 18
01/12/2022 19:00:02 - INFO - __main__ -   Batch number = 19
01/12/2022 19:00:03 - INFO - __main__ -   Batch number = 20
01/12/2022 19:00:03 - INFO - __main__ -   Batch number = 21
01/12/2022 19:00:03 - INFO - __main__ -   Batch number = 22
01/12/2022 19:00:03 - INFO - __main__ -   Batch number = 23
01/12/2022 19:00:03 - INFO - __main__ -   Batch number = 24
01/12/2022 19:00:03 - INFO - __main__ -   Batch number = 25
01/12/2022 19:00:03 - INFO - __main__ -   Batch number = 26
01/12/2022 19:00:04 - INFO - __main__ -   Batch number = 27
01/12/2022 19:00:04 - INFO - __main__ -   Batch number = 28
01/12/2022 19:00:04 - INFO - __main__ -   Batch number = 29
01/12/2022 19:00:04 - INFO - __main__ -   Batch number = 30
01/12/2022 19:00:04 - INFO - __main__ -   Batch number = 31
01/12/2022 19:00:04 - INFO - __main__ -   Batch number = 32
01/12/2022 19:00:04 - INFO - __main__ -   ***** Evaluation result  in hi *****
01/12/2022 19:00:04 - INFO - __main__ -     f1 = 0.31949152542372883
01/12/2022 19:00:04 - INFO - __main__ -     loss = 4.237181540578604
01/12/2022 19:00:04 - INFO - __main__ -     precision = 0.3330388692579505
01/12/2022 19:00:04 - INFO - __main__ -     recall = 0.30700325732899025
01/12/2022 19:00:07 - INFO - root -   Input args: ModelArguments(model_name_or_path='bert-base-multilingual-cased', model_type='bert', config_name=None, tokenizer_name=None, cache_dir=None, labels='/home/abhijeet/rohan/cloud-emea-copy/data//panx/panx_processed_maxlen128//labels.txt', data_dir='/home/abhijeet/rohan/cloud-emea-copy/data//panx/panx_processed_maxlen128/', output_dir='/home/abhijeet/rohan/cloud-emea-copy/outputs//panx/my-bert-base-multilingual-cased-MaxLen128_ner_mi/', max_seq_length=128, do_train=False, do_eval=False, do_predict=True, do_adapter_predict=False, do_predict_dev=False, do_predict_train=False, init_checkpoint=None, evaluate_during_training=False, do_lower_case=False, few_shot=-1, per_gpu_train_batch_size=8, per_gpu_eval_batch_size=32, gradient_accumulation_steps=4, learning_rate=5e-05, weight_decay=0.0, adam_epsilon=1e-08, max_grad_norm=1.0, num_train_epochs=100.0, max_steps=-1, save_steps=1000, warmup_steps=0, logging_steps=50, save_only_best_checkpoint=True, eval_all_checkpoints=True, no_cuda=False, overwrite_output_dir=True, overwrite_cache=False, seed=2, fp16=False, fp16_opt_level='O1', local_rank=-1, server_ip='', server_port='', predict_langs='hi', train_langs='en', log_file='/home/abhijeet/rohan/cloud-emea-copy/outputs//panx/my-bert-base-multilingual-cased-MaxLen128_ner_mi//train_hi.log', eval_patience=-1, bpe_dropout=0, do_save_adapter_fusions=False, task_name='ner', predict_task_adapter='output/panx/my-bert-base-multilingual-cased-LR1e-4-epoch100-MaxLen128-TrainLangen_en_s2/checkpoint-best/ner/', predict_lang_adapter=None, test_adapter=True, adapter_weight=None, lang_to_vec=None, calc_weight_step=0, predict_save_prefix='', en_weight=None, temperature=1.0, get_attr=False, topk=1, task='udpos')
01/12/2022 19:00:07 - WARNING - __main__ -   Process rank: -1, device: cuda, n_gpu: 1, distributed training: False, 16-bits training: False
01/12/2022 19:00:07 - INFO - __main__ -   Seed = 2
01/12/2022 19:00:07 - INFO - root -   save model
01/12/2022 19:00:07 - INFO - __main__ -   Training/evaluation parameters ModelArguments(model_name_or_path='bert-base-multilingual-cased', model_type='bert', config_name=None, tokenizer_name=None, cache_dir=None, labels='/home/abhijeet/rohan/cloud-emea-copy/data//panx/panx_processed_maxlen128//labels.txt', data_dir='/home/abhijeet/rohan/cloud-emea-copy/data//panx/panx_processed_maxlen128/', output_dir='/home/abhijeet/rohan/cloud-emea-copy/outputs//panx/my-bert-base-multilingual-cased-MaxLen128_ner_mi/', max_seq_length=128, do_train=False, do_eval=False, do_predict=True, do_adapter_predict=False, do_predict_dev=False, do_predict_train=False, init_checkpoint=None, evaluate_during_training=False, do_lower_case=False, few_shot=-1, per_gpu_train_batch_size=8, per_gpu_eval_batch_size=32, gradient_accumulation_steps=4, learning_rate=5e-05, weight_decay=0.0, adam_epsilon=1e-08, max_grad_norm=1.0, num_train_epochs=100.0, max_steps=-1, save_steps=1000, warmup_steps=0, logging_steps=50, save_only_best_checkpoint=True, eval_all_checkpoints=True, no_cuda=False, overwrite_output_dir=True, overwrite_cache=False, seed=2, fp16=False, fp16_opt_level='O1', local_rank=-1, server_ip='', server_port='', predict_langs='hi', train_langs='en', log_file='/home/abhijeet/rohan/cloud-emea-copy/outputs//panx/my-bert-base-multilingual-cased-MaxLen128_ner_mi//train_hi.log', eval_patience=-1, bpe_dropout=0, do_save_adapter_fusions=False, task_name='ner', predict_task_adapter='output/panx/my-bert-base-multilingual-cased-LR1e-4-epoch100-MaxLen128-TrainLangen_en_s2/checkpoint-best/ner/', predict_lang_adapter=None, test_adapter=True, adapter_weight=None, lang_to_vec=None, calc_weight_step=0, predict_save_prefix='', en_weight=None, temperature=1.0, get_attr=False, topk=1, task='udpos')
01/12/2022 19:00:07 - INFO - __main__ -   Loading pretrained model and tokenizer
01/12/2022 19:00:16 - INFO - __main__ -   loading from existing model bert-base-multilingual-cased
01/12/2022 19:00:25 - INFO - __main__ -   Using lang2id = None
01/12/2022 19:00:25 - INFO - __main__ -   Evaluating the model on test set of all the languages specified
01/12/2022 19:00:25 - INFO - __main__ -   Task Adapter will be loaded from this path output/panx/my-bert-base-multilingual-cased-LR1e-4-epoch100-MaxLen128-TrainLangen_en_s2/checkpoint-best/ner/
01/12/2022 19:00:25 - INFO - root -   Trying to decide if add adapter
01/12/2022 19:00:25 - INFO - root -   loading task adapter
01/12/2022 19:00:25 - INFO - root -   loading lang adpater mi/wiki@ukp
01/12/2022 19:00:25 - INFO - __main__ -   Adapter Languages : ['mi'], Length : 1
01/12/2022 19:00:25 - INFO - __main__ -   Adapter Names ['mi/wiki@ukp'], Length : 1
01/12/2022 19:00:25 - INFO - __main__ -   Language = mi
01/12/2022 19:00:25 - INFO - __main__ -   Adapter Name = mi/wiki@ukp
01/12/2022 19:00:31 - INFO - __main__ -   Language adapter for hi not found, using mi instead
01/12/2022 19:00:31 - INFO - __main__ -   Set active language adapter to mi
01/12/2022 19:00:31 - INFO - __main__ -   Args Adapter Weight = None
01/12/2022 19:00:31 - INFO - __main__ -   Adapter Languages = ['mi']
01/12/2022 19:00:31 - INFO - __main__ -   Loading features from cached file /home/abhijeet/rohan/cloud-emea-copy/data//panx/panx_processed_maxlen128/cached_test_hi_bert-base-multilingual-cased_128
01/12/2022 19:00:32 - INFO - __main__ -   ***** Running evaluation  in hi *****
01/12/2022 19:00:32 - INFO - __main__ -     Num examples = 1000
01/12/2022 19:00:32 - INFO - __main__ -     Batch size = 32
01/12/2022 19:00:32 - INFO - __main__ -   Batch number = 1
01/12/2022 19:00:32 - INFO - __main__ -   Batch number = 2
01/12/2022 19:00:32 - INFO - __main__ -   Batch number = 3
01/12/2022 19:00:32 - INFO - __main__ -   Batch number = 4
01/12/2022 19:00:32 - INFO - __main__ -   Batch number = 5
01/12/2022 19:00:32 - INFO - __main__ -   Batch number = 6
01/12/2022 19:00:32 - INFO - __main__ -   Batch number = 7
01/12/2022 19:00:33 - INFO - __main__ -   Batch number = 8
01/12/2022 19:00:33 - INFO - __main__ -   Batch number = 9
01/12/2022 19:00:33 - INFO - __main__ -   Batch number = 10
01/12/2022 19:00:33 - INFO - __main__ -   Batch number = 11
01/12/2022 19:00:33 - INFO - __main__ -   Batch number = 12
01/12/2022 19:00:33 - INFO - __main__ -   Batch number = 13
01/12/2022 19:00:33 - INFO - __main__ -   Batch number = 14
01/12/2022 19:00:34 - INFO - __main__ -   Batch number = 15
01/12/2022 19:00:34 - INFO - __main__ -   Batch number = 16
01/12/2022 19:00:34 - INFO - __main__ -   Batch number = 17
01/12/2022 19:00:34 - INFO - __main__ -   Batch number = 18
01/12/2022 19:00:34 - INFO - __main__ -   Batch number = 19
01/12/2022 19:00:34 - INFO - __main__ -   Batch number = 20
01/12/2022 19:00:34 - INFO - __main__ -   Batch number = 21
01/12/2022 19:00:34 - INFO - __main__ -   Batch number = 22
01/12/2022 19:00:35 - INFO - __main__ -   Batch number = 23
01/12/2022 19:00:35 - INFO - __main__ -   Batch number = 24
01/12/2022 19:00:35 - INFO - __main__ -   Batch number = 25
01/12/2022 19:00:35 - INFO - __main__ -   Batch number = 26
01/12/2022 19:00:35 - INFO - __main__ -   Batch number = 27
01/12/2022 19:00:35 - INFO - __main__ -   Batch number = 28
01/12/2022 19:00:35 - INFO - __main__ -   Batch number = 29
01/12/2022 19:00:36 - INFO - __main__ -   Batch number = 30
01/12/2022 19:00:36 - INFO - __main__ -   Batch number = 31
01/12/2022 19:00:36 - INFO - __main__ -   Batch number = 32
01/12/2022 19:00:36 - INFO - __main__ -   ***** Evaluation result  in hi *****
01/12/2022 19:00:36 - INFO - __main__ -     f1 = 0.400990099009901
01/12/2022 19:00:36 - INFO - __main__ -     loss = 3.6494516506791115
01/12/2022 19:00:36 - INFO - __main__ -     precision = 0.40635451505016723
01/12/2022 19:00:36 - INFO - __main__ -     recall = 0.3957654723127036
01/12/2022 19:00:38 - INFO - root -   Input args: ModelArguments(model_name_or_path='bert-base-multilingual-cased', model_type='bert', config_name=None, tokenizer_name=None, cache_dir=None, labels='/home/abhijeet/rohan/cloud-emea-copy/data//panx/panx_processed_maxlen128//labels.txt', data_dir='/home/abhijeet/rohan/cloud-emea-copy/data//panx/panx_processed_maxlen128/', output_dir='/home/abhijeet/rohan/cloud-emea-copy/outputs//panx/my-bert-base-multilingual-cased-MaxLen128_ner_mi/', max_seq_length=128, do_train=False, do_eval=False, do_predict=True, do_adapter_predict=False, do_predict_dev=False, do_predict_train=False, init_checkpoint=None, evaluate_during_training=False, do_lower_case=False, few_shot=-1, per_gpu_train_batch_size=8, per_gpu_eval_batch_size=32, gradient_accumulation_steps=4, learning_rate=5e-05, weight_decay=0.0, adam_epsilon=1e-08, max_grad_norm=1.0, num_train_epochs=100.0, max_steps=-1, save_steps=1000, warmup_steps=0, logging_steps=50, save_only_best_checkpoint=True, eval_all_checkpoints=True, no_cuda=False, overwrite_output_dir=True, overwrite_cache=False, seed=3, fp16=False, fp16_opt_level='O1', local_rank=-1, server_ip='', server_port='', predict_langs='hi', train_langs='en', log_file='/home/abhijeet/rohan/cloud-emea-copy/outputs//panx/my-bert-base-multilingual-cased-MaxLen128_ner_mi//train_hi.log', eval_patience=-1, bpe_dropout=0, do_save_adapter_fusions=False, task_name='ner', predict_task_adapter='output/panx/my-bert-base-multilingual-cased-LR1e-4-epoch100-MaxLen128-TrainLangen_en_s3/checkpoint-best/ner/', predict_lang_adapter=None, test_adapter=True, adapter_weight=None, lang_to_vec=None, calc_weight_step=0, predict_save_prefix='', en_weight=None, temperature=1.0, get_attr=False, topk=1, task='udpos')
01/12/2022 19:00:38 - WARNING - __main__ -   Process rank: -1, device: cuda, n_gpu: 1, distributed training: False, 16-bits training: False
01/12/2022 19:00:38 - INFO - __main__ -   Seed = 3
01/12/2022 19:00:38 - INFO - root -   save model
01/12/2022 19:00:38 - INFO - __main__ -   Training/evaluation parameters ModelArguments(model_name_or_path='bert-base-multilingual-cased', model_type='bert', config_name=None, tokenizer_name=None, cache_dir=None, labels='/home/abhijeet/rohan/cloud-emea-copy/data//panx/panx_processed_maxlen128//labels.txt', data_dir='/home/abhijeet/rohan/cloud-emea-copy/data//panx/panx_processed_maxlen128/', output_dir='/home/abhijeet/rohan/cloud-emea-copy/outputs//panx/my-bert-base-multilingual-cased-MaxLen128_ner_mi/', max_seq_length=128, do_train=False, do_eval=False, do_predict=True, do_adapter_predict=False, do_predict_dev=False, do_predict_train=False, init_checkpoint=None, evaluate_during_training=False, do_lower_case=False, few_shot=-1, per_gpu_train_batch_size=8, per_gpu_eval_batch_size=32, gradient_accumulation_steps=4, learning_rate=5e-05, weight_decay=0.0, adam_epsilon=1e-08, max_grad_norm=1.0, num_train_epochs=100.0, max_steps=-1, save_steps=1000, warmup_steps=0, logging_steps=50, save_only_best_checkpoint=True, eval_all_checkpoints=True, no_cuda=False, overwrite_output_dir=True, overwrite_cache=False, seed=3, fp16=False, fp16_opt_level='O1', local_rank=-1, server_ip='', server_port='', predict_langs='hi', train_langs='en', log_file='/home/abhijeet/rohan/cloud-emea-copy/outputs//panx/my-bert-base-multilingual-cased-MaxLen128_ner_mi//train_hi.log', eval_patience=-1, bpe_dropout=0, do_save_adapter_fusions=False, task_name='ner', predict_task_adapter='output/panx/my-bert-base-multilingual-cased-LR1e-4-epoch100-MaxLen128-TrainLangen_en_s3/checkpoint-best/ner/', predict_lang_adapter=None, test_adapter=True, adapter_weight=None, lang_to_vec=None, calc_weight_step=0, predict_save_prefix='', en_weight=None, temperature=1.0, get_attr=False, topk=1, task='udpos')
01/12/2022 19:00:38 - INFO - __main__ -   Loading pretrained model and tokenizer
01/12/2022 19:00:49 - INFO - __main__ -   loading from existing model bert-base-multilingual-cased
01/12/2022 19:00:57 - INFO - __main__ -   Using lang2id = None
01/12/2022 19:00:57 - INFO - __main__ -   Evaluating the model on test set of all the languages specified
01/12/2022 19:00:57 - INFO - __main__ -   Task Adapter will be loaded from this path output/panx/my-bert-base-multilingual-cased-LR1e-4-epoch100-MaxLen128-TrainLangen_en_s3/checkpoint-best/ner/
01/12/2022 19:00:57 - INFO - root -   Trying to decide if add adapter
01/12/2022 19:00:57 - INFO - root -   loading task adapter
01/12/2022 19:00:57 - INFO - root -   loading lang adpater mi/wiki@ukp
01/12/2022 19:00:57 - INFO - __main__ -   Adapter Languages : ['mi'], Length : 1
01/12/2022 19:00:57 - INFO - __main__ -   Adapter Names ['mi/wiki@ukp'], Length : 1
01/12/2022 19:00:57 - INFO - __main__ -   Language = mi
01/12/2022 19:00:57 - INFO - __main__ -   Adapter Name = mi/wiki@ukp
01/12/2022 19:01:02 - INFO - __main__ -   Language adapter for hi not found, using mi instead
01/12/2022 19:01:02 - INFO - __main__ -   Set active language adapter to mi
01/12/2022 19:01:02 - INFO - __main__ -   Args Adapter Weight = None
01/12/2022 19:01:02 - INFO - __main__ -   Adapter Languages = ['mi']
01/12/2022 19:01:02 - INFO - __main__ -   Loading features from cached file /home/abhijeet/rohan/cloud-emea-copy/data//panx/panx_processed_maxlen128/cached_test_hi_bert-base-multilingual-cased_128
01/12/2022 19:01:02 - INFO - __main__ -   ***** Running evaluation  in hi *****
01/12/2022 19:01:02 - INFO - __main__ -     Num examples = 1000
01/12/2022 19:01:02 - INFO - __main__ -     Batch size = 32
01/12/2022 19:01:02 - INFO - __main__ -   Batch number = 1
01/12/2022 19:01:02 - INFO - __main__ -   Batch number = 2
01/12/2022 19:01:02 - INFO - __main__ -   Batch number = 3
01/12/2022 19:01:02 - INFO - __main__ -   Batch number = 4
01/12/2022 19:01:02 - INFO - __main__ -   Batch number = 5
01/12/2022 19:01:02 - INFO - __main__ -   Batch number = 6
01/12/2022 19:01:03 - INFO - __main__ -   Batch number = 7
01/12/2022 19:01:03 - INFO - __main__ -   Batch number = 8
01/12/2022 19:01:03 - INFO - __main__ -   Batch number = 9
01/12/2022 19:01:03 - INFO - __main__ -   Batch number = 10
01/12/2022 19:01:03 - INFO - __main__ -   Batch number = 11
01/12/2022 19:01:03 - INFO - __main__ -   Batch number = 12
01/12/2022 19:01:03 - INFO - __main__ -   Batch number = 13
01/12/2022 19:01:04 - INFO - __main__ -   Batch number = 14
01/12/2022 19:01:04 - INFO - __main__ -   Batch number = 15
01/12/2022 19:01:04 - INFO - __main__ -   Batch number = 16
01/12/2022 19:01:04 - INFO - __main__ -   Batch number = 17
01/12/2022 19:01:04 - INFO - __main__ -   Batch number = 18
01/12/2022 19:01:04 - INFO - __main__ -   Batch number = 19
01/12/2022 19:01:04 - INFO - __main__ -   Batch number = 20
01/12/2022 19:01:05 - INFO - __main__ -   Batch number = 21
01/12/2022 19:01:05 - INFO - __main__ -   Batch number = 22
01/12/2022 19:01:05 - INFO - __main__ -   Batch number = 23
01/12/2022 19:01:05 - INFO - __main__ -   Batch number = 24
01/12/2022 19:01:05 - INFO - __main__ -   Batch number = 25
01/12/2022 19:01:05 - INFO - __main__ -   Batch number = 26
01/12/2022 19:01:05 - INFO - __main__ -   Batch number = 27
01/12/2022 19:01:06 - INFO - __main__ -   Batch number = 28
01/12/2022 19:01:06 - INFO - __main__ -   Batch number = 29
01/12/2022 19:01:06 - INFO - __main__ -   Batch number = 30
01/12/2022 19:01:06 - INFO - __main__ -   Batch number = 31
01/12/2022 19:01:06 - INFO - __main__ -   Batch number = 32
01/12/2022 19:01:06 - INFO - __main__ -   ***** Evaluation result  in hi *****
01/12/2022 19:01:06 - INFO - __main__ -     f1 = 0.3384615384615384
01/12/2022 19:01:06 - INFO - __main__ -     loss = 3.8806560337543488
01/12/2022 19:01:06 - INFO - __main__ -     precision = 0.36771728748806115
01/12/2022 19:01:06 - INFO - __main__ -     recall = 0.3135179153094462
